--------------------------------------------------------------------------------
JobId          : X299-0-63cd30b9
Name           : md0_crop8_sph
Program        : SiteMap
Version        : 2021-4 build 135
Host           : X299
Dir            : /mnt/3a29b482-dac1-4563-be89-d63ad92354e9/cers_modelling/md_sampling_cers_models/charmm_gui_systems/cers2_10pc_chol/sitemaps
HostEntry      : localhost
JobHost        : X299
JobDir         : /scratch/tamir/md0_crop8_sph
JobSchrodinger : /opt/schrodinger2021-4
Commandline    : /opt/schrodinger2021-4/sitemap md0_crop8_sph.in -WAIT
StartTime      : 2023-01-22-14:48:58
--------------------------------------------------------------------------------

== Begin input keywords ==
ADDPHIL  -8.0
ADDPHOB  -0.5
ADDSP  True
COMPRESS  True
CUTOFF  20.0
D2THRESH  3.1
DTHRESH  6.5
DVSCALE  2.5
ENCLOSURE  0.5
EXTEND  3
FAKE  False
FFIELD  OPLS_2005
GRID  0.7
KEEPELEC  False
KEEPVDW  False
KEEPVOLPTS  True
KMAX  3
KMAX2  5
MAPDIST  4.0
MARGIN  6.0
MAXDIST  8.0
MAXSITES  1
MAXVDW  1.1
MINGROUP  3
MODCHARGES  True
MODPHOBIC  3
NEARRES  3.5
NTHRESH  3
PROT  md0_crop8.mae
R2THRESH  4.1
REPORTSIZE  10
ROUND  False
RTHRESH  5.0
VERBOSITY  0
WRITEGRIDS  False
WRITEPOT  False
WRITESTRUCTS  True
WRITEVIS  True
XCENT  48.97500038146973
XRANGE  10.0
YCENT  39.53000068664551
YRANGE  10.0
ZCENT  61.97000026702881
ZRANGE  10.0
== End input keywords ==

== Begin single-receptor SiteMap calculation ==

-- Begin site search --
 Parameters for this calculation:
 sitecut =  0.500000000000000     
 sitescmin =   1.10000000000000     
 afactor =   1.00000000000000     
 bfactor =   1.00000000000000     
 imaxsite =           8
 ithresh =           3
 mingroup =           3
 kmax =           3
 kmax2 =           5
 r2thresh =   4.10000000000000     
 dvscale =   2.50000000000000     
 dvscnorm =   2.50000000000000     
 dvscbig =   2.50000000000000     
 border =   2.00000000000000     
 dthresh =   6.50000000000000     
 rthresh =   5.00000000000000     
 maxgroup =         100
 r2thresh =   4.10000000000000     
 nthresh =           3
 ndir =         110
 use_vdw = T
 repname = none
 repsize =          10
 maxrep =           1
 sitelis = sites.lis
 profile = none
 sitelig = none
 siteasl = none
 use_sitelig =  F
 sitebox =  -999.000000000000     
 writepdb =  F
 number of protein atoms =        5676
Starting findsites:  Sunday, January 22 2023, at 14:49:01 IST
ptypes obtained:  Sunday, January 22 2023, at 14:49:01 IST
lj parameters obtained:  Sunday, January 22 2023, at 14:49:01 IST
Basic parameters obtained:  Sunday, January 22 2023, at 14:49:01 IST
Receptor parameterization completed:  Sunday, January 22 2023, at 14:49:01 IST
 scaled value of sitecut =   55.0000000000000     
 sphere directions set up         110
Sunday, January 22 2023, at 14:49:01 IST
 FINDSITE will use user-specified box
Centroid of box:  48.975  39.530  61.970
 boundaries   43.9750003814697        53.9750003814697     
   34.5300006866455        44.5300006866455        56.9700002670288     
   66.9700002670288     
 box          10          10          10
 maximum number of atoms in a sitebox =           7
Site points found:  Sunday, January 22 2023, at 14:49:01 IST
 boxes, patoms in boxes, empty boxes =         125         226          41
 total, outside sites =        1000         237
Site points pruned:  Sunday, January 22 2023, at 14:49:01 IST
final goodsites =         7
         5 sites will be removed
         2 good sites remain
Number of site groups found =     1

  Group  index  size  score     x       y       z     stdev
    1      1      2    1.32   49.49   38.53   60.45    0.71
Sites linked and merged:  Sunday, January 22 2023, at 14:49:01 IST
 Storing receptor data

Site-finding complete.
Number of sites to map/eval:  1

-- Mapping site  1 --
jobname: md0_crop8_sph_site_1
all SiteMap grid files will be generated
 philic map specified
 phobic map specified
 donor map specified
 acceptor map specified
 metal-ligation map specified
 surface-display map specified
grid margin:     6.00
grid spacing:     0.70
non-bonded cutoff:    20.00
ligand/sitepoints file: 
protein coordinates/parameters file: 
output map/grid files will be written to the current directory
vis files will be written
protein charges will be modified to reduce formal charges and adjust donor/acceptor potentials
protein radii will be modified to allow closer approach to donor and acceptor heteroatoms
phobic areas will be modified to emphasize enclosed regions and to deemphasize exposed regions using alternative method
all input instructions read
 Getting site data
ligand xcm,ycm,zcm,xrange,yrange,zrange 49.475 38.530 60.470  1.000  0.000  1.000

 Reusing receptor data from site-finding stage.

Sitemap: electrostatic+vdw interaction energy
Map field of *enzyme* in region of *inhibitor*

computing site maps ...
grid lim (orig)  42.975  55.975  32.530  44.530  53.970  66.970
grid lim (adj)   42.825  56.125  32.230  44.830  53.820  67.120
grid point counts   20   19   20
total grid points    7600

 5676 receptor atoms read
grid: adjdip
number of grid points within emin, emax limits =     6801
 maximum grid value before cutoff =               -0.012
 minimum grid value before cutoff =   -475.671

philic and phobic grids formed
grid: surf
number of grid points within emin, emax limits =     1338
 maximum grid value before cutoff =         42948277.995
 minimum grid value before cutoff =     -2.684

grid: phil
number of grid points within emin, emax limits =     2264
 maximum grid value before cutoff =         42948227.995
 minimum grid value before cutoff =    -15.275

grid: phob
number of grid points within emin, emax limits =     1804
 maximum grid value before cutoff =         42948292.995
 minimum grid value before cutoff =     -2.334

mod_phobic: phobthresh, philthresh =  -0.250  -3.000
 maximum number of atoms in a sitebox =           8
 boxes, patoms in boxes, empty boxes =       10013        5676        7924
Average phobic potential changed from  -0.760 to  -0.414 for  600 grid points

number of phobic points =  1414   average phobic score =   0.52
number of philic points =   850   average philic score =  -2.88

number of qualifying surf grid points =      277

number of qualifying phil grid points =       57

number of qualifying phob grid points =       72

number of qualifying accptr grid points =        9

number of qualifying donor grid points =       45

number of qualifying metal grid points =        0

visgrd volume surf                                                                            
visgrd author sitemap                                                                         
visgrd property name surf                                                                            
visgrd qualifying points   2127
visgrd default map values       1       1.00      2
visgrd number of dims    3
visgrd dimensions         20        19        20
visgrd axis scales      0.700     0.700     0.700

visgrd volume hydrophil                                                                       
visgrd author sitemap                                                                         
visgrd property name phil                                                                            
visgrd qualifying points     57
visgrd default map values       1      -8.00     10
visgrd number of dims    3
visgrd dimensions         20        19        20
visgrd axis scales      0.700     0.700     0.700

visgrd volume hydrophob                                                                       
visgrd author sitemap                                                                         
visgrd property name phob                                                                            
visgrd qualifying points    180
visgrd default map values       1      -0.50     13
visgrd number of dims    3
visgrd dimensions         20        19        20
visgrd axis scales      0.700     0.700     0.700

visgrd volume hbacceptor                                                                      
visgrd author sitemap                                                                         
visgrd property name accptr                                                                          
visgrd qualifying points      9
visgrd default map values       1      -8.00     16
visgrd number of dims    3
visgrd dimensions         20        19        20
visgrd axis scales      0.700     0.700     0.700

visgrd volume hbdonor                                                                         
visgrd author sitemap                                                                         
visgrd property name donor                                                                           
visgrd qualifying points     45
visgrd default map values       1      -8.00      5
visgrd number of dims    3
visgrd dimensions         20        19        20
visgrd axis scales      0.700     0.700     0.700

-- Evaluating site  1 --
Ligand/site-points file: 
Protein coordinates/parameters file: 
extend =   3
 Verbosity flags: F F F F F
all SiteMap grid files will be read
the protein charges will be modified to reduce formal charges and adjust donor/acceptor potentials
protein radii will be modified to allow closer approach to donor and acceptor heteroatoms
phobic areas emphasize enclosed regions and deemphasize exposed regions using alternative method
site-point set will be augmented by including significant nearby points
  threshold for adding phobic points:  -0.500
  threshold for adding philic points:  -8.000
base name for SiteMap grid files: 
 Reusing grid data
reusing site data
Number of protein atoms:    5676
 
phobic grid file reshaped
philic grid file reshaped
donor grid file reshaped
acceptor grid file reshaped
metal grid file reshaped
surf grid file reshaped
 maximum number of atoms in a sitebox =           8


Number of site points    2  first shell   16  higher shells   35   dirscore   0.706
1 vdw  -1.169   phob  -0.653   phil  -1.025   donor  -1.025   acceptor   0.000   metal   0.000
2               phob  -0.390   phil  -0.718   donor  -0.056   acceptor  -0.662   metal   0.000

SiteScore size   Dscore  volume  exposure enclosure contact  phobic   philic   balance  don/acc
  0.739    19    0.744    70.31    0.729    0.706    0.902    2.710    0.274    9.903    0.000

-- Done with site  1 --

== End SiteMap calculation ==

Wrote 1 sites to "md0_crop8_sph_out.maegz".

Current time: Sun Jan 22 14:49:02 2023
Elapsed time: 0:00:03.91
SiteMap successfully completed.

