--------------------------------------------------------------------------------
JobId          : X299-0-63cd3079
Name           : md0_crop87_sph
Program        : SiteMap
Version        : 2021-4 build 135
Host           : X299
Dir            : /mnt/3a29b482-dac1-4563-be89-d63ad92354e9/cers_modelling/md_sampling_cers_models/charmm_gui_systems/cers2_10pc_chol/sitemaps
HostEntry      : localhost
JobHost        : X299
JobDir         : /scratch/tamir/md0_crop87_sph
JobSchrodinger : /opt/schrodinger2021-4
Commandline    : /opt/schrodinger2021-4/sitemap md0_crop87_sph.in -WAIT
StartTime      : 2023-01-22-14:47:53
--------------------------------------------------------------------------------

== Begin input keywords ==
ADDPHIL  -8.0
ADDPHOB  -0.5
ADDSP  True
COMPRESS  True
CUTOFF  20.0
D2THRESH  3.1
DTHRESH  6.5
DVSCALE  2.5
ENCLOSURE  0.5
EXTEND  3
FAKE  False
FFIELD  OPLS_2005
GRID  0.7
KEEPELEC  False
KEEPVDW  False
KEEPVOLPTS  True
KMAX  3
KMAX2  5
MAPDIST  4.0
MARGIN  6.0
MAXDIST  8.0
MAXSITES  1
MAXVDW  1.1
MINGROUP  3
MODCHARGES  True
MODPHOBIC  3
NEARRES  3.5
NTHRESH  3
PROT  md0_crop87.mae
R2THRESH  4.1
REPORTSIZE  10
ROUND  False
RTHRESH  5.0
VERBOSITY  0
WRITEGRIDS  False
WRITEPOT  False
WRITESTRUCTS  True
WRITEVIS  True
XCENT  45.38300037384033
XRANGE  10.0
YCENT  40.212998390197754
YRANGE  10.0
ZCENT  62.891998291015625
ZRANGE  10.0
== End input keywords ==

== Begin single-receptor SiteMap calculation ==

-- Begin site search --
 Parameters for this calculation:
 sitecut =  0.500000000000000     
 sitescmin =   1.10000000000000     
 afactor =   1.00000000000000     
 bfactor =   1.00000000000000     
 imaxsite =           8
 ithresh =           3
 mingroup =           3
 kmax =           3
 kmax2 =           5
 r2thresh =   4.10000000000000     
 dvscale =   2.50000000000000     
 dvscnorm =   2.50000000000000     
 dvscbig =   2.50000000000000     
 border =   2.00000000000000     
 dthresh =   6.50000000000000     
 rthresh =   5.00000000000000     
 maxgroup =         100
 r2thresh =   4.10000000000000     
 nthresh =           3
 ndir =         110
 use_vdw = T
 repname = none
 repsize =          10
 maxrep =           1
 sitelis = sites.lis
 profile = none
 sitelig = none
 siteasl = none
 use_sitelig =  F
 sitebox =  -999.000000000000     
 writepdb =  F
 number of protein atoms =        5677
Starting findsites:  Sunday, January 22 2023, at 14:47:56 IST
ptypes obtained:  Sunday, January 22 2023, at 14:47:57 IST
lj parameters obtained:  Sunday, January 22 2023, at 14:47:57 IST
Basic parameters obtained:  Sunday, January 22 2023, at 14:47:57 IST
Receptor parameterization completed:  Sunday, January 22 2023, at 14:47:57 IST
 scaled value of sitecut =   55.0000000000000     
 sphere directions set up         110
Sunday, January 22 2023, at 14:47:57 IST
 FINDSITE will use user-specified box
Centroid of box:  45.383  40.213  62.892
 boundaries   40.3830003738403        50.3830003738403     
   35.2129983901978        45.2129983901978        57.8919982910156     
   67.8919982910156     
 box          10          10          10
 maximum number of atoms in a sitebox =           7
Site points found:  Sunday, January 22 2023, at 14:47:57 IST
 boxes, patoms in boxes, empty boxes =         125         208          47
 total, outside sites =        1000         316
Site points pruned:  Sunday, January 22 2023, at 14:47:57 IST
final goodsites =        11
         4 sites will be removed
         7 good sites remain
Number of site groups found =     1

  Group  index  size  score     x       y       z     stdev
    1      1      7    1.39   47.70   42.13   62.08    1.15
Sites linked and merged:  Sunday, January 22 2023, at 14:47:57 IST
 Storing receptor data

Site-finding complete.
Number of sites to map/eval:  1

-- Mapping site  1 --
jobname: md0_crop87_sph_site_1
all SiteMap grid files will be generated
 philic map specified
 phobic map specified
 donor map specified
 acceptor map specified
 metal-ligation map specified
 surface-display map specified
grid margin:     6.00
grid spacing:     0.70
non-bonded cutoff:    20.00
ligand/sitepoints file: 
protein coordinates/parameters file: 
output map/grid files will be written to the current directory
vis files will be written
protein charges will be modified to reduce formal charges and adjust donor/acceptor potentials
protein radii will be modified to allow closer approach to donor and acceptor heteroatoms
phobic areas will be modified to emphasize enclosed regions and to deemphasize exposed regions using alternative method
all input instructions read
 Getting site data
ligand xcm,ycm,zcm,xrange,yrange,zrange 47.883 42.213 61.892  1.000  2.000  2.000

 Reusing receptor data from site-finding stage.

Sitemap: electrostatic+vdw interaction energy
Map field of *enzyme* in region of *inhibitor*

computing site maps ...
grid lim (orig)  41.383  54.383  35.213  49.213  54.892  68.892
grid lim (adj)   41.233  54.533  34.863  49.563  54.542  69.242
grid point counts   20   22   22
total grid points    9680

 5677 receptor atoms read
grid: adjdip
number of grid points within emin, emax limits =     8499
 maximum grid value before cutoff =               -0.090
 minimum grid value before cutoff =   -595.761

philic and phobic grids formed
grid: surf
number of grid points within emin, emax limits =     1820
 maximum grid value before cutoff =         28457995.038
 minimum grid value before cutoff =     -2.492

grid: phil
number of grid points within emin, emax limits =     2298
 maximum grid value before cutoff =         28457945.038
 minimum grid value before cutoff =    -15.952

grid: phob
number of grid points within emin, emax limits =     1537
 maximum grid value before cutoff =         28458010.038
 minimum grid value before cutoff =     -2.215

mod_phobic: phobthresh, philthresh =  -0.250  -3.000
 maximum number of atoms in a sitebox =           8
 boxes, patoms in boxes, empty boxes =       12369        5677       10295
Average phobic potential changed from  -0.781 to  -0.448 for  839 grid points

number of phobic points =  1120   average phobic score =   0.74
number of philic points =  1178   average philic score =  -4.50

number of qualifying surf grid points =      348

number of qualifying phil grid points =      194

number of qualifying phob grid points =       83

number of qualifying accptr grid points =       23

number of qualifying donor grid points =      158

number of qualifying metal grid points =        0

visgrd volume surf                                                                            
visgrd author sitemap                                                                         
visgrd property name surf                                                                            
visgrd qualifying points   2050
visgrd default map values       1       1.00      2
visgrd number of dims    3
visgrd dimensions         20        22        22
visgrd axis scales      0.700     0.700     0.700

visgrd volume hydrophil                                                                       
visgrd author sitemap                                                                         
visgrd property name phil                                                                            
visgrd qualifying points    194
visgrd default map values       1      -8.00     10
visgrd number of dims    3
visgrd dimensions         20        22        22
visgrd axis scales      0.700     0.700     0.700

visgrd volume hydrophob                                                                       
visgrd author sitemap                                                                         
visgrd property name phob                                                                            
visgrd qualifying points    234
visgrd default map values       1      -0.50     13
visgrd number of dims    3
visgrd dimensions         20        22        22
visgrd axis scales      0.700     0.700     0.700

visgrd volume hbacceptor                                                                      
visgrd author sitemap                                                                         
visgrd property name accptr                                                                          
visgrd qualifying points     23
visgrd default map values       1      -8.00     16
visgrd number of dims    3
visgrd dimensions         20        22        22
visgrd axis scales      0.700     0.700     0.700

visgrd volume hbdonor                                                                         
visgrd author sitemap                                                                         
visgrd property name donor                                                                           
visgrd qualifying points    158
visgrd default map values       1      -8.00      5
visgrd number of dims    3
visgrd dimensions         20        22        22
visgrd axis scales      0.700     0.700     0.700

-- Evaluating site  1 --
Ligand/site-points file: 
Protein coordinates/parameters file: 
extend =   3
 Verbosity flags: F F F F F
all SiteMap grid files will be read
the protein charges will be modified to reduce formal charges and adjust donor/acceptor potentials
protein radii will be modified to allow closer approach to donor and acceptor heteroatoms
phobic areas emphasize enclosed regions and deemphasize exposed regions using alternative method
site-point set will be augmented by including significant nearby points
  threshold for adding phobic points:  -0.500
  threshold for adding philic points:  -8.000
base name for SiteMap grid files: 
 Reusing grid data
reusing site data
Number of protein atoms:    5677
 
phobic grid file reshaped
philic grid file reshaped
donor grid file reshaped
acceptor grid file reshaped
metal grid file reshaped
surf grid file reshaped
 maximum number of atoms in a sitebox =           8


Number of site points    7  first shell   16  higher shells   38   dirscore   0.817
1 vdw  -1.365   phob  -0.662   phil  -1.685   donor  -1.640   acceptor  -0.046   metal   0.000
2               phob  -0.330   phil  -1.476   donor  -0.020   acceptor  -1.456   metal   0.000

SiteScore size   Dscore  volume  exposure enclosure contact  phobic   philic   balance  don/acc
  0.771    18    0.743   142.00    0.750    0.817    1.053    2.289    0.450    5.088   35.995

-- Done with site  1 --

== End SiteMap calculation ==

Wrote 1 sites to "md0_crop87_sph_out.maegz".

Current time: Sun Jan 22 14:47:58 2023
Elapsed time: 0:00:04.41
SiteMap successfully completed.

