--------------------------------------------------------------------------------
JobId          : X299-0-63cd29ca
Name           : md0_crop494_sph
Program        : SiteMap
Version        : 2021-4 build 135
Host           : X299
Dir            : /mnt/3a29b482-dac1-4563-be89-d63ad92354e9/cers_modelling/md_sampling_cers_models/charmm_gui_systems/cers2_10pc_chol/sitemaps
HostEntry      : localhost
JobHost        : X299
JobDir         : /scratch/tamir/md0_crop494_sph
JobSchrodinger : /opt/schrodinger2021-4
Commandline    : /opt/schrodinger2021-4/sitemap md0_crop494_sph.in -WAIT
StartTime      : 2023-01-22-14:19:23
--------------------------------------------------------------------------------

== Begin input keywords ==
ADDPHIL  -8.0
ADDPHOB  -0.5
ADDSP  True
COMPRESS  True
CUTOFF  20.0
D2THRESH  3.1
DTHRESH  6.5
DVSCALE  2.5
ENCLOSURE  0.5
EXTEND  3
FAKE  False
FFIELD  OPLS_2005
GRID  0.7
KEEPELEC  False
KEEPVDW  False
KEEPVOLPTS  True
KMAX  3
KMAX2  5
MAPDIST  4.0
MARGIN  6.0
MAXDIST  8.0
MAXSITES  1
MAXVDW  1.1
MINGROUP  3
MODCHARGES  True
MODPHOBIC  3
NEARRES  3.5
NTHRESH  3
PROT  md0_crop494.mae
R2THRESH  4.1
REPORTSIZE  10
ROUND  False
RTHRESH  5.0
VERBOSITY  0
WRITEGRIDS  False
WRITEPOT  False
WRITESTRUCTS  True
WRITEVIS  True
XCENT  43.66100311279297
XRANGE  10.0
YCENT  42.95100212097168
YRANGE  10.0
ZCENT  63.6929988861084
ZRANGE  10.0
== End input keywords ==

== Begin single-receptor SiteMap calculation ==

-- Begin site search --
 Parameters for this calculation:
 sitecut =  0.500000000000000     
 sitescmin =   1.10000000000000     
 afactor =   1.00000000000000     
 bfactor =   1.00000000000000     
 imaxsite =           8
 ithresh =           3
 mingroup =           3
 kmax =           3
 kmax2 =           5
 r2thresh =   4.10000000000000     
 dvscale =   2.50000000000000     
 dvscnorm =   2.50000000000000     
 dvscbig =   2.50000000000000     
 border =   2.00000000000000     
 dthresh =   6.50000000000000     
 rthresh =   5.00000000000000     
 maxgroup =         100
 r2thresh =   4.10000000000000     
 nthresh =           3
 ndir =         110
 use_vdw = T
 repname = none
 repsize =          10
 maxrep =           1
 sitelis = sites.lis
 profile = none
 sitelig = none
 siteasl = none
 use_sitelig =  F
 sitebox =  -999.000000000000     
 writepdb =  F
 number of protein atoms =        5675
Starting findsites:  Sunday, January 22 2023, at 14:19:27 IST
ptypes obtained:  Sunday, January 22 2023, at 14:19:28 IST
lj parameters obtained:  Sunday, January 22 2023, at 14:19:28 IST
Basic parameters obtained:  Sunday, January 22 2023, at 14:19:28 IST
Receptor parameterization completed:  Sunday, January 22 2023, at 14:19:28 IST
 scaled value of sitecut =   55.0000000000000     
 sphere directions set up         110
Sunday, January 22 2023, at 14:19:28 IST
 FINDSITE will use user-specified box
Centroid of box:  43.661  42.951  63.693
 boundaries   38.6610031127930        48.6610031127930     
   37.9510021209717        47.9510021209717        58.6929988861084     
   68.6929988861084     
 box          10          10          10
 maximum number of atoms in a sitebox =           7
Site points found:  Sunday, January 22 2023, at 14:19:28 IST
 boxes, patoms in boxes, empty boxes =         125         189          53
 total, outside sites =        1000         350
Site points pruned:  Sunday, January 22 2023, at 14:19:28 IST
final goodsites =         8
         6 sites will be removed
         2 good sites remain
Number of site groups found =     1

  Group  index  size  score     x       y       z     stdev
    1      1      2    1.17   46.18   43.47   63.69    0.71
Sites linked and merged:  Sunday, January 22 2023, at 14:19:28 IST
 Storing receptor data

Site-finding complete.
Number of sites to map/eval:  1

-- Mapping site  1 --
jobname: md0_crop494_sph_site_1
all SiteMap grid files will be generated
 philic map specified
 phobic map specified
 donor map specified
 acceptor map specified
 metal-ligation map specified
 surface-display map specified
grid margin:     6.00
grid spacing:     0.70
non-bonded cutoff:    20.00
ligand/sitepoints file: 
protein coordinates/parameters file: 
output map/grid files will be written to the current directory
vis files will be written
protein charges will be modified to reduce formal charges and adjust donor/acceptor potentials
protein radii will be modified to allow closer approach to donor and acceptor heteroatoms
phobic areas will be modified to emphasize enclosed regions and to deemphasize exposed regions using alternative method
all input instructions read
 Getting site data
ligand xcm,ycm,zcm,xrange,yrange,zrange 46.161 43.451 63.693  1.000  1.000  0.000

 Reusing receptor data from site-finding stage.

Sitemap: electrostatic+vdw interaction energy
Map field of *enzyme* in region of *inhibitor*

computing site maps ...
grid lim (orig)  39.661  52.661  36.951  49.951  57.693  69.693
grid lim (adj)   39.511  52.811  36.801  50.101  57.393  69.993
grid point counts   20   20   19
total grid points    7600

 5675 receptor atoms read
grid: adjdip
number of grid points within emin, emax limits =     6871
 maximum grid value before cutoff =               -0.025
 minimum grid value before cutoff =   -521.940

philic and phobic grids formed
grid: surf
number of grid points within emin, emax limits =     1577
 maximum grid value before cutoff =         30732027.146
 minimum grid value before cutoff =     -2.482

grid: phil
number of grid points within emin, emax limits =     2107
 maximum grid value before cutoff =         30731977.146
 minimum grid value before cutoff =    -16.605

grid: phob
number of grid points within emin, emax limits =     1402
 maximum grid value before cutoff =         30732042.146
 minimum grid value before cutoff =     -2.035

mod_phobic: phobthresh, philthresh =  -0.250  -3.000
 maximum number of atoms in a sitebox =           8
 boxes, patoms in boxes, empty boxes =       10469        5675        8361
Average phobic potential changed from  -0.804 to  -0.460 for  687 grid points

number of phobic points =  1024   average phobic score =   0.71
number of philic points =  1083   average philic score =  -4.23

number of qualifying surf grid points =      324

number of qualifying phil grid points =      137

number of qualifying phob grid points =       86

number of qualifying accptr grid points =       43

number of qualifying donor grid points =       91

number of qualifying metal grid points =        0

visgrd volume surf                                                                            
visgrd author sitemap                                                                         
visgrd property name surf                                                                            
visgrd qualifying points   1900
visgrd default map values       1       1.00      2
visgrd number of dims    3
visgrd dimensions         20        20        19
visgrd axis scales      0.700     0.700     0.700

visgrd volume hydrophil                                                                       
visgrd author sitemap                                                                         
visgrd property name phil                                                                            
visgrd qualifying points    137
visgrd default map values       1      -8.00     10
visgrd number of dims    3
visgrd dimensions         20        20        19
visgrd axis scales      0.700     0.700     0.700

visgrd volume hydrophob                                                                       
visgrd author sitemap                                                                         
visgrd property name phob                                                                            
visgrd qualifying points    220
visgrd default map values       1      -0.50     13
visgrd number of dims    3
visgrd dimensions         20        20        19
visgrd axis scales      0.700     0.700     0.700

visgrd volume hbacceptor                                                                      
visgrd author sitemap                                                                         
visgrd property name accptr                                                                          
visgrd qualifying points     43
visgrd default map values       1      -8.00     16
visgrd number of dims    3
visgrd dimensions         20        20        19
visgrd axis scales      0.700     0.700     0.700

visgrd volume hbdonor                                                                         
visgrd author sitemap                                                                         
visgrd property name donor                                                                           
visgrd qualifying points     91
visgrd default map values       1      -8.00      5
visgrd number of dims    3
visgrd dimensions         20        20        19
visgrd axis scales      0.700     0.700     0.700

-- Evaluating site  1 --
Ligand/site-points file: 
Protein coordinates/parameters file: 
extend =   3
 Verbosity flags: F F F F F
all SiteMap grid files will be read
the protein charges will be modified to reduce formal charges and adjust donor/acceptor potentials
protein radii will be modified to allow closer approach to donor and acceptor heteroatoms
phobic areas emphasize enclosed regions and deemphasize exposed regions using alternative method
site-point set will be augmented by including significant nearby points
  threshold for adding phobic points:  -0.500
  threshold for adding philic points:  -8.000
base name for SiteMap grid files: 
 Reusing grid data
reusing site data
Number of protein atoms:    5675
 
phobic grid file reshaped
philic grid file reshaped
donor grid file reshaped
acceptor grid file reshaped
metal grid file reshaped
surf grid file reshaped
 maximum number of atoms in a sitebox =           8


Number of site points    2  first shell   13  higher shells   36   dirscore   0.801
1 vdw  -1.414   phob  -0.637   phil  -1.898   donor  -1.898   acceptor   0.000   metal   0.000
2               phob  -0.340   phil  -1.594   donor  -0.010   acceptor  -1.585   metal   0.000

SiteScore size   Dscore  volume  exposure enclosure contact  phobic   philic   balance  don/acc
  0.741    17    0.703   115.59    0.742    0.801    1.091    2.359    0.507    4.655    0.000

-- Done with site  1 --

== End SiteMap calculation ==

Wrote 1 sites to "md0_crop494_sph_out.maegz".

Current time: Sun Jan 22 14:19:30 2023
Elapsed time: 0:00:06.29
SiteMap successfully completed.

