--------------------------------------------------------------------------------
JobId          : X299-0-63cd1e8e
Name           : md0_crop380_coa
Program        : SiteMap
Version        : 2021-4 build 135
Host           : X299
Dir            : /mnt/3a29b482-dac1-4563-be89-d63ad92354e9/cers_modelling/md_sampling_cers_models/charmm_gui_systems/cers2_10pc_chol/sitemaps
HostEntry      : localhost
JobHost        : X299
JobDir         : /scratch/tamir/md0_crop380_coa
JobSchrodinger : /opt/schrodinger2021-4
Commandline    : /opt/schrodinger2021-4/sitemap md0_crop380_coa.in -WAIT
StartTime      : 2023-01-22-13:31:26
--------------------------------------------------------------------------------

== Begin input keywords ==
ADDPHIL  -8.0
ADDPHOB  -0.5
ADDSP  True
COMPRESS  True
CUTOFF  20.0
D2THRESH  3.1
DTHRESH  6.5
DVSCALE  2.5
ENCLOSURE  0.5
EXTEND  3
FAKE  False
FFIELD  OPLS_2005
GRID  0.7
KEEPELEC  False
KEEPVDW  False
KEEPVOLPTS  True
KMAX  3
KMAX2  5
MAPDIST  4.0
MARGIN  6.0
MAXDIST  8.0
MAXSITES  1
MAXVDW  1.1
MINGROUP  3
MODCHARGES  True
MODPHOBIC  3
NEARRES  3.5
NTHRESH  3
PROT  md0_crop380.mae
R2THRESH  4.1
REPORTSIZE  10
ROUND  False
RTHRESH  5.0
VERBOSITY  0
WRITEGRIDS  False
WRITEPOT  False
WRITESTRUCTS  True
WRITEVIS  True
XCENT  56.50199890136719
XRANGE  10.0
YCENT  45.33949851989746
YRANGE  10.0
ZCENT  75.6559944152832
ZRANGE  10.0
== End input keywords ==

== Begin single-receptor SiteMap calculation ==

-- Begin site search --
 Parameters for this calculation:
 sitecut =  0.500000000000000     
 sitescmin =   1.10000000000000     
 afactor =   1.00000000000000     
 bfactor =   1.00000000000000     
 imaxsite =           8
 ithresh =           3
 mingroup =           3
 kmax =           3
 kmax2 =           5
 r2thresh =   4.10000000000000     
 dvscale =   2.50000000000000     
 dvscnorm =   2.50000000000000     
 dvscbig =   2.50000000000000     
 border =   2.00000000000000     
 dthresh =   6.50000000000000     
 rthresh =   5.00000000000000     
 maxgroup =         100
 r2thresh =   4.10000000000000     
 nthresh =           3
 ndir =         110
 use_vdw = T
 repname = none
 repsize =          10
 maxrep =           1
 sitelis = sites.lis
 profile = none
 sitelig = none
 siteasl = none
 use_sitelig =  F
 sitebox =  -999.000000000000     
 writepdb =  F
 number of protein atoms =        5675
Starting findsites:  Sunday, January 22 2023, at 13:31:29 IST
ptypes obtained:  Sunday, January 22 2023, at 13:31:30 IST
lj parameters obtained:  Sunday, January 22 2023, at 13:31:30 IST
Basic parameters obtained:  Sunday, January 22 2023, at 13:31:30 IST
Receptor parameterization completed:  Sunday, January 22 2023, at 13:31:30 IST
 scaled value of sitecut =   55.0000000000000     
 sphere directions set up         110
Sunday, January 22 2023, at 13:31:30 IST
 FINDSITE will use user-specified box
Centroid of box:  56.502  45.339  75.656
 boundaries   51.5019989013672        61.5019989013672     
   40.3394985198975        50.3394985198975        70.6559944152832     
   80.6559944152832     
 box          10          10          10
 maximum number of atoms in a sitebox =           7
Site points found:  Sunday, January 22 2023, at 13:31:30 IST
 boxes, patoms in boxes, empty boxes =         125         251          35
 total, outside sites =        1000         142
Site points pruned:  Sunday, January 22 2023, at 13:31:30 IST
final goodsites =        33
         5 sites will be removed
        28 good sites remain
Number of site groups found =     2

  Group  index  size  score     x       y       z     stdev
    1      1     27    1.39   54.41   47.42   74.17    1.87
    2      2      1    1.41   58.50   48.34   72.66    0.00

Inter-group relationships
     g1     g2     n1     n2    dmin    davg   spread  ratio     x1      y1      z1      x2      y2      z2
Sites linked and merged:  Sunday, January 22 2023, at 13:31:30 IST
 Storing receptor data

Site-finding complete.
Number of sites to map/eval:  1

-- Mapping site  1 --
jobname: md0_crop380_coa_site_1
all SiteMap grid files will be generated
 philic map specified
 phobic map specified
 donor map specified
 acceptor map specified
 metal-ligation map specified
 surface-display map specified
grid margin:     6.00
grid spacing:     0.70
non-bonded cutoff:    20.00
ligand/sitepoints file: 
protein coordinates/parameters file: 
output map/grid files will be written to the current directory
vis files will be written
protein charges will be modified to reduce formal charges and adjust donor/acceptor potentials
protein radii will be modified to allow closer approach to donor and acceptor heteroatoms
phobic areas will be modified to emphasize enclosed regions and to deemphasize exposed regions using alternative method
all input instructions read
 Getting site data
ligand xcm,ycm,zcm,xrange,yrange,zrange 54.502 46.839 74.156  4.000  3.000  5.000

 Reusing receptor data from site-finding stage.

Sitemap: electrostatic+vdw interaction energy
Map field of *enzyme* in region of *inhibitor*

computing site maps ...
grid lim (orig)  46.502  62.502  39.339  54.339  65.656  82.656
grid lim (adj)   46.452  62.552  39.139  54.539  65.406  82.906
grid point counts   24   23   26
total grid points   14352

 5675 receptor atoms read
grid: adjdip
number of grid points within emin, emax limits =    11691
 maximum grid value before cutoff =               -0.104
 minimum grid value before cutoff =   -681.809

philic and phobic grids formed
grid: surf
number of grid points within emin, emax limits =     2492
 maximum grid value before cutoff =         46689873.438
 minimum grid value before cutoff =     -3.040

grid: phil
number of grid points within emin, emax limits =     2344
 maximum grid value before cutoff =         46689823.438
 minimum grid value before cutoff =    -28.066

grid: phob
number of grid points within emin, emax limits =     1053
 maximum grid value before cutoff =         46689888.438
 minimum grid value before cutoff =     -2.005

mod_phobic: phobthresh, philthresh =  -0.250  -3.000
 maximum number of atoms in a sitebox =           8
 boxes, patoms in boxes, empty boxes =       10469        5675        8367
Average phobic potential changed from  -0.841 to  -0.549 for  233 grid points

number of phobic points =   409   average phobic score =   0.78
number of philic points =  1935   average philic score =  -5.94

number of qualifying surf grid points =      390

number of qualifying phil grid points =      525

number of qualifying phob grid points =       59

number of qualifying accptr grid points =      218

number of qualifying donor grid points =      298

number of qualifying metal grid points =        0

visgrd volume surf                                                                            
visgrd author sitemap                                                                         
visgrd property name surf                                                                            
visgrd qualifying points   1781
visgrd default map values       1       1.00      2
visgrd number of dims    3
visgrd dimensions         24        23        26
visgrd axis scales      0.700     0.700     0.700

visgrd volume hydrophil                                                                       
visgrd author sitemap                                                                         
visgrd property name phil                                                                            
visgrd qualifying points    525
visgrd default map values       1      -8.00     10
visgrd number of dims    3
visgrd dimensions         24        23        26
visgrd axis scales      0.700     0.700     0.700

visgrd volume hydrophob                                                                       
visgrd author sitemap                                                                         
visgrd property name phob                                                                            
visgrd qualifying points    119
visgrd default map values       1      -0.50     13
visgrd number of dims    3
visgrd dimensions         24        23        26
visgrd axis scales      0.700     0.700     0.700

visgrd volume hbacceptor                                                                      
visgrd author sitemap                                                                         
visgrd property name accptr                                                                          
visgrd qualifying points    218
visgrd default map values       1      -8.00     16
visgrd number of dims    3
visgrd dimensions         24        23        26
visgrd axis scales      0.700     0.700     0.700

visgrd volume hbdonor                                                                         
visgrd author sitemap                                                                         
visgrd property name donor                                                                           
visgrd qualifying points    298
visgrd default map values       1      -8.00      5
visgrd number of dims    3
visgrd dimensions         24        23        26
visgrd axis scales      0.700     0.700     0.700

-- Evaluating site  1 --
Ligand/site-points file: 
Protein coordinates/parameters file: 
extend =   3
 Verbosity flags: F F F F F
all SiteMap grid files will be read
the protein charges will be modified to reduce formal charges and adjust donor/acceptor potentials
protein radii will be modified to allow closer approach to donor and acceptor heteroatoms
phobic areas emphasize enclosed regions and deemphasize exposed regions using alternative method
site-point set will be augmented by including significant nearby points
  threshold for adding phobic points:  -0.500
  threshold for adding philic points:  -8.000
base name for SiteMap grid files: 
 Reusing grid data
reusing site data
Number of protein atoms:    5675
 
phobic grid file reshaped
philic grid file reshaped
donor grid file reshaped
acceptor grid file reshaped
metal grid file reshaped
surf grid file reshaped
 maximum number of atoms in a sitebox =           8


Number of site points   27  first shell   36  higher shells   40   dirscore   0.902
1 vdw  -1.505   phob  -0.270   phil  -5.053   donor  -2.246   acceptor  -2.807   metal   0.000
2               phob  -0.115   phil  -4.769   donor  -2.195   acceptor  -2.573   metal   0.000

SiteScore size   Dscore  volume  exposure enclosure contact  phobic   philic   balance  don/acc
  0.932    52    0.779   179.73    0.594    0.902    1.161    0.796    1.349    0.590    0.800

-- Done with site  1 --

== End SiteMap calculation ==

Wrote 1 sites to "md0_crop380_coa_out.maegz".

Current time: Sun Jan 22 13:31:31 2023
Elapsed time: 0:00:04.22
SiteMap successfully completed.

