--------------------------------------------------------------------------------
JobId          : X299-0-63cd2eb0
Name           : md0_crop71_sph
Program        : SiteMap
Version        : 2021-4 build 135
Host           : X299
Dir            : /mnt/3a29b482-dac1-4563-be89-d63ad92354e9/cers_modelling/md_sampling_cers_models/charmm_gui_systems/cers2_10pc_chol/sitemaps
HostEntry      : localhost
JobHost        : X299
JobDir         : /scratch/tamir/md0_crop71_sph
JobSchrodinger : /opt/schrodinger2021-4
Commandline    : /opt/schrodinger2021-4/sitemap md0_crop71_sph.in -WAIT
StartTime      : 2023-01-22-14:40:16
--------------------------------------------------------------------------------

== Begin input keywords ==
ADDPHIL  -8.0
ADDPHOB  -0.5
ADDSP  True
COMPRESS  True
CUTOFF  20.0
D2THRESH  3.1
DTHRESH  6.5
DVSCALE  2.5
ENCLOSURE  0.5
EXTEND  3
FAKE  False
FFIELD  OPLS_2005
GRID  0.7
KEEPELEC  False
KEEPVDW  False
KEEPVOLPTS  True
KMAX  3
KMAX2  5
MAPDIST  4.0
MARGIN  6.0
MAXDIST  8.0
MAXSITES  1
MAXVDW  1.1
MINGROUP  3
MODCHARGES  True
MODPHOBIC  3
NEARRES  3.5
NTHRESH  3
PROT  md0_crop71.mae
R2THRESH  4.1
REPORTSIZE  10
ROUND  False
RTHRESH  5.0
VERBOSITY  0
WRITEGRIDS  False
WRITEPOT  False
WRITESTRUCTS  True
WRITEVIS  True
XCENT  48.34700107574463
XRANGE  10.0
YCENT  39.63200092315674
YRANGE  10.0
ZCENT  61.44900321960449
ZRANGE  10.0
== End input keywords ==

== Begin single-receptor SiteMap calculation ==

-- Begin site search --
 Parameters for this calculation:
 sitecut =  0.500000000000000     
 sitescmin =   1.10000000000000     
 afactor =   1.00000000000000     
 bfactor =   1.00000000000000     
 imaxsite =           8
 ithresh =           3
 mingroup =           3
 kmax =           3
 kmax2 =           5
 r2thresh =   4.10000000000000     
 dvscale =   2.50000000000000     
 dvscnorm =   2.50000000000000     
 dvscbig =   2.50000000000000     
 border =   2.00000000000000     
 dthresh =   6.50000000000000     
 rthresh =   5.00000000000000     
 maxgroup =         100
 r2thresh =   4.10000000000000     
 nthresh =           3
 ndir =         110
 use_vdw = T
 repname = none
 repsize =          10
 maxrep =           1
 sitelis = sites.lis
 profile = none
 sitelig = none
 siteasl = none
 use_sitelig =  F
 sitebox =  -999.000000000000     
 writepdb =  F
 number of protein atoms =        5676
Starting findsites:  Sunday, January 22 2023, at 14:40:20 IST
ptypes obtained:  Sunday, January 22 2023, at 14:40:20 IST
lj parameters obtained:  Sunday, January 22 2023, at 14:40:20 IST
Basic parameters obtained:  Sunday, January 22 2023, at 14:40:20 IST
Receptor parameterization completed:  Sunday, January 22 2023, at 14:40:20 IST
 scaled value of sitecut =   55.0000000000000     
 sphere directions set up         110
Sunday, January 22 2023, at 14:40:20 IST
 FINDSITE will use user-specified box
Centroid of box:  48.347  39.632  61.449
 boundaries   43.3470010757446        53.3470010757446     
   34.6320009231567        44.6320009231567        56.4490032196045     
   66.4490032196045     
 box          10          10          10
 maximum number of atoms in a sitebox =           7
Site points found:  Sunday, January 22 2023, at 14:40:20 IST
 boxes, patoms in boxes, empty boxes =         125         199          52
 total, outside sites =        1000         307
Site points pruned:  Sunday, January 22 2023, at 14:40:20 IST
final goodsites =         9
         6 sites will be removed
         3 good sites remain
Number of site groups found =     2

  Group  index  size  score     x       y       z     stdev
    1      2      2    1.20   47.84   39.12   61.96    0.87
    2      1      1    1.30   51.35   41.63   61.45    0.00

Inter-group relationships
     g1     g2     n1     n2    dmin    davg   spread  ratio     x1      y1      z1      x2      y2      z2
Sites linked and merged:  Sunday, January 22 2023, at 14:40:20 IST
 Storing receptor data

Site-finding complete.
Number of sites to map/eval:  1

-- Mapping site  1 --
jobname: md0_crop71_sph_site_1
all SiteMap grid files will be generated
 philic map specified
 phobic map specified
 donor map specified
 acceptor map specified
 metal-ligation map specified
 surface-display map specified
grid margin:     6.00
grid spacing:     0.70
non-bonded cutoff:    20.00
ligand/sitepoints file: 
protein coordinates/parameters file: 
output map/grid files will be written to the current directory
vis files will be written
protein charges will be modified to reduce formal charges and adjust donor/acceptor potentials
protein radii will be modified to allow closer approach to donor and acceptor heteroatoms
phobic areas will be modified to emphasize enclosed regions and to deemphasize exposed regions using alternative method
all input instructions read
 Getting site data
ligand xcm,ycm,zcm,xrange,yrange,zrange 47.847 39.132 61.949  1.000  1.000  1.000

 Reusing receptor data from site-finding stage.

Sitemap: electrostatic+vdw interaction energy
Map field of *enzyme* in region of *inhibitor*

computing site maps ...
grid lim (orig)  41.347  54.347  32.632  45.632  55.449  68.449
grid lim (adj)   41.197  54.497  32.482  45.782  55.299  68.599
grid point counts   20   20   20
total grid points    8000

 5676 receptor atoms read
grid: adjdip
number of grid points within emin, emax limits =     7256
 maximum grid value before cutoff =               -0.024
 minimum grid value before cutoff =   -413.791

philic and phobic grids formed
grid: surf
number of grid points within emin, emax limits =     1424
 maximum grid value before cutoff =         34235750.716
 minimum grid value before cutoff =     -2.414

grid: phil
number of grid points within emin, emax limits =     2668
 maximum grid value before cutoff =         34235700.716
 minimum grid value before cutoff =    -13.682

grid: phob
number of grid points within emin, emax limits =     2272
 maximum grid value before cutoff =         34235765.716
 minimum grid value before cutoff =     -2.183

mod_phobic: phobthresh, philthresh =  -0.250  -3.000
 maximum number of atoms in a sitebox =           8
 boxes, patoms in boxes, empty boxes =       12369        5676       10292
Average phobic potential changed from  -0.716 to  -0.366 for  737 grid points

number of phobic points =  1919   average phobic score =   0.45
number of philic points =   749   average philic score =  -2.81

number of qualifying surf grid points =      284

number of qualifying phil grid points =       57

number of qualifying phob grid points =       43

number of qualifying accptr grid points =        0

number of qualifying donor grid points =       50

number of qualifying metal grid points =        0

visgrd volume surf                                                                            
visgrd author sitemap                                                                         
visgrd property name surf                                                                            
visgrd qualifying points   2558
visgrd default map values       1       1.00      2
visgrd number of dims    3
visgrd dimensions         20        20        20
visgrd axis scales      0.700     0.700     0.700

visgrd volume hydrophil                                                                       
visgrd author sitemap                                                                         
visgrd property name phil                                                                            
visgrd qualifying points     57
visgrd default map values       1      -8.00     10
visgrd number of dims    3
visgrd dimensions         20        20        20
visgrd axis scales      0.700     0.700     0.700

visgrd volume hydrophob                                                                       
visgrd author sitemap                                                                         
visgrd property name phob                                                                            
visgrd qualifying points    159
visgrd default map values       1      -0.50     13
visgrd number of dims    3
visgrd dimensions         20        20        20
visgrd axis scales      0.700     0.700     0.700

visgrd volume hbdonor                                                                         
visgrd author sitemap                                                                         
visgrd property name donor                                                                           
visgrd qualifying points     50
visgrd default map values       1      -8.00      5
visgrd number of dims    3
visgrd dimensions         20        20        20
visgrd axis scales      0.700     0.700     0.700

-- Evaluating site  1 --
Ligand/site-points file: 
Protein coordinates/parameters file: 
extend =   3
 Verbosity flags: F F F F F
all SiteMap grid files will be read
the protein charges will be modified to reduce formal charges and adjust donor/acceptor potentials
protein radii will be modified to allow closer approach to donor and acceptor heteroatoms
phobic areas emphasize enclosed regions and deemphasize exposed regions using alternative method
site-point set will be augmented by including significant nearby points
  threshold for adding phobic points:  -0.500
  threshold for adding philic points:  -8.000
base name for SiteMap grid files: 
 Reusing grid data
reusing site data
Number of protein atoms:    5676
 
phobic grid file reshaped
philic grid file reshaped
donor grid file reshaped
acceptor grid file reshaped
metal grid file reshaped
surf grid file reshaped
 maximum number of atoms in a sitebox =           8


Number of site points    2  first shell   11  higher shells   32   dirscore   0.702
1 vdw  -1.152   phob  -0.741   phil  -0.522   donor  -0.522   acceptor   0.000   metal   0.000
2               phob  -0.360   phil  -0.437   donor   0.000   acceptor  -0.437   metal   0.000

SiteScore size   Dscore  volume  exposure enclosure contact  phobic   philic   balance  don/acc
  0.717    14    0.728    67.23    0.754    0.702    0.889    2.500    0.139   17.920    0.000

-- Done with site  1 --

== End SiteMap calculation ==

Wrote 1 sites to "md0_crop71_sph_out.maegz".

Current time: Sun Jan 22 14:40:22 2023
Elapsed time: 0:00:04.80
SiteMap successfully completed.

