--------------------------------------------------------------------------------
JobId          : X299-0-63cd08ca
Name           : md0_crop14_sph
Program        : SiteMap
Version        : 2021-4 build 135
Host           : X299
Dir            : /mnt/3a29b482-dac1-4563-be89-d63ad92354e9/cers_modelling/md_sampling_cers_models/charmm_gui_systems/cers2_10pc_chol/sitemaps
HostEntry      : localhost
JobHost        : X299
JobDir         : /scratch/tamir/md0_crop14_sph
JobSchrodinger : /opt/schrodinger2021-4
Commandline    : /opt/schrodinger2021-4/sitemap md0_crop14_sph.in -WAIT
StartTime      : 2023-01-22-11:58:35
--------------------------------------------------------------------------------

== Begin input keywords ==
ADDPHIL  -8.0
ADDPHOB  -0.5
ADDSP  True
COMPRESS  True
CUTOFF  20.0
D2THRESH  3.1
DTHRESH  6.5
DVSCALE  2.5
ENCLOSURE  0.5
EXTEND  3
FAKE  False
FFIELD  OPLS_2005
GRID  0.7
KEEPELEC  False
KEEPVDW  False
KEEPVOLPTS  True
KMAX  3
KMAX2  5
MAPDIST  4.0
MARGIN  6.0
MAXDIST  8.0
MAXSITES  1
MAXVDW  1.1
MINGROUP  3
MODCHARGES  True
MODPHOBIC  3
NEARRES  3.5
NTHRESH  3
PROT  md0_crop14.mae
R2THRESH  4.1
REPORTSIZE  10
ROUND  False
RTHRESH  5.0
VERBOSITY  0
WRITEGRIDS  False
WRITEPOT  False
WRITESTRUCTS  True
WRITEVIS  True
XCENT  47.8380012512207
XRANGE  10.0
YCENT  40.47300338745117
YRANGE  10.0
ZCENT  62.760000228881836
ZRANGE  10.0
== End input keywords ==

== Begin single-receptor SiteMap calculation ==

-- Begin site search --
 Parameters for this calculation:
 sitecut =  0.500000000000000     
 sitescmin =   1.10000000000000     
 afactor =   1.00000000000000     
 bfactor =   1.00000000000000     
 imaxsite =           8
 ithresh =           3
 mingroup =           3
 kmax =           3
 kmax2 =           5
 r2thresh =   4.10000000000000     
 dvscale =   2.50000000000000     
 dvscnorm =   2.50000000000000     
 dvscbig =   2.50000000000000     
 border =   2.00000000000000     
 dthresh =   6.50000000000000     
 rthresh =   5.00000000000000     
 maxgroup =         100
 r2thresh =   4.10000000000000     
 nthresh =           3
 ndir =         110
 use_vdw = T
 repname = none
 repsize =          10
 maxrep =           1
 sitelis = sites.lis
 profile = none
 sitelig = none
 siteasl = none
 use_sitelig =  F
 sitebox =  -999.000000000000     
 writepdb =  F
 number of protein atoms =        5676
Starting findsites:  Sunday, January 22 2023, at 11:58:38 IST
ptypes obtained:  Sunday, January 22 2023, at 11:58:38 IST
lj parameters obtained:  Sunday, January 22 2023, at 11:58:38 IST
Basic parameters obtained:  Sunday, January 22 2023, at 11:58:38 IST
Receptor parameterization completed:  Sunday, January 22 2023, at 11:58:38 IST
 scaled value of sitecut =   55.0000000000000     
 sphere directions set up         110
Sunday, January 22 2023, at 11:58:38 IST
 FINDSITE will use user-specified box
Centroid of box:  47.838  40.473  62.760
 boundaries   42.8380012512207        52.8380012512207     
   35.4730033874512        45.4730033874512        57.7600002288818     
   67.7600002288818     
 box          10          10          10
 maximum number of atoms in a sitebox =           6
Site points found:  Sunday, January 22 2023, at 11:58:38 IST
 boxes, patoms in boxes, empty boxes =         125         212          47
 total, outside sites =        1000         272
Site points pruned:  Sunday, January 22 2023, at 11:58:38 IST
final goodsites =        13
         2 sites will be removed
        11 good sites remain
Number of site groups found =     1

  Group  index  size  score     x       y       z     stdev
    1      1     11    1.32   49.10   39.50   61.71    1.88
Sites linked and merged:  Sunday, January 22 2023, at 11:58:38 IST
 Storing receptor data

Site-finding complete.
Number of sites to map/eval:  1

-- Mapping site  1 --
jobname: md0_crop14_sph_site_1
all SiteMap grid files will be generated
 philic map specified
 phobic map specified
 donor map specified
 acceptor map specified
 metal-ligation map specified
 surface-display map specified
grid margin:     6.00
grid spacing:     0.70
non-bonded cutoff:    20.00
ligand/sitepoints file: 
protein coordinates/parameters file: 
output map/grid files will be written to the current directory
vis files will be written
protein charges will be modified to reduce formal charges and adjust donor/acceptor potentials
protein radii will be modified to allow closer approach to donor and acceptor heteroatoms
phobic areas will be modified to emphasize enclosed regions and to deemphasize exposed regions using alternative method
all input instructions read
 Getting site data
ligand xcm,ycm,zcm,xrange,yrange,zrange 48.838 39.473 61.760  4.000  2.000  4.000

 Reusing receptor data from site-finding stage.

Sitemap: electrostatic+vdw interaction energy
Map field of *enzyme* in region of *inhibitor*

computing site maps ...
grid lim (orig)  40.838  56.838  32.473  46.473  53.760  69.760
grid lim (adj)   40.788  56.888  32.123  46.823  53.710  69.810
grid point counts   24   22   24
total grid points   12672

 5676 receptor atoms read
grid: adjdip
number of grid points within emin, emax limits =    11388
 maximum grid value before cutoff =               -0.021
 minimum grid value before cutoff =   -525.341

philic and phobic grids formed
grid: surf
number of grid points within emin, emax limits =     2225
 maximum grid value before cutoff =         46784396.377
 minimum grid value before cutoff =     -2.524

grid: phil
number of grid points within emin, emax limits =     3951
 maximum grid value before cutoff =         46784346.377
 minimum grid value before cutoff =    -20.950

grid: phob
number of grid points within emin, emax limits =     2998
 maximum grid value before cutoff =         46784411.377
 minimum grid value before cutoff =     -2.038

mod_phobic: phobthresh, philthresh =  -0.250  -3.000
 maximum number of atoms in a sitebox =           8
 boxes, patoms in boxes, empty boxes =       10013        5676        7924
Average phobic potential changed from  -0.758 to  -0.422 for  862 grid points

number of phobic points =  2158   average phobic score =   0.47
number of philic points =  1793   average philic score =  -2.74

number of qualifying surf grid points =      454

number of qualifying phil grid points =      128

number of qualifying phob grid points =      114

number of qualifying accptr grid points =       25

number of qualifying donor grid points =       94

number of qualifying metal grid points =        0

visgrd volume surf                                                                            
visgrd author sitemap                                                                         
visgrd property name surf                                                                            
visgrd qualifying points   3675
visgrd default map values       1       1.00      2
visgrd number of dims    3
visgrd dimensions         24        22        24
visgrd axis scales      0.700     0.700     0.700

visgrd volume hydrophil                                                                       
visgrd author sitemap                                                                         
visgrd property name phil                                                                            
visgrd qualifying points    128
visgrd default map values       1      -8.00     10
visgrd number of dims    3
visgrd dimensions         24        22        24
visgrd axis scales      0.700     0.700     0.700

visgrd volume hydrophob                                                                       
visgrd author sitemap                                                                         
visgrd property name phob                                                                            
visgrd qualifying points    260
visgrd default map values       1      -0.50     13
visgrd number of dims    3
visgrd dimensions         24        22        24
visgrd axis scales      0.700     0.700     0.700

visgrd volume hbacceptor                                                                      
visgrd author sitemap                                                                         
visgrd property name accptr                                                                          
visgrd qualifying points     25
visgrd default map values       1      -8.00     16
visgrd number of dims    3
visgrd dimensions         24        22        24
visgrd axis scales      0.700     0.700     0.700

visgrd volume hbdonor                                                                         
visgrd author sitemap                                                                         
visgrd property name donor                                                                           
visgrd qualifying points     94
visgrd default map values       1      -8.00      5
visgrd number of dims    3
visgrd dimensions         24        22        24
visgrd axis scales      0.700     0.700     0.700

-- Evaluating site  1 --
Ligand/site-points file: 
Protein coordinates/parameters file: 
extend =   3
 Verbosity flags: F F F F F
all SiteMap grid files will be read
the protein charges will be modified to reduce formal charges and adjust donor/acceptor potentials
protein radii will be modified to allow closer approach to donor and acceptor heteroatoms
phobic areas emphasize enclosed regions and deemphasize exposed regions using alternative method
site-point set will be augmented by including significant nearby points
  threshold for adding phobic points:  -0.500
  threshold for adding philic points:  -8.000
base name for SiteMap grid files: 
 Reusing grid data
reusing site data
Number of protein atoms:    5676
 
phobic grid file reshaped
philic grid file reshaped
donor grid file reshaped
acceptor grid file reshaped
metal grid file reshaped
surf grid file reshaped
 maximum number of atoms in a sitebox =           8


Number of site points   11  first shell   26  higher shells   49   dirscore   0.733
1 vdw  -1.211   phob  -0.461   phil  -2.056   donor  -1.663   acceptor  -0.393   metal   0.000
2               phob  -0.257   phil  -1.780   donor  -0.196   acceptor  -1.584   metal   0.000

SiteScore size   Dscore  volume  exposure enclosure contact  phobic   philic   balance  don/acc
  0.744    24    0.721   119.02    0.758    0.733    0.934    1.782    0.549    3.245    4.228

-- Done with site  1 --

== End SiteMap calculation ==

Wrote 1 sites to "md0_crop14_sph_out.maegz".

Current time: Sun Jan 22 11:58:40 2023
Elapsed time: 0:00:04.46
SiteMap successfully completed.

