--------------------------------------------------------------------------------
JobId          : X299-0-63cd0c2d
Name           : md0_crop186_coa
Program        : SiteMap
Version        : 2021-4 build 135
Host           : X299
Dir            : /mnt/3a29b482-dac1-4563-be89-d63ad92354e9/cers_modelling/md_sampling_cers_models/charmm_gui_systems/cers2_10pc_chol/sitemaps
HostEntry      : localhost
JobHost        : X299
JobDir         : /scratch/tamir/md0_crop186_coa
JobSchrodinger : /opt/schrodinger2021-4
Commandline    : /opt/schrodinger2021-4/sitemap md0_crop186_coa.in -WAIT
StartTime      : 2023-01-22-12:13:02
--------------------------------------------------------------------------------

== Begin input keywords ==
ADDPHIL  -8.0
ADDPHOB  -0.5
ADDSP  True
COMPRESS  True
CUTOFF  20.0
D2THRESH  3.1
DTHRESH  6.5
DVSCALE  2.5
ENCLOSURE  0.5
EXTEND  3
FAKE  False
FFIELD  OPLS_2005
GRID  0.7
KEEPELEC  False
KEEPVDW  False
KEEPVOLPTS  True
KMAX  3
KMAX2  5
MAPDIST  4.0
MARGIN  6.0
MAXDIST  8.0
MAXSITES  1
MAXVDW  1.1
MINGROUP  3
MODCHARGES  True
MODPHOBIC  3
NEARRES  3.5
NTHRESH  3
PROT  md0_crop186.mae
R2THRESH  4.1
REPORTSIZE  10
ROUND  False
RTHRESH  5.0
VERBOSITY  0
WRITEGRIDS  False
WRITEPOT  False
WRITESTRUCTS  True
WRITEVIS  True
XCENT  59.08249855041504
XRANGE  10.0
YCENT  44.63250160217285
YRANGE  10.0
ZCENT  76.7170000076294
ZRANGE  10.0
== End input keywords ==

== Begin single-receptor SiteMap calculation ==

-- Begin site search --
 Parameters for this calculation:
 sitecut =  0.500000000000000     
 sitescmin =   1.10000000000000     
 afactor =   1.00000000000000     
 bfactor =   1.00000000000000     
 imaxsite =           8
 ithresh =           3
 mingroup =           3
 kmax =           3
 kmax2 =           5
 r2thresh =   4.10000000000000     
 dvscale =   2.50000000000000     
 dvscnorm =   2.50000000000000     
 dvscbig =   2.50000000000000     
 border =   2.00000000000000     
 dthresh =   6.50000000000000     
 rthresh =   5.00000000000000     
 maxgroup =         100
 r2thresh =   4.10000000000000     
 nthresh =           3
 ndir =         110
 use_vdw = T
 repname = none
 repsize =          10
 maxrep =           1
 sitelis = sites.lis
 profile = none
 sitelig = none
 siteasl = none
 use_sitelig =  F
 sitebox =  -999.000000000000     
 writepdb =  F
 number of protein atoms =        5676
Starting findsites:  Sunday, January 22 2023, at 12:13:05 IST
ptypes obtained:  Sunday, January 22 2023, at 12:13:05 IST
lj parameters obtained:  Sunday, January 22 2023, at 12:13:05 IST
Basic parameters obtained:  Sunday, January 22 2023, at 12:13:05 IST
Receptor parameterization completed:  Sunday, January 22 2023, at 12:13:05 IST
 scaled value of sitecut =   55.0000000000000     
 sphere directions set up         110
Sunday, January 22 2023, at 12:13:05 IST
 FINDSITE will use user-specified box
Centroid of box:  59.082  44.633  76.717
 boundaries   54.0824985504150        64.0824985504150     
   39.6325016021729        49.6325016021729        71.7170000076294     
   81.7170000076294     
 box          10          10          10
 maximum number of atoms in a sitebox =           7
Site points found:  Sunday, January 22 2023, at 12:13:05 IST
 boxes, patoms in boxes, empty boxes =         125         239          39
 total, outside sites =        1000         184
Site points pruned:  Sunday, January 22 2023, at 12:13:05 IST
final goodsites =        33
         2 sites will be removed
        31 good sites remain
Number of site groups found =     1

  Group  index  size  score     x       y       z     stdev
    1      1     31    1.28   57.93   46.23   75.05    2.70
Sites linked and merged:  Sunday, January 22 2023, at 12:13:05 IST
 Storing receptor data

Site-finding complete.
Number of sites to map/eval:  1

-- Mapping site  1 --
jobname: md0_crop186_coa_site_1
all SiteMap grid files will be generated
 philic map specified
 phobic map specified
 donor map specified
 acceptor map specified
 metal-ligation map specified
 surface-display map specified
grid margin:     6.00
grid spacing:     0.70
non-bonded cutoff:    20.00
ligand/sitepoints file: 
protein coordinates/parameters file: 
output map/grid files will be written to the current directory
vis files will be written
protein charges will be modified to reduce formal charges and adjust donor/acceptor potentials
protein radii will be modified to allow closer approach to donor and acceptor heteroatoms
phobic areas will be modified to emphasize enclosed regions and to deemphasize exposed regions using alternative method
all input instructions read
 Getting site data
ligand xcm,ycm,zcm,xrange,yrange,zrange 59.082 46.133 76.217  6.000  3.000  5.000

 Reusing receptor data from site-finding stage.

Sitemap: electrostatic+vdw interaction energy
Map field of *enzyme* in region of *inhibitor*

computing site maps ...
grid lim (orig)  50.082  68.082  38.633  53.633  67.717  84.717
grid lim (adj)   49.982  68.182  38.433  53.833  67.467  84.967
grid point counts   27   23   26
total grid points   16146

 5676 receptor atoms read
grid: adjdip
number of grid points within emin, emax limits =    13621
 maximum grid value before cutoff =               -0.212
 minimum grid value before cutoff =   -592.474

philic and phobic grids formed
grid: surf
number of grid points within emin, emax limits =     2772
 maximum grid value before cutoff =         37292652.687
 minimum grid value before cutoff =     -3.010

grid: phil
number of grid points within emin, emax limits =     3069
 maximum grid value before cutoff =         37292602.687
 minimum grid value before cutoff =    -26.633

grid: phob
number of grid points within emin, emax limits =     1675
 maximum grid value before cutoff =         37292667.687
 minimum grid value before cutoff =     -1.981

mod_phobic: phobthresh, philthresh =  -0.250  -3.000
 maximum number of atoms in a sitebox =           9
 boxes, patoms in boxes, empty boxes =       11571        5676        9489
Average phobic potential changed from  -0.795 to  -0.479 for  744 grid points

number of phobic points =   933   average phobic score =   0.72
number of philic points =  2136   average philic score =  -5.53

number of qualifying surf grid points =      422

number of qualifying phil grid points =      490

number of qualifying phob grid points =      106

number of qualifying accptr grid points =      243

number of qualifying donor grid points =      210

number of qualifying metal grid points =        0

visgrd volume surf                                                                            
visgrd author sitemap                                                                         
visgrd property name surf                                                                            
visgrd qualifying points   2516
visgrd default map values       1       1.00      2
visgrd number of dims    3
visgrd dimensions         27        23        26
visgrd axis scales      0.700     0.700     0.700

visgrd volume hydrophil                                                                       
visgrd author sitemap                                                                         
visgrd property name phil                                                                            
visgrd qualifying points    490
visgrd default map values       1      -8.00     10
visgrd number of dims    3
visgrd dimensions         27        23        26
visgrd axis scales      0.700     0.700     0.700

visgrd volume hydrophob                                                                       
visgrd author sitemap                                                                         
visgrd property name phob                                                                            
visgrd qualifying points    286
visgrd default map values       1      -0.50     13
visgrd number of dims    3
visgrd dimensions         27        23        26
visgrd axis scales      0.700     0.700     0.700

visgrd volume hbacceptor                                                                      
visgrd author sitemap                                                                         
visgrd property name accptr                                                                          
visgrd qualifying points    243
visgrd default map values       1      -8.00     16
visgrd number of dims    3
visgrd dimensions         27        23        26
visgrd axis scales      0.700     0.700     0.700

visgrd volume hbdonor                                                                         
visgrd author sitemap                                                                         
visgrd property name donor                                                                           
visgrd qualifying points    210
visgrd default map values       1      -8.00      5
visgrd number of dims    3
visgrd dimensions         27        23        26
visgrd axis scales      0.700     0.700     0.700

-- Evaluating site  1 --
Ligand/site-points file: 
Protein coordinates/parameters file: 
extend =   3
 Verbosity flags: F F F F F
all SiteMap grid files will be read
the protein charges will be modified to reduce formal charges and adjust donor/acceptor potentials
protein radii will be modified to allow closer approach to donor and acceptor heteroatoms
phobic areas emphasize enclosed regions and deemphasize exposed regions using alternative method
site-point set will be augmented by including significant nearby points
  threshold for adding phobic points:  -0.500
  threshold for adding philic points:  -8.000
base name for SiteMap grid files: 
 Reusing grid data
reusing site data
Number of protein atoms:    5676
 
phobic grid file reshaped
philic grid file reshaped
donor grid file reshaped
acceptor grid file reshaped
metal grid file reshaped
surf grid file reshaped
 maximum number of atoms in a sitebox =           9


Number of site points   31  first shell   65  higher shells   55   dirscore   0.876
1 vdw  -1.435   phob  -0.391   phil  -3.835   donor  -1.136   acceptor  -2.699   metal   0.000
2               phob  -0.185   phil  -3.664   donor  -2.357   acceptor  -1.306   metal   0.000

SiteScore size   Dscore  volume  exposure enclosure contact  phobic   philic   balance  don/acc
  0.989    67    0.961   254.51    0.642    0.876    1.107    1.285    1.024    1.255    0.421

-- Done with site  1 --

== End SiteMap calculation ==

Wrote 1 sites to "md0_crop186_coa_out.maegz".

Current time: Sun Jan 22 12:13:07 2023
Elapsed time: 0:00:04.92
SiteMap successfully completed.

