--------------------------------------------------------------------------------
JobId          : X299-0-63cd1274
Name           : md0_crop251_coa
Program        : SiteMap
Version        : 2021-4 build 135
Host           : X299
Dir            : /mnt/3a29b482-dac1-4563-be89-d63ad92354e9/cers_modelling/md_sampling_cers_models/charmm_gui_systems/cers2_10pc_chol/sitemaps
HostEntry      : localhost
JobHost        : X299
JobDir         : /scratch/tamir/md0_crop251_coa
JobSchrodinger : /opt/schrodinger2021-4
Commandline    : /opt/schrodinger2021-4/sitemap md0_crop251_coa.in -WAIT
StartTime      : 2023-01-22-12:39:48
--------------------------------------------------------------------------------

== Begin input keywords ==
ADDPHIL  -8.0
ADDPHOB  -0.5
ADDSP  True
COMPRESS  True
CUTOFF  20.0
D2THRESH  3.1
DTHRESH  6.5
DVSCALE  2.5
ENCLOSURE  0.5
EXTEND  3
FAKE  False
FFIELD  OPLS_2005
GRID  0.7
KEEPELEC  False
KEEPVDW  False
KEEPVOLPTS  True
KMAX  3
KMAX2  5
MAPDIST  4.0
MARGIN  6.0
MAXDIST  8.0
MAXSITES  1
MAXVDW  1.1
MINGROUP  3
MODCHARGES  True
MODPHOBIC  3
NEARRES  3.5
NTHRESH  3
PROT  md0_crop251.mae
R2THRESH  4.1
REPORTSIZE  10
ROUND  False
RTHRESH  5.0
VERBOSITY  0
WRITEGRIDS  False
WRITEPOT  False
WRITESTRUCTS  True
WRITEVIS  True
XCENT  56.91050052642822
XRANGE  10.0
YCENT  45.80049991607666
YRANGE  10.0
ZCENT  74.17150020599365
ZRANGE  10.0
== End input keywords ==

== Begin single-receptor SiteMap calculation ==

-- Begin site search --
 Parameters for this calculation:
 sitecut =  0.500000000000000     
 sitescmin =   1.10000000000000     
 afactor =   1.00000000000000     
 bfactor =   1.00000000000000     
 imaxsite =           8
 ithresh =           3
 mingroup =           3
 kmax =           3
 kmax2 =           5
 r2thresh =   4.10000000000000     
 dvscale =   2.50000000000000     
 dvscnorm =   2.50000000000000     
 dvscbig =   2.50000000000000     
 border =   2.00000000000000     
 dthresh =   6.50000000000000     
 rthresh =   5.00000000000000     
 maxgroup =         100
 r2thresh =   4.10000000000000     
 nthresh =           3
 ndir =         110
 use_vdw = T
 repname = none
 repsize =          10
 maxrep =           1
 sitelis = sites.lis
 profile = none
 sitelig = none
 siteasl = none
 use_sitelig =  F
 sitebox =  -999.000000000000     
 writepdb =  F
 number of protein atoms =        5675
Starting findsites:  Sunday, January 22 2023, at 12:39:52 IST
ptypes obtained:  Sunday, January 22 2023, at 12:39:52 IST
lj parameters obtained:  Sunday, January 22 2023, at 12:39:52 IST
Basic parameters obtained:  Sunday, January 22 2023, at 12:39:52 IST
Receptor parameterization completed:  Sunday, January 22 2023, at 12:39:52 IST
 scaled value of sitecut =   55.0000000000000     
 sphere directions set up         110
Sunday, January 22 2023, at 12:39:52 IST
 FINDSITE will use user-specified box
Centroid of box:  56.911  45.800  74.172
 boundaries   51.9105005264282        61.9105005264282     
   40.8004999160767        50.8004999160767        69.1715002059937     
   79.1715002059937     
 box          10          10          10
 maximum number of atoms in a sitebox =           6
Site points found:  Sunday, January 22 2023, at 12:39:52 IST
 boxes, patoms in boxes, empty boxes =         125         249          34
 total, outside sites =        1000         133
Site points pruned:  Sunday, January 22 2023, at 12:39:52 IST
final goodsites =        13
         2 sites will be removed
        11 good sites remain
Number of site groups found =     1

  Group  index  size  score     x       y       z     stdev
    1      1     11    1.38   54.97   47.92   71.59    1.50
Sites linked and merged:  Sunday, January 22 2023, at 12:39:52 IST
 Storing receptor data

Site-finding complete.
Number of sites to map/eval:  1

-- Mapping site  1 --
jobname: md0_crop251_coa_site_1
all SiteMap grid files will be generated
 philic map specified
 phobic map specified
 donor map specified
 acceptor map specified
 metal-ligation map specified
 surface-display map specified
grid margin:     6.00
grid spacing:     0.70
non-bonded cutoff:    20.00
ligand/sitepoints file: 
protein coordinates/parameters file: 
output map/grid files will be written to the current directory
vis files will be written
protein charges will be modified to reduce formal charges and adjust donor/acceptor potentials
protein radii will be modified to allow closer approach to donor and acceptor heteroatoms
phobic areas will be modified to emphasize enclosed regions and to deemphasize exposed regions using alternative method
all input instructions read
 Getting site data
ligand xcm,ycm,zcm,xrange,yrange,zrange 54.911 47.800 71.672  4.000  2.000  3.000

 Reusing receptor data from site-finding stage.

Sitemap: electrostatic+vdw interaction energy
Map field of *enzyme* in region of *inhibitor*

computing site maps ...
grid lim (orig)  46.911  62.911  40.800  54.800  64.172  79.172
grid lim (adj)   46.861  62.961  40.450  55.150  63.972  79.372
grid point counts   24   22   23
total grid points   12144

 5675 receptor atoms read
grid: adjdip
number of grid points within emin, emax limits =    10005
 maximum grid value before cutoff =               -0.131
 minimum grid value before cutoff =   -781.737

philic and phobic grids formed
grid: surf
number of grid points within emin, emax limits =     2264
 maximum grid value before cutoff =         37569827.844
 minimum grid value before cutoff =     -2.984

grid: phil
number of grid points within emin, emax limits =     1906
 maximum grid value before cutoff =         37569777.844
 minimum grid value before cutoff =    -24.510

grid: phob
number of grid points within emin, emax limits =      848
 maximum grid value before cutoff =         37569842.844
 minimum grid value before cutoff =     -2.052

mod_phobic: phobthresh, philthresh =  -0.250  -3.000
 maximum number of atoms in a sitebox =           8
 boxes, patoms in boxes, empty boxes =       12369        5675       10270
Average phobic potential changed from  -0.899 to  -0.619 for  298 grid points

number of phobic points =   409   average phobic score =   0.91
number of philic points =  1497   average philic score =  -6.15

number of qualifying surf grid points =      347

number of qualifying phil grid points =      435

number of qualifying phob grid points =       89

number of qualifying accptr grid points =      189

number of qualifying donor grid points =      222

number of qualifying metal grid points =        0

visgrd volume surf                                                                            
visgrd author sitemap                                                                         
visgrd property name surf                                                                            
visgrd qualifying points   1421
visgrd default map values       1       1.00      2
visgrd number of dims    3
visgrd dimensions         24        22        23
visgrd axis scales      0.700     0.700     0.700

visgrd volume hydrophil                                                                       
visgrd author sitemap                                                                         
visgrd property name phil                                                                            
visgrd qualifying points    435
visgrd default map values       1      -8.00     10
visgrd number of dims    3
visgrd dimensions         24        22        23
visgrd axis scales      0.700     0.700     0.700

visgrd volume hydrophob                                                                       
visgrd author sitemap                                                                         
visgrd property name phob                                                                            
visgrd qualifying points    182
visgrd default map values       1      -0.50     13
visgrd number of dims    3
visgrd dimensions         24        22        23
visgrd axis scales      0.700     0.700     0.700

visgrd volume hbacceptor                                                                      
visgrd author sitemap                                                                         
visgrd property name accptr                                                                          
visgrd qualifying points    189
visgrd default map values       1      -8.00     16
visgrd number of dims    3
visgrd dimensions         24        22        23
visgrd axis scales      0.700     0.700     0.700

visgrd volume hbdonor                                                                         
visgrd author sitemap                                                                         
visgrd property name donor                                                                           
visgrd qualifying points    222
visgrd default map values       1      -8.00      5
visgrd number of dims    3
visgrd dimensions         24        22        23
visgrd axis scales      0.700     0.700     0.700

-- Evaluating site  1 --
Ligand/site-points file: 
Protein coordinates/parameters file: 
extend =   3
 Verbosity flags: F F F F F
all SiteMap grid files will be read
the protein charges will be modified to reduce formal charges and adjust donor/acceptor potentials
protein radii will be modified to allow closer approach to donor and acceptor heteroatoms
phobic areas emphasize enclosed regions and deemphasize exposed regions using alternative method
site-point set will be augmented by including significant nearby points
  threshold for adding phobic points:  -0.500
  threshold for adding philic points:  -8.000
base name for SiteMap grid files: 
 Reusing grid data
reusing site data
Number of protein atoms:    5675
 
phobic grid file reshaped
philic grid file reshaped
donor grid file reshaped
acceptor grid file reshaped
metal grid file reshaped
surf grid file reshaped
 maximum number of atoms in a sitebox =           8


Number of site points   11  first shell   41  higher shells   66   dirscore   0.917
1 vdw  -1.522   phob  -0.242   phil  -4.805   donor  -2.220   acceptor  -2.584   metal   0.000
2               phob  -0.107   phil  -4.259   donor  -2.274   acceptor  -1.985   metal   0.000

SiteScore size   Dscore  volume  exposure enclosure contact  phobic   philic   balance  don/acc
  0.877    40    0.727   150.92    0.728    0.917    1.174    0.746    1.283    0.581    0.859

-- Done with site  1 --

== End SiteMap calculation ==

Wrote 1 sites to "md0_crop251_coa_out.maegz".

Current time: Sun Jan 22 12:39:53 2023
Elapsed time: 0:00:04.20
SiteMap successfully completed.

