--------------------------------------------------------------------------------
JobId          : X299-0-63cd046c
Name           : md0_crop104_coa
Program        : SiteMap
Version        : 2021-4 build 135
Host           : X299
Dir            : /mnt/3a29b482-dac1-4563-be89-d63ad92354e9/cers_modelling/md_sampling_cers_models/charmm_gui_systems/cers2_10pc_chol/sitemaps
HostEntry      : localhost
JobHost        : X299
JobDir         : /scratch/tamir/md0_crop104_coa
JobSchrodinger : /opt/schrodinger2021-4
Commandline    : /opt/schrodinger2021-4/sitemap md0_crop104_coa.in -WAIT
StartTime      : 2023-01-22-11:39:56
--------------------------------------------------------------------------------

== Begin input keywords ==
ADDPHIL  -8.0
ADDPHOB  -0.5
ADDSP  True
COMPRESS  True
CUTOFF  20.0
D2THRESH  3.1
DTHRESH  6.5
DVSCALE  2.5
ENCLOSURE  0.5
EXTEND  3
FAKE  False
FFIELD  OPLS_2005
GRID  0.7
KEEPELEC  False
KEEPVDW  False
KEEPVOLPTS  True
KMAX  3
KMAX2  5
MAPDIST  4.0
MARGIN  6.0
MAXDIST  8.0
MAXSITES  1
MAXVDW  1.1
MINGROUP  3
MODCHARGES  True
MODPHOBIC  3
NEARRES  3.5
NTHRESH  3
PROT  md0_crop104.mae
R2THRESH  4.1
REPORTSIZE  10
ROUND  False
RTHRESH  5.0
VERBOSITY  0
WRITEGRIDS  False
WRITEPOT  False
WRITESTRUCTS  True
WRITEVIS  True
XCENT  57.806997299194336
XRANGE  10.0
YCENT  45.66450119018555
YRANGE  10.0
ZCENT  74.5015001296997
ZRANGE  10.0
== End input keywords ==

== Begin single-receptor SiteMap calculation ==

-- Begin site search --
 Parameters for this calculation:
 sitecut =  0.500000000000000     
 sitescmin =   1.10000000000000     
 afactor =   1.00000000000000     
 bfactor =   1.00000000000000     
 imaxsite =           8
 ithresh =           3
 mingroup =           3
 kmax =           3
 kmax2 =           5
 r2thresh =   4.10000000000000     
 dvscale =   2.50000000000000     
 dvscnorm =   2.50000000000000     
 dvscbig =   2.50000000000000     
 border =   2.00000000000000     
 dthresh =   6.50000000000000     
 rthresh =   5.00000000000000     
 maxgroup =         100
 r2thresh =   4.10000000000000     
 nthresh =           3
 ndir =         110
 use_vdw = T
 repname = none
 repsize =          10
 maxrep =           1
 sitelis = sites.lis
 profile = none
 sitelig = none
 siteasl = none
 use_sitelig =  F
 sitebox =  -999.000000000000     
 writepdb =  F
 number of protein atoms =        5674
Starting findsites:  Sunday, January 22 2023, at 11:39:59 IST
ptypes obtained:  Sunday, January 22 2023, at 11:39:59 IST
lj parameters obtained:  Sunday, January 22 2023, at 11:39:59 IST
Basic parameters obtained:  Sunday, January 22 2023, at 11:39:59 IST
Receptor parameterization completed:  Sunday, January 22 2023, at 11:39:59 IST
 scaled value of sitecut =   55.0000000000000     
 sphere directions set up         110
Sunday, January 22 2023, at 11:39:59 IST
 FINDSITE will use user-specified box
Centroid of box:  57.807  45.665  74.502
 boundaries   52.8069972991943        62.8069972991943     
   40.6645011901855        50.6645011901855        69.5015001296997     
   79.5015001296997     
 box          10          10          10
 maximum number of atoms in a sitebox =           6
Site points found:  Sunday, January 22 2023, at 11:39:59 IST
 boxes, patoms in boxes, empty boxes =         125         250          36
 total, outside sites =        1000         161
Site points pruned:  Sunday, January 22 2023, at 11:39:59 IST
final goodsites =        54
         5 sites will be removed
        49 good sites remain
Number of site groups found =     1

  Group  index  size  score     x       y       z     stdev
    1      1     49    1.33   55.95   47.04   73.32    2.36
Sites linked and merged:  Sunday, January 22 2023, at 11:39:59 IST
 Storing receptor data

Site-finding complete.
Number of sites to map/eval:  1

-- Mapping site  1 --
jobname: md0_crop104_coa_site_1
all SiteMap grid files will be generated
 philic map specified
 phobic map specified
 donor map specified
 acceptor map specified
 metal-ligation map specified
 surface-display map specified
grid margin:     6.00
grid spacing:     0.70
non-bonded cutoff:    20.00
ligand/sitepoints file: 
protein coordinates/parameters file: 
output map/grid files will be written to the current directory
vis files will be written
protein charges will be modified to reduce formal charges and adjust donor/acceptor potentials
protein radii will be modified to allow closer approach to donor and acceptor heteroatoms
phobic areas will be modified to emphasize enclosed regions and to deemphasize exposed regions using alternative method
all input instructions read
 Getting site data
ligand xcm,ycm,zcm,xrange,yrange,zrange 56.807 46.665 73.502  6.000  4.000  6.000

 Reusing receptor data from site-finding stage.

Sitemap: electrostatic+vdw interaction energy
Map field of *enzyme* in region of *inhibitor*

computing site maps ...
grid lim (orig)  47.807  65.807  38.665  54.665  64.502  82.502
grid lim (adj)   47.707  65.907  38.615  54.715  64.402  82.602
grid point counts   27   24   27
total grid points   17496

 5674 receptor atoms read
grid: adjdip
number of grid points within emin, emax limits =    14531
 maximum grid value before cutoff =               -0.200
 minimum grid value before cutoff =   -660.125

philic and phobic grids formed
grid: surf
number of grid points within emin, emax limits =     2880
 maximum grid value before cutoff =         39365539.580
 minimum grid value before cutoff =     -2.800

grid: phil
number of grid points within emin, emax limits =     3281
 maximum grid value before cutoff =         39365489.580
 minimum grid value before cutoff =    -22.544

grid: phob
number of grid points within emin, emax limits =     1668
 maximum grid value before cutoff =         39365554.580
 minimum grid value before cutoff =     -2.314

mod_phobic: phobthresh, philthresh =  -0.250  -3.000
 maximum number of atoms in a sitebox =           8
 boxes, patoms in boxes, empty boxes =       11571        5674        9494
Average phobic potential changed from  -0.842 to  -0.520 for  529 grid points

number of phobic points =   727   average phobic score =   0.79
number of philic points =  2554   average philic score =  -5.35

number of qualifying surf grid points =      458

number of qualifying phil grid points =      592

number of qualifying phob grid points =       94

number of qualifying accptr grid points =      252

number of qualifying donor grid points =      321

number of qualifying metal grid points =        0

visgrd volume surf                                                                            
visgrd author sitemap                                                                         
visgrd property name surf                                                                            
visgrd qualifying points   2678
visgrd default map values       1       1.00      2
visgrd number of dims    3
visgrd dimensions         27        24        27
visgrd axis scales      0.700     0.700     0.700

visgrd volume hydrophil                                                                       
visgrd author sitemap                                                                         
visgrd property name phil                                                                            
visgrd qualifying points    592
visgrd default map values       1      -8.00     10
visgrd number of dims    3
visgrd dimensions         27        24        27
visgrd axis scales      0.700     0.700     0.700

visgrd volume hydrophob                                                                       
visgrd author sitemap                                                                         
visgrd property name phob                                                                            
visgrd qualifying points    238
visgrd default map values       1      -0.50     13
visgrd number of dims    3
visgrd dimensions         27        24        27
visgrd axis scales      0.700     0.700     0.700

visgrd volume hbacceptor                                                                      
visgrd author sitemap                                                                         
visgrd property name accptr                                                                          
visgrd qualifying points    252
visgrd default map values       1      -8.00     16
visgrd number of dims    3
visgrd dimensions         27        24        27
visgrd axis scales      0.700     0.700     0.700

visgrd volume hbdonor                                                                         
visgrd author sitemap                                                                         
visgrd property name donor                                                                           
visgrd qualifying points    321
visgrd default map values       1      -8.00      5
visgrd number of dims    3
visgrd dimensions         27        24        27
visgrd axis scales      0.700     0.700     0.700

-- Evaluating site  1 --
Ligand/site-points file: 
Protein coordinates/parameters file: 
extend =   3
 Verbosity flags: F F F F F
all SiteMap grid files will be read
the protein charges will be modified to reduce formal charges and adjust donor/acceptor potentials
protein radii will be modified to allow closer approach to donor and acceptor heteroatoms
phobic areas emphasize enclosed regions and deemphasize exposed regions using alternative method
site-point set will be augmented by including significant nearby points
  threshold for adding phobic points:  -0.500
  threshold for adding philic points:  -8.000
base name for SiteMap grid files: 
 Reusing grid data
reusing site data
Number of protein atoms:    5674
 
phobic grid file reshaped
philic grid file reshaped
donor grid file reshaped
acceptor grid file reshaped
metal grid file reshaped
surf grid file reshaped
 maximum number of atoms in a sitebox =           8


Number of site points   49  first shell   51  higher shells   72   dirscore   0.884
1 vdw  -1.452   phob  -0.230   phil  -5.226   donor  -2.100   acceptor  -3.125   metal   0.000
2               phob  -0.096   phil  -4.922   donor  -2.577   acceptor  -2.345   metal   0.000

SiteScore size   Dscore  volume  exposure enclosure contact  phobic   philic   balance  don/acc
  1.091    91    0.972   270.28    0.575    0.884    1.120    0.670    1.395    0.480    0.672

-- Done with site  1 --

== End SiteMap calculation ==

Wrote 1 sites to "md0_crop104_coa_out.maegz".

Current time: Sun Jan 22 11:40:01 2023
Elapsed time: 0:00:04.81
SiteMap successfully completed.

