--------------------------------------------------------------------------------
JobId          : X299-0-63cd2dd5
Name           : md0_crop66_sph
Program        : SiteMap
Version        : 2021-4 build 135
Host           : X299
Dir            : /mnt/3a29b482-dac1-4563-be89-d63ad92354e9/cers_modelling/md_sampling_cers_models/charmm_gui_systems/cers2_10pc_chol/sitemaps
HostEntry      : localhost
JobHost        : X299
JobDir         : /scratch/tamir/md0_crop66_sph
JobSchrodinger : /opt/schrodinger2021-4
Commandline    : /opt/schrodinger2021-4/sitemap md0_crop66_sph.in -WAIT
StartTime      : 2023-01-22-14:36:37
--------------------------------------------------------------------------------

== Begin input keywords ==
ADDPHIL  -8.0
ADDPHOB  -0.5
ADDSP  True
COMPRESS  True
CUTOFF  20.0
D2THRESH  3.1
DTHRESH  6.5
DVSCALE  2.5
ENCLOSURE  0.5
EXTEND  3
FAKE  False
FFIELD  OPLS_2005
GRID  0.7
KEEPELEC  False
KEEPVDW  False
KEEPVOLPTS  True
KMAX  3
KMAX2  5
MAPDIST  4.0
MARGIN  6.0
MAXDIST  8.0
MAXSITES  1
MAXVDW  1.1
MINGROUP  3
MODCHARGES  True
MODPHOBIC  3
NEARRES  3.5
NTHRESH  3
PROT  md0_crop66.mae
R2THRESH  4.1
REPORTSIZE  10
ROUND  False
RTHRESH  5.0
VERBOSITY  0
WRITEGRIDS  False
WRITEPOT  False
WRITESTRUCTS  True
WRITEVIS  True
XCENT  48.32099914550781
XRANGE  10.0
YCENT  40.37600040435791
YRANGE  10.0
ZCENT  59.94500160217285
ZRANGE  10.0
== End input keywords ==

== Begin single-receptor SiteMap calculation ==

-- Begin site search --
 Parameters for this calculation:
 sitecut =  0.500000000000000     
 sitescmin =   1.10000000000000     
 afactor =   1.00000000000000     
 bfactor =   1.00000000000000     
 imaxsite =           8
 ithresh =           3
 mingroup =           3
 kmax =           3
 kmax2 =           5
 r2thresh =   4.10000000000000     
 dvscale =   2.50000000000000     
 dvscnorm =   2.50000000000000     
 dvscbig =   2.50000000000000     
 border =   2.00000000000000     
 dthresh =   6.50000000000000     
 rthresh =   5.00000000000000     
 maxgroup =         100
 r2thresh =   4.10000000000000     
 nthresh =           3
 ndir =         110
 use_vdw = T
 repname = none
 repsize =          10
 maxrep =           1
 sitelis = sites.lis
 profile = none
 sitelig = none
 siteasl = none
 use_sitelig =  F
 sitebox =  -999.000000000000     
 writepdb =  F
 number of protein atoms =        5676
Starting findsites:  Sunday, January 22 2023, at 14:36:42 IST
ptypes obtained:  Sunday, January 22 2023, at 14:36:43 IST
lj parameters obtained:  Sunday, January 22 2023, at 14:36:43 IST
Basic parameters obtained:  Sunday, January 22 2023, at 14:36:43 IST
Receptor parameterization completed:  Sunday, January 22 2023, at 14:36:43 IST
 scaled value of sitecut =   55.0000000000000     
 sphere directions set up         110
Sunday, January 22 2023, at 14:36:43 IST
 FINDSITE will use user-specified box
Centroid of box:  48.321  40.376  59.945
 boundaries   43.3209991455078        53.3209991455078     
   35.3760004043579        45.3760004043579        54.9450016021729     
   64.9450016021729     
 box          10          10          10
 maximum number of atoms in a sitebox =           8
Site points found:  Sunday, January 22 2023, at 14:36:43 IST
 boxes, patoms in boxes, empty boxes =         125         198          49
 total, outside sites =        1000         289
Site points pruned:  Sunday, January 22 2023, at 14:36:43 IST
final goodsites =         7
         6 sites will be removed
         1 good sites remain
Number of site groups found =     1

  Group  index  size  score     x       y       z     stdev
    1      1      1    1.26   49.32   40.38   58.95    0.00
Sites linked and merged:  Sunday, January 22 2023, at 14:36:43 IST
 Storing receptor data

Site-finding complete.
Number of sites to map/eval:  1

-- Mapping site  1 --
jobname: md0_crop66_sph_site_1
all SiteMap grid files will be generated
 philic map specified
 phobic map specified
 donor map specified
 acceptor map specified
 metal-ligation map specified
 surface-display map specified
grid margin:     6.00
grid spacing:     0.70
non-bonded cutoff:    20.00
ligand/sitepoints file: 
protein coordinates/parameters file: 
output map/grid files will be written to the current directory
vis files will be written
protein charges will be modified to reduce formal charges and adjust donor/acceptor potentials
protein radii will be modified to allow closer approach to donor and acceptor heteroatoms
phobic areas will be modified to emphasize enclosed regions and to deemphasize exposed regions using alternative method
all input instructions read
 Getting site data
ligand xcm,ycm,zcm,xrange,yrange,zrange  0.000  0.000  0.000  0.000  0.000  0.000

 Reusing receptor data from site-finding stage.

Sitemap: electrostatic+vdw interaction energy
Map field of *enzyme* in region of *inhibitor*

computing site maps ...
grid lim (orig)  43.321  55.321  34.376  46.376  52.945  64.945
grid lim (adj)   43.021  55.621  34.076  46.676  52.645  65.245
grid point counts   19   19   19
total grid points    6859

 5676 receptor atoms read
grid: adjdip
number of grid points within emin, emax limits =     6129
 maximum grid value before cutoff =               -0.017
 minimum grid value before cutoff =   -418.202

philic and phobic grids formed
grid: surf
number of grid points within emin, emax limits =     1385
 maximum grid value before cutoff =         29257240.278
 minimum grid value before cutoff =     -2.586

grid: phil
number of grid points within emin, emax limits =     2300
 maximum grid value before cutoff =         29257190.278
 minimum grid value before cutoff =    -16.022

grid: phob
number of grid points within emin, emax limits =     1627
 maximum grid value before cutoff =         29257255.278
 minimum grid value before cutoff =     -2.132

mod_phobic: phobthresh, philthresh =  -0.250  -3.000
 maximum number of atoms in a sitebox =           8
 boxes, patoms in boxes, empty boxes =       12369        5676       10287
Average phobic potential changed from  -0.724 to  -0.395 for  541 grid points

number of phobic points =  1150   average phobic score =   0.58
number of philic points =  1150   average philic score =  -4.37

number of qualifying surf grid points =      300

number of qualifying phil grid points =      162

number of qualifying phob grid points =       40

number of qualifying accptr grid points =       33

number of qualifying donor grid points =      127

number of qualifying metal grid points =        0

visgrd volume surf                                                                            
visgrd author sitemap                                                                         
visgrd property name surf                                                                            
visgrd qualifying points   2098
visgrd default map values       1       1.00      2
visgrd number of dims    3
visgrd dimensions         19        19        19
visgrd axis scales      0.700     0.700     0.700

visgrd volume hydrophil                                                                       
visgrd author sitemap                                                                         
visgrd property name phil                                                                            
visgrd qualifying points    162
visgrd default map values       1      -8.00     10
visgrd number of dims    3
visgrd dimensions         19        19        19
visgrd axis scales      0.700     0.700     0.700

visgrd volume hydrophob                                                                       
visgrd author sitemap                                                                         
visgrd property name phob                                                                            
visgrd qualifying points    151
visgrd default map values       1      -0.50     13
visgrd number of dims    3
visgrd dimensions         19        19        19
visgrd axis scales      0.700     0.700     0.700

visgrd volume hbacceptor                                                                      
visgrd author sitemap                                                                         
visgrd property name accptr                                                                          
visgrd qualifying points     33
visgrd default map values       1      -8.00     16
visgrd number of dims    3
visgrd dimensions         19        19        19
visgrd axis scales      0.700     0.700     0.700

visgrd volume hbdonor                                                                         
visgrd author sitemap                                                                         
visgrd property name donor                                                                           
visgrd qualifying points    127
visgrd default map values       1      -8.00      5
visgrd number of dims    3
visgrd dimensions         19        19        19
visgrd axis scales      0.700     0.700     0.700

-- Evaluating site  1 --
Ligand/site-points file: 
Protein coordinates/parameters file: 
extend =   3
 Verbosity flags: F F F F F
all SiteMap grid files will be read
the protein charges will be modified to reduce formal charges and adjust donor/acceptor potentials
protein radii will be modified to allow closer approach to donor and acceptor heteroatoms
phobic areas emphasize enclosed regions and deemphasize exposed regions using alternative method
site-point set will be augmented by including significant nearby points
  threshold for adding phobic points:  -0.500
  threshold for adding philic points:  -8.000
base name for SiteMap grid files: 
 Reusing grid data
reusing site data
Number of protein atoms:    5676
 
phobic grid file reshaped
philic grid file reshaped
donor grid file reshaped
acceptor grid file reshaped
metal grid file reshaped
surf grid file reshaped
 maximum number of atoms in a sitebox =           8


Number of site points    1  first shell    8  higher shells   24   dirscore   0.778
1 vdw  -1.373   phob  -0.500   phil  -2.389   donor  -2.293   acceptor  -0.096   metal   0.000
2               phob  -0.143   phil  -2.409   donor  -0.166   acceptor  -2.242   metal   0.000

SiteScore size   Dscore  volume  exposure enclosure contact  phobic   philic   balance  don/acc
  0.577     6    0.489    77.52    0.842    0.778    1.060    0.992    0.638    1.555   23.963

-- Done with site  1 --

== End SiteMap calculation ==

Wrote 1 sites to "md0_crop66_sph_out.maegz".

Current time: Sun Jan 22 14:36:45 2023
Elapsed time: 0:00:06.90
SiteMap successfully completed.

