--------------------------------------------------------------------------------
JobId          : X299-0-63cd0a4c
Name           : md0_crop166_sph
Program        : SiteMap
Version        : 2021-4 build 135
Host           : X299
Dir            : /mnt/3a29b482-dac1-4563-be89-d63ad92354e9/cers_modelling/md_sampling_cers_models/charmm_gui_systems/cers2_10pc_chol/sitemaps
HostEntry      : localhost
JobHost        : X299
JobDir         : /scratch/tamir/md0_crop166_sph
JobSchrodinger : /opt/schrodinger2021-4
Commandline    : /opt/schrodinger2021-4/sitemap md0_crop166_sph.in -WAIT
StartTime      : 2023-01-22-12:05:01
--------------------------------------------------------------------------------

== Begin input keywords ==
ADDPHIL  -8.0
ADDPHOB  -0.5
ADDSP  True
COMPRESS  True
CUTOFF  20.0
D2THRESH  3.1
DTHRESH  6.5
DVSCALE  2.5
ENCLOSURE  0.5
EXTEND  3
FAKE  False
FFIELD  OPLS_2005
GRID  0.7
KEEPELEC  False
KEEPVDW  False
KEEPVOLPTS  True
KMAX  3
KMAX2  5
MAPDIST  4.0
MARGIN  6.0
MAXDIST  8.0
MAXSITES  1
MAXVDW  1.1
MINGROUP  3
MODCHARGES  True
MODPHOBIC  3
NEARRES  3.5
NTHRESH  3
PROT  md0_crop166.mae
R2THRESH  4.1
REPORTSIZE  10
ROUND  False
RTHRESH  5.0
VERBOSITY  0
WRITEGRIDS  False
WRITEPOT  False
WRITESTRUCTS  True
WRITEVIS  True
XCENT  45.74700355529785
XRANGE  10.0
YCENT  41.14199638366699
YRANGE  10.0
ZCENT  63.59800338745117
ZRANGE  10.0
== End input keywords ==

== Begin single-receptor SiteMap calculation ==

-- Begin site search --
 Parameters for this calculation:
 sitecut =  0.500000000000000     
 sitescmin =   1.10000000000000     
 afactor =   1.00000000000000     
 bfactor =   1.00000000000000     
 imaxsite =           8
 ithresh =           3
 mingroup =           3
 kmax =           3
 kmax2 =           5
 r2thresh =   4.10000000000000     
 dvscale =   2.50000000000000     
 dvscnorm =   2.50000000000000     
 dvscbig =   2.50000000000000     
 border =   2.00000000000000     
 dthresh =   6.50000000000000     
 rthresh =   5.00000000000000     
 maxgroup =         100
 r2thresh =   4.10000000000000     
 nthresh =           3
 ndir =         110
 use_vdw = T
 repname = none
 repsize =          10
 maxrep =           1
 sitelis = sites.lis
 profile = none
 sitelig = none
 siteasl = none
 use_sitelig =  F
 sitebox =  -999.000000000000     
 writepdb =  F
 number of protein atoms =        5675
Starting findsites:  Sunday, January 22 2023, at 12:05:04 IST
ptypes obtained:  Sunday, January 22 2023, at 12:05:04 IST
lj parameters obtained:  Sunday, January 22 2023, at 12:05:04 IST
Basic parameters obtained:  Sunday, January 22 2023, at 12:05:04 IST
Receptor parameterization completed:  Sunday, January 22 2023, at 12:05:04 IST
 scaled value of sitecut =   55.0000000000000     
 sphere directions set up         110
Sunday, January 22 2023, at 12:05:04 IST
 FINDSITE will use user-specified box
Centroid of box:  45.747  41.142  63.598
 boundaries   40.7470035552979        50.7470035552979     
   36.1419963836670        46.1419963836670        58.5980033874512     
   68.5980033874512     
 box          10          10          10
 maximum number of atoms in a sitebox =           6
Site points found:  Sunday, January 22 2023, at 12:05:04 IST
 boxes, patoms in boxes, empty boxes =         125         208          47
 total, outside sites =        1000         256
Site points pruned:  Sunday, January 22 2023, at 12:05:04 IST
final goodsites =        28
         2 sites will be removed
        26 good sites remain
Number of site groups found =     1

  Group  index  size  score     x       y       z     stdev
    1      1     26    1.32   47.20   41.34   62.60    2.24
Sites linked and merged:  Sunday, January 22 2023, at 12:05:04 IST
 Storing receptor data

Site-finding complete.
Number of sites to map/eval:  1

-- Mapping site  1 --
jobname: md0_crop166_sph_site_1
all SiteMap grid files will be generated
 philic map specified
 phobic map specified
 donor map specified
 acceptor map specified
 metal-ligation map specified
 surface-display map specified
grid margin:     6.00
grid spacing:     0.70
non-bonded cutoff:    20.00
ligand/sitepoints file: 
protein coordinates/parameters file: 
output map/grid files will be written to the current directory
vis files will be written
protein charges will be modified to reduce formal charges and adjust donor/acceptor potentials
protein radii will be modified to allow closer approach to donor and acceptor heteroatoms
phobic areas will be modified to emphasize enclosed regions and to deemphasize exposed regions using alternative method
all input instructions read
 Getting site data
ligand xcm,ycm,zcm,xrange,yrange,zrange 46.747 42.142 63.098  6.000  4.000  5.000

 Reusing receptor data from site-finding stage.

Sitemap: electrostatic+vdw interaction energy
Map field of *enzyme* in region of *inhibitor*

computing site maps ...
grid lim (orig)  37.747  55.747  34.142  50.142  54.598  71.598
grid lim (adj)   37.647  55.847  34.092  50.192  54.348  71.848
grid point counts   27   24   26
total grid points   16848

 5675 receptor atoms read
grid: adjdip
number of grid points within emin, emax limits =    15098
 maximum grid value before cutoff =               -0.018
 minimum grid value before cutoff =   -547.751

philic and phobic grids formed
grid: surf
number of grid points within emin, emax limits =     3032
 maximum grid value before cutoff =         43692181.591
 minimum grid value before cutoff =     -2.745

grid: phil
number of grid points within emin, emax limits =     4805
 maximum grid value before cutoff =         43692138.646
 minimum grid value before cutoff =    -24.327

grid: phob
number of grid points within emin, emax limits =     3532
 maximum grid value before cutoff =         43692194.475
 minimum grid value before cutoff =     -2.085

mod_phobic: phobthresh, philthresh =  -0.250  -3.000
 maximum number of atoms in a sitebox =           8
 boxes, patoms in boxes, empty boxes =       10469        5675        8336
Average phobic potential changed from  -0.774 to  -0.427 for 1350 grid points

number of phobic points =  2760   average phobic score =   0.52
number of philic points =  2045   average philic score =  -3.68

number of qualifying surf grid points =      565

number of qualifying phil grid points =      258

number of qualifying phob grid points =      151

number of qualifying accptr grid points =       67

number of qualifying donor grid points =      166

number of qualifying metal grid points =        0

visgrd volume surf                                                                            
visgrd author sitemap                                                                         
visgrd property name surf                                                                            
visgrd qualifying points   4460
visgrd default map values       1       1.00      2
visgrd number of dims    3
visgrd dimensions         27        24        26
visgrd axis scales      0.700     0.700     0.700

visgrd volume hydrophil                                                                       
visgrd author sitemap                                                                         
visgrd property name phil                                                                            
visgrd qualifying points    258
visgrd default map values       1      -8.00     10
visgrd number of dims    3
visgrd dimensions         27        24        26
visgrd axis scales      0.700     0.700     0.700

visgrd volume hydrophob                                                                       
visgrd author sitemap                                                                         
visgrd property name phob                                                                            
visgrd qualifying points    432
visgrd default map values       1      -0.50     13
visgrd number of dims    3
visgrd dimensions         27        24        26
visgrd axis scales      0.700     0.700     0.700

visgrd volume hbacceptor                                                                      
visgrd author sitemap                                                                         
visgrd property name accptr                                                                          
visgrd qualifying points     67
visgrd default map values       1      -8.00     16
visgrd number of dims    3
visgrd dimensions         27        24        26
visgrd axis scales      0.700     0.700     0.700

visgrd volume hbdonor                                                                         
visgrd author sitemap                                                                         
visgrd property name donor                                                                           
visgrd qualifying points    166
visgrd default map values       1      -8.00      5
visgrd number of dims    3
visgrd dimensions         27        24        26
visgrd axis scales      0.700     0.700     0.700

-- Evaluating site  1 --
Ligand/site-points file: 
Protein coordinates/parameters file: 
extend =   3
 Verbosity flags: F F F F F
all SiteMap grid files will be read
the protein charges will be modified to reduce formal charges and adjust donor/acceptor potentials
protein radii will be modified to allow closer approach to donor and acceptor heteroatoms
phobic areas emphasize enclosed regions and deemphasize exposed regions using alternative method
site-point set will be augmented by including significant nearby points
  threshold for adding phobic points:  -0.500
  threshold for adding philic points:  -8.000
base name for SiteMap grid files: 
 Reusing grid data
reusing site data
Number of protein atoms:    5675
 
phobic grid file reshaped
philic grid file reshaped
donor grid file reshaped
acceptor grid file reshaped
metal grid file reshaped
surf grid file reshaped
 maximum number of atoms in a sitebox =           8


Number of site points   26  first shell   34  higher shells   65   dirscore   0.783
1 vdw  -1.293   phob  -0.552   phil  -1.811   donor  -1.676   acceptor  -0.134   metal   0.000
2               phob  -0.283   phil  -1.615   donor  -0.055   acceptor  -1.560   metal   0.000

SiteScore size   Dscore  volume  exposure enclosure contact  phobic   philic   balance  don/acc
  0.965    53    0.997   206.49    0.651    0.783    0.997    1.962    0.483    4.059   12.484

-- Done with site  1 --

== End SiteMap calculation ==

Wrote 1 sites to "md0_crop166_sph_out.maegz".

Current time: Sun Jan 22 12:05:06 2023
Elapsed time: 0:00:04.95
SiteMap successfully completed.

