--------------------------------------------------------------------------------
JobId          : X299-0-63cd0eba
Name           : md0_crop211_sph
Program        : SiteMap
Version        : 2021-4 build 135
Host           : X299
Dir            : /mnt/3a29b482-dac1-4563-be89-d63ad92354e9/cers_modelling/md_sampling_cers_models/charmm_gui_systems/cers2_10pc_chol/sitemaps
HostEntry      : localhost
JobHost        : X299
JobDir         : /scratch/tamir/md0_crop211_sph
JobSchrodinger : /opt/schrodinger2021-4
Commandline    : /opt/schrodinger2021-4/sitemap md0_crop211_sph.in -WAIT
StartTime      : 2023-01-22-12:23:55
--------------------------------------------------------------------------------

== Begin input keywords ==
ADDPHIL  -8.0
ADDPHOB  -0.5
ADDSP  True
COMPRESS  True
CUTOFF  20.0
D2THRESH  3.1
DTHRESH  6.5
DVSCALE  2.5
ENCLOSURE  0.5
EXTEND  3
FAKE  False
FFIELD  OPLS_2005
GRID  0.7
KEEPELEC  False
KEEPVDW  False
KEEPVOLPTS  True
KMAX  3
KMAX2  5
MAPDIST  4.0
MARGIN  6.0
MAXDIST  8.0
MAXSITES  1
MAXVDW  1.1
MINGROUP  3
MODCHARGES  True
MODPHOBIC  3
NEARRES  3.5
NTHRESH  3
PROT  md0_crop211.mae
R2THRESH  4.1
REPORTSIZE  10
ROUND  False
RTHRESH  5.0
VERBOSITY  0
WRITEGRIDS  False
WRITEPOT  False
WRITESTRUCTS  True
WRITEVIS  True
XCENT  45.84199905395508
XRANGE  10.0
YCENT  38.526999950408936
YRANGE  10.0
ZCENT  63.83500099182129
ZRANGE  10.0
== End input keywords ==

== Begin single-receptor SiteMap calculation ==

-- Begin site search --
 Parameters for this calculation:
 sitecut =  0.500000000000000     
 sitescmin =   1.10000000000000     
 afactor =   1.00000000000000     
 bfactor =   1.00000000000000     
 imaxsite =           8
 ithresh =           3
 mingroup =           3
 kmax =           3
 kmax2 =           5
 r2thresh =   4.10000000000000     
 dvscale =   2.50000000000000     
 dvscnorm =   2.50000000000000     
 dvscbig =   2.50000000000000     
 border =   2.00000000000000     
 dthresh =   6.50000000000000     
 rthresh =   5.00000000000000     
 maxgroup =         100
 r2thresh =   4.10000000000000     
 nthresh =           3
 ndir =         110
 use_vdw = T
 repname = none
 repsize =          10
 maxrep =           1
 sitelis = sites.lis
 profile = none
 sitelig = none
 siteasl = none
 use_sitelig =  F
 sitebox =  -999.000000000000     
 writepdb =  F
 number of protein atoms =        5674
Starting findsites:  Sunday, January 22 2023, at 12:23:58 IST
ptypes obtained:  Sunday, January 22 2023, at 12:23:58 IST
lj parameters obtained:  Sunday, January 22 2023, at 12:23:58 IST
Basic parameters obtained:  Sunday, January 22 2023, at 12:23:58 IST
Receptor parameterization completed:  Sunday, January 22 2023, at 12:23:58 IST
 scaled value of sitecut =   55.0000000000000     
 sphere directions set up         110
Sunday, January 22 2023, at 12:23:58 IST
 FINDSITE will use user-specified box
Centroid of box:  45.842  38.527  63.835
 boundaries   40.8419990539551        50.8419990539551     
   33.5269999504089        43.5269999504089        58.8350009918213     
   68.8350009918213     
 box          10          10          10
 maximum number of atoms in a sitebox =           7
Site points found:  Sunday, January 22 2023, at 12:23:58 IST
 boxes, patoms in boxes, empty boxes =         125         212          46
 total, outside sites =        1000         301
Site points pruned:  Sunday, January 22 2023, at 12:23:58 IST
final goodsites =        20
         3 sites will be removed
        17 good sites remain
Number of site groups found =     2

  Group  index  size  score     x       y       z     stdev
    1      2     13    1.33   47.60   39.90   63.21    1.25
    2      1      4    1.52   44.42   37.53   66.41    0.70

Inter-group relationships
     g1     g2     n1     n2    dmin    davg   spread  ratio     x1      y1      z1      x2      y2      z2
      1      2     13      4    3.00    5.09    1.95    2.62   47.60   39.90   63.21   44.42   37.53   66.41
 groups           1           2  will be considered for merger
site groups connected   45.84   37.53   63.84  12    4.00   4   3   3
                        43.84   37.53   63.84
 successful merge of groups           1           2
Number of site groups found =     1

  Group  index  size  score     x       y       z     stdev
    1      1     17    1.37   46.77   39.28   64.04    2.51
Sites linked and merged:  Sunday, January 22 2023, at 12:23:58 IST
 Storing receptor data

Site-finding complete.
Number of sites to map/eval:  1

-- Mapping site  1 --
jobname: md0_crop211_sph_site_1
all SiteMap grid files will be generated
 philic map specified
 phobic map specified
 donor map specified
 acceptor map specified
 metal-ligation map specified
 surface-display map specified
grid margin:     6.00
grid spacing:     0.70
non-bonded cutoff:    20.00
ligand/sitepoints file: 
protein coordinates/parameters file: 
output map/grid files will be written to the current directory
vis files will be written
protein charges will be modified to reduce formal charges and adjust donor/acceptor potentials
protein radii will be modified to allow closer approach to donor and acceptor heteroatoms
phobic areas will be modified to emphasize enclosed regions and to deemphasize exposed regions using alternative method
all input instructions read
 Getting site data
ligand xcm,ycm,zcm,xrange,yrange,zrange 46.342 39.527 64.335  5.000  4.000  5.000

 Reusing receptor data from site-finding stage.

Sitemap: electrostatic+vdw interaction energy
Map field of *enzyme* in region of *inhibitor*

computing site maps ...
grid lim (orig)  37.842  54.842  31.527  47.527  55.835  72.835
grid lim (adj)   37.592  55.092  31.477  47.577  55.585  73.085
grid point counts   26   24   26
total grid points   16224

 5674 receptor atoms read
grid: adjdip
number of grid points within emin, emax limits =    14571
 maximum grid value before cutoff =               -0.017
 minimum grid value before cutoff =   -501.011

philic and phobic grids formed
grid: surf
number of grid points within emin, emax limits =     2826
 maximum grid value before cutoff =         33922394.575
 minimum grid value before cutoff =     -2.897

grid: phil
number of grid points within emin, emax limits =     4800
 maximum grid value before cutoff =         33922344.575
 minimum grid value before cutoff =    -22.507

grid: phob
number of grid points within emin, emax limits =     3608
 maximum grid value before cutoff =         33922409.575
 minimum grid value before cutoff =     -2.151

mod_phobic: phobthresh, philthresh =  -0.250  -3.000
 maximum number of atoms in a sitebox =           9
 boxes, patoms in boxes, empty boxes =       12369        5674       10272
Average phobic potential changed from  -0.764 to  -0.426 for 1155 grid points

number of phobic points =  2820   average phobic score =   0.49
number of philic points =  1980   average philic score =  -3.54

number of qualifying surf grid points =      539

number of qualifying phil grid points =      250

number of qualifying phob grid points =      140

number of qualifying accptr grid points =       72

number of qualifying donor grid points =      152

number of qualifying metal grid points =        0

visgrd volume surf                                                                            
visgrd author sitemap                                                                         
visgrd property name surf                                                                            
visgrd qualifying points   4474
visgrd default map values       1       1.00      2
visgrd number of dims    3
visgrd dimensions         26        24        26
visgrd axis scales      0.700     0.700     0.700

visgrd volume hydrophil                                                                       
visgrd author sitemap                                                                         
visgrd property name phil                                                                            
visgrd qualifying points    250
visgrd default map values       1      -8.00     10
visgrd number of dims    3
visgrd dimensions         26        24        26
visgrd axis scales      0.700     0.700     0.700

visgrd volume hydrophob                                                                       
visgrd author sitemap                                                                         
visgrd property name phob                                                                            
visgrd qualifying points    341
visgrd default map values       1      -0.50     13
visgrd number of dims    3
visgrd dimensions         26        24        26
visgrd axis scales      0.700     0.700     0.700

visgrd volume hbacceptor                                                                      
visgrd author sitemap                                                                         
visgrd property name accptr                                                                          
visgrd qualifying points     72
visgrd default map values       1      -8.00     16
visgrd number of dims    3
visgrd dimensions         26        24        26
visgrd axis scales      0.700     0.700     0.700

visgrd volume hbdonor                                                                         
visgrd author sitemap                                                                         
visgrd property name donor                                                                           
visgrd qualifying points    152
visgrd default map values       1      -8.00      5
visgrd number of dims    3
visgrd dimensions         26        24        26
visgrd axis scales      0.700     0.700     0.700

-- Evaluating site  1 --
Ligand/site-points file: 
Protein coordinates/parameters file: 
extend =   3
 Verbosity flags: F F F F F
all SiteMap grid files will be read
the protein charges will be modified to reduce formal charges and adjust donor/acceptor potentials
protein radii will be modified to allow closer approach to donor and acceptor heteroatoms
phobic areas emphasize enclosed regions and deemphasize exposed regions using alternative method
site-point set will be augmented by including significant nearby points
  threshold for adding phobic points:  -0.500
  threshold for adding philic points:  -8.000
base name for SiteMap grid files: 
 Reusing grid data
reusing site data
Number of protein atoms:    5674
 
phobic grid file reshaped
philic grid file reshaped
donor grid file reshaped
acceptor grid file reshaped
metal grid file reshaped
surf grid file reshaped
 maximum number of atoms in a sitebox =           9


Number of site points   17  first shell   16  higher shells   53   dirscore   0.747
1 vdw  -1.226   phob  -0.623   phil  -1.197   donor  -1.119   acceptor  -0.078   metal   0.000
2               phob  -0.298   phil  -1.194   donor  -0.101   acceptor  -1.092   metal   0.000

SiteScore size   Dscore  volume  exposure enclosure contact  phobic   philic   balance  don/acc
  0.833    29    0.850   172.87    0.704    0.747    0.946    2.073    0.320    6.484   14.321

-- Done with site  1 --

== End SiteMap calculation ==

Wrote 1 sites to "md0_crop211_sph_out.maegz".

Current time: Sun Jan 22 12:24:00 2023
Elapsed time: 0:00:04.81
SiteMap successfully completed.

