--------------------------------------------------------------------------------
JobId          : X299-0-63cd255f
Name           : md0_crop451_coa
Program        : SiteMap
Version        : 2021-4 build 135
Host           : X299
Dir            : /mnt/3a29b482-dac1-4563-be89-d63ad92354e9/cers_modelling/md_sampling_cers_models/charmm_gui_systems/cers2_10pc_chol/sitemaps
HostEntry      : localhost
JobHost        : X299
JobDir         : /scratch/tamir/md0_crop451_coa
JobSchrodinger : /opt/schrodinger2021-4
Commandline    : /opt/schrodinger2021-4/sitemap md0_crop451_coa.in -WAIT
StartTime      : 2023-01-22-14:00:31
--------------------------------------------------------------------------------

== Begin input keywords ==
ADDPHIL  -8.0
ADDPHOB  -0.5
ADDSP  True
COMPRESS  True
CUTOFF  20.0
D2THRESH  3.1
DTHRESH  6.5
DVSCALE  2.5
ENCLOSURE  0.5
EXTEND  3
FAKE  False
FFIELD  OPLS_2005
GRID  0.7
KEEPELEC  False
KEEPVDW  False
KEEPVOLPTS  True
KMAX  3
KMAX2  5
MAPDIST  4.0
MARGIN  6.0
MAXDIST  8.0
MAXSITES  1
MAXVDW  1.1
MINGROUP  3
MODCHARGES  True
MODPHOBIC  3
NEARRES  3.5
NTHRESH  3
PROT  md0_crop451.mae
R2THRESH  4.1
REPORTSIZE  10
ROUND  False
RTHRESH  5.0
VERBOSITY  0
WRITEGRIDS  False
WRITEPOT  False
WRITESTRUCTS  True
WRITEVIS  True
XCENT  57.448997497558594
XRANGE  10.0
YCENT  46.329002380371094
YRANGE  10.0
ZCENT  76.93199634552002
ZRANGE  10.0
== End input keywords ==

== Begin single-receptor SiteMap calculation ==

-- Begin site search --
 Parameters for this calculation:
 sitecut =  0.500000000000000     
 sitescmin =   1.10000000000000     
 afactor =   1.00000000000000     
 bfactor =   1.00000000000000     
 imaxsite =           8
 ithresh =           3
 mingroup =           3
 kmax =           3
 kmax2 =           5
 r2thresh =   4.10000000000000     
 dvscale =   2.50000000000000     
 dvscnorm =   2.50000000000000     
 dvscbig =   2.50000000000000     
 border =   2.00000000000000     
 dthresh =   6.50000000000000     
 rthresh =   5.00000000000000     
 maxgroup =         100
 r2thresh =   4.10000000000000     
 nthresh =           3
 ndir =         110
 use_vdw = T
 repname = none
 repsize =          10
 maxrep =           1
 sitelis = sites.lis
 profile = none
 sitelig = none
 siteasl = none
 use_sitelig =  F
 sitebox =  -999.000000000000     
 writepdb =  F
 number of protein atoms =        5676
Starting findsites:  Sunday, January 22 2023, at 14:00:35 IST
ptypes obtained:  Sunday, January 22 2023, at 14:00:35 IST
lj parameters obtained:  Sunday, January 22 2023, at 14:00:35 IST
Basic parameters obtained:  Sunday, January 22 2023, at 14:00:35 IST
Receptor parameterization completed:  Sunday, January 22 2023, at 14:00:35 IST
 scaled value of sitecut =   55.0000000000000     
 sphere directions set up         110
Sunday, January 22 2023, at 14:00:35 IST
 FINDSITE will use user-specified box
Centroid of box:  57.449  46.329  76.932
 boundaries   52.4489974975586        62.4489974975586     
   41.3290023803711        51.3290023803711        71.9319963455200     
   81.9319963455200     
 box          10          10          10
 maximum number of atoms in a sitebox =           7
Site points found:  Sunday, January 22 2023, at 14:00:35 IST
 boxes, patoms in boxes, empty boxes =         125         254          30
 total, outside sites =        1000         100
Site points pruned:  Sunday, January 22 2023, at 14:00:35 IST
final goodsites =        23
         4 sites will be removed
        19 good sites remain
Number of site groups found =     1

  Group  index  size  score     x       y       z     stdev
    1      1     19    1.57   55.04   49.01   74.68    1.51
Sites linked and merged:  Sunday, January 22 2023, at 14:00:35 IST
 Storing receptor data

Site-finding complete.
Number of sites to map/eval:  1

-- Mapping site  1 --
jobname: md0_crop451_coa_site_1
all SiteMap grid files will be generated
 philic map specified
 phobic map specified
 donor map specified
 acceptor map specified
 metal-ligation map specified
 surface-display map specified
grid margin:     6.00
grid spacing:     0.70
non-bonded cutoff:    20.00
ligand/sitepoints file: 
protein coordinates/parameters file: 
output map/grid files will be written to the current directory
vis files will be written
protein charges will be modified to reduce formal charges and adjust donor/acceptor potentials
protein radii will be modified to allow closer approach to donor and acceptor heteroatoms
phobic areas will be modified to emphasize enclosed regions and to deemphasize exposed regions using alternative method
all input instructions read
 Getting site data
ligand xcm,ycm,zcm,xrange,yrange,zrange 55.449 48.829 74.932  2.000  3.000  4.000

 Reusing receptor data from site-finding stage.

Sitemap: electrostatic+vdw interaction energy
Map field of *enzyme* in region of *inhibitor*

computing site maps ...
grid lim (orig)  48.449  62.449  41.329  56.329  66.932  82.932
grid lim (adj)   48.099  62.799  41.129  56.529  66.882  82.982
grid point counts   22   23   24
total grid points   12144

 5676 receptor atoms read
grid: adjdip
number of grid points within emin, emax limits =     9737
 maximum grid value before cutoff =               -0.134
 minimum grid value before cutoff =   -681.422

philic and phobic grids formed
grid: surf
number of grid points within emin, emax limits =     2099
 maximum grid value before cutoff =         39645298.522
 minimum grid value before cutoff =     -2.653

grid: phil
number of grid points within emin, emax limits =     1645
 maximum grid value before cutoff =         39645248.522
 minimum grid value before cutoff =    -25.196

grid: phob
number of grid points within emin, emax limits =      657
 maximum grid value before cutoff =         39645313.522
 minimum grid value before cutoff =     -2.024

mod_phobic: phobthresh, philthresh =  -0.250  -3.000
 maximum number of atoms in a sitebox =           8
 boxes, patoms in boxes, empty boxes =       10469        5676        8361
Average phobic potential changed from  -0.827 to  -0.543 for  170 grid points

number of phobic points =   344   average phobic score =   0.80
number of philic points =  1301   average philic score =  -6.56

number of qualifying surf grid points =      307

number of qualifying phil grid points =      405

number of qualifying phob grid points =       50

number of qualifying accptr grid points =      220

number of qualifying donor grid points =      177

number of qualifying metal grid points =        0

visgrd volume surf                                                                            
visgrd author sitemap                                                                         
visgrd property name surf                                                                            
visgrd qualifying points   1208
visgrd default map values       1       1.00      2
visgrd number of dims    3
visgrd dimensions         22        23        24
visgrd axis scales      0.700     0.700     0.700

visgrd volume hydrophil                                                                       
visgrd author sitemap                                                                         
visgrd property name phil                                                                            
visgrd qualifying points    405
visgrd default map values       1      -8.00     10
visgrd number of dims    3
visgrd dimensions         22        23        24
visgrd axis scales      0.700     0.700     0.700

visgrd volume hydrophob                                                                       
visgrd author sitemap                                                                         
visgrd property name phob                                                                            
visgrd qualifying points     79
visgrd default map values       1      -0.50     13
visgrd number of dims    3
visgrd dimensions         22        23        24
visgrd axis scales      0.700     0.700     0.700

visgrd volume hbacceptor                                                                      
visgrd author sitemap                                                                         
visgrd property name accptr                                                                          
visgrd qualifying points    220
visgrd default map values       1      -8.00     16
visgrd number of dims    3
visgrd dimensions         22        23        24
visgrd axis scales      0.700     0.700     0.700

visgrd volume hbdonor                                                                         
visgrd author sitemap                                                                         
visgrd property name donor                                                                           
visgrd qualifying points    177
visgrd default map values       1      -8.00      5
visgrd number of dims    3
visgrd dimensions         22        23        24
visgrd axis scales      0.700     0.700     0.700

-- Evaluating site  1 --
Ligand/site-points file: 
Protein coordinates/parameters file: 
extend =   3
 Verbosity flags: F F F F F
all SiteMap grid files will be read
the protein charges will be modified to reduce formal charges and adjust donor/acceptor potentials
protein radii will be modified to allow closer approach to donor and acceptor heteroatoms
phobic areas emphasize enclosed regions and deemphasize exposed regions using alternative method
site-point set will be augmented by including significant nearby points
  threshold for adding phobic points:  -0.500
  threshold for adding philic points:  -8.000
base name for SiteMap grid files: 
 Reusing grid data
reusing site data
Number of protein atoms:    5676
 
phobic grid file reshaped
philic grid file reshaped
donor grid file reshaped
acceptor grid file reshaped
metal grid file reshaped
surf grid file reshaped
 maximum number of atoms in a sitebox =           8


Number of site points   19  first shell   31  higher shells   31   dirscore   0.927
1 vdw  -1.615   phob  -0.267   phil  -5.465   donor  -1.873   acceptor  -3.593   metal   0.000
2               phob  -0.104   phil  -5.186   donor  -3.008   acceptor  -2.178   metal   0.000

SiteScore size   Dscore  volume  exposure enclosure contact  phobic   philic   balance  don/acc
  0.866    37    0.652   115.59    0.626    0.927    1.246    0.721    1.459    0.494    0.521

-- Done with site  1 --

== End SiteMap calculation ==

Wrote 1 sites to "md0_crop451_coa_out.maegz".

Current time: Sun Jan 22 14:00:36 2023
Elapsed time: 0:00:03.98
SiteMap successfully completed.

