--------------------------------------------------------------------------------
JobId          : X299-0-63cd096f
Name           : md0_crop157_coa
Program        : SiteMap
Version        : 2021-4 build 135
Host           : X299
Dir            : /mnt/3a29b482-dac1-4563-be89-d63ad92354e9/cers_modelling/md_sampling_cers_models/charmm_gui_systems/cers2_10pc_chol/sitemaps
HostEntry      : localhost
JobHost        : X299
JobDir         : /scratch/tamir/md0_crop157_coa
JobSchrodinger : /opt/schrodinger2021-4
Commandline    : /opt/schrodinger2021-4/sitemap md0_crop157_coa.in -WAIT
StartTime      : 2023-01-22-12:01:19
--------------------------------------------------------------------------------

== Begin input keywords ==
ADDPHIL  -8.0
ADDPHOB  -0.5
ADDSP  True
COMPRESS  True
CUTOFF  20.0
D2THRESH  3.1
DTHRESH  6.5
DVSCALE  2.5
ENCLOSURE  0.5
EXTEND  3
FAKE  False
FFIELD  OPLS_2005
GRID  0.7
KEEPELEC  False
KEEPVDW  False
KEEPVOLPTS  True
KMAX  3
KMAX2  5
MAPDIST  4.0
MARGIN  6.0
MAXDIST  8.0
MAXSITES  1
MAXVDW  1.1
MINGROUP  3
MODCHARGES  True
MODPHOBIC  3
NEARRES  3.5
NTHRESH  3
PROT  md0_crop157.mae
R2THRESH  4.1
REPORTSIZE  10
ROUND  False
RTHRESH  5.0
VERBOSITY  0
WRITEGRIDS  False
WRITEPOT  False
WRITESTRUCTS  True
WRITEVIS  True
XCENT  57.98649787902832
XRANGE  10.0
YCENT  44.04399871826172
YRANGE  10.0
ZCENT  77.41199970245361
ZRANGE  10.0
== End input keywords ==

== Begin single-receptor SiteMap calculation ==

-- Begin site search --
 Parameters for this calculation:
 sitecut =  0.500000000000000     
 sitescmin =   1.10000000000000     
 afactor =   1.00000000000000     
 bfactor =   1.00000000000000     
 imaxsite =           8
 ithresh =           3
 mingroup =           3
 kmax =           3
 kmax2 =           5
 r2thresh =   4.10000000000000     
 dvscale =   2.50000000000000     
 dvscnorm =   2.50000000000000     
 dvscbig =   2.50000000000000     
 border =   2.00000000000000     
 dthresh =   6.50000000000000     
 rthresh =   5.00000000000000     
 maxgroup =         100
 r2thresh =   4.10000000000000     
 nthresh =           3
 ndir =         110
 use_vdw = T
 repname = none
 repsize =          10
 maxrep =           1
 sitelis = sites.lis
 profile = none
 sitelig = none
 siteasl = none
 use_sitelig =  F
 sitebox =  -999.000000000000     
 writepdb =  F
 number of protein atoms =        5674
Starting findsites:  Sunday, January 22 2023, at 12:01:22 IST
ptypes obtained:  Sunday, January 22 2023, at 12:01:23 IST
lj parameters obtained:  Sunday, January 22 2023, at 12:01:23 IST
Basic parameters obtained:  Sunday, January 22 2023, at 12:01:23 IST
Receptor parameterization completed:  Sunday, January 22 2023, at 12:01:23 IST
 scaled value of sitecut =   55.0000000000000     
 sphere directions set up         110
Sunday, January 22 2023, at 12:01:23 IST
 FINDSITE will use user-specified box
Centroid of box:  57.986  44.044  77.412
 boundaries   52.9864978790283        62.9864978790283     
   39.0439987182617        49.0439987182617        72.4119997024536     
   82.4119997024536     
 box          10          10          10
 maximum number of atoms in a sitebox =           6
Site points found:  Sunday, January 22 2023, at 12:01:23 IST
 boxes, patoms in boxes, empty boxes =         125         246          36
 total, outside sites =        1000         155
Site points pruned:  Sunday, January 22 2023, at 12:01:23 IST
final goodsites =        38
         2 sites will be removed
        36 good sites remain
Number of site groups found =     1

  Group  index  size  score     x       y       z     stdev
    1      1     36    1.33   56.49   45.64   75.89    2.15
Sites linked and merged:  Sunday, January 22 2023, at 12:01:23 IST
 Storing receptor data

Site-finding complete.
Number of sites to map/eval:  1

-- Mapping site  1 --
jobname: md0_crop157_coa_site_1
all SiteMap grid files will be generated
 philic map specified
 phobic map specified
 donor map specified
 acceptor map specified
 metal-ligation map specified
 surface-display map specified
grid margin:     6.00
grid spacing:     0.70
non-bonded cutoff:    20.00
ligand/sitepoints file: 
protein coordinates/parameters file: 
output map/grid files will be written to the current directory
vis files will be written
protein charges will be modified to reduce formal charges and adjust donor/acceptor potentials
protein radii will be modified to allow closer approach to donor and acceptor heteroatoms
phobic areas will be modified to emphasize enclosed regions and to deemphasize exposed regions using alternative method
all input instructions read
 Getting site data
ligand xcm,ycm,zcm,xrange,yrange,zrange 57.986 45.044 75.412  6.000  4.000  4.000

 Reusing receptor data from site-finding stage.

Sitemap: electrostatic+vdw interaction energy
Map field of *enzyme* in region of *inhibitor*

computing site maps ...
grid lim (orig)  48.986  66.986  37.044  53.044  67.412  83.412
grid lim (adj)   48.886  67.086  36.994  53.094  67.362  83.462
grid point counts   27   24   24
total grid points   15552

 5674 receptor atoms read
grid: adjdip
number of grid points within emin, emax limits =    12761
 maximum grid value before cutoff =               -0.211
 minimum grid value before cutoff =   -627.285

philic and phobic grids formed
grid: surf
number of grid points within emin, emax limits =     2478
 maximum grid value before cutoff =         44096983.709
 minimum grid value before cutoff =     -2.976

grid: phil
number of grid points within emin, emax limits =     2345
 maximum grid value before cutoff =         44096933.709
 minimum grid value before cutoff =    -23.642

grid: phob
number of grid points within emin, emax limits =     1079
 maximum grid value before cutoff =         44096998.709
 minimum grid value before cutoff =     -2.340

mod_phobic: phobthresh, philthresh =  -0.250  -3.000
 maximum number of atoms in a sitebox =           9
 boxes, patoms in boxes, empty boxes =       11571        5674        9473
Average phobic potential changed from  -0.884 to  -0.564 for  379 grid points

number of phobic points =   460   average phobic score =   0.88
number of philic points =  1885   average philic score =  -5.85

number of qualifying surf grid points =      365

number of qualifying phil grid points =      480

number of qualifying phob grid points =       99

number of qualifying accptr grid points =      198

number of qualifying donor grid points =      264

number of qualifying metal grid points =        0

visgrd volume surf                                                                            
visgrd author sitemap                                                                         
visgrd property name surf                                                                            
visgrd qualifying points   1838
visgrd default map values       1       1.00      2
visgrd number of dims    3
visgrd dimensions         27        24        24
visgrd axis scales      0.700     0.700     0.700

visgrd volume hydrophil                                                                       
visgrd author sitemap                                                                         
visgrd property name phil                                                                            
visgrd qualifying points    480
visgrd default map values       1      -8.00     10
visgrd number of dims    3
visgrd dimensions         27        24        24
visgrd axis scales      0.700     0.700     0.700

visgrd volume hydrophob                                                                       
visgrd author sitemap                                                                         
visgrd property name phob                                                                            
visgrd qualifying points    208
visgrd default map values       1      -0.50     13
visgrd number of dims    3
visgrd dimensions         27        24        24
visgrd axis scales      0.700     0.700     0.700

visgrd volume hbacceptor                                                                      
visgrd author sitemap                                                                         
visgrd property name accptr                                                                          
visgrd qualifying points    198
visgrd default map values       1      -8.00     16
visgrd number of dims    3
visgrd dimensions         27        24        24
visgrd axis scales      0.700     0.700     0.700

visgrd volume hbdonor                                                                         
visgrd author sitemap                                                                         
visgrd property name donor                                                                           
visgrd qualifying points    264
visgrd default map values       1      -8.00      5
visgrd number of dims    3
visgrd dimensions         27        24        24
visgrd axis scales      0.700     0.700     0.700

-- Evaluating site  1 --
Ligand/site-points file: 
Protein coordinates/parameters file: 
extend =   3
 Verbosity flags: F F F F F
all SiteMap grid files will be read
the protein charges will be modified to reduce formal charges and adjust donor/acceptor potentials
protein radii will be modified to allow closer approach to donor and acceptor heteroatoms
phobic areas emphasize enclosed regions and deemphasize exposed regions using alternative method
site-point set will be augmented by including significant nearby points
  threshold for adding phobic points:  -0.500
  threshold for adding philic points:  -8.000
base name for SiteMap grid files: 
 Reusing grid data
reusing site data
Number of protein atoms:    5674
 
phobic grid file reshaped
philic grid file reshaped
donor grid file reshaped
acceptor grid file reshaped
metal grid file reshaped
surf grid file reshaped
 maximum number of atoms in a sitebox =           9


Number of site points   36  first shell   51  higher shells   55   dirscore   0.885
1 vdw  -1.515   phob  -0.348   phil  -4.433   donor  -2.473   acceptor  -1.960   metal   0.000
2               phob  -0.150   phil  -4.214   donor  -1.554   acceptor  -2.659   metal   0.000

SiteScore size   Dscore  volume  exposure enclosure contact  phobic   philic   balance  don/acc
  1.001    69    0.926   238.73    0.606    0.885    1.169    1.040    1.184    0.879    1.262

-- Done with site  1 --

== End SiteMap calculation ==

Wrote 1 sites to "md0_crop157_coa_out.maegz".

Current time: Sun Jan 22 12:01:24 2023
Elapsed time: 0:00:04.69
SiteMap successfully completed.

