--------------------------------------------------------------------------------
JobId          : X299-0-63cd2079
Name           : md0_crop39_sph
Program        : SiteMap
Version        : 2021-4 build 135
Host           : X299
Dir            : /mnt/3a29b482-dac1-4563-be89-d63ad92354e9/cers_modelling/md_sampling_cers_models/charmm_gui_systems/cers2_10pc_chol/sitemaps
HostEntry      : localhost
JobHost        : X299
JobDir         : /scratch/tamir/md0_crop39_sph
JobSchrodinger : /opt/schrodinger2021-4
Commandline    : /opt/schrodinger2021-4/sitemap md0_crop39_sph.in -WAIT
StartTime      : 2023-01-22-13:39:37
--------------------------------------------------------------------------------

== Begin input keywords ==
ADDPHIL  -8.0
ADDPHOB  -0.5
ADDSP  True
COMPRESS  True
CUTOFF  20.0
D2THRESH  3.1
DTHRESH  6.5
DVSCALE  2.5
ENCLOSURE  0.5
EXTEND  3
FAKE  False
FFIELD  OPLS_2005
GRID  0.7
KEEPELEC  False
KEEPVDW  False
KEEPVOLPTS  True
KMAX  3
KMAX2  5
MAPDIST  4.0
MARGIN  6.0
MAXDIST  8.0
MAXSITES  1
MAXVDW  1.1
MINGROUP  3
MODCHARGES  True
MODPHOBIC  3
NEARRES  3.5
NTHRESH  3
PROT  md0_crop39.mae
R2THRESH  4.1
REPORTSIZE  10
ROUND  False
RTHRESH  5.0
VERBOSITY  0
WRITEGRIDS  False
WRITEPOT  False
WRITESTRUCTS  True
WRITEVIS  True
XCENT  48.58799934387207
XRANGE  10.0
YCENT  40.032997131347656
YRANGE  10.0
ZCENT  57.775001525878906
ZRANGE  10.0
== End input keywords ==

== Begin single-receptor SiteMap calculation ==

-- Begin site search --
 Parameters for this calculation:
 sitecut =  0.500000000000000     
 sitescmin =   1.10000000000000     
 afactor =   1.00000000000000     
 bfactor =   1.00000000000000     
 imaxsite =           8
 ithresh =           3
 mingroup =           3
 kmax =           3
 kmax2 =           5
 r2thresh =   4.10000000000000     
 dvscale =   2.50000000000000     
 dvscnorm =   2.50000000000000     
 dvscbig =   2.50000000000000     
 border =   2.00000000000000     
 dthresh =   6.50000000000000     
 rthresh =   5.00000000000000     
 maxgroup =         100
 r2thresh =   4.10000000000000     
 nthresh =           3
 ndir =         110
 use_vdw = T
 repname = none
 repsize =          10
 maxrep =           1
 sitelis = sites.lis
 profile = none
 sitelig = none
 siteasl = none
 use_sitelig =  F
 sitebox =  -999.000000000000     
 writepdb =  F
 number of protein atoms =        5675
Starting findsites:  Sunday, January 22 2023, at 13:39:40 IST
ptypes obtained:  Sunday, January 22 2023, at 13:39:41 IST
lj parameters obtained:  Sunday, January 22 2023, at 13:39:41 IST
Basic parameters obtained:  Sunday, January 22 2023, at 13:39:41 IST
Receptor parameterization completed:  Sunday, January 22 2023, at 13:39:41 IST
 scaled value of sitecut =   55.0000000000000     
 sphere directions set up         110
Sunday, January 22 2023, at 13:39:41 IST
 FINDSITE will use user-specified box
Centroid of box:  48.588  40.033  57.775
 boundaries   43.5879993438721        53.5879993438721     
   35.0329971313477        45.0329971313477        52.7750015258789     
   62.7750015258789     
 box          10          10          10
 maximum number of atoms in a sitebox =           8
Site points found:  Sunday, January 22 2023, at 13:39:41 IST
 boxes, patoms in boxes, empty boxes =         125         219          45
 total, outside sites =        1000         277
Site points pruned:  Sunday, January 22 2023, at 13:39:41 IST
final goodsites =        13
         6 sites will be removed
         7 good sites remain
Number of site groups found =     2

  Group  index  size  score     x       y       z     stdev
    1      1      5    1.46   48.24   39.24   58.22    0.80
    2      2      2    1.22   50.59   40.03   55.30    0.50

Inter-group relationships
     g1     g2     n1     n2    dmin    davg   spread  ratio     x1      y1      z1      x2      y2      z2
Sites linked and merged:  Sunday, January 22 2023, at 13:39:41 IST
 Storing receptor data

Site-finding complete.
Number of sites to map/eval:  1

-- Mapping site  1 --
jobname: md0_crop39_sph_site_1
all SiteMap grid files will be generated
 philic map specified
 phobic map specified
 donor map specified
 acceptor map specified
 metal-ligation map specified
 surface-display map specified
grid margin:     6.00
grid spacing:     0.70
non-bonded cutoff:    20.00
ligand/sitepoints file: 
protein coordinates/parameters file: 
output map/grid files will be written to the current directory
vis files will be written
protein charges will be modified to reduce formal charges and adjust donor/acceptor potentials
protein radii will be modified to allow closer approach to donor and acceptor heteroatoms
phobic areas will be modified to emphasize enclosed regions and to deemphasize exposed regions using alternative method
all input instructions read
 Getting site data
ligand xcm,ycm,zcm,xrange,yrange,zrange 48.088 39.533 58.275  1.000  1.000  1.000

 Reusing receptor data from site-finding stage.

Sitemap: electrostatic+vdw interaction energy
Map field of *enzyme* in region of *inhibitor*

computing site maps ...
grid lim (orig)  41.588  54.588  33.033  46.033  51.775  64.775
grid lim (adj)   41.438  54.738  32.883  46.183  51.625  64.925
grid point counts   20   20   20
total grid points    8000

 5675 receptor atoms read
grid: adjdip
number of grid points within emin, emax limits =     7192
 maximum grid value before cutoff =               -0.019
 minimum grid value before cutoff =   -452.216

philic and phobic grids formed
grid: surf
number of grid points within emin, emax limits =     1424
 maximum grid value before cutoff =         40272500.327
 minimum grid value before cutoff =     -2.481

grid: phil
number of grid points within emin, emax limits =     2428
 maximum grid value before cutoff =         40272450.327
 minimum grid value before cutoff =    -14.404

grid: phob
number of grid points within emin, emax limits =     2022
 maximum grid value before cutoff =         40272515.327
 minimum grid value before cutoff =     -1.835

mod_phobic: phobthresh, philthresh =  -0.250  -3.000
 maximum number of atoms in a sitebox =           8
 boxes, patoms in boxes, empty boxes =       13167        5675       11056
Average phobic potential changed from  -0.731 to  -0.376 for  657 grid points

number of phobic points =  1699   average phobic score =   0.47
number of philic points =   729   average philic score =  -2.50

number of qualifying surf grid points =      288

number of qualifying phil grid points =       51

number of qualifying phob grid points =       42

number of qualifying accptr grid points =        0

number of qualifying donor grid points =       47

number of qualifying metal grid points =        0

visgrd volume surf                                                                            
visgrd author sitemap                                                                         
visgrd property name surf                                                                            
visgrd qualifying points   2317
visgrd default map values       1       1.00      2
visgrd number of dims    3
visgrd dimensions         20        20        20
visgrd axis scales      0.700     0.700     0.700

visgrd volume hydrophil                                                                       
visgrd author sitemap                                                                         
visgrd property name phil                                                                            
visgrd qualifying points     51
visgrd default map values       1      -8.00     10
visgrd number of dims    3
visgrd dimensions         20        20        20
visgrd axis scales      0.700     0.700     0.700

visgrd volume hydrophob                                                                       
visgrd author sitemap                                                                         
visgrd property name phob                                                                            
visgrd qualifying points    178
visgrd default map values       1      -0.50     13
visgrd number of dims    3
visgrd dimensions         20        20        20
visgrd axis scales      0.700     0.700     0.700

visgrd volume hbdonor                                                                         
visgrd author sitemap                                                                         
visgrd property name donor                                                                           
visgrd qualifying points     47
visgrd default map values       1      -8.00      5
visgrd number of dims    3
visgrd dimensions         20        20        20
visgrd axis scales      0.700     0.700     0.700

-- Evaluating site  1 --
Ligand/site-points file: 
Protein coordinates/parameters file: 
extend =   3
 Verbosity flags: F F F F F
all SiteMap grid files will be read
the protein charges will be modified to reduce formal charges and adjust donor/acceptor potentials
protein radii will be modified to allow closer approach to donor and acceptor heteroatoms
phobic areas emphasize enclosed regions and deemphasize exposed regions using alternative method
site-point set will be augmented by including significant nearby points
  threshold for adding phobic points:  -0.500
  threshold for adding philic points:  -8.000
base name for SiteMap grid files: 
 Reusing grid data
reusing site data
Number of protein atoms:    5675
 
phobic grid file reshaped
philic grid file reshaped
donor grid file reshaped
acceptor grid file reshaped
metal grid file reshaped
surf grid file reshaped
 maximum number of atoms in a sitebox =           8


Number of site points    5  first shell   11  higher shells   37   dirscore   0.708
1 vdw  -1.134   phob  -0.640   phil  -0.781   donor  -0.732   acceptor  -0.049   metal   0.000
2               phob  -0.313   phil  -0.627   donor  -0.000   acceptor  -0.626   metal   0.000

SiteScore size   Dscore  volume  exposure enclosure contact  phobic   philic   balance  don/acc
  0.708    14    0.708    65.51    0.774    0.708    0.875    2.171    0.209   10.411   14.956

-- Done with site  1 --

== End SiteMap calculation ==

Wrote 1 sites to "md0_crop39_sph_out.maegz".

Current time: Sun Jan 22 13:39:42 2023
Elapsed time: 0:00:04.13
SiteMap successfully completed.

