--------------------------------------------------------------------------------
JobId          : X299-0-63cd2370
Name           : md0_crop430_sph
Program        : SiteMap
Version        : 2021-4 build 135
Host           : X299
Dir            : /mnt/3a29b482-dac1-4563-be89-d63ad92354e9/cers_modelling/md_sampling_cers_models/charmm_gui_systems/cers2_10pc_chol/sitemaps
HostEntry      : localhost
JobHost        : X299
JobDir         : /scratch/tamir/md0_crop430_sph
JobSchrodinger : /opt/schrodinger2021-4
Commandline    : /opt/schrodinger2021-4/sitemap md0_crop430_sph.in -WAIT
StartTime      : 2023-01-22-13:52:17
--------------------------------------------------------------------------------

== Begin input keywords ==
ADDPHIL  -8.0
ADDPHOB  -0.5
ADDSP  True
COMPRESS  True
CUTOFF  20.0
D2THRESH  3.1
DTHRESH  6.5
DVSCALE  2.5
ENCLOSURE  0.5
EXTEND  3
FAKE  False
FFIELD  OPLS_2005
GRID  0.7
KEEPELEC  False
KEEPVDW  False
KEEPVOLPTS  True
KMAX  3
KMAX2  5
MAPDIST  4.0
MARGIN  6.0
MAXDIST  8.0
MAXSITES  1
MAXVDW  1.1
MINGROUP  3
MODCHARGES  True
MODPHOBIC  3
NEARRES  3.5
NTHRESH  3
PROT  md0_crop430.mae
R2THRESH  4.1
REPORTSIZE  10
ROUND  False
RTHRESH  5.0
VERBOSITY  0
WRITEGRIDS  False
WRITEPOT  False
WRITESTRUCTS  True
WRITEVIS  True
XCENT  43.6870002746582
XRANGE  10.0
YCENT  41.86200141906738
YRANGE  10.0
ZCENT  69.41400051116943
ZRANGE  10.0
== End input keywords ==

== Begin single-receptor SiteMap calculation ==

-- Begin site search --
 Parameters for this calculation:
 sitecut =  0.500000000000000     
 sitescmin =   1.10000000000000     
 afactor =   1.00000000000000     
 bfactor =   1.00000000000000     
 imaxsite =           8
 ithresh =           3
 mingroup =           3
 kmax =           3
 kmax2 =           5
 r2thresh =   4.10000000000000     
 dvscale =   2.50000000000000     
 dvscnorm =   2.50000000000000     
 dvscbig =   2.50000000000000     
 border =   2.00000000000000     
 dthresh =   6.50000000000000     
 rthresh =   5.00000000000000     
 maxgroup =         100
 r2thresh =   4.10000000000000     
 nthresh =           3
 ndir =         110
 use_vdw = T
 repname = none
 repsize =          10
 maxrep =           1
 sitelis = sites.lis
 profile = none
 sitelig = none
 siteasl = none
 use_sitelig =  F
 sitebox =  -999.000000000000     
 writepdb =  F
 number of protein atoms =        5673
Starting findsites:  Sunday, January 22 2023, at 13:52:20 IST
ptypes obtained:  Sunday, January 22 2023, at 13:52:21 IST
lj parameters obtained:  Sunday, January 22 2023, at 13:52:21 IST
Basic parameters obtained:  Sunday, January 22 2023, at 13:52:21 IST
Receptor parameterization completed:  Sunday, January 22 2023, at 13:52:21 IST
 scaled value of sitecut =   55.0000000000000     
 sphere directions set up         110
Sunday, January 22 2023, at 13:52:21 IST
 FINDSITE will use user-specified box
Centroid of box:  43.687  41.862  69.414
 boundaries   38.6870002746582        48.6870002746582     
   36.8620014190674        46.8620014190674        64.4140005111694     
   74.4140005111694     
 box          10          10          10
 maximum number of atoms in a sitebox =           5
Site points found:  Sunday, January 22 2023, at 13:52:21 IST
 boxes, patoms in boxes, empty boxes =         125         185          50
 total, outside sites =        1000         322
Site points pruned:  Sunday, January 22 2023, at 13:52:21 IST
final goodsites =         9
         1 sites will be removed
         8 good sites remain
Number of site groups found =     1

  Group  index  size  score     x       y       z     stdev
    1      1      8    1.39   46.48   43.19   68.19    1.14
Sites linked and merged:  Sunday, January 22 2023, at 13:52:21 IST
 Storing receptor data

Site-finding complete.
Number of sites to map/eval:  1

-- Mapping site  1 --
jobname: md0_crop430_sph_site_1
all SiteMap grid files will be generated
 philic map specified
 phobic map specified
 donor map specified
 acceptor map specified
 metal-ligation map specified
 surface-display map specified
grid margin:     6.00
grid spacing:     0.70
non-bonded cutoff:    20.00
ligand/sitepoints file: 
protein coordinates/parameters file: 
output map/grid files will be written to the current directory
vis files will be written
protein charges will be modified to reduce formal charges and adjust donor/acceptor potentials
protein radii will be modified to allow closer approach to donor and acceptor heteroatoms
phobic areas will be modified to emphasize enclosed regions and to deemphasize exposed regions using alternative method
all input instructions read
 Getting site data
ligand xcm,ycm,zcm,xrange,yrange,zrange 46.687 42.862 67.914  2.000  2.000  1.000

 Reusing receptor data from site-finding stage.

Sitemap: electrostatic+vdw interaction energy
Map field of *enzyme* in region of *inhibitor*

computing site maps ...
grid lim (orig)  39.687  53.687  35.862  49.862  61.414  74.414
grid lim (adj)   39.337  54.037  35.512  50.212  61.264  74.564
grid point counts   22   22   20
total grid points    9680

 5673 receptor atoms read
grid: adjdip
number of grid points within emin, emax limits =     8673
 maximum grid value before cutoff =               -0.022
 minimum grid value before cutoff =   -482.196

philic and phobic grids formed
grid: surf
number of grid points within emin, emax limits =     1992
 maximum grid value before cutoff =         49606923.084
 minimum grid value before cutoff =     -2.524

grid: phil
number of grid points within emin, emax limits =     2186
 maximum grid value before cutoff =         49606873.084
 minimum grid value before cutoff =    -19.935

grid: phob
number of grid points within emin, emax limits =     1361
 maximum grid value before cutoff =         49606938.084
 minimum grid value before cutoff =     -2.108

mod_phobic: phobthresh, philthresh =  -0.250  -3.000
 maximum number of atoms in a sitebox =           8
 boxes, patoms in boxes, empty boxes =       10469        5673        8388
Average phobic potential changed from  -0.830 to  -0.501 for  652 grid points

number of phobic points =   934   average phobic score =   0.74
number of philic points =  1252   average philic score =  -4.47

number of qualifying surf grid points =      367

number of qualifying phil grid points =      193

number of qualifying phob grid points =       89

number of qualifying accptr grid points =       15

number of qualifying donor grid points =      156

number of qualifying metal grid points =        0

visgrd volume surf                                                                            
visgrd author sitemap                                                                         
visgrd property name surf                                                                            
visgrd qualifying points   1915
visgrd default map values       1       1.00      2
visgrd number of dims    3
visgrd dimensions         22        22        20
visgrd axis scales      0.700     0.700     0.700

visgrd volume hydrophil                                                                       
visgrd author sitemap                                                                         
visgrd property name phil                                                                            
visgrd qualifying points    193
visgrd default map values       1      -8.00     10
visgrd number of dims    3
visgrd dimensions         22        22        20
visgrd axis scales      0.700     0.700     0.700

visgrd volume hydrophob                                                                       
visgrd author sitemap                                                                         
visgrd property name phob                                                                            
visgrd qualifying points    274
visgrd default map values       1      -0.50     13
visgrd number of dims    3
visgrd dimensions         22        22        20
visgrd axis scales      0.700     0.700     0.700

visgrd volume hbacceptor                                                                      
visgrd author sitemap                                                                         
visgrd property name accptr                                                                          
visgrd qualifying points     15
visgrd default map values       1      -8.00     16
visgrd number of dims    3
visgrd dimensions         22        22        20
visgrd axis scales      0.700     0.700     0.700

visgrd volume hbdonor                                                                         
visgrd author sitemap                                                                         
visgrd property name donor                                                                           
visgrd qualifying points    156
visgrd default map values       1      -8.00      5
visgrd number of dims    3
visgrd dimensions         22        22        20
visgrd axis scales      0.700     0.700     0.700

-- Evaluating site  1 --
Ligand/site-points file: 
Protein coordinates/parameters file: 
extend =   3
 Verbosity flags: F F F F F
all SiteMap grid files will be read
the protein charges will be modified to reduce formal charges and adjust donor/acceptor potentials
protein radii will be modified to allow closer approach to donor and acceptor heteroatoms
phobic areas emphasize enclosed regions and deemphasize exposed regions using alternative method
site-point set will be augmented by including significant nearby points
  threshold for adding phobic points:  -0.500
  threshold for adding philic points:  -8.000
base name for SiteMap grid files: 
 Reusing grid data
reusing site data
Number of protein atoms:    5673
 
phobic grid file reshaped
philic grid file reshaped
donor grid file reshaped
acceptor grid file reshaped
metal grid file reshaped
surf grid file reshaped
 maximum number of atoms in a sitebox =           8


Number of site points    8  first shell   22  higher shells   53   dirscore   0.840
1 vdw  -1.389   phob  -0.445   phil  -2.935   donor  -2.731   acceptor  -0.205   metal   0.000
2               phob  -0.229   phil  -2.688   donor  -0.071   acceptor  -2.617   metal   0.000

SiteScore size   Dscore  volume  exposure enclosure contact  phobic   philic   balance  don/acc
  0.755    22    0.689   151.26    0.773    0.840    1.072    1.588    0.784    2.026   13.339

-- Done with site  1 --

== End SiteMap calculation ==

Wrote 1 sites to "md0_crop430_sph_out.maegz".

Current time: Sun Jan 22 13:52:22 2023
Elapsed time: 0:00:04.45
SiteMap successfully completed.

