--------------------------------------------------------------------------------
JobId          : X299-0-63cd1f2b
Name           : md0_crop387_sph
Program        : SiteMap
Version        : 2021-4 build 135
Host           : X299
Dir            : /mnt/3a29b482-dac1-4563-be89-d63ad92354e9/cers_modelling/md_sampling_cers_models/charmm_gui_systems/cers2_10pc_chol/sitemaps
HostEntry      : localhost
JobHost        : X299
JobDir         : /scratch/tamir/md0_crop387_sph
JobSchrodinger : /opt/schrodinger2021-4
Commandline    : /opt/schrodinger2021-4/sitemap md0_crop387_sph.in -WAIT
StartTime      : 2023-01-22-13:34:04
--------------------------------------------------------------------------------

== Begin input keywords ==
ADDPHIL  -8.0
ADDPHOB  -0.5
ADDSP  True
COMPRESS  True
CUTOFF  20.0
D2THRESH  3.1
DTHRESH  6.5
DVSCALE  2.5
ENCLOSURE  0.5
EXTEND  3
FAKE  False
FFIELD  OPLS_2005
GRID  0.7
KEEPELEC  False
KEEPVDW  False
KEEPVOLPTS  True
KMAX  3
KMAX2  5
MAPDIST  4.0
MARGIN  6.0
MAXDIST  8.0
MAXSITES  1
MAXVDW  1.1
MINGROUP  3
MODCHARGES  True
MODPHOBIC  3
NEARRES  3.5
NTHRESH  3
PROT  md0_crop387.mae
R2THRESH  4.1
REPORTSIZE  10
ROUND  False
RTHRESH  5.0
VERBOSITY  0
WRITEGRIDS  False
WRITEPOT  False
WRITESTRUCTS  True
WRITEVIS  True
XCENT  43.17999839782715
XRANGE  10.0
YCENT  41.11999988555908
YRANGE  10.0
ZCENT  67.9580020904541
ZRANGE  10.0
== End input keywords ==

== Begin single-receptor SiteMap calculation ==

-- Begin site search --
 Parameters for this calculation:
 sitecut =  0.500000000000000     
 sitescmin =   1.10000000000000     
 afactor =   1.00000000000000     
 bfactor =   1.00000000000000     
 imaxsite =           8
 ithresh =           3
 mingroup =           3
 kmax =           3
 kmax2 =           5
 r2thresh =   4.10000000000000     
 dvscale =   2.50000000000000     
 dvscnorm =   2.50000000000000     
 dvscbig =   2.50000000000000     
 border =   2.00000000000000     
 dthresh =   6.50000000000000     
 rthresh =   5.00000000000000     
 maxgroup =         100
 r2thresh =   4.10000000000000     
 nthresh =           3
 ndir =         110
 use_vdw = T
 repname = none
 repsize =          10
 maxrep =           1
 sitelis = sites.lis
 profile = none
 sitelig = none
 siteasl = none
 use_sitelig =  F
 sitebox =  -999.000000000000     
 writepdb =  F
 number of protein atoms =        5675
Starting findsites:  Sunday, January 22 2023, at 13:34:07 IST
ptypes obtained:  Sunday, January 22 2023, at 13:34:07 IST
lj parameters obtained:  Sunday, January 22 2023, at 13:34:07 IST
Basic parameters obtained:  Sunday, January 22 2023, at 13:34:07 IST
Receptor parameterization completed:  Sunday, January 22 2023, at 13:34:07 IST
 scaled value of sitecut =   55.0000000000000     
 sphere directions set up         110
Sunday, January 22 2023, at 13:34:07 IST
 FINDSITE will use user-specified box
Centroid of box:  43.180  41.120  67.958
 boundaries   38.1799983978271        48.1799983978271     
   36.1199998855591        46.1199998855591        62.9580020904541     
   72.9580020904541     
 box          10          10          10
 maximum number of atoms in a sitebox =           6
Site points found:  Sunday, January 22 2023, at 13:34:07 IST
 boxes, patoms in boxes, empty boxes =         125         183          53
 total, outside sites =        1000         338
Site points pruned:  Sunday, January 22 2023, at 13:34:07 IST
final goodsites =         9
         7 sites will be removed
         2 good sites remain
Number of site groups found =     1

  Group  index  size  score     x       y       z     stdev
    1      1      2    1.35   45.67   43.12   66.96    0.50
Sites linked and merged:  Sunday, January 22 2023, at 13:34:07 IST
 Storing receptor data

Site-finding complete.
Number of sites to map/eval:  1

-- Mapping site  1 --
jobname: md0_crop387_sph_site_1
all SiteMap grid files will be generated
 philic map specified
 phobic map specified
 donor map specified
 acceptor map specified
 metal-ligation map specified
 surface-display map specified
grid margin:     6.00
grid spacing:     0.70
non-bonded cutoff:    20.00
ligand/sitepoints file: 
protein coordinates/parameters file: 
output map/grid files will be written to the current directory
vis files will be written
protein charges will be modified to reduce formal charges and adjust donor/acceptor potentials
protein radii will be modified to allow closer approach to donor and acceptor heteroatoms
phobic areas will be modified to emphasize enclosed regions and to deemphasize exposed regions using alternative method
all input instructions read
 Getting site data
ligand xcm,ycm,zcm,xrange,yrange,zrange 45.680 43.120 66.958  1.000  0.000  0.000

 Reusing receptor data from site-finding stage.

Sitemap: electrostatic+vdw interaction energy
Map field of *enzyme* in region of *inhibitor*

computing site maps ...
grid lim (orig)  39.180  52.180  37.120  49.120  60.958  72.958
grid lim (adj)   39.030  52.330  36.820  49.420  60.658  73.258
grid point counts   20   19   19
total grid points    7220

 5675 receptor atoms read
grid: adjdip
number of grid points within emin, emax limits =     6580
 maximum grid value before cutoff =               -0.064
 minimum grid value before cutoff =   -420.890

philic and phobic grids formed
grid: surf
number of grid points within emin, emax limits =     1647
 maximum grid value before cutoff =         27926222.319
 minimum grid value before cutoff =     -2.683

grid: phil
number of grid points within emin, emax limits =     1804
 maximum grid value before cutoff =         27926172.319
 minimum grid value before cutoff =    -16.818

grid: phob
number of grid points within emin, emax limits =     1154
 maximum grid value before cutoff =         27926237.319
 minimum grid value before cutoff =     -2.293

mod_phobic: phobthresh, philthresh =  -0.250  -3.000
 maximum number of atoms in a sitebox =           9
 boxes, patoms in boxes, empty boxes =       10469        5675        8345
Average phobic potential changed from  -0.828 to  -0.511 for  551 grid points

number of phobic points =   804   average phobic score =   0.74
number of philic points =  1000   average philic score =  -4.34

number of qualifying surf grid points =      298

number of qualifying phil grid points =      138

number of qualifying phob grid points =      102

number of qualifying accptr grid points =        3

number of qualifying donor grid points =      131

number of qualifying metal grid points =        0

visgrd volume surf                                                                            
visgrd author sitemap                                                                         
visgrd property name surf                                                                            
visgrd qualifying points   1589
visgrd default map values       1       1.00      2
visgrd number of dims    3
visgrd dimensions         20        19        19
visgrd axis scales      0.700     0.700     0.700

visgrd volume hydrophil                                                                       
visgrd author sitemap                                                                         
visgrd property name phil                                                                            
visgrd qualifying points    138
visgrd default map values       1      -8.00     10
visgrd number of dims    3
visgrd dimensions         20        19        19
visgrd axis scales      0.700     0.700     0.700

visgrd volume hydrophob                                                                       
visgrd author sitemap                                                                         
visgrd property name phob                                                                            
visgrd qualifying points    230
visgrd default map values       1      -0.50     13
visgrd number of dims    3
visgrd dimensions         20        19        19
visgrd axis scales      0.700     0.700     0.700

visgrd volume hbacceptor                                                                      
visgrd author sitemap                                                                         
visgrd property name accptr                                                                          
visgrd qualifying points      3
visgrd default map values       1      -8.00     16
visgrd number of dims    3
visgrd dimensions         20        19        19
visgrd axis scales      0.700     0.700     0.700

visgrd volume hbdonor                                                                         
visgrd author sitemap                                                                         
visgrd property name donor                                                                           
visgrd qualifying points    131
visgrd default map values       1      -8.00      5
visgrd number of dims    3
visgrd dimensions         20        19        19
visgrd axis scales      0.700     0.700     0.700

-- Evaluating site  1 --
Ligand/site-points file: 
Protein coordinates/parameters file: 
extend =   3
 Verbosity flags: F F F F F
all SiteMap grid files will be read
the protein charges will be modified to reduce formal charges and adjust donor/acceptor potentials
protein radii will be modified to allow closer approach to donor and acceptor heteroatoms
phobic areas emphasize enclosed regions and deemphasize exposed regions using alternative method
site-point set will be augmented by including significant nearby points
  threshold for adding phobic points:  -0.500
  threshold for adding philic points:  -8.000
base name for SiteMap grid files: 
 Reusing grid data
reusing site data
Number of protein atoms:    5675
 
phobic grid file reshaped
philic grid file reshaped
donor grid file reshaped
acceptor grid file reshaped
metal grid file reshaped
surf grid file reshaped
 maximum number of atoms in a sitebox =           9


Number of site points    2  first shell   12  higher shells   31   dirscore   0.858
1 vdw  -1.445   phob  -0.349   phil  -3.310   donor  -3.137   acceptor  -0.172   metal   0.000
2               phob  -0.178   phil  -3.068   donor  -0.135   acceptor  -2.933   metal   0.000

SiteScore size   Dscore  volume  exposure enclosure contact  phobic   philic   balance  don/acc
  0.636    10    0.524   111.47    0.811    0.858    1.115    1.236    0.884    1.398   18.202

-- Done with site  1 --

== End SiteMap calculation ==

Wrote 1 sites to "md0_crop387_sph_out.maegz".

Current time: Sun Jan 22 13:34:08 2023
Elapsed time: 0:00:03.90
SiteMap successfully completed.

