--------------------------------------------------------------------------------
JobId          : X299-0-63cd2313
Name           : md0_crop427_coa
Program        : SiteMap
Version        : 2021-4 build 135
Host           : X299
Dir            : /mnt/3a29b482-dac1-4563-be89-d63ad92354e9/cers_modelling/md_sampling_cers_models/charmm_gui_systems/cers2_10pc_chol/sitemaps
HostEntry      : localhost
JobHost        : X299
JobDir         : /scratch/tamir/md0_crop427_coa
JobSchrodinger : /opt/schrodinger2021-4
Commandline    : /opt/schrodinger2021-4/sitemap md0_crop427_coa.in -WAIT
StartTime      : 2023-01-22-13:50:44
--------------------------------------------------------------------------------

== Begin input keywords ==
ADDPHIL  -8.0
ADDPHOB  -0.5
ADDSP  True
COMPRESS  True
CUTOFF  20.0
D2THRESH  3.1
DTHRESH  6.5
DVSCALE  2.5
ENCLOSURE  0.5
EXTEND  3
FAKE  False
FFIELD  OPLS_2005
GRID  0.7
KEEPELEC  False
KEEPVDW  False
KEEPVOLPTS  True
KMAX  3
KMAX2  5
MAPDIST  4.0
MARGIN  6.0
MAXDIST  8.0
MAXSITES  1
MAXVDW  1.1
MINGROUP  3
MODCHARGES  True
MODPHOBIC  3
NEARRES  3.5
NTHRESH  3
PROT  md0_crop427.mae
R2THRESH  4.1
REPORTSIZE  10
ROUND  False
RTHRESH  5.0
VERBOSITY  0
WRITEGRIDS  False
WRITEPOT  False
WRITESTRUCTS  True
WRITEVIS  True
XCENT  57.624497413635254
XRANGE  10.0
YCENT  46.77449703216553
YRANGE  10.0
ZCENT  77.61000633239746
ZRANGE  10.0
== End input keywords ==

== Begin single-receptor SiteMap calculation ==

-- Begin site search --
 Parameters for this calculation:
 sitecut =  0.500000000000000     
 sitescmin =   1.10000000000000     
 afactor =   1.00000000000000     
 bfactor =   1.00000000000000     
 imaxsite =           8
 ithresh =           3
 mingroup =           3
 kmax =           3
 kmax2 =           5
 r2thresh =   4.10000000000000     
 dvscale =   2.50000000000000     
 dvscnorm =   2.50000000000000     
 dvscbig =   2.50000000000000     
 border =   2.00000000000000     
 dthresh =   6.50000000000000     
 rthresh =   5.00000000000000     
 maxgroup =         100
 r2thresh =   4.10000000000000     
 nthresh =           3
 ndir =         110
 use_vdw = T
 repname = none
 repsize =          10
 maxrep =           1
 sitelis = sites.lis
 profile = none
 sitelig = none
 siteasl = none
 use_sitelig =  F
 sitebox =  -999.000000000000     
 writepdb =  F
 number of protein atoms =        5676
Starting findsites:  Sunday, January 22 2023, at 13:50:47 IST
ptypes obtained:  Sunday, January 22 2023, at 13:50:47 IST
lj parameters obtained:  Sunday, January 22 2023, at 13:50:47 IST
Basic parameters obtained:  Sunday, January 22 2023, at 13:50:47 IST
Receptor parameterization completed:  Sunday, January 22 2023, at 13:50:47 IST
 scaled value of sitecut =   55.0000000000000     
 sphere directions set up         110
Sunday, January 22 2023, at 13:50:47 IST
 FINDSITE will use user-specified box
Centroid of box:  57.624  46.774  77.610
 boundaries   52.6244974136353        62.6244974136353     
   41.7744970321655        51.7744970321655        72.6100063323975     
   82.6100063323975     
 box          10          10          10
 maximum number of atoms in a sitebox =           7
Site points found:  Sunday, January 22 2023, at 13:50:47 IST
 boxes, patoms in boxes, empty boxes =         125         252          32
 total, outside sites =        1000         119
Site points pruned:  Sunday, January 22 2023, at 13:50:47 IST
final goodsites =        24
         4 sites will be removed
        20 good sites remain
Number of site groups found =     1

  Group  index  size  score     x       y       z     stdev
    1      1     20    1.51   55.93   49.01   76.07    1.84
Sites linked and merged:  Sunday, January 22 2023, at 13:50:47 IST
 Storing receptor data

Site-finding complete.
Number of sites to map/eval:  1

-- Mapping site  1 --
jobname: md0_crop427_coa_site_1
all SiteMap grid files will be generated
 philic map specified
 phobic map specified
 donor map specified
 acceptor map specified
 metal-ligation map specified
 surface-display map specified
grid margin:     6.00
grid spacing:     0.70
non-bonded cutoff:    20.00
ligand/sitepoints file: 
protein coordinates/parameters file: 
output map/grid files will be written to the current directory
vis files will be written
protein charges will be modified to reduce formal charges and adjust donor/acceptor potentials
protein radii will be modified to allow closer approach to donor and acceptor heteroatoms
phobic areas will be modified to emphasize enclosed regions and to deemphasize exposed regions using alternative method
all input instructions read
 Getting site data
ligand xcm,ycm,zcm,xrange,yrange,zrange 56.624 48.774 76.610  4.000  2.000  4.000

 Reusing receptor data from site-finding stage.

Sitemap: electrostatic+vdw interaction energy
Map field of *enzyme* in region of *inhibitor*

computing site maps ...
grid lim (orig)  48.624  64.624  41.774  55.774  68.610  84.610
grid lim (adj)   48.574  64.674  41.424  56.124  68.560  84.660
grid point counts   24   22   24
total grid points   12672

 5676 receptor atoms read
grid: adjdip
number of grid points within emin, emax limits =    10476
 maximum grid value before cutoff =               -0.157
 minimum grid value before cutoff =   -597.393

philic and phobic grids formed
grid: surf
number of grid points within emin, emax limits =     2337
 maximum grid value before cutoff =         38540608.164
 minimum grid value before cutoff =     -2.835

grid: phil
number of grid points within emin, emax limits =     2169
 maximum grid value before cutoff =         38540558.164
 minimum grid value before cutoff =    -31.708

grid: phob
number of grid points within emin, emax limits =     1030
 maximum grid value before cutoff =         38540623.164
 minimum grid value before cutoff =     -1.811

mod_phobic: phobthresh, philthresh =  -0.250  -3.000
 maximum number of atoms in a sitebox =           8
 boxes, patoms in boxes, empty boxes =        9367        5676        7264
Average phobic potential changed from  -0.784 to  -0.479 for  330 grid points

number of phobic points =   525   average phobic score =   0.72
number of philic points =  1644   average philic score =  -6.16

number of qualifying surf grid points =      368

number of qualifying phil grid points =      476

number of qualifying phob grid points =       68

number of qualifying accptr grid points =      191

number of qualifying donor grid points =      275

number of qualifying metal grid points =        0

visgrd volume surf                                                                            
visgrd author sitemap                                                                         
visgrd property name surf                                                                            
visgrd qualifying points   1647
visgrd default map values       1       1.00      2
visgrd number of dims    3
visgrd dimensions         24        22        24
visgrd axis scales      0.700     0.700     0.700

visgrd volume hydrophil                                                                       
visgrd author sitemap                                                                         
visgrd property name phil                                                                            
visgrd qualifying points    476
visgrd default map values       1      -8.00     10
visgrd number of dims    3
visgrd dimensions         24        22        24
visgrd axis scales      0.700     0.700     0.700

visgrd volume hydrophob                                                                       
visgrd author sitemap                                                                         
visgrd property name phob                                                                            
visgrd qualifying points    127
visgrd default map values       1      -0.50     13
visgrd number of dims    3
visgrd dimensions         24        22        24
visgrd axis scales      0.700     0.700     0.700

visgrd volume hbacceptor                                                                      
visgrd author sitemap                                                                         
visgrd property name accptr                                                                          
visgrd qualifying points    191
visgrd default map values       1      -8.00     16
visgrd number of dims    3
visgrd dimensions         24        22        24
visgrd axis scales      0.700     0.700     0.700

visgrd volume hbdonor                                                                         
visgrd author sitemap                                                                         
visgrd property name donor                                                                           
visgrd qualifying points    275
visgrd default map values       1      -8.00      5
visgrd number of dims    3
visgrd dimensions         24        22        24
visgrd axis scales      0.700     0.700     0.700

-- Evaluating site  1 --
Ligand/site-points file: 
Protein coordinates/parameters file: 
extend =   3
 Verbosity flags: F F F F F
all SiteMap grid files will be read
the protein charges will be modified to reduce formal charges and adjust donor/acceptor potentials
protein radii will be modified to allow closer approach to donor and acceptor heteroatoms
phobic areas emphasize enclosed regions and deemphasize exposed regions using alternative method
site-point set will be augmented by including significant nearby points
  threshold for adding phobic points:  -0.500
  threshold for adding philic points:  -8.000
base name for SiteMap grid files: 
 Reusing grid data
reusing site data
Number of protein atoms:    5676
 
phobic grid file reshaped
philic grid file reshaped
donor grid file reshaped
acceptor grid file reshaped
metal grid file reshaped
surf grid file reshaped
 maximum number of atoms in a sitebox =           8


Number of site points   20  first shell   35  higher shells   54   dirscore   0.899
1 vdw  -1.585   phob  -0.251   phil  -5.243   donor  -2.838   acceptor  -2.405   metal   0.000
2               phob  -0.071   phil  -5.229   donor  -2.208   acceptor  -3.022   metal   0.000

SiteScore size   Dscore  volume  exposure enclosure contact  phobic   philic   balance  don/acc
  0.915    49    0.741   184.19    0.645    0.899    1.223    0.491    1.400    0.351    1.180

-- Done with site  1 --

== End SiteMap calculation ==

Wrote 1 sites to "md0_crop427_coa_out.maegz".

Current time: Sun Jan 22 13:50:49 2023
Elapsed time: 0:00:04.47
SiteMap successfully completed.

