--------------------------------------------------------------------------------
JobId          : X299-0-63cd084a
Name           : md0_crop144_sph
Program        : SiteMap
Version        : 2021-4 build 135
Host           : X299
Dir            : /mnt/3a29b482-dac1-4563-be89-d63ad92354e9/cers_modelling/md_sampling_cers_models/charmm_gui_systems/cers2_10pc_chol/sitemaps
HostEntry      : localhost
JobHost        : X299
JobDir         : /scratch/tamir/md0_crop144_sph
JobSchrodinger : /opt/schrodinger2021-4
Commandline    : /opt/schrodinger2021-4/sitemap md0_crop144_sph.in -WAIT
StartTime      : 2023-01-22-11:56:26
--------------------------------------------------------------------------------

== Begin input keywords ==
ADDPHIL  -8.0
ADDPHOB  -0.5
ADDSP  True
COMPRESS  True
CUTOFF  20.0
D2THRESH  3.1
DTHRESH  6.5
DVSCALE  2.5
ENCLOSURE  0.5
EXTEND  3
FAKE  False
FFIELD  OPLS_2005
GRID  0.7
KEEPELEC  False
KEEPVDW  False
KEEPVOLPTS  True
KMAX  3
KMAX2  5
MAPDIST  4.0
MARGIN  6.0
MAXDIST  8.0
MAXSITES  1
MAXVDW  1.1
MINGROUP  3
MODCHARGES  True
MODPHOBIC  3
NEARRES  3.5
NTHRESH  3
PROT  md0_crop144.mae
R2THRESH  4.1
REPORTSIZE  10
ROUND  False
RTHRESH  5.0
VERBOSITY  0
WRITEGRIDS  False
WRITEPOT  False
WRITESTRUCTS  True
WRITEVIS  True
XCENT  47.11199760437012
XRANGE  10.0
YCENT  42.65699863433838
YRANGE  10.0
ZCENT  60.5620002746582
ZRANGE  10.0
== End input keywords ==

== Begin single-receptor SiteMap calculation ==

-- Begin site search --
 Parameters for this calculation:
 sitecut =  0.500000000000000     
 sitescmin =   1.10000000000000     
 afactor =   1.00000000000000     
 bfactor =   1.00000000000000     
 imaxsite =           8
 ithresh =           3
 mingroup =           3
 kmax =           3
 kmax2 =           5
 r2thresh =   4.10000000000000     
 dvscale =   2.50000000000000     
 dvscnorm =   2.50000000000000     
 dvscbig =   2.50000000000000     
 border =   2.00000000000000     
 dthresh =   6.50000000000000     
 rthresh =   5.00000000000000     
 maxgroup =         100
 r2thresh =   4.10000000000000     
 nthresh =           3
 ndir =         110
 use_vdw = T
 repname = none
 repsize =          10
 maxrep =           1
 sitelis = sites.lis
 profile = none
 sitelig = none
 siteasl = none
 use_sitelig =  F
 sitebox =  -999.000000000000     
 writepdb =  F
 number of protein atoms =        5674
Starting findsites:  Sunday, January 22 2023, at 11:56:29 IST
ptypes obtained:  Sunday, January 22 2023, at 11:56:30 IST
lj parameters obtained:  Sunday, January 22 2023, at 11:56:30 IST
Basic parameters obtained:  Sunday, January 22 2023, at 11:56:30 IST
Receptor parameterization completed:  Sunday, January 22 2023, at 11:56:30 IST
 scaled value of sitecut =   55.0000000000000     
 sphere directions set up         110
Sunday, January 22 2023, at 11:56:30 IST
 FINDSITE will use user-specified box
Centroid of box:  47.112  42.657  60.562
 boundaries   42.1119976043701        52.1119976043701     
   37.6569986343384        47.6569986343384        55.5620002746582     
   65.5620002746582     
 box          10          10          10
 maximum number of atoms in a sitebox =           5
Site points found:  Sunday, January 22 2023, at 11:56:30 IST
 boxes, patoms in boxes, empty boxes =         125         213          41
 total, outside sites =        1000         276
Site points pruned:  Sunday, January 22 2023, at 11:56:30 IST
final goodsites =        11
         2 sites will be removed
         9 good sites remain
Number of site groups found =     1

  Group  index  size  score     x       y       z     stdev
    1      1      9    1.26   48.21   42.33   59.28    1.30
Sites linked and merged:  Sunday, January 22 2023, at 11:56:30 IST
 Storing receptor data

Site-finding complete.
Number of sites to map/eval:  1

-- Mapping site  1 --
jobname: md0_crop144_sph_site_1
all SiteMap grid files will be generated
 philic map specified
 phobic map specified
 donor map specified
 acceptor map specified
 metal-ligation map specified
 surface-display map specified
grid margin:     6.00
grid spacing:     0.70
non-bonded cutoff:    20.00
ligand/sitepoints file: 
protein coordinates/parameters file: 
output map/grid files will be written to the current directory
vis files will be written
protein charges will be modified to reduce formal charges and adjust donor/acceptor potentials
protein radii will be modified to allow closer approach to donor and acceptor heteroatoms
phobic areas will be modified to emphasize enclosed regions and to deemphasize exposed regions using alternative method
all input instructions read
 Getting site data
ligand xcm,ycm,zcm,xrange,yrange,zrange 48.112 42.157 59.062  2.000  1.000  3.000

 Reusing receptor data from site-finding stage.

Sitemap: electrostatic+vdw interaction energy
Map field of *enzyme* in region of *inhibitor*

computing site maps ...
grid lim (orig)  41.112  55.112  35.657  48.657  51.562  66.562
grid lim (adj)   40.762  55.462  35.507  48.807  51.362  66.762
grid point counts   22   20   23
total grid points   10120

 5674 receptor atoms read
grid: adjdip
number of grid points within emin, emax limits =     9041
 maximum grid value before cutoff =               -0.029
 minimum grid value before cutoff =   -494.008

philic and phobic grids formed
grid: surf
number of grid points within emin, emax limits =     1908
 maximum grid value before cutoff =         41175861.670
 minimum grid value before cutoff =     -2.658

grid: phil
number of grid points within emin, emax limits =     2979
 maximum grid value before cutoff =         41175811.670
 minimum grid value before cutoff =    -17.538

grid: phob
number of grid points within emin, emax limits =     2080
 maximum grid value before cutoff =         41175876.670
 minimum grid value before cutoff =     -1.983

mod_phobic: phobthresh, philthresh =  -0.250  -3.000
 maximum number of atoms in a sitebox =           9
 boxes, patoms in boxes, empty boxes =       12369        5674       10281
Average phobic potential changed from  -0.815 to  -0.459 for  797 grid points

number of phobic points =  1630   average phobic score =   0.59
number of philic points =  1349   average philic score =  -3.69

number of qualifying surf grid points =      373

number of qualifying phil grid points =      162

number of qualifying phob grid points =      101

number of qualifying accptr grid points =       31

number of qualifying donor grid points =      122

number of qualifying metal grid points =        0

visgrd volume surf                                                                            
visgrd author sitemap                                                                         
visgrd property name surf                                                                            
visgrd qualifying points   2754
visgrd default map values       1       1.00      2
visgrd number of dims    3
visgrd dimensions         22        20        23
visgrd axis scales      0.700     0.700     0.700

visgrd volume hydrophil                                                                       
visgrd author sitemap                                                                         
visgrd property name phil                                                                            
visgrd qualifying points    162
visgrd default map values       1      -8.00     10
visgrd number of dims    3
visgrd dimensions         22        20        23
visgrd axis scales      0.700     0.700     0.700

visgrd volume hydrophob                                                                       
visgrd author sitemap                                                                         
visgrd property name phob                                                                            
visgrd qualifying points    339
visgrd default map values       1      -0.50     13
visgrd number of dims    3
visgrd dimensions         22        20        23
visgrd axis scales      0.700     0.700     0.700

visgrd volume hbacceptor                                                                      
visgrd author sitemap                                                                         
visgrd property name accptr                                                                          
visgrd qualifying points     31
visgrd default map values       1      -8.00     16
visgrd number of dims    3
visgrd dimensions         22        20        23
visgrd axis scales      0.700     0.700     0.700

visgrd volume hbdonor                                                                         
visgrd author sitemap                                                                         
visgrd property name donor                                                                           
visgrd qualifying points    122
visgrd default map values       1      -8.00      5
visgrd number of dims    3
visgrd dimensions         22        20        23
visgrd axis scales      0.700     0.700     0.700

-- Evaluating site  1 --
Ligand/site-points file: 
Protein coordinates/parameters file: 
extend =   3
 Verbosity flags: F F F F F
all SiteMap grid files will be read
the protein charges will be modified to reduce formal charges and adjust donor/acceptor potentials
protein radii will be modified to allow closer approach to donor and acceptor heteroatoms
phobic areas emphasize enclosed regions and deemphasize exposed regions using alternative method
site-point set will be augmented by including significant nearby points
  threshold for adding phobic points:  -0.500
  threshold for adding philic points:  -8.000
base name for SiteMap grid files: 
 Reusing grid data
reusing site data
Number of protein atoms:    5674
 
phobic grid file reshaped
philic grid file reshaped
donor grid file reshaped
acceptor grid file reshaped
metal grid file reshaped
surf grid file reshaped
 maximum number of atoms in a sitebox =           9


Number of site points    9  first shell   24  higher shells   43   dirscore   0.785
1 vdw  -1.415   phob  -0.888   phil  -0.845   donor  -0.845   acceptor   0.000   metal   0.000
2               phob  -0.454   phil  -0.753   donor  -0.018   acceptor  -0.735   metal   0.000

SiteScore size   Dscore  volume  exposure enclosure contact  phobic   philic   balance  don/acc
  0.968    44    1.021   117.99    0.604    0.785    1.092    3.151    0.226   13.967    0.000

-- Done with site  1 --

== End SiteMap calculation ==

Wrote 1 sites to "md0_crop144_sph_out.maegz".

Current time: Sun Jan 22 11:56:31 2023
Elapsed time: 0:00:04.17
SiteMap successfully completed.

