--------------------------------------------------------------------------------
JobId          : X299-0-63cd1c02
Name           : md0_crop353_coa
Program        : SiteMap
Version        : 2021-4 build 135
Host           : X299
Dir            : /mnt/3a29b482-dac1-4563-be89-d63ad92354e9/cers_modelling/md_sampling_cers_models/charmm_gui_systems/cers2_10pc_chol/sitemaps
HostEntry      : localhost
JobHost        : X299
JobDir         : /scratch/tamir/md0_crop353_coa
JobSchrodinger : /opt/schrodinger2021-4
Commandline    : /opt/schrodinger2021-4/sitemap md0_crop353_coa.in -WAIT
StartTime      : 2023-01-22-13:20:35
--------------------------------------------------------------------------------

== Begin input keywords ==
ADDPHIL  -8.0
ADDPHOB  -0.5
ADDSP  True
COMPRESS  True
CUTOFF  20.0
D2THRESH  3.1
DTHRESH  6.5
DVSCALE  2.5
ENCLOSURE  0.5
EXTEND  3
FAKE  False
FFIELD  OPLS_2005
GRID  0.7
KEEPELEC  False
KEEPVDW  False
KEEPVOLPTS  True
KMAX  3
KMAX2  5
MAPDIST  4.0
MARGIN  6.0
MAXDIST  8.0
MAXSITES  1
MAXVDW  1.1
MINGROUP  3
MODCHARGES  True
MODPHOBIC  3
NEARRES  3.5
NTHRESH  3
PROT  md0_crop353.mae
R2THRESH  4.1
REPORTSIZE  10
ROUND  False
RTHRESH  5.0
VERBOSITY  0
WRITEGRIDS  False
WRITEPOT  False
WRITESTRUCTS  True
WRITEVIS  True
XCENT  56.49749755859375
XRANGE  10.0
YCENT  45.33249855041504
YRANGE  10.0
ZCENT  78.78450393676758
ZRANGE  10.0
== End input keywords ==

== Begin single-receptor SiteMap calculation ==

-- Begin site search --
 Parameters for this calculation:
 sitecut =  0.500000000000000     
 sitescmin =   1.10000000000000     
 afactor =   1.00000000000000     
 bfactor =   1.00000000000000     
 imaxsite =           8
 ithresh =           3
 mingroup =           3
 kmax =           3
 kmax2 =           5
 r2thresh =   4.10000000000000     
 dvscale =   2.50000000000000     
 dvscnorm =   2.50000000000000     
 dvscbig =   2.50000000000000     
 border =   2.00000000000000     
 dthresh =   6.50000000000000     
 rthresh =   5.00000000000000     
 maxgroup =         100
 r2thresh =   4.10000000000000     
 nthresh =           3
 ndir =         110
 use_vdw = T
 repname = none
 repsize =          10
 maxrep =           1
 sitelis = sites.lis
 profile = none
 sitelig = none
 siteasl = none
 use_sitelig =  F
 sitebox =  -999.000000000000     
 writepdb =  F
 number of protein atoms =        5675
Starting findsites:  Sunday, January 22 2023, at 13:20:38 IST
ptypes obtained:  Sunday, January 22 2023, at 13:20:38 IST
lj parameters obtained:  Sunday, January 22 2023, at 13:20:38 IST
Basic parameters obtained:  Sunday, January 22 2023, at 13:20:38 IST
Receptor parameterization completed:  Sunday, January 22 2023, at 13:20:38 IST
 scaled value of sitecut =   55.0000000000000     
 sphere directions set up         110
Sunday, January 22 2023, at 13:20:38 IST
 FINDSITE will use user-specified box
Centroid of box:  56.497  45.332  78.785
 boundaries   51.4974975585938        61.4974975585938     
   40.3324985504150        50.3324985504150        73.7845039367676     
   83.7845039367676     
 box          10          10          10
 maximum number of atoms in a sitebox =           6
Site points found:  Sunday, January 22 2023, at 13:20:38 IST
 boxes, patoms in boxes, empty boxes =         125         234          35
 total, outside sites =        1000         207
Site points pruned:  Sunday, January 22 2023, at 13:20:38 IST
final goodsites =         8
         4 sites will be removed
         4 good sites remain
Number of site groups found =     1

  Group  index  size  score     x       y       z     stdev
    1      1      4    1.31   54.46   46.33   76.54    0.83
Sites linked and merged:  Sunday, January 22 2023, at 13:20:38 IST
 Storing receptor data

Site-finding complete.
Number of sites to map/eval:  1

-- Mapping site  1 --
jobname: md0_crop353_coa_site_1
all SiteMap grid files will be generated
 philic map specified
 phobic map specified
 donor map specified
 acceptor map specified
 metal-ligation map specified
 surface-display map specified
grid margin:     6.00
grid spacing:     0.70
non-bonded cutoff:    20.00
ligand/sitepoints file: 
protein coordinates/parameters file: 
output map/grid files will be written to the current directory
vis files will be written
protein charges will be modified to reduce formal charges and adjust donor/acceptor potentials
protein radii will be modified to allow closer approach to donor and acceptor heteroatoms
phobic areas will be modified to emphasize enclosed regions and to deemphasize exposed regions using alternative method
all input instructions read
 Getting site data
ligand xcm,ycm,zcm,xrange,yrange,zrange 54.497 46.332 76.285  2.000  0.000  1.000

 Reusing receptor data from site-finding stage.

Sitemap: electrostatic+vdw interaction energy
Map field of *enzyme* in region of *inhibitor*

computing site maps ...
grid lim (orig)  47.497  61.497  40.332  52.332  69.785  82.785
grid lim (adj)   47.147  61.847  40.032  52.632  69.635  82.935
grid point counts   22   19   20
total grid points    8360

 5675 receptor atoms read
grid: adjdip
number of grid points within emin, emax limits =     6859
 maximum grid value before cutoff =               -0.337
 minimum grid value before cutoff =   -607.817

philic and phobic grids formed
grid: surf
number of grid points within emin, emax limits =     1678
 maximum grid value before cutoff =         32446593.930
 minimum grid value before cutoff =     -2.983

grid: phil
number of grid points within emin, emax limits =     1760
 maximum grid value before cutoff =         32446543.930
 minimum grid value before cutoff =    -31.252

grid: phob
number of grid points within emin, emax limits =      709
 maximum grid value before cutoff =         32446608.930
 minimum grid value before cutoff =     -1.850

mod_phobic: phobthresh, philthresh =  -0.250  -3.000
 maximum number of atoms in a sitebox =           8
 boxes, patoms in boxes, empty boxes =       10469        5675        8360
Average phobic potential changed from  -0.697 to  -0.428 for  175 grid points

number of phobic points =   276   average phobic score =   0.69
number of philic points =  1484   average philic score =  -6.27

number of qualifying surf grid points =      277

number of qualifying phil grid points =      394

number of qualifying phob grid points =        4

number of qualifying accptr grid points =      155

number of qualifying donor grid points =      228

number of qualifying metal grid points =        0

visgrd volume surf                                                                            
visgrd author sitemap                                                                         
visgrd property name surf                                                                            
visgrd qualifying points   1349
visgrd default map values       1       1.00      2
visgrd number of dims    3
visgrd dimensions         22        19        20
visgrd axis scales      0.700     0.700     0.700

visgrd volume hydrophil                                                                       
visgrd author sitemap                                                                         
visgrd property name phil                                                                            
visgrd qualifying points    394
visgrd default map values       1      -8.00     10
visgrd number of dims    3
visgrd dimensions         22        19        20
visgrd axis scales      0.700     0.700     0.700

visgrd volume hydrophob                                                                       
visgrd author sitemap                                                                         
visgrd property name phob                                                                            
visgrd qualifying points     56
visgrd default map values       1      -0.50     13
visgrd number of dims    3
visgrd dimensions         22        19        20
visgrd axis scales      0.700     0.700     0.700

visgrd volume hbacceptor                                                                      
visgrd author sitemap                                                                         
visgrd property name accptr                                                                          
visgrd qualifying points    155
visgrd default map values       1      -8.00     16
visgrd number of dims    3
visgrd dimensions         22        19        20
visgrd axis scales      0.700     0.700     0.700

visgrd volume hbdonor                                                                         
visgrd author sitemap                                                                         
visgrd property name donor                                                                           
visgrd qualifying points    228
visgrd default map values       1      -8.00      5
visgrd number of dims    3
visgrd dimensions         22        19        20
visgrd axis scales      0.700     0.700     0.700

-- Evaluating site  1 --
Ligand/site-points file: 
Protein coordinates/parameters file: 
extend =   3
 Verbosity flags: F F F F F
all SiteMap grid files will be read
the protein charges will be modified to reduce formal charges and adjust donor/acceptor potentials
protein radii will be modified to allow closer approach to donor and acceptor heteroatoms
phobic areas emphasize enclosed regions and deemphasize exposed regions using alternative method
site-point set will be augmented by including significant nearby points
  threshold for adding phobic points:  -0.500
  threshold for adding philic points:  -8.000
base name for SiteMap grid files: 
 Reusing grid data
reusing site data
Number of protein atoms:    5675
 
phobic grid file reshaped
philic grid file reshaped
donor grid file reshaped
acceptor grid file reshaped
metal grid file reshaped
surf grid file reshaped
 maximum number of atoms in a sitebox =           8


Number of site points    4  first shell   17  higher shells   48   dirscore   0.884
1 vdw  -1.413   phob  -0.162   phil  -4.536   donor  -2.275   acceptor  -2.261   metal   0.000
2               phob  -0.077   phil  -4.142   donor  -2.064   acceptor  -2.078   metal   0.000

SiteScore size   Dscore  volume  exposure enclosure contact  phobic   philic   balance  don/acc
  0.611     9    0.417   146.12    0.878    0.884    1.090    0.537    1.211    0.443    1.006

-- Done with site  1 --

== End SiteMap calculation ==

Wrote 1 sites to "md0_crop353_coa_out.maegz".

Current time: Sun Jan 22 13:20:39 2023
Elapsed time: 0:00:04.06
SiteMap successfully completed.

