--------------------------------------------------------------------------------
JobId          : X299-0-63cd2551
Name           : md0_crop450_sph
Program        : SiteMap
Version        : 2021-4 build 135
Host           : X299
Dir            : /mnt/3a29b482-dac1-4563-be89-d63ad92354e9/cers_modelling/md_sampling_cers_models/charmm_gui_systems/cers2_10pc_chol/sitemaps
HostEntry      : localhost
JobHost        : X299
JobDir         : /scratch/tamir/md0_crop450_sph
JobSchrodinger : /opt/schrodinger2021-4
Commandline    : /opt/schrodinger2021-4/sitemap md0_crop450_sph.in -WAIT
StartTime      : 2023-01-22-14:00:17
--------------------------------------------------------------------------------

== Begin input keywords ==
ADDPHIL  -8.0
ADDPHOB  -0.5
ADDSP  True
COMPRESS  True
CUTOFF  20.0
D2THRESH  3.1
DTHRESH  6.5
DVSCALE  2.5
ENCLOSURE  0.5
EXTEND  3
FAKE  False
FFIELD  OPLS_2005
GRID  0.7
KEEPELEC  False
KEEPVDW  False
KEEPVOLPTS  True
KMAX  3
KMAX2  5
MAPDIST  4.0
MARGIN  6.0
MAXDIST  8.0
MAXSITES  1
MAXVDW  1.1
MINGROUP  3
MODCHARGES  True
MODPHOBIC  3
NEARRES  3.5
NTHRESH  3
PROT  md0_crop450.mae
R2THRESH  4.1
REPORTSIZE  10
ROUND  False
RTHRESH  5.0
VERBOSITY  0
WRITEGRIDS  False
WRITEPOT  False
WRITESTRUCTS  True
WRITEVIS  True
XCENT  42.96800136566162
XRANGE  10.0
YCENT  42.45800018310547
YRANGE  10.0
ZCENT  67.54300117492676
ZRANGE  10.0
== End input keywords ==

== Begin single-receptor SiteMap calculation ==

-- Begin site search --
 Parameters for this calculation:
 sitecut =  0.500000000000000     
 sitescmin =   1.10000000000000     
 afactor =   1.00000000000000     
 bfactor =   1.00000000000000     
 imaxsite =           8
 ithresh =           3
 mingroup =           3
 kmax =           3
 kmax2 =           5
 r2thresh =   4.10000000000000     
 dvscale =   2.50000000000000     
 dvscnorm =   2.50000000000000     
 dvscbig =   2.50000000000000     
 border =   2.00000000000000     
 dthresh =   6.50000000000000     
 rthresh =   5.00000000000000     
 maxgroup =         100
 r2thresh =   4.10000000000000     
 nthresh =           3
 ndir =         110
 use_vdw = T
 repname = none
 repsize =          10
 maxrep =           1
 sitelis = sites.lis
 profile = none
 sitelig = none
 siteasl = none
 use_sitelig =  F
 sitebox =  -999.000000000000     
 writepdb =  F
 number of protein atoms =        5676
Starting findsites:  Sunday, January 22 2023, at 14:00:20 IST
ptypes obtained:  Sunday, January 22 2023, at 14:00:21 IST
lj parameters obtained:  Sunday, January 22 2023, at 14:00:21 IST
Basic parameters obtained:  Sunday, January 22 2023, at 14:00:21 IST
Receptor parameterization completed:  Sunday, January 22 2023, at 14:00:21 IST
 scaled value of sitecut =   55.0000000000000     
 sphere directions set up         110
Sunday, January 22 2023, at 14:00:21 IST
 FINDSITE will use user-specified box
Centroid of box:  42.968  42.458  67.543
 boundaries   37.9680013656616        47.9680013656616     
   37.4580001831055        47.4580001831055        62.5430011749268     
   72.5430011749268     
 box          10          10          10
 maximum number of atoms in a sitebox =           6
Site points found:  Sunday, January 22 2023, at 14:00:21 IST
 boxes, patoms in boxes, empty boxes =         125         206          50
 total, outside sites =        1000         256
Site points pruned:  Sunday, January 22 2023, at 14:00:21 IST
final goodsites =        13
         3 sites will be removed
        10 good sites remain
Number of site groups found =     1

  Group  index  size  score     x       y       z     stdev
    1      1     10    1.22   43.55   41.87   66.80    1.43
Sites linked and merged:  Sunday, January 22 2023, at 14:00:21 IST
 Storing receptor data

Site-finding complete.
Number of sites to map/eval:  1

-- Mapping site  1 --
jobname: md0_crop450_sph_site_1
all SiteMap grid files will be generated
 philic map specified
 phobic map specified
 donor map specified
 acceptor map specified
 metal-ligation map specified
 surface-display map specified
grid margin:     6.00
grid spacing:     0.70
non-bonded cutoff:    20.00
ligand/sitepoints file: 
protein coordinates/parameters file: 
output map/grid files will be written to the current directory
vis files will be written
protein charges will be modified to reduce formal charges and adjust donor/acceptor potentials
protein radii will be modified to allow closer approach to donor and acceptor heteroatoms
phobic areas will be modified to emphasize enclosed regions and to deemphasize exposed regions using alternative method
all input instructions read
 Getting site data
ligand xcm,ycm,zcm,xrange,yrange,zrange 43.468 41.958 67.043  3.000  1.000  3.000

 Reusing receptor data from site-finding stage.

Sitemap: electrostatic+vdw interaction energy
Map field of *enzyme* in region of *inhibitor*

computing site maps ...
grid lim (orig)  35.968  50.968  35.458  48.458  59.543  74.543
grid lim (adj)   35.768  51.168  35.308  48.608  59.343  74.743
grid point counts   23   20   23
total grid points   10580

 5676 receptor atoms read
grid: adjdip
number of grid points within emin, emax limits =     9655
 maximum grid value before cutoff =               -0.045
 minimum grid value before cutoff =   -458.505

philic and phobic grids formed
grid: surf
number of grid points within emin, emax limits =     2077
 maximum grid value before cutoff =         27487993.313
 minimum grid value before cutoff =     -2.638

grid: phil
number of grid points within emin, emax limits =     3357
 maximum grid value before cutoff =         27487943.313
 minimum grid value before cutoff =    -15.705

grid: phob
number of grid points within emin, emax limits =     2523
 maximum grid value before cutoff =         27488008.313
 minimum grid value before cutoff =     -1.857

mod_phobic: phobthresh, philthresh =  -0.250  -3.000
 maximum number of atoms in a sitebox =           8
 boxes, patoms in boxes, empty boxes =       10469        5676        8368
Average phobic potential changed from  -0.766 to  -0.414 for  971 grid points

number of phobic points =  1921   average phobic score =   0.56
number of philic points =  1436   average philic score =  -3.16

number of qualifying surf grid points =      429

number of qualifying phil grid points =      122

number of qualifying phob grid points =       93

number of qualifying accptr grid points =       10

number of qualifying donor grid points =      108

number of qualifying metal grid points =        0

visgrd volume surf                                                                            
visgrd author sitemap                                                                         
visgrd property name surf                                                                            
visgrd qualifying points   3127
visgrd default map values       1       1.00      2
visgrd number of dims    3
visgrd dimensions         23        20        23
visgrd axis scales      0.700     0.700     0.700

visgrd volume hydrophil                                                                       
visgrd author sitemap                                                                         
visgrd property name phil                                                                            
visgrd qualifying points    122
visgrd default map values       1      -8.00     10
visgrd number of dims    3
visgrd dimensions         23        20        23
visgrd axis scales      0.700     0.700     0.700

visgrd volume hydrophob                                                                       
visgrd author sitemap                                                                         
visgrd property name phob                                                                            
visgrd qualifying points    295
visgrd default map values       1      -0.50     13
visgrd number of dims    3
visgrd dimensions         23        20        23
visgrd axis scales      0.700     0.700     0.700

visgrd volume hbacceptor                                                                      
visgrd author sitemap                                                                         
visgrd property name accptr                                                                          
visgrd qualifying points     10
visgrd default map values       1      -8.00     16
visgrd number of dims    3
visgrd dimensions         23        20        23
visgrd axis scales      0.700     0.700     0.700

visgrd volume hbdonor                                                                         
visgrd author sitemap                                                                         
visgrd property name donor                                                                           
visgrd qualifying points    108
visgrd default map values       1      -8.00      5
visgrd number of dims    3
visgrd dimensions         23        20        23
visgrd axis scales      0.700     0.700     0.700

-- Evaluating site  1 --
Ligand/site-points file: 
Protein coordinates/parameters file: 
extend =   3
 Verbosity flags: F F F F F
all SiteMap grid files will be read
the protein charges will be modified to reduce formal charges and adjust donor/acceptor potentials
protein radii will be modified to allow closer approach to donor and acceptor heteroatoms
phobic areas emphasize enclosed regions and deemphasize exposed regions using alternative method
site-point set will be augmented by including significant nearby points
  threshold for adding phobic points:  -0.500
  threshold for adding philic points:  -8.000
base name for SiteMap grid files: 
 Reusing grid data
reusing site data
Number of protein atoms:    5676
 
phobic grid file reshaped
philic grid file reshaped
donor grid file reshaped
acceptor grid file reshaped
metal grid file reshaped
surf grid file reshaped
 maximum number of atoms in a sitebox =           8


Number of site points   10  first shell   23  higher shells   48   dirscore   0.797
1 vdw  -1.337   phob  -0.826   phil  -0.838   donor  -0.838   acceptor   0.000   metal   0.000
2               phob  -0.405   phil  -0.815   donor  -0.009   acceptor  -0.806   metal   0.000

SiteScore size   Dscore  volume  exposure enclosure contact  phobic   philic   balance  don/acc
  0.918    34    0.953   146.80    0.676    0.797    1.032    2.811    0.224   12.561    0.000

-- Done with site  1 --

== End SiteMap calculation ==

Wrote 1 sites to "md0_crop450_sph_out.maegz".

Current time: Sun Jan 22 14:00:22 2023
Elapsed time: 0:00:04.33
SiteMap successfully completed.

