--------------------------------------------------------------------------------
JobId          : X299-0-63cd1d76
Name           : md0_crop369_sph
Program        : SiteMap
Version        : 2021-4 build 135
Host           : X299
Dir            : /mnt/3a29b482-dac1-4563-be89-d63ad92354e9/cers_modelling/md_sampling_cers_models/charmm_gui_systems/cers2_10pc_chol/sitemaps
HostEntry      : localhost
JobHost        : X299
JobDir         : /scratch/tamir/md0_crop369_sph
JobSchrodinger : /opt/schrodinger2021-4
Commandline    : /opt/schrodinger2021-4/sitemap md0_crop369_sph.in -WAIT
StartTime      : 2023-01-22-13:26:46
--------------------------------------------------------------------------------

== Begin input keywords ==
ADDPHIL  -8.0
ADDPHOB  -0.5
ADDSP  True
COMPRESS  True
CUTOFF  20.0
D2THRESH  3.1
DTHRESH  6.5
DVSCALE  2.5
ENCLOSURE  0.5
EXTEND  3
FAKE  False
FFIELD  OPLS_2005
GRID  0.7
KEEPELEC  False
KEEPVDW  False
KEEPVOLPTS  True
KMAX  3
KMAX2  5
MAPDIST  4.0
MARGIN  6.0
MAXDIST  8.0
MAXSITES  1
MAXVDW  1.1
MINGROUP  3
MODCHARGES  True
MODPHOBIC  3
NEARRES  3.5
NTHRESH  3
PROT  md0_crop369.mae
R2THRESH  4.1
REPORTSIZE  10
ROUND  False
RTHRESH  5.0
VERBOSITY  0
WRITEGRIDS  False
WRITEPOT  False
WRITESTRUCTS  True
WRITEVIS  True
XCENT  43.065996170043945
XRANGE  10.0
YCENT  41.79100036621094
YRANGE  10.0
ZCENT  66.78100109100342
ZRANGE  10.0
== End input keywords ==

== Begin single-receptor SiteMap calculation ==

-- Begin site search --
 Parameters for this calculation:
 sitecut =  0.500000000000000     
 sitescmin =   1.10000000000000     
 afactor =   1.00000000000000     
 bfactor =   1.00000000000000     
 imaxsite =           8
 ithresh =           3
 mingroup =           3
 kmax =           3
 kmax2 =           5
 r2thresh =   4.10000000000000     
 dvscale =   2.50000000000000     
 dvscnorm =   2.50000000000000     
 dvscbig =   2.50000000000000     
 border =   2.00000000000000     
 dthresh =   6.50000000000000     
 rthresh =   5.00000000000000     
 maxgroup =         100
 r2thresh =   4.10000000000000     
 nthresh =           3
 ndir =         110
 use_vdw = T
 repname = none
 repsize =          10
 maxrep =           1
 sitelis = sites.lis
 profile = none
 sitelig = none
 siteasl = none
 use_sitelig =  F
 sitebox =  -999.000000000000     
 writepdb =  F
 number of protein atoms =        5677
Starting findsites:  Sunday, January 22 2023, at 13:26:49 IST
ptypes obtained:  Sunday, January 22 2023, at 13:26:50 IST
lj parameters obtained:  Sunday, January 22 2023, at 13:26:50 IST
Basic parameters obtained:  Sunday, January 22 2023, at 13:26:50 IST
Receptor parameterization completed:  Sunday, January 22 2023, at 13:26:50 IST
 scaled value of sitecut =   55.0000000000000     
 sphere directions set up         110
Sunday, January 22 2023, at 13:26:50 IST
 FINDSITE will use user-specified box
Centroid of box:  43.066  41.791  66.781
 boundaries   38.0659961700439        48.0659961700439     
   36.7910003662109        46.7910003662109        61.7810010910034     
   71.7810010910034     
 box          10          10          10
 maximum number of atoms in a sitebox =           6
Site points found:  Sunday, January 22 2023, at 13:26:50 IST
 boxes, patoms in boxes, empty boxes =         125         215          54
 total, outside sites =        1000         246
Site points pruned:  Sunday, January 22 2023, at 13:26:50 IST
final goodsites =        36
         2 sites will be removed
        34 good sites remain
Number of site groups found =     1

  Group  index  size  score     x       y       z     stdev
    1      1     34    1.33   44.50   41.57   65.96    2.73
Sites linked and merged:  Sunday, January 22 2023, at 13:26:50 IST
 Storing receptor data

Site-finding complete.
Number of sites to map/eval:  1

-- Mapping site  1 --
jobname: md0_crop369_sph_site_1
all SiteMap grid files will be generated
 philic map specified
 phobic map specified
 donor map specified
 acceptor map specified
 metal-ligation map specified
 surface-display map specified
grid margin:     6.00
grid spacing:     0.70
non-bonded cutoff:    20.00
ligand/sitepoints file: 
protein coordinates/parameters file: 
output map/grid files will be written to the current directory
vis files will be written
protein charges will be modified to reduce formal charges and adjust donor/acceptor potentials
protein radii will be modified to allow closer approach to donor and acceptor heteroatoms
phobic areas will be modified to emphasize enclosed regions and to deemphasize exposed regions using alternative method
all input instructions read
 Getting site data
ligand xcm,ycm,zcm,xrange,yrange,zrange 44.066 41.791 66.281  6.000  4.000  7.000

 Reusing receptor data from site-finding stage.

Sitemap: electrostatic+vdw interaction energy
Map field of *enzyme* in region of *inhibitor*

computing site maps ...
grid lim (orig)  35.066  53.066  33.791  49.791  56.781  75.781
grid lim (adj)   34.966  53.166  33.741  49.841  56.481  76.081
grid point counts   27   24   29
total grid points   18792

 5677 receptor atoms read
grid: adjdip
number of grid points within emin, emax limits =    16978
 maximum grid value before cutoff =               -0.036
 minimum grid value before cutoff =   -545.935

philic and phobic grids formed
grid: surf
number of grid points within emin, emax limits =     3304
 maximum grid value before cutoff =         39284981.625
 minimum grid value before cutoff =     -3.050

grid: phil
number of grid points within emin, emax limits =     5657
 maximum grid value before cutoff =         39284931.625
 minimum grid value before cutoff =    -22.320

grid: phob
number of grid points within emin, emax limits =     4364
 maximum grid value before cutoff =         39284996.625
 minimum grid value before cutoff =     -2.353

mod_phobic: phobthresh, philthresh =  -0.250  -3.000
 maximum number of atoms in a sitebox =           9
 boxes, patoms in boxes, empty boxes =       10469        5677        8378
Average phobic potential changed from  -0.756 to  -0.405 for 1497 grid points

number of phobic points =  3289   average phobic score =   0.50
number of philic points =  2368   average philic score =  -3.55

number of qualifying surf grid points =      633

number of qualifying phil grid points =      285

number of qualifying phob grid points =      144

number of qualifying accptr grid points =       73

number of qualifying donor grid points =      184

number of qualifying metal grid points =        0

visgrd volume surf                                                                            
visgrd author sitemap                                                                         
visgrd property name surf                                                                            
visgrd qualifying points   5271
visgrd default map values       1       1.00      2
visgrd number of dims    3
visgrd dimensions         27        24        29
visgrd axis scales      0.700     0.700     0.700

visgrd volume hydrophil                                                                       
visgrd author sitemap                                                                         
visgrd property name phil                                                                            
visgrd qualifying points    285
visgrd default map values       1      -8.00     10
visgrd number of dims    3
visgrd dimensions         27        24        29
visgrd axis scales      0.700     0.700     0.700

visgrd volume hydrophob                                                                       
visgrd author sitemap                                                                         
visgrd property name phob                                                                            
visgrd qualifying points    417
visgrd default map values       1      -0.50     13
visgrd number of dims    3
visgrd dimensions         27        24        29
visgrd axis scales      0.700     0.700     0.700

visgrd volume hbacceptor                                                                      
visgrd author sitemap                                                                         
visgrd property name accptr                                                                          
visgrd qualifying points     73
visgrd default map values       1      -8.00     16
visgrd number of dims    3
visgrd dimensions         27        24        29
visgrd axis scales      0.700     0.700     0.700

visgrd volume hbdonor                                                                         
visgrd author sitemap                                                                         
visgrd property name donor                                                                           
visgrd qualifying points    184
visgrd default map values       1      -8.00      5
visgrd number of dims    3
visgrd dimensions         27        24        29
visgrd axis scales      0.700     0.700     0.700

-- Evaluating site  1 --
Ligand/site-points file: 
Protein coordinates/parameters file: 
extend =   3
 Verbosity flags: F F F F F
all SiteMap grid files will be read
the protein charges will be modified to reduce formal charges and adjust donor/acceptor potentials
protein radii will be modified to allow closer approach to donor and acceptor heteroatoms
phobic areas emphasize enclosed regions and deemphasize exposed regions using alternative method
site-point set will be augmented by including significant nearby points
  threshold for adding phobic points:  -0.500
  threshold for adding philic points:  -8.000
base name for SiteMap grid files: 
 Reusing grid data
reusing site data
Number of protein atoms:    5677
 
phobic grid file reshaped
philic grid file reshaped
donor grid file reshaped
acceptor grid file reshaped
metal grid file reshaped
surf grid file reshaped
 maximum number of atoms in a sitebox =           9


Number of site points   34  first shell   37  higher shells   69   dirscore   0.798
1 vdw  -1.336   phob  -0.524   phil  -2.294   donor  -2.120   acceptor  -0.174   metal   0.000
2               phob  -0.261   phil  -2.137   donor  -0.158   acceptor  -1.979   metal   0.000

SiteScore size   Dscore  volume  exposure enclosure contact  phobic   philic   balance  don/acc
  0.969    57    0.989   233.58    0.650    0.798    1.031    1.809    0.613    2.954   12.188

-- Done with site  1 --

== End SiteMap calculation ==

Wrote 1 sites to "md0_crop369_sph_out.maegz".

Current time: Sun Jan 22 13:26:52 2023
Elapsed time: 0:00:05.24
SiteMap successfully completed.

