--------------------------------------------------------------------------------
JobId          : X299-0-63cd06a9
Name           : md0_crop128_coa
Program        : SiteMap
Version        : 2021-4 build 135
Host           : X299
Dir            : /mnt/3a29b482-dac1-4563-be89-d63ad92354e9/cers_modelling/md_sampling_cers_models/charmm_gui_systems/cers2_10pc_chol/sitemaps
HostEntry      : localhost
JobHost        : X299
JobDir         : /scratch/tamir/md0_crop128_coa
JobSchrodinger : /opt/schrodinger2021-4
Commandline    : /opt/schrodinger2021-4/sitemap md0_crop128_coa.in -WAIT
StartTime      : 2023-01-22-11:49:29
--------------------------------------------------------------------------------

== Begin input keywords ==
ADDPHIL  -8.0
ADDPHOB  -0.5
ADDSP  True
COMPRESS  True
CUTOFF  20.0
D2THRESH  3.1
DTHRESH  6.5
DVSCALE  2.5
ENCLOSURE  0.5
EXTEND  3
FAKE  False
FFIELD  OPLS_2005
GRID  0.7
KEEPELEC  False
KEEPVDW  False
KEEPVOLPTS  True
KMAX  3
KMAX2  5
MAPDIST  4.0
MARGIN  6.0
MAXDIST  8.0
MAXSITES  1
MAXVDW  1.1
MINGROUP  3
MODCHARGES  True
MODPHOBIC  3
NEARRES  3.5
NTHRESH  3
PROT  md0_crop128.mae
R2THRESH  4.1
REPORTSIZE  10
ROUND  False
RTHRESH  5.0
VERBOSITY  0
WRITEGRIDS  False
WRITEPOT  False
WRITESTRUCTS  True
WRITEVIS  True
XCENT  57.86600112915039
XRANGE  10.0
YCENT  45.20100116729736
YRANGE  10.0
ZCENT  75.91450214385986
ZRANGE  10.0
== End input keywords ==

== Begin single-receptor SiteMap calculation ==

-- Begin site search --
 Parameters for this calculation:
 sitecut =  0.500000000000000     
 sitescmin =   1.10000000000000     
 afactor =   1.00000000000000     
 bfactor =   1.00000000000000     
 imaxsite =           8
 ithresh =           3
 mingroup =           3
 kmax =           3
 kmax2 =           5
 r2thresh =   4.10000000000000     
 dvscale =   2.50000000000000     
 dvscnorm =   2.50000000000000     
 dvscbig =   2.50000000000000     
 border =   2.00000000000000     
 dthresh =   6.50000000000000     
 rthresh =   5.00000000000000     
 maxgroup =         100
 r2thresh =   4.10000000000000     
 nthresh =           3
 ndir =         110
 use_vdw = T
 repname = none
 repsize =          10
 maxrep =           1
 sitelis = sites.lis
 profile = none
 sitelig = none
 siteasl = none
 use_sitelig =  F
 sitebox =  -999.000000000000     
 writepdb =  F
 number of protein atoms =        5674
Starting findsites:  Sunday, January 22 2023, at 11:49:33 IST
ptypes obtained:  Sunday, January 22 2023, at 11:49:33 IST
lj parameters obtained:  Sunday, January 22 2023, at 11:49:33 IST
Basic parameters obtained:  Sunday, January 22 2023, at 11:49:33 IST
Receptor parameterization completed:  Sunday, January 22 2023, at 11:49:33 IST
 scaled value of sitecut =   55.0000000000000     
 sphere directions set up         110
Sunday, January 22 2023, at 11:49:33 IST
 FINDSITE will use user-specified box
Centroid of box:  57.866  45.201  75.915
 boundaries   52.8660011291504        62.8660011291504     
   40.2010011672974        50.2010011672974        70.9145021438599     
   80.9145021438599     
 box          10          10          10
 maximum number of atoms in a sitebox =           6
Site points found:  Sunday, January 22 2023, at 11:49:33 IST
 boxes, patoms in boxes, empty boxes =         125         241          39
 total, outside sites =        1000         149
Site points pruned:  Sunday, January 22 2023, at 11:49:33 IST
final goodsites =        35
         2 sites will be removed
        33 good sites remain
Number of site groups found =     2

  Group  index  size  score     x       y       z     stdev
    1      1     27    1.30   55.76   47.24   74.82    2.16
    2      2      6    1.44   60.38   48.20   73.82    0.96

Inter-group relationships
     g1     g2     n1     n2    dmin    davg   spread  ratio     x1      y1      z1      x2      y2      z2
      1      2     27      6    3.16    4.82    3.12    1.55   55.76   47.24   74.82   60.38   48.20   73.82
 groups           1           2  will be considered for merger
site groups connected   57.87   47.20   73.91   7    3.00   4   3   4
                        58.87   48.20   72.91
 successful merge of groups           1           2
Number of site groups found =     1

  Group  index  size  score     x       y       z     stdev
    1      1     33    1.33   56.67   47.43   74.62    2.76
Sites linked and merged:  Sunday, January 22 2023, at 11:49:33 IST
 Storing receptor data

Site-finding complete.
Number of sites to map/eval:  1

-- Mapping site  1 --
jobname: md0_crop128_coa_site_1
all SiteMap grid files will be generated
 philic map specified
 phobic map specified
 donor map specified
 acceptor map specified
 metal-ligation map specified
 surface-display map specified
grid margin:     6.00
grid spacing:     0.70
non-bonded cutoff:    20.00
ligand/sitepoints file: 
protein coordinates/parameters file: 
output map/grid files will be written to the current directory
vis files will be written
protein charges will be modified to reduce formal charges and adjust donor/acceptor potentials
protein radii will be modified to allow closer approach to donor and acceptor heteroatoms
phobic areas will be modified to emphasize enclosed regions and to deemphasize exposed regions using alternative method
all input instructions read
 Getting site data
ligand xcm,ycm,zcm,xrange,yrange,zrange 57.866 46.701 75.415  6.000  3.000  7.000

 Reusing receptor data from site-finding stage.

Sitemap: electrostatic+vdw interaction energy
Map field of *enzyme* in region of *inhibitor*

computing site maps ...
grid lim (orig)  48.866  66.866  39.201  54.201  65.915  84.915
grid lim (adj)   48.766  66.966  39.001  54.401  65.615  85.215
grid point counts   27   23   29
total grid points   18009

 5674 receptor atoms read
grid: adjdip
number of grid points within emin, emax limits =    15246
 maximum grid value before cutoff =               -0.069
 minimum grid value before cutoff =   -627.252

philic and phobic grids formed
grid: surf
number of grid points within emin, emax limits =     3032
 maximum grid value before cutoff =         42158267.952
 minimum grid value before cutoff =     -2.814

grid: phil
number of grid points within emin, emax limits =     3474
 maximum grid value before cutoff =         42158217.952
 minimum grid value before cutoff =    -25.608

grid: phob
number of grid points within emin, emax limits =     1670
 maximum grid value before cutoff =         42158282.952
 minimum grid value before cutoff =     -2.080

mod_phobic: phobthresh, philthresh =  -0.250  -3.000
 maximum number of atoms in a sitebox =           8
 boxes, patoms in boxes, empty boxes =       12369        5674       10289
Average phobic potential changed from  -0.841 to  -0.528 for  504 grid points

number of phobic points =   694   average phobic score =   0.79
number of philic points =  2780   average philic score =  -5.00

number of qualifying surf grid points =      443

number of qualifying phil grid points =      529

number of qualifying phob grid points =      110

number of qualifying accptr grid points =      219

number of qualifying donor grid points =      283

number of qualifying metal grid points =        0

visgrd volume surf                                                                            
visgrd author sitemap                                                                         
visgrd property name surf                                                                            
visgrd qualifying points   2888
visgrd default map values       1       1.00      2
visgrd number of dims    3
visgrd dimensions         27        23        29
visgrd axis scales      0.700     0.700     0.700

visgrd volume hydrophil                                                                       
visgrd author sitemap                                                                         
visgrd property name phil                                                                            
visgrd qualifying points    529
visgrd default map values       1      -8.00     10
visgrd number of dims    3
visgrd dimensions         27        23        29
visgrd axis scales      0.700     0.700     0.700

visgrd volume hydrophob                                                                       
visgrd author sitemap                                                                         
visgrd property name phob                                                                            
visgrd qualifying points    245
visgrd default map values       1      -0.50     13
visgrd number of dims    3
visgrd dimensions         27        23        29
visgrd axis scales      0.700     0.700     0.700

visgrd volume hbacceptor                                                                      
visgrd author sitemap                                                                         
visgrd property name accptr                                                                          
visgrd qualifying points    219
visgrd default map values       1      -8.00     16
visgrd number of dims    3
visgrd dimensions         27        23        29
visgrd axis scales      0.700     0.700     0.700

visgrd volume hbdonor                                                                         
visgrd author sitemap                                                                         
visgrd property name donor                                                                           
visgrd qualifying points    283
visgrd default map values       1      -8.00      5
visgrd number of dims    3
visgrd dimensions         27        23        29
visgrd axis scales      0.700     0.700     0.700

-- Evaluating site  1 --
Ligand/site-points file: 
Protein coordinates/parameters file: 
extend =   3
 Verbosity flags: F F F F F
all SiteMap grid files will be read
the protein charges will be modified to reduce formal charges and adjust donor/acceptor potentials
protein radii will be modified to allow closer approach to donor and acceptor heteroatoms
phobic areas emphasize enclosed regions and deemphasize exposed regions using alternative method
site-point set will be augmented by including significant nearby points
  threshold for adding phobic points:  -0.500
  threshold for adding philic points:  -8.000
base name for SiteMap grid files: 
 Reusing grid data
reusing site data
Number of protein atoms:    5674
 
phobic grid file reshaped
philic grid file reshaped
donor grid file reshaped
acceptor grid file reshaped
metal grid file reshaped
surf grid file reshaped
 maximum number of atoms in a sitebox =           8


Number of site points   33  first shell   70  higher shells   80   dirscore   0.875
1 vdw  -1.479   phob  -0.358   phil  -4.314   donor  -1.976   acceptor  -2.338   metal   0.000
2               phob  -0.149   phil  -4.269   donor  -2.013   acceptor  -2.256   metal   0.000

SiteScore size   Dscore  volume  exposure enclosure contact  phobic   philic   balance  don/acc
  1.053    83    1.006   298.75    0.644    0.875    1.141    1.032    1.152    0.896    0.845

-- Done with site  1 --

== End SiteMap calculation ==

Wrote 1 sites to "md0_crop128_coa_out.maegz".

Current time: Sun Jan 22 11:49:35 2023
Elapsed time: 0:00:04.97
SiteMap successfully completed.

