--------------------------------------------------------------------------------
JobId          : X299-0-63cd26cb
Name           : md0_crop467_coa
Program        : SiteMap
Version        : 2021-4 build 135
Host           : X299
Dir            : /mnt/3a29b482-dac1-4563-be89-d63ad92354e9/cers_modelling/md_sampling_cers_models/charmm_gui_systems/cers2_10pc_chol/sitemaps
HostEntry      : localhost
JobHost        : X299
JobDir         : /scratch/tamir/md0_crop467_coa
JobSchrodinger : /opt/schrodinger2021-4
Commandline    : /opt/schrodinger2021-4/sitemap md0_crop467_coa.in -WAIT
StartTime      : 2023-01-22-14:06:36
--------------------------------------------------------------------------------

== Begin input keywords ==
ADDPHIL  -8.0
ADDPHOB  -0.5
ADDSP  True
COMPRESS  True
CUTOFF  20.0
D2THRESH  3.1
DTHRESH  6.5
DVSCALE  2.5
ENCLOSURE  0.5
EXTEND  3
FAKE  False
FFIELD  OPLS_2005
GRID  0.7
KEEPELEC  False
KEEPVDW  False
KEEPVOLPTS  True
KMAX  3
KMAX2  5
MAPDIST  4.0
MARGIN  6.0
MAXDIST  8.0
MAXSITES  1
MAXVDW  1.1
MINGROUP  3
MODCHARGES  True
MODPHOBIC  3
NEARRES  3.5
NTHRESH  3
PROT  md0_crop467.mae
R2THRESH  4.1
REPORTSIZE  10
ROUND  False
RTHRESH  5.0
VERBOSITY  0
WRITEGRIDS  False
WRITEPOT  False
WRITESTRUCTS  True
WRITEVIS  True
XCENT  57.24550247192383
XRANGE  10.0
YCENT  46.65800094604492
YRANGE  10.0
ZCENT  76.13199710845947
ZRANGE  10.0
== End input keywords ==

== Begin single-receptor SiteMap calculation ==

-- Begin site search --
 Parameters for this calculation:
 sitecut =  0.500000000000000     
 sitescmin =   1.10000000000000     
 afactor =   1.00000000000000     
 bfactor =   1.00000000000000     
 imaxsite =           8
 ithresh =           3
 mingroup =           3
 kmax =           3
 kmax2 =           5
 r2thresh =   4.10000000000000     
 dvscale =   2.50000000000000     
 dvscnorm =   2.50000000000000     
 dvscbig =   2.50000000000000     
 border =   2.00000000000000     
 dthresh =   6.50000000000000     
 rthresh =   5.00000000000000     
 maxgroup =         100
 r2thresh =   4.10000000000000     
 nthresh =           3
 ndir =         110
 use_vdw = T
 repname = none
 repsize =          10
 maxrep =           1
 sitelis = sites.lis
 profile = none
 sitelig = none
 siteasl = none
 use_sitelig =  F
 sitebox =  -999.000000000000     
 writepdb =  F
 number of protein atoms =        5676
Starting findsites:  Sunday, January 22 2023, at 14:06:39 IST
ptypes obtained:  Sunday, January 22 2023, at 14:06:39 IST
lj parameters obtained:  Sunday, January 22 2023, at 14:06:39 IST
Basic parameters obtained:  Sunday, January 22 2023, at 14:06:39 IST
Receptor parameterization completed:  Sunday, January 22 2023, at 14:06:39 IST
 scaled value of sitecut =   55.0000000000000     
 sphere directions set up         110
Sunday, January 22 2023, at 14:06:39 IST
 FINDSITE will use user-specified box
Centroid of box:  57.246  46.658  76.132
 boundaries   52.2455024719238        62.2455024719238     
   41.6580009460449        51.6580009460449        71.1319971084595     
   81.1319971084595     
 box          10          10          10
 maximum number of atoms in a sitebox =           7
Site points found:  Sunday, January 22 2023, at 14:06:39 IST
 boxes, patoms in boxes, empty boxes =         125         253          30
 total, outside sites =        1000          86
Site points pruned:  Sunday, January 22 2023, at 14:06:39 IST
final goodsites =        19
         6 sites will be removed
        13 good sites remain
Number of site groups found =     1

  Group  index  size  score     x       y       z     stdev
    1      1     13    1.62   54.78   49.35   73.68    1.30
Sites linked and merged:  Sunday, January 22 2023, at 14:06:39 IST
 Storing receptor data

Site-finding complete.
Number of sites to map/eval:  1

-- Mapping site  1 --
jobname: md0_crop467_coa_site_1
all SiteMap grid files will be generated
 philic map specified
 phobic map specified
 donor map specified
 acceptor map specified
 metal-ligation map specified
 surface-display map specified
grid margin:     6.00
grid spacing:     0.70
non-bonded cutoff:    20.00
ligand/sitepoints file: 
protein coordinates/parameters file: 
output map/grid files will be written to the current directory
vis files will be written
protein charges will be modified to reduce formal charges and adjust donor/acceptor potentials
protein radii will be modified to allow closer approach to donor and acceptor heteroatoms
phobic areas will be modified to emphasize enclosed regions and to deemphasize exposed regions using alternative method
all input instructions read
 Getting site data
ligand xcm,ycm,zcm,xrange,yrange,zrange 55.246 49.658 73.632  2.000  2.000  3.000

 Reusing receptor data from site-finding stage.

Sitemap: electrostatic+vdw interaction energy
Map field of *enzyme* in region of *inhibitor*

computing site maps ...
grid lim (orig)  48.246  62.246  42.658  56.658  66.132  81.132
grid lim (adj)   47.896  62.596  42.308  57.008  65.932  81.332
grid point counts   22   22   23
total grid points   11132

 5676 receptor atoms read
grid: adjdip
number of grid points within emin, emax limits =     8930
 maximum grid value before cutoff =               -0.113
 minimum grid value before cutoff =   -658.768

philic and phobic grids formed
grid: surf
number of grid points within emin, emax limits =     2016
 maximum grid value before cutoff =         45721727.405
 minimum grid value before cutoff =     -3.064

grid: phil
number of grid points within emin, emax limits =     1458
 maximum grid value before cutoff =         45721677.405
 minimum grid value before cutoff =    -31.506

grid: phob
number of grid points within emin, emax limits =      510
 maximum grid value before cutoff =         45721742.405
 minimum grid value before cutoff =     -1.743

mod_phobic: phobthresh, philthresh =  -0.250  -3.000
 maximum number of atoms in a sitebox =           9
 boxes, patoms in boxes, empty boxes =       10469        5676        8375
Average phobic potential changed from  -0.820 to  -0.535 for  129 grid points

number of phobic points =   244   average phobic score =   0.84
number of philic points =  1214   average philic score =  -7.15

number of qualifying surf grid points =      297

number of qualifying phil grid points =      428

number of qualifying phob grid points =       28

number of qualifying accptr grid points =      190

number of qualifying donor grid points =      222

number of qualifying metal grid points =        0

visgrd volume surf                                                                            
visgrd author sitemap                                                                         
visgrd property name surf                                                                            
visgrd qualifying points    977
visgrd default map values       1       1.00      2
visgrd number of dims    3
visgrd dimensions         22        22        23
visgrd axis scales      0.700     0.700     0.700

visgrd volume hydrophil                                                                       
visgrd author sitemap                                                                         
visgrd property name phil                                                                            
visgrd qualifying points    428
visgrd default map values       1      -8.00     10
visgrd number of dims    3
visgrd dimensions         22        22        23
visgrd axis scales      0.700     0.700     0.700

visgrd volume hydrophob                                                                       
visgrd author sitemap                                                                         
visgrd property name phob                                                                            
visgrd qualifying points     59
visgrd default map values       1      -0.50     13
visgrd number of dims    3
visgrd dimensions         22        22        23
visgrd axis scales      0.700     0.700     0.700

visgrd volume hbacceptor                                                                      
visgrd author sitemap                                                                         
visgrd property name accptr                                                                          
visgrd qualifying points    190
visgrd default map values       1      -8.00     16
visgrd number of dims    3
visgrd dimensions         22        22        23
visgrd axis scales      0.700     0.700     0.700

visgrd volume hbdonor                                                                         
visgrd author sitemap                                                                         
visgrd property name donor                                                                           
visgrd qualifying points    222
visgrd default map values       1      -8.00      5
visgrd number of dims    3
visgrd dimensions         22        22        23
visgrd axis scales      0.700     0.700     0.700

-- Evaluating site  1 --
Ligand/site-points file: 
Protein coordinates/parameters file: 
extend =   3
 Verbosity flags: F F F F F
all SiteMap grid files will be read
the protein charges will be modified to reduce formal charges and adjust donor/acceptor potentials
protein radii will be modified to allow closer approach to donor and acceptor heteroatoms
phobic areas emphasize enclosed regions and deemphasize exposed regions using alternative method
site-point set will be augmented by including significant nearby points
  threshold for adding phobic points:  -0.500
  threshold for adding philic points:  -8.000
base name for SiteMap grid files: 
 Reusing grid data
reusing site data
Number of protein atoms:    5676
 
phobic grid file reshaped
philic grid file reshaped
donor grid file reshaped
acceptor grid file reshaped
metal grid file reshaped
surf grid file reshaped
 maximum number of atoms in a sitebox =           9


Number of site points   13  first shell   29  higher shells   28   dirscore   0.934
1 vdw  -1.637   phob  -0.230   phil  -5.849   donor  -2.614   acceptor  -3.234   metal   0.000
2               phob  -0.050   phil  -5.556   donor  -2.726   acceptor  -2.830   metal   0.000

SiteScore size   Dscore  volume  exposure enclosure contact  phobic   philic   balance  don/acc
  0.819    29    0.557   107.02    0.663    0.934    1.263    0.348    1.562    0.223    0.808

-- Done with site  1 --

== End SiteMap calculation ==

Wrote 1 sites to "md0_crop467_coa_out.maegz".

Current time: Sun Jan 22 14:06:40 2023
Elapsed time: 0:00:03.91
SiteMap successfully completed.

