--------------------------------------------------------------------------------
JobId          : X299-0-63cd1b2c
Name           : md0_crop344_coa
Program        : SiteMap
Version        : 2021-4 build 135
Host           : X299
Dir            : /mnt/3a29b482-dac1-4563-be89-d63ad92354e9/cers_modelling/md_sampling_cers_models/charmm_gui_systems/cers2_10pc_chol/sitemaps
HostEntry      : localhost
JobHost        : X299
JobDir         : /scratch/tamir/md0_crop344_coa
JobSchrodinger : /opt/schrodinger2021-4
Commandline    : /opt/schrodinger2021-4/sitemap md0_crop344_coa.in -WAIT
StartTime      : 2023-01-22-13:17:00
--------------------------------------------------------------------------------

== Begin input keywords ==
ADDPHIL  -8.0
ADDPHOB  -0.5
ADDSP  True
COMPRESS  True
CUTOFF  20.0
D2THRESH  3.1
DTHRESH  6.5
DVSCALE  2.5
ENCLOSURE  0.5
EXTEND  3
FAKE  False
FFIELD  OPLS_2005
GRID  0.7
KEEPELEC  False
KEEPVDW  False
KEEPVOLPTS  True
KMAX  3
KMAX2  5
MAPDIST  4.0
MARGIN  6.0
MAXDIST  8.0
MAXSITES  1
MAXVDW  1.1
MINGROUP  3
MODCHARGES  True
MODPHOBIC  3
NEARRES  3.5
NTHRESH  3
PROT  md0_crop344.mae
R2THRESH  4.1
REPORTSIZE  10
ROUND  False
RTHRESH  5.0
VERBOSITY  0
WRITEGRIDS  False
WRITEPOT  False
WRITESTRUCTS  True
WRITEVIS  True
XCENT  57.4084997177124
XRANGE  10.0
YCENT  44.60099697113037
YRANGE  10.0
ZCENT  76.91800117492676
ZRANGE  10.0
== End input keywords ==

== Begin single-receptor SiteMap calculation ==

-- Begin site search --
 Parameters for this calculation:
 sitecut =  0.500000000000000     
 sitescmin =   1.10000000000000     
 afactor =   1.00000000000000     
 bfactor =   1.00000000000000     
 imaxsite =           8
 ithresh =           3
 mingroup =           3
 kmax =           3
 kmax2 =           5
 r2thresh =   4.10000000000000     
 dvscale =   2.50000000000000     
 dvscnorm =   2.50000000000000     
 dvscbig =   2.50000000000000     
 border =   2.00000000000000     
 dthresh =   6.50000000000000     
 rthresh =   5.00000000000000     
 maxgroup =         100
 r2thresh =   4.10000000000000     
 nthresh =           3
 ndir =         110
 use_vdw = T
 repname = none
 repsize =          10
 maxrep =           1
 sitelis = sites.lis
 profile = none
 sitelig = none
 siteasl = none
 use_sitelig =  F
 sitebox =  -999.000000000000     
 writepdb =  F
 number of protein atoms =        5674
Starting findsites:  Sunday, January 22 2023, at 13:17:04 IST
ptypes obtained:  Sunday, January 22 2023, at 13:17:04 IST
lj parameters obtained:  Sunday, January 22 2023, at 13:17:04 IST
Basic parameters obtained:  Sunday, January 22 2023, at 13:17:04 IST
Receptor parameterization completed:  Sunday, January 22 2023, at 13:17:04 IST
 scaled value of sitecut =   55.0000000000000     
 sphere directions set up         110
Sunday, January 22 2023, at 13:17:04 IST
 FINDSITE will use user-specified box
Centroid of box:  57.408  44.601  76.918
 boundaries   52.4084997177124        62.4084997177124     
   39.6009969711304        49.6009969711304        71.9180011749268     
   81.9180011749268     
 box          10          10          10
 maximum number of atoms in a sitebox =           6
Site points found:  Sunday, January 22 2023, at 13:17:04 IST
 boxes, patoms in boxes, empty boxes =         125         228          36
 total, outside sites =        1000         153
Site points pruned:  Sunday, January 22 2023, at 13:17:04 IST
final goodsites =        22
         4 sites will be removed
        18 good sites remain
Number of site groups found =     1

  Group  index  size  score     x       y       z     stdev
    1      1     18    1.31   55.84   46.09   75.21    1.58
Sites linked and merged:  Sunday, January 22 2023, at 13:17:04 IST
 Storing receptor data

Site-finding complete.
Number of sites to map/eval:  1

-- Mapping site  1 --
jobname: md0_crop344_coa_site_1
all SiteMap grid files will be generated
 philic map specified
 phobic map specified
 donor map specified
 acceptor map specified
 metal-ligation map specified
 surface-display map specified
grid margin:     6.00
grid spacing:     0.70
non-bonded cutoff:    20.00
ligand/sitepoints file: 
protein coordinates/parameters file: 
output map/grid files will be written to the current directory
vis files will be written
protein charges will be modified to reduce formal charges and adjust donor/acceptor potentials
protein radii will be modified to allow closer approach to donor and acceptor heteroatoms
phobic areas will be modified to emphasize enclosed regions and to deemphasize exposed regions using alternative method
all input instructions read
 Getting site data
ligand xcm,ycm,zcm,xrange,yrange,zrange 55.908 46.101 75.418  3.000  3.000  3.000

 Reusing receptor data from site-finding stage.

Sitemap: electrostatic+vdw interaction energy
Map field of *enzyme* in region of *inhibitor*

computing site maps ...
grid lim (orig)  48.408  63.408  38.601  53.601  67.918  82.918
grid lim (adj)   48.208  63.608  38.401  53.801  67.718  83.118
grid point counts   23   23   23
total grid points   12167

 5674 receptor atoms read
grid: adjdip
number of grid points within emin, emax limits =    10065
 maximum grid value before cutoff =               -0.170
 minimum grid value before cutoff =   -599.609

philic and phobic grids formed
grid: surf
number of grid points within emin, emax limits =     2234
 maximum grid value before cutoff =         44524289.719
 minimum grid value before cutoff =     -3.024

grid: phil
number of grid points within emin, emax limits =     2322
 maximum grid value before cutoff =         44524239.719
 minimum grid value before cutoff =    -31.611

grid: phob
number of grid points within emin, emax limits =     1041
 maximum grid value before cutoff =         44524304.719
 minimum grid value before cutoff =     -2.295

mod_phobic: phobthresh, philthresh =  -0.250  -3.000
 maximum number of atoms in a sitebox =           8
 boxes, patoms in boxes, empty boxes =       10469        5674        8365
Average phobic potential changed from  -0.874 to  -0.582 for  227 grid points

number of phobic points =   405   average phobic score =   0.86
number of philic points =  1917   average philic score =  -5.96

number of qualifying surf grid points =      375

number of qualifying phil grid points =      522

number of qualifying phob grid points =       62

number of qualifying accptr grid points =      205

number of qualifying donor grid points =      308

number of qualifying metal grid points =        0

visgrd volume surf                                                                            
visgrd author sitemap                                                                         
visgrd property name surf                                                                            
visgrd qualifying points   1810
visgrd default map values       1       1.00      2
visgrd number of dims    3
visgrd dimensions         23        23        23
visgrd axis scales      0.700     0.700     0.700

visgrd volume hydrophil                                                                       
visgrd author sitemap                                                                         
visgrd property name phil                                                                            
visgrd qualifying points    522
visgrd default map values       1      -8.00     10
visgrd number of dims    3
visgrd dimensions         23        23        23
visgrd axis scales      0.700     0.700     0.700

visgrd volume hydrophob                                                                       
visgrd author sitemap                                                                         
visgrd property name phob                                                                            
visgrd qualifying points    132
visgrd default map values       1      -0.50     13
visgrd number of dims    3
visgrd dimensions         23        23        23
visgrd axis scales      0.700     0.700     0.700

visgrd volume hbacceptor                                                                      
visgrd author sitemap                                                                         
visgrd property name accptr                                                                          
visgrd qualifying points    205
visgrd default map values       1      -8.00     16
visgrd number of dims    3
visgrd dimensions         23        23        23
visgrd axis scales      0.700     0.700     0.700

visgrd volume hbdonor                                                                         
visgrd author sitemap                                                                         
visgrd property name donor                                                                           
visgrd qualifying points    308
visgrd default map values       1      -8.00      5
visgrd number of dims    3
visgrd dimensions         23        23        23
visgrd axis scales      0.700     0.700     0.700

-- Evaluating site  1 --
Ligand/site-points file: 
Protein coordinates/parameters file: 
extend =   3
 Verbosity flags: F F F F F
all SiteMap grid files will be read
the protein charges will be modified to reduce formal charges and adjust donor/acceptor potentials
protein radii will be modified to allow closer approach to donor and acceptor heteroatoms
phobic areas emphasize enclosed regions and deemphasize exposed regions using alternative method
site-point set will be augmented by including significant nearby points
  threshold for adding phobic points:  -0.500
  threshold for adding philic points:  -8.000
base name for SiteMap grid files: 
 Reusing grid data
reusing site data
Number of protein atoms:    5674
 
phobic grid file reshaped
philic grid file reshaped
donor grid file reshaped
acceptor grid file reshaped
metal grid file reshaped
surf grid file reshaped
 maximum number of atoms in a sitebox =           8


Number of site points   18  first shell   40  higher shells   58   dirscore   0.900
1 vdw  -1.445   phob  -0.354   phil  -4.393   donor  -1.781   acceptor  -2.612   metal   0.000
2               phob  -0.139   phil  -4.392   donor  -2.256   acceptor  -2.136   metal   0.000

SiteScore size   Dscore  volume  exposure enclosure contact  phobic   philic   balance  don/acc
  0.951    56    0.861   179.39    0.636    0.900    1.115    0.964    1.173    0.822    0.682

-- Done with site  1 --

== End SiteMap calculation ==

Wrote 1 sites to "md0_crop344_coa_out.maegz".

Current time: Sun Jan 22 13:17:06 2023
Elapsed time: 0:00:04.30
SiteMap successfully completed.

