--------------------------------------------------------------------------------
JobId          : X299-0-63cd30dd
Name           : md0_crop91_coa
Program        : SiteMap
Version        : 2021-4 build 135
Host           : X299
Dir            : /mnt/3a29b482-dac1-4563-be89-d63ad92354e9/cers_modelling/md_sampling_cers_models/charmm_gui_systems/cers2_10pc_chol/sitemaps
HostEntry      : localhost
JobHost        : X299
JobDir         : /scratch/tamir/md0_crop91_coa
JobSchrodinger : /opt/schrodinger2021-4
Commandline    : /opt/schrodinger2021-4/sitemap md0_crop91_coa.in -WAIT
StartTime      : 2023-01-22-14:49:34
--------------------------------------------------------------------------------

== Begin input keywords ==
ADDPHIL  -8.0
ADDPHOB  -0.5
ADDSP  True
COMPRESS  True
CUTOFF  20.0
D2THRESH  3.1
DTHRESH  6.5
DVSCALE  2.5
ENCLOSURE  0.5
EXTEND  3
FAKE  False
FFIELD  OPLS_2005
GRID  0.7
KEEPELEC  False
KEEPVDW  False
KEEPVOLPTS  True
KMAX  3
KMAX2  5
MAPDIST  4.0
MARGIN  6.0
MAXDIST  8.0
MAXSITES  1
MAXVDW  1.1
MINGROUP  3
MODCHARGES  True
MODPHOBIC  3
NEARRES  3.5
NTHRESH  3
PROT  md0_crop91.mae
R2THRESH  4.1
REPORTSIZE  10
ROUND  False
RTHRESH  5.0
VERBOSITY  0
WRITEGRIDS  False
WRITEPOT  False
WRITESTRUCTS  True
WRITEVIS  True
XCENT  57.7655029296875
XRANGE  10.0
YCENT  45.970497131347656
YRANGE  10.0
ZCENT  73.5034990310669
ZRANGE  10.0
== End input keywords ==

== Begin single-receptor SiteMap calculation ==

-- Begin site search --
 Parameters for this calculation:
 sitecut =  0.500000000000000     
 sitescmin =   1.10000000000000     
 afactor =   1.00000000000000     
 bfactor =   1.00000000000000     
 imaxsite =           8
 ithresh =           3
 mingroup =           3
 kmax =           3
 kmax2 =           5
 r2thresh =   4.10000000000000     
 dvscale =   2.50000000000000     
 dvscnorm =   2.50000000000000     
 dvscbig =   2.50000000000000     
 border =   2.00000000000000     
 dthresh =   6.50000000000000     
 rthresh =   5.00000000000000     
 maxgroup =         100
 r2thresh =   4.10000000000000     
 nthresh =           3
 ndir =         110
 use_vdw = T
 repname = none
 repsize =          10
 maxrep =           1
 sitelis = sites.lis
 profile = none
 sitelig = none
 siteasl = none
 use_sitelig =  F
 sitebox =  -999.000000000000     
 writepdb =  F
 number of protein atoms =        5676
Starting findsites:  Sunday, January 22 2023, at 14:49:37 IST
ptypes obtained:  Sunday, January 22 2023, at 14:49:37 IST
lj parameters obtained:  Sunday, January 22 2023, at 14:49:37 IST
Basic parameters obtained:  Sunday, January 22 2023, at 14:49:37 IST
Receptor parameterization completed:  Sunday, January 22 2023, at 14:49:37 IST
 scaled value of sitecut =   55.0000000000000     
 sphere directions set up         110
Sunday, January 22 2023, at 14:49:37 IST
 FINDSITE will use user-specified box
Centroid of box:  57.766  45.970  73.503
 boundaries   52.7655029296875        62.7655029296875     
   40.9704971313477        50.9704971313477        68.5034990310669     
   78.5034990310669     
 box          10          10          10
 maximum number of atoms in a sitebox =           6
Site points found:  Sunday, January 22 2023, at 14:49:37 IST
 boxes, patoms in boxes, empty boxes =         125         231          38
 total, outside sites =        1000         189
Site points pruned:  Sunday, January 22 2023, at 14:49:37 IST
final goodsites =        21
         3 sites will be removed
        18 good sites remain
Number of site groups found =     1

  Group  index  size  score     x       y       z     stdev
    1      1     18    1.22   56.29   47.81   71.76    1.94
Sites linked and merged:  Sunday, January 22 2023, at 14:49:37 IST
 Storing receptor data

Site-finding complete.
Number of sites to map/eval:  1

-- Mapping site  1 --
jobname: md0_crop91_coa_site_1
all SiteMap grid files will be generated
 philic map specified
 phobic map specified
 donor map specified
 acceptor map specified
 metal-ligation map specified
 surface-display map specified
grid margin:     6.00
grid spacing:     0.70
non-bonded cutoff:    20.00
ligand/sitepoints file: 
protein coordinates/parameters file: 
output map/grid files will be written to the current directory
vis files will be written
protein charges will be modified to reduce formal charges and adjust donor/acceptor potentials
protein radii will be modified to allow closer approach to donor and acceptor heteroatoms
phobic areas will be modified to emphasize enclosed regions and to deemphasize exposed regions using alternative method
all input instructions read
 Getting site data
ligand xcm,ycm,zcm,xrange,yrange,zrange 56.766 47.970 72.503  4.000  2.000  4.000

 Reusing receptor data from site-finding stage.

Sitemap: electrostatic+vdw interaction energy
Map field of *enzyme* in region of *inhibitor*

computing site maps ...
grid lim (orig)  48.766  64.766  40.970  54.970  64.503  80.503
grid lim (adj)   48.716  64.816  40.620  55.320  64.453  80.553
grid point counts   24   22   24
total grid points   12672

 5676 receptor atoms read
grid: adjdip
number of grid points within emin, emax limits =    10753
 maximum grid value before cutoff =               -0.132
 minimum grid value before cutoff =   -666.238

philic and phobic grids formed
grid: surf
number of grid points within emin, emax limits =     2459
 maximum grid value before cutoff =         35577118.183
 minimum grid value before cutoff =     -3.000

grid: phil
number of grid points within emin, emax limits =     3093
 maximum grid value before cutoff =         35577068.183
 minimum grid value before cutoff =    -25.842

grid: phob
number of grid points within emin, emax limits =     1455
 maximum grid value before cutoff =         35577133.183
 minimum grid value before cutoff =     -1.744

mod_phobic: phobthresh, philthresh =  -0.250  -3.000
 maximum number of atoms in a sitebox =           9
 boxes, patoms in boxes, empty boxes =       12369        5676       10284
Average phobic potential changed from  -0.803 to  -0.499 for  445 grid points

number of phobic points =   595   average phobic score =   0.79
number of philic points =  2498   average philic score =  -5.56

number of qualifying surf grid points =      430

number of qualifying phil grid points =      596

number of qualifying phob grid points =       53

number of qualifying accptr grid points =      261

number of qualifying donor grid points =      307

number of qualifying metal grid points =        0

visgrd volume surf                                                                            
visgrd author sitemap                                                                         
visgrd property name surf                                                                            
visgrd qualifying points   2478
visgrd default map values       1       1.00      2
visgrd number of dims    3
visgrd dimensions         24        22        24
visgrd axis scales      0.700     0.700     0.700

visgrd volume hydrophil                                                                       
visgrd author sitemap                                                                         
visgrd property name phil                                                                            
visgrd qualifying points    596
visgrd default map values       1      -8.00     10
visgrd number of dims    3
visgrd dimensions         24        22        24
visgrd axis scales      0.700     0.700     0.700

visgrd volume hydrophob                                                                       
visgrd author sitemap                                                                         
visgrd property name phob                                                                            
visgrd qualifying points    210
visgrd default map values       1      -0.50     13
visgrd number of dims    3
visgrd dimensions         24        22        24
visgrd axis scales      0.700     0.700     0.700

visgrd volume hbacceptor                                                                      
visgrd author sitemap                                                                         
visgrd property name accptr                                                                          
visgrd qualifying points    261
visgrd default map values       1      -8.00     16
visgrd number of dims    3
visgrd dimensions         24        22        24
visgrd axis scales      0.700     0.700     0.700

visgrd volume hbdonor                                                                         
visgrd author sitemap                                                                         
visgrd property name donor                                                                           
visgrd qualifying points    307
visgrd default map values       1      -8.00      5
visgrd number of dims    3
visgrd dimensions         24        22        24
visgrd axis scales      0.700     0.700     0.700

-- Evaluating site  1 --
Ligand/site-points file: 
Protein coordinates/parameters file: 
extend =   3
 Verbosity flags: F F F F F
all SiteMap grid files will be read
the protein charges will be modified to reduce formal charges and adjust donor/acceptor potentials
protein radii will be modified to allow closer approach to donor and acceptor heteroatoms
phobic areas emphasize enclosed regions and deemphasize exposed regions using alternative method
site-point set will be augmented by including significant nearby points
  threshold for adding phobic points:  -0.500
  threshold for adding philic points:  -8.000
base name for SiteMap grid files: 
 Reusing grid data
reusing site data
Number of protein atoms:    5676
 
phobic grid file reshaped
philic grid file reshaped
donor grid file reshaped
acceptor grid file reshaped
metal grid file reshaped
surf grid file reshaped
 maximum number of atoms in a sitebox =           9


Number of site points   18  first shell   46  higher shells   73   dirscore   0.870
1 vdw  -1.398   phob  -0.309   phil  -4.188   donor  -1.801   acceptor  -2.388   metal   0.000
2               phob  -0.121   phil  -4.051   donor  -1.926   acceptor  -2.125   metal   0.000

SiteScore size   Dscore  volume  exposure enclosure contact  phobic   philic   balance  don/acc
  0.879    46    0.795   244.22    0.721    0.870    1.079    0.841    1.118    0.752    0.754

-- Done with site  1 --

== End SiteMap calculation ==

Wrote 1 sites to "md0_crop91_coa_out.maegz".

Current time: Sun Jan 22 14:49:39 2023
Elapsed time: 0:00:04.69
SiteMap successfully completed.

