--------------------------------------------------------------------------------
JobId          : X299-0-63cd26d3
Name           : md0_crop467_sph
Program        : SiteMap
Version        : 2021-4 build 135
Host           : X299
Dir            : /mnt/3a29b482-dac1-4563-be89-d63ad92354e9/cers_modelling/md_sampling_cers_models/charmm_gui_systems/cers2_10pc_chol/sitemaps
HostEntry      : localhost
JobHost        : X299
JobDir         : /scratch/tamir/md0_crop467_sph
JobSchrodinger : /opt/schrodinger2021-4
Commandline    : /opt/schrodinger2021-4/sitemap md0_crop467_sph.in -WAIT
StartTime      : 2023-01-22-14:06:43
--------------------------------------------------------------------------------

== Begin input keywords ==
ADDPHIL  -8.0
ADDPHOB  -0.5
ADDSP  True
COMPRESS  True
CUTOFF  20.0
D2THRESH  3.1
DTHRESH  6.5
DVSCALE  2.5
ENCLOSURE  0.5
EXTEND  3
FAKE  False
FFIELD  OPLS_2005
GRID  0.7
KEEPELEC  False
KEEPVDW  False
KEEPVOLPTS  True
KMAX  3
KMAX2  5
MAPDIST  4.0
MARGIN  6.0
MAXDIST  8.0
MAXSITES  1
MAXVDW  1.1
MINGROUP  3
MODCHARGES  True
MODPHOBIC  3
NEARRES  3.5
NTHRESH  3
PROT  md0_crop467.mae
R2THRESH  4.1
REPORTSIZE  10
ROUND  False
RTHRESH  5.0
VERBOSITY  0
WRITEGRIDS  False
WRITEPOT  False
WRITESTRUCTS  True
WRITEVIS  True
XCENT  44.79800224304199
XRANGE  10.0
YCENT  42.82299995422363
YRANGE  10.0
ZCENT  65.0570011138916
ZRANGE  10.0
== End input keywords ==

== Begin single-receptor SiteMap calculation ==

-- Begin site search --
 Parameters for this calculation:
 sitecut =  0.500000000000000     
 sitescmin =   1.10000000000000     
 afactor =   1.00000000000000     
 bfactor =   1.00000000000000     
 imaxsite =           8
 ithresh =           3
 mingroup =           3
 kmax =           3
 kmax2 =           5
 r2thresh =   4.10000000000000     
 dvscale =   2.50000000000000     
 dvscnorm =   2.50000000000000     
 dvscbig =   2.50000000000000     
 border =   2.00000000000000     
 dthresh =   6.50000000000000     
 rthresh =   5.00000000000000     
 maxgroup =         100
 r2thresh =   4.10000000000000     
 nthresh =           3
 ndir =         110
 use_vdw = T
 repname = none
 repsize =          10
 maxrep =           1
 sitelis = sites.lis
 profile = none
 sitelig = none
 siteasl = none
 use_sitelig =  F
 sitebox =  -999.000000000000     
 writepdb =  F
 number of protein atoms =        5676
Starting findsites:  Sunday, January 22 2023, at 14:06:46 IST
ptypes obtained:  Sunday, January 22 2023, at 14:06:46 IST
lj parameters obtained:  Sunday, January 22 2023, at 14:06:46 IST
Basic parameters obtained:  Sunday, January 22 2023, at 14:06:46 IST
Receptor parameterization completed:  Sunday, January 22 2023, at 14:06:46 IST
 scaled value of sitecut =   55.0000000000000     
 sphere directions set up         110
Sunday, January 22 2023, at 14:06:46 IST
 FINDSITE will use user-specified box
Centroid of box:  44.798  42.823  65.057
 boundaries   39.7980022430420        49.7980022430420     
   37.8229999542236        47.8229999542236        60.0570011138916     
   70.0570011138916     
 box          10          10          10
 maximum number of atoms in a sitebox =           5
Site points found:  Sunday, January 22 2023, at 14:06:46 IST
 boxes, patoms in boxes, empty boxes =         125         190          48
 total, outside sites =        1000         321
Site points pruned:  Sunday, January 22 2023, at 14:06:46 IST
final goodsites =         5
         1 sites will be removed
         4 good sites remain
Number of site groups found =     1

  Group  index  size  score     x       y       z     stdev
    1      1      4    1.30   47.28   43.82   63.57    0.71
Sites linked and merged:  Sunday, January 22 2023, at 14:06:46 IST
 Storing receptor data

Site-finding complete.
Number of sites to map/eval:  1

-- Mapping site  1 --
jobname: md0_crop467_sph_site_1
all SiteMap grid files will be generated
 philic map specified
 phobic map specified
 donor map specified
 acceptor map specified
 metal-ligation map specified
 surface-display map specified
grid margin:     6.00
grid spacing:     0.70
non-bonded cutoff:    20.00
ligand/sitepoints file: 
protein coordinates/parameters file: 
output map/grid files will be written to the current directory
vis files will be written
protein charges will be modified to reduce formal charges and adjust donor/acceptor potentials
protein radii will be modified to allow closer approach to donor and acceptor heteroatoms
phobic areas will be modified to emphasize enclosed regions and to deemphasize exposed regions using alternative method
all input instructions read
 Getting site data
ligand xcm,ycm,zcm,xrange,yrange,zrange 47.298 43.823 63.557  1.000  0.000  1.000

 Reusing receptor data from site-finding stage.

Sitemap: electrostatic+vdw interaction energy
Map field of *enzyme* in region of *inhibitor*

computing site maps ...
grid lim (orig)  40.798  53.798  37.823  49.823  57.057  70.057
grid lim (adj)   40.648  53.948  37.523  50.123  56.907  70.207
grid point counts   20   19   20
total grid points    7600

 5676 receptor atoms read
grid: adjdip
number of grid points within emin, emax limits =     6840
 maximum grid value before cutoff =               -0.074
 minimum grid value before cutoff =   -542.199

philic and phobic grids formed
grid: surf
number of grid points within emin, emax limits =     1693
 maximum grid value before cutoff =         31826966.523
 minimum grid value before cutoff =     -2.604

grid: phil
number of grid points within emin, emax limits =     2026
 maximum grid value before cutoff =         31826916.523
 minimum grid value before cutoff =    -22.701

grid: phob
number of grid points within emin, emax limits =     1275
 maximum grid value before cutoff =         31826981.523
 minimum grid value before cutoff =     -2.170

mod_phobic: phobthresh, philthresh =  -0.250  -3.000
 maximum number of atoms in a sitebox =           9
 boxes, patoms in boxes, empty boxes =       10469        5676        8375
Average phobic potential changed from  -0.822 to  -0.491 for  635 grid points

number of phobic points =   930   average phobic score =   0.75
number of philic points =  1096   average philic score =  -4.73

number of qualifying surf grid points =      327

number of qualifying phil grid points =      188

number of qualifying phob grid points =       89

number of qualifying accptr grid points =       69

number of qualifying donor grid points =      112

number of qualifying metal grid points =        0

visgrd volume surf                                                                            
visgrd author sitemap                                                                         
visgrd property name surf                                                                            
visgrd qualifying points   1751
visgrd default map values       1       1.00      2
visgrd number of dims    3
visgrd dimensions         20        19        20
visgrd axis scales      0.700     0.700     0.700

visgrd volume hydrophil                                                                       
visgrd author sitemap                                                                         
visgrd property name phil                                                                            
visgrd qualifying points    188
visgrd default map values       1      -8.00     10
visgrd number of dims    3
visgrd dimensions         20        19        20
visgrd axis scales      0.700     0.700     0.700

visgrd volume hydrophob                                                                       
visgrd author sitemap                                                                         
visgrd property name phob                                                                            
visgrd qualifying points    244
visgrd default map values       1      -0.50     13
visgrd number of dims    3
visgrd dimensions         20        19        20
visgrd axis scales      0.700     0.700     0.700

visgrd volume hbacceptor                                                                      
visgrd author sitemap                                                                         
visgrd property name accptr                                                                          
visgrd qualifying points     69
visgrd default map values       1      -8.00     16
visgrd number of dims    3
visgrd dimensions         20        19        20
visgrd axis scales      0.700     0.700     0.700

visgrd volume hbdonor                                                                         
visgrd author sitemap                                                                         
visgrd property name donor                                                                           
visgrd qualifying points    112
visgrd default map values       1      -8.00      5
visgrd number of dims    3
visgrd dimensions         20        19        20
visgrd axis scales      0.700     0.700     0.700

-- Evaluating site  1 --
Ligand/site-points file: 
Protein coordinates/parameters file: 
extend =   3
 Verbosity flags: F F F F F
all SiteMap grid files will be read
the protein charges will be modified to reduce formal charges and adjust donor/acceptor potentials
protein radii will be modified to allow closer approach to donor and acceptor heteroatoms
phobic areas emphasize enclosed regions and deemphasize exposed regions using alternative method
site-point set will be augmented by including significant nearby points
  threshold for adding phobic points:  -0.500
  threshold for adding philic points:  -8.000
base name for SiteMap grid files: 
 Reusing grid data
reusing site data
Number of protein atoms:    5676
 
phobic grid file reshaped
philic grid file reshaped
donor grid file reshaped
acceptor grid file reshaped
metal grid file reshaped
surf grid file reshaped
 maximum number of atoms in a sitebox =           9


Number of site points    4  first shell    7  higher shells   39   dirscore   0.833
1 vdw  -1.327   phob  -0.589   phil  -1.955   donor  -1.758   acceptor  -0.197   metal   0.000
2               phob  -0.299   phil  -1.719   donor  -0.148   acceptor  -1.571   metal   0.000

SiteScore size   Dscore  volume  exposure enclosure contact  phobic   philic   balance  don/acc
  0.711    12    0.655   122.11    0.793    0.833    1.024    2.079    0.522    3.983    8.921

-- Done with site  1 --

== End SiteMap calculation ==

Wrote 1 sites to "md0_crop467_sph_out.maegz".

Current time: Sun Jan 22 14:06:48 2023
Elapsed time: 0:00:04.03
SiteMap successfully completed.

