--------------------------------------------------------------------------------
JobId          : X299-0-63cd2ab0
Name           : md0_crop49_sph
Program        : SiteMap
Version        : 2021-4 build 135
Host           : X299
Dir            : /mnt/3a29b482-dac1-4563-be89-d63ad92354e9/cers_modelling/md_sampling_cers_models/charmm_gui_systems/cers2_10pc_chol/sitemaps
HostEntry      : localhost
JobHost        : X299
JobDir         : /scratch/tamir/md0_crop49_sph
JobSchrodinger : /opt/schrodinger2021-4
Commandline    : /opt/schrodinger2021-4/sitemap md0_crop49_sph.in -WAIT
StartTime      : 2023-01-22-14:23:12
--------------------------------------------------------------------------------

== Begin input keywords ==
ADDPHIL  -8.0
ADDPHOB  -0.5
ADDSP  True
COMPRESS  True
CUTOFF  20.0
D2THRESH  3.1
DTHRESH  6.5
DVSCALE  2.5
ENCLOSURE  0.5
EXTEND  3
FAKE  False
FFIELD  OPLS_2005
GRID  0.7
KEEPELEC  False
KEEPVDW  False
KEEPVOLPTS  True
KMAX  3
KMAX2  5
MAPDIST  4.0
MARGIN  6.0
MAXDIST  8.0
MAXSITES  1
MAXVDW  1.1
MINGROUP  3
MODCHARGES  True
MODPHOBIC  3
NEARRES  3.5
NTHRESH  3
PROT  md0_crop49.mae
R2THRESH  4.1
REPORTSIZE  10
ROUND  False
RTHRESH  5.0
VERBOSITY  0
WRITEGRIDS  False
WRITEPOT  False
WRITESTRUCTS  True
WRITEVIS  True
XCENT  47.73099899291992
XRANGE  10.0
YCENT  39.19099807739258
YRANGE  10.0
ZCENT  63.42900276184082
ZRANGE  10.0
== End input keywords ==

== Begin single-receptor SiteMap calculation ==

-- Begin site search --
 Parameters for this calculation:
 sitecut =  0.500000000000000     
 sitescmin =   1.10000000000000     
 afactor =   1.00000000000000     
 bfactor =   1.00000000000000     
 imaxsite =           8
 ithresh =           3
 mingroup =           3
 kmax =           3
 kmax2 =           5
 r2thresh =   4.10000000000000     
 dvscale =   2.50000000000000     
 dvscnorm =   2.50000000000000     
 dvscbig =   2.50000000000000     
 border =   2.00000000000000     
 dthresh =   6.50000000000000     
 rthresh =   5.00000000000000     
 maxgroup =         100
 r2thresh =   4.10000000000000     
 nthresh =           3
 ndir =         110
 use_vdw = T
 repname = none
 repsize =          10
 maxrep =           1
 sitelis = sites.lis
 profile = none
 sitelig = none
 siteasl = none
 use_sitelig =  F
 sitebox =  -999.000000000000     
 writepdb =  F
 number of protein atoms =        5676
Starting findsites:  Sunday, January 22 2023, at 14:23:16 IST
ptypes obtained:  Sunday, January 22 2023, at 14:23:16 IST
lj parameters obtained:  Sunday, January 22 2023, at 14:23:16 IST
Basic parameters obtained:  Sunday, January 22 2023, at 14:23:16 IST
Receptor parameterization completed:  Sunday, January 22 2023, at 14:23:16 IST
 scaled value of sitecut =   55.0000000000000     
 sphere directions set up         110
Sunday, January 22 2023, at 14:23:16 IST
 FINDSITE will use user-specified box
Centroid of box:  47.731  39.191  63.429
 boundaries   42.7309989929199        52.7309989929199     
   34.1909980773926        44.1909980773926        58.4290027618408     
   68.4290027618408     
 box          10          10          10
 maximum number of atoms in a sitebox =           6
Site points found:  Sunday, January 22 2023, at 14:23:16 IST
 boxes, patoms in boxes, empty boxes =         125         207          49
 total, outside sites =        1000         278
Site points pruned:  Sunday, January 22 2023, at 14:23:16 IST
final goodsites =         7
         5 sites will be removed
         2 good sites remain
Number of site groups found =     1

  Group  index  size  score     x       y       z     stdev
    1      1      2    1.46   47.32   38.19   64.43    0.49
Sites linked and merged:  Sunday, January 22 2023, at 14:23:16 IST
 Storing receptor data

Site-finding complete.
Number of sites to map/eval:  1

-- Mapping site  1 --
jobname: md0_crop49_sph_site_1
all SiteMap grid files will be generated
 philic map specified
 phobic map specified
 donor map specified
 acceptor map specified
 metal-ligation map specified
 surface-display map specified
grid margin:     6.00
grid spacing:     0.70
non-bonded cutoff:    20.00
ligand/sitepoints file: 
protein coordinates/parameters file: 
output map/grid files will be written to the current directory
vis files will be written
protein charges will be modified to reduce formal charges and adjust donor/acceptor potentials
protein radii will be modified to allow closer approach to donor and acceptor heteroatoms
phobic areas will be modified to emphasize enclosed regions and to deemphasize exposed regions using alternative method
all input instructions read
 Getting site data
ligand xcm,ycm,zcm,xrange,yrange,zrange 47.231 38.191 64.429  1.000  0.000  0.000

 Reusing receptor data from site-finding stage.

Sitemap: electrostatic+vdw interaction energy
Map field of *enzyme* in region of *inhibitor*

computing site maps ...
grid lim (orig)  40.731  53.731  32.191  44.191  58.429  70.429
grid lim (adj)   40.581  53.881  31.891  44.491  58.129  70.729
grid point counts   20   19   19
total grid points    7220

 5676 receptor atoms read
grid: adjdip
number of grid points within emin, emax limits =     6546
 maximum grid value before cutoff =               -0.025
 minimum grid value before cutoff =   -475.452

philic and phobic grids formed
grid: surf
number of grid points within emin, emax limits =     1273
 maximum grid value before cutoff =         43732637.844
 minimum grid value before cutoff =     -2.370

grid: phil
number of grid points within emin, emax limits =     2447
 maximum grid value before cutoff =         43732587.844
 minimum grid value before cutoff =    -12.263

grid: phob
number of grid points within emin, emax limits =     2123
 maximum grid value before cutoff =         43732652.844
 minimum grid value before cutoff =     -1.834

mod_phobic: phobthresh, philthresh =  -0.250  -3.000
 maximum number of atoms in a sitebox =           8
 boxes, patoms in boxes, empty boxes =       12369        5676       10273
Average phobic potential changed from  -0.757 to  -0.391 for  754 grid points

number of phobic points =  1830   average phobic score =   0.47
number of philic points =   617   average philic score =  -2.27

number of qualifying surf grid points =      278

number of qualifying phil grid points =       26

number of qualifying phob grid points =       56

number of qualifying accptr grid points =        0

number of qualifying donor grid points =       22

number of qualifying metal grid points =        0

visgrd volume surf                                                                            
visgrd author sitemap                                                                         
visgrd property name surf                                                                            
visgrd qualifying points   2379
visgrd default map values       1       1.00      2
visgrd number of dims    3
visgrd dimensions         20        19        19
visgrd axis scales      0.700     0.700     0.700

visgrd volume hydrophil                                                                       
visgrd author sitemap                                                                         
visgrd property name phil                                                                            
visgrd qualifying points     26
visgrd default map values       1      -8.00     10
visgrd number of dims    3
visgrd dimensions         20        19        19
visgrd axis scales      0.700     0.700     0.700

visgrd volume hydrophob                                                                       
visgrd author sitemap                                                                         
visgrd property name phob                                                                            
visgrd qualifying points    220
visgrd default map values       1      -0.50     13
visgrd number of dims    3
visgrd dimensions         20        19        19
visgrd axis scales      0.700     0.700     0.700

visgrd volume hbdonor                                                                         
visgrd author sitemap                                                                         
visgrd property name donor                                                                           
visgrd qualifying points     22
visgrd default map values       1      -8.00      5
visgrd number of dims    3
visgrd dimensions         20        19        19
visgrd axis scales      0.700     0.700     0.700

-- Evaluating site  1 --
Ligand/site-points file: 
Protein coordinates/parameters file: 
extend =   3
 Verbosity flags: F F F F F
all SiteMap grid files will be read
the protein charges will be modified to reduce formal charges and adjust donor/acceptor potentials
protein radii will be modified to allow closer approach to donor and acceptor heteroatoms
phobic areas emphasize enclosed regions and deemphasize exposed regions using alternative method
site-point set will be augmented by including significant nearby points
  threshold for adding phobic points:  -0.500
  threshold for adding philic points:  -8.000
base name for SiteMap grid files: 
 Reusing grid data
reusing site data
Number of protein atoms:    5676
 
phobic grid file reshaped
philic grid file reshaped
donor grid file reshaped
acceptor grid file reshaped
metal grid file reshaped
surf grid file reshaped
 maximum number of atoms in a sitebox =           8


Number of site points    2  first shell    6  higher shells   28   dirscore   0.681
1 vdw  -1.202   phob  -0.853   phil  -0.362   donor  -0.362   acceptor   0.000   metal   0.000
2               phob  -0.439   phil  -0.248   donor  -0.006   acceptor  -0.242   metal   0.000

SiteScore size   Dscore  volume  exposure enclosure contact  phobic   philic   balance  don/acc
  0.721    15    0.741    53.16    0.694    0.681    0.927    3.046    0.097   31.526    0.000

-- Done with site  1 --

== End SiteMap calculation ==

Wrote 1 sites to "md0_crop49_sph_out.maegz".

Current time: Sun Jan 22 14:23:18 2023
Elapsed time: 0:00:05.35
SiteMap successfully completed.

