--------------------------------------------------------------------------------
JobId          : X299-0-63cd237f
Name           : md0_crop431_coa
Program        : SiteMap
Version        : 2021-4 build 135
Host           : X299
Dir            : /mnt/3a29b482-dac1-4563-be89-d63ad92354e9/cers_modelling/md_sampling_cers_models/charmm_gui_systems/cers2_10pc_chol/sitemaps
HostEntry      : localhost
JobHost        : X299
JobDir         : /scratch/tamir/md0_crop431_coa
JobSchrodinger : /opt/schrodinger2021-4
Commandline    : /opt/schrodinger2021-4/sitemap md0_crop431_coa.in -WAIT
StartTime      : 2023-01-22-13:52:31
--------------------------------------------------------------------------------

== Begin input keywords ==
ADDPHIL  -8.0
ADDPHOB  -0.5
ADDSP  True
COMPRESS  True
CUTOFF  20.0
D2THRESH  3.1
DTHRESH  6.5
DVSCALE  2.5
ENCLOSURE  0.5
EXTEND  3
FAKE  False
FFIELD  OPLS_2005
GRID  0.7
KEEPELEC  False
KEEPVDW  False
KEEPVOLPTS  True
KMAX  3
KMAX2  5
MAPDIST  4.0
MARGIN  6.0
MAXDIST  8.0
MAXSITES  1
MAXVDW  1.1
MINGROUP  3
MODCHARGES  True
MODPHOBIC  3
NEARRES  3.5
NTHRESH  3
PROT  md0_crop431.mae
R2THRESH  4.1
REPORTSIZE  10
ROUND  False
RTHRESH  5.0
VERBOSITY  0
WRITEGRIDS  False
WRITEPOT  False
WRITESTRUCTS  True
WRITEVIS  True
XCENT  57.058000564575195
XRANGE  10.0
YCENT  47.007999420166016
YRANGE  10.0
ZCENT  78.13699722290039
ZRANGE  10.0
== End input keywords ==

== Begin single-receptor SiteMap calculation ==

-- Begin site search --
 Parameters for this calculation:
 sitecut =  0.500000000000000     
 sitescmin =   1.10000000000000     
 afactor =   1.00000000000000     
 bfactor =   1.00000000000000     
 imaxsite =           8
 ithresh =           3
 mingroup =           3
 kmax =           3
 kmax2 =           5
 r2thresh =   4.10000000000000     
 dvscale =   2.50000000000000     
 dvscnorm =   2.50000000000000     
 dvscbig =   2.50000000000000     
 border =   2.00000000000000     
 dthresh =   6.50000000000000     
 rthresh =   5.00000000000000     
 maxgroup =         100
 r2thresh =   4.10000000000000     
 nthresh =           3
 ndir =         110
 use_vdw = T
 repname = none
 repsize =          10
 maxrep =           1
 sitelis = sites.lis
 profile = none
 sitelig = none
 siteasl = none
 use_sitelig =  F
 sitebox =  -999.000000000000     
 writepdb =  F
 number of protein atoms =        5676
Starting findsites:  Sunday, January 22 2023, at 13:52:34 IST
ptypes obtained:  Sunday, January 22 2023, at 13:52:35 IST
lj parameters obtained:  Sunday, January 22 2023, at 13:52:35 IST
Basic parameters obtained:  Sunday, January 22 2023, at 13:52:35 IST
Receptor parameterization completed:  Sunday, January 22 2023, at 13:52:35 IST
 scaled value of sitecut =   55.0000000000000     
 sphere directions set up         110
Sunday, January 22 2023, at 13:52:35 IST
 FINDSITE will use user-specified box
Centroid of box:  57.058  47.008  78.137
 boundaries   52.0580005645752        62.0580005645752     
   42.0079994201660        52.0079994201660        73.1369972229004     
   83.1369972229004     
 box          10          10          10
 maximum number of atoms in a sitebox =           7
Site points found:  Sunday, January 22 2023, at 13:52:35 IST
 boxes, patoms in boxes, empty boxes =         125         247          35
 total, outside sites =        1000         111
Site points pruned:  Sunday, January 22 2023, at 13:52:35 IST
final goodsites =        32
         2 sites will be removed
        30 good sites remain
Number of site groups found =     1

  Group  index  size  score     x       y       z     stdev
    1      1     30    1.52   55.50   49.02   76.67    2.31
Sites linked and merged:  Sunday, January 22 2023, at 13:52:35 IST
 Storing receptor data

Site-finding complete.
Number of sites to map/eval:  1

-- Mapping site  1 --
jobname: md0_crop431_coa_site_1
all SiteMap grid files will be generated
 philic map specified
 phobic map specified
 donor map specified
 acceptor map specified
 metal-ligation map specified
 surface-display map specified
grid margin:     6.00
grid spacing:     0.70
non-bonded cutoff:    20.00
ligand/sitepoints file: 
protein coordinates/parameters file: 
output map/grid files will be written to the current directory
vis files will be written
protein charges will be modified to reduce formal charges and adjust donor/acceptor potentials
protein radii will be modified to allow closer approach to donor and acceptor heteroatoms
phobic areas will be modified to emphasize enclosed regions and to deemphasize exposed regions using alternative method
all input instructions read
 Getting site data
ligand xcm,ycm,zcm,xrange,yrange,zrange 56.558 49.008 77.137  7.000  4.000  4.000

 Reusing receptor data from site-finding stage.

Sitemap: electrostatic+vdw interaction energy
Map field of *enzyme* in region of *inhibitor*

computing site maps ...
grid lim (orig)  47.058  66.058  41.008  57.008  69.137  85.137
grid lim (adj)   46.758  66.358  40.958  57.058  69.087  85.187
grid point counts   29   24   24
total grid points   16704

 5676 receptor atoms read
grid: adjdip
number of grid points within emin, emax limits =    13828
 maximum grid value before cutoff =               -0.221
 minimum grid value before cutoff =   -673.033

philic and phobic grids formed
grid: surf
number of grid points within emin, emax limits =     2838
 maximum grid value before cutoff =         48268010.211
 minimum grid value before cutoff =     -2.926

grid: phil
number of grid points within emin, emax limits =     2604
 maximum grid value before cutoff =         48267960.211
 minimum grid value before cutoff =    -31.178

grid: phob
number of grid points within emin, emax limits =     1088
 maximum grid value before cutoff =         48268025.211
 minimum grid value before cutoff =     -2.073

mod_phobic: phobthresh, philthresh =  -0.250  -3.000
 maximum number of atoms in a sitebox =           9
 boxes, patoms in boxes, empty boxes =       10469        5676        8393
Average phobic potential changed from  -0.818 to  -0.516 for  303 grid points

number of phobic points =   414   average phobic score =   0.77
number of philic points =  2190   average philic score =  -5.75

number of qualifying surf grid points =      414

number of qualifying phil grid points =      549

number of qualifying phob grid points =       61

number of qualifying accptr grid points =      253

number of qualifying donor grid points =      286

number of qualifying metal grid points =        0

visgrd volume surf                                                                            
visgrd author sitemap                                                                         
visgrd property name surf                                                                            
visgrd qualifying points   2026
visgrd default map values       1       1.00      2
visgrd number of dims    3
visgrd dimensions         29        24        24
visgrd axis scales      0.700     0.700     0.700

visgrd volume hydrophil                                                                       
visgrd author sitemap                                                                         
visgrd property name phil                                                                            
visgrd qualifying points    549
visgrd default map values       1      -8.00     10
visgrd number of dims    3
visgrd dimensions         29        24        24
visgrd axis scales      0.700     0.700     0.700

visgrd volume hydrophob                                                                       
visgrd author sitemap                                                                         
visgrd property name phob                                                                            
visgrd qualifying points    133
visgrd default map values       1      -0.50     13
visgrd number of dims    3
visgrd dimensions         29        24        24
visgrd axis scales      0.700     0.700     0.700

visgrd volume hbacceptor                                                                      
visgrd author sitemap                                                                         
visgrd property name accptr                                                                          
visgrd qualifying points    253
visgrd default map values       1      -8.00     16
visgrd number of dims    3
visgrd dimensions         29        24        24
visgrd axis scales      0.700     0.700     0.700

visgrd volume hbdonor                                                                         
visgrd author sitemap                                                                         
visgrd property name donor                                                                           
visgrd qualifying points    286
visgrd default map values       1      -8.00      5
visgrd number of dims    3
visgrd dimensions         29        24        24
visgrd axis scales      0.700     0.700     0.700

-- Evaluating site  1 --
Ligand/site-points file: 
Protein coordinates/parameters file: 
extend =   3
 Verbosity flags: F F F F F
all SiteMap grid files will be read
the protein charges will be modified to reduce formal charges and adjust donor/acceptor potentials
protein radii will be modified to allow closer approach to donor and acceptor heteroatoms
phobic areas emphasize enclosed regions and deemphasize exposed regions using alternative method
site-point set will be augmented by including significant nearby points
  threshold for adding phobic points:  -0.500
  threshold for adding philic points:  -8.000
base name for SiteMap grid files: 
 Reusing grid data
reusing site data
Number of protein atoms:    5676
 
phobic grid file reshaped
philic grid file reshaped
donor grid file reshaped
acceptor grid file reshaped
metal grid file reshaped
surf grid file reshaped
 maximum number of atoms in a sitebox =           9


Number of site points   30  first shell   43  higher shells   58   dirscore   0.890
1 vdw  -1.552   phob  -0.285   phil  -5.190   donor  -1.870   acceptor  -3.320   metal   0.000
2               phob  -0.121   phil  -4.951   donor  -2.981   acceptor  -1.970   metal   0.000

SiteScore size   Dscore  volume  exposure enclosure contact  phobic   philic   balance  don/acc
  1.034    76    0.902   204.43    0.571    0.890    1.198    0.842    1.386    0.607    0.563

-- Done with site  1 --

== End SiteMap calculation ==

Wrote 1 sites to "md0_crop431_coa_out.maegz".

Current time: Sun Jan 22 13:52:36 2023
Elapsed time: 0:00:04.56
SiteMap successfully completed.

