--------------------------------------------------------------------------------
JobId          : X299-0-63cd15d6
Name           : md0_crop288_coa
Program        : SiteMap
Version        : 2021-4 build 135
Host           : X299
Dir            : /mnt/3a29b482-dac1-4563-be89-d63ad92354e9/cers_modelling/md_sampling_cers_models/charmm_gui_systems/cers2_10pc_chol/sitemaps
HostEntry      : localhost
JobHost        : X299
JobDir         : /scratch/tamir/md0_crop288_coa
JobSchrodinger : /opt/schrodinger2021-4
Commandline    : /opt/schrodinger2021-4/sitemap md0_crop288_coa.in -WAIT
StartTime      : 2023-01-22-12:54:14
--------------------------------------------------------------------------------

== Begin input keywords ==
ADDPHIL  -8.0
ADDPHOB  -0.5
ADDSP  True
COMPRESS  True
CUTOFF  20.0
D2THRESH  3.1
DTHRESH  6.5
DVSCALE  2.5
ENCLOSURE  0.5
EXTEND  3
FAKE  False
FFIELD  OPLS_2005
GRID  0.7
KEEPELEC  False
KEEPVDW  False
KEEPVOLPTS  True
KMAX  3
KMAX2  5
MAPDIST  4.0
MARGIN  6.0
MAXDIST  8.0
MAXSITES  1
MAXVDW  1.1
MINGROUP  3
MODCHARGES  True
MODPHOBIC  3
NEARRES  3.5
NTHRESH  3
PROT  md0_crop288.mae
R2THRESH  4.1
REPORTSIZE  10
ROUND  False
RTHRESH  5.0
VERBOSITY  0
WRITEGRIDS  False
WRITEPOT  False
WRITESTRUCTS  True
WRITEVIS  True
XCENT  57.9010009765625
XRANGE  10.0
YCENT  44.95100021362305
YRANGE  10.0
ZCENT  73.72349739074707
ZRANGE  10.0
== End input keywords ==

== Begin single-receptor SiteMap calculation ==

-- Begin site search --
 Parameters for this calculation:
 sitecut =  0.500000000000000     
 sitescmin =   1.10000000000000     
 afactor =   1.00000000000000     
 bfactor =   1.00000000000000     
 imaxsite =           8
 ithresh =           3
 mingroup =           3
 kmax =           3
 kmax2 =           5
 r2thresh =   4.10000000000000     
 dvscale =   2.50000000000000     
 dvscnorm =   2.50000000000000     
 dvscbig =   2.50000000000000     
 border =   2.00000000000000     
 dthresh =   6.50000000000000     
 rthresh =   5.00000000000000     
 maxgroup =         100
 r2thresh =   4.10000000000000     
 nthresh =           3
 ndir =         110
 use_vdw = T
 repname = none
 repsize =          10
 maxrep =           1
 sitelis = sites.lis
 profile = none
 sitelig = none
 siteasl = none
 use_sitelig =  F
 sitebox =  -999.000000000000     
 writepdb =  F
 number of protein atoms =        5676
Starting findsites:  Sunday, January 22 2023, at 12:54:17 IST
ptypes obtained:  Sunday, January 22 2023, at 12:54:18 IST
lj parameters obtained:  Sunday, January 22 2023, at 12:54:18 IST
Basic parameters obtained:  Sunday, January 22 2023, at 12:54:18 IST
Receptor parameterization completed:  Sunday, January 22 2023, at 12:54:18 IST
 scaled value of sitecut =   55.0000000000000     
 sphere directions set up         110
Sunday, January 22 2023, at 12:54:18 IST
 FINDSITE will use user-specified box
Centroid of box:  57.901  44.951  73.723
 boundaries   52.9010009765625        62.9010009765625     
   39.9510002136230        49.9510002136230        68.7234973907471     
   78.7234973907471     
 box          10          10          10
 maximum number of atoms in a sitebox =           7
Site points found:  Sunday, January 22 2023, at 12:54:18 IST
 boxes, patoms in boxes, empty boxes =         125         240          38
 total, outside sites =        1000         136
Site points pruned:  Sunday, January 22 2023, at 12:54:18 IST
final goodsites =        21
         2 sites will be removed
        19 good sites remain
Number of site groups found =     1

  Group  index  size  score     x       y       z     stdev
    1      1     19    1.32   58.34   47.43   71.02    1.71
Sites linked and merged:  Sunday, January 22 2023, at 12:54:18 IST
 Storing receptor data

Site-finding complete.
Number of sites to map/eval:  1

-- Mapping site  1 --
jobname: md0_crop288_coa_site_1
all SiteMap grid files will be generated
 philic map specified
 phobic map specified
 donor map specified
 acceptor map specified
 metal-ligation map specified
 surface-display map specified
grid margin:     6.00
grid spacing:     0.70
non-bonded cutoff:    20.00
ligand/sitepoints file: 
protein coordinates/parameters file: 
output map/grid files will be written to the current directory
vis files will be written
protein charges will be modified to reduce formal charges and adjust donor/acceptor potentials
protein radii will be modified to allow closer approach to donor and acceptor heteroatoms
phobic areas will be modified to emphasize enclosed regions and to deemphasize exposed regions using alternative method
all input instructions read
 Getting site data
ligand xcm,ycm,zcm,xrange,yrange,zrange 58.401 47.451 71.223  5.000  1.000  3.000

 Reusing receptor data from site-finding stage.

Sitemap: electrostatic+vdw interaction energy
Map field of *enzyme* in region of *inhibitor*

computing site maps ...
grid lim (orig)  49.901  66.901  40.951  53.951  63.723  78.723
grid lim (adj)   49.651  67.151  40.801  54.101  63.523  78.923
grid point counts   26   20   23
total grid points   11960

 5676 receptor atoms read
grid: adjdip
number of grid points within emin, emax limits =    10161
 maximum grid value before cutoff =               -0.153
 minimum grid value before cutoff =   -696.868

philic and phobic grids formed
grid: surf
number of grid points within emin, emax limits =     2343
 maximum grid value before cutoff =         47840121.115
 minimum grid value before cutoff =     -2.680

grid: phil
number of grid points within emin, emax limits =     2206
 maximum grid value before cutoff =         47840071.115
 minimum grid value before cutoff =    -25.893

grid: phob
number of grid points within emin, emax limits =     1050
 maximum grid value before cutoff =         47840136.115
 minimum grid value before cutoff =     -2.168

mod_phobic: phobthresh, philthresh =  -0.250  -3.000
 maximum number of atoms in a sitebox =           8
 boxes, patoms in boxes, empty boxes =       10469        5676        8368
Average phobic potential changed from  -0.863 to  -0.560 for  405 grid points

number of phobic points =   507   average phobic score =   0.81
number of philic points =  1699   average philic score =  -6.03

number of qualifying surf grid points =      355

number of qualifying phil grid points =      453

number of qualifying phob grid points =      102

number of qualifying accptr grid points =      197

number of qualifying donor grid points =      249

number of qualifying metal grid points =        0

visgrd volume surf                                                                            
visgrd author sitemap                                                                         
visgrd property name surf                                                                            
visgrd qualifying points   1708
visgrd default map values       1       1.00      2
visgrd number of dims    3
visgrd dimensions         26        20        23
visgrd axis scales      0.700     0.700     0.700

visgrd volume hydrophil                                                                       
visgrd author sitemap                                                                         
visgrd property name phil                                                                            
visgrd qualifying points    453
visgrd default map values       1      -8.00     10
visgrd number of dims    3
visgrd dimensions         26        20        23
visgrd axis scales      0.700     0.700     0.700

visgrd volume hydrophob                                                                       
visgrd author sitemap                                                                         
visgrd property name phob                                                                            
visgrd qualifying points    197
visgrd default map values       1      -0.50     13
visgrd number of dims    3
visgrd dimensions         26        20        23
visgrd axis scales      0.700     0.700     0.700

visgrd volume hbacceptor                                                                      
visgrd author sitemap                                                                         
visgrd property name accptr                                                                          
visgrd qualifying points    197
visgrd default map values       1      -8.00     16
visgrd number of dims    3
visgrd dimensions         26        20        23
visgrd axis scales      0.700     0.700     0.700

visgrd volume hbdonor                                                                         
visgrd author sitemap                                                                         
visgrd property name donor                                                                           
visgrd qualifying points    249
visgrd default map values       1      -8.00      5
visgrd number of dims    3
visgrd dimensions         26        20        23
visgrd axis scales      0.700     0.700     0.700

-- Evaluating site  1 --
Ligand/site-points file: 
Protein coordinates/parameters file: 
extend =   3
 Verbosity flags: F F F F F
all SiteMap grid files will be read
the protein charges will be modified to reduce formal charges and adjust donor/acceptor potentials
protein radii will be modified to allow closer approach to donor and acceptor heteroatoms
phobic areas emphasize enclosed regions and deemphasize exposed regions using alternative method
site-point set will be augmented by including significant nearby points
  threshold for adding phobic points:  -0.500
  threshold for adding philic points:  -8.000
base name for SiteMap grid files: 
 Reusing grid data
reusing site data
Number of protein atoms:    5676
 
phobic grid file reshaped
philic grid file reshaped
donor grid file reshaped
acceptor grid file reshaped
metal grid file reshaped
surf grid file reshaped
 maximum number of atoms in a sitebox =           8


Number of site points   19  first shell   40  higher shells   94   dirscore   0.891
1 vdw  -1.475   phob  -0.303   phil  -4.181   donor  -1.503   acceptor  -2.678   metal   0.000
2               phob  -0.135   phil  -4.230   donor  -2.385   acceptor  -1.845   metal   0.000

SiteScore size   Dscore  volume  exposure enclosure contact  phobic   philic   balance  don/acc
  0.920    51    0.842   211.97    0.724    0.891    1.138    0.938    1.116    0.841    0.561

-- Done with site  1 --

== End SiteMap calculation ==

Wrote 1 sites to "md0_crop288_coa_out.maegz".

Current time: Sun Jan 22 12:54:19 2023
Elapsed time: 0:00:04.35
SiteMap successfully completed.

