--------------------------------------------------------------------------------
JobId          : X299-0-63cd2aa0
Name           : md0_crop49_coa
Program        : SiteMap
Version        : 2021-4 build 135
Host           : X299
Dir            : /mnt/3a29b482-dac1-4563-be89-d63ad92354e9/cers_modelling/md_sampling_cers_models/charmm_gui_systems/cers2_10pc_chol/sitemaps
HostEntry      : localhost
JobHost        : X299
JobDir         : /scratch/tamir/md0_crop49_coa
JobSchrodinger : /opt/schrodinger2021-4
Commandline    : /opt/schrodinger2021-4/sitemap md0_crop49_coa.in -WAIT
StartTime      : 2023-01-22-14:22:56
--------------------------------------------------------------------------------

== Begin input keywords ==
ADDPHIL  -8.0
ADDPHOB  -0.5
ADDSP  True
COMPRESS  True
CUTOFF  20.0
D2THRESH  3.1
DTHRESH  6.5
DVSCALE  2.5
ENCLOSURE  0.5
EXTEND  3
FAKE  False
FFIELD  OPLS_2005
GRID  0.7
KEEPELEC  False
KEEPVDW  False
KEEPVOLPTS  True
KMAX  3
KMAX2  5
MAPDIST  4.0
MARGIN  6.0
MAXDIST  8.0
MAXSITES  1
MAXVDW  1.1
MINGROUP  3
MODCHARGES  True
MODPHOBIC  3
NEARRES  3.5
NTHRESH  3
PROT  md0_crop49.mae
R2THRESH  4.1
REPORTSIZE  10
ROUND  False
RTHRESH  5.0
VERBOSITY  0
WRITEGRIDS  False
WRITEPOT  False
WRITESTRUCTS  True
WRITEVIS  True
XCENT  57.893500328063965
XRANGE  10.0
YCENT  45.86100101470947
YRANGE  10.0
ZCENT  76.0890007019043
ZRANGE  10.0
== End input keywords ==

== Begin single-receptor SiteMap calculation ==

-- Begin site search --
 Parameters for this calculation:
 sitecut =  0.500000000000000     
 sitescmin =   1.10000000000000     
 afactor =   1.00000000000000     
 bfactor =   1.00000000000000     
 imaxsite =           8
 ithresh =           3
 mingroup =           3
 kmax =           3
 kmax2 =           5
 r2thresh =   4.10000000000000     
 dvscale =   2.50000000000000     
 dvscnorm =   2.50000000000000     
 dvscbig =   2.50000000000000     
 border =   2.00000000000000     
 dthresh =   6.50000000000000     
 rthresh =   5.00000000000000     
 maxgroup =         100
 r2thresh =   4.10000000000000     
 nthresh =           3
 ndir =         110
 use_vdw = T
 repname = none
 repsize =          10
 maxrep =           1
 sitelis = sites.lis
 profile = none
 sitelig = none
 siteasl = none
 use_sitelig =  F
 sitebox =  -999.000000000000     
 writepdb =  F
 number of protein atoms =        5676
Starting findsites:  Sunday, January 22 2023, at 14:23:01 IST
ptypes obtained:  Sunday, January 22 2023, at 14:23:01 IST
lj parameters obtained:  Sunday, January 22 2023, at 14:23:01 IST
Basic parameters obtained:  Sunday, January 22 2023, at 14:23:01 IST
Receptor parameterization completed:  Sunday, January 22 2023, at 14:23:01 IST
 scaled value of sitecut =   55.0000000000000     
 sphere directions set up         110
Sunday, January 22 2023, at 14:23:01 IST
 FINDSITE will use user-specified box
Centroid of box:  57.894  45.861  76.089
 boundaries   52.8935003280640        62.8935003280640     
   40.8610010147095        50.8610010147095        71.0890007019043     
   81.0890007019043     
 box          10          10          10
 maximum number of atoms in a sitebox =           6
Site points found:  Sunday, January 22 2023, at 14:23:01 IST
 boxes, patoms in boxes, empty boxes =         125         255          32
 total, outside sites =        1000         160
Site points pruned:  Sunday, January 22 2023, at 14:23:01 IST
final goodsites =        43
         2 sites will be removed
        41 good sites remain
Number of site groups found =     1

  Group  index  size  score     x       y       z     stdev
    1      1     41    1.31   56.02   47.34   74.98    2.41
Sites linked and merged:  Sunday, January 22 2023, at 14:23:01 IST
 Storing receptor data

Site-finding complete.
Number of sites to map/eval:  1

-- Mapping site  1 --
jobname: md0_crop49_coa_site_1
all SiteMap grid files will be generated
 philic map specified
 phobic map specified
 donor map specified
 acceptor map specified
 metal-ligation map specified
 surface-display map specified
grid margin:     6.00
grid spacing:     0.70
non-bonded cutoff:    20.00
ligand/sitepoints file: 
protein coordinates/parameters file: 
output map/grid files will be written to the current directory
vis files will be written
protein charges will be modified to reduce formal charges and adjust donor/acceptor potentials
protein radii will be modified to allow closer approach to donor and acceptor heteroatoms
phobic areas will be modified to emphasize enclosed regions and to deemphasize exposed regions using alternative method
all input instructions read
 Getting site data
ligand xcm,ycm,zcm,xrange,yrange,zrange 56.894 46.861 75.589  6.000  4.000  7.000

 Reusing receptor data from site-finding stage.

Sitemap: electrostatic+vdw interaction energy
Map field of *enzyme* in region of *inhibitor*

computing site maps ...
grid lim (orig)  47.894  65.894  38.861  54.861  66.089  85.089
grid lim (adj)   47.794  65.994  38.811  54.911  65.789  85.389
grid point counts   27   24   29
total grid points   18792

 5676 receptor atoms read
grid: adjdip
number of grid points within emin, emax limits =    15678
 maximum grid value before cutoff =               -0.211
 minimum grid value before cutoff =   -694.864

philic and phobic grids formed
grid: surf
number of grid points within emin, emax limits =     3337
 maximum grid value before cutoff =         43255460.381
 minimum grid value before cutoff =     -2.898

grid: phil
number of grid points within emin, emax limits =     3594
 maximum grid value before cutoff =         43255410.381
 minimum grid value before cutoff =    -31.142

grid: phob
number of grid points within emin, emax limits =     1523
 maximum grid value before cutoff =         43255475.381
 minimum grid value before cutoff =     -2.007

mod_phobic: phobthresh, philthresh =  -0.250  -3.000
 maximum number of atoms in a sitebox =           8
 boxes, patoms in boxes, empty boxes =       12369        5676       10273
Average phobic potential changed from  -0.844 to  -0.528 for  411 grid points

number of phobic points =   582   average phobic score =   0.84
number of philic points =  3012   average philic score =  -5.88

number of qualifying surf grid points =      543

number of qualifying phil grid points =      829

number of qualifying phob grid points =       89

number of qualifying accptr grid points =      421

number of qualifying donor grid points =      386

number of qualifying metal grid points =        0

visgrd volume surf                                                                            
visgrd author sitemap                                                                         
visgrd property name surf                                                                            
visgrd qualifying points   2816
visgrd default map values       1       1.00      2
visgrd number of dims    3
visgrd dimensions         27        24        29
visgrd axis scales      0.700     0.700     0.700

visgrd volume hydrophil                                                                       
visgrd author sitemap                                                                         
visgrd property name phil                                                                            
visgrd qualifying points    829
visgrd default map values       1      -8.00     10
visgrd number of dims    3
visgrd dimensions         27        24        29
visgrd axis scales      0.700     0.700     0.700

visgrd volume hydrophob                                                                       
visgrd author sitemap                                                                         
visgrd property name phob                                                                            
visgrd qualifying points    185
visgrd default map values       1      -0.50     13
visgrd number of dims    3
visgrd dimensions         27        24        29
visgrd axis scales      0.700     0.700     0.700

visgrd volume hbacceptor                                                                      
visgrd author sitemap                                                                         
visgrd property name accptr                                                                          
visgrd qualifying points    421
visgrd default map values       1      -8.00     16
visgrd number of dims    3
visgrd dimensions         27        24        29
visgrd axis scales      0.700     0.700     0.700

visgrd volume hbdonor                                                                         
visgrd author sitemap                                                                         
visgrd property name donor                                                                           
visgrd qualifying points    386
visgrd default map values       1      -8.00      5
visgrd number of dims    3
visgrd dimensions         27        24        29
visgrd axis scales      0.700     0.700     0.700

-- Evaluating site  1 --
Ligand/site-points file: 
Protein coordinates/parameters file: 
extend =   3
 Verbosity flags: F F F F F
all SiteMap grid files will be read
the protein charges will be modified to reduce formal charges and adjust donor/acceptor potentials
protein radii will be modified to allow closer approach to donor and acceptor heteroatoms
phobic areas emphasize enclosed regions and deemphasize exposed regions using alternative method
site-point set will be augmented by including significant nearby points
  threshold for adding phobic points:  -0.500
  threshold for adding philic points:  -8.000
base name for SiteMap grid files: 
 Reusing grid data
reusing site data
Number of protein atoms:    5676
 
phobic grid file reshaped
philic grid file reshaped
donor grid file reshaped
acceptor grid file reshaped
metal grid file reshaped
surf grid file reshaped
 maximum number of atoms in a sitebox =           8


Number of site points   41  first shell   57  higher shells   71   dirscore   0.875
1 vdw  -1.459   phob  -0.284   phil  -4.731   donor  -1.834   acceptor  -2.898   metal   0.000
2               phob  -0.087   phil  -4.702   donor  -2.671   acceptor  -2.031   metal   0.000

SiteScore size   Dscore  volume  exposure enclosure contact  phobic   philic   balance  don/acc
  1.029    77    0.938   297.72    0.624    0.875    1.126    0.606    1.263    0.480    0.633

-- Done with site  1 --

== End SiteMap calculation ==

Wrote 1 sites to "md0_crop49_coa_out.maegz".

Current time: Sun Jan 22 14:23:04 2023
Elapsed time: 0:00:06.67
SiteMap successfully completed.

