--------------------------------------------------------------------------------
JobId          : X299-0-63cd30b2
Name           : md0_crop8_coa
Program        : SiteMap
Version        : 2021-4 build 135
Host           : X299
Dir            : /mnt/3a29b482-dac1-4563-be89-d63ad92354e9/cers_modelling/md_sampling_cers_models/charmm_gui_systems/cers2_10pc_chol/sitemaps
HostEntry      : localhost
JobHost        : X299
JobDir         : /scratch/tamir/md0_crop8_coa
JobSchrodinger : /opt/schrodinger2021-4
Commandline    : /opt/schrodinger2021-4/sitemap md0_crop8_coa.in -WAIT
StartTime      : 2023-01-22-14:48:51
--------------------------------------------------------------------------------

== Begin input keywords ==
ADDPHIL  -8.0
ADDPHOB  -0.5
ADDSP  True
COMPRESS  True
CUTOFF  20.0
D2THRESH  3.1
DTHRESH  6.5
DVSCALE  2.5
ENCLOSURE  0.5
EXTEND  3
FAKE  False
FFIELD  OPLS_2005
GRID  0.7
KEEPELEC  False
KEEPVDW  False
KEEPVOLPTS  True
KMAX  3
KMAX2  5
MAPDIST  4.0
MARGIN  6.0
MAXDIST  8.0
MAXSITES  1
MAXVDW  1.1
MINGROUP  3
MODCHARGES  True
MODPHOBIC  3
NEARRES  3.5
NTHRESH  3
PROT  md0_crop8.mae
R2THRESH  4.1
REPORTSIZE  10
ROUND  False
RTHRESH  5.0
VERBOSITY  0
WRITEGRIDS  False
WRITEPOT  False
WRITESTRUCTS  True
WRITEVIS  True
XCENT  57.42500305175781
XRANGE  10.0
YCENT  46.55500411987305
YRANGE  10.0
ZCENT  75.01999855041504
ZRANGE  10.0
== End input keywords ==

== Begin single-receptor SiteMap calculation ==

-- Begin site search --
 Parameters for this calculation:
 sitecut =  0.500000000000000     
 sitescmin =   1.10000000000000     
 afactor =   1.00000000000000     
 bfactor =   1.00000000000000     
 imaxsite =           8
 ithresh =           3
 mingroup =           3
 kmax =           3
 kmax2 =           5
 r2thresh =   4.10000000000000     
 dvscale =   2.50000000000000     
 dvscnorm =   2.50000000000000     
 dvscbig =   2.50000000000000     
 border =   2.00000000000000     
 dthresh =   6.50000000000000     
 rthresh =   5.00000000000000     
 maxgroup =         100
 r2thresh =   4.10000000000000     
 nthresh =           3
 ndir =         110
 use_vdw = T
 repname = none
 repsize =          10
 maxrep =           1
 sitelis = sites.lis
 profile = none
 sitelig = none
 siteasl = none
 use_sitelig =  F
 sitebox =  -999.000000000000     
 writepdb =  F
 number of protein atoms =        5676
Starting findsites:  Sunday, January 22 2023, at 14:48:54 IST
ptypes obtained:  Sunday, January 22 2023, at 14:48:54 IST
lj parameters obtained:  Sunday, January 22 2023, at 14:48:54 IST
Basic parameters obtained:  Sunday, January 22 2023, at 14:48:54 IST
Receptor parameterization completed:  Sunday, January 22 2023, at 14:48:54 IST
 scaled value of sitecut =   55.0000000000000     
 sphere directions set up         110
Sunday, January 22 2023, at 14:48:54 IST
 FINDSITE will use user-specified box
Centroid of box:  57.425  46.555  75.020
 boundaries   52.4250030517578        62.4250030517578     
   41.5550041198730        51.5550041198730        70.0199985504150     
   80.0199985504150     
 box          10          10          10
 maximum number of atoms in a sitebox =           7
Site points found:  Sunday, January 22 2023, at 14:48:54 IST
 boxes, patoms in boxes, empty boxes =         125         251          34
 total, outside sites =        1000         184
Site points pruned:  Sunday, January 22 2023, at 14:48:54 IST
final goodsites =        10
Number of site groups found =     1

  Group  index  size  score     x       y       z     stdev
    1      1     10    1.32   55.25   48.10   72.51    1.16
Sites linked and merged:  Sunday, January 22 2023, at 14:48:54 IST
 Storing receptor data

Site-finding complete.
Number of sites to map/eval:  1

-- Mapping site  1 --
jobname: md0_crop8_coa_site_1
all SiteMap grid files will be generated
 philic map specified
 phobic map specified
 donor map specified
 acceptor map specified
 metal-ligation map specified
 surface-display map specified
grid margin:     6.00
grid spacing:     0.70
non-bonded cutoff:    20.00
ligand/sitepoints file: 
protein coordinates/parameters file: 
output map/grid files will be written to the current directory
vis files will be written
protein charges will be modified to reduce formal charges and adjust donor/acceptor potentials
protein radii will be modified to allow closer approach to donor and acceptor heteroatoms
phobic areas will be modified to emphasize enclosed regions and to deemphasize exposed regions using alternative method
all input instructions read
 Getting site data
ligand xcm,ycm,zcm,xrange,yrange,zrange 55.425 48.055 72.520  2.000  1.000  3.000

 Reusing receptor data from site-finding stage.

Sitemap: electrostatic+vdw interaction energy
Map field of *enzyme* in region of *inhibitor*

computing site maps ...
grid lim (orig)  48.425  62.425  41.555  54.555  65.020  80.020
grid lim (adj)   48.075  62.775  41.405  54.705  64.820  80.220
grid point counts   22   20   23
total grid points   10120

 5676 receptor atoms read
grid: adjdip
number of grid points within emin, emax limits =     8323
 maximum grid value before cutoff =               -0.098
 minimum grid value before cutoff =   -638.410

philic and phobic grids formed
grid: surf
number of grid points within emin, emax limits =     2007
 maximum grid value before cutoff =         43777915.035
 minimum grid value before cutoff =     -3.125

grid: phil
number of grid points within emin, emax limits =     2077
 maximum grid value before cutoff =         43777865.035
 minimum grid value before cutoff =    -25.090

grid: phob
number of grid points within emin, emax limits =      792
 maximum grid value before cutoff =         43777930.035
 minimum grid value before cutoff =     -1.862

mod_phobic: phobthresh, philthresh =  -0.250  -3.000
 maximum number of atoms in a sitebox =           8
 boxes, patoms in boxes, empty boxes =       10013        5676        7924
Average phobic potential changed from  -0.804 to  -0.499 for  237 grid points

number of phobic points =   363   average phobic score =   0.78
number of philic points =  1714   average philic score =  -7.09

number of qualifying surf grid points =      302

number of qualifying phil grid points =      619

number of qualifying phob grid points =       24

number of qualifying accptr grid points =      336

number of qualifying donor grid points =      276

number of qualifying metal grid points =        0

visgrd volume surf                                                                            
visgrd author sitemap                                                                         
visgrd property name surf                                                                            
visgrd qualifying points   1558
visgrd default map values       1       1.00      2
visgrd number of dims    3
visgrd dimensions         22        20        23
visgrd axis scales      0.700     0.700     0.700

visgrd volume hydrophil                                                                       
visgrd author sitemap                                                                         
visgrd property name phil                                                                            
visgrd qualifying points    619
visgrd default map values       1      -8.00     10
visgrd number of dims    3
visgrd dimensions         22        20        23
visgrd axis scales      0.700     0.700     0.700

visgrd volume hydrophob                                                                       
visgrd author sitemap                                                                         
visgrd property name phob                                                                            
visgrd qualifying points    111
visgrd default map values       1      -0.50     13
visgrd number of dims    3
visgrd dimensions         22        20        23
visgrd axis scales      0.700     0.700     0.700

visgrd volume hbacceptor                                                                      
visgrd author sitemap                                                                         
visgrd property name accptr                                                                          
visgrd qualifying points    336
visgrd default map values       1      -8.00     16
visgrd number of dims    3
visgrd dimensions         22        20        23
visgrd axis scales      0.700     0.700     0.700

visgrd volume hbdonor                                                                         
visgrd author sitemap                                                                         
visgrd property name donor                                                                           
visgrd qualifying points    276
visgrd default map values       1      -8.00      5
visgrd number of dims    3
visgrd dimensions         22        20        23
visgrd axis scales      0.700     0.700     0.700

-- Evaluating site  1 --
Ligand/site-points file: 
Protein coordinates/parameters file: 
extend =   3
 Verbosity flags: F F F F F
all SiteMap grid files will be read
the protein charges will be modified to reduce formal charges and adjust donor/acceptor potentials
protein radii will be modified to allow closer approach to donor and acceptor heteroatoms
phobic areas emphasize enclosed regions and deemphasize exposed regions using alternative method
site-point set will be augmented by including significant nearby points
  threshold for adding phobic points:  -0.500
  threshold for adding philic points:  -8.000
base name for SiteMap grid files: 
 Reusing grid data
reusing site data
Number of protein atoms:    5676
 
phobic grid file reshaped
philic grid file reshaped
donor grid file reshaped
acceptor grid file reshaped
metal grid file reshaped
surf grid file reshaped
 maximum number of atoms in a sitebox =           8


Number of site points   10  first shell   26  higher shells   62   dirscore   0.908
1 vdw  -1.458   phob  -0.136   phil  -6.955   donor  -2.112   acceptor  -4.843   metal   0.000
2               phob  -0.020   phil  -6.963   donor  -4.012   acceptor  -2.951   metal   0.000

SiteScore size   Dscore  volume  exposure enclosure contact  phobic   philic   balance  don/acc
  0.905    46    0.577   158.12    0.657    0.908    1.125    0.142    1.857    0.076    0.436

-- Done with site  1 --

== End SiteMap calculation ==

Wrote 1 sites to "md0_crop8_coa_out.maegz".

Current time: Sun Jan 22 14:48:55 2023
Elapsed time: 0:00:04.17
SiteMap successfully completed.

