--------------------------------------------------------------------------------
JobId          : X299-0-63cd223c
Name           : md0_crop418_coa
Program        : SiteMap
Version        : 2021-4 build 135
Host           : X299
Dir            : /mnt/3a29b482-dac1-4563-be89-d63ad92354e9/cers_modelling/md_sampling_cers_models/charmm_gui_systems/cers2_10pc_chol/sitemaps
HostEntry      : localhost
JobHost        : X299
JobDir         : /scratch/tamir/md0_crop418_coa
JobSchrodinger : /opt/schrodinger2021-4
Commandline    : /opt/schrodinger2021-4/sitemap md0_crop418_coa.in -WAIT
StartTime      : 2023-01-22-13:47:08
--------------------------------------------------------------------------------

== Begin input keywords ==
ADDPHIL  -8.0
ADDPHOB  -0.5
ADDSP  True
COMPRESS  True
CUTOFF  20.0
D2THRESH  3.1
DTHRESH  6.5
DVSCALE  2.5
ENCLOSURE  0.5
EXTEND  3
FAKE  False
FFIELD  OPLS_2005
GRID  0.7
KEEPELEC  False
KEEPVDW  False
KEEPVOLPTS  True
KMAX  3
KMAX2  5
MAPDIST  4.0
MARGIN  6.0
MAXDIST  8.0
MAXSITES  1
MAXVDW  1.1
MINGROUP  3
MODCHARGES  True
MODPHOBIC  3
NEARRES  3.5
NTHRESH  3
PROT  md0_crop418.mae
R2THRESH  4.1
REPORTSIZE  10
ROUND  False
RTHRESH  5.0
VERBOSITY  0
WRITEGRIDS  False
WRITEPOT  False
WRITESTRUCTS  True
WRITEVIS  True
XCENT  56.98649883270264
XRANGE  10.0
YCENT  45.276498794555664
YRANGE  10.0
ZCENT  79.07750129699707
ZRANGE  10.0
== End input keywords ==

== Begin single-receptor SiteMap calculation ==

-- Begin site search --
 Parameters for this calculation:
 sitecut =  0.500000000000000     
 sitescmin =   1.10000000000000     
 afactor =   1.00000000000000     
 bfactor =   1.00000000000000     
 imaxsite =           8
 ithresh =           3
 mingroup =           3
 kmax =           3
 kmax2 =           5
 r2thresh =   4.10000000000000     
 dvscale =   2.50000000000000     
 dvscnorm =   2.50000000000000     
 dvscbig =   2.50000000000000     
 border =   2.00000000000000     
 dthresh =   6.50000000000000     
 rthresh =   5.00000000000000     
 maxgroup =         100
 r2thresh =   4.10000000000000     
 nthresh =           3
 ndir =         110
 use_vdw = T
 repname = none
 repsize =          10
 maxrep =           1
 sitelis = sites.lis
 profile = none
 sitelig = none
 siteasl = none
 use_sitelig =  F
 sitebox =  -999.000000000000     
 writepdb =  F
 number of protein atoms =        5677
Starting findsites:  Sunday, January 22 2023, at 13:47:12 IST
ptypes obtained:  Sunday, January 22 2023, at 13:47:12 IST
lj parameters obtained:  Sunday, January 22 2023, at 13:47:12 IST
Basic parameters obtained:  Sunday, January 22 2023, at 13:47:12 IST
Receptor parameterization completed:  Sunday, January 22 2023, at 13:47:12 IST
 scaled value of sitecut =   55.0000000000000     
 sphere directions set up         110
Sunday, January 22 2023, at 13:47:12 IST
 FINDSITE will use user-specified box
Centroid of box:  56.986  45.276  79.078
 boundaries   51.9864988327026        61.9864988327026     
   40.2764987945557        50.2764987945557        74.0775012969971     
   84.0775012969971     
 box          10          10          10
 maximum number of atoms in a sitebox =           7
Site points found:  Sunday, January 22 2023, at 13:47:12 IST
 boxes, patoms in boxes, empty boxes =         125         245          35
 total, outside sites =        1000         162
Site points pruned:  Sunday, January 22 2023, at 13:47:12 IST
final goodsites =        24
         2 sites will be removed
        22 good sites remain
Number of site groups found =     1

  Group  index  size  score     x       y       z     stdev
    1      1     22    1.21   56.08   47.91   76.64    1.88
Sites linked and merged:  Sunday, January 22 2023, at 13:47:12 IST
 Storing receptor data

Site-finding complete.
Number of sites to map/eval:  1

-- Mapping site  1 --
jobname: md0_crop418_coa_site_1
all SiteMap grid files will be generated
 philic map specified
 phobic map specified
 donor map specified
 acceptor map specified
 metal-ligation map specified
 surface-display map specified
grid margin:     6.00
grid spacing:     0.70
non-bonded cutoff:    20.00
ligand/sitepoints file: 
protein coordinates/parameters file: 
output map/grid files will be written to the current directory
vis files will be written
protein charges will be modified to reduce formal charges and adjust donor/acceptor potentials
protein radii will be modified to allow closer approach to donor and acceptor heteroatoms
phobic areas will be modified to emphasize enclosed regions and to deemphasize exposed regions using alternative method
all input instructions read
 Getting site data
ligand xcm,ycm,zcm,xrange,yrange,zrange 56.486 47.776 77.078  5.000  1.000  4.000

 Reusing receptor data from site-finding stage.

Sitemap: electrostatic+vdw interaction energy
Map field of *enzyme* in region of *inhibitor*

computing site maps ...
grid lim (orig)  47.986  64.986  41.276  54.276  69.078  85.078
grid lim (adj)   47.736  65.236  41.126  54.426  69.028  85.128
grid point counts   26   20   24
total grid points   12480

 5677 receptor atoms read
grid: adjdip
number of grid points within emin, emax limits =    10483
 maximum grid value before cutoff =               -0.194
 minimum grid value before cutoff =   -667.982

philic and phobic grids formed
grid: surf
number of grid points within emin, emax limits =     2370
 maximum grid value before cutoff =         49796809.196
 minimum grid value before cutoff =     -3.342

grid: phil
number of grid points within emin, emax limits =     2378
 maximum grid value before cutoff =         49796759.196
 minimum grid value before cutoff =    -28.113

grid: phob
number of grid points within emin, emax limits =     1009
 maximum grid value before cutoff =         49796824.196
 minimum grid value before cutoff =     -1.836

mod_phobic: phobthresh, philthresh =  -0.250  -3.000
 maximum number of atoms in a sitebox =           8
 boxes, patoms in boxes, empty boxes =        9367        5677        7270
Average phobic potential changed from  -0.750 to  -0.449 for  346 grid points

number of phobic points =   468   average phobic score =   0.68
number of philic points =  1910   average philic score =  -6.34

number of qualifying surf grid points =      402

number of qualifying phil grid points =      567

number of qualifying phob grid points =       41

number of qualifying accptr grid points =      257

number of qualifying donor grid points =      303

number of qualifying metal grid points =        0

visgrd volume surf                                                                            
visgrd author sitemap                                                                         
visgrd property name surf                                                                            
visgrd qualifying points   1820
visgrd default map values       1       1.00      2
visgrd number of dims    3
visgrd dimensions         26        20        24
visgrd axis scales      0.700     0.700     0.700

visgrd volume hydrophil                                                                       
visgrd author sitemap                                                                         
visgrd property name phil                                                                            
visgrd qualifying points    567
visgrd default map values       1      -8.00     10
visgrd number of dims    3
visgrd dimensions         26        20        24
visgrd axis scales      0.700     0.700     0.700

visgrd volume hydrophob                                                                       
visgrd author sitemap                                                                         
visgrd property name phob                                                                            
visgrd qualifying points    130
visgrd default map values       1      -0.50     13
visgrd number of dims    3
visgrd dimensions         26        20        24
visgrd axis scales      0.700     0.700     0.700

visgrd volume hbacceptor                                                                      
visgrd author sitemap                                                                         
visgrd property name accptr                                                                          
visgrd qualifying points    257
visgrd default map values       1      -8.00     16
visgrd number of dims    3
visgrd dimensions         26        20        24
visgrd axis scales      0.700     0.700     0.700

visgrd volume hbdonor                                                                         
visgrd author sitemap                                                                         
visgrd property name donor                                                                           
visgrd qualifying points    303
visgrd default map values       1      -8.00      5
visgrd number of dims    3
visgrd dimensions         26        20        24
visgrd axis scales      0.700     0.700     0.700

-- Evaluating site  1 --
Ligand/site-points file: 
Protein coordinates/parameters file: 
extend =   3
 Verbosity flags: F F F F F
all SiteMap grid files will be read
the protein charges will be modified to reduce formal charges and adjust donor/acceptor potentials
protein radii will be modified to allow closer approach to donor and acceptor heteroatoms
phobic areas emphasize enclosed regions and deemphasize exposed regions using alternative method
site-point set will be augmented by including significant nearby points
  threshold for adding phobic points:  -0.500
  threshold for adding philic points:  -8.000
base name for SiteMap grid files: 
 Reusing grid data
reusing site data
Number of protein atoms:    5677
 
phobic grid file reshaped
philic grid file reshaped
donor grid file reshaped
acceptor grid file reshaped
metal grid file reshaped
surf grid file reshaped
 maximum number of atoms in a sitebox =           8


Number of site points   22  first shell   60  higher shells   60   dirscore   0.888
1 vdw  -1.464   phob  -0.204   phil  -5.438   donor  -2.173   acceptor  -3.265   metal   0.000
2               phob  -0.100   phil  -5.136   donor  -2.716   acceptor  -2.419   metal   0.000

SiteScore size   Dscore  volume  exposure enclosure contact  phobic   philic   balance  don/acc
  0.990    66    0.823   240.44    0.645    0.888    1.130    0.693    1.452    0.477    0.666

-- Done with site  1 --

== End SiteMap calculation ==

Wrote 1 sites to "md0_crop418_coa_out.maegz".

Current time: Sun Jan 22 13:47:14 2023
Elapsed time: 0:00:04.52
SiteMap successfully completed.

