--------------------------------------------------------------------------------
JobId          : X299-0-63cd11ba
Name           : md0_crop243_sph
Program        : SiteMap
Version        : 2021-4 build 135
Host           : X299
Dir            : /mnt/3a29b482-dac1-4563-be89-d63ad92354e9/cers_modelling/md_sampling_cers_models/charmm_gui_systems/cers2_10pc_chol/sitemaps
HostEntry      : localhost
JobHost        : X299
JobDir         : /scratch/tamir/md0_crop243_sph
JobSchrodinger : /opt/schrodinger2021-4
Commandline    : /opt/schrodinger2021-4/sitemap md0_crop243_sph.in -WAIT
StartTime      : 2023-01-22-12:36:42
--------------------------------------------------------------------------------

== Begin input keywords ==
ADDPHIL  -8.0
ADDPHOB  -0.5
ADDSP  True
COMPRESS  True
CUTOFF  20.0
D2THRESH  3.1
DTHRESH  6.5
DVSCALE  2.5
ENCLOSURE  0.5
EXTEND  3
FAKE  False
FFIELD  OPLS_2005
GRID  0.7
KEEPELEC  False
KEEPVDW  False
KEEPVOLPTS  True
KMAX  3
KMAX2  5
MAPDIST  4.0
MARGIN  6.0
MAXDIST  8.0
MAXSITES  1
MAXVDW  1.1
MINGROUP  3
MODCHARGES  True
MODPHOBIC  3
NEARRES  3.5
NTHRESH  3
PROT  md0_crop243.mae
R2THRESH  4.1
REPORTSIZE  10
ROUND  False
RTHRESH  5.0
VERBOSITY  0
WRITEGRIDS  False
WRITEPOT  False
WRITESTRUCTS  True
WRITEVIS  True
XCENT  45.9220027923584
XRANGE  10.0
YCENT  40.422000885009766
YRANGE  10.0
ZCENT  62.804999351501465
ZRANGE  10.0
== End input keywords ==

== Begin single-receptor SiteMap calculation ==

-- Begin site search --
 Parameters for this calculation:
 sitecut =  0.500000000000000     
 sitescmin =   1.10000000000000     
 afactor =   1.00000000000000     
 bfactor =   1.00000000000000     
 imaxsite =           8
 ithresh =           3
 mingroup =           3
 kmax =           3
 kmax2 =           5
 r2thresh =   4.10000000000000     
 dvscale =   2.50000000000000     
 dvscnorm =   2.50000000000000     
 dvscbig =   2.50000000000000     
 border =   2.00000000000000     
 dthresh =   6.50000000000000     
 rthresh =   5.00000000000000     
 maxgroup =         100
 r2thresh =   4.10000000000000     
 nthresh =           3
 ndir =         110
 use_vdw = T
 repname = none
 repsize =          10
 maxrep =           1
 sitelis = sites.lis
 profile = none
 sitelig = none
 siteasl = none
 use_sitelig =  F
 sitebox =  -999.000000000000     
 writepdb =  F
 number of protein atoms =        5675
Starting findsites:  Sunday, January 22 2023, at 12:36:45 IST
ptypes obtained:  Sunday, January 22 2023, at 12:36:46 IST
lj parameters obtained:  Sunday, January 22 2023, at 12:36:46 IST
Basic parameters obtained:  Sunday, January 22 2023, at 12:36:46 IST
Receptor parameterization completed:  Sunday, January 22 2023, at 12:36:46 IST
 scaled value of sitecut =   55.0000000000000     
 sphere directions set up         110
Sunday, January 22 2023, at 12:36:46 IST
 FINDSITE will use user-specified box
Centroid of box:  45.922  40.422  62.805
 boundaries   40.9220027923584        50.9220027923584     
   35.4220008850098        45.4220008850098        57.8049993515015     
   67.8049993515015     
 box          10          10          10
 maximum number of atoms in a sitebox =           7
Site points found:  Sunday, January 22 2023, at 12:36:46 IST
 boxes, patoms in boxes, empty boxes =         125         211          43
 total, outside sites =        1000         295
Site points pruned:  Sunday, January 22 2023, at 12:36:46 IST
final goodsites =        19
         2 sites will be removed
        17 good sites remain
Number of site groups found =     1

  Group  index  size  score     x       y       z     stdev
    1      1     17    1.39   47.32   41.35   62.28    2.21
Sites linked and merged:  Sunday, January 22 2023, at 12:36:46 IST
 Storing receptor data

Site-finding complete.
Number of sites to map/eval:  1

-- Mapping site  1 --
jobname: md0_crop243_sph_site_1
all SiteMap grid files will be generated
 philic map specified
 phobic map specified
 donor map specified
 acceptor map specified
 metal-ligation map specified
 surface-display map specified
grid margin:     6.00
grid spacing:     0.70
non-bonded cutoff:    20.00
ligand/sitepoints file: 
protein coordinates/parameters file: 
output map/grid files will be written to the current directory
vis files will be written
protein charges will be modified to reduce formal charges and adjust donor/acceptor potentials
protein radii will be modified to allow closer approach to donor and acceptor heteroatoms
phobic areas will be modified to emphasize enclosed regions and to deemphasize exposed regions using alternative method
all input instructions read
 Getting site data
ligand xcm,ycm,zcm,xrange,yrange,zrange 47.422 41.422 62.805  5.000  4.000  4.000

 Reusing receptor data from site-finding stage.

Sitemap: electrostatic+vdw interaction energy
Map field of *enzyme* in region of *inhibitor*

computing site maps ...
grid lim (orig)  38.922  55.922  33.422  49.422  54.805  70.805
grid lim (adj)   38.672  56.172  33.372  49.472  54.755  70.855
grid point counts   26   24   24
total grid points   14976

 5675 receptor atoms read
grid: adjdip
number of grid points within emin, emax limits =    13306
 maximum grid value before cutoff =               -0.027
 minimum grid value before cutoff =   -476.141

philic and phobic grids formed
grid: surf
number of grid points within emin, emax limits =     2687
 maximum grid value before cutoff =         37065350.330
 minimum grid value before cutoff =     -2.634

grid: phil
number of grid points within emin, emax limits =     4060
 maximum grid value before cutoff =         37065300.330
 minimum grid value before cutoff =    -32.587

grid: phob
number of grid points within emin, emax limits =     2889
 maximum grid value before cutoff =         37065365.330
 minimum grid value before cutoff =     -2.016

mod_phobic: phobthresh, philthresh =  -0.250  -3.000
 maximum number of atoms in a sitebox =           8
 boxes, patoms in boxes, empty boxes =       12369        5675       10252
Average phobic potential changed from  -0.780 to  -0.431 for 1070 grid points

number of phobic points =  2244   average phobic score =   0.52
number of philic points =  1816   average philic score =  -4.05

number of qualifying surf grid points =      471

number of qualifying phil grid points =      269

number of qualifying phob grid points =      127

number of qualifying accptr grid points =       74

number of qualifying donor grid points =      179

number of qualifying metal grid points =        0

visgrd volume surf                                                                            
visgrd author sitemap                                                                         
visgrd property name surf                                                                            
visgrd qualifying points   3729
visgrd default map values       1       1.00      2
visgrd number of dims    3
visgrd dimensions         26        24        24
visgrd axis scales      0.700     0.700     0.700

visgrd volume hydrophil                                                                       
visgrd author sitemap                                                                         
visgrd property name phil                                                                            
visgrd qualifying points    269
visgrd default map values       1      -8.00     10
visgrd number of dims    3
visgrd dimensions         26        24        24
visgrd axis scales      0.700     0.700     0.700

visgrd volume hydrophob                                                                       
visgrd author sitemap                                                                         
visgrd property name phob                                                                            
visgrd qualifying points    343
visgrd default map values       1      -0.50     13
visgrd number of dims    3
visgrd dimensions         26        24        24
visgrd axis scales      0.700     0.700     0.700

visgrd volume hbacceptor                                                                      
visgrd author sitemap                                                                         
visgrd property name accptr                                                                          
visgrd qualifying points     74
visgrd default map values       1      -8.00     16
visgrd number of dims    3
visgrd dimensions         26        24        24
visgrd axis scales      0.700     0.700     0.700

visgrd volume hbdonor                                                                         
visgrd author sitemap                                                                         
visgrd property name donor                                                                           
visgrd qualifying points    179
visgrd default map values       1      -8.00      5
visgrd number of dims    3
visgrd dimensions         26        24        24
visgrd axis scales      0.700     0.700     0.700

-- Evaluating site  1 --
Ligand/site-points file: 
Protein coordinates/parameters file: 
extend =   3
 Verbosity flags: F F F F F
all SiteMap grid files will be read
the protein charges will be modified to reduce formal charges and adjust donor/acceptor potentials
protein radii will be modified to allow closer approach to donor and acceptor heteroatoms
phobic areas emphasize enclosed regions and deemphasize exposed regions using alternative method
site-point set will be augmented by including significant nearby points
  threshold for adding phobic points:  -0.500
  threshold for adding philic points:  -8.000
base name for SiteMap grid files: 
 Reusing grid data
reusing site data
Number of protein atoms:    5675
 
phobic grid file reshaped
philic grid file reshaped
donor grid file reshaped
acceptor grid file reshaped
metal grid file reshaped
surf grid file reshaped
 maximum number of atoms in a sitebox =           8


Number of site points   17  first shell   29  higher shells   64   dirscore   0.794
1 vdw  -1.357   phob  -0.453   phil  -2.622   donor  -2.523   acceptor  -0.099   metal   0.000
2               phob  -0.214   phil  -2.338   donor  -0.101   acceptor  -2.236   metal   0.000

SiteScore size   Dscore  volume  exposure enclosure contact  phobic   philic   balance  don/acc
  0.798    30    0.763   171.50    0.756    0.794    1.047    1.489    0.700    2.127   25.486

-- Done with site  1 --

== End SiteMap calculation ==

Wrote 1 sites to "md0_crop243_sph_out.maegz".

Current time: Sun Jan 22 12:36:47 2023
Elapsed time: 0:00:04.61
SiteMap successfully completed.

