--------------------------------------------------------------------------------
JobId          : X299-0-63cd1b97
Name           : md0_crop349_coa
Program        : SiteMap
Version        : 2021-4 build 135
Host           : X299
Dir            : /mnt/3a29b482-dac1-4563-be89-d63ad92354e9/cers_modelling/md_sampling_cers_models/charmm_gui_systems/cers2_10pc_chol/sitemaps
HostEntry      : localhost
JobHost        : X299
JobDir         : /scratch/tamir/md0_crop349_coa
JobSchrodinger : /opt/schrodinger2021-4
Commandline    : /opt/schrodinger2021-4/sitemap md0_crop349_coa.in -WAIT
StartTime      : 2023-01-22-13:18:47
--------------------------------------------------------------------------------

== Begin input keywords ==
ADDPHIL  -8.0
ADDPHOB  -0.5
ADDSP  True
COMPRESS  True
CUTOFF  20.0
D2THRESH  3.1
DTHRESH  6.5
DVSCALE  2.5
ENCLOSURE  0.5
EXTEND  3
FAKE  False
FFIELD  OPLS_2005
GRID  0.7
KEEPELEC  False
KEEPVDW  False
KEEPVOLPTS  True
KMAX  3
KMAX2  5
MAPDIST  4.0
MARGIN  6.0
MAXDIST  8.0
MAXSITES  1
MAXVDW  1.1
MINGROUP  3
MODCHARGES  True
MODPHOBIC  3
NEARRES  3.5
NTHRESH  3
PROT  md0_crop349.mae
R2THRESH  4.1
REPORTSIZE  10
ROUND  False
RTHRESH  5.0
VERBOSITY  0
WRITEGRIDS  False
WRITEPOT  False
WRITESTRUCTS  True
WRITEVIS  True
XCENT  56.22699737548828
XRANGE  10.0
YCENT  42.87449836730957
YRANGE  10.0
ZCENT  77.88949966430664
ZRANGE  10.0
== End input keywords ==

== Begin single-receptor SiteMap calculation ==

-- Begin site search --
 Parameters for this calculation:
 sitecut =  0.500000000000000     
 sitescmin =   1.10000000000000     
 afactor =   1.00000000000000     
 bfactor =   1.00000000000000     
 imaxsite =           8
 ithresh =           3
 mingroup =           3
 kmax =           3
 kmax2 =           5
 r2thresh =   4.10000000000000     
 dvscale =   2.50000000000000     
 dvscnorm =   2.50000000000000     
 dvscbig =   2.50000000000000     
 border =   2.00000000000000     
 dthresh =   6.50000000000000     
 rthresh =   5.00000000000000     
 maxgroup =         100
 r2thresh =   4.10000000000000     
 nthresh =           3
 ndir =         110
 use_vdw = T
 repname = none
 repsize =          10
 maxrep =           1
 sitelis = sites.lis
 profile = none
 sitelig = none
 siteasl = none
 use_sitelig =  F
 sitebox =  -999.000000000000     
 writepdb =  F
 number of protein atoms =        5677
Starting findsites:  Sunday, January 22 2023, at 13:18:51 IST
ptypes obtained:  Sunday, January 22 2023, at 13:18:51 IST
lj parameters obtained:  Sunday, January 22 2023, at 13:18:51 IST
Basic parameters obtained:  Sunday, January 22 2023, at 13:18:51 IST
Receptor parameterization completed:  Sunday, January 22 2023, at 13:18:51 IST
 scaled value of sitecut =   55.0000000000000     
 sphere directions set up         110
Sunday, January 22 2023, at 13:18:51 IST
 FINDSITE will use user-specified box
Centroid of box:  56.227  42.874  77.889
 boundaries   51.2269973754883        61.2269973754883     
   37.8744983673096        47.8744983673096        72.8894996643066     
   82.8894996643066     
 box          10          10          10
 maximum number of atoms in a sitebox =           6
Site points found:  Sunday, January 22 2023, at 13:18:51 IST
 boxes, patoms in boxes, empty boxes =         125         231          38
 total, outside sites =        1000         191
Site points pruned:  Sunday, January 22 2023, at 13:18:51 IST
final goodsites =        29
         6 sites will be removed
        23 good sites remain
Number of site groups found =     2

  Group  index  size  score     x       y       z     stdev
    1      1     22    1.33   54.24   44.31   76.49    1.96
    2      2      1    1.18   58.23   44.87   74.89    0.00

Inter-group relationships
     g1     g2     n1     n2    dmin    davg   spread  ratio     x1      y1      z1      x2      y2      z2
Sites linked and merged:  Sunday, January 22 2023, at 13:18:51 IST
 Storing receptor data

Site-finding complete.
Number of sites to map/eval:  1

-- Mapping site  1 --
jobname: md0_crop349_coa_site_1
all SiteMap grid files will be generated
 philic map specified
 phobic map specified
 donor map specified
 acceptor map specified
 metal-ligation map specified
 surface-display map specified
grid margin:     6.00
grid spacing:     0.70
non-bonded cutoff:    20.00
ligand/sitepoints file: 
protein coordinates/parameters file: 
output map/grid files will be written to the current directory
vis files will be written
protein charges will be modified to reduce formal charges and adjust donor/acceptor potentials
protein radii will be modified to allow closer approach to donor and acceptor heteroatoms
phobic areas will be modified to emphasize enclosed regions and to deemphasize exposed regions using alternative method
all input instructions read
 Getting site data
ligand xcm,ycm,zcm,xrange,yrange,zrange 54.227 44.374 76.889  2.000  3.000  6.000

 Reusing receptor data from site-finding stage.

Sitemap: electrostatic+vdw interaction energy
Map field of *enzyme* in region of *inhibitor*

computing site maps ...
grid lim (orig)  47.227  61.227  36.874  51.874  67.889  85.889
grid lim (adj)   46.877  61.577  36.674  52.074  67.789  85.989
grid point counts   22   23   27
total grid points   13662

 5677 receptor atoms read
grid: adjdip
number of grid points within emin, emax limits =    11315
 maximum grid value before cutoff =               -0.417
 minimum grid value before cutoff =   -695.241

philic and phobic grids formed
grid: surf
number of grid points within emin, emax limits =     2554
 maximum grid value before cutoff =         40295526.104
 minimum grid value before cutoff =     -3.269

grid: phil
number of grid points within emin, emax limits =     2747
 maximum grid value before cutoff =         40295476.104
 minimum grid value before cutoff =    -29.965

grid: phob
number of grid points within emin, emax limits =     1104
 maximum grid value before cutoff =         40295541.104
 minimum grid value before cutoff =     -2.333

mod_phobic: phobthresh, philthresh =  -0.250  -3.000
 maximum number of atoms in a sitebox =           9
 boxes, patoms in boxes, empty boxes =       11571        5677        9454
Average phobic potential changed from  -0.843 to  -0.565 for  155 grid points

number of phobic points =   266   average phobic score =   0.85
number of philic points =  2481   average philic score =  -5.74

number of qualifying surf grid points =      399

number of qualifying phil grid points =      639

number of qualifying phob grid points =       33

number of qualifying accptr grid points =      329

number of qualifying donor grid points =      299

number of qualifying metal grid points =        0

visgrd volume surf                                                                            
visgrd author sitemap                                                                         
visgrd property name surf                                                                            
visgrd qualifying points   2119
visgrd default map values       1       1.00      2
visgrd number of dims    3
visgrd dimensions         22        23        27
visgrd axis scales      0.700     0.700     0.700

visgrd volume hydrophil                                                                       
visgrd author sitemap                                                                         
visgrd property name phil                                                                            
visgrd qualifying points    639
visgrd default map values       1      -8.00     10
visgrd number of dims    3
visgrd dimensions         22        23        27
visgrd axis scales      0.700     0.700     0.700

visgrd volume hydrophob                                                                       
visgrd author sitemap                                                                         
visgrd property name phob                                                                            
visgrd qualifying points     98
visgrd default map values       1      -0.50     13
visgrd number of dims    3
visgrd dimensions         22        23        27
visgrd axis scales      0.700     0.700     0.700

visgrd volume hbacceptor                                                                      
visgrd author sitemap                                                                         
visgrd property name accptr                                                                          
visgrd qualifying points    329
visgrd default map values       1      -8.00     16
visgrd number of dims    3
visgrd dimensions         22        23        27
visgrd axis scales      0.700     0.700     0.700

visgrd volume hbdonor                                                                         
visgrd author sitemap                                                                         
visgrd property name donor                                                                           
visgrd qualifying points    299
visgrd default map values       1      -8.00      5
visgrd number of dims    3
visgrd dimensions         22        23        27
visgrd axis scales      0.700     0.700     0.700

-- Evaluating site  1 --
Ligand/site-points file: 
Protein coordinates/parameters file: 
extend =   3
 Verbosity flags: F F F F F
all SiteMap grid files will be read
the protein charges will be modified to reduce formal charges and adjust donor/acceptor potentials
protein radii will be modified to allow closer approach to donor and acceptor heteroatoms
phobic areas emphasize enclosed regions and deemphasize exposed regions using alternative method
site-point set will be augmented by including significant nearby points
  threshold for adding phobic points:  -0.500
  threshold for adding philic points:  -8.000
base name for SiteMap grid files: 
 Reusing grid data
reusing site data
Number of protein atoms:    5677
 
phobic grid file reshaped
philic grid file reshaped
donor grid file reshaped
acceptor grid file reshaped
metal grid file reshaped
surf grid file reshaped
 maximum number of atoms in a sitebox =           9


Number of site points   22  first shell   45  higher shells   52   dirscore   0.879
1 vdw  -1.491   phob  -0.233   phil  -5.385   donor  -1.774   acceptor  -3.611   metal   0.000
2               phob  -0.071   phil  -5.373   donor  -3.343   acceptor  -2.030   metal   0.000

SiteScore size   Dscore  volume  exposure enclosure contact  phobic   philic   balance  don/acc
  0.911    51    0.730   219.52    0.655    0.879    1.150    0.493    1.438    0.343    0.491

-- Done with site  1 --

== End SiteMap calculation ==

Wrote 1 sites to "md0_crop349_coa_out.maegz".

Current time: Sun Jan 22 13:18:53 2023
Elapsed time: 0:00:04.32
SiteMap successfully completed.

