--------------------------------------------------------------------------------
JobId          : X299-0-63cd0ef4
Name           : md0_crop214_coa
Program        : SiteMap
Version        : 2021-4 build 135
Host           : X299
Dir            : /mnt/3a29b482-dac1-4563-be89-d63ad92354e9/cers_modelling/md_sampling_cers_models/charmm_gui_systems/cers2_10pc_chol/sitemaps
HostEntry      : localhost
JobHost        : X299
JobDir         : /scratch/tamir/md0_crop214_coa
JobSchrodinger : /opt/schrodinger2021-4
Commandline    : /opt/schrodinger2021-4/sitemap md0_crop214_coa.in -WAIT
StartTime      : 2023-01-22-12:24:52
--------------------------------------------------------------------------------

== Begin input keywords ==
ADDPHIL  -8.0
ADDPHOB  -0.5
ADDSP  True
COMPRESS  True
CUTOFF  20.0
D2THRESH  3.1
DTHRESH  6.5
DVSCALE  2.5
ENCLOSURE  0.5
EXTEND  3
FAKE  False
FFIELD  OPLS_2005
GRID  0.7
KEEPELEC  False
KEEPVDW  False
KEEPVOLPTS  True
KMAX  3
KMAX2  5
MAPDIST  4.0
MARGIN  6.0
MAXDIST  8.0
MAXSITES  1
MAXVDW  1.1
MINGROUP  3
MODCHARGES  True
MODPHOBIC  3
NEARRES  3.5
NTHRESH  3
PROT  md0_crop214.mae
R2THRESH  4.1
REPORTSIZE  10
ROUND  False
RTHRESH  5.0
VERBOSITY  0
WRITEGRIDS  False
WRITEPOT  False
WRITESTRUCTS  True
WRITEVIS  True
XCENT  58.56700420379639
XRANGE  10.0
YCENT  43.81199836730957
YRANGE  10.0
ZCENT  74.71699714660645
ZRANGE  10.0
== End input keywords ==

== Begin single-receptor SiteMap calculation ==

-- Begin site search --
 Parameters for this calculation:
 sitecut =  0.500000000000000     
 sitescmin =   1.10000000000000     
 afactor =   1.00000000000000     
 bfactor =   1.00000000000000     
 imaxsite =           8
 ithresh =           3
 mingroup =           3
 kmax =           3
 kmax2 =           5
 r2thresh =   4.10000000000000     
 dvscale =   2.50000000000000     
 dvscnorm =   2.50000000000000     
 dvscbig =   2.50000000000000     
 border =   2.00000000000000     
 dthresh =   6.50000000000000     
 rthresh =   5.00000000000000     
 maxgroup =         100
 r2thresh =   4.10000000000000     
 nthresh =           3
 ndir =         110
 use_vdw = T
 repname = none
 repsize =          10
 maxrep =           1
 sitelis = sites.lis
 profile = none
 sitelig = none
 siteasl = none
 use_sitelig =  F
 sitebox =  -999.000000000000     
 writepdb =  F
 number of protein atoms =        5676
Starting findsites:  Sunday, January 22 2023, at 12:24:55 IST
ptypes obtained:  Sunday, January 22 2023, at 12:24:55 IST
lj parameters obtained:  Sunday, January 22 2023, at 12:24:55 IST
Basic parameters obtained:  Sunday, January 22 2023, at 12:24:55 IST
Receptor parameterization completed:  Sunday, January 22 2023, at 12:24:55 IST
 scaled value of sitecut =   55.0000000000000     
 sphere directions set up         110
Sunday, January 22 2023, at 12:24:55 IST
 FINDSITE will use user-specified box
Centroid of box:  58.567  43.812  74.717
 boundaries   53.5670042037964        63.5670042037964     
   38.8119983673096        48.8119983673096        69.7169971466064     
   79.7169971466064     
 box          10          10          10
 maximum number of atoms in a sitebox =           7
Site points found:  Sunday, January 22 2023, at 12:24:55 IST
 boxes, patoms in boxes, empty boxes =         125         235          38
 total, outside sites =        1000         213
Site points pruned:  Sunday, January 22 2023, at 12:24:55 IST
final goodsites =        30
         2 sites will be removed
        28 good sites remain
Number of site groups found =     1

  Group  index  size  score     x       y       z     stdev
    1      1     28    1.35   59.10   45.12   72.87    2.83
Sites linked and merged:  Sunday, January 22 2023, at 12:24:55 IST
 Storing receptor data

Site-finding complete.
Number of sites to map/eval:  1

-- Mapping site  1 --
jobname: md0_crop214_coa_site_1
all SiteMap grid files will be generated
 philic map specified
 phobic map specified
 donor map specified
 acceptor map specified
 metal-ligation map specified
 surface-display map specified
grid margin:     6.00
grid spacing:     0.70
non-bonded cutoff:    20.00
ligand/sitepoints file: 
protein coordinates/parameters file: 
output map/grid files will be written to the current directory
vis files will be written
protein charges will be modified to reduce formal charges and adjust donor/acceptor potentials
protein radii will be modified to allow closer approach to donor and acceptor heteroatoms
phobic areas will be modified to emphasize enclosed regions and to deemphasize exposed regions using alternative method
all input instructions read
 Getting site data
ligand xcm,ycm,zcm,xrange,yrange,zrange 59.067 45.312 73.717  7.000  3.000  4.000

 Reusing receptor data from site-finding stage.

Sitemap: electrostatic+vdw interaction energy
Map field of *enzyme* in region of *inhibitor*

computing site maps ...
grid lim (orig)  49.567  68.567  37.812  52.812  65.717  81.717
grid lim (adj)   49.267  68.867  37.612  53.012  65.667  81.767
grid point counts   29   23   24
total grid points   16008

 5676 receptor atoms read
grid: adjdip
number of grid points within emin, emax limits =    13475
 maximum grid value before cutoff =               -0.163
 minimum grid value before cutoff =   -696.222

philic and phobic grids formed
grid: surf
number of grid points within emin, emax limits =     2853
 maximum grid value before cutoff =         39480775.952
 minimum grid value before cutoff =     -3.096

grid: phil
number of grid points within emin, emax limits =     2839
 maximum grid value before cutoff =         39480725.952
 minimum grid value before cutoff =    -26.037

grid: phob
number of grid points within emin, emax limits =     1412
 maximum grid value before cutoff =         39480790.952
 minimum grid value before cutoff =     -2.306

mod_phobic: phobthresh, philthresh =  -0.250  -3.000
 maximum number of atoms in a sitebox =           8
 boxes, patoms in boxes, empty boxes =       12369        5676       10273
Average phobic potential changed from  -0.865 to  -0.544 for  554 grid points

number of phobic points =   675   average phobic score =   0.83
number of philic points =  2164   average philic score =  -5.69

number of qualifying surf grid points =      454

number of qualifying phil grid points =      501

number of qualifying phob grid points =      116

number of qualifying accptr grid points =      289

number of qualifying donor grid points =      199

number of qualifying metal grid points =        0

visgrd volume surf                                                                            
visgrd author sitemap                                                                         
visgrd property name surf                                                                            
visgrd qualifying points   2283
visgrd default map values       1       1.00      2
visgrd number of dims    3
visgrd dimensions         29        23        24
visgrd axis scales      0.700     0.700     0.700

visgrd volume hydrophil                                                                       
visgrd author sitemap                                                                         
visgrd property name phil                                                                            
visgrd qualifying points    501
visgrd default map values       1      -8.00     10
visgrd number of dims    3
visgrd dimensions         29        23        24
visgrd axis scales      0.700     0.700     0.700

visgrd volume hydrophob                                                                       
visgrd author sitemap                                                                         
visgrd property name phob                                                                            
visgrd qualifying points    266
visgrd default map values       1      -0.50     13
visgrd number of dims    3
visgrd dimensions         29        23        24
visgrd axis scales      0.700     0.700     0.700

visgrd volume hbacceptor                                                                      
visgrd author sitemap                                                                         
visgrd property name accptr                                                                          
visgrd qualifying points    289
visgrd default map values       1      -8.00     16
visgrd number of dims    3
visgrd dimensions         29        23        24
visgrd axis scales      0.700     0.700     0.700

visgrd volume hbdonor                                                                         
visgrd author sitemap                                                                         
visgrd property name donor                                                                           
visgrd qualifying points    199
visgrd default map values       1      -8.00      5
visgrd number of dims    3
visgrd dimensions         29        23        24
visgrd axis scales      0.700     0.700     0.700

-- Evaluating site  1 --
Ligand/site-points file: 
Protein coordinates/parameters file: 
extend =   3
 Verbosity flags: F F F F F
all SiteMap grid files will be read
the protein charges will be modified to reduce formal charges and adjust donor/acceptor potentials
protein radii will be modified to allow closer approach to donor and acceptor heteroatoms
phobic areas emphasize enclosed regions and deemphasize exposed regions using alternative method
site-point set will be augmented by including significant nearby points
  threshold for adding phobic points:  -0.500
  threshold for adding philic points:  -8.000
base name for SiteMap grid files: 
 Reusing grid data
reusing site data
Number of protein atoms:    5676
 
phobic grid file reshaped
philic grid file reshaped
donor grid file reshaped
acceptor grid file reshaped
metal grid file reshaped
surf grid file reshaped
 maximum number of atoms in a sitebox =           8


Number of site points   28  first shell   54  higher shells   80   dirscore   0.883
1 vdw  -1.440   phob  -0.422   phil  -3.675   donor  -1.406   acceptor  -2.268   metal   0.000
2               phob  -0.217   phil  -3.553   donor  -2.097   acceptor  -1.455   metal   0.000

SiteScore size   Dscore  volume  exposure enclosure contact  phobic   philic   balance  don/acc
  1.011    69    0.990   281.26    0.660    0.883    1.111    1.505    0.981    1.533    0.620

-- Done with site  1 --

== End SiteMap calculation ==

Wrote 1 sites to "md0_crop214_coa_out.maegz".

Current time: Sun Jan 22 12:24:57 2023
Elapsed time: 0:00:04.76
SiteMap successfully completed.

