--------------------------------------------------------------------------------
JobId          : X299-0-63cd0b49
Name           : md0_crop176_sph
Program        : SiteMap
Version        : 2021-4 build 135
Host           : X299
Dir            : /mnt/3a29b482-dac1-4563-be89-d63ad92354e9/cers_modelling/md_sampling_cers_models/charmm_gui_systems/cers2_10pc_chol/sitemaps
HostEntry      : localhost
JobHost        : X299
JobDir         : /scratch/tamir/md0_crop176_sph
JobSchrodinger : /opt/schrodinger2021-4
Commandline    : /opt/schrodinger2021-4/sitemap md0_crop176_sph.in -WAIT
StartTime      : 2023-01-22-12:09:13
--------------------------------------------------------------------------------

== Begin input keywords ==
ADDPHIL  -8.0
ADDPHOB  -0.5
ADDSP  True
COMPRESS  True
CUTOFF  20.0
D2THRESH  3.1
DTHRESH  6.5
DVSCALE  2.5
ENCLOSURE  0.5
EXTEND  3
FAKE  False
FFIELD  OPLS_2005
GRID  0.7
KEEPELEC  False
KEEPVDW  False
KEEPVOLPTS  True
KMAX  3
KMAX2  5
MAPDIST  4.0
MARGIN  6.0
MAXDIST  8.0
MAXSITES  1
MAXVDW  1.1
MINGROUP  3
MODCHARGES  True
MODPHOBIC  3
NEARRES  3.5
NTHRESH  3
PROT  md0_crop176.mae
R2THRESH  4.1
REPORTSIZE  10
ROUND  False
RTHRESH  5.0
VERBOSITY  0
WRITEGRIDS  False
WRITEPOT  False
WRITESTRUCTS  True
WRITEVIS  True
XCENT  47.73200035095215
XRANGE  10.0
YCENT  40.69700241088867
YRANGE  10.0
ZCENT  63.70699882507324
ZRANGE  10.0
== End input keywords ==

== Begin single-receptor SiteMap calculation ==

-- Begin site search --
 Parameters for this calculation:
 sitecut =  0.500000000000000     
 sitescmin =   1.10000000000000     
 afactor =   1.00000000000000     
 bfactor =   1.00000000000000     
 imaxsite =           8
 ithresh =           3
 mingroup =           3
 kmax =           3
 kmax2 =           5
 r2thresh =   4.10000000000000     
 dvscale =   2.50000000000000     
 dvscnorm =   2.50000000000000     
 dvscbig =   2.50000000000000     
 border =   2.00000000000000     
 dthresh =   6.50000000000000     
 rthresh =   5.00000000000000     
 maxgroup =         100
 r2thresh =   4.10000000000000     
 nthresh =           3
 ndir =         110
 use_vdw = T
 repname = none
 repsize =          10
 maxrep =           1
 sitelis = sites.lis
 profile = none
 sitelig = none
 siteasl = none
 use_sitelig =  F
 sitebox =  -999.000000000000     
 writepdb =  F
 number of protein atoms =        5673
Starting findsites:  Sunday, January 22 2023, at 12:09:16 IST
ptypes obtained:  Sunday, January 22 2023, at 12:09:16 IST
lj parameters obtained:  Sunday, January 22 2023, at 12:09:16 IST
Basic parameters obtained:  Sunday, January 22 2023, at 12:09:16 IST
Receptor parameterization completed:  Sunday, January 22 2023, at 12:09:16 IST
 scaled value of sitecut =   55.0000000000000     
 sphere directions set up         110
Sunday, January 22 2023, at 12:09:16 IST
 FINDSITE will use user-specified box
Centroid of box:  47.732  40.697  63.707
 boundaries   42.7320003509521        52.7320003509521     
   35.6970024108887        45.6970024108887        58.7069988250732     
   68.7069988250732     
 box          10          10          10
 maximum number of atoms in a sitebox =           7
Site points found:  Sunday, January 22 2023, at 12:09:17 IST
 boxes, patoms in boxes, empty boxes =         125         206          48
 total, outside sites =        1000         281
Site points pruned:  Sunday, January 22 2023, at 12:09:17 IST
final goodsites =        26
         1 sites will be removed
        25 good sites remain
Number of site groups found =     1

  Group  index  size  score     x       y       z     stdev
    1      1     25    1.32   48.70   40.37   62.88    2.09
Sites linked and merged:  Sunday, January 22 2023, at 12:09:17 IST
 Storing receptor data

Site-finding complete.
Number of sites to map/eval:  1

-- Mapping site  1 --
jobname: md0_crop176_sph_site_1
all SiteMap grid files will be generated
 philic map specified
 phobic map specified
 donor map specified
 acceptor map specified
 metal-ligation map specified
 surface-display map specified
grid margin:     6.00
grid spacing:     0.70
non-bonded cutoff:    20.00
ligand/sitepoints file: 
protein coordinates/parameters file: 
output map/grid files will be written to the current directory
vis files will be written
protein charges will be modified to reduce formal charges and adjust donor/acceptor potentials
protein radii will be modified to allow closer approach to donor and acceptor heteroatoms
phobic areas will be modified to emphasize enclosed regions and to deemphasize exposed regions using alternative method
all input instructions read
 Getting site data
ligand xcm,ycm,zcm,xrange,yrange,zrange 48.732 40.697 63.207  4.000  4.000  5.000

 Reusing receptor data from site-finding stage.

Sitemap: electrostatic+vdw interaction energy
Map field of *enzyme* in region of *inhibitor*

computing site maps ...
grid lim (orig)  40.732  56.732  32.697  48.697  54.707  71.707
grid lim (adj)   40.682  56.782  32.647  48.747  54.457  71.957
grid point counts   24   24   26
total grid points   14976

 5673 receptor atoms read
grid: adjdip
number of grid points within emin, emax limits =    13441
 maximum grid value before cutoff =               -0.007
 minimum grid value before cutoff =   -574.429

philic and phobic grids formed
grid: surf
number of grid points within emin, emax limits =     2892
 maximum grid value before cutoff =         42952407.714
 minimum grid value before cutoff =     -2.835

grid: phil
number of grid points within emin, emax limits =     4311
 maximum grid value before cutoff =         42952357.714
 minimum grid value before cutoff =    -25.029

grid: phob
number of grid points within emin, emax limits =     2885
 maximum grid value before cutoff =         42952422.714
 minimum grid value before cutoff =     -2.319

mod_phobic: phobthresh, philthresh =  -0.250  -3.000
 maximum number of atoms in a sitebox =           9
 boxes, patoms in boxes, empty boxes =       12369        5673       10267
Average phobic potential changed from  -0.779 to  -0.433 for  986 grid points

number of phobic points =  2126   average phobic score =   0.54
number of philic points =  2185   average philic score =  -3.58

number of qualifying surf grid points =      560

number of qualifying phil grid points =      254

number of qualifying phob grid points =      117

number of qualifying accptr grid points =       48

number of qualifying donor grid points =      180

number of qualifying metal grid points =        0

visgrd volume surf                                                                            
visgrd author sitemap                                                                         
visgrd property name surf                                                                            
visgrd qualifying points   3935
visgrd default map values       1       1.00      2
visgrd number of dims    3
visgrd dimensions         24        24        26
visgrd axis scales      0.700     0.700     0.700

visgrd volume hydrophil                                                                       
visgrd author sitemap                                                                         
visgrd property name phil                                                                            
visgrd qualifying points    254
visgrd default map values       1      -8.00     10
visgrd number of dims    3
visgrd dimensions         24        24        26
visgrd axis scales      0.700     0.700     0.700

visgrd volume hydrophob                                                                       
visgrd author sitemap                                                                         
visgrd property name phob                                                                            
visgrd qualifying points    326
visgrd default map values       1      -0.50     13
visgrd number of dims    3
visgrd dimensions         24        24        26
visgrd axis scales      0.700     0.700     0.700

visgrd volume hbacceptor                                                                      
visgrd author sitemap                                                                         
visgrd property name accptr                                                                          
visgrd qualifying points     48
visgrd default map values       1      -8.00     16
visgrd number of dims    3
visgrd dimensions         24        24        26
visgrd axis scales      0.700     0.700     0.700

visgrd volume hbdonor                                                                         
visgrd author sitemap                                                                         
visgrd property name donor                                                                           
visgrd qualifying points    180
visgrd default map values       1      -8.00      5
visgrd number of dims    3
visgrd dimensions         24        24        26
visgrd axis scales      0.700     0.700     0.700

-- Evaluating site  1 --
Ligand/site-points file: 
Protein coordinates/parameters file: 
extend =   3
 Verbosity flags: F F F F F
all SiteMap grid files will be read
the protein charges will be modified to reduce formal charges and adjust donor/acceptor potentials
protein radii will be modified to allow closer approach to donor and acceptor heteroatoms
phobic areas emphasize enclosed regions and deemphasize exposed regions using alternative method
site-point set will be augmented by including significant nearby points
  threshold for adding phobic points:  -0.500
  threshold for adding philic points:  -8.000
base name for SiteMap grid files: 
 Reusing grid data
reusing site data
Number of protein atoms:    5673
 
phobic grid file reshaped
philic grid file reshaped
donor grid file reshaped
acceptor grid file reshaped
metal grid file reshaped
surf grid file reshaped
 maximum number of atoms in a sitebox =           9


Number of site points   25  first shell   25  higher shells   55   dirscore   0.784
1 vdw  -1.335   phob  -0.601   phil  -1.889   donor  -1.689   acceptor  -0.200   metal   0.000
2               phob  -0.293   phil  -1.632   donor  -0.108   acceptor  -1.523   metal   0.000

SiteScore size   Dscore  volume  exposure enclosure contact  phobic   philic   balance  don/acc
  0.919    45    0.936   165.67    0.640    0.784    1.030    2.036    0.504    4.036    8.422

-- Done with site  1 --

== End SiteMap calculation ==

Wrote 1 sites to "md0_crop176_sph_out.maegz".

Current time: Sun Jan 22 12:09:18 2023
Elapsed time: 0:00:04.58
SiteMap successfully completed.

