--------------------------------------------------------------------------------
JobId          : X299-0-63cd2cf4
Name           : md0_crop61_coa
Program        : SiteMap
Version        : 2021-4 build 135
Host           : X299
Dir            : /mnt/3a29b482-dac1-4563-be89-d63ad92354e9/cers_modelling/md_sampling_cers_models/charmm_gui_systems/cers2_10pc_chol/sitemaps
HostEntry      : localhost
JobHost        : X299
JobDir         : /scratch/tamir/md0_crop61_coa
JobSchrodinger : /opt/schrodinger2021-4
Commandline    : /opt/schrodinger2021-4/sitemap md0_crop61_coa.in -WAIT
StartTime      : 2023-01-22-14:32:53
--------------------------------------------------------------------------------

== Begin input keywords ==
ADDPHIL  -8.0
ADDPHOB  -0.5
ADDSP  True
COMPRESS  True
CUTOFF  20.0
D2THRESH  3.1
DTHRESH  6.5
DVSCALE  2.5
ENCLOSURE  0.5
EXTEND  3
FAKE  False
FFIELD  OPLS_2005
GRID  0.7
KEEPELEC  False
KEEPVDW  False
KEEPVOLPTS  True
KMAX  3
KMAX2  5
MAPDIST  4.0
MARGIN  6.0
MAXDIST  8.0
MAXSITES  1
MAXVDW  1.1
MINGROUP  3
MODCHARGES  True
MODPHOBIC  3
NEARRES  3.5
NTHRESH  3
PROT  md0_crop61.mae
R2THRESH  4.1
REPORTSIZE  10
ROUND  False
RTHRESH  5.0
VERBOSITY  0
WRITEGRIDS  False
WRITEPOT  False
WRITESTRUCTS  True
WRITEVIS  True
XCENT  57.460999488830566
XRANGE  10.0
YCENT  45.4734992980957
YRANGE  10.0
ZCENT  72.04400062561035
ZRANGE  10.0
== End input keywords ==

== Begin single-receptor SiteMap calculation ==

-- Begin site search --
 Parameters for this calculation:
 sitecut =  0.500000000000000     
 sitescmin =   1.10000000000000     
 afactor =   1.00000000000000     
 bfactor =   1.00000000000000     
 imaxsite =           8
 ithresh =           3
 mingroup =           3
 kmax =           3
 kmax2 =           5
 r2thresh =   4.10000000000000     
 dvscale =   2.50000000000000     
 dvscnorm =   2.50000000000000     
 dvscbig =   2.50000000000000     
 border =   2.00000000000000     
 dthresh =   6.50000000000000     
 rthresh =   5.00000000000000     
 maxgroup =         100
 r2thresh =   4.10000000000000     
 nthresh =           3
 ndir =         110
 use_vdw = T
 repname = none
 repsize =          10
 maxrep =           1
 sitelis = sites.lis
 profile = none
 sitelig = none
 siteasl = none
 use_sitelig =  F
 sitebox =  -999.000000000000     
 writepdb =  F
 number of protein atoms =        5677
Starting findsites:  Sunday, January 22 2023, at 14:32:57 IST
ptypes obtained:  Sunday, January 22 2023, at 14:32:57 IST
lj parameters obtained:  Sunday, January 22 2023, at 14:32:57 IST
Basic parameters obtained:  Sunday, January 22 2023, at 14:32:57 IST
Receptor parameterization completed:  Sunday, January 22 2023, at 14:32:57 IST
 scaled value of sitecut =   55.0000000000000     
 sphere directions set up         110
Sunday, January 22 2023, at 14:32:57 IST
 FINDSITE will use user-specified box
Centroid of box:  57.461  45.473  72.044
 boundaries   52.4609994888306        62.4609994888306     
   40.4734992980957        50.4734992980957        67.0440006256104     
   77.0440006256104     
 box          10          10          10
 maximum number of atoms in a sitebox =           7
Site points found:  Sunday, January 22 2023, at 14:32:57 IST
 boxes, patoms in boxes, empty boxes =         125         250          34
 total, outside sites =        1000         198
Site points pruned:  Sunday, January 22 2023, at 14:32:57 IST
final goodsites =        28
         1 sites will be removed
        27 good sites remain
Number of site groups found =     1

  Group  index  size  score     x       y       z     stdev
    1      1     27    1.38   55.58   46.22   70.78    1.81
Sites linked and merged:  Sunday, January 22 2023, at 14:32:57 IST
 Storing receptor data

Site-finding complete.
Number of sites to map/eval:  1

-- Mapping site  1 --
jobname: md0_crop61_coa_site_1
all SiteMap grid files will be generated
 philic map specified
 phobic map specified
 donor map specified
 acceptor map specified
 metal-ligation map specified
 surface-display map specified
grid margin:     6.00
grid spacing:     0.70
non-bonded cutoff:    20.00
ligand/sitepoints file: 
protein coordinates/parameters file: 
output map/grid files will be written to the current directory
vis files will be written
protein charges will be modified to reduce formal charges and adjust donor/acceptor potentials
protein radii will be modified to allow closer approach to donor and acceptor heteroatoms
phobic areas will be modified to emphasize enclosed regions and to deemphasize exposed regions using alternative method
all input instructions read
 Getting site data
ligand xcm,ycm,zcm,xrange,yrange,zrange 55.461 45.973 71.044  4.000  3.000  4.000

 Reusing receptor data from site-finding stage.

Sitemap: electrostatic+vdw interaction energy
Map field of *enzyme* in region of *inhibitor*

computing site maps ...
grid lim (orig)  47.461  63.461  38.473  53.473  63.044  79.044
grid lim (adj)   47.411  63.511  38.273  53.673  62.994  79.094
grid point counts   24   23   24
total grid points   13248

 5677 receptor atoms read
grid: adjdip
number of grid points within emin, emax limits =    10915
 maximum grid value before cutoff =               -0.248
 minimum grid value before cutoff =   -683.319

philic and phobic grids formed
grid: surf
number of grid points within emin, emax limits =     2461
 maximum grid value before cutoff =         39337562.188
 minimum grid value before cutoff =     -2.874

grid: phil
number of grid points within emin, emax limits =     2605
 maximum grid value before cutoff =         39337512.188
 minimum grid value before cutoff =    -28.737

grid: phob
number of grid points within emin, emax limits =     1131
 maximum grid value before cutoff =         39337577.188
 minimum grid value before cutoff =     -2.074

mod_phobic: phobthresh, philthresh =  -0.250  -3.000
 maximum number of atoms in a sitebox =           7
 boxes, patoms in boxes, empty boxes =       12369        5677       10296
Average phobic potential changed from  -0.844 to  -0.538 for  344 grid points

number of phobic points =   513   average phobic score =   0.81
number of philic points =  2092   average philic score =  -6.01

number of qualifying surf grid points =      434

number of qualifying phil grid points =      559

number of qualifying phob grid points =       65

number of qualifying accptr grid points =      275

number of qualifying donor grid points =      264

number of qualifying metal grid points =        0

visgrd volume surf                                                                            
visgrd author sitemap                                                                         
visgrd property name surf                                                                            
visgrd qualifying points   2028
visgrd default map values       1       1.00      2
visgrd number of dims    3
visgrd dimensions         24        23        24
visgrd axis scales      0.700     0.700     0.700

visgrd volume hydrophil                                                                       
visgrd author sitemap                                                                         
visgrd property name phil                                                                            
visgrd qualifying points    559
visgrd default map values       1      -8.00     10
visgrd number of dims    3
visgrd dimensions         24        23        24
visgrd axis scales      0.700     0.700     0.700

visgrd volume hydrophob                                                                       
visgrd author sitemap                                                                         
visgrd property name phob                                                                            
visgrd qualifying points    171
visgrd default map values       1      -0.50     13
visgrd number of dims    3
visgrd dimensions         24        23        24
visgrd axis scales      0.700     0.700     0.700

visgrd volume hbacceptor                                                                      
visgrd author sitemap                                                                         
visgrd property name accptr                                                                          
visgrd qualifying points    275
visgrd default map values       1      -8.00     16
visgrd number of dims    3
visgrd dimensions         24        23        24
visgrd axis scales      0.700     0.700     0.700

visgrd volume hbdonor                                                                         
visgrd author sitemap                                                                         
visgrd property name donor                                                                           
visgrd qualifying points    264
visgrd default map values       1      -8.00      5
visgrd number of dims    3
visgrd dimensions         24        23        24
visgrd axis scales      0.700     0.700     0.700

-- Evaluating site  1 --
Ligand/site-points file: 
Protein coordinates/parameters file: 
extend =   3
 Verbosity flags: F F F F F
all SiteMap grid files will be read
the protein charges will be modified to reduce formal charges and adjust donor/acceptor potentials
protein radii will be modified to allow closer approach to donor and acceptor heteroatoms
phobic areas emphasize enclosed regions and deemphasize exposed regions using alternative method
site-point set will be augmented by including significant nearby points
  threshold for adding phobic points:  -0.500
  threshold for adding philic points:  -8.000
base name for SiteMap grid files: 
 Reusing grid data
reusing site data
Number of protein atoms:    5677
 
phobic grid file reshaped
philic grid file reshaped
donor grid file reshaped
acceptor grid file reshaped
metal grid file reshaped
surf grid file reshaped
 maximum number of atoms in a sitebox =           7


Number of site points   27  first shell   35  higher shells   59   dirscore   0.894
1 vdw  -1.462   phob  -0.222   phil  -5.249   donor  -1.710   acceptor  -3.540   metal   0.000
2               phob  -0.052   phil  -5.265   donor  -3.241   acceptor  -2.024   metal   0.000

SiteScore size   Dscore  volume  exposure enclosure contact  phobic   philic   balance  don/acc
  0.951    57    0.789   229.12    0.623    0.894    1.128    0.362    1.402    0.258    0.483

-- Done with site  1 --

== End SiteMap calculation ==

Wrote 1 sites to "md0_crop61_coa_out.maegz".

Current time: Sun Jan 22 14:33:00 2023
Elapsed time: 0:00:06.34
SiteMap successfully completed.

