--------------------------------------------------------------------------------
JobId          : X299-0-63cd0f10
Name           : md0_crop215_sph
Program        : SiteMap
Version        : 2021-4 build 135
Host           : X299
Dir            : /mnt/3a29b482-dac1-4563-be89-d63ad92354e9/cers_modelling/md_sampling_cers_models/charmm_gui_systems/cers2_10pc_chol/sitemaps
HostEntry      : localhost
JobHost        : X299
JobDir         : /scratch/tamir/md0_crop215_sph
JobSchrodinger : /opt/schrodinger2021-4
Commandline    : /opt/schrodinger2021-4/sitemap md0_crop215_sph.in -WAIT
StartTime      : 2023-01-22-12:25:21
--------------------------------------------------------------------------------

== Begin input keywords ==
ADDPHIL  -8.0
ADDPHOB  -0.5
ADDSP  True
COMPRESS  True
CUTOFF  20.0
D2THRESH  3.1
DTHRESH  6.5
DVSCALE  2.5
ENCLOSURE  0.5
EXTEND  3
FAKE  False
FFIELD  OPLS_2005
GRID  0.7
KEEPELEC  False
KEEPVDW  False
KEEPVOLPTS  True
KMAX  3
KMAX2  5
MAPDIST  4.0
MARGIN  6.0
MAXDIST  8.0
MAXSITES  1
MAXVDW  1.1
MINGROUP  3
MODCHARGES  True
MODPHOBIC  3
NEARRES  3.5
NTHRESH  3
PROT  md0_crop215.mae
R2THRESH  4.1
REPORTSIZE  10
ROUND  False
RTHRESH  5.0
VERBOSITY  0
WRITEGRIDS  False
WRITEPOT  False
WRITESTRUCTS  True
WRITEVIS  True
XCENT  45.878000259399414
XRANGE  10.0
YCENT  38.06800127029419
YRANGE  10.0
ZCENT  62.00200080871582
ZRANGE  10.0
== End input keywords ==

== Begin single-receptor SiteMap calculation ==

-- Begin site search --
 Parameters for this calculation:
 sitecut =  0.500000000000000     
 sitescmin =   1.10000000000000     
 afactor =   1.00000000000000     
 bfactor =   1.00000000000000     
 imaxsite =           8
 ithresh =           3
 mingroup =           3
 kmax =           3
 kmax2 =           5
 r2thresh =   4.10000000000000     
 dvscale =   2.50000000000000     
 dvscnorm =   2.50000000000000     
 dvscbig =   2.50000000000000     
 border =   2.00000000000000     
 dthresh =   6.50000000000000     
 rthresh =   5.00000000000000     
 maxgroup =         100
 r2thresh =   4.10000000000000     
 nthresh =           3
 ndir =         110
 use_vdw = T
 repname = none
 repsize =          10
 maxrep =           1
 sitelis = sites.lis
 profile = none
 sitelig = none
 siteasl = none
 use_sitelig =  F
 sitebox =  -999.000000000000     
 writepdb =  F
 number of protein atoms =        5676
Starting findsites:  Sunday, January 22 2023, at 12:25:24 IST
ptypes obtained:  Sunday, January 22 2023, at 12:25:24 IST
lj parameters obtained:  Sunday, January 22 2023, at 12:25:24 IST
Basic parameters obtained:  Sunday, January 22 2023, at 12:25:24 IST
Receptor parameterization completed:  Sunday, January 22 2023, at 12:25:24 IST
 scaled value of sitecut =   55.0000000000000     
 sphere directions set up         110
Sunday, January 22 2023, at 12:25:24 IST
 FINDSITE will use user-specified box
Centroid of box:  45.878  38.068  62.002
 boundaries   40.8780002593994        50.8780002593994     
   33.0680012702942        43.0680012702942        57.0020008087158     
   67.0020008087158     
 box          10          10          10
 maximum number of atoms in a sitebox =           7
Site points found:  Sunday, January 22 2023, at 12:25:24 IST
 boxes, patoms in boxes, empty boxes =         125         207          50
 total, outside sites =        1000         293
Site points pruned:  Sunday, January 22 2023, at 12:25:24 IST
final goodsites =        18
         2 sites will be removed
        16 good sites remain
Number of site groups found =     1

  Group  index  size  score     x       y       z     stdev
    1      1     16    1.43   47.17   38.93   62.29    2.47
Sites linked and merged:  Sunday, January 22 2023, at 12:25:24 IST
 Storing receptor data

Site-finding complete.
Number of sites to map/eval:  1

-- Mapping site  1 --
jobname: md0_crop215_sph_site_1
all SiteMap grid files will be generated
 philic map specified
 phobic map specified
 donor map specified
 acceptor map specified
 metal-ligation map specified
 surface-display map specified
grid margin:     6.00
grid spacing:     0.70
non-bonded cutoff:    20.00
ligand/sitepoints file: 
protein coordinates/parameters file: 
output map/grid files will be written to the current directory
vis files will be written
protein charges will be modified to reduce formal charges and adjust donor/acceptor potentials
protein radii will be modified to allow closer approach to donor and acceptor heteroatoms
phobic areas will be modified to emphasize enclosed regions and to deemphasize exposed regions using alternative method
all input instructions read
 Getting site data
ligand xcm,ycm,zcm,xrange,yrange,zrange 46.878 39.068 62.502  6.000  4.000  3.000

 Reusing receptor data from site-finding stage.

Sitemap: electrostatic+vdw interaction energy
Map field of *enzyme* in region of *inhibitor*

computing site maps ...
grid lim (orig)  37.878  55.878  31.068  47.068  55.002  70.002
grid lim (adj)   37.778  55.978  31.018  47.118  54.802  70.202
grid point counts   27   24   23
total grid points   14904

 5676 receptor atoms read
grid: adjdip
number of grid points within emin, emax limits =    13320
 maximum grid value before cutoff =               -0.015
 minimum grid value before cutoff =   -548.152

philic and phobic grids formed
grid: surf
number of grid points within emin, emax limits =     2664
 maximum grid value before cutoff =         33147388.847
 minimum grid value before cutoff =     -2.588

grid: phil
number of grid points within emin, emax limits =     4434
 maximum grid value before cutoff =         33147338.847
 minimum grid value before cutoff =    -24.501

grid: phob
number of grid points within emin, emax limits =     3341
 maximum grid value before cutoff =         33147403.847
 minimum grid value before cutoff =     -2.055

mod_phobic: phobthresh, philthresh =  -0.250  -3.000
 maximum number of atoms in a sitebox =           9
 boxes, patoms in boxes, empty boxes =       12369        5676       10299
Average phobic potential changed from  -0.751 to  -0.411 for 1162 grid points

number of phobic points =  2507   average phobic score =   0.50
number of philic points =  1927   average philic score =  -3.41

number of qualifying surf grid points =      510

number of qualifying phil grid points =      211

number of qualifying phob grid points =      128

number of qualifying accptr grid points =       36

number of qualifying donor grid points =      167

number of qualifying metal grid points =        0

visgrd volume surf                                                                            
visgrd author sitemap                                                                         
visgrd property name surf                                                                            
visgrd qualifying points   4129
visgrd default map values       1       1.00      2
visgrd number of dims    3
visgrd dimensions         27        24        23
visgrd axis scales      0.700     0.700     0.700

visgrd volume hydrophil                                                                       
visgrd author sitemap                                                                         
visgrd property name phil                                                                            
visgrd qualifying points    211
visgrd default map values       1      -8.00     10
visgrd number of dims    3
visgrd dimensions         27        24        23
visgrd axis scales      0.700     0.700     0.700

visgrd volume hydrophob                                                                       
visgrd author sitemap                                                                         
visgrd property name phob                                                                            
visgrd qualifying points    311
visgrd default map values       1      -0.50     13
visgrd number of dims    3
visgrd dimensions         27        24        23
visgrd axis scales      0.700     0.700     0.700

visgrd volume hbacceptor                                                                      
visgrd author sitemap                                                                         
visgrd property name accptr                                                                          
visgrd qualifying points     36
visgrd default map values       1      -8.00     16
visgrd number of dims    3
visgrd dimensions         27        24        23
visgrd axis scales      0.700     0.700     0.700

visgrd volume hbdonor                                                                         
visgrd author sitemap                                                                         
visgrd property name donor                                                                           
visgrd qualifying points    167
visgrd default map values       1      -8.00      5
visgrd number of dims    3
visgrd dimensions         27        24        23
visgrd axis scales      0.700     0.700     0.700

-- Evaluating site  1 --
Ligand/site-points file: 
Protein coordinates/parameters file: 
extend =   3
 Verbosity flags: F F F F F
all SiteMap grid files will be read
the protein charges will be modified to reduce formal charges and adjust donor/acceptor potentials
protein radii will be modified to allow closer approach to donor and acceptor heteroatoms
phobic areas emphasize enclosed regions and deemphasize exposed regions using alternative method
site-point set will be augmented by including significant nearby points
  threshold for adding phobic points:  -0.500
  threshold for adding philic points:  -8.000
base name for SiteMap grid files: 
 Reusing grid data
reusing site data
Number of protein atoms:    5676
 
phobic grid file reshaped
philic grid file reshaped
donor grid file reshaped
acceptor grid file reshaped
metal grid file reshaped
surf grid file reshaped
 maximum number of atoms in a sitebox =           9


Number of site points   16  first shell   23  higher shells   57   dirscore   0.734
1 vdw  -1.196   phob  -0.459   phil  -2.143   donor  -2.018   acceptor  -0.124   metal   0.000
2               phob  -0.230   phil  -1.852   donor  -0.088   acceptor  -1.764   metal   0.000

SiteScore size   Dscore  volume  exposure enclosure contact  phobic   philic   balance  don/acc
  0.776    29    0.760   147.15    0.734    0.734    0.923    1.600    0.572    2.796   16.224

-- Done with site  1 --

== End SiteMap calculation ==

Wrote 1 sites to "md0_crop215_sph_out.maegz".

Current time: Sun Jan 22 12:25:26 2023
Elapsed time: 0:00:04.85
SiteMap successfully completed.

