--------------------------------------------------------------------------------
JobId          : X299-0-63cd0438
Name           : md0_crop102_coa
Program        : SiteMap
Version        : 2021-4 build 135
Host           : X299
Dir            : /mnt/3a29b482-dac1-4563-be89-d63ad92354e9/cers_modelling/md_sampling_cers_models/charmm_gui_systems/cers2_10pc_chol/sitemaps
HostEntry      : localhost
JobHost        : X299
JobDir         : /scratch/tamir/md0_crop102_coa
JobSchrodinger : /opt/schrodinger2021-4
Commandline    : /opt/schrodinger2021-4/sitemap md0_crop102_coa.in -WAIT
StartTime      : 2023-01-22-11:39:05
--------------------------------------------------------------------------------

== Begin input keywords ==
ADDPHIL  -8.0
ADDPHOB  -0.5
ADDSP  True
COMPRESS  True
CUTOFF  20.0
D2THRESH  3.1
DTHRESH  6.5
DVSCALE  2.5
ENCLOSURE  0.5
EXTEND  3
FAKE  False
FFIELD  OPLS_2005
GRID  0.7
KEEPELEC  False
KEEPVDW  False
KEEPVOLPTS  True
KMAX  3
KMAX2  5
MAPDIST  4.0
MARGIN  6.0
MAXDIST  8.0
MAXSITES  1
MAXVDW  1.1
MINGROUP  3
MODCHARGES  True
MODPHOBIC  3
NEARRES  3.5
NTHRESH  3
PROT  md0_crop102.mae
R2THRESH  4.1
REPORTSIZE  10
ROUND  False
RTHRESH  5.0
VERBOSITY  0
WRITEGRIDS  False
WRITEPOT  False
WRITESTRUCTS  True
WRITEVIS  True
XCENT  57.275004386901855
XRANGE  10.0
YCENT  45.90749740600586
YRANGE  10.0
ZCENT  74.00750160217285
ZRANGE  10.0
== End input keywords ==

== Begin single-receptor SiteMap calculation ==

-- Begin site search --
 Parameters for this calculation:
 sitecut =  0.500000000000000     
 sitescmin =   1.10000000000000     
 afactor =   1.00000000000000     
 bfactor =   1.00000000000000     
 imaxsite =           8
 ithresh =           3
 mingroup =           3
 kmax =           3
 kmax2 =           5
 r2thresh =   4.10000000000000     
 dvscale =   2.50000000000000     
 dvscnorm =   2.50000000000000     
 dvscbig =   2.50000000000000     
 border =   2.00000000000000     
 dthresh =   6.50000000000000     
 rthresh =   5.00000000000000     
 maxgroup =         100
 r2thresh =   4.10000000000000     
 nthresh =           3
 ndir =         110
 use_vdw = T
 repname = none
 repsize =          10
 maxrep =           1
 sitelis = sites.lis
 profile = none
 sitelig = none
 siteasl = none
 use_sitelig =  F
 sitebox =  -999.000000000000     
 writepdb =  F
 number of protein atoms =        5675
Starting findsites:  Sunday, January 22 2023, at 11:39:08 IST
ptypes obtained:  Sunday, January 22 2023, at 11:39:08 IST
lj parameters obtained:  Sunday, January 22 2023, at 11:39:08 IST
Basic parameters obtained:  Sunday, January 22 2023, at 11:39:08 IST
Receptor parameterization completed:  Sunday, January 22 2023, at 11:39:08 IST
 scaled value of sitecut =   55.0000000000000     
 sphere directions set up         110
Sunday, January 22 2023, at 11:39:08 IST
 FINDSITE will use user-specified box
Centroid of box:  57.275  45.907  74.008
 boundaries   52.2750043869019        62.2750043869019     
   40.9074974060059        50.9074974060059        69.0075016021729     
   79.0075016021729     
 box          10          10          10
 maximum number of atoms in a sitebox =           6
Site points found:  Sunday, January 22 2023, at 11:39:08 IST
 boxes, patoms in boxes, empty boxes =         125         237          34
 total, outside sites =        1000         190
Site points pruned:  Sunday, January 22 2023, at 11:39:08 IST
final goodsites =        32
         6 sites will be removed
        26 good sites remain
Number of site groups found =     2

  Group  index  size  score     x       y       z     stdev
    1      1     14    1.24   58.25   48.06   71.47    1.66
    2      2     12    1.27   54.57   48.83   75.21    1.39

Inter-group relationships
     g1     g2     n1     n2    dmin    davg   spread  ratio     x1      y1      z1      x2      y2      z2
      1      2     14     12    2.45    5.31    3.05    1.74   58.25   48.06   71.47   54.57   48.83   75.21
 groups           1           2  will be considered for merger
site groups connected   55.28   46.91   73.01   3    3.00   4   3   3
                        54.28   47.91   74.01
 successful merge of groups           1           2
Number of site groups found =     1

  Group  index  size  score     x       y       z     stdev
    1      1     26    1.25   56.53   48.42   73.22    3.06
Sites linked and merged:  Sunday, January 22 2023, at 11:39:08 IST
 Storing receptor data

Site-finding complete.
Number of sites to map/eval:  1

-- Mapping site  1 --
jobname: md0_crop102_coa_site_1
all SiteMap grid files will be generated
 philic map specified
 phobic map specified
 donor map specified
 acceptor map specified
 metal-ligation map specified
 surface-display map specified
grid margin:     6.00
grid spacing:     0.70
non-bonded cutoff:    20.00
ligand/sitepoints file: 
protein coordinates/parameters file: 
output map/grid files will be written to the current directory
vis files will be written
protein charges will be modified to reduce formal charges and adjust donor/acceptor potentials
protein radii will be modified to allow closer approach to donor and acceptor heteroatoms
phobic areas will be modified to emphasize enclosed regions and to deemphasize exposed regions using alternative method
all input instructions read
 Getting site data
ligand xcm,ycm,zcm,xrange,yrange,zrange 56.775 47.907 73.508  7.000  2.000  7.000

 Reusing receptor data from site-finding stage.

Sitemap: electrostatic+vdw interaction energy
Map field of *enzyme* in region of *inhibitor*

computing site maps ...
grid lim (orig)  47.275  66.275  40.907  54.907  64.008  83.008
grid lim (adj)   46.975  66.575  40.557  55.257  63.708  83.308
grid point counts   29   22   29
total grid points   18502

 5675 receptor atoms read
grid: adjdip
number of grid points within emin, emax limits =    15507
 maximum grid value before cutoff =               -0.167
 minimum grid value before cutoff =   -714.644

philic and phobic grids formed
grid: surf
number of grid points within emin, emax limits =     3223
 maximum grid value before cutoff =         50813003.350
 minimum grid value before cutoff =     -2.860

grid: phil
number of grid points within emin, emax limits =     3712
 maximum grid value before cutoff =         50812953.350
 minimum grid value before cutoff =    -24.063

grid: phob
number of grid points within emin, emax limits =     2037
 maximum grid value before cutoff =         50813018.350
 minimum grid value before cutoff =     -2.009

mod_phobic: phobthresh, philthresh =  -0.250  -3.000
 maximum number of atoms in a sitebox =           8
 boxes, patoms in boxes, empty boxes =       11067        5675        8985
Average phobic potential changed from  -0.787 to  -0.468 for  765 grid points

number of phobic points =  1027   average phobic score =   0.70
number of philic points =  2685   average philic score =  -5.04

number of qualifying surf grid points =      544

number of qualifying phil grid points =      521

number of qualifying phob grid points =      110

number of qualifying accptr grid points =      231

number of qualifying donor grid points =      273

number of qualifying metal grid points =        0

visgrd volume surf                                                                            
visgrd author sitemap                                                                         
visgrd property name surf                                                                            
visgrd qualifying points   3057
visgrd default map values       1       1.00      2
visgrd number of dims    3
visgrd dimensions         29        22        29
visgrd axis scales      0.700     0.700     0.700

visgrd volume hydrophil                                                                       
visgrd author sitemap                                                                         
visgrd property name phil                                                                            
visgrd qualifying points    521
visgrd default map values       1      -8.00     10
visgrd number of dims    3
visgrd dimensions         29        22        29
visgrd axis scales      0.700     0.700     0.700

visgrd volume hydrophob                                                                       
visgrd author sitemap                                                                         
visgrd property name phob                                                                            
visgrd qualifying points    269
visgrd default map values       1      -0.50     13
visgrd number of dims    3
visgrd dimensions         29        22        29
visgrd axis scales      0.700     0.700     0.700

visgrd volume hbacceptor                                                                      
visgrd author sitemap                                                                         
visgrd property name accptr                                                                          
visgrd qualifying points    231
visgrd default map values       1      -8.00     16
visgrd number of dims    3
visgrd dimensions         29        22        29
visgrd axis scales      0.700     0.700     0.700

visgrd volume hbdonor                                                                         
visgrd author sitemap                                                                         
visgrd property name donor                                                                           
visgrd qualifying points    273
visgrd default map values       1      -8.00      5
visgrd number of dims    3
visgrd dimensions         29        22        29
visgrd axis scales      0.700     0.700     0.700

-- Evaluating site  1 --
Ligand/site-points file: 
Protein coordinates/parameters file: 
extend =   3
 Verbosity flags: F F F F F
all SiteMap grid files will be read
the protein charges will be modified to reduce formal charges and adjust donor/acceptor potentials
protein radii will be modified to allow closer approach to donor and acceptor heteroatoms
phobic areas emphasize enclosed regions and deemphasize exposed regions using alternative method
site-point set will be augmented by including significant nearby points
  threshold for adding phobic points:  -0.500
  threshold for adding philic points:  -8.000
base name for SiteMap grid files: 
 Reusing grid data
reusing site data
Number of protein atoms:    5675
 
phobic grid file reshaped
philic grid file reshaped
donor grid file reshaped
acceptor grid file reshaped
metal grid file reshaped
surf grid file reshaped
 maximum number of atoms in a sitebox =           8


Number of site points   26  first shell   56  higher shells   78   dirscore   0.872
1 vdw  -1.378   phob  -0.247   phil  -4.627   donor  -1.660   acceptor  -2.967   metal   0.000
2               phob  -0.101   phil  -4.519   donor  -2.828   acceptor  -1.691   metal   0.000

SiteScore size   Dscore  volume  exposure enclosure contact  phobic   philic   balance  don/acc
  0.951    60    0.849   285.72    0.691    0.872    1.064    0.702    1.235    0.569    0.559

-- Done with site  1 --

== End SiteMap calculation ==

Wrote 1 sites to "md0_crop102_coa_out.maegz".

Current time: Sun Jan 22 11:39:11 2023
Elapsed time: 0:00:05.16
SiteMap successfully completed.

