--------------------------------------------------------------------------------
JobId          : X299-0-63cd2bca
Name           : md0_crop54_sph
Program        : SiteMap
Version        : 2021-4 build 135
Host           : X299
Dir            : /mnt/3a29b482-dac1-4563-be89-d63ad92354e9/cers_modelling/md_sampling_cers_models/charmm_gui_systems/cers2_10pc_chol/sitemaps
HostEntry      : localhost
JobHost        : X299
JobDir         : /scratch/tamir/md0_crop54_sph
JobSchrodinger : /opt/schrodinger2021-4
Commandline    : /opt/schrodinger2021-4/sitemap md0_crop54_sph.in -WAIT
StartTime      : 2023-01-22-14:27:54
--------------------------------------------------------------------------------

== Begin input keywords ==
ADDPHIL  -8.0
ADDPHOB  -0.5
ADDSP  True
COMPRESS  True
CUTOFF  20.0
D2THRESH  3.1
DTHRESH  6.5
DVSCALE  2.5
ENCLOSURE  0.5
EXTEND  3
FAKE  False
FFIELD  OPLS_2005
GRID  0.7
KEEPELEC  False
KEEPVDW  False
KEEPVOLPTS  True
KMAX  3
KMAX2  5
MAPDIST  4.0
MARGIN  6.0
MAXDIST  8.0
MAXSITES  1
MAXVDW  1.1
MINGROUP  3
MODCHARGES  True
MODPHOBIC  3
NEARRES  3.5
NTHRESH  3
PROT  md0_crop54.mae
R2THRESH  4.1
REPORTSIZE  10
ROUND  False
RTHRESH  5.0
VERBOSITY  0
WRITEGRIDS  False
WRITEPOT  False
WRITESTRUCTS  True
WRITEVIS  True
XCENT  47.932000160217285
XRANGE  10.0
YCENT  39.762001037597656
YRANGE  10.0
ZCENT  61.60900115966797
ZRANGE  10.0
== End input keywords ==

== Begin single-receptor SiteMap calculation ==

-- Begin site search --
 Parameters for this calculation:
 sitecut =  0.500000000000000     
 sitescmin =   1.10000000000000     
 afactor =   1.00000000000000     
 bfactor =   1.00000000000000     
 imaxsite =           8
 ithresh =           3
 mingroup =           3
 kmax =           3
 kmax2 =           5
 r2thresh =   4.10000000000000     
 dvscale =   2.50000000000000     
 dvscnorm =   2.50000000000000     
 dvscbig =   2.50000000000000     
 border =   2.00000000000000     
 dthresh =   6.50000000000000     
 rthresh =   5.00000000000000     
 maxgroup =         100
 r2thresh =   4.10000000000000     
 nthresh =           3
 ndir =         110
 use_vdw = T
 repname = none
 repsize =          10
 maxrep =           1
 sitelis = sites.lis
 profile = none
 sitelig = none
 siteasl = none
 use_sitelig =  F
 sitebox =  -999.000000000000     
 writepdb =  F
 number of protein atoms =        5675
Starting findsites:  Sunday, January 22 2023, at 14:27:59 IST
ptypes obtained:  Sunday, January 22 2023, at 14:27:59 IST
lj parameters obtained:  Sunday, January 22 2023, at 14:27:59 IST
Basic parameters obtained:  Sunday, January 22 2023, at 14:27:59 IST
Receptor parameterization completed:  Sunday, January 22 2023, at 14:27:59 IST
 scaled value of sitecut =   55.0000000000000     
 sphere directions set up         110
Sunday, January 22 2023, at 14:27:59 IST
 FINDSITE will use user-specified box
Centroid of box:  47.932  39.762  61.609
 boundaries   42.9320001602173        52.9320001602173     
   34.7620010375977        44.7620010375977        56.6090011596680     
   66.6090011596680     
 box          10          10          10
 maximum number of atoms in a sitebox =           6
Site points found:  Sunday, January 22 2023, at 14:27:59 IST
 boxes, patoms in boxes, empty boxes =         125         207          49
 total, outside sites =        1000         292
Site points pruned:  Sunday, January 22 2023, at 14:27:59 IST
final goodsites =        18
         4 sites will be removed
        14 good sites remain
Number of site groups found =     1

  Group  index  size  score     x       y       z     stdev
    1      1     14    1.42   48.37   39.92   62.33    2.67
Sites linked and merged:  Sunday, January 22 2023, at 14:27:59 IST
 Storing receptor data

Site-finding complete.
Number of sites to map/eval:  1

-- Mapping site  1 --
jobname: md0_crop54_sph_site_1
all SiteMap grid files will be generated
 philic map specified
 phobic map specified
 donor map specified
 acceptor map specified
 metal-ligation map specified
 surface-display map specified
grid margin:     6.00
grid spacing:     0.70
non-bonded cutoff:    20.00
ligand/sitepoints file: 
protein coordinates/parameters file: 
output map/grid files will be written to the current directory
vis files will be written
protein charges will be modified to reduce formal charges and adjust donor/acceptor potentials
protein radii will be modified to allow closer approach to donor and acceptor heteroatoms
phobic areas will be modified to emphasize enclosed regions and to deemphasize exposed regions using alternative method
all input instructions read
 Getting site data
ligand xcm,ycm,zcm,xrange,yrange,zrange 48.432 40.762 62.109  5.000  4.000  5.000

 Reusing receptor data from site-finding stage.

Sitemap: electrostatic+vdw interaction energy
Map field of *enzyme* in region of *inhibitor*

computing site maps ...
grid lim (orig)  39.932  56.932  32.762  48.762  53.609  70.609
grid lim (adj)   39.682  57.182  32.712  48.812  53.359  70.859
grid point counts   26   24   26
total grid points   16224

 5675 receptor atoms read
grid: adjdip
number of grid points within emin, emax limits =    14409
 maximum grid value before cutoff =               -0.017
 minimum grid value before cutoff =   -575.516

philic and phobic grids formed
grid: surf
number of grid points within emin, emax limits =     2757
 maximum grid value before cutoff =         59286428.702
 minimum grid value before cutoff =     -2.784

grid: phil
number of grid points within emin, emax limits =     4653
 maximum grid value before cutoff =         59286381.399
 minimum grid value before cutoff =    -23.244

grid: phob
number of grid points within emin, emax limits =     3713
 maximum grid value before cutoff =         59286442.893
 minimum grid value before cutoff =     -2.042

mod_phobic: phobthresh, philthresh =  -0.250  -3.000
 maximum number of atoms in a sitebox =           9
 boxes, patoms in boxes, empty boxes =       12369        5675       10253
Average phobic potential changed from  -0.774 to  -0.429 for 1314 grid points

number of phobic points =  2906   average phobic score =   0.50
number of philic points =  1747   average philic score =  -3.32

number of qualifying surf grid points =      517

number of qualifying phil grid points =      183

number of qualifying phob grid points =      132

number of qualifying accptr grid points =       47

number of qualifying donor grid points =      116

number of qualifying metal grid points =        0

visgrd volume surf                                                                            
visgrd author sitemap                                                                         
visgrd property name surf                                                                            
visgrd qualifying points   4333
visgrd default map values       1       1.00      2
visgrd number of dims    3
visgrd dimensions         26        24        26
visgrd axis scales      0.700     0.700     0.700

visgrd volume hydrophil                                                                       
visgrd author sitemap                                                                         
visgrd property name phil                                                                            
visgrd qualifying points    183
visgrd default map values       1      -8.00     10
visgrd number of dims    3
visgrd dimensions         26        24        26
visgrd axis scales      0.700     0.700     0.700

visgrd volume hydrophob                                                                       
visgrd author sitemap                                                                         
visgrd property name phob                                                                            
visgrd qualifying points    435
visgrd default map values       1      -0.50     13
visgrd number of dims    3
visgrd dimensions         26        24        26
visgrd axis scales      0.700     0.700     0.700

visgrd volume hbacceptor                                                                      
visgrd author sitemap                                                                         
visgrd property name accptr                                                                          
visgrd qualifying points     47
visgrd default map values       1      -8.00     16
visgrd number of dims    3
visgrd dimensions         26        24        26
visgrd axis scales      0.700     0.700     0.700

visgrd volume hbdonor                                                                         
visgrd author sitemap                                                                         
visgrd property name donor                                                                           
visgrd qualifying points    116
visgrd default map values       1      -8.00      5
visgrd number of dims    3
visgrd dimensions         26        24        26
visgrd axis scales      0.700     0.700     0.700

-- Evaluating site  1 --
Ligand/site-points file: 
Protein coordinates/parameters file: 
extend =   3
 Verbosity flags: F F F F F
all SiteMap grid files will be read
the protein charges will be modified to reduce formal charges and adjust donor/acceptor potentials
protein radii will be modified to allow closer approach to donor and acceptor heteroatoms
phobic areas emphasize enclosed regions and deemphasize exposed regions using alternative method
site-point set will be augmented by including significant nearby points
  threshold for adding phobic points:  -0.500
  threshold for adding philic points:  -8.000
base name for SiteMap grid files: 
 Reusing grid data
reusing site data
Number of protein atoms:    5675
 
phobic grid file reshaped
philic grid file reshaped
donor grid file reshaped
acceptor grid file reshaped
metal grid file reshaped
surf grid file reshaped
 maximum number of atoms in a sitebox =           9


Number of site points   14  first shell   35  higher shells   65   dirscore   0.761
1 vdw  -1.257   phob  -0.739   phil  -0.820   donor  -0.770   acceptor  -0.050   metal   0.000
2               phob  -0.406   phil  -0.563   donor  -0.015   acceptor  -0.548   metal   0.000

SiteScore size   Dscore  volume  exposure enclosure contact  phobic   philic   balance  don/acc
  0.964    46    1.023   188.99    0.685    0.761    0.970    2.819    0.219   12.869   15.292

-- Done with site  1 --

== End SiteMap calculation ==

Wrote 1 sites to "md0_crop54_sph_out.maegz".

Current time: Sun Jan 22 14:28:02 2023
Elapsed time: 0:00:06.04
SiteMap successfully completed.

