--------------------------------------------------------------------------------
JobId          : X299-0-63cd1c4a
Name           : md0_crop356_sph
Program        : SiteMap
Version        : 2021-4 build 135
Host           : X299
Dir            : /mnt/3a29b482-dac1-4563-be89-d63ad92354e9/cers_modelling/md_sampling_cers_models/charmm_gui_systems/cers2_10pc_chol/sitemaps
HostEntry      : localhost
JobHost        : X299
JobDir         : /scratch/tamir/md0_crop356_sph
JobSchrodinger : /opt/schrodinger2021-4
Commandline    : /opt/schrodinger2021-4/sitemap md0_crop356_sph.in -WAIT
StartTime      : 2023-01-22-13:21:46
--------------------------------------------------------------------------------

== Begin input keywords ==
ADDPHIL  -8.0
ADDPHOB  -0.5
ADDSP  True
COMPRESS  True
CUTOFF  20.0
D2THRESH  3.1
DTHRESH  6.5
DVSCALE  2.5
ENCLOSURE  0.5
EXTEND  3
FAKE  False
FFIELD  OPLS_2005
GRID  0.7
KEEPELEC  False
KEEPVDW  False
KEEPVOLPTS  True
KMAX  3
KMAX2  5
MAPDIST  4.0
MARGIN  6.0
MAXDIST  8.0
MAXSITES  1
MAXVDW  1.1
MINGROUP  3
MODCHARGES  True
MODPHOBIC  3
NEARRES  3.5
NTHRESH  3
PROT  md0_crop356.mae
R2THRESH  4.1
REPORTSIZE  10
ROUND  False
RTHRESH  5.0
VERBOSITY  0
WRITEGRIDS  False
WRITEPOT  False
WRITESTRUCTS  True
WRITEVIS  True
XCENT  43.32499980926514
XRANGE  10.0
YCENT  40.21500110626221
YRANGE  10.0
ZCENT  67.51299858093262
ZRANGE  10.0
== End input keywords ==

== Begin single-receptor SiteMap calculation ==

-- Begin site search --
 Parameters for this calculation:
 sitecut =  0.500000000000000     
 sitescmin =   1.10000000000000     
 afactor =   1.00000000000000     
 bfactor =   1.00000000000000     
 imaxsite =           8
 ithresh =           3
 mingroup =           3
 kmax =           3
 kmax2 =           5
 r2thresh =   4.10000000000000     
 dvscale =   2.50000000000000     
 dvscnorm =   2.50000000000000     
 dvscbig =   2.50000000000000     
 border =   2.00000000000000     
 dthresh =   6.50000000000000     
 rthresh =   5.00000000000000     
 maxgroup =         100
 r2thresh =   4.10000000000000     
 nthresh =           3
 ndir =         110
 use_vdw = T
 repname = none
 repsize =          10
 maxrep =           1
 sitelis = sites.lis
 profile = none
 sitelig = none
 siteasl = none
 use_sitelig =  F
 sitebox =  -999.000000000000     
 writepdb =  F
 number of protein atoms =        5676
Starting findsites:  Sunday, January 22 2023, at 13:21:50 IST
ptypes obtained:  Sunday, January 22 2023, at 13:21:50 IST
lj parameters obtained:  Sunday, January 22 2023, at 13:21:50 IST
Basic parameters obtained:  Sunday, January 22 2023, at 13:21:50 IST
Receptor parameterization completed:  Sunday, January 22 2023, at 13:21:50 IST
 scaled value of sitecut =   55.0000000000000     
 sphere directions set up         110
Sunday, January 22 2023, at 13:21:50 IST
 FINDSITE will use user-specified box
Centroid of box:  43.325  40.215  67.513
 boundaries   38.3249998092651        48.3249998092651     
   35.2150011062622        45.2150011062622        62.5129985809326     
   72.5129985809326     
 box          10          10          10
 maximum number of atoms in a sitebox =           6
Site points found:  Sunday, January 22 2023, at 13:21:50 IST
 boxes, patoms in boxes, empty boxes =         125         206          46
 total, outside sites =        1000         232
Site points pruned:  Sunday, January 22 2023, at 13:21:50 IST
final goodsites =        30
         3 sites will be removed
        27 good sites remain
Number of site groups found =     1

  Group  index  size  score     x       y       z     stdev
    1      1     27    1.38   43.98   39.32   65.43    2.31
Sites linked and merged:  Sunday, January 22 2023, at 13:21:50 IST
 Storing receptor data

Site-finding complete.
Number of sites to map/eval:  1

-- Mapping site  1 --
jobname: md0_crop356_sph_site_1
all SiteMap grid files will be generated
 philic map specified
 phobic map specified
 donor map specified
 acceptor map specified
 metal-ligation map specified
 surface-display map specified
grid margin:     6.00
grid spacing:     0.70
non-bonded cutoff:    20.00
ligand/sitepoints file: 
protein coordinates/parameters file: 
output map/grid files will be written to the current directory
vis files will be written
protein charges will be modified to reduce formal charges and adjust donor/acceptor potentials
protein radii will be modified to allow closer approach to donor and acceptor heteroatoms
phobic areas will be modified to emphasize enclosed regions and to deemphasize exposed regions using alternative method
all input instructions read
 Getting site data
ligand xcm,ycm,zcm,xrange,yrange,zrange 43.825 39.215 66.513  5.000  4.000  6.000

 Reusing receptor data from site-finding stage.

Sitemap: electrostatic+vdw interaction energy
Map field of *enzyme* in region of *inhibitor*

computing site maps ...
grid lim (orig)  35.325  52.325  31.215  47.215  57.513  75.513
grid lim (adj)   35.075  52.575  31.165  47.265  57.413  75.613
grid point counts   26   24   27
total grid points   16848

 5676 receptor atoms read
grid: adjdip
number of grid points within emin, emax limits =    15228
 maximum grid value before cutoff =               -0.006
 minimum grid value before cutoff =   -553.141

philic and phobic grids formed
grid: surf
number of grid points within emin, emax limits =     3040
 maximum grid value before cutoff =         29499610.249
 minimum grid value before cutoff =     -2.460

grid: phil
number of grid points within emin, emax limits =     5394
 maximum grid value before cutoff =         29499560.249
 minimum grid value before cutoff =    -23.292

grid: phob
number of grid points within emin, emax limits =     4066
 maximum grid value before cutoff =         29499625.249
 minimum grid value before cutoff =     -2.063

mod_phobic: phobthresh, philthresh =  -0.250  -3.000
 maximum number of atoms in a sitebox =           9
 boxes, patoms in boxes, empty boxes =       10469        5676        8376
Average phobic potential changed from  -0.779 to  -0.417 for 1228 grid points

number of phobic points =  2995   average phobic score =   0.47
number of philic points =  2399   average philic score =  -3.12

number of qualifying surf grid points =      585

number of qualifying phil grid points =      233

number of qualifying phob grid points =      131

number of qualifying accptr grid points =       36

number of qualifying donor grid points =      175

number of qualifying metal grid points =        0

visgrd volume surf                                                                            
visgrd author sitemap                                                                         
visgrd property name surf                                                                            
visgrd qualifying points   5046
visgrd default map values       1       1.00      2
visgrd number of dims    3
visgrd dimensions         26        24        27
visgrd axis scales      0.700     0.700     0.700

visgrd volume hydrophil                                                                       
visgrd author sitemap                                                                         
visgrd property name phil                                                                            
visgrd qualifying points    233
visgrd default map values       1      -8.00     10
visgrd number of dims    3
visgrd dimensions         26        24        27
visgrd axis scales      0.700     0.700     0.700

visgrd volume hydrophob                                                                       
visgrd author sitemap                                                                         
visgrd property name phob                                                                            
visgrd qualifying points    361
visgrd default map values       1      -0.50     13
visgrd number of dims    3
visgrd dimensions         26        24        27
visgrd axis scales      0.700     0.700     0.700

visgrd volume hbacceptor                                                                      
visgrd author sitemap                                                                         
visgrd property name accptr                                                                          
visgrd qualifying points     36
visgrd default map values       1      -8.00     16
visgrd number of dims    3
visgrd dimensions         26        24        27
visgrd axis scales      0.700     0.700     0.700

visgrd volume hbdonor                                                                         
visgrd author sitemap                                                                         
visgrd property name donor                                                                           
visgrd qualifying points    175
visgrd default map values       1      -8.00      5
visgrd number of dims    3
visgrd dimensions         26        24        27
visgrd axis scales      0.700     0.700     0.700

-- Evaluating site  1 --
Ligand/site-points file: 
Protein coordinates/parameters file: 
extend =   3
 Verbosity flags: F F F F F
all SiteMap grid files will be read
the protein charges will be modified to reduce formal charges and adjust donor/acceptor potentials
protein radii will be modified to allow closer approach to donor and acceptor heteroatoms
phobic areas emphasize enclosed regions and deemphasize exposed regions using alternative method
site-point set will be augmented by including significant nearby points
  threshold for adding phobic points:  -0.500
  threshold for adding philic points:  -8.000
base name for SiteMap grid files: 
 Reusing grid data
reusing site data
Number of protein atoms:    5676
 
phobic grid file reshaped
philic grid file reshaped
donor grid file reshaped
acceptor grid file reshaped
metal grid file reshaped
surf grid file reshaped
 maximum number of atoms in a sitebox =           9


Number of site points   27  first shell   26  higher shells   71   dirscore   0.787
1 vdw  -1.329   phob  -0.481   phil  -2.369   donor  -2.090   acceptor  -0.279   metal   0.000
2               phob  -0.227   phil  -2.150   donor  -0.089   acceptor  -2.060   metal   0.000

SiteScore size   Dscore  volume  exposure enclosure contact  phobic   philic   balance  don/acc
  0.874    41    0.868   174.24    0.703    0.787    1.026    1.580    0.632    2.498    7.493

-- Done with site  1 --

== End SiteMap calculation ==

Wrote 1 sites to "md0_crop356_sph_out.maegz".

Current time: Sun Jan 22 13:21:52 2023
Elapsed time: 0:00:04.82
SiteMap successfully completed.

