--------------------------------------------------------------------------------
JobId          : X299-0-63cd2fe9
Name           : md0_crop81_coa
Program        : SiteMap
Version        : 2021-4 build 135
Host           : X299
Dir            : /mnt/3a29b482-dac1-4563-be89-d63ad92354e9/cers_modelling/md_sampling_cers_models/charmm_gui_systems/cers2_10pc_chol/sitemaps
HostEntry      : localhost
JobHost        : X299
JobDir         : /scratch/tamir/md0_crop81_coa
JobSchrodinger : /opt/schrodinger2021-4
Commandline    : /opt/schrodinger2021-4/sitemap md0_crop81_coa.in -WAIT
StartTime      : 2023-01-22-14:45:29
--------------------------------------------------------------------------------

== Begin input keywords ==
ADDPHIL  -8.0
ADDPHOB  -0.5
ADDSP  True
COMPRESS  True
CUTOFF  20.0
D2THRESH  3.1
DTHRESH  6.5
DVSCALE  2.5
ENCLOSURE  0.5
EXTEND  3
FAKE  False
FFIELD  OPLS_2005
GRID  0.7
KEEPELEC  False
KEEPVDW  False
KEEPVOLPTS  True
KMAX  3
KMAX2  5
MAPDIST  4.0
MARGIN  6.0
MAXDIST  8.0
MAXSITES  1
MAXVDW  1.1
MINGROUP  3
MODCHARGES  True
MODPHOBIC  3
NEARRES  3.5
NTHRESH  3
PROT  md0_crop81.mae
R2THRESH  4.1
REPORTSIZE  10
ROUND  False
RTHRESH  5.0
VERBOSITY  0
WRITEGRIDS  False
WRITEPOT  False
WRITESTRUCTS  True
WRITEVIS  True
XCENT  57.59399890899658
XRANGE  10.0
YCENT  47.151498794555664
YRANGE  10.0
ZCENT  73.11949729919434
ZRANGE  10.0
== End input keywords ==

== Begin single-receptor SiteMap calculation ==

-- Begin site search --
 Parameters for this calculation:
 sitecut =  0.500000000000000     
 sitescmin =   1.10000000000000     
 afactor =   1.00000000000000     
 bfactor =   1.00000000000000     
 imaxsite =           8
 ithresh =           3
 mingroup =           3
 kmax =           3
 kmax2 =           5
 r2thresh =   4.10000000000000     
 dvscale =   2.50000000000000     
 dvscnorm =   2.50000000000000     
 dvscbig =   2.50000000000000     
 border =   2.00000000000000     
 dthresh =   6.50000000000000     
 rthresh =   5.00000000000000     
 maxgroup =         100
 r2thresh =   4.10000000000000     
 nthresh =           3
 ndir =         110
 use_vdw = T
 repname = none
 repsize =          10
 maxrep =           1
 sitelis = sites.lis
 profile = none
 sitelig = none
 siteasl = none
 use_sitelig =  F
 sitebox =  -999.000000000000     
 writepdb =  F
 number of protein atoms =        5677
Starting findsites:  Sunday, January 22 2023, at 14:45:32 IST
ptypes obtained:  Sunday, January 22 2023, at 14:45:33 IST
lj parameters obtained:  Sunday, January 22 2023, at 14:45:33 IST
Basic parameters obtained:  Sunday, January 22 2023, at 14:45:33 IST
Receptor parameterization completed:  Sunday, January 22 2023, at 14:45:33 IST
 scaled value of sitecut =   55.0000000000000     
 sphere directions set up         110
Sunday, January 22 2023, at 14:45:33 IST
 FINDSITE will use user-specified box
Centroid of box:  57.594  47.151  73.119
 boundaries   52.5939989089966        62.5939989089966     
   42.1514987945557        52.1514987945557        68.1194972991943     
   78.1194972991943     
 box          10          10          10
 maximum number of atoms in a sitebox =           6
Site points found:  Sunday, January 22 2023, at 14:45:33 IST
 boxes, patoms in boxes, empty boxes =         125         234          36
 total, outside sites =        1000         195
Site points pruned:  Sunday, January 22 2023, at 14:45:33 IST
final goodsites =        20
         6 sites will be removed
        14 good sites remain
Number of site groups found =     2

  Group  index  size  score     x       y       z     stdev
    1      1     11    1.34   55.55   47.43   71.19    1.23
    2      2      3    1.28   59.24   49.45   70.42    0.80

Inter-group relationships
     g1     g2     n1     n2    dmin    davg   spread  ratio     x1      y1      z1      x2      y2      z2
Sites linked and merged:  Sunday, January 22 2023, at 14:45:33 IST
 Storing receptor data

Site-finding complete.
Number of sites to map/eval:  1

-- Mapping site  1 --
jobname: md0_crop81_coa_site_1
all SiteMap grid files will be generated
 philic map specified
 phobic map specified
 donor map specified
 acceptor map specified
 metal-ligation map specified
 surface-display map specified
grid margin:     6.00
grid spacing:     0.70
non-bonded cutoff:    20.00
ligand/sitepoints file: 
protein coordinates/parameters file: 
output map/grid files will be written to the current directory
vis files will be written
protein charges will be modified to reduce formal charges and adjust donor/acceptor potentials
protein radii will be modified to allow closer approach to donor and acceptor heteroatoms
phobic areas will be modified to emphasize enclosed regions and to deemphasize exposed regions using alternative method
all input instructions read
 Getting site data
ligand xcm,ycm,zcm,xrange,yrange,zrange 55.594 47.151 71.119  2.000  2.000  2.000

 Reusing receptor data from site-finding stage.

Sitemap: electrostatic+vdw interaction energy
Map field of *enzyme* in region of *inhibitor*

computing site maps ...
grid lim (orig)  48.594  62.594  40.151  54.151  64.119  78.119
grid lim (adj)   48.244  62.944  39.801  54.501  63.769  78.469
grid point counts   22   22   22
total grid points   10648

 5677 receptor atoms read
grid: adjdip
number of grid points within emin, emax limits =     8717
 maximum grid value before cutoff =               -0.066
 minimum grid value before cutoff =   -697.398

philic and phobic grids formed
grid: surf
number of grid points within emin, emax limits =     2020
 maximum grid value before cutoff =         50016086.888
 minimum grid value before cutoff =     -3.029

grid: phil
number of grid points within emin, emax limits =     1959
 maximum grid value before cutoff =         50016036.888
 minimum grid value before cutoff =    -29.075

grid: phob
number of grid points within emin, emax limits =      932
 maximum grid value before cutoff =         50016101.888
 minimum grid value before cutoff =     -2.240

mod_phobic: phobthresh, philthresh =  -0.250  -3.000
 maximum number of atoms in a sitebox =           8
 boxes, patoms in boxes, empty boxes =       11067        5677        8960
Average phobic potential changed from  -0.800 to  -0.500 for  394 grid points

number of phobic points =   610   average phobic score =   0.78
number of philic points =  1349   average philic score =  -6.51

number of qualifying surf grid points =      314

number of qualifying phil grid points =      422

number of qualifying phob grid points =       61

number of qualifying accptr grid points =      207

number of qualifying donor grid points =      197

number of qualifying metal grid points =        0

visgrd volume surf                                                                            
visgrd author sitemap                                                                         
visgrd property name surf                                                                            
visgrd qualifying points   1493
visgrd default map values       1       1.00      2
visgrd number of dims    3
visgrd dimensions         22        22        22
visgrd axis scales      0.700     0.700     0.700

visgrd volume hydrophil                                                                       
visgrd author sitemap                                                                         
visgrd property name phil                                                                            
visgrd qualifying points    422
visgrd default map values       1      -8.00     10
visgrd number of dims    3
visgrd dimensions         22        22        22
visgrd axis scales      0.700     0.700     0.700

visgrd volume hydrophob                                                                       
visgrd author sitemap                                                                         
visgrd property name phob                                                                            
visgrd qualifying points    178
visgrd default map values       1      -0.50     13
visgrd number of dims    3
visgrd dimensions         22        22        22
visgrd axis scales      0.700     0.700     0.700

visgrd volume hbacceptor                                                                      
visgrd author sitemap                                                                         
visgrd property name accptr                                                                          
visgrd qualifying points    207
visgrd default map values       1      -8.00     16
visgrd number of dims    3
visgrd dimensions         22        22        22
visgrd axis scales      0.700     0.700     0.700

visgrd volume hbdonor                                                                         
visgrd author sitemap                                                                         
visgrd property name donor                                                                           
visgrd qualifying points    197
visgrd default map values       1      -8.00      5
visgrd number of dims    3
visgrd dimensions         22        22        22
visgrd axis scales      0.700     0.700     0.700

-- Evaluating site  1 --
Ligand/site-points file: 
Protein coordinates/parameters file: 
extend =   3
 Verbosity flags: F F F F F
all SiteMap grid files will be read
the protein charges will be modified to reduce formal charges and adjust donor/acceptor potentials
protein radii will be modified to allow closer approach to donor and acceptor heteroatoms
phobic areas emphasize enclosed regions and deemphasize exposed regions using alternative method
site-point set will be augmented by including significant nearby points
  threshold for adding phobic points:  -0.500
  threshold for adding philic points:  -8.000
base name for SiteMap grid files: 
 Reusing grid data
reusing site data
Number of protein atoms:    5677
 
phobic grid file reshaped
philic grid file reshaped
donor grid file reshaped
acceptor grid file reshaped
metal grid file reshaped
surf grid file reshaped
 maximum number of atoms in a sitebox =           8


Number of site points   11  first shell   35  higher shells   52   dirscore   0.893
1 vdw  -1.475   phob  -0.306   phil  -4.081   donor  -1.670   acceptor  -2.411   metal   0.000
2               phob  -0.129   phil  -4.007   donor  -2.146   acceptor  -1.861   metal   0.000

SiteScore size   Dscore  volume  exposure enclosure contact  phobic   philic   balance  don/acc
  0.812    32    0.712   159.49    0.731    0.893    1.138    0.895    1.090    0.821    0.693

-- Done with site  1 --

== End SiteMap calculation ==

Wrote 1 sites to "md0_crop81_coa_out.maegz".

Current time: Sun Jan 22 14:45:34 2023
Elapsed time: 0:00:04.34
SiteMap successfully completed.

