--------------------------------------------------------------------------------
JobId          : X299-0-63cd1ca0
Name           : md0_crop35_sph
Program        : SiteMap
Version        : 2021-4 build 135
Host           : X299
Dir            : /mnt/3a29b482-dac1-4563-be89-d63ad92354e9/cers_modelling/md_sampling_cers_models/charmm_gui_systems/cers2_10pc_chol/sitemaps
HostEntry      : localhost
JobHost        : X299
JobDir         : /scratch/tamir/md0_crop35_sph
JobSchrodinger : /opt/schrodinger2021-4
Commandline    : /opt/schrodinger2021-4/sitemap md0_crop35_sph.in -WAIT
StartTime      : 2023-01-22-13:23:12
--------------------------------------------------------------------------------

== Begin input keywords ==
ADDPHIL  -8.0
ADDPHOB  -0.5
ADDSP  True
COMPRESS  True
CUTOFF  20.0
D2THRESH  3.1
DTHRESH  6.5
DVSCALE  2.5
ENCLOSURE  0.5
EXTEND  3
FAKE  False
FFIELD  OPLS_2005
GRID  0.7
KEEPELEC  False
KEEPVDW  False
KEEPVOLPTS  True
KMAX  3
KMAX2  5
MAPDIST  4.0
MARGIN  6.0
MAXDIST  8.0
MAXSITES  1
MAXVDW  1.1
MINGROUP  3
MODCHARGES  True
MODPHOBIC  3
NEARRES  3.5
NTHRESH  3
PROT  md0_crop35.mae
R2THRESH  4.1
REPORTSIZE  10
ROUND  False
RTHRESH  5.0
VERBOSITY  0
WRITEGRIDS  False
WRITEPOT  False
WRITESTRUCTS  True
WRITEVIS  True
XCENT  48.27899932861328
XRANGE  10.0
YCENT  40.549001693725586
YRANGE  10.0
ZCENT  60.78999996185303
ZRANGE  10.0
== End input keywords ==

== Begin single-receptor SiteMap calculation ==

-- Begin site search --
 Parameters for this calculation:
 sitecut =  0.500000000000000     
 sitescmin =   1.10000000000000     
 afactor =   1.00000000000000     
 bfactor =   1.00000000000000     
 imaxsite =           8
 ithresh =           3
 mingroup =           3
 kmax =           3
 kmax2 =           5
 r2thresh =   4.10000000000000     
 dvscale =   2.50000000000000     
 dvscnorm =   2.50000000000000     
 dvscbig =   2.50000000000000     
 border =   2.00000000000000     
 dthresh =   6.50000000000000     
 rthresh =   5.00000000000000     
 maxgroup =         100
 r2thresh =   4.10000000000000     
 nthresh =           3
 ndir =         110
 use_vdw = T
 repname = none
 repsize =          10
 maxrep =           1
 sitelis = sites.lis
 profile = none
 sitelig = none
 siteasl = none
 use_sitelig =  F
 sitebox =  -999.000000000000     
 writepdb =  F
 number of protein atoms =        5676
Starting findsites:  Sunday, January 22 2023, at 13:23:15 IST
ptypes obtained:  Sunday, January 22 2023, at 13:23:16 IST
lj parameters obtained:  Sunday, January 22 2023, at 13:23:16 IST
Basic parameters obtained:  Sunday, January 22 2023, at 13:23:16 IST
Receptor parameterization completed:  Sunday, January 22 2023, at 13:23:16 IST
 scaled value of sitecut =   55.0000000000000     
 sphere directions set up         110
Sunday, January 22 2023, at 13:23:16 IST
 FINDSITE will use user-specified box
Centroid of box:  48.279  40.549  60.790
 boundaries   43.2789993286133        53.2789993286133     
   35.5490016937256        45.5490016937256        55.7899999618530     
   65.7899999618530     
 box          10          10          10
 maximum number of atoms in a sitebox =           6
Site points found:  Sunday, January 22 2023, at 13:23:16 IST
 boxes, patoms in boxes, empty boxes =         125         204          45
 total, outside sites =        1000         305
Site points pruned:  Sunday, January 22 2023, at 13:23:16 IST
final goodsites =        10
         4 sites will be removed
         6 good sites remain
Number of site groups found =     2

  Group  index  size  score     x       y       z     stdev
    1      1      5    1.30   50.66   42.74   60.20    0.79
    2      2      1    1.22   47.28   39.55   61.79    0.00

Inter-group relationships
     g1     g2     n1     n2    dmin    davg   spread  ratio     x1      y1      z1      x2      y2      z2
Sites linked and merged:  Sunday, January 22 2023, at 13:23:16 IST
 Storing receptor data

Site-finding complete.
Number of sites to map/eval:  1

-- Mapping site  1 --
jobname: md0_crop35_sph_site_1
all SiteMap grid files will be generated
 philic map specified
 phobic map specified
 donor map specified
 acceptor map specified
 metal-ligation map specified
 surface-display map specified
grid margin:     6.00
grid spacing:     0.70
non-bonded cutoff:    20.00
ligand/sitepoints file: 
protein coordinates/parameters file: 
output map/grid files will be written to the current directory
vis files will be written
protein charges will be modified to reduce formal charges and adjust donor/acceptor potentials
protein radii will be modified to allow closer approach to donor and acceptor heteroatoms
phobic areas will be modified to emphasize enclosed regions and to deemphasize exposed regions using alternative method
all input instructions read
 Getting site data
ligand xcm,ycm,zcm,xrange,yrange,zrange 50.779 43.049 60.290  1.000  1.000  1.000

 Reusing receptor data from site-finding stage.

Sitemap: electrostatic+vdw interaction energy
Map field of *enzyme* in region of *inhibitor*

computing site maps ...
grid lim (orig)  44.279  57.279  36.549  49.549  53.790  66.790
grid lim (adj)   44.129  57.429  36.399  49.699  53.640  66.940
grid point counts   20   20   20
total grid points    8000

 5676 receptor atoms read
grid: adjdip
number of grid points within emin, emax limits =     7046
 maximum grid value before cutoff =               -0.046
 minimum grid value before cutoff =   -501.028

philic and phobic grids formed
grid: surf
number of grid points within emin, emax limits =     1615
 maximum grid value before cutoff =         36499136.326
 minimum grid value before cutoff =     -2.678

grid: phil
number of grid points within emin, emax limits =     1996
 maximum grid value before cutoff =         36499086.326
 minimum grid value before cutoff =    -15.378

grid: phob
number of grid points within emin, emax limits =     1438
 maximum grid value before cutoff =         36499151.326
 minimum grid value before cutoff =     -1.837

mod_phobic: phobthresh, philthresh =  -0.250  -3.000
 maximum number of atoms in a sitebox =           9
 boxes, patoms in boxes, empty boxes =       12369        5676       10274
Average phobic potential changed from  -0.828 to  -0.490 for  770 grid points

number of phobic points =  1173   average phobic score =   0.74
number of philic points =   823   average philic score =  -4.34

number of qualifying surf grid points =      280

number of qualifying phil grid points =      132

number of qualifying phob grid points =       80

number of qualifying accptr grid points =       18

number of qualifying donor grid points =      106

number of qualifying metal grid points =        0

visgrd volume surf                                                                            
visgrd author sitemap                                                                         
visgrd property name surf                                                                            
visgrd qualifying points   1785
visgrd default map values       1       1.00      2
visgrd number of dims    3
visgrd dimensions         20        20        20
visgrd axis scales      0.700     0.700     0.700

visgrd volume hydrophil                                                                       
visgrd author sitemap                                                                         
visgrd property name phil                                                                            
visgrd qualifying points    132
visgrd default map values       1      -8.00     10
visgrd number of dims    3
visgrd dimensions         20        20        20
visgrd axis scales      0.700     0.700     0.700

visgrd volume hydrophob                                                                       
visgrd author sitemap                                                                         
visgrd property name phob                                                                            
visgrd qualifying points    326
visgrd default map values       1      -0.50     13
visgrd number of dims    3
visgrd dimensions         20        20        20
visgrd axis scales      0.700     0.700     0.700

visgrd volume hbacceptor                                                                      
visgrd author sitemap                                                                         
visgrd property name accptr                                                                          
visgrd qualifying points     18
visgrd default map values       1      -8.00     16
visgrd number of dims    3
visgrd dimensions         20        20        20
visgrd axis scales      0.700     0.700     0.700

visgrd volume hbdonor                                                                         
visgrd author sitemap                                                                         
visgrd property name donor                                                                           
visgrd qualifying points    106
visgrd default map values       1      -8.00      5
visgrd number of dims    3
visgrd dimensions         20        20        20
visgrd axis scales      0.700     0.700     0.700

-- Evaluating site  1 --
Ligand/site-points file: 
Protein coordinates/parameters file: 
extend =   3
 Verbosity flags: F F F F F
all SiteMap grid files will be read
the protein charges will be modified to reduce formal charges and adjust donor/acceptor potentials
protein radii will be modified to allow closer approach to donor and acceptor heteroatoms
phobic areas emphasize enclosed regions and deemphasize exposed regions using alternative method
site-point set will be augmented by including significant nearby points
  threshold for adding phobic points:  -0.500
  threshold for adding philic points:  -8.000
base name for SiteMap grid files: 
 Reusing grid data
reusing site data
Number of protein atoms:    5676
 
phobic grid file reshaped
philic grid file reshaped
donor grid file reshaped
acceptor grid file reshaped
metal grid file reshaped
surf grid file reshaped
 maximum number of atoms in a sitebox =           9


Number of site points    5  first shell   11  higher shells   52   dirscore   0.836
1 vdw  -1.424   phob  -0.742   phil  -1.351   donor  -1.309   acceptor  -0.041   metal   0.000
2               phob  -0.377   phil  -1.148   donor  -0.061   acceptor  -1.088   metal   0.000

SiteScore size   Dscore  volume  exposure enclosure contact  phobic   philic   balance  don/acc
  0.898    31    0.907   127.25    0.670    0.836    1.099    2.616    0.361    7.251   31.586

-- Done with site  1 --

== End SiteMap calculation ==

Wrote 1 sites to "md0_crop35_sph_out.maegz".

Current time: Sun Jan 22 13:23:17 2023
Elapsed time: 0:00:04.12
SiteMap successfully completed.

