--------------------------------------------------------------------------------
JobId          : X299-0-63cd26a1
Name           : md0_crop465_coa
Program        : SiteMap
Version        : 2021-4 build 135
Host           : X299
Dir            : /mnt/3a29b482-dac1-4563-be89-d63ad92354e9/cers_modelling/md_sampling_cers_models/charmm_gui_systems/cers2_10pc_chol/sitemaps
HostEntry      : localhost
JobHost        : X299
JobDir         : /scratch/tamir/md0_crop465_coa
JobSchrodinger : /opt/schrodinger2021-4
Commandline    : /opt/schrodinger2021-4/sitemap md0_crop465_coa.in -WAIT
StartTime      : 2023-01-22-14:05:53
--------------------------------------------------------------------------------

== Begin input keywords ==
ADDPHIL  -8.0
ADDPHOB  -0.5
ADDSP  True
COMPRESS  True
CUTOFF  20.0
D2THRESH  3.1
DTHRESH  6.5
DVSCALE  2.5
ENCLOSURE  0.5
EXTEND  3
FAKE  False
FFIELD  OPLS_2005
GRID  0.7
KEEPELEC  False
KEEPVDW  False
KEEPVOLPTS  True
KMAX  3
KMAX2  5
MAPDIST  4.0
MARGIN  6.0
MAXDIST  8.0
MAXSITES  1
MAXVDW  1.1
MINGROUP  3
MODCHARGES  True
MODPHOBIC  3
NEARRES  3.5
NTHRESH  3
PROT  md0_crop465.mae
R2THRESH  4.1
REPORTSIZE  10
ROUND  False
RTHRESH  5.0
VERBOSITY  0
WRITEGRIDS  False
WRITEPOT  False
WRITESTRUCTS  True
WRITEVIS  True
XCENT  56.87600135803223
XRANGE  10.0
YCENT  47.75599956512451
YRANGE  10.0
ZCENT  76.56000137329102
ZRANGE  10.0
== End input keywords ==

== Begin single-receptor SiteMap calculation ==

-- Begin site search --
 Parameters for this calculation:
 sitecut =  0.500000000000000     
 sitescmin =   1.10000000000000     
 afactor =   1.00000000000000     
 bfactor =   1.00000000000000     
 imaxsite =           8
 ithresh =           3
 mingroup =           3
 kmax =           3
 kmax2 =           5
 r2thresh =   4.10000000000000     
 dvscale =   2.50000000000000     
 dvscnorm =   2.50000000000000     
 dvscbig =   2.50000000000000     
 border =   2.00000000000000     
 dthresh =   6.50000000000000     
 rthresh =   5.00000000000000     
 maxgroup =         100
 r2thresh =   4.10000000000000     
 nthresh =           3
 ndir =         110
 use_vdw = T
 repname = none
 repsize =          10
 maxrep =           1
 sitelis = sites.lis
 profile = none
 sitelig = none
 siteasl = none
 use_sitelig =  F
 sitebox =  -999.000000000000     
 writepdb =  F
 number of protein atoms =        5677
Starting findsites:  Sunday, January 22 2023, at 14:05:56 IST
ptypes obtained:  Sunday, January 22 2023, at 14:05:56 IST
lj parameters obtained:  Sunday, January 22 2023, at 14:05:56 IST
Basic parameters obtained:  Sunday, January 22 2023, at 14:05:56 IST
Receptor parameterization completed:  Sunday, January 22 2023, at 14:05:56 IST
 scaled value of sitecut =   55.0000000000000     
 sphere directions set up         110
Sunday, January 22 2023, at 14:05:56 IST
 FINDSITE will use user-specified box
Centroid of box:  56.876  47.756  76.560
 boundaries   51.8760013580322        61.8760013580322     
   42.7559995651245        52.7559995651245        71.5600013732910     
   81.5600013732910     
 box          10          10          10
 maximum number of atoms in a sitebox =           6
Site points found:  Sunday, January 22 2023, at 14:05:57 IST
 boxes, patoms in boxes, empty boxes =         125         252          32
 total, outside sites =        1000          93
Site points pruned:  Sunday, January 22 2023, at 14:05:57 IST
final goodsites =        27
         5 sites will be removed
        22 good sites remain
Number of site groups found =     1

  Group  index  size  score     x       y       z     stdev
    1      1     22    1.54   54.47   50.20   74.73    1.72
Sites linked and merged:  Sunday, January 22 2023, at 14:05:57 IST
 Storing receptor data

Site-finding complete.
Number of sites to map/eval:  1

-- Mapping site  1 --
jobname: md0_crop465_coa_site_1
all SiteMap grid files will be generated
 philic map specified
 phobic map specified
 donor map specified
 acceptor map specified
 metal-ligation map specified
 surface-display map specified
grid margin:     6.00
grid spacing:     0.70
non-bonded cutoff:    20.00
ligand/sitepoints file: 
protein coordinates/parameters file: 
output map/grid files will be written to the current directory
vis files will be written
protein charges will be modified to reduce formal charges and adjust donor/acceptor potentials
protein radii will be modified to allow closer approach to donor and acceptor heteroatoms
phobic areas will be modified to emphasize enclosed regions and to deemphasize exposed regions using alternative method
all input instructions read
 Getting site data
ligand xcm,ycm,zcm,xrange,yrange,zrange 55.376 50.256 74.560  3.000  3.000  4.000

 Reusing receptor data from site-finding stage.

Sitemap: electrostatic+vdw interaction energy
Map field of *enzyme* in region of *inhibitor*

computing site maps ...
grid lim (orig)  47.876  62.876  42.756  57.756  66.560  82.560
grid lim (adj)   47.676  63.076  42.556  57.956  66.510  82.610
grid point counts   23   23   24
total grid points   12696

 5677 receptor atoms read
grid: adjdip
number of grid points within emin, emax limits =    10231
 maximum grid value before cutoff =               -0.122
 minimum grid value before cutoff =   -665.163

philic and phobic grids formed
grid: surf
number of grid points within emin, emax limits =     2345
 maximum grid value before cutoff =         42170908.075
 minimum grid value before cutoff =     -2.869

grid: phil
number of grid points within emin, emax limits =     1797
 maximum grid value before cutoff =         42170858.075
 minimum grid value before cutoff =    -25.728

grid: phob
number of grid points within emin, emax limits =      685
 maximum grid value before cutoff =         42170923.075
 minimum grid value before cutoff =     -1.777

mod_phobic: phobthresh, philthresh =  -0.250  -3.000
 maximum number of atoms in a sitebox =           8
 boxes, patoms in boxes, empty boxes =       10469        5677        8351
Average phobic potential changed from  -0.766 to  -0.473 for  161 grid points

number of phobic points =   277   average phobic score =   0.75
number of philic points =  1520   average philic score =  -6.48

number of qualifying surf grid points =      342

number of qualifying phil grid points =      462

number of qualifying phob grid points =       22

number of qualifying accptr grid points =      214

number of qualifying donor grid points =      238

number of qualifying metal grid points =        0

visgrd volume surf                                                                            
visgrd author sitemap                                                                         
visgrd property name surf                                                                            
visgrd qualifying points   1270
visgrd default map values       1       1.00      2
visgrd number of dims    3
visgrd dimensions         23        23        24
visgrd axis scales      0.700     0.700     0.700

visgrd volume hydrophil                                                                       
visgrd author sitemap                                                                         
visgrd property name phil                                                                            
visgrd qualifying points    462
visgrd default map values       1      -8.00     10
visgrd number of dims    3
visgrd dimensions         23        23        24
visgrd axis scales      0.700     0.700     0.700

visgrd volume hydrophob                                                                       
visgrd author sitemap                                                                         
visgrd property name phob                                                                            
visgrd qualifying points     62
visgrd default map values       1      -0.50     13
visgrd number of dims    3
visgrd dimensions         23        23        24
visgrd axis scales      0.700     0.700     0.700

visgrd volume hbacceptor                                                                      
visgrd author sitemap                                                                         
visgrd property name accptr                                                                          
visgrd qualifying points    214
visgrd default map values       1      -8.00     16
visgrd number of dims    3
visgrd dimensions         23        23        24
visgrd axis scales      0.700     0.700     0.700

visgrd volume hbdonor                                                                         
visgrd author sitemap                                                                         
visgrd property name donor                                                                           
visgrd qualifying points    238
visgrd default map values       1      -8.00      5
visgrd number of dims    3
visgrd dimensions         23        23        24
visgrd axis scales      0.700     0.700     0.700

-- Evaluating site  1 --
Ligand/site-points file: 
Protein coordinates/parameters file: 
extend =   3
 Verbosity flags: F F F F F
all SiteMap grid files will be read
the protein charges will be modified to reduce formal charges and adjust donor/acceptor potentials
protein radii will be modified to allow closer approach to donor and acceptor heteroatoms
phobic areas emphasize enclosed regions and deemphasize exposed regions using alternative method
site-point set will be augmented by including significant nearby points
  threshold for adding phobic points:  -0.500
  threshold for adding philic points:  -8.000
base name for SiteMap grid files: 
 Reusing grid data
reusing site data
Number of protein atoms:    5677
 
phobic grid file reshaped
philic grid file reshaped
donor grid file reshaped
acceptor grid file reshaped
metal grid file reshaped
surf grid file reshaped
 maximum number of atoms in a sitebox =           8


Number of site points   22  first shell   39  higher shells   34   dirscore   0.921
1 vdw  -1.600   phob  -0.128   phil  -6.512   donor  -2.487   acceptor  -4.025   metal   0.000
2               phob  -0.026   phil  -6.272   donor  -3.369   acceptor  -2.903   metal   0.000

SiteScore size   Dscore  volume  exposure enclosure contact  phobic   philic   balance  don/acc
  0.908    45    0.616   135.83    0.619    0.921    1.234    0.182    1.739    0.105    0.618

-- Done with site  1 --

== End SiteMap calculation ==

Wrote 1 sites to "md0_crop465_coa_out.maegz".

Current time: Sun Jan 22 14:05:58 2023
Elapsed time: 0:00:04.10
SiteMap successfully completed.

