--------------------------------------------------------------------------------
JobId          : X299-0-63cd1f6c
Name           : md0_crop38_sph
Program        : SiteMap
Version        : 2021-4 build 135
Host           : X299
Dir            : /mnt/3a29b482-dac1-4563-be89-d63ad92354e9/cers_modelling/md_sampling_cers_models/charmm_gui_systems/cers2_10pc_chol/sitemaps
HostEntry      : localhost
JobHost        : X299
JobDir         : /scratch/tamir/md0_crop38_sph
JobSchrodinger : /opt/schrodinger2021-4
Commandline    : /opt/schrodinger2021-4/sitemap md0_crop38_sph.in -WAIT
StartTime      : 2023-01-22-13:35:08
--------------------------------------------------------------------------------

== Begin input keywords ==
ADDPHIL  -8.0
ADDPHOB  -0.5
ADDSP  True
COMPRESS  True
CUTOFF  20.0
D2THRESH  3.1
DTHRESH  6.5
DVSCALE  2.5
ENCLOSURE  0.5
EXTEND  3
FAKE  False
FFIELD  OPLS_2005
GRID  0.7
KEEPELEC  False
KEEPVDW  False
KEEPVOLPTS  True
KMAX  3
KMAX2  5
MAPDIST  4.0
MARGIN  6.0
MAXDIST  8.0
MAXSITES  1
MAXVDW  1.1
MINGROUP  3
MODCHARGES  True
MODPHOBIC  3
NEARRES  3.5
NTHRESH  3
PROT  md0_crop38.mae
R2THRESH  4.1
REPORTSIZE  10
ROUND  False
RTHRESH  5.0
VERBOSITY  0
WRITEGRIDS  False
WRITEPOT  False
WRITESTRUCTS  True
WRITEVIS  True
XCENT  48.16699981689453
XRANGE  10.0
YCENT  39.88699913024902
YRANGE  10.0
ZCENT  59.046998023986816
ZRANGE  10.0
== End input keywords ==

== Begin single-receptor SiteMap calculation ==

-- Begin site search --
 Parameters for this calculation:
 sitecut =  0.500000000000000     
 sitescmin =   1.10000000000000     
 afactor =   1.00000000000000     
 bfactor =   1.00000000000000     
 imaxsite =           8
 ithresh =           3
 mingroup =           3
 kmax =           3
 kmax2 =           5
 r2thresh =   4.10000000000000     
 dvscale =   2.50000000000000     
 dvscnorm =   2.50000000000000     
 dvscbig =   2.50000000000000     
 border =   2.00000000000000     
 dthresh =   6.50000000000000     
 rthresh =   5.00000000000000     
 maxgroup =         100
 r2thresh =   4.10000000000000     
 nthresh =           3
 ndir =         110
 use_vdw = T
 repname = none
 repsize =          10
 maxrep =           1
 sitelis = sites.lis
 profile = none
 sitelig = none
 siteasl = none
 use_sitelig =  F
 sitebox =  -999.000000000000     
 writepdb =  F
 number of protein atoms =        5677
Starting findsites:  Sunday, January 22 2023, at 13:35:11 IST
ptypes obtained:  Sunday, January 22 2023, at 13:35:12 IST
lj parameters obtained:  Sunday, January 22 2023, at 13:35:12 IST
Basic parameters obtained:  Sunday, January 22 2023, at 13:35:12 IST
Receptor parameterization completed:  Sunday, January 22 2023, at 13:35:12 IST
 scaled value of sitecut =   55.0000000000000     
 sphere directions set up         110
Sunday, January 22 2023, at 13:35:12 IST
 FINDSITE will use user-specified box
Centroid of box:  48.167  39.887  59.047
 boundaries   43.1669998168945        53.1669998168945     
   34.8869991302490        44.8869991302490        54.0469980239868     
   64.0469980239868     
 box          10          10          10
 maximum number of atoms in a sitebox =           7
Site points found:  Sunday, January 22 2023, at 13:35:12 IST
 boxes, patoms in boxes, empty boxes =         125         213          44
 total, outside sites =        1000         274
Site points pruned:  Sunday, January 22 2023, at 13:35:12 IST
final goodsites =        16
         2 sites will be removed
        14 good sites remain
Number of site groups found =     1

  Group  index  size  score     x       y       z     stdev
    1      1     14    1.31   49.50   39.45   57.83    1.80
Sites linked and merged:  Sunday, January 22 2023, at 13:35:12 IST
 Storing receptor data

Site-finding complete.
Number of sites to map/eval:  1

-- Mapping site  1 --
jobname: md0_crop38_sph_site_1
all SiteMap grid files will be generated
 philic map specified
 phobic map specified
 donor map specified
 acceptor map specified
 metal-ligation map specified
 surface-display map specified
grid margin:     6.00
grid spacing:     0.70
non-bonded cutoff:    20.00
ligand/sitepoints file: 
protein coordinates/parameters file: 
output map/grid files will be written to the current directory
vis files will be written
protein charges will be modified to reduce formal charges and adjust donor/acceptor potentials
protein radii will be modified to allow closer approach to donor and acceptor heteroatoms
phobic areas will be modified to emphasize enclosed regions and to deemphasize exposed regions using alternative method
all input instructions read
 Getting site data
ligand xcm,ycm,zcm,xrange,yrange,zrange 49.167 39.887 58.047  4.000  2.000  4.000

 Reusing receptor data from site-finding stage.

Sitemap: electrostatic+vdw interaction energy
Map field of *enzyme* in region of *inhibitor*

computing site maps ...
grid lim (orig)  41.167  57.167  32.887  46.887  50.047  66.047
grid lim (adj)   41.117  57.217  32.537  47.237  49.997  66.097
grid point counts   24   22   24
total grid points   12672

 5677 receptor atoms read
grid: adjdip
number of grid points within emin, emax limits =    11390
 maximum grid value before cutoff =               -0.027
 minimum grid value before cutoff =   -480.107

philic and phobic grids formed
grid: surf
number of grid points within emin, emax limits =     2306
 maximum grid value before cutoff =         31933913.834
 minimum grid value before cutoff =     -2.741

grid: phil
number of grid points within emin, emax limits =     3625
 maximum grid value before cutoff =         31933863.834
 minimum grid value before cutoff =    -19.018

grid: phob
number of grid points within emin, emax limits =     2837
 maximum grid value before cutoff =         31933928.834
 minimum grid value before cutoff =     -2.044

mod_phobic: phobthresh, philthresh =  -0.250  -3.000
 maximum number of atoms in a sitebox =           8
 boxes, patoms in boxes, empty boxes =       13167        5677       11107
Average phobic potential changed from  -0.766 to  -0.429 for  971 grid points

number of phobic points =  2123   average phobic score =   0.52
number of philic points =  1502   average philic score =  -3.03

number of qualifying surf grid points =      415

number of qualifying phil grid points =      132

number of qualifying phob grid points =      142

number of qualifying accptr grid points =       18

number of qualifying donor grid points =       99

number of qualifying metal grid points =        0

visgrd volume surf                                                                            
visgrd author sitemap                                                                         
visgrd property name surf                                                                            
visgrd qualifying points   3362
visgrd default map values       1       1.00      2
visgrd number of dims    3
visgrd dimensions         24        22        24
visgrd axis scales      0.700     0.700     0.700

visgrd volume hydrophil                                                                       
visgrd author sitemap                                                                         
visgrd property name phil                                                                            
visgrd qualifying points    132
visgrd default map values       1      -8.00     10
visgrd number of dims    3
visgrd dimensions         24        22        24
visgrd axis scales      0.700     0.700     0.700

visgrd volume hydrophob                                                                       
visgrd author sitemap                                                                         
visgrd property name phob                                                                            
visgrd qualifying points    312
visgrd default map values       1      -0.50     13
visgrd number of dims    3
visgrd dimensions         24        22        24
visgrd axis scales      0.700     0.700     0.700

visgrd volume hbacceptor                                                                      
visgrd author sitemap                                                                         
visgrd property name accptr                                                                          
visgrd qualifying points     18
visgrd default map values       1      -8.00     16
visgrd number of dims    3
visgrd dimensions         24        22        24
visgrd axis scales      0.700     0.700     0.700

visgrd volume hbdonor                                                                         
visgrd author sitemap                                                                         
visgrd property name donor                                                                           
visgrd qualifying points     99
visgrd default map values       1      -8.00      5
visgrd number of dims    3
visgrd dimensions         24        22        24
visgrd axis scales      0.700     0.700     0.700

-- Evaluating site  1 --
Ligand/site-points file: 
Protein coordinates/parameters file: 
extend =   3
 Verbosity flags: F F F F F
all SiteMap grid files will be read
the protein charges will be modified to reduce formal charges and adjust donor/acceptor potentials
protein radii will be modified to allow closer approach to donor and acceptor heteroatoms
phobic areas emphasize enclosed regions and deemphasize exposed regions using alternative method
site-point set will be augmented by including significant nearby points
  threshold for adding phobic points:  -0.500
  threshold for adding philic points:  -8.000
base name for SiteMap grid files: 
 Reusing grid data
reusing site data
Number of protein atoms:    5677
 
phobic grid file reshaped
philic grid file reshaped
donor grid file reshaped
acceptor grid file reshaped
metal grid file reshaped
surf grid file reshaped
 maximum number of atoms in a sitebox =           8


Number of site points   14  first shell   23  higher shells   60   dirscore   0.769
1 vdw  -1.282   phob  -0.533   phil  -1.830   donor  -1.744   acceptor  -0.086   metal   0.000
2               phob  -0.245   phil  -1.572   donor  -0.050   acceptor  -1.523   metal   0.000

SiteScore size   Dscore  volume  exposure enclosure contact  phobic   philic   balance  don/acc
  0.809    28    0.800   146.12    0.748    0.769    0.989    1.701    0.489    3.480   20.310

-- Done with site  1 --

== End SiteMap calculation ==

Wrote 1 sites to "md0_crop38_sph_out.maegz".

Current time: Sun Jan 22 13:35:13 2023
Elapsed time: 0:00:04.54
SiteMap successfully completed.

