--------------------------------------------------------------------------------
JobId          : X299-0-63cd0559
Name           : md0_crop113_sph
Program        : SiteMap
Version        : 2021-4 build 135
Host           : X299
Dir            : /mnt/3a29b482-dac1-4563-be89-d63ad92354e9/cers_modelling/md_sampling_cers_models/charmm_gui_systems/cers2_10pc_chol/sitemaps
HostEntry      : localhost
JobHost        : X299
JobDir         : /scratch/tamir/md0_crop113_sph
JobSchrodinger : /opt/schrodinger2021-4
Commandline    : /opt/schrodinger2021-4/sitemap md0_crop113_sph.in -WAIT
StartTime      : 2023-01-22-11:43:54
--------------------------------------------------------------------------------

== Begin input keywords ==
ADDPHIL  -8.0
ADDPHOB  -0.5
ADDSP  True
COMPRESS  True
CUTOFF  20.0
D2THRESH  3.1
DTHRESH  6.5
DVSCALE  2.5
ENCLOSURE  0.5
EXTEND  3
FAKE  False
FFIELD  OPLS_2005
GRID  0.7
KEEPELEC  False
KEEPVDW  False
KEEPVOLPTS  True
KMAX  3
KMAX2  5
MAPDIST  4.0
MARGIN  6.0
MAXDIST  8.0
MAXSITES  1
MAXVDW  1.1
MINGROUP  3
MODCHARGES  True
MODPHOBIC  3
NEARRES  3.5
NTHRESH  3
PROT  md0_crop113.mae
R2THRESH  4.1
REPORTSIZE  10
ROUND  False
RTHRESH  5.0
VERBOSITY  0
WRITEGRIDS  False
WRITEPOT  False
WRITESTRUCTS  True
WRITEVIS  True
XCENT  47.10000038146973
XRANGE  10.0
YCENT  41.519999504089355
YRANGE  10.0
ZCENT  59.01599884033203
ZRANGE  10.0
== End input keywords ==

== Begin single-receptor SiteMap calculation ==

-- Begin site search --
 Parameters for this calculation:
 sitecut =  0.500000000000000     
 sitescmin =   1.10000000000000     
 afactor =   1.00000000000000     
 bfactor =   1.00000000000000     
 imaxsite =           8
 ithresh =           3
 mingroup =           3
 kmax =           3
 kmax2 =           5
 r2thresh =   4.10000000000000     
 dvscale =   2.50000000000000     
 dvscnorm =   2.50000000000000     
 dvscbig =   2.50000000000000     
 border =   2.00000000000000     
 dthresh =   6.50000000000000     
 rthresh =   5.00000000000000     
 maxgroup =         100
 r2thresh =   4.10000000000000     
 nthresh =           3
 ndir =         110
 use_vdw = T
 repname = none
 repsize =          10
 maxrep =           1
 sitelis = sites.lis
 profile = none
 sitelig = none
 siteasl = none
 use_sitelig =  F
 sitebox =  -999.000000000000     
 writepdb =  F
 number of protein atoms =        5675
Starting findsites:  Sunday, January 22 2023, at 11:43:57 IST
ptypes obtained:  Sunday, January 22 2023, at 11:43:57 IST
lj parameters obtained:  Sunday, January 22 2023, at 11:43:57 IST
Basic parameters obtained:  Sunday, January 22 2023, at 11:43:57 IST
Receptor parameterization completed:  Sunday, January 22 2023, at 11:43:57 IST
 scaled value of sitecut =   55.0000000000000     
 sphere directions set up         110
Sunday, January 22 2023, at 11:43:57 IST
 FINDSITE will use user-specified box
Centroid of box:  47.100  41.520  59.016
 boundaries   42.1000003814697        52.1000003814697     
   36.5199995040894        46.5199995040894        54.0159988403320     
   64.0159988403320     
 box          10          10          10
 maximum number of atoms in a sitebox =           6
Site points found:  Sunday, January 22 2023, at 11:43:57 IST
 boxes, patoms in boxes, empty boxes =         125         210          46
 total, outside sites =        1000         287
Site points pruned:  Sunday, January 22 2023, at 11:43:57 IST
final goodsites =        11
         5 sites will be removed
         6 good sites remain
Number of site groups found =     1

  Group  index  size  score     x       y       z     stdev
    1      1      6    1.28   47.54   40.68   58.79    1.50
Sites linked and merged:  Sunday, January 22 2023, at 11:43:57 IST
 Storing receptor data

Site-finding complete.
Number of sites to map/eval:  1

-- Mapping site  1 --
jobname: md0_crop113_sph_site_1
all SiteMap grid files will be generated
 philic map specified
 phobic map specified
 donor map specified
 acceptor map specified
 metal-ligation map specified
 surface-display map specified
grid margin:     6.00
grid spacing:     0.70
non-bonded cutoff:    20.00
ligand/sitepoints file: 
protein coordinates/parameters file: 
output map/grid files will be written to the current directory
vis files will be written
protein charges will be modified to reduce formal charges and adjust donor/acceptor potentials
protein radii will be modified to allow closer approach to donor and acceptor heteroatoms
phobic areas will be modified to emphasize enclosed regions and to deemphasize exposed regions using alternative method
all input instructions read
 Getting site data
ligand xcm,ycm,zcm,xrange,yrange,zrange 47.600 41.020 58.516  3.000  1.000  3.000

 Reusing receptor data from site-finding stage.

Sitemap: electrostatic+vdw interaction energy
Map field of *enzyme* in region of *inhibitor*

computing site maps ...
grid lim (orig)  40.100  55.100  34.520  47.520  51.016  66.016
grid lim (adj)   39.900  55.300  34.370  47.670  50.816  66.216
grid point counts   23   20   23
total grid points   10580

 5675 receptor atoms read
grid: adjdip
number of grid points within emin, emax limits =     9565
 maximum grid value before cutoff =               -0.028
 minimum grid value before cutoff =   -486.266

philic and phobic grids formed
grid: surf
number of grid points within emin, emax limits =     2037
 maximum grid value before cutoff =         32701392.678
 minimum grid value before cutoff =     -2.648

grid: phil
number of grid points within emin, emax limits =     3408
 maximum grid value before cutoff =         32701342.678
 minimum grid value before cutoff =    -14.841

grid: phob
number of grid points within emin, emax limits =     2618
 maximum grid value before cutoff =         32701407.678
 minimum grid value before cutoff =     -2.227

mod_phobic: phobthresh, philthresh =  -0.250  -3.000
 maximum number of atoms in a sitebox =           9
 boxes, patoms in boxes, empty boxes =       11913        5675        9819
Average phobic potential changed from  -0.716 to  -0.375 for  863 grid points

number of phobic points =  2064   average phobic score =   0.50
number of philic points =  1344   average philic score =  -3.54

number of qualifying surf grid points =      431

number of qualifying phil grid points =      147

number of qualifying phob grid points =       69

number of qualifying accptr grid points =        5

number of qualifying donor grid points =      130

number of qualifying metal grid points =        0

visgrd volume surf                                                                            
visgrd author sitemap                                                                         
visgrd property name surf                                                                            
visgrd qualifying points   3156
visgrd default map values       1       1.00      2
visgrd number of dims    3
visgrd dimensions         23        20        23
visgrd axis scales      0.700     0.700     0.700

visgrd volume hydrophil                                                                       
visgrd author sitemap                                                                         
visgrd property name phil                                                                            
visgrd qualifying points    147
visgrd default map values       1      -8.00     10
visgrd number of dims    3
visgrd dimensions         23        20        23
visgrd axis scales      0.700     0.700     0.700

visgrd volume hydrophob                                                                       
visgrd author sitemap                                                                         
visgrd property name phob                                                                            
visgrd qualifying points    207
visgrd default map values       1      -0.50     13
visgrd number of dims    3
visgrd dimensions         23        20        23
visgrd axis scales      0.700     0.700     0.700

visgrd volume hbacceptor                                                                      
visgrd author sitemap                                                                         
visgrd property name accptr                                                                          
visgrd qualifying points      5
visgrd default map values       1      -8.00     16
visgrd number of dims    3
visgrd dimensions         23        20        23
visgrd axis scales      0.700     0.700     0.700

visgrd volume hbdonor                                                                         
visgrd author sitemap                                                                         
visgrd property name donor                                                                           
visgrd qualifying points    130
visgrd default map values       1      -8.00      5
visgrd number of dims    3
visgrd dimensions         23        20        23
visgrd axis scales      0.700     0.700     0.700

-- Evaluating site  1 --
Ligand/site-points file: 
Protein coordinates/parameters file: 
extend =   3
 Verbosity flags: F F F F F
all SiteMap grid files will be read
the protein charges will be modified to reduce formal charges and adjust donor/acceptor potentials
protein radii will be modified to allow closer approach to donor and acceptor heteroatoms
phobic areas emphasize enclosed regions and deemphasize exposed regions using alternative method
site-point set will be augmented by including significant nearby points
  threshold for adding phobic points:  -0.500
  threshold for adding philic points:  -8.000
base name for SiteMap grid files: 
 Reusing grid data
reusing site data
Number of protein atoms:    5675
 
phobic grid file reshaped
philic grid file reshaped
donor grid file reshaped
acceptor grid file reshaped
metal grid file reshaped
surf grid file reshaped
 maximum number of atoms in a sitebox =           9


Number of site points    6  first shell   20  higher shells   45   dirscore   0.760
1 vdw  -1.234   phob  -0.425   phil  -2.454   donor  -2.231   acceptor  -0.223   metal   0.000
2               phob  -0.198   phil  -2.114   donor  -0.120   acceptor  -1.994   metal   0.000

SiteScore size   Dscore  volume  exposure enclosure contact  phobic   philic   balance  don/acc
  0.636    12    0.568   124.51    0.844    0.760    0.953    1.372    0.655    2.094   10.011

-- Done with site  1 --

== End SiteMap calculation ==

Wrote 1 sites to "md0_crop113_sph_out.maegz".

Current time: Sun Jan 22 11:43:59 2023
Elapsed time: 0:00:04.27
SiteMap successfully completed.

