--------------------------------------------------------------------------------
JobId          : X299-0-63cd13e1
Name           : md0_crop267_coa
Program        : SiteMap
Version        : 2021-4 build 135
Host           : X299
Dir            : /mnt/3a29b482-dac1-4563-be89-d63ad92354e9/cers_modelling/md_sampling_cers_models/charmm_gui_systems/cers2_10pc_chol/sitemaps
HostEntry      : localhost
JobHost        : X299
JobDir         : /scratch/tamir/md0_crop267_coa
JobSchrodinger : /opt/schrodinger2021-4
Commandline    : /opt/schrodinger2021-4/sitemap md0_crop267_coa.in -WAIT
StartTime      : 2023-01-22-12:45:53
--------------------------------------------------------------------------------

== Begin input keywords ==
ADDPHIL  -8.0
ADDPHOB  -0.5
ADDSP  True
COMPRESS  True
CUTOFF  20.0
D2THRESH  3.1
DTHRESH  6.5
DVSCALE  2.5
ENCLOSURE  0.5
EXTEND  3
FAKE  False
FFIELD  OPLS_2005
GRID  0.7
KEEPELEC  False
KEEPVDW  False
KEEPVOLPTS  True
KMAX  3
KMAX2  5
MAPDIST  4.0
MARGIN  6.0
MAXDIST  8.0
MAXSITES  1
MAXVDW  1.1
MINGROUP  3
MODCHARGES  True
MODPHOBIC  3
NEARRES  3.5
NTHRESH  3
PROT  md0_crop267.mae
R2THRESH  4.1
REPORTSIZE  10
ROUND  False
RTHRESH  5.0
VERBOSITY  0
WRITEGRIDS  False
WRITEPOT  False
WRITESTRUCTS  True
WRITEVIS  True
XCENT  56.52200222015381
XRANGE  10.0
YCENT  44.69950199127197
YRANGE  10.0
ZCENT  74.73799705505371
ZRANGE  10.0
== End input keywords ==

== Begin single-receptor SiteMap calculation ==

-- Begin site search --
 Parameters for this calculation:
 sitecut =  0.500000000000000     
 sitescmin =   1.10000000000000     
 afactor =   1.00000000000000     
 bfactor =   1.00000000000000     
 imaxsite =           8
 ithresh =           3
 mingroup =           3
 kmax =           3
 kmax2 =           5
 r2thresh =   4.10000000000000     
 dvscale =   2.50000000000000     
 dvscnorm =   2.50000000000000     
 dvscbig =   2.50000000000000     
 border =   2.00000000000000     
 dthresh =   6.50000000000000     
 rthresh =   5.00000000000000     
 maxgroup =         100
 r2thresh =   4.10000000000000     
 nthresh =           3
 ndir =         110
 use_vdw = T
 repname = none
 repsize =          10
 maxrep =           1
 sitelis = sites.lis
 profile = none
 sitelig = none
 siteasl = none
 use_sitelig =  F
 sitebox =  -999.000000000000     
 writepdb =  F
 number of protein atoms =        5675
Starting findsites:  Sunday, January 22 2023, at 12:45:56 IST
ptypes obtained:  Sunday, January 22 2023, at 12:45:56 IST
lj parameters obtained:  Sunday, January 22 2023, at 12:45:56 IST
Basic parameters obtained:  Sunday, January 22 2023, at 12:45:56 IST
Receptor parameterization completed:  Sunday, January 22 2023, at 12:45:56 IST
 scaled value of sitecut =   55.0000000000000     
 sphere directions set up         110
Sunday, January 22 2023, at 12:45:56 IST
 FINDSITE will use user-specified box
Centroid of box:  56.522  44.700  74.738
 boundaries   51.5220022201538        61.5220022201538     
   39.6995019912720        49.6995019912720        69.7379970550537     
   79.7379970550537     
 box          10          10          10
 maximum number of atoms in a sitebox =           6
Site points found:  Sunday, January 22 2023, at 12:45:56 IST
 boxes, patoms in boxes, empty boxes =         125         243          36
 total, outside sites =        1000         126
Site points pruned:  Sunday, January 22 2023, at 12:45:56 IST
final goodsites =        22
         1 sites will be removed
        21 good sites remain
Number of site groups found =     1

  Group  index  size  score     x       y       z     stdev
    1      1     21    1.42   54.94   46.65   72.33    1.75
Sites linked and merged:  Sunday, January 22 2023, at 12:45:56 IST
 Storing receptor data

Site-finding complete.
Number of sites to map/eval:  1

-- Mapping site  1 --
jobname: md0_crop267_coa_site_1
all SiteMap grid files will be generated
 philic map specified
 phobic map specified
 donor map specified
 acceptor map specified
 metal-ligation map specified
 surface-display map specified
grid margin:     6.00
grid spacing:     0.70
non-bonded cutoff:    20.00
ligand/sitepoints file: 
protein coordinates/parameters file: 
output map/grid files will be written to the current directory
vis files will be written
protein charges will be modified to reduce formal charges and adjust donor/acceptor potentials
protein radii will be modified to allow closer approach to donor and acceptor heteroatoms
phobic areas will be modified to emphasize enclosed regions and to deemphasize exposed regions using alternative method
all input instructions read
 Getting site data
ligand xcm,ycm,zcm,xrange,yrange,zrange 55.022 46.700 72.238  5.000  2.000  3.000

 Reusing receptor data from site-finding stage.

Sitemap: electrostatic+vdw interaction energy
Map field of *enzyme* in region of *inhibitor*

computing site maps ...
grid lim (orig)  46.522  63.522  39.700  53.700  64.738  79.738
grid lim (adj)   46.272  63.772  39.350  54.050  64.538  79.938
grid point counts   26   22   23
total grid points   13156

 5675 receptor atoms read
grid: adjdip
number of grid points within emin, emax limits =    10835
 maximum grid value before cutoff =               -0.117
 minimum grid value before cutoff =   -657.426

philic and phobic grids formed
grid: surf
number of grid points within emin, emax limits =     2342
 maximum grid value before cutoff =         39672179.681
 minimum grid value before cutoff =     -2.904

grid: phil
number of grid points within emin, emax limits =     1908
 maximum grid value before cutoff =         39672129.681
 minimum grid value before cutoff =    -30.220

grid: phob
number of grid points within emin, emax limits =      803
 maximum grid value before cutoff =         39672194.681
 minimum grid value before cutoff =     -1.921

mod_phobic: phobthresh, philthresh =  -0.250  -3.000
 maximum number of atoms in a sitebox =           8
 boxes, patoms in boxes, empty boxes =       11571        5675        9468
Average phobic potential changed from  -0.900 to  -0.600 for  254 grid points

number of phobic points =   367   average phobic score =   0.91
number of philic points =  1541   average philic score =  -6.25

number of qualifying surf grid points =      328

number of qualifying phil grid points =      439

number of qualifying phob grid points =       70

number of qualifying accptr grid points =      198

number of qualifying donor grid points =      228

number of qualifying metal grid points =        0

visgrd volume surf                                                                            
visgrd author sitemap                                                                         
visgrd property name surf                                                                            
visgrd qualifying points   1437
visgrd default map values       1       1.00      2
visgrd number of dims    3
visgrd dimensions         26        22        23
visgrd axis scales      0.700     0.700     0.700

visgrd volume hydrophil                                                                       
visgrd author sitemap                                                                         
visgrd property name phil                                                                            
visgrd qualifying points    439
visgrd default map values       1      -8.00     10
visgrd number of dims    3
visgrd dimensions         26        22        23
visgrd axis scales      0.700     0.700     0.700

visgrd volume hydrophob                                                                       
visgrd author sitemap                                                                         
visgrd property name phob                                                                            
visgrd qualifying points    137
visgrd default map values       1      -0.50     13
visgrd number of dims    3
visgrd dimensions         26        22        23
visgrd axis scales      0.700     0.700     0.700

visgrd volume hbacceptor                                                                      
visgrd author sitemap                                                                         
visgrd property name accptr                                                                          
visgrd qualifying points    198
visgrd default map values       1      -8.00     16
visgrd number of dims    3
visgrd dimensions         26        22        23
visgrd axis scales      0.700     0.700     0.700

visgrd volume hbdonor                                                                         
visgrd author sitemap                                                                         
visgrd property name donor                                                                           
visgrd qualifying points    228
visgrd default map values       1      -8.00      5
visgrd number of dims    3
visgrd dimensions         26        22        23
visgrd axis scales      0.700     0.700     0.700

-- Evaluating site  1 --
Ligand/site-points file: 
Protein coordinates/parameters file: 
extend =   3
 Verbosity flags: F F F F F
all SiteMap grid files will be read
the protein charges will be modified to reduce formal charges and adjust donor/acceptor potentials
protein radii will be modified to allow closer approach to donor and acceptor heteroatoms
phobic areas emphasize enclosed regions and deemphasize exposed regions using alternative method
site-point set will be augmented by including significant nearby points
  threshold for adding phobic points:  -0.500
  threshold for adding philic points:  -8.000
base name for SiteMap grid files: 
 Reusing grid data
reusing site data
Number of protein atoms:    5675
 
phobic grid file reshaped
philic grid file reshaped
donor grid file reshaped
acceptor grid file reshaped
metal grid file reshaped
surf grid file reshaped
 maximum number of atoms in a sitebox =           8


Number of site points   21  first shell   40  higher shells   52   dirscore   0.911
1 vdw  -1.503   phob  -0.269   phil  -5.220   donor  -1.845   acceptor  -3.375   metal   0.000
2               phob  -0.064   phil  -4.890   donor  -2.891   acceptor  -1.999   metal   0.000

SiteScore size   Dscore  volume  exposure enclosure contact  phobic   philic   balance  don/acc
  0.896    44    0.716   155.72    0.676    0.911    1.160    0.442    1.394    0.317    0.547

-- Done with site  1 --

== End SiteMap calculation ==

Wrote 1 sites to "md0_crop267_coa_out.maegz".

Current time: Sun Jan 22 12:45:58 2023
Elapsed time: 0:00:04.21
SiteMap successfully completed.

