--------------------------------------------------------------------------------
JobId          : X299-0-63cd07e5
Name           : md0_crop140_coa
Program        : SiteMap
Version        : 2021-4 build 135
Host           : X299
Dir            : /mnt/3a29b482-dac1-4563-be89-d63ad92354e9/cers_modelling/md_sampling_cers_models/charmm_gui_systems/cers2_10pc_chol/sitemaps
HostEntry      : localhost
JobHost        : X299
JobDir         : /scratch/tamir/md0_crop140_coa
JobSchrodinger : /opt/schrodinger2021-4
Commandline    : /opt/schrodinger2021-4/sitemap md0_crop140_coa.in -WAIT
StartTime      : 2023-01-22-11:54:45
--------------------------------------------------------------------------------

== Begin input keywords ==
ADDPHIL  -8.0
ADDPHOB  -0.5
ADDSP  True
COMPRESS  True
CUTOFF  20.0
D2THRESH  3.1
DTHRESH  6.5
DVSCALE  2.5
ENCLOSURE  0.5
EXTEND  3
FAKE  False
FFIELD  OPLS_2005
GRID  0.7
KEEPELEC  False
KEEPVDW  False
KEEPVOLPTS  True
KMAX  3
KMAX2  5
MAPDIST  4.0
MARGIN  6.0
MAXDIST  8.0
MAXSITES  1
MAXVDW  1.1
MINGROUP  3
MODCHARGES  True
MODPHOBIC  3
NEARRES  3.5
NTHRESH  3
PROT  md0_crop140.mae
R2THRESH  4.1
REPORTSIZE  10
ROUND  False
RTHRESH  5.0
VERBOSITY  0
WRITEGRIDS  False
WRITEPOT  False
WRITESTRUCTS  True
WRITEVIS  True
XCENT  59.113502502441406
XRANGE  10.0
YCENT  45.156002044677734
YRANGE  10.0
ZCENT  71.35250091552734
ZRANGE  10.0
== End input keywords ==

== Begin single-receptor SiteMap calculation ==

-- Begin site search --
 Parameters for this calculation:
 sitecut =  0.500000000000000     
 sitescmin =   1.10000000000000     
 afactor =   1.00000000000000     
 bfactor =   1.00000000000000     
 imaxsite =           8
 ithresh =           3
 mingroup =           3
 kmax =           3
 kmax2 =           5
 r2thresh =   4.10000000000000     
 dvscale =   2.50000000000000     
 dvscnorm =   2.50000000000000     
 dvscbig =   2.50000000000000     
 border =   2.00000000000000     
 dthresh =   6.50000000000000     
 rthresh =   5.00000000000000     
 maxgroup =         100
 r2thresh =   4.10000000000000     
 nthresh =           3
 ndir =         110
 use_vdw = T
 repname = none
 repsize =          10
 maxrep =           1
 sitelis = sites.lis
 profile = none
 sitelig = none
 siteasl = none
 use_sitelig =  F
 sitebox =  -999.000000000000     
 writepdb =  F
 number of protein atoms =        5675
Starting findsites:  Sunday, January 22 2023, at 11:54:49 IST
ptypes obtained:  Sunday, January 22 2023, at 11:54:49 IST
lj parameters obtained:  Sunday, January 22 2023, at 11:54:49 IST
Basic parameters obtained:  Sunday, January 22 2023, at 11:54:49 IST
Receptor parameterization completed:  Sunday, January 22 2023, at 11:54:49 IST
 scaled value of sitecut =   55.0000000000000     
 sphere directions set up         110
Sunday, January 22 2023, at 11:54:49 IST
 FINDSITE will use user-specified box
Centroid of box:  59.114  45.156  71.353
 boundaries   54.1135025024414        64.1135025024414     
   40.1560020446777        50.1560020446777        66.3525009155273     
   76.3525009155273     
 box          10          10          10
 maximum number of atoms in a sitebox =           7
Site points found:  Sunday, January 22 2023, at 11:54:49 IST
 boxes, patoms in boxes, empty boxes =         125         248          35
 total, outside sites =        1000         134
Site points pruned:  Sunday, January 22 2023, at 11:54:49 IST
final goodsites =        53
         1 sites will be removed
        52 good sites remain
Number of site groups found =     1

  Group  index  size  score     x       y       z     stdev
    1      1     52    1.33   58.32   47.33   70.22    2.68
Sites linked and merged:  Sunday, January 22 2023, at 11:54:49 IST
 Storing receptor data

Site-finding complete.
Number of sites to map/eval:  1

-- Mapping site  1 --
jobname: md0_crop140_coa_site_1
all SiteMap grid files will be generated
 philic map specified
 phobic map specified
 donor map specified
 acceptor map specified
 metal-ligation map specified
 surface-display map specified
grid margin:     6.00
grid spacing:     0.70
non-bonded cutoff:    20.00
ligand/sitepoints file: 
protein coordinates/parameters file: 
output map/grid files will be written to the current directory
vis files will be written
protein charges will be modified to reduce formal charges and adjust donor/acceptor potentials
protein radii will be modified to allow closer approach to donor and acceptor heteroatoms
phobic areas will be modified to emphasize enclosed regions and to deemphasize exposed regions using alternative method
all input instructions read
 Getting site data
ligand xcm,ycm,zcm,xrange,yrange,zrange 59.614 47.156 70.353  7.000  2.000  6.000

 Reusing receptor data from site-finding stage.

Sitemap: electrostatic+vdw interaction energy
Map field of *enzyme* in region of *inhibitor*

computing site maps ...
grid lim (orig)  50.114  69.114  40.156  54.156  61.353  79.353
grid lim (adj)   49.814  69.414  39.806  54.506  61.253  79.453
grid point counts   29   22   27
total grid points   17226

 5675 receptor atoms read
grid: adjdip
number of grid points within emin, emax limits =    14280
 maximum grid value before cutoff =               -0.171
 minimum grid value before cutoff =   -670.045

philic and phobic grids formed
grid: surf
number of grid points within emin, emax limits =     2755
 maximum grid value before cutoff =         46968658.328
 minimum grid value before cutoff =     -2.953

grid: phil
number of grid points within emin, emax limits =     2871
 maximum grid value before cutoff =         46968608.328
 minimum grid value before cutoff =    -26.827

grid: phob
number of grid points within emin, emax limits =     1329
 maximum grid value before cutoff =         46968673.328
 minimum grid value before cutoff =     -2.177

mod_phobic: phobthresh, philthresh =  -0.250  -3.000
 maximum number of atoms in a sitebox =           8
 boxes, patoms in boxes, empty boxes =       12369        5675       10267
Average phobic potential changed from  -0.797 to  -0.482 for  354 grid points

number of phobic points =   438   average phobic score =   0.80
number of philic points =  2433   average philic score =  -5.66

number of qualifying surf grid points =      433

number of qualifying phil grid points =      600

number of qualifying phob grid points =       48

number of qualifying accptr grid points =      278

number of qualifying donor grid points =      312

number of qualifying metal grid points =        0

visgrd volume surf                                                                            
visgrd author sitemap                                                                         
visgrd property name surf                                                                            
visgrd qualifying points   2260
visgrd default map values       1       1.00      2
visgrd number of dims    3
visgrd dimensions         29        22        27
visgrd axis scales      0.700     0.700     0.700

visgrd volume hydrophil                                                                       
visgrd author sitemap                                                                         
visgrd property name phil                                                                            
visgrd qualifying points    600
visgrd default map values       1      -8.00     10
visgrd number of dims    3
visgrd dimensions         29        22        27
visgrd axis scales      0.700     0.700     0.700

visgrd volume hydrophob                                                                       
visgrd author sitemap                                                                         
visgrd property name phob                                                                            
visgrd qualifying points    142
visgrd default map values       1      -0.50     13
visgrd number of dims    3
visgrd dimensions         29        22        27
visgrd axis scales      0.700     0.700     0.700

visgrd volume hbacceptor                                                                      
visgrd author sitemap                                                                         
visgrd property name accptr                                                                          
visgrd qualifying points    278
visgrd default map values       1      -8.00     16
visgrd number of dims    3
visgrd dimensions         29        22        27
visgrd axis scales      0.700     0.700     0.700

visgrd volume hbdonor                                                                         
visgrd author sitemap                                                                         
visgrd property name donor                                                                           
visgrd qualifying points    312
visgrd default map values       1      -8.00      5
visgrd number of dims    3
visgrd dimensions         29        22        27
visgrd axis scales      0.700     0.700     0.700

-- Evaluating site  1 --
Ligand/site-points file: 
Protein coordinates/parameters file: 
extend =   3
 Verbosity flags: F F F F F
all SiteMap grid files will be read
the protein charges will be modified to reduce formal charges and adjust donor/acceptor potentials
protein radii will be modified to allow closer approach to donor and acceptor heteroatoms
phobic areas emphasize enclosed regions and deemphasize exposed regions using alternative method
site-point set will be augmented by including significant nearby points
  threshold for adding phobic points:  -0.500
  threshold for adding philic points:  -8.000
base name for SiteMap grid files: 
 Reusing grid data
reusing site data
Number of protein atoms:    5675
 
phobic grid file reshaped
philic grid file reshaped
donor grid file reshaped
acceptor grid file reshaped
metal grid file reshaped
surf grid file reshaped
 maximum number of atoms in a sitebox =           8


Number of site points   52  first shell   65  higher shells   60   dirscore   0.889
1 vdw  -1.485   phob  -0.167   phil  -5.779   donor  -2.571   acceptor  -3.209   metal   0.000
2               phob  -0.078   phil  -5.538   donor  -2.820   acceptor  -2.718   metal   0.000

SiteScore size   Dscore  volume  exposure enclosure contact  phobic   philic   balance  don/acc
  1.128   100    0.970   273.71    0.556    0.889    1.145    0.539    1.543    0.350    0.801

-- Done with site  1 --

== End SiteMap calculation ==

Wrote 1 sites to "md0_crop140_coa_out.maegz".

Current time: Sun Jan 22 11:54:51 2023
Elapsed time: 0:00:04.68
SiteMap successfully completed.

