--------------------------------------------------------------------------------
JobId          : X299-0-63cd1bdf
Name           : md0_crop351_sph
Program        : SiteMap
Version        : 2021-4 build 135
Host           : X299
Dir            : /mnt/3a29b482-dac1-4563-be89-d63ad92354e9/cers_modelling/md_sampling_cers_models/charmm_gui_systems/cers2_10pc_chol/sitemaps
HostEntry      : localhost
JobHost        : X299
JobDir         : /scratch/tamir/md0_crop351_sph
JobSchrodinger : /opt/schrodinger2021-4
Commandline    : /opt/schrodinger2021-4/sitemap md0_crop351_sph.in -WAIT
StartTime      : 2023-01-22-13:19:59
--------------------------------------------------------------------------------

== Begin input keywords ==
ADDPHIL  -8.0
ADDPHOB  -0.5
ADDSP  True
COMPRESS  True
CUTOFF  20.0
D2THRESH  3.1
DTHRESH  6.5
DVSCALE  2.5
ENCLOSURE  0.5
EXTEND  3
FAKE  False
FFIELD  OPLS_2005
GRID  0.7
KEEPELEC  False
KEEPVDW  False
KEEPVOLPTS  True
KMAX  3
KMAX2  5
MAPDIST  4.0
MARGIN  6.0
MAXDIST  8.0
MAXSITES  1
MAXVDW  1.1
MINGROUP  3
MODCHARGES  True
MODPHOBIC  3
NEARRES  3.5
NTHRESH  3
PROT  md0_crop351.mae
R2THRESH  4.1
REPORTSIZE  10
ROUND  False
RTHRESH  5.0
VERBOSITY  0
WRITEGRIDS  False
WRITEPOT  False
WRITESTRUCTS  True
WRITEVIS  True
XCENT  43.03999900817871
XRANGE  10.0
YCENT  41.09499931335449
YRANGE  10.0
ZCENT  67.83900260925293
ZRANGE  10.0
== End input keywords ==

== Begin single-receptor SiteMap calculation ==

-- Begin site search --
 Parameters for this calculation:
 sitecut =  0.500000000000000     
 sitescmin =   1.10000000000000     
 afactor =   1.00000000000000     
 bfactor =   1.00000000000000     
 imaxsite =           8
 ithresh =           3
 mingroup =           3
 kmax =           3
 kmax2 =           5
 r2thresh =   4.10000000000000     
 dvscale =   2.50000000000000     
 dvscnorm =   2.50000000000000     
 dvscbig =   2.50000000000000     
 border =   2.00000000000000     
 dthresh =   6.50000000000000     
 rthresh =   5.00000000000000     
 maxgroup =         100
 r2thresh =   4.10000000000000     
 nthresh =           3
 ndir =         110
 use_vdw = T
 repname = none
 repsize =          10
 maxrep =           1
 sitelis = sites.lis
 profile = none
 sitelig = none
 siteasl = none
 use_sitelig =  F
 sitebox =  -999.000000000000     
 writepdb =  F
 number of protein atoms =        5676
Starting findsites:  Sunday, January 22 2023, at 13:20:02 IST
ptypes obtained:  Sunday, January 22 2023, at 13:20:02 IST
lj parameters obtained:  Sunday, January 22 2023, at 13:20:02 IST
Basic parameters obtained:  Sunday, January 22 2023, at 13:20:02 IST
Receptor parameterization completed:  Sunday, January 22 2023, at 13:20:02 IST
 scaled value of sitecut =   55.0000000000000     
 sphere directions set up         110
Sunday, January 22 2023, at 13:20:02 IST
 FINDSITE will use user-specified box
Centroid of box:  43.040  41.095  67.839
 boundaries   38.0399990081787        48.0399990081787     
   36.0949993133545        46.0949993133545        62.8390026092529     
   72.8390026092529     
 box          10          10          10
 maximum number of atoms in a sitebox =           6
Site points found:  Sunday, January 22 2023, at 13:20:02 IST
 boxes, patoms in boxes, empty boxes =         125         189          50
 total, outside sites =        1000         287
Site points pruned:  Sunday, January 22 2023, at 13:20:02 IST
final goodsites =        16
         4 sites will be removed
        12 good sites remain
Number of site groups found =     2

  Group  index  size  score     x       y       z     stdev
    1      2      8    1.37   45.11   41.85   66.05    1.45
    2      1      4    1.61   41.64   40.09   70.39    0.70

Inter-group relationships
     g1     g2     n1     n2    dmin    davg   spread  ratio     x1      y1      z1      x2      y2      z2
      1      2      8      4    4.58    5.83    2.14    2.72   45.11   41.85   66.05   41.64   40.09   70.39
 groups           1           2  will be considered for merger
site groups connected   43.04   41.09   66.84  18    3.00   4   4   4
                        42.04   40.09   67.84
 successful merge of groups           1           2
Number of site groups found =     1

  Group  index  size  score     x       y       z     stdev
    1      1     12    1.45   43.83   41.20   67.66    3.07
Sites linked and merged:  Sunday, January 22 2023, at 13:20:02 IST
 Storing receptor data

Site-finding complete.
Number of sites to map/eval:  1

-- Mapping site  1 --
jobname: md0_crop351_sph_site_1
all SiteMap grid files will be generated
 philic map specified
 phobic map specified
 donor map specified
 acceptor map specified
 metal-ligation map specified
 surface-display map specified
grid margin:     6.00
grid spacing:     0.70
non-bonded cutoff:    20.00
ligand/sitepoints file: 
protein coordinates/parameters file: 
output map/grid files will be written to the current directory
vis files will be written
protein charges will be modified to reduce formal charges and adjust donor/acceptor potentials
protein radii will be modified to allow closer approach to donor and acceptor heteroatoms
phobic areas will be modified to emphasize enclosed regions and to deemphasize exposed regions using alternative method
all input instructions read
 Getting site data
ligand xcm,ycm,zcm,xrange,yrange,zrange 43.540 41.595 67.839  5.000  3.000  6.000

 Reusing receptor data from site-finding stage.

Sitemap: electrostatic+vdw interaction energy
Map field of *enzyme* in region of *inhibitor*

computing site maps ...
grid lim (orig)  35.040  52.040  34.095  49.095  58.839  76.839
grid lim (adj)   34.790  52.290  33.895  49.295  58.739  76.939
grid point counts   26   23   27
total grid points   16146

 5676 receptor atoms read
grid: adjdip
number of grid points within emin, emax limits =    14614
 maximum grid value before cutoff =               -0.012
 minimum grid value before cutoff =   -554.098

philic and phobic grids formed
grid: surf
number of grid points within emin, emax limits =     2947
 maximum grid value before cutoff =         46831946.036
 minimum grid value before cutoff =     -2.963

grid: phil
number of grid points within emin, emax limits =     5099
 maximum grid value before cutoff =         46831896.036
 minimum grid value before cutoff =    -23.094

grid: phob
number of grid points within emin, emax limits =     3958
 maximum grid value before cutoff =         46831961.036
 minimum grid value before cutoff =     -2.088

mod_phobic: phobthresh, philthresh =  -0.250  -3.000
 maximum number of atoms in a sitebox =           8
 boxes, patoms in boxes, empty boxes =       10469        5676        8357
Average phobic potential changed from  -0.746 to  -0.392 for 1186 grid points

number of phobic points =  3022   average phobic score =   0.45
number of philic points =  2077   average philic score =  -3.62

number of qualifying surf grid points =      622

number of qualifying phil grid points =      269

number of qualifying phob grid points =       97

number of qualifying accptr grid points =       55

number of qualifying donor grid points =      171

number of qualifying metal grid points =        0

visgrd volume surf                                                                            
visgrd author sitemap                                                                         
visgrd property name surf                                                                            
visgrd qualifying points   4722
visgrd default map values       1       1.00      2
visgrd number of dims    3
visgrd dimensions         26        23        27
visgrd axis scales      0.700     0.700     0.700

visgrd volume hydrophil                                                                       
visgrd author sitemap                                                                         
visgrd property name phil                                                                            
visgrd qualifying points    269
visgrd default map values       1      -8.00     10
visgrd number of dims    3
visgrd dimensions         26        23        27
visgrd axis scales      0.700     0.700     0.700

visgrd volume hydrophob                                                                       
visgrd author sitemap                                                                         
visgrd property name phob                                                                            
visgrd qualifying points    314
visgrd default map values       1      -0.50     13
visgrd number of dims    3
visgrd dimensions         26        23        27
visgrd axis scales      0.700     0.700     0.700

visgrd volume hbacceptor                                                                      
visgrd author sitemap                                                                         
visgrd property name accptr                                                                          
visgrd qualifying points     55
visgrd default map values       1      -8.00     16
visgrd number of dims    3
visgrd dimensions         26        23        27
visgrd axis scales      0.700     0.700     0.700

visgrd volume hbdonor                                                                         
visgrd author sitemap                                                                         
visgrd property name donor                                                                           
visgrd qualifying points    171
visgrd default map values       1      -8.00      5
visgrd number of dims    3
visgrd dimensions         26        23        27
visgrd axis scales      0.700     0.700     0.700

-- Evaluating site  1 --
Ligand/site-points file: 
Protein coordinates/parameters file: 
extend =   3
 Verbosity flags: F F F F F
all SiteMap grid files will be read
the protein charges will be modified to reduce formal charges and adjust donor/acceptor potentials
protein radii will be modified to allow closer approach to donor and acceptor heteroatoms
phobic areas emphasize enclosed regions and deemphasize exposed regions using alternative method
site-point set will be augmented by including significant nearby points
  threshold for adding phobic points:  -0.500
  threshold for adding philic points:  -8.000
base name for SiteMap grid files: 
 Reusing grid data
reusing site data
Number of protein atoms:    5676
 
phobic grid file reshaped
philic grid file reshaped
donor grid file reshaped
acceptor grid file reshaped
metal grid file reshaped
surf grid file reshaped
 maximum number of atoms in a sitebox =           8


Number of site points   12  first shell   26  higher shells   81   dirscore   0.759
1 vdw  -1.228   phob  -0.467   phil  -2.053   donor  -1.907   acceptor  -0.147   metal   0.000
2               phob  -0.242   phil  -1.846   donor  -0.085   acceptor  -1.760   metal   0.000

SiteScore size   Dscore  volume  exposure enclosure contact  phobic   philic   balance  don/acc
  0.842    36    0.841   183.16    0.748    0.759    0.948    1.680    0.548    3.064   12.989

-- Done with site  1 --

== End SiteMap calculation ==

Wrote 1 sites to "md0_crop351_sph_out.maegz".

Current time: Sun Jan 22 13:20:04 2023
Elapsed time: 0:00:04.84
SiteMap successfully completed.

