--------------------------------------------------------------------------------
JobId          : X299-0-63cd29e2
Name           : md0_crop495_coa
Program        : SiteMap
Version        : 2021-4 build 135
Host           : X299
Dir            : /mnt/3a29b482-dac1-4563-be89-d63ad92354e9/cers_modelling/md_sampling_cers_models/charmm_gui_systems/cers2_10pc_chol/sitemaps
HostEntry      : localhost
JobHost        : X299
JobDir         : /scratch/tamir/md0_crop495_coa
JobSchrodinger : /opt/schrodinger2021-4
Commandline    : /opt/schrodinger2021-4/sitemap md0_crop495_coa.in -WAIT
StartTime      : 2023-01-22-14:19:46
--------------------------------------------------------------------------------

== Begin input keywords ==
ADDPHIL  -8.0
ADDPHOB  -0.5
ADDSP  True
COMPRESS  True
CUTOFF  20.0
D2THRESH  3.1
DTHRESH  6.5
DVSCALE  2.5
ENCLOSURE  0.5
EXTEND  3
FAKE  False
FFIELD  OPLS_2005
GRID  0.7
KEEPELEC  False
KEEPVDW  False
KEEPVOLPTS  True
KMAX  3
KMAX2  5
MAPDIST  4.0
MARGIN  6.0
MAXDIST  8.0
MAXSITES  1
MAXVDW  1.1
MINGROUP  3
MODCHARGES  True
MODPHOBIC  3
NEARRES  3.5
NTHRESH  3
PROT  md0_crop495.mae
R2THRESH  4.1
REPORTSIZE  10
ROUND  False
RTHRESH  5.0
VERBOSITY  0
WRITEGRIDS  False
WRITEPOT  False
WRITESTRUCTS  True
WRITEVIS  True
XCENT  56.76350116729736
XRANGE  10.0
YCENT  46.508498191833496
YRANGE  10.0
ZCENT  73.86650562286377
ZRANGE  10.0
== End input keywords ==

== Begin single-receptor SiteMap calculation ==

-- Begin site search --
 Parameters for this calculation:
 sitecut =  0.500000000000000     
 sitescmin =   1.10000000000000     
 afactor =   1.00000000000000     
 bfactor =   1.00000000000000     
 imaxsite =           8
 ithresh =           3
 mingroup =           3
 kmax =           3
 kmax2 =           5
 r2thresh =   4.10000000000000     
 dvscale =   2.50000000000000     
 dvscnorm =   2.50000000000000     
 dvscbig =   2.50000000000000     
 border =   2.00000000000000     
 dthresh =   6.50000000000000     
 rthresh =   5.00000000000000     
 maxgroup =         100
 r2thresh =   4.10000000000000     
 nthresh =           3
 ndir =         110
 use_vdw = T
 repname = none
 repsize =          10
 maxrep =           1
 sitelis = sites.lis
 profile = none
 sitelig = none
 siteasl = none
 use_sitelig =  F
 sitebox =  -999.000000000000     
 writepdb =  F
 number of protein atoms =        5675
Starting findsites:  Sunday, January 22 2023, at 14:19:51 IST
ptypes obtained:  Sunday, January 22 2023, at 14:19:52 IST
lj parameters obtained:  Sunday, January 22 2023, at 14:19:52 IST
Basic parameters obtained:  Sunday, January 22 2023, at 14:19:52 IST
Receptor parameterization completed:  Sunday, January 22 2023, at 14:19:52 IST
 scaled value of sitecut =   55.0000000000000     
 sphere directions set up         110
Sunday, January 22 2023, at 14:19:52 IST
 FINDSITE will use user-specified box
Centroid of box:  56.764  46.508  73.867
 boundaries   51.7635011672974        61.7635011672974     
   41.5084981918335        51.5084981918335        68.8665056228638     
   78.8665056228638     
 box          10          10          10
 maximum number of atoms in a sitebox =           7
Site points found:  Sunday, January 22 2023, at 14:19:52 IST
 boxes, patoms in boxes, empty boxes =         125         263          33
 total, outside sites =        1000         128
Site points pruned:  Sunday, January 22 2023, at 14:19:52 IST
final goodsites =        29
         3 sites will be removed
        26 good sites remain
Number of site groups found =     1

  Group  index  size  score     x       y       z     stdev
    1      1     26    1.41   55.56   48.72   71.21    1.85
Sites linked and merged:  Sunday, January 22 2023, at 14:19:52 IST
 Storing receptor data

Site-finding complete.
Number of sites to map/eval:  1

-- Mapping site  1 --
jobname: md0_crop495_coa_site_1
all SiteMap grid files will be generated
 philic map specified
 phobic map specified
 donor map specified
 acceptor map specified
 metal-ligation map specified
 surface-display map specified
grid margin:     6.00
grid spacing:     0.70
non-bonded cutoff:    20.00
ligand/sitepoints file: 
protein coordinates/parameters file: 
output map/grid files will be written to the current directory
vis files will be written
protein charges will be modified to reduce formal charges and adjust donor/acceptor potentials
protein radii will be modified to allow closer approach to donor and acceptor heteroatoms
phobic areas will be modified to emphasize enclosed regions and to deemphasize exposed regions using alternative method
all input instructions read
 Getting site data
ligand xcm,ycm,zcm,xrange,yrange,zrange 56.264 48.008 71.367  5.000  3.000  3.000

 Reusing receptor data from site-finding stage.

Sitemap: electrostatic+vdw interaction energy
Map field of *enzyme* in region of *inhibitor*

computing site maps ...
grid lim (orig)  47.764  64.764  40.508  55.508  63.867  78.867
grid lim (adj)   47.514  65.014  40.308  55.708  63.667  79.067
grid point counts   26   23   23
total grid points   13754

 5675 receptor atoms read
grid: adjdip
number of grid points within emin, emax limits =    11430
 maximum grid value before cutoff =               -0.084
 minimum grid value before cutoff =   -614.921

philic and phobic grids formed
grid: surf
number of grid points within emin, emax limits =     2467
 maximum grid value before cutoff =         38830240.178
 minimum grid value before cutoff =     -2.705

grid: phil
number of grid points within emin, emax limits =     1973
 maximum grid value before cutoff =         38830190.178
 minimum grid value before cutoff =    -23.666

grid: phob
number of grid points within emin, emax limits =      770
 maximum grid value before cutoff =         38830255.178
 minimum grid value before cutoff =     -2.161

mod_phobic: phobthresh, philthresh =  -0.250  -3.000
 maximum number of atoms in a sitebox =           9
 boxes, patoms in boxes, empty boxes =       11191        5675        9092
Average phobic potential changed from  -0.852 to  -0.550 for  206 grid points

number of phobic points =   323   average phobic score =   0.92
number of philic points =  1650   average philic score =  -6.33

number of qualifying surf grid points =      352

number of qualifying phil grid points =      480

number of qualifying phob grid points =       53

number of qualifying accptr grid points =      191

number of qualifying donor grid points =      274

number of qualifying metal grid points =        0

visgrd volume surf                                                                            
visgrd author sitemap                                                                         
visgrd property name surf                                                                            
visgrd qualifying points   1477
visgrd default map values       1       1.00      2
visgrd number of dims    3
visgrd dimensions         26        23        23
visgrd axis scales      0.700     0.700     0.700

visgrd volume hydrophil                                                                       
visgrd author sitemap                                                                         
visgrd property name phil                                                                            
visgrd qualifying points    480
visgrd default map values       1      -8.00     10
visgrd number of dims    3
visgrd dimensions         26        23        23
visgrd axis scales      0.700     0.700     0.700

visgrd volume hydrophob                                                                       
visgrd author sitemap                                                                         
visgrd property name phob                                                                            
visgrd qualifying points    100
visgrd default map values       1      -0.50     13
visgrd number of dims    3
visgrd dimensions         26        23        23
visgrd axis scales      0.700     0.700     0.700

visgrd volume hbacceptor                                                                      
visgrd author sitemap                                                                         
visgrd property name accptr                                                                          
visgrd qualifying points    191
visgrd default map values       1      -8.00     16
visgrd number of dims    3
visgrd dimensions         26        23        23
visgrd axis scales      0.700     0.700     0.700

visgrd volume hbdonor                                                                         
visgrd author sitemap                                                                         
visgrd property name donor                                                                           
visgrd qualifying points    274
visgrd default map values       1      -8.00      5
visgrd number of dims    3
visgrd dimensions         26        23        23
visgrd axis scales      0.700     0.700     0.700

-- Evaluating site  1 --
Ligand/site-points file: 
Protein coordinates/parameters file: 
extend =   3
 Verbosity flags: F F F F F
all SiteMap grid files will be read
the protein charges will be modified to reduce formal charges and adjust donor/acceptor potentials
protein radii will be modified to allow closer approach to donor and acceptor heteroatoms
phobic areas emphasize enclosed regions and deemphasize exposed regions using alternative method
site-point set will be augmented by including significant nearby points
  threshold for adding phobic points:  -0.500
  threshold for adding philic points:  -8.000
base name for SiteMap grid files: 
 Reusing grid data
reusing site data
Number of protein atoms:    5675
 
phobic grid file reshaped
philic grid file reshaped
donor grid file reshaped
acceptor grid file reshaped
metal grid file reshaped
surf grid file reshaped
 maximum number of atoms in a sitebox =           9


Number of site points   26  first shell   41  higher shells   72   dirscore   0.905
1 vdw  -1.554   phob  -0.226   phil  -5.137   donor  -2.296   acceptor  -2.840   metal   0.000
2               phob  -0.087   phil  -4.921   donor  -2.315   acceptor  -2.606   metal   0.000

SiteScore size   Dscore  volume  exposure enclosure contact  phobic   philic   balance  don/acc
  0.954    56    0.800   194.48    0.669    0.905    1.199    0.606    1.372    0.442    0.808

-- Done with site  1 --

== End SiteMap calculation ==

Wrote 1 sites to "md0_crop495_coa_out.maegz".

Current time: Sun Jan 22 14:19:54 2023
Elapsed time: 0:00:06.97
SiteMap successfully completed.

