--------------------------------------------------------------------------------
JobId          : X299-0-63cd2ffe
Name           : md0_crop82_coa
Program        : SiteMap
Version        : 2021-4 build 135
Host           : X299
Dir            : /mnt/3a29b482-dac1-4563-be89-d63ad92354e9/cers_modelling/md_sampling_cers_models/charmm_gui_systems/cers2_10pc_chol/sitemaps
HostEntry      : localhost
JobHost        : X299
JobDir         : /scratch/tamir/md0_crop82_coa
JobSchrodinger : /opt/schrodinger2021-4
Commandline    : /opt/schrodinger2021-4/sitemap md0_crop82_coa.in -WAIT
StartTime      : 2023-01-22-14:45:50
--------------------------------------------------------------------------------

== Begin input keywords ==
ADDPHIL  -8.0
ADDPHOB  -0.5
ADDSP  True
COMPRESS  True
CUTOFF  20.0
D2THRESH  3.1
DTHRESH  6.5
DVSCALE  2.5
ENCLOSURE  0.5
EXTEND  3
FAKE  False
FFIELD  OPLS_2005
GRID  0.7
KEEPELEC  False
KEEPVDW  False
KEEPVOLPTS  True
KMAX  3
KMAX2  5
MAPDIST  4.0
MARGIN  6.0
MAXDIST  8.0
MAXSITES  1
MAXVDW  1.1
MINGROUP  3
MODCHARGES  True
MODPHOBIC  3
NEARRES  3.5
NTHRESH  3
PROT  md0_crop82.mae
R2THRESH  4.1
REPORTSIZE  10
ROUND  False
RTHRESH  5.0
VERBOSITY  0
WRITEGRIDS  False
WRITEPOT  False
WRITESTRUCTS  True
WRITEVIS  True
XCENT  57.1714973449707
XRANGE  10.0
YCENT  45.83900451660156
YRANGE  10.0
ZCENT  73.79449844360352
ZRANGE  10.0
== End input keywords ==

== Begin single-receptor SiteMap calculation ==

-- Begin site search --
 Parameters for this calculation:
 sitecut =  0.500000000000000     
 sitescmin =   1.10000000000000     
 afactor =   1.00000000000000     
 bfactor =   1.00000000000000     
 imaxsite =           8
 ithresh =           3
 mingroup =           3
 kmax =           3
 kmax2 =           5
 r2thresh =   4.10000000000000     
 dvscale =   2.50000000000000     
 dvscnorm =   2.50000000000000     
 dvscbig =   2.50000000000000     
 border =   2.00000000000000     
 dthresh =   6.50000000000000     
 rthresh =   5.00000000000000     
 maxgroup =         100
 r2thresh =   4.10000000000000     
 nthresh =           3
 ndir =         110
 use_vdw = T
 repname = none
 repsize =          10
 maxrep =           1
 sitelis = sites.lis
 profile = none
 sitelig = none
 siteasl = none
 use_sitelig =  F
 sitebox =  -999.000000000000     
 writepdb =  F
 number of protein atoms =        5675
Starting findsites:  Sunday, January 22 2023, at 14:45:54 IST
ptypes obtained:  Sunday, January 22 2023, at 14:45:54 IST
lj parameters obtained:  Sunday, January 22 2023, at 14:45:54 IST
Basic parameters obtained:  Sunday, January 22 2023, at 14:45:54 IST
Receptor parameterization completed:  Sunday, January 22 2023, at 14:45:54 IST
 scaled value of sitecut =   55.0000000000000     
 sphere directions set up         110
Sunday, January 22 2023, at 14:45:54 IST
 FINDSITE will use user-specified box
Centroid of box:  57.171  45.839  73.794
 boundaries   52.1714973449707        62.1714973449707     
   40.8390045166016        50.8390045166016        68.7944984436035     
   78.7944984436035     
 box          10          10          10
 maximum number of atoms in a sitebox =           7
Site points found:  Sunday, January 22 2023, at 14:45:54 IST
 boxes, patoms in boxes, empty boxes =         125         225          42
 total, outside sites =        1000         213
Site points pruned:  Sunday, January 22 2023, at 14:45:54 IST
final goodsites =        13
         2 sites will be removed
        11 good sites remain
Number of site groups found =     1

  Group  index  size  score     x       y       z     stdev
    1      1     11    1.19   54.61   47.45   72.96    1.31
Sites linked and merged:  Sunday, January 22 2023, at 14:45:54 IST
 Storing receptor data

Site-finding complete.
Number of sites to map/eval:  1

-- Mapping site  1 --
jobname: md0_crop82_coa_site_1
all SiteMap grid files will be generated
 philic map specified
 phobic map specified
 donor map specified
 acceptor map specified
 metal-ligation map specified
 surface-display map specified
grid margin:     6.00
grid spacing:     0.70
non-bonded cutoff:    20.00
ligand/sitepoints file: 
protein coordinates/parameters file: 
output map/grid files will be written to the current directory
vis files will be written
protein charges will be modified to reduce formal charges and adjust donor/acceptor potentials
protein radii will be modified to allow closer approach to donor and acceptor heteroatoms
phobic areas will be modified to emphasize enclosed regions and to deemphasize exposed regions using alternative method
all input instructions read
 Getting site data
ligand xcm,ycm,zcm,xrange,yrange,zrange 54.671 47.339 73.294  1.000  1.000  3.000

 Reusing receptor data from site-finding stage.

Sitemap: electrostatic+vdw interaction energy
Map field of *enzyme* in region of *inhibitor*

computing site maps ...
grid lim (orig)  48.171  61.171  40.839  53.839  65.794  80.794
grid lim (adj)   48.021  61.321  40.689  53.989  65.594  80.994
grid point counts   20   20   23
total grid points    9200

 5675 receptor atoms read
grid: adjdip
number of grid points within emin, emax limits =     7732
 maximum grid value before cutoff =               -0.470
 minimum grid value before cutoff =   -659.341

philic and phobic grids formed
grid: surf
number of grid points within emin, emax limits =     1727
 maximum grid value before cutoff =         34446302.007
 minimum grid value before cutoff =     -2.934

grid: phil
number of grid points within emin, emax limits =     2332
 maximum grid value before cutoff =         34446252.007
 minimum grid value before cutoff =    -26.623

grid: phob
number of grid points within emin, emax limits =     1023
 maximum grid value before cutoff =         34446317.007
 minimum grid value before cutoff =     -1.491

mod_phobic: phobthresh, philthresh =  -0.250  -3.000
 maximum number of atoms in a sitebox =           9
 boxes, patoms in boxes, empty boxes =       12369        5675       10276
Average phobic potential changed from  -0.828 to  -0.547 for  172 grid points

number of phobic points =   288   average phobic score =   0.76
number of philic points =  2044   average philic score =  -5.56

number of qualifying surf grid points =      309

number of qualifying phil grid points =      463

number of qualifying phob grid points =       25

number of qualifying accptr grid points =      189

number of qualifying donor grid points =      267

number of qualifying metal grid points =        0

visgrd volume surf                                                                            
visgrd author sitemap                                                                         
visgrd property name surf                                                                            
visgrd qualifying points   1870
visgrd default map values       1       1.00      2
visgrd number of dims    3
visgrd dimensions         20        20        23
visgrd axis scales      0.700     0.700     0.700

visgrd volume hydrophil                                                                       
visgrd author sitemap                                                                         
visgrd property name phil                                                                            
visgrd qualifying points    463
visgrd default map values       1      -8.00     10
visgrd number of dims    3
visgrd dimensions         20        20        23
visgrd axis scales      0.700     0.700     0.700

visgrd volume hydrophob                                                                       
visgrd author sitemap                                                                         
visgrd property name phob                                                                            
visgrd qualifying points    103
visgrd default map values       1      -0.50     13
visgrd number of dims    3
visgrd dimensions         20        20        23
visgrd axis scales      0.700     0.700     0.700

visgrd volume hbacceptor                                                                      
visgrd author sitemap                                                                         
visgrd property name accptr                                                                          
visgrd qualifying points    189
visgrd default map values       1      -8.00     16
visgrd number of dims    3
visgrd dimensions         20        20        23
visgrd axis scales      0.700     0.700     0.700

visgrd volume hbdonor                                                                         
visgrd author sitemap                                                                         
visgrd property name donor                                                                           
visgrd qualifying points    267
visgrd default map values       1      -8.00      5
visgrd number of dims    3
visgrd dimensions         20        20        23
visgrd axis scales      0.700     0.700     0.700

-- Evaluating site  1 --
Ligand/site-points file: 
Protein coordinates/parameters file: 
extend =   3
 Verbosity flags: F F F F F
all SiteMap grid files will be read
the protein charges will be modified to reduce formal charges and adjust donor/acceptor potentials
protein radii will be modified to allow closer approach to donor and acceptor heteroatoms
phobic areas emphasize enclosed regions and deemphasize exposed regions using alternative method
site-point set will be augmented by including significant nearby points
  threshold for adding phobic points:  -0.500
  threshold for adding philic points:  -8.000
base name for SiteMap grid files: 
 Reusing grid data
reusing site data
Number of protein atoms:    5675
 
phobic grid file reshaped
philic grid file reshaped
donor grid file reshaped
acceptor grid file reshaped
metal grid file reshaped
surf grid file reshaped
 maximum number of atoms in a sitebox =           9


Number of site points   11  first shell   36  higher shells   55   dirscore   0.874
1 vdw  -1.421   phob  -0.225   phil  -4.711   donor  -2.031   acceptor  -2.680   metal   0.000
2               phob  -0.080   phil  -4.582   donor  -2.150   acceptor  -2.432   metal   0.000

SiteScore size   Dscore  volume  exposure enclosure contact  phobic   philic   balance  don/acc
  0.780    29    0.621   183.16    0.758    0.874    1.096    0.559    1.258    0.444    0.758

-- Done with site  1 --

== End SiteMap calculation ==

Wrote 1 sites to "md0_crop82_coa_out.maegz".

Current time: Sun Jan 22 14:45:55 2023
Elapsed time: 0:00:04.24
SiteMap successfully completed.

