--------------------------------------------------------------------------------
JobId          : X299-0-63cd2c5b
Name           : md0_crop58_coa
Program        : SiteMap
Version        : 2021-4 build 135
Host           : X299
Dir            : /mnt/3a29b482-dac1-4563-be89-d63ad92354e9/cers_modelling/md_sampling_cers_models/charmm_gui_systems/cers2_10pc_chol/sitemaps
HostEntry      : localhost
JobHost        : X299
JobDir         : /scratch/tamir/md0_crop58_coa
JobSchrodinger : /opt/schrodinger2021-4
Commandline    : /opt/schrodinger2021-4/sitemap md0_crop58_coa.in -WAIT
StartTime      : 2023-01-22-14:30:19
--------------------------------------------------------------------------------

== Begin input keywords ==
ADDPHIL  -8.0
ADDPHOB  -0.5
ADDSP  True
COMPRESS  True
CUTOFF  20.0
D2THRESH  3.1
DTHRESH  6.5
DVSCALE  2.5
ENCLOSURE  0.5
EXTEND  3
FAKE  False
FFIELD  OPLS_2005
GRID  0.7
KEEPELEC  False
KEEPVDW  False
KEEPVOLPTS  True
KMAX  3
KMAX2  5
MAPDIST  4.0
MARGIN  6.0
MAXDIST  8.0
MAXSITES  1
MAXVDW  1.1
MINGROUP  3
MODCHARGES  True
MODPHOBIC  3
NEARRES  3.5
NTHRESH  3
PROT  md0_crop58.mae
R2THRESH  4.1
REPORTSIZE  10
ROUND  False
RTHRESH  5.0
VERBOSITY  0
WRITEGRIDS  False
WRITEPOT  False
WRITESTRUCTS  True
WRITEVIS  True
XCENT  57.11400032043457
XRANGE  10.0
YCENT  45.95900058746338
YRANGE  10.0
ZCENT  74.06449794769287
ZRANGE  10.0
== End input keywords ==

== Begin single-receptor SiteMap calculation ==

-- Begin site search --
 Parameters for this calculation:
 sitecut =  0.500000000000000     
 sitescmin =   1.10000000000000     
 afactor =   1.00000000000000     
 bfactor =   1.00000000000000     
 imaxsite =           8
 ithresh =           3
 mingroup =           3
 kmax =           3
 kmax2 =           5
 r2thresh =   4.10000000000000     
 dvscale =   2.50000000000000     
 dvscnorm =   2.50000000000000     
 dvscbig =   2.50000000000000     
 border =   2.00000000000000     
 dthresh =   6.50000000000000     
 rthresh =   5.00000000000000     
 maxgroup =         100
 r2thresh =   4.10000000000000     
 nthresh =           3
 ndir =         110
 use_vdw = T
 repname = none
 repsize =          10
 maxrep =           1
 sitelis = sites.lis
 profile = none
 sitelig = none
 siteasl = none
 use_sitelig =  F
 sitebox =  -999.000000000000     
 writepdb =  F
 number of protein atoms =        5676
Starting findsites:  Sunday, January 22 2023, at 14:30:24 IST
ptypes obtained:  Sunday, January 22 2023, at 14:30:24 IST
lj parameters obtained:  Sunday, January 22 2023, at 14:30:24 IST
Basic parameters obtained:  Sunday, January 22 2023, at 14:30:24 IST
Receptor parameterization completed:  Sunday, January 22 2023, at 14:30:24 IST
 scaled value of sitecut =   55.0000000000000     
 sphere directions set up         110
Sunday, January 22 2023, at 14:30:24 IST
 FINDSITE will use user-specified box
Centroid of box:  57.114  45.959  74.064
 boundaries   52.1140003204346        62.1140003204346     
   40.9590005874634        50.9590005874634        69.0644979476929     
   79.0644979476929     
 box          10          10          10
 maximum number of atoms in a sitebox =           6
Site points found:  Sunday, January 22 2023, at 14:30:24 IST
 boxes, patoms in boxes, empty boxes =         125         246          34
 total, outside sites =        1000         170
Site points pruned:  Sunday, January 22 2023, at 14:30:24 IST
final goodsites =        31
         4 sites will be removed
        27 good sites remain
Number of site groups found =     1

  Group  index  size  score     x       y       z     stdev
    1      1     27    1.33   55.49   46.93   72.42    1.76
Sites linked and merged:  Sunday, January 22 2023, at 14:30:24 IST
 Storing receptor data

Site-finding complete.
Number of sites to map/eval:  1

-- Mapping site  1 --
jobname: md0_crop58_coa_site_1
all SiteMap grid files will be generated
 philic map specified
 phobic map specified
 donor map specified
 acceptor map specified
 metal-ligation map specified
 surface-display map specified
grid margin:     6.00
grid spacing:     0.70
non-bonded cutoff:    20.00
ligand/sitepoints file: 
protein coordinates/parameters file: 
output map/grid files will be written to the current directory
vis files will be written
protein charges will be modified to reduce formal charges and adjust donor/acceptor potentials
protein radii will be modified to allow closer approach to donor and acceptor heteroatoms
phobic areas will be modified to emphasize enclosed regions and to deemphasize exposed regions using alternative method
all input instructions read
 Getting site data
ligand xcm,ycm,zcm,xrange,yrange,zrange 56.114 46.459 72.064  4.000  3.000  4.000

 Reusing receptor data from site-finding stage.

Sitemap: electrostatic+vdw interaction energy
Map field of *enzyme* in region of *inhibitor*

computing site maps ...
grid lim (orig)  48.114  64.114  38.959  53.959  64.064  80.064
grid lim (adj)   48.064  64.164  38.759  54.159  64.014  80.114
grid point counts   24   23   24
total grid points   13248

 5676 receptor atoms read
grid: adjdip
number of grid points within emin, emax limits =    11016
 maximum grid value before cutoff =               -0.278
 minimum grid value before cutoff =   -766.504

philic and phobic grids formed
grid: surf
number of grid points within emin, emax limits =     2462
 maximum grid value before cutoff =         41746211.239
 minimum grid value before cutoff =     -2.810

grid: phil
number of grid points within emin, emax limits =     2228
 maximum grid value before cutoff =         41746161.239
 minimum grid value before cutoff =    -26.936

grid: phob
number of grid points within emin, emax limits =      916
 maximum grid value before cutoff =         41746226.239
 minimum grid value before cutoff =     -2.207

mod_phobic: phobthresh, philthresh =  -0.250  -3.000
 maximum number of atoms in a sitebox =           8
 boxes, patoms in boxes, empty boxes =       12369        5676       10272
Average phobic potential changed from  -0.908 to  -0.621 for  264 grid points

number of phobic points =   396   average phobic score =   0.91
number of philic points =  1832   average philic score =  -6.30

number of qualifying surf grid points =      393

number of qualifying phil grid points =      542

number of qualifying phob grid points =       71

number of qualifying accptr grid points =      233

number of qualifying donor grid points =      293

number of qualifying metal grid points =        0

visgrd volume surf                                                                            
visgrd author sitemap                                                                         
visgrd property name surf                                                                            
visgrd qualifying points   1683
visgrd default map values       1       1.00      2
visgrd number of dims    3
visgrd dimensions         24        23        24
visgrd axis scales      0.700     0.700     0.700

visgrd volume hydrophil                                                                       
visgrd author sitemap                                                                         
visgrd property name phil                                                                            
visgrd qualifying points    542
visgrd default map values       1      -8.00     10
visgrd number of dims    3
visgrd dimensions         24        23        24
visgrd axis scales      0.700     0.700     0.700

visgrd volume hydrophob                                                                       
visgrd author sitemap                                                                         
visgrd property name phob                                                                            
visgrd qualifying points    171
visgrd default map values       1      -0.50     13
visgrd number of dims    3
visgrd dimensions         24        23        24
visgrd axis scales      0.700     0.700     0.700

visgrd volume hbacceptor                                                                      
visgrd author sitemap                                                                         
visgrd property name accptr                                                                          
visgrd qualifying points    233
visgrd default map values       1      -8.00     16
visgrd number of dims    3
visgrd dimensions         24        23        24
visgrd axis scales      0.700     0.700     0.700

visgrd volume hbdonor                                                                         
visgrd author sitemap                                                                         
visgrd property name donor                                                                           
visgrd qualifying points    293
visgrd default map values       1      -8.00      5
visgrd number of dims    3
visgrd dimensions         24        23        24
visgrd axis scales      0.700     0.700     0.700

-- Evaluating site  1 --
Ligand/site-points file: 
Protein coordinates/parameters file: 
extend =   3
 Verbosity flags: F F F F F
all SiteMap grid files will be read
the protein charges will be modified to reduce formal charges and adjust donor/acceptor potentials
protein radii will be modified to allow closer approach to donor and acceptor heteroatoms
phobic areas emphasize enclosed regions and deemphasize exposed regions using alternative method
site-point set will be augmented by including significant nearby points
  threshold for adding phobic points:  -0.500
  threshold for adding philic points:  -8.000
base name for SiteMap grid files: 
 Reusing grid data
reusing site data
Number of protein atoms:    5676
 
phobic grid file reshaped
philic grid file reshaped
donor grid file reshaped
acceptor grid file reshaped
metal grid file reshaped
surf grid file reshaped
 maximum number of atoms in a sitebox =           8


Number of site points   27  first shell   43  higher shells   69   dirscore   0.893
1 vdw  -1.458   phob  -0.295   phil  -4.449   donor  -1.719   acceptor  -2.729   metal   0.000
2               phob  -0.132   phil  -4.238   donor  -2.186   acceptor  -2.053   metal   0.000

SiteScore size   Dscore  volume  exposure enclosure contact  phobic   philic   balance  don/acc
  0.989    65    0.907   226.72    0.633    0.893    1.125    0.914    1.188    0.770    0.630

-- Done with site  1 --

== End SiteMap calculation ==

Wrote 1 sites to "md0_crop58_coa_out.maegz".

Current time: Sun Jan 22 14:30:27 2023
Elapsed time: 0:00:06.75
SiteMap successfully completed.

