--------------------------------------------------------------------------------
JobId          : X299-0-63cd1eaa
Name           : md0_crop381_sph
Program        : SiteMap
Version        : 2021-4 build 135
Host           : X299
Dir            : /mnt/3a29b482-dac1-4563-be89-d63ad92354e9/cers_modelling/md_sampling_cers_models/charmm_gui_systems/cers2_10pc_chol/sitemaps
HostEntry      : localhost
JobHost        : X299
JobDir         : /scratch/tamir/md0_crop381_sph
JobSchrodinger : /opt/schrodinger2021-4
Commandline    : /opt/schrodinger2021-4/sitemap md0_crop381_sph.in -WAIT
StartTime      : 2023-01-22-13:31:55
--------------------------------------------------------------------------------

== Begin input keywords ==
ADDPHIL  -8.0
ADDPHOB  -0.5
ADDSP  True
COMPRESS  True
CUTOFF  20.0
D2THRESH  3.1
DTHRESH  6.5
DVSCALE  2.5
ENCLOSURE  0.5
EXTEND  3
FAKE  False
FFIELD  OPLS_2005
GRID  0.7
KEEPELEC  False
KEEPVDW  False
KEEPVOLPTS  True
KMAX  3
KMAX2  5
MAPDIST  4.0
MARGIN  6.0
MAXDIST  8.0
MAXSITES  1
MAXVDW  1.1
MINGROUP  3
MODCHARGES  True
MODPHOBIC  3
NEARRES  3.5
NTHRESH  3
PROT  md0_crop381.mae
R2THRESH  4.1
REPORTSIZE  10
ROUND  False
RTHRESH  5.0
VERBOSITY  0
WRITEGRIDS  False
WRITEPOT  False
WRITESTRUCTS  True
WRITEVIS  True
XCENT  44.025001525878906
XRANGE  10.0
YCENT  41.3700008392334
YRANGE  10.0
ZCENT  64.2770004272461
ZRANGE  10.0
== End input keywords ==

== Begin single-receptor SiteMap calculation ==

-- Begin site search --
 Parameters for this calculation:
 sitecut =  0.500000000000000     
 sitescmin =   1.10000000000000     
 afactor =   1.00000000000000     
 bfactor =   1.00000000000000     
 imaxsite =           8
 ithresh =           3
 mingroup =           3
 kmax =           3
 kmax2 =           5
 r2thresh =   4.10000000000000     
 dvscale =   2.50000000000000     
 dvscnorm =   2.50000000000000     
 dvscbig =   2.50000000000000     
 border =   2.00000000000000     
 dthresh =   6.50000000000000     
 rthresh =   5.00000000000000     
 maxgroup =         100
 r2thresh =   4.10000000000000     
 nthresh =           3
 ndir =         110
 use_vdw = T
 repname = none
 repsize =          10
 maxrep =           1
 sitelis = sites.lis
 profile = none
 sitelig = none
 siteasl = none
 use_sitelig =  F
 sitebox =  -999.000000000000     
 writepdb =  F
 number of protein atoms =        5675
Starting findsites:  Sunday, January 22 2023, at 13:31:58 IST
ptypes obtained:  Sunday, January 22 2023, at 13:31:58 IST
lj parameters obtained:  Sunday, January 22 2023, at 13:31:58 IST
Basic parameters obtained:  Sunday, January 22 2023, at 13:31:58 IST
Receptor parameterization completed:  Sunday, January 22 2023, at 13:31:58 IST
 scaled value of sitecut =   55.0000000000000     
 sphere directions set up         110
Sunday, January 22 2023, at 13:31:58 IST
 FINDSITE will use user-specified box
Centroid of box:  44.025  41.370  64.277
 boundaries   39.0250015258789        49.0250015258789     
   36.3700008392334        46.3700008392334        59.2770004272461     
   69.2770004272461     
 box          10          10          10
 maximum number of atoms in a sitebox =           6
Site points found:  Sunday, January 22 2023, at 13:31:58 IST
 boxes, patoms in boxes, empty boxes =         125         176          53
 total, outside sites =        1000         329
Site points pruned:  Sunday, January 22 2023, at 13:31:58 IST
final goodsites =         9
         3 sites will be removed
         6 good sites remain
Number of site groups found =     1

  Group  index  size  score     x       y       z     stdev
    1      1      6    1.46   47.00   42.92   63.28    0.95
Sites linked and merged:  Sunday, January 22 2023, at 13:31:58 IST
 Storing receptor data

Site-finding complete.
Number of sites to map/eval:  1

-- Mapping site  1 --
jobname: md0_crop381_sph_site_1
all SiteMap grid files will be generated
 philic map specified
 phobic map specified
 donor map specified
 acceptor map specified
 metal-ligation map specified
 surface-display map specified
grid margin:     6.00
grid spacing:     0.70
non-bonded cutoff:    20.00
ligand/sitepoints file: 
protein coordinates/parameters file: 
output map/grid files will be written to the current directory
vis files will be written
protein charges will be modified to reduce formal charges and adjust donor/acceptor potentials
protein radii will be modified to allow closer approach to donor and acceptor heteroatoms
phobic areas will be modified to emphasize enclosed regions and to deemphasize exposed regions using alternative method
all input instructions read
 Getting site data
ligand xcm,ycm,zcm,xrange,yrange,zrange 47.025 42.870 63.277  2.000  1.000  0.000

 Reusing receptor data from site-finding stage.

Sitemap: electrostatic+vdw interaction energy
Map field of *enzyme* in region of *inhibitor*

computing site maps ...
grid lim (orig)  40.025  54.025  36.370  49.370  57.277  69.277
grid lim (adj)   39.675  54.375  36.220  49.520  56.977  69.577
grid point counts   22   20   19
total grid points    8360

 5675 receptor atoms read
grid: adjdip
number of grid points within emin, emax limits =     7550
 maximum grid value before cutoff =               -0.045
 minimum grid value before cutoff =   -525.549

philic and phobic grids formed
grid: surf
number of grid points within emin, emax limits =     1825
 maximum grid value before cutoff =         31380231.570
 minimum grid value before cutoff =     -2.804

grid: phil
number of grid points within emin, emax limits =     2246
 maximum grid value before cutoff =         31380181.570
 minimum grid value before cutoff =    -18.460

grid: phob
number of grid points within emin, emax limits =     1481
 maximum grid value before cutoff =         31380246.570
 minimum grid value before cutoff =     -2.151

mod_phobic: phobthresh, philthresh =  -0.250  -3.000
 maximum number of atoms in a sitebox =           8
 boxes, patoms in boxes, empty boxes =       10469        5675        8363
Average phobic potential changed from  -0.798 to  -0.470 for  734 grid points

number of phobic points =  1061   average phobic score =   0.69
number of philic points =  1185   average philic score =  -4.31

number of qualifying surf grid points =      363

number of qualifying phil grid points =      164

number of qualifying phob grid points =       96

number of qualifying accptr grid points =       17

number of qualifying donor grid points =      140

number of qualifying metal grid points =        0

visgrd volume surf                                                                            
visgrd author sitemap                                                                         
visgrd property name surf                                                                            
visgrd qualifying points   2001
visgrd default map values       1       1.00      2
visgrd number of dims    3
visgrd dimensions         22        20        19
visgrd axis scales      0.700     0.700     0.700

visgrd volume hydrophil                                                                       
visgrd author sitemap                                                                         
visgrd property name phil                                                                            
visgrd qualifying points    164
visgrd default map values       1      -8.00     10
visgrd number of dims    3
visgrd dimensions         22        20        19
visgrd axis scales      0.700     0.700     0.700

visgrd volume hydrophob                                                                       
visgrd author sitemap                                                                         
visgrd property name phob                                                                            
visgrd qualifying points    228
visgrd default map values       1      -0.50     13
visgrd number of dims    3
visgrd dimensions         22        20        19
visgrd axis scales      0.700     0.700     0.700

visgrd volume hbacceptor                                                                      
visgrd author sitemap                                                                         
visgrd property name accptr                                                                          
visgrd qualifying points     17
visgrd default map values       1      -8.00     16
visgrd number of dims    3
visgrd dimensions         22        20        19
visgrd axis scales      0.700     0.700     0.700

visgrd volume hbdonor                                                                         
visgrd author sitemap                                                                         
visgrd property name donor                                                                           
visgrd qualifying points    140
visgrd default map values       1      -8.00      5
visgrd number of dims    3
visgrd dimensions         22        20        19
visgrd axis scales      0.700     0.700     0.700

-- Evaluating site  1 --
Ligand/site-points file: 
Protein coordinates/parameters file: 
extend =   3
 Verbosity flags: F F F F F
all SiteMap grid files will be read
the protein charges will be modified to reduce formal charges and adjust donor/acceptor potentials
protein radii will be modified to allow closer approach to donor and acceptor heteroatoms
phobic areas emphasize enclosed regions and deemphasize exposed regions using alternative method
site-point set will be augmented by including significant nearby points
  threshold for adding phobic points:  -0.500
  threshold for adding philic points:  -8.000
base name for SiteMap grid files: 
 Reusing grid data
reusing site data
Number of protein atoms:    5675
 
phobic grid file reshaped
philic grid file reshaped
donor grid file reshaped
acceptor grid file reshaped
metal grid file reshaped
surf grid file reshaped
 maximum number of atoms in a sitebox =           8


Number of site points    6  first shell   13  higher shells   39   dirscore   0.834
1 vdw  -1.386   phob  -0.327   phil  -3.291   donor  -3.222   acceptor  -0.069   metal   0.000
2               phob  -0.146   phil  -3.004   donor  -0.052   acceptor  -2.952   metal   0.000

SiteScore size   Dscore  volume  exposure enclosure contact  phobic   philic   balance  don/acc
  0.673    15    0.578   131.37    0.776    0.834    1.070    1.017    0.879    1.157   46.584

-- Done with site  1 --

== End SiteMap calculation ==

Wrote 1 sites to "md0_crop381_sph_out.maegz".

Current time: Sun Jan 22 13:32:00 2023
Elapsed time: 0:00:04.16
SiteMap successfully completed.

