--------------------------------------------------------------------------------
JobId          : X299-0-63cd0e23
Name           : md0_crop206_coa
Program        : SiteMap
Version        : 2021-4 build 135
Host           : X299
Dir            : /mnt/3a29b482-dac1-4563-be89-d63ad92354e9/cers_modelling/md_sampling_cers_models/charmm_gui_systems/cers2_10pc_chol/sitemaps
HostEntry      : localhost
JobHost        : X299
JobDir         : /scratch/tamir/md0_crop206_coa
JobSchrodinger : /opt/schrodinger2021-4
Commandline    : /opt/schrodinger2021-4/sitemap md0_crop206_coa.in -WAIT
StartTime      : 2023-01-22-12:21:23
--------------------------------------------------------------------------------

== Begin input keywords ==
ADDPHIL  -8.0
ADDPHOB  -0.5
ADDSP  True
COMPRESS  True
CUTOFF  20.0
D2THRESH  3.1
DTHRESH  6.5
DVSCALE  2.5
ENCLOSURE  0.5
EXTEND  3
FAKE  False
FFIELD  OPLS_2005
GRID  0.7
KEEPELEC  False
KEEPVDW  False
KEEPVOLPTS  True
KMAX  3
KMAX2  5
MAPDIST  4.0
MARGIN  6.0
MAXDIST  8.0
MAXSITES  1
MAXVDW  1.1
MINGROUP  3
MODCHARGES  True
MODPHOBIC  3
NEARRES  3.5
NTHRESH  3
PROT  md0_crop206.mae
R2THRESH  4.1
REPORTSIZE  10
ROUND  False
RTHRESH  5.0
VERBOSITY  0
WRITEGRIDS  False
WRITEPOT  False
WRITESTRUCTS  True
WRITEVIS  True
XCENT  57.50149726867676
XRANGE  10.0
YCENT  44.384002685546875
YRANGE  10.0
ZCENT  75.30250549316406
ZRANGE  10.0
== End input keywords ==

== Begin single-receptor SiteMap calculation ==

-- Begin site search --
 Parameters for this calculation:
 sitecut =  0.500000000000000     
 sitescmin =   1.10000000000000     
 afactor =   1.00000000000000     
 bfactor =   1.00000000000000     
 imaxsite =           8
 ithresh =           3
 mingroup =           3
 kmax =           3
 kmax2 =           5
 r2thresh =   4.10000000000000     
 dvscale =   2.50000000000000     
 dvscnorm =   2.50000000000000     
 dvscbig =   2.50000000000000     
 border =   2.00000000000000     
 dthresh =   6.50000000000000     
 rthresh =   5.00000000000000     
 maxgroup =         100
 r2thresh =   4.10000000000000     
 nthresh =           3
 ndir =         110
 use_vdw = T
 repname = none
 repsize =          10
 maxrep =           1
 sitelis = sites.lis
 profile = none
 sitelig = none
 siteasl = none
 use_sitelig =  F
 sitebox =  -999.000000000000     
 writepdb =  F
 number of protein atoms =        5675
Starting findsites:  Sunday, January 22 2023, at 12:21:26 IST
ptypes obtained:  Sunday, January 22 2023, at 12:21:27 IST
lj parameters obtained:  Sunday, January 22 2023, at 12:21:27 IST
Basic parameters obtained:  Sunday, January 22 2023, at 12:21:27 IST
Receptor parameterization completed:  Sunday, January 22 2023, at 12:21:27 IST
 scaled value of sitecut =   55.0000000000000     
 sphere directions set up         110
Sunday, January 22 2023, at 12:21:27 IST
 FINDSITE will use user-specified box
Centroid of box:  57.501  44.384  75.303
 boundaries   52.5014972686768        62.5014972686768     
   39.3840026855469        49.3840026855469        70.3025054931641     
   80.3025054931641     
 box          10          10          10
 maximum number of atoms in a sitebox =           7
Site points found:  Sunday, January 22 2023, at 12:21:27 IST
 boxes, patoms in boxes, empty boxes =         125         242          36
 total, outside sites =        1000         171
Site points pruned:  Sunday, January 22 2023, at 12:21:27 IST
final goodsites =        36
         1 sites will be removed
        35 good sites remain
Number of site groups found =     2

  Group  index  size  score     x       y       z     stdev
    1      1     29    1.34   56.79   45.92   72.97    2.53
    2      2      6    1.29   54.97   47.38   77.31    0.96

Inter-group relationships
     g1     g2     n1     n2    dmin    davg   spread  ratio     x1      y1      z1      x2      y2      z2
      1      2     29      6    2.45    4.93    3.49    1.41   56.79   45.92   72.97   54.97   47.38   77.31
 groups           1           2  will be considered for merger
site groups connected   53.50   46.38   73.30   7    4.00   1   3   2
                        53.50   46.38   75.30
 successful merge of groups           1           2
Number of site groups found =     1

  Group  index  size  score     x       y       z     stdev
    1      1     35    1.33   56.49   46.16   73.69    2.97
Sites linked and merged:  Sunday, January 22 2023, at 12:21:27 IST
 Storing receptor data

Site-finding complete.
Number of sites to map/eval:  1

-- Mapping site  1 --
jobname: md0_crop206_coa_site_1
all SiteMap grid files will be generated
 philic map specified
 phobic map specified
 donor map specified
 acceptor map specified
 metal-ligation map specified
 surface-display map specified
grid margin:     6.00
grid spacing:     0.70
non-bonded cutoff:    20.00
ligand/sitepoints file: 
protein coordinates/parameters file: 
output map/grid files will be written to the current directory
vis files will be written
protein charges will be modified to reduce formal charges and adjust donor/acceptor potentials
protein radii will be modified to allow closer approach to donor and acceptor heteroatoms
phobic areas will be modified to emphasize enclosed regions and to deemphasize exposed regions using alternative method
all input instructions read
 Getting site data
ligand xcm,ycm,zcm,xrange,yrange,zrange 57.501 45.884 74.803  8.000  3.000  7.000

 Reusing receptor data from site-finding stage.

Sitemap: electrostatic+vdw interaction energy
Map field of *enzyme* in region of *inhibitor*

computing site maps ...
grid lim (orig)  47.501  67.501  38.384  53.384  65.303  84.303
grid lim (adj)   47.351  67.651  38.184  53.584  65.003  84.603
grid point counts   30   23   29
total grid points   20010

 5675 receptor atoms read
grid: adjdip
number of grid points within emin, emax limits =    16655
 maximum grid value before cutoff =               -0.164
 minimum grid value before cutoff =   -660.718

philic and phobic grids formed
grid: surf
number of grid points within emin, emax limits =     3335
 maximum grid value before cutoff =         45357001.675
 minimum grid value before cutoff =     -2.999

grid: phil
number of grid points within emin, emax limits =     3737
 maximum grid value before cutoff =         45356951.675
 minimum grid value before cutoff =    -26.341

grid: phob
number of grid points within emin, emax limits =     1813
 maximum grid value before cutoff =         45357016.675
 minimum grid value before cutoff =     -1.979

mod_phobic: phobthresh, philthresh =  -0.250  -3.000
 maximum number of atoms in a sitebox =           8
 boxes, patoms in boxes, empty boxes =       12369        5675       10268
Average phobic potential changed from  -0.805 to  -0.475 for  640 grid points

number of phobic points =   866   average phobic score =   0.74
number of philic points =  2871   average philic score =  -5.16

number of qualifying surf grid points =      515

number of qualifying phil grid points =      582

number of qualifying phob grid points =      107

number of qualifying accptr grid points =      283

number of qualifying donor grid points =      264

number of qualifying metal grid points =        0

visgrd volume surf                                                                            
visgrd author sitemap                                                                         
visgrd property name surf                                                                            
visgrd qualifying points   3044
visgrd default map values       1       1.00      2
visgrd number of dims    3
visgrd dimensions         30        23        29
visgrd axis scales      0.700     0.700     0.700

visgrd volume hydrophil                                                                       
visgrd author sitemap                                                                         
visgrd property name phil                                                                            
visgrd qualifying points    582
visgrd default map values       1      -8.00     10
visgrd number of dims    3
visgrd dimensions         30        23        29
visgrd axis scales      0.700     0.700     0.700

visgrd volume hydrophob                                                                       
visgrd author sitemap                                                                         
visgrd property name phob                                                                            
visgrd qualifying points    243
visgrd default map values       1      -0.50     13
visgrd number of dims    3
visgrd dimensions         30        23        29
visgrd axis scales      0.700     0.700     0.700

visgrd volume hbacceptor                                                                      
visgrd author sitemap                                                                         
visgrd property name accptr                                                                          
visgrd qualifying points    283
visgrd default map values       1      -8.00     16
visgrd number of dims    3
visgrd dimensions         30        23        29
visgrd axis scales      0.700     0.700     0.700

visgrd volume hbdonor                                                                         
visgrd author sitemap                                                                         
visgrd property name donor                                                                           
visgrd qualifying points    264
visgrd default map values       1      -8.00      5
visgrd number of dims    3
visgrd dimensions         30        23        29
visgrd axis scales      0.700     0.700     0.700

-- Evaluating site  1 --
Ligand/site-points file: 
Protein coordinates/parameters file: 
extend =   3
 Verbosity flags: F F F F F
all SiteMap grid files will be read
the protein charges will be modified to reduce formal charges and adjust donor/acceptor potentials
protein radii will be modified to allow closer approach to donor and acceptor heteroatoms
phobic areas emphasize enclosed regions and deemphasize exposed regions using alternative method
site-point set will be augmented by including significant nearby points
  threshold for adding phobic points:  -0.500
  threshold for adding philic points:  -8.000
base name for SiteMap grid files: 
 Reusing grid data
reusing site data
Number of protein atoms:    5675
 
phobic grid file reshaped
philic grid file reshaped
donor grid file reshaped
acceptor grid file reshaped
metal grid file reshaped
surf grid file reshaped
 maximum number of atoms in a sitebox =           8


Number of site points   35  first shell   72  higher shells   80   dirscore   0.868
1 vdw  -1.474   phob  -0.330   phil  -4.406   donor  -1.322   acceptor  -3.084   metal   0.000
2               phob  -0.126   phil  -4.245   donor  -2.673   acceptor  -1.572   metal   0.000

SiteScore size   Dscore  volume  exposure enclosure contact  phobic   philic   balance  don/acc
  1.028    78    0.968   305.61    0.661    0.868    1.137    0.877    1.176    0.746    0.429

-- Done with site  1 --

== End SiteMap calculation ==

Wrote 1 sites to "md0_crop206_coa_out.maegz".

Current time: Sun Jan 22 12:21:29 2023
Elapsed time: 0:00:05.06
SiteMap successfully completed.

