--------------------------------------------------------------------------------
JobId          : X299-0-63cd1883
Name           : md0_crop316_coa
Program        : SiteMap
Version        : 2021-4 build 135
Host           : X299
Dir            : /mnt/3a29b482-dac1-4563-be89-d63ad92354e9/cers_modelling/md_sampling_cers_models/charmm_gui_systems/cers2_10pc_chol/sitemaps
HostEntry      : localhost
JobHost        : X299
JobDir         : /scratch/tamir/md0_crop316_coa
JobSchrodinger : /opt/schrodinger2021-4
Commandline    : /opt/schrodinger2021-4/sitemap md0_crop316_coa.in -WAIT
StartTime      : 2023-01-22-13:05:39
--------------------------------------------------------------------------------

== Begin input keywords ==
ADDPHIL  -8.0
ADDPHOB  -0.5
ADDSP  True
COMPRESS  True
CUTOFF  20.0
D2THRESH  3.1
DTHRESH  6.5
DVSCALE  2.5
ENCLOSURE  0.5
EXTEND  3
FAKE  False
FFIELD  OPLS_2005
GRID  0.7
KEEPELEC  False
KEEPVDW  False
KEEPVOLPTS  True
KMAX  3
KMAX2  5
MAPDIST  4.0
MARGIN  6.0
MAXDIST  8.0
MAXSITES  1
MAXVDW  1.1
MINGROUP  3
MODCHARGES  True
MODPHOBIC  3
NEARRES  3.5
NTHRESH  3
PROT  md0_crop316.mae
R2THRESH  4.1
REPORTSIZE  10
ROUND  False
RTHRESH  5.0
VERBOSITY  0
WRITEGRIDS  False
WRITEPOT  False
WRITESTRUCTS  True
WRITEVIS  True
XCENT  56.83399677276611
XRANGE  10.0
YCENT  45.34900188446045
YRANGE  10.0
ZCENT  76.48200035095215
ZRANGE  10.0
== End input keywords ==

== Begin single-receptor SiteMap calculation ==

-- Begin site search --
 Parameters for this calculation:
 sitecut =  0.500000000000000     
 sitescmin =   1.10000000000000     
 afactor =   1.00000000000000     
 bfactor =   1.00000000000000     
 imaxsite =           8
 ithresh =           3
 mingroup =           3
 kmax =           3
 kmax2 =           5
 r2thresh =   4.10000000000000     
 dvscale =   2.50000000000000     
 dvscnorm =   2.50000000000000     
 dvscbig =   2.50000000000000     
 border =   2.00000000000000     
 dthresh =   6.50000000000000     
 rthresh =   5.00000000000000     
 maxgroup =         100
 r2thresh =   4.10000000000000     
 nthresh =           3
 ndir =         110
 use_vdw = T
 repname = none
 repsize =          10
 maxrep =           1
 sitelis = sites.lis
 profile = none
 sitelig = none
 siteasl = none
 use_sitelig =  F
 sitebox =  -999.000000000000     
 writepdb =  F
 number of protein atoms =        5675
Starting findsites:  Sunday, January 22 2023, at 13:05:42 IST
ptypes obtained:  Sunday, January 22 2023, at 13:05:42 IST
lj parameters obtained:  Sunday, January 22 2023, at 13:05:42 IST
Basic parameters obtained:  Sunday, January 22 2023, at 13:05:42 IST
Receptor parameterization completed:  Sunday, January 22 2023, at 13:05:42 IST
 scaled value of sitecut =   55.0000000000000     
 sphere directions set up         110
Sunday, January 22 2023, at 13:05:42 IST
 FINDSITE will use user-specified box
Centroid of box:  56.834  45.349  76.482
 boundaries   51.8339967727661        61.8339967727661     
   40.3490018844604        50.3490018844604        71.4820003509521     
   81.4820003509521     
 box          10          10          10
 maximum number of atoms in a sitebox =           6
Site points found:  Sunday, January 22 2023, at 13:05:42 IST
 boxes, patoms in boxes, empty boxes =         125         247          36
 total, outside sites =        1000         166
Site points pruned:  Sunday, January 22 2023, at 13:05:43 IST
final goodsites =        36
         2 sites will be removed
        34 good sites remain
Number of site groups found =     1

  Group  index  size  score     x       y       z     stdev
    1      1     34    1.27   55.97   47.60   74.42    2.14
Sites linked and merged:  Sunday, January 22 2023, at 13:05:43 IST
 Storing receptor data

Site-finding complete.
Number of sites to map/eval:  1

-- Mapping site  1 --
jobname: md0_crop316_coa_site_1
all SiteMap grid files will be generated
 philic map specified
 phobic map specified
 donor map specified
 acceptor map specified
 metal-ligation map specified
 surface-display map specified
grid margin:     6.00
grid spacing:     0.70
non-bonded cutoff:    20.00
ligand/sitepoints file: 
protein coordinates/parameters file: 
output map/grid files will be written to the current directory
vis files will be written
protein charges will be modified to reduce formal charges and adjust donor/acceptor potentials
protein radii will be modified to allow closer approach to donor and acceptor heteroatoms
phobic areas will be modified to emphasize enclosed regions and to deemphasize exposed regions using alternative method
all input instructions read
 Getting site data
ligand xcm,ycm,zcm,xrange,yrange,zrange 56.834 47.849 74.482  6.000  3.000  4.000

 Reusing receptor data from site-finding stage.

Sitemap: electrostatic+vdw interaction energy
Map field of *enzyme* in region of *inhibitor*

computing site maps ...
grid lim (orig)  47.834  65.834  40.349  55.349  66.482  82.482
grid lim (adj)   47.734  65.934  40.149  55.549  66.432  82.532
grid point counts   27   23   24
total grid points   14904

 5675 receptor atoms read
grid: adjdip
number of grid points within emin, emax limits =    12325
 maximum grid value before cutoff =               -0.224
 minimum grid value before cutoff =   -637.604

philic and phobic grids formed
grid: surf
number of grid points within emin, emax limits =     2549
 maximum grid value before cutoff =         38152402.796
 minimum grid value before cutoff =     -3.384

grid: phil
number of grid points within emin, emax limits =     2458
 maximum grid value before cutoff =         38152352.796
 minimum grid value before cutoff =    -26.176

grid: phob
number of grid points within emin, emax limits =     1111
 maximum grid value before cutoff =         38152417.796
 minimum grid value before cutoff =     -1.741

mod_phobic: phobthresh, philthresh =  -0.250  -3.000
 maximum number of atoms in a sitebox =           9
 boxes, patoms in boxes, empty boxes =       11191        5675        9073
Average phobic potential changed from  -0.840 to  -0.505 for  391 grid points

number of phobic points =   504   average phobic score =   0.78
number of philic points =  1954   average philic score =  -5.95

number of qualifying surf grid points =      399

number of qualifying phil grid points =      554

number of qualifying phob grid points =       76

number of qualifying accptr grid points =      224

number of qualifying donor grid points =      320

number of qualifying metal grid points =        0

visgrd volume surf                                                                            
visgrd author sitemap                                                                         
visgrd property name surf                                                                            
visgrd qualifying points   1948
visgrd default map values       1       1.00      2
visgrd number of dims    3
visgrd dimensions         27        23        24
visgrd axis scales      0.700     0.700     0.700

visgrd volume hydrophil                                                                       
visgrd author sitemap                                                                         
visgrd property name phil                                                                            
visgrd qualifying points    554
visgrd default map values       1      -8.00     10
visgrd number of dims    3
visgrd dimensions         27        23        24
visgrd axis scales      0.700     0.700     0.700

visgrd volume hydrophob                                                                       
visgrd author sitemap                                                                         
visgrd property name phob                                                                            
visgrd qualifying points    176
visgrd default map values       1      -0.50     13
visgrd number of dims    3
visgrd dimensions         27        23        24
visgrd axis scales      0.700     0.700     0.700

visgrd volume hbacceptor                                                                      
visgrd author sitemap                                                                         
visgrd property name accptr                                                                          
visgrd qualifying points    224
visgrd default map values       1      -8.00     16
visgrd number of dims    3
visgrd dimensions         27        23        24
visgrd axis scales      0.700     0.700     0.700

visgrd volume hbdonor                                                                         
visgrd author sitemap                                                                         
visgrd property name donor                                                                           
visgrd qualifying points    320
visgrd default map values       1      -8.00      5
visgrd number of dims    3
visgrd dimensions         27        23        24
visgrd axis scales      0.700     0.700     0.700

-- Evaluating site  1 --
Ligand/site-points file: 
Protein coordinates/parameters file: 
extend =   3
 Verbosity flags: F F F F F
all SiteMap grid files will be read
the protein charges will be modified to reduce formal charges and adjust donor/acceptor potentials
protein radii will be modified to allow closer approach to donor and acceptor heteroatoms
phobic areas emphasize enclosed regions and deemphasize exposed regions using alternative method
site-point set will be augmented by including significant nearby points
  threshold for adding phobic points:  -0.500
  threshold for adding philic points:  -8.000
base name for SiteMap grid files: 
 Reusing grid data
reusing site data
Number of protein atoms:    5675
 
phobic grid file reshaped
philic grid file reshaped
donor grid file reshaped
acceptor grid file reshaped
metal grid file reshaped
surf grid file reshaped
 maximum number of atoms in a sitebox =           9


Number of site points   34  first shell   61  higher shells   52   dirscore   0.891
1 vdw  -1.473   phob  -0.239   phil  -5.114   donor  -2.432   acceptor  -2.682   metal   0.000
2               phob  -0.096   phil  -4.837   donor  -2.290   acceptor  -2.547   metal   0.000

SiteScore size   Dscore  volume  exposure enclosure contact  phobic   philic   balance  don/acc
  1.022    73    0.893   233.93    0.608    0.891    1.137    0.664    1.366    0.486    0.907

-- Done with site  1 --

== End SiteMap calculation ==

Wrote 1 sites to "md0_crop316_coa_out.maegz".

Current time: Sun Jan 22 13:05:44 2023
Elapsed time: 0:00:04.53
SiteMap successfully completed.

