--------------------------------------------------------------------------------
JobId          : X299-0-63cd088a
Name           : md0_crop147_sph
Program        : SiteMap
Version        : 2021-4 build 135
Host           : X299
Dir            : /mnt/3a29b482-dac1-4563-be89-d63ad92354e9/cers_modelling/md_sampling_cers_models/charmm_gui_systems/cers2_10pc_chol/sitemaps
HostEntry      : localhost
JobHost        : X299
JobDir         : /scratch/tamir/md0_crop147_sph
JobSchrodinger : /opt/schrodinger2021-4
Commandline    : /opt/schrodinger2021-4/sitemap md0_crop147_sph.in -WAIT
StartTime      : 2023-01-22-11:57:31
--------------------------------------------------------------------------------

== Begin input keywords ==
ADDPHIL  -8.0
ADDPHOB  -0.5
ADDSP  True
COMPRESS  True
CUTOFF  20.0
D2THRESH  3.1
DTHRESH  6.5
DVSCALE  2.5
ENCLOSURE  0.5
EXTEND  3
FAKE  False
FFIELD  OPLS_2005
GRID  0.7
KEEPELEC  False
KEEPVDW  False
KEEPVOLPTS  True
KMAX  3
KMAX2  5
MAPDIST  4.0
MARGIN  6.0
MAXDIST  8.0
MAXSITES  1
MAXVDW  1.1
MINGROUP  3
MODCHARGES  True
MODPHOBIC  3
NEARRES  3.5
NTHRESH  3
PROT  md0_crop147.mae
R2THRESH  4.1
REPORTSIZE  10
ROUND  False
RTHRESH  5.0
VERBOSITY  0
WRITEGRIDS  False
WRITEPOT  False
WRITESTRUCTS  True
WRITEVIS  True
XCENT  47.06099987030029
XRANGE  10.0
YCENT  42.10599899291992
YRANGE  10.0
ZCENT  60.49699783325195
ZRANGE  10.0
== End input keywords ==

== Begin single-receptor SiteMap calculation ==

-- Begin site search --
 Parameters for this calculation:
 sitecut =  0.500000000000000     
 sitescmin =   1.10000000000000     
 afactor =   1.00000000000000     
 bfactor =   1.00000000000000     
 imaxsite =           8
 ithresh =           3
 mingroup =           3
 kmax =           3
 kmax2 =           5
 r2thresh =   4.10000000000000     
 dvscale =   2.50000000000000     
 dvscnorm =   2.50000000000000     
 dvscbig =   2.50000000000000     
 border =   2.00000000000000     
 dthresh =   6.50000000000000     
 rthresh =   5.00000000000000     
 maxgroup =         100
 r2thresh =   4.10000000000000     
 nthresh =           3
 ndir =         110
 use_vdw = T
 repname = none
 repsize =          10
 maxrep =           1
 sitelis = sites.lis
 profile = none
 sitelig = none
 siteasl = none
 use_sitelig =  F
 sitebox =  -999.000000000000     
 writepdb =  F
 number of protein atoms =        5674
Starting findsites:  Sunday, January 22 2023, at 11:57:34 IST
ptypes obtained:  Sunday, January 22 2023, at 11:57:34 IST
lj parameters obtained:  Sunday, January 22 2023, at 11:57:34 IST
Basic parameters obtained:  Sunday, January 22 2023, at 11:57:34 IST
Receptor parameterization completed:  Sunday, January 22 2023, at 11:57:34 IST
 scaled value of sitecut =   55.0000000000000     
 sphere directions set up         110
Sunday, January 22 2023, at 11:57:34 IST
 FINDSITE will use user-specified box
Centroid of box:  47.061  42.106  60.497
 boundaries   42.0609998703003        52.0609998703003     
   37.1059989929199        47.1059989929199        55.4969978332520     
   65.4969978332520     
 box          10          10          10
 maximum number of atoms in a sitebox =           6
Site points found:  Sunday, January 22 2023, at 11:57:34 IST
 boxes, patoms in boxes, empty boxes =         125         214          42
 total, outside sites =        1000         270
Site points pruned:  Sunday, January 22 2023, at 11:57:34 IST
final goodsites =        10
         6 sites will be removed
         4 good sites remain
Number of site groups found =     2

  Group  index  size  score     x       y       z     stdev
    1      2      2    1.16   47.58   41.62   58.98    0.87
    2      1      2    1.89   50.06   44.64   61.50    0.50

Inter-group relationships
     g1     g2     n1     n2    dmin    davg   spread  ratio     x1      y1      z1      x2      y2      z2
Sites linked and merged:  Sunday, January 22 2023, at 11:57:34 IST
 Storing receptor data

Site-finding complete.
Number of sites to map/eval:  1

-- Mapping site  1 --
jobname: md0_crop147_sph_site_1
all SiteMap grid files will be generated
 philic map specified
 phobic map specified
 donor map specified
 acceptor map specified
 metal-ligation map specified
 surface-display map specified
grid margin:     6.00
grid spacing:     0.70
non-bonded cutoff:    20.00
ligand/sitepoints file: 
protein coordinates/parameters file: 
output map/grid files will be written to the current directory
vis files will be written
protein charges will be modified to reduce formal charges and adjust donor/acceptor potentials
protein radii will be modified to allow closer approach to donor and acceptor heteroatoms
phobic areas will be modified to emphasize enclosed regions and to deemphasize exposed regions using alternative method
all input instructions read
 Getting site data
ligand xcm,ycm,zcm,xrange,yrange,zrange 47.561 41.606 58.997  1.000  1.000  1.000

 Reusing receptor data from site-finding stage.

Sitemap: electrostatic+vdw interaction energy
Map field of *enzyme* in region of *inhibitor*

computing site maps ...
grid lim (orig)  41.061  54.061  35.106  48.106  52.497  65.497
grid lim (adj)   40.911  54.211  34.956  48.256  52.347  65.647
grid point counts   20   20   20
total grid points    8000

 5674 receptor atoms read
grid: adjdip
number of grid points within emin, emax limits =     7165
 maximum grid value before cutoff =               -0.027
 minimum grid value before cutoff =   -514.364

philic and phobic grids formed
grid: surf
number of grid points within emin, emax limits =     1477
 maximum grid value before cutoff =         26314586.552
 minimum grid value before cutoff =     -2.759

grid: phil
number of grid points within emin, emax limits =     2472
 maximum grid value before cutoff =         26314536.552
 minimum grid value before cutoff =    -16.479

grid: phob
number of grid points within emin, emax limits =     1736
 maximum grid value before cutoff =         26314601.552
 minimum grid value before cutoff =     -2.681

mod_phobic: phobthresh, philthresh =  -0.250  -3.000
 maximum number of atoms in a sitebox =           9
 boxes, patoms in boxes, empty boxes =       12369        5674       10271
Average phobic potential changed from  -0.755 to  -0.406 for  593 grid points

number of phobic points =  1314   average phobic score =   0.52
number of philic points =  1158   average philic score =  -3.73

number of qualifying surf grid points =      291

number of qualifying phil grid points =      128

number of qualifying phob grid points =       66

number of qualifying accptr grid points =       26

number of qualifying donor grid points =       99

number of qualifying metal grid points =        0

visgrd volume surf                                                                            
visgrd author sitemap                                                                         
visgrd property name surf                                                                            
visgrd qualifying points   2277
visgrd default map values       1       1.00      2
visgrd number of dims    3
visgrd dimensions         20        20        20
visgrd axis scales      0.700     0.700     0.700

visgrd volume hydrophil                                                                       
visgrd author sitemap                                                                         
visgrd property name phil                                                                            
visgrd qualifying points    128
visgrd default map values       1      -8.00     10
visgrd number of dims    3
visgrd dimensions         20        20        20
visgrd axis scales      0.700     0.700     0.700

visgrd volume hydrophob                                                                       
visgrd author sitemap                                                                         
visgrd property name phob                                                                            
visgrd qualifying points    169
visgrd default map values       1      -0.50     13
visgrd number of dims    3
visgrd dimensions         20        20        20
visgrd axis scales      0.700     0.700     0.700

visgrd volume hbacceptor                                                                      
visgrd author sitemap                                                                         
visgrd property name accptr                                                                          
visgrd qualifying points     26
visgrd default map values       1      -8.00     16
visgrd number of dims    3
visgrd dimensions         20        20        20
visgrd axis scales      0.700     0.700     0.700

visgrd volume hbdonor                                                                         
visgrd author sitemap                                                                         
visgrd property name donor                                                                           
visgrd qualifying points     99
visgrd default map values       1      -8.00      5
visgrd number of dims    3
visgrd dimensions         20        20        20
visgrd axis scales      0.700     0.700     0.700

-- Evaluating site  1 --
Ligand/site-points file: 
Protein coordinates/parameters file: 
extend =   3
 Verbosity flags: F F F F F
all SiteMap grid files will be read
the protein charges will be modified to reduce formal charges and adjust donor/acceptor potentials
protein radii will be modified to allow closer approach to donor and acceptor heteroatoms
phobic areas emphasize enclosed regions and deemphasize exposed regions using alternative method
site-point set will be augmented by including significant nearby points
  threshold for adding phobic points:  -0.500
  threshold for adding philic points:  -8.000
base name for SiteMap grid files: 
 Reusing grid data
reusing site data
Number of protein atoms:    5674
 
phobic grid file reshaped
philic grid file reshaped
donor grid file reshaped
acceptor grid file reshaped
metal grid file reshaped
surf grid file reshaped
 maximum number of atoms in a sitebox =           9


Number of site points    2  first shell   13  higher shells   47   dirscore   0.752
1 vdw  -1.309   phob  -0.648   phil  -1.488   donor  -1.427   acceptor  -0.061   metal   0.000
2               phob  -0.332   phil  -1.323   donor  -0.018   acceptor  -1.306   metal   0.000

SiteScore size   Dscore  volume  exposure enclosure contact  phobic   philic   balance  don/acc
  0.738    18    0.721    96.73    0.769    0.752    1.010    2.309    0.397    5.810   23.420

-- Done with site  1 --

== End SiteMap calculation ==

Wrote 1 sites to "md0_crop147_sph_out.maegz".

Current time: Sun Jan 22 11:57:35 2023
Elapsed time: 0:00:03.98
SiteMap successfully completed.

