--------------------------------------------------------------------------------
JobId          : X299-0-63cd1849
Name           : md0_crop313_sph
Program        : SiteMap
Version        : 2021-4 build 135
Host           : X299
Dir            : /mnt/3a29b482-dac1-4563-be89-d63ad92354e9/cers_modelling/md_sampling_cers_models/charmm_gui_systems/cers2_10pc_chol/sitemaps
HostEntry      : localhost
JobHost        : X299
JobDir         : /scratch/tamir/md0_crop313_sph
JobSchrodinger : /opt/schrodinger2021-4
Commandline    : /opt/schrodinger2021-4/sitemap md0_crop313_sph.in -WAIT
StartTime      : 2023-01-22-13:04:42
--------------------------------------------------------------------------------

== Begin input keywords ==
ADDPHIL  -8.0
ADDPHOB  -0.5
ADDSP  True
COMPRESS  True
CUTOFF  20.0
D2THRESH  3.1
DTHRESH  6.5
DVSCALE  2.5
ENCLOSURE  0.5
EXTEND  3
FAKE  False
FFIELD  OPLS_2005
GRID  0.7
KEEPELEC  False
KEEPVDW  False
KEEPVOLPTS  True
KMAX  3
KMAX2  5
MAPDIST  4.0
MARGIN  6.0
MAXDIST  8.0
MAXSITES  1
MAXVDW  1.1
MINGROUP  3
MODCHARGES  True
MODPHOBIC  3
NEARRES  3.5
NTHRESH  3
PROT  md0_crop313.mae
R2THRESH  4.1
REPORTSIZE  10
ROUND  False
RTHRESH  5.0
VERBOSITY  0
WRITEGRIDS  False
WRITEPOT  False
WRITESTRUCTS  True
WRITEVIS  True
XCENT  45.09200096130371
XRANGE  10.0
YCENT  41.78699970245361
YRANGE  10.0
ZCENT  63.730998039245605
ZRANGE  10.0
== End input keywords ==

== Begin single-receptor SiteMap calculation ==

-- Begin site search --
 Parameters for this calculation:
 sitecut =  0.500000000000000     
 sitescmin =   1.10000000000000     
 afactor =   1.00000000000000     
 bfactor =   1.00000000000000     
 imaxsite =           8
 ithresh =           3
 mingroup =           3
 kmax =           3
 kmax2 =           5
 r2thresh =   4.10000000000000     
 dvscale =   2.50000000000000     
 dvscnorm =   2.50000000000000     
 dvscbig =   2.50000000000000     
 border =   2.00000000000000     
 dthresh =   6.50000000000000     
 rthresh =   5.00000000000000     
 maxgroup =         100
 r2thresh =   4.10000000000000     
 nthresh =           3
 ndir =         110
 use_vdw = T
 repname = none
 repsize =          10
 maxrep =           1
 sitelis = sites.lis
 profile = none
 sitelig = none
 siteasl = none
 use_sitelig =  F
 sitebox =  -999.000000000000     
 writepdb =  F
 number of protein atoms =        5677
Starting findsites:  Sunday, January 22 2023, at 13:04:45 IST
ptypes obtained:  Sunday, January 22 2023, at 13:04:45 IST
lj parameters obtained:  Sunday, January 22 2023, at 13:04:45 IST
Basic parameters obtained:  Sunday, January 22 2023, at 13:04:45 IST
Receptor parameterization completed:  Sunday, January 22 2023, at 13:04:45 IST
 scaled value of sitecut =   55.0000000000000     
 sphere directions set up         110
Sunday, January 22 2023, at 13:04:45 IST
 FINDSITE will use user-specified box
Centroid of box:  45.092  41.787  63.731
 boundaries   40.0920009613037        50.0920009613037     
   36.7869997024536        46.7869997024536        58.7309980392456     
   68.7309980392456     
 box          10          10          10
 maximum number of atoms in a sitebox =           7
Site points found:  Sunday, January 22 2023, at 13:04:45 IST
 boxes, patoms in boxes, empty boxes =         125         210          47
 total, outside sites =        1000         280
Site points pruned:  Sunday, January 22 2023, at 13:04:45 IST
final goodsites =         9
         3 sites will be removed
         6 good sites remain
Number of site groups found =     1

  Group  index  size  score     x       y       z     stdev
    1      1      6    1.24   46.78   41.81   62.42    1.34
Sites linked and merged:  Sunday, January 22 2023, at 13:04:45 IST
 Storing receptor data

Site-finding complete.
Number of sites to map/eval:  1

-- Mapping site  1 --
jobname: md0_crop313_sph_site_1
all SiteMap grid files will be generated
 philic map specified
 phobic map specified
 donor map specified
 acceptor map specified
 metal-ligation map specified
 surface-display map specified
grid margin:     6.00
grid spacing:     0.70
non-bonded cutoff:    20.00
ligand/sitepoints file: 
protein coordinates/parameters file: 
output map/grid files will be written to the current directory
vis files will be written
protein charges will be modified to reduce formal charges and adjust donor/acceptor potentials
protein radii will be modified to allow closer approach to donor and acceptor heteroatoms
phobic areas will be modified to emphasize enclosed regions and to deemphasize exposed regions using alternative method
all input instructions read
 Getting site data
ligand xcm,ycm,zcm,xrange,yrange,zrange 46.592 41.787 62.231  3.000  2.000  1.000

 Reusing receptor data from site-finding stage.

Sitemap: electrostatic+vdw interaction energy
Map field of *enzyme* in region of *inhibitor*

computing site maps ...
grid lim (orig)  39.092  54.092  34.787  48.787  55.731  68.731
grid lim (adj)   38.892  54.292  34.437  49.137  55.581  68.881
grid point counts   23   22   20
total grid points   10120

 5677 receptor atoms read
grid: adjdip
number of grid points within emin, emax limits =     9121
 maximum grid value before cutoff =               -0.033
 minimum grid value before cutoff =   -465.003

philic and phobic grids formed
grid: surf
number of grid points within emin, emax limits =     1996
 maximum grid value before cutoff =         32532732.667
 minimum grid value before cutoff =     -2.472

grid: phil
number of grid points within emin, emax limits =     3120
 maximum grid value before cutoff =         32532682.667
 minimum grid value before cutoff =    -18.168

grid: phob
number of grid points within emin, emax limits =     2435
 maximum grid value before cutoff =         32532747.667
 minimum grid value before cutoff =     -2.056

mod_phobic: phobthresh, philthresh =  -0.250  -3.000
 maximum number of atoms in a sitebox =           9
 boxes, patoms in boxes, empty boxes =       12369        5677       10284
Average phobic potential changed from  -0.788 to  -0.431 for 1086 grid points

number of phobic points =  2025   average phobic score =   0.58
number of philic points =  1095   average philic score =  -3.67

number of qualifying surf grid points =      420

number of qualifying phil grid points =      130

number of qualifying phob grid points =       99

number of qualifying accptr grid points =       12

number of qualifying donor grid points =      116

number of qualifying metal grid points =        0

visgrd volume surf                                                                            
visgrd author sitemap                                                                         
visgrd property name surf                                                                            
visgrd qualifying points   2904
visgrd default map values       1       1.00      2
visgrd number of dims    3
visgrd dimensions         23        22        20
visgrd axis scales      0.700     0.700     0.700

visgrd volume hydrophil                                                                       
visgrd author sitemap                                                                         
visgrd property name phil                                                                            
visgrd qualifying points    130
visgrd default map values       1      -8.00     10
visgrd number of dims    3
visgrd dimensions         23        22        20
visgrd axis scales      0.700     0.700     0.700

visgrd volume hydrophob                                                                       
visgrd author sitemap                                                                         
visgrd property name phob                                                                            
visgrd qualifying points    366
visgrd default map values       1      -0.50     13
visgrd number of dims    3
visgrd dimensions         23        22        20
visgrd axis scales      0.700     0.700     0.700

visgrd volume hbacceptor                                                                      
visgrd author sitemap                                                                         
visgrd property name accptr                                                                          
visgrd qualifying points     12
visgrd default map values       1      -8.00     16
visgrd number of dims    3
visgrd dimensions         23        22        20
visgrd axis scales      0.700     0.700     0.700

visgrd volume hbdonor                                                                         
visgrd author sitemap                                                                         
visgrd property name donor                                                                           
visgrd qualifying points    116
visgrd default map values       1      -8.00      5
visgrd number of dims    3
visgrd dimensions         23        22        20
visgrd axis scales      0.700     0.700     0.700

-- Evaluating site  1 --
Ligand/site-points file: 
Protein coordinates/parameters file: 
extend =   3
 Verbosity flags: F F F F F
all SiteMap grid files will be read
the protein charges will be modified to reduce formal charges and adjust donor/acceptor potentials
protein radii will be modified to allow closer approach to donor and acceptor heteroatoms
phobic areas emphasize enclosed regions and deemphasize exposed regions using alternative method
site-point set will be augmented by including significant nearby points
  threshold for adding phobic points:  -0.500
  threshold for adding philic points:  -8.000
base name for SiteMap grid files: 
 Reusing grid data
reusing site data
Number of protein atoms:    5677
 
phobic grid file reshaped
philic grid file reshaped
donor grid file reshaped
acceptor grid file reshaped
metal grid file reshaped
surf grid file reshaped
 maximum number of atoms in a sitebox =           9


Number of site points    6  first shell   22  higher shells   37   dirscore   0.826
1 vdw  -1.433   phob  -0.765   phil  -1.435   donor  -1.435   acceptor   0.000   metal   0.000
2               phob  -0.373   phil  -1.347   donor  -0.001   acceptor  -1.347   metal   0.000

SiteScore size   Dscore  volume  exposure enclosure contact  phobic   philic   balance  don/acc
  0.860    27    0.859   141.32    0.686    0.826    1.106    2.589    0.383    6.757    0.000

-- Done with site  1 --

== End SiteMap calculation ==

Wrote 1 sites to "md0_crop313_sph_out.maegz".

Current time: Sun Jan 22 13:04:47 2023
Elapsed time: 0:00:04.39
SiteMap successfully completed.

