--------------------------------------------------------------------------------
JobId          : X299-0-63cd134b
Name           : md0_crop260_coa
Program        : SiteMap
Version        : 2021-4 build 135
Host           : X299
Dir            : /mnt/3a29b482-dac1-4563-be89-d63ad92354e9/cers_modelling/md_sampling_cers_models/charmm_gui_systems/cers2_10pc_chol/sitemaps
HostEntry      : localhost
JobHost        : X299
JobDir         : /scratch/tamir/md0_crop260_coa
JobSchrodinger : /opt/schrodinger2021-4
Commandline    : /opt/schrodinger2021-4/sitemap md0_crop260_coa.in -WAIT
StartTime      : 2023-01-22-12:43:23
--------------------------------------------------------------------------------

== Begin input keywords ==
ADDPHIL  -8.0
ADDPHOB  -0.5
ADDSP  True
COMPRESS  True
CUTOFF  20.0
D2THRESH  3.1
DTHRESH  6.5
DVSCALE  2.5
ENCLOSURE  0.5
EXTEND  3
FAKE  False
FFIELD  OPLS_2005
GRID  0.7
KEEPELEC  False
KEEPVDW  False
KEEPVOLPTS  True
KMAX  3
KMAX2  5
MAPDIST  4.0
MARGIN  6.0
MAXDIST  8.0
MAXSITES  1
MAXVDW  1.1
MINGROUP  3
MODCHARGES  True
MODPHOBIC  3
NEARRES  3.5
NTHRESH  3
PROT  md0_crop260.mae
R2THRESH  4.1
REPORTSIZE  10
ROUND  False
RTHRESH  5.0
VERBOSITY  0
WRITEGRIDS  False
WRITEPOT  False
WRITESTRUCTS  True
WRITEVIS  True
XCENT  56.414499282836914
XRANGE  10.0
YCENT  45.6220006942749
YRANGE  10.0
ZCENT  75.16650199890137
ZRANGE  10.0
== End input keywords ==

== Begin single-receptor SiteMap calculation ==

-- Begin site search --
 Parameters for this calculation:
 sitecut =  0.500000000000000     
 sitescmin =   1.10000000000000     
 afactor =   1.00000000000000     
 bfactor =   1.00000000000000     
 imaxsite =           8
 ithresh =           3
 mingroup =           3
 kmax =           3
 kmax2 =           5
 r2thresh =   4.10000000000000     
 dvscale =   2.50000000000000     
 dvscnorm =   2.50000000000000     
 dvscbig =   2.50000000000000     
 border =   2.00000000000000     
 dthresh =   6.50000000000000     
 rthresh =   5.00000000000000     
 maxgroup =         100
 r2thresh =   4.10000000000000     
 nthresh =           3
 ndir =         110
 use_vdw = T
 repname = none
 repsize =          10
 maxrep =           1
 sitelis = sites.lis
 profile = none
 sitelig = none
 siteasl = none
 use_sitelig =  F
 sitebox =  -999.000000000000     
 writepdb =  F
 number of protein atoms =        5676
Starting findsites:  Sunday, January 22 2023, at 12:43:26 IST
ptypes obtained:  Sunday, January 22 2023, at 12:43:26 IST
lj parameters obtained:  Sunday, January 22 2023, at 12:43:26 IST
Basic parameters obtained:  Sunday, January 22 2023, at 12:43:26 IST
Receptor parameterization completed:  Sunday, January 22 2023, at 12:43:26 IST
 scaled value of sitecut =   55.0000000000000     
 sphere directions set up         110
Sunday, January 22 2023, at 12:43:26 IST
 FINDSITE will use user-specified box
Centroid of box:  56.414  45.622  75.167
 boundaries   51.4144992828369        61.4144992828369     
   40.6220006942749        50.6220006942749        70.1665019989014     
   80.1665019989014     
 box          10          10          10
 maximum number of atoms in a sitebox =           6
Site points found:  Sunday, January 22 2023, at 12:43:27 IST
 boxes, patoms in boxes, empty boxes =         125         247          35
 total, outside sites =        1000         140
Site points pruned:  Sunday, January 22 2023, at 12:43:27 IST
final goodsites =        32
         3 sites will be removed
        29 good sites remain
Number of site groups found =     1

  Group  index  size  score     x       y       z     stdev
    1      1     29    1.41   54.34   47.44   73.12    1.97
Sites linked and merged:  Sunday, January 22 2023, at 12:43:27 IST
 Storing receptor data

Site-finding complete.
Number of sites to map/eval:  1

-- Mapping site  1 --
jobname: md0_crop260_coa_site_1
all SiteMap grid files will be generated
 philic map specified
 phobic map specified
 donor map specified
 acceptor map specified
 metal-ligation map specified
 surface-display map specified
grid margin:     6.00
grid spacing:     0.70
non-bonded cutoff:    20.00
ligand/sitepoints file: 
protein coordinates/parameters file: 
output map/grid files will be written to the current directory
vis files will be written
protein charges will be modified to reduce formal charges and adjust donor/acceptor potentials
protein radii will be modified to allow closer approach to donor and acceptor heteroatoms
phobic areas will be modified to emphasize enclosed regions and to deemphasize exposed regions using alternative method
all input instructions read
 Getting site data
ligand xcm,ycm,zcm,xrange,yrange,zrange 54.414 47.122 73.667  4.000  3.000  5.000

 Reusing receptor data from site-finding stage.

Sitemap: electrostatic+vdw interaction energy
Map field of *enzyme* in region of *inhibitor*

computing site maps ...
grid lim (orig)  46.414  62.414  39.622  54.622  65.167  82.167
grid lim (adj)   46.364  62.464  39.422  54.822  64.917  82.417
grid point counts   24   23   26
total grid points   14352

 5676 receptor atoms read
grid: adjdip
number of grid points within emin, emax limits =    11729
 maximum grid value before cutoff =               -0.103
 minimum grid value before cutoff =   -645.720

philic and phobic grids formed
grid: surf
number of grid points within emin, emax limits =     2514
 maximum grid value before cutoff =         43458923.196
 minimum grid value before cutoff =     -3.046

grid: phil
number of grid points within emin, emax limits =     2465
 maximum grid value before cutoff =         43458873.196
 minimum grid value before cutoff =    -28.095

grid: phob
number of grid points within emin, emax limits =     1293
 maximum grid value before cutoff =         43458938.196
 minimum grid value before cutoff =     -1.911

mod_phobic: phobthresh, philthresh =  -0.250  -3.000
 maximum number of atoms in a sitebox =           9
 boxes, patoms in boxes, empty boxes =       12369        5676       10283
Average phobic potential changed from  -0.819 to  -0.529 for  335 grid points

number of phobic points =   635   average phobic score =   0.71
number of philic points =  1830   average philic score =  -5.62

number of qualifying surf grid points =      389

number of qualifying phil grid points =      417

number of qualifying phob grid points =       79

number of qualifying accptr grid points =      202

number of qualifying donor grid points =      192

number of qualifying metal grid points =        0

visgrd volume surf                                                                            
visgrd author sitemap                                                                         
visgrd property name surf                                                                            
visgrd qualifying points   1919
visgrd default map values       1       1.00      2
visgrd number of dims    3
visgrd dimensions         24        23        26
visgrd axis scales      0.700     0.700     0.700

visgrd volume hydrophil                                                                       
visgrd author sitemap                                                                         
visgrd property name phil                                                                            
visgrd qualifying points    417
visgrd default map values       1      -8.00     10
visgrd number of dims    3
visgrd dimensions         24        23        26
visgrd axis scales      0.700     0.700     0.700

visgrd volume hydrophob                                                                       
visgrd author sitemap                                                                         
visgrd property name phob                                                                            
visgrd qualifying points    144
visgrd default map values       1      -0.50     13
visgrd number of dims    3
visgrd dimensions         24        23        26
visgrd axis scales      0.700     0.700     0.700

visgrd volume hbacceptor                                                                      
visgrd author sitemap                                                                         
visgrd property name accptr                                                                          
visgrd qualifying points    202
visgrd default map values       1      -8.00     16
visgrd number of dims    3
visgrd dimensions         24        23        26
visgrd axis scales      0.700     0.700     0.700

visgrd volume hbdonor                                                                         
visgrd author sitemap                                                                         
visgrd property name donor                                                                           
visgrd qualifying points    192
visgrd default map values       1      -8.00      5
visgrd number of dims    3
visgrd dimensions         24        23        26
visgrd axis scales      0.700     0.700     0.700

-- Evaluating site  1 --
Ligand/site-points file: 
Protein coordinates/parameters file: 
extend =   3
 Verbosity flags: F F F F F
all SiteMap grid files will be read
the protein charges will be modified to reduce formal charges and adjust donor/acceptor potentials
protein radii will be modified to allow closer approach to donor and acceptor heteroatoms
phobic areas emphasize enclosed regions and deemphasize exposed regions using alternative method
site-point set will be augmented by including significant nearby points
  threshold for adding phobic points:  -0.500
  threshold for adding philic points:  -8.000
base name for SiteMap grid files: 
 Reusing grid data
reusing site data
Number of protein atoms:    5676
 
phobic grid file reshaped
philic grid file reshaped
donor grid file reshaped
acceptor grid file reshaped
metal grid file reshaped
surf grid file reshaped
 maximum number of atoms in a sitebox =           9


Number of site points   29  first shell   45  higher shells   34   dirscore   0.907
1 vdw  -1.491   phob  -0.193   phil  -5.278   donor  -1.798   acceptor  -3.480   metal   0.000
2               phob  -0.073   phil  -4.942   donor  -3.205   acceptor  -1.737   metal   0.000

SiteScore size   Dscore  volume  exposure enclosure contact  phobic   philic   balance  don/acc
  0.899    45    0.716   153.66    0.637    0.907    1.151    0.505    1.409    0.358    0.517

-- Done with site  1 --

== End SiteMap calculation ==

Wrote 1 sites to "md0_crop260_coa_out.maegz".

Current time: Sun Jan 22 12:43:28 2023
Elapsed time: 0:00:04.26
SiteMap successfully completed.

