--------------------------------------------------------------------------------
JobId          : X299-0-63cd2950
Name           : md0_crop491_coa
Program        : SiteMap
Version        : 2021-4 build 135
Host           : X299
Dir            : /mnt/3a29b482-dac1-4563-be89-d63ad92354e9/cers_modelling/md_sampling_cers_models/charmm_gui_systems/cers2_10pc_chol/sitemaps
HostEntry      : localhost
JobHost        : X299
JobDir         : /scratch/tamir/md0_crop491_coa
JobSchrodinger : /opt/schrodinger2021-4
Commandline    : /opt/schrodinger2021-4/sitemap md0_crop491_coa.in -WAIT
StartTime      : 2023-01-22-14:17:21
--------------------------------------------------------------------------------

== Begin input keywords ==
ADDPHIL  -8.0
ADDPHOB  -0.5
ADDSP  True
COMPRESS  True
CUTOFF  20.0
D2THRESH  3.1
DTHRESH  6.5
DVSCALE  2.5
ENCLOSURE  0.5
EXTEND  3
FAKE  False
FFIELD  OPLS_2005
GRID  0.7
KEEPELEC  False
KEEPVDW  False
KEEPVOLPTS  True
KMAX  3
KMAX2  5
MAPDIST  4.0
MARGIN  6.0
MAXDIST  8.0
MAXSITES  1
MAXVDW  1.1
MINGROUP  3
MODCHARGES  True
MODPHOBIC  3
NEARRES  3.5
NTHRESH  3
PROT  md0_crop491.mae
R2THRESH  4.1
REPORTSIZE  10
ROUND  False
RTHRESH  5.0
VERBOSITY  0
WRITEGRIDS  False
WRITEPOT  False
WRITESTRUCTS  True
WRITEVIS  True
XCENT  56.7080020904541
XRANGE  10.0
YCENT  46.998000144958496
YRANGE  10.0
ZCENT  76.28000259399414
ZRANGE  10.0
== End input keywords ==

== Begin single-receptor SiteMap calculation ==

-- Begin site search --
 Parameters for this calculation:
 sitecut =  0.500000000000000     
 sitescmin =   1.10000000000000     
 afactor =   1.00000000000000     
 bfactor =   1.00000000000000     
 imaxsite =           8
 ithresh =           3
 mingroup =           3
 kmax =           3
 kmax2 =           5
 r2thresh =   4.10000000000000     
 dvscale =   2.50000000000000     
 dvscnorm =   2.50000000000000     
 dvscbig =   2.50000000000000     
 border =   2.00000000000000     
 dthresh =   6.50000000000000     
 rthresh =   5.00000000000000     
 maxgroup =         100
 r2thresh =   4.10000000000000     
 nthresh =           3
 ndir =         110
 use_vdw = T
 repname = none
 repsize =          10
 maxrep =           1
 sitelis = sites.lis
 profile = none
 sitelig = none
 siteasl = none
 use_sitelig =  F
 sitebox =  -999.000000000000     
 writepdb =  F
 number of protein atoms =        5676
Starting findsites:  Sunday, January 22 2023, at 14:17:25 IST
ptypes obtained:  Sunday, January 22 2023, at 14:17:26 IST
lj parameters obtained:  Sunday, January 22 2023, at 14:17:26 IST
Basic parameters obtained:  Sunday, January 22 2023, at 14:17:26 IST
Receptor parameterization completed:  Sunday, January 22 2023, at 14:17:26 IST
 scaled value of sitecut =   55.0000000000000     
 sphere directions set up         110
Sunday, January 22 2023, at 14:17:26 IST
 FINDSITE will use user-specified box
Centroid of box:  56.708  46.998  76.280
 boundaries   51.7080020904541        61.7080020904541     
   41.9980001449585        51.9980001449585        71.2800025939941     
   81.2800025939941     
 box          10          10          10
 maximum number of atoms in a sitebox =           7
Site points found:  Sunday, January 22 2023, at 14:17:26 IST
 boxes, patoms in boxes, empty boxes =         125         254          27
 total, outside sites =        1000         116
Site points pruned:  Sunday, January 22 2023, at 14:17:26 IST
final goodsites =        20
         6 sites will be removed
        14 good sites remain
Number of site groups found =     1

  Group  index  size  score     x       y       z     stdev
    1      1     14    1.57   54.49   48.84   74.35    1.41
Sites linked and merged:  Sunday, January 22 2023, at 14:17:26 IST
 Storing receptor data

Site-finding complete.
Number of sites to map/eval:  1

-- Mapping site  1 --
jobname: md0_crop491_coa_site_1
all SiteMap grid files will be generated
 philic map specified
 phobic map specified
 donor map specified
 acceptor map specified
 metal-ligation map specified
 surface-display map specified
grid margin:     6.00
grid spacing:     0.70
non-bonded cutoff:    20.00
ligand/sitepoints file: 
protein coordinates/parameters file: 
output map/grid files will be written to the current directory
vis files will be written
protein charges will be modified to reduce formal charges and adjust donor/acceptor potentials
protein radii will be modified to allow closer approach to donor and acceptor heteroatoms
phobic areas will be modified to emphasize enclosed regions and to deemphasize exposed regions using alternative method
all input instructions read
 Getting site data
ligand xcm,ycm,zcm,xrange,yrange,zrange 54.708 48.998 74.780  2.000  2.000  3.000

 Reusing receptor data from site-finding stage.

Sitemap: electrostatic+vdw interaction energy
Map field of *enzyme* in region of *inhibitor*

computing site maps ...
grid lim (orig)  47.708  61.708  41.998  55.998  67.280  82.280
grid lim (adj)   47.358  62.058  41.648  56.348  67.080  82.480
grid point counts   22   22   23
total grid points   11132

 5676 receptor atoms read
grid: adjdip
number of grid points within emin, emax limits =     8962
 maximum grid value before cutoff =               -0.094
 minimum grid value before cutoff =   -654.265

philic and phobic grids formed
grid: surf
number of grid points within emin, emax limits =     1971
 maximum grid value before cutoff =         44789508.241
 minimum grid value before cutoff =     -3.220

grid: phil
number of grid points within emin, emax limits =     1608
 maximum grid value before cutoff =         44789458.241
 minimum grid value before cutoff =    -26.787

grid: phob
number of grid points within emin, emax limits =      638
 maximum grid value before cutoff =         44789523.241
 minimum grid value before cutoff =     -2.815

mod_phobic: phobthresh, philthresh =  -0.250  -3.000
 maximum number of atoms in a sitebox =           8
 boxes, patoms in boxes, empty boxes =       10469        5676        8355
Average phobic potential changed from  -0.787 to  -0.497 for  165 grid points

number of phobic points =   281   average phobic score =   0.77
number of philic points =  1327   average philic score =  -6.52

number of qualifying surf grid points =      268

number of qualifying phil grid points =      420

number of qualifying phob grid points =       31

number of qualifying accptr grid points =      196

number of qualifying donor grid points =      212

number of qualifying metal grid points =        0

visgrd volume surf                                                                            
visgrd author sitemap                                                                         
visgrd property name surf                                                                            
visgrd qualifying points   1160
visgrd default map values       1       1.00      2
visgrd number of dims    3
visgrd dimensions         22        22        23
visgrd axis scales      0.700     0.700     0.700

visgrd volume hydrophil                                                                       
visgrd author sitemap                                                                         
visgrd property name phil                                                                            
visgrd qualifying points    420
visgrd default map values       1      -8.00     10
visgrd number of dims    3
visgrd dimensions         22        22        23
visgrd axis scales      0.700     0.700     0.700

visgrd volume hydrophob                                                                       
visgrd author sitemap                                                                         
visgrd property name phob                                                                            
visgrd qualifying points     68
visgrd default map values       1      -0.50     13
visgrd number of dims    3
visgrd dimensions         22        22        23
visgrd axis scales      0.700     0.700     0.700

visgrd volume hbacceptor                                                                      
visgrd author sitemap                                                                         
visgrd property name accptr                                                                          
visgrd qualifying points    196
visgrd default map values       1      -8.00     16
visgrd number of dims    3
visgrd dimensions         22        22        23
visgrd axis scales      0.700     0.700     0.700

visgrd volume hbdonor                                                                         
visgrd author sitemap                                                                         
visgrd property name donor                                                                           
visgrd qualifying points    212
visgrd default map values       1      -8.00      5
visgrd number of dims    3
visgrd dimensions         22        22        23
visgrd axis scales      0.700     0.700     0.700

-- Evaluating site  1 --
Ligand/site-points file: 
Protein coordinates/parameters file: 
extend =   3
 Verbosity flags: F F F F F
all SiteMap grid files will be read
the protein charges will be modified to reduce formal charges and adjust donor/acceptor potentials
protein radii will be modified to allow closer approach to donor and acceptor heteroatoms
phobic areas emphasize enclosed regions and deemphasize exposed regions using alternative method
site-point set will be augmented by including significant nearby points
  threshold for adding phobic points:  -0.500
  threshold for adding philic points:  -8.000
base name for SiteMap grid files: 
 Reusing grid data
reusing site data
Number of protein atoms:    5676
 
phobic grid file reshaped
philic grid file reshaped
donor grid file reshaped
acceptor grid file reshaped
metal grid file reshaped
surf grid file reshaped
 maximum number of atoms in a sitebox =           8


Number of site points   14  first shell   31  higher shells   30   dirscore   0.912
1 vdw  -1.589   phob  -0.289   phil  -5.409   donor  -2.475   acceptor  -2.934   metal   0.000
2               phob  -0.107   phil  -5.168   donor  -2.846   acceptor  -2.322   metal   0.000

SiteScore size   Dscore  volume  exposure enclosure contact  phobic   philic   balance  don/acc
  0.850    36    0.640   122.79    0.629    0.912    1.226    0.744    1.444    0.515    0.844

-- Done with site  1 --

== End SiteMap calculation ==

Wrote 1 sites to "md0_crop491_coa_out.maegz".

Current time: Sun Jan 22 14:17:28 2023
Elapsed time: 0:00:06.30
SiteMap successfully completed.

