--------------------------------------------------------------------------------
JobId          : X299-0-63cd0858
Name           : md0_crop145_coa
Program        : SiteMap
Version        : 2021-4 build 135
Host           : X299
Dir            : /mnt/3a29b482-dac1-4563-be89-d63ad92354e9/cers_modelling/md_sampling_cers_models/charmm_gui_systems/cers2_10pc_chol/sitemaps
HostEntry      : localhost
JobHost        : X299
JobDir         : /scratch/tamir/md0_crop145_coa
JobSchrodinger : /opt/schrodinger2021-4
Commandline    : /opt/schrodinger2021-4/sitemap md0_crop145_coa.in -WAIT
StartTime      : 2023-01-22-11:56:40
--------------------------------------------------------------------------------

== Begin input keywords ==
ADDPHIL  -8.0
ADDPHOB  -0.5
ADDSP  True
COMPRESS  True
CUTOFF  20.0
D2THRESH  3.1
DTHRESH  6.5
DVSCALE  2.5
ENCLOSURE  0.5
EXTEND  3
FAKE  False
FFIELD  OPLS_2005
GRID  0.7
KEEPELEC  False
KEEPVDW  False
KEEPVOLPTS  True
KMAX  3
KMAX2  5
MAPDIST  4.0
MARGIN  6.0
MAXDIST  8.0
MAXSITES  1
MAXVDW  1.1
MINGROUP  3
MODCHARGES  True
MODPHOBIC  3
NEARRES  3.5
NTHRESH  3
PROT  md0_crop145.mae
R2THRESH  4.1
REPORTSIZE  10
ROUND  False
RTHRESH  5.0
VERBOSITY  0
WRITEGRIDS  False
WRITEPOT  False
WRITESTRUCTS  True
WRITEVIS  True
XCENT  58.86499881744385
XRANGE  10.0
YCENT  46.36749744415283
YRANGE  10.0
ZCENT  73.22350025177002
ZRANGE  10.0
== End input keywords ==

== Begin single-receptor SiteMap calculation ==

-- Begin site search --
 Parameters for this calculation:
 sitecut =  0.500000000000000     
 sitescmin =   1.10000000000000     
 afactor =   1.00000000000000     
 bfactor =   1.00000000000000     
 imaxsite =           8
 ithresh =           3
 mingroup =           3
 kmax =           3
 kmax2 =           5
 r2thresh =   4.10000000000000     
 dvscale =   2.50000000000000     
 dvscnorm =   2.50000000000000     
 dvscbig =   2.50000000000000     
 border =   2.00000000000000     
 dthresh =   6.50000000000000     
 rthresh =   5.00000000000000     
 maxgroup =         100
 r2thresh =   4.10000000000000     
 nthresh =           3
 ndir =         110
 use_vdw = T
 repname = none
 repsize =          10
 maxrep =           1
 sitelis = sites.lis
 profile = none
 sitelig = none
 siteasl = none
 use_sitelig =  F
 sitebox =  -999.000000000000     
 writepdb =  F
 number of protein atoms =        5675
Starting findsites:  Sunday, January 22 2023, at 11:56:44 IST
ptypes obtained:  Sunday, January 22 2023, at 11:56:44 IST
lj parameters obtained:  Sunday, January 22 2023, at 11:56:44 IST
Basic parameters obtained:  Sunday, January 22 2023, at 11:56:44 IST
Receptor parameterization completed:  Sunday, January 22 2023, at 11:56:44 IST
 scaled value of sitecut =   55.0000000000000     
 sphere directions set up         110
Sunday, January 22 2023, at 11:56:44 IST
 FINDSITE will use user-specified box
Centroid of box:  58.865  46.367  73.224
 boundaries   53.8649988174438        63.8649988174438     
   41.3674974441528        51.3674974441528        68.2235002517700     
   78.2235002517700     
 box          10          10          10
 maximum number of atoms in a sitebox =           6
Site points found:  Sunday, January 22 2023, at 11:56:44 IST
 boxes, patoms in boxes, empty boxes =         125         235          38
 total, outside sites =        1000         154
Site points pruned:  Sunday, January 22 2023, at 11:56:44 IST
final goodsites =        28
         1 sites will be removed
        27 good sites remain
Number of site groups found =     2

  Group  index  size  score     x       y       z     stdev
    1      2     22    1.28   56.69   48.13   72.62    2.31
    2      1      5    1.51   61.85   48.80   70.60    0.94

Inter-group relationships
     g1     g2     n1     n2    dmin    davg   spread  ratio     x1      y1      z1      x2      y2      z2
      1      2     22      5    3.32    5.58    3.25    1.72   56.69   48.13   72.62   61.85   48.80   70.60
 groups           1           2  will be considered for merger
site groups connected   57.86   48.37   71.22   6    4.00   3   3   4
                        59.86   48.37   71.22
 successful merge of groups           1           2
Number of site groups found =     1

  Group  index  size  score     x       y       z     stdev
    1      1     27    1.32   57.78   48.27   72.20    3.10
Sites linked and merged:  Sunday, January 22 2023, at 11:56:44 IST
 Storing receptor data

Site-finding complete.
Number of sites to map/eval:  1

-- Mapping site  1 --
jobname: md0_crop145_coa_site_1
all SiteMap grid files will be generated
 philic map specified
 phobic map specified
 donor map specified
 acceptor map specified
 metal-ligation map specified
 surface-display map specified
grid margin:     6.00
grid spacing:     0.70
non-bonded cutoff:    20.00
ligand/sitepoints file: 
protein coordinates/parameters file: 
output map/grid files will be written to the current directory
vis files will be written
protein charges will be modified to reduce formal charges and adjust donor/acceptor potentials
protein radii will be modified to allow closer approach to donor and acceptor heteroatoms
phobic areas will be modified to emphasize enclosed regions and to deemphasize exposed regions using alternative method
all input instructions read
 Getting site data
ligand xcm,ycm,zcm,xrange,yrange,zrange 59.365 48.367 73.224  7.000  4.000  6.000

 Reusing receptor data from site-finding stage.

Sitemap: electrostatic+vdw interaction energy
Map field of *enzyme* in region of *inhibitor*

computing site maps ...
grid lim (orig)  49.865  68.865  40.367  56.367  64.224  82.224
grid lim (adj)   49.565  69.165  40.317  56.417  64.124  82.324
grid point counts   29   24   27
total grid points   18792

 5675 receptor atoms read
grid: adjdip
number of grid points within emin, emax limits =    15688
 maximum grid value before cutoff =               -0.128
 minimum grid value before cutoff =   -631.829

philic and phobic grids formed
grid: surf
number of grid points within emin, emax limits =     3094
 maximum grid value before cutoff =         46936207.481
 minimum grid value before cutoff =     -3.026

grid: phil
number of grid points within emin, emax limits =     3641
 maximum grid value before cutoff =         46936157.481
 minimum grid value before cutoff =    -26.615

grid: phob
number of grid points within emin, emax limits =     1782
 maximum grid value before cutoff =         46936222.481
 minimum grid value before cutoff =     -2.262

mod_phobic: phobthresh, philthresh =  -0.250  -3.000
 maximum number of atoms in a sitebox =           8
 boxes, patoms in boxes, empty boxes =       12369        5675       10279
Average phobic potential changed from  -0.786 to  -0.466 for  477 grid points

number of phobic points =   622   average phobic score =   0.73
number of philic points =  3019   average philic score =  -5.32

number of qualifying surf grid points =      509

number of qualifying phil grid points =      664

number of qualifying phob grid points =       64

number of qualifying accptr grid points =      291

number of qualifying donor grid points =      354

number of qualifying metal grid points =        0

visgrd volume surf                                                                            
visgrd author sitemap                                                                         
visgrd property name surf                                                                            
visgrd qualifying points   2951
visgrd default map values       1       1.00      2
visgrd number of dims    3
visgrd dimensions         29        24        27
visgrd axis scales      0.700     0.700     0.700

visgrd volume hydrophil                                                                       
visgrd author sitemap                                                                         
visgrd property name phil                                                                            
visgrd qualifying points    664
visgrd default map values       1      -8.00     10
visgrd number of dims    3
visgrd dimensions         29        24        27
visgrd axis scales      0.700     0.700     0.700

visgrd volume hydrophob                                                                       
visgrd author sitemap                                                                         
visgrd property name phob                                                                            
visgrd qualifying points    171
visgrd default map values       1      -0.50     13
visgrd number of dims    3
visgrd dimensions         29        24        27
visgrd axis scales      0.700     0.700     0.700

visgrd volume hbacceptor                                                                      
visgrd author sitemap                                                                         
visgrd property name accptr                                                                          
visgrd qualifying points    291
visgrd default map values       1      -8.00     16
visgrd number of dims    3
visgrd dimensions         29        24        27
visgrd axis scales      0.700     0.700     0.700

visgrd volume hbdonor                                                                         
visgrd author sitemap                                                                         
visgrd property name donor                                                                           
visgrd qualifying points    354
visgrd default map values       1      -8.00      5
visgrd number of dims    3
visgrd dimensions         29        24        27
visgrd axis scales      0.700     0.700     0.700

-- Evaluating site  1 --
Ligand/site-points file: 
Protein coordinates/parameters file: 
extend =   3
 Verbosity flags: F F F F F
all SiteMap grid files will be read
the protein charges will be modified to reduce formal charges and adjust donor/acceptor potentials
protein radii will be modified to allow closer approach to donor and acceptor heteroatoms
phobic areas emphasize enclosed regions and deemphasize exposed regions using alternative method
site-point set will be augmented by including significant nearby points
  threshold for adding phobic points:  -0.500
  threshold for adding philic points:  -8.000
base name for SiteMap grid files: 
 Reusing grid data
reusing site data
Number of protein atoms:    5675
 
phobic grid file reshaped
philic grid file reshaped
donor grid file reshaped
acceptor grid file reshaped
metal grid file reshaped
surf grid file reshaped
 maximum number of atoms in a sitebox =           8


Number of site points   27  first shell   64  higher shells   79   dirscore   0.887
1 vdw  -1.501   phob  -0.175   phil  -5.504   donor  -2.217   acceptor  -3.287   metal   0.000
2               phob  -0.071   phil  -5.304   donor  -2.830   acceptor  -2.474   metal   0.000

SiteScore size   Dscore  volume  exposure enclosure contact  phobic   philic   balance  don/acc
  0.989    66    0.816   266.85    0.684    0.887    1.158    0.492    1.470    0.335    0.674

-- Done with site  1 --

== End SiteMap calculation ==

Wrote 1 sites to "md0_crop145_coa_out.maegz".

Current time: Sun Jan 22 11:56:46 2023
Elapsed time: 0:00:04.77
SiteMap successfully completed.

