--------------------------------------------------------------------------------
JobId          : X299-0-63cd0936
Name           : md0_crop154_sph
Program        : SiteMap
Version        : 2021-4 build 135
Host           : X299
Dir            : /mnt/3a29b482-dac1-4563-be89-d63ad92354e9/cers_modelling/md_sampling_cers_models/charmm_gui_systems/cers2_10pc_chol/sitemaps
HostEntry      : localhost
JobHost        : X299
JobDir         : /scratch/tamir/md0_crop154_sph
JobSchrodinger : /opt/schrodinger2021-4
Commandline    : /opt/schrodinger2021-4/sitemap md0_crop154_sph.in -WAIT
StartTime      : 2023-01-22-12:00:22
--------------------------------------------------------------------------------

== Begin input keywords ==
ADDPHIL  -8.0
ADDPHOB  -0.5
ADDSP  True
COMPRESS  True
CUTOFF  20.0
D2THRESH  3.1
DTHRESH  6.5
DVSCALE  2.5
ENCLOSURE  0.5
EXTEND  3
FAKE  False
FFIELD  OPLS_2005
GRID  0.7
KEEPELEC  False
KEEPVDW  False
KEEPVOLPTS  True
KMAX  3
KMAX2  5
MAPDIST  4.0
MARGIN  6.0
MAXDIST  8.0
MAXSITES  1
MAXVDW  1.1
MINGROUP  3
MODCHARGES  True
MODPHOBIC  3
NEARRES  3.5
NTHRESH  3
PROT  md0_crop154.mae
R2THRESH  4.1
REPORTSIZE  10
ROUND  False
RTHRESH  5.0
VERBOSITY  0
WRITEGRIDS  False
WRITEPOT  False
WRITESTRUCTS  True
WRITEVIS  True
XCENT  46.23700141906738
XRANGE  10.0
YCENT  39.816999435424805
YRANGE  10.0
ZCENT  62.973999977111816
ZRANGE  10.0
== End input keywords ==

== Begin single-receptor SiteMap calculation ==

-- Begin site search --
 Parameters for this calculation:
 sitecut =  0.500000000000000     
 sitescmin =   1.10000000000000     
 afactor =   1.00000000000000     
 bfactor =   1.00000000000000     
 imaxsite =           8
 ithresh =           3
 mingroup =           3
 kmax =           3
 kmax2 =           5
 r2thresh =   4.10000000000000     
 dvscale =   2.50000000000000     
 dvscnorm =   2.50000000000000     
 dvscbig =   2.50000000000000     
 border =   2.00000000000000     
 dthresh =   6.50000000000000     
 rthresh =   5.00000000000000     
 maxgroup =         100
 r2thresh =   4.10000000000000     
 nthresh =           3
 ndir =         110
 use_vdw = T
 repname = none
 repsize =          10
 maxrep =           1
 sitelis = sites.lis
 profile = none
 sitelig = none
 siteasl = none
 use_sitelig =  F
 sitebox =  -999.000000000000     
 writepdb =  F
 number of protein atoms =        5674
Starting findsites:  Sunday, January 22 2023, at 12:00:25 IST
ptypes obtained:  Sunday, January 22 2023, at 12:00:25 IST
lj parameters obtained:  Sunday, January 22 2023, at 12:00:25 IST
Basic parameters obtained:  Sunday, January 22 2023, at 12:00:25 IST
Receptor parameterization completed:  Sunday, January 22 2023, at 12:00:25 IST
 scaled value of sitecut =   55.0000000000000     
 sphere directions set up         110
Sunday, January 22 2023, at 12:00:25 IST
 FINDSITE will use user-specified box
Centroid of box:  46.237  39.817  62.974
 boundaries   41.2370014190674        51.2370014190674     
   34.8169994354248        44.8169994354248        57.9739999771118     
   67.9739999771118     
 box          10          10          10
 maximum number of atoms in a sitebox =           7
Site points found:  Sunday, January 22 2023, at 12:00:25 IST
 boxes, patoms in boxes, empty boxes =         125         204          49
 total, outside sites =        1000         302
Site points pruned:  Sunday, January 22 2023, at 12:00:25 IST
final goodsites =        11
         3 sites will be removed
         8 good sites remain
Number of site groups found =     1

  Group  index  size  score     x       y       z     stdev
    1      1      8    1.28   48.26   38.95   61.75    1.26
Sites linked and merged:  Sunday, January 22 2023, at 12:00:25 IST
 Storing receptor data

Site-finding complete.
Number of sites to map/eval:  1

-- Mapping site  1 --
jobname: md0_crop154_sph_site_1
all SiteMap grid files will be generated
 philic map specified
 phobic map specified
 donor map specified
 acceptor map specified
 metal-ligation map specified
 surface-display map specified
grid margin:     6.00
grid spacing:     0.70
non-bonded cutoff:    20.00
ligand/sitepoints file: 
protein coordinates/parameters file: 
output map/grid files will be written to the current directory
vis files will be written
protein charges will be modified to reduce formal charges and adjust donor/acceptor potentials
protein radii will be modified to allow closer approach to donor and acceptor heteroatoms
phobic areas will be modified to emphasize enclosed regions and to deemphasize exposed regions using alternative method
all input instructions read
 Getting site data
ligand xcm,ycm,zcm,xrange,yrange,zrange 48.237 38.817 61.974  2.000  2.000  2.000

 Reusing receptor data from site-finding stage.

Sitemap: electrostatic+vdw interaction energy
Map field of *enzyme* in region of *inhibitor*

computing site maps ...
grid lim (orig)  41.237  55.237  31.817  45.817  54.974  68.974
grid lim (adj)   40.887  55.587  31.467  46.167  54.624  69.324
grid point counts   22   22   22
total grid points   10648

 5674 receptor atoms read
grid: adjdip
number of grid points within emin, emax limits =     9570
 maximum grid value before cutoff =               -0.047
 minimum grid value before cutoff =   -441.067

philic and phobic grids formed
grid: surf
number of grid points within emin, emax limits =     2142
 maximum grid value before cutoff =         31157369.984
 minimum grid value before cutoff =     -2.656

grid: phil
number of grid points within emin, emax limits =     2970
 maximum grid value before cutoff =         31157319.984
 minimum grid value before cutoff =    -20.346

grid: phob
number of grid points within emin, emax limits =     2185
 maximum grid value before cutoff =         31157384.984
 minimum grid value before cutoff =     -2.029

mod_phobic: phobthresh, philthresh =  -0.250  -3.000
 maximum number of atoms in a sitebox =           9
 boxes, patoms in boxes, empty boxes =       12369        5674       10255
Average phobic potential changed from  -0.790 to  -0.448 for  862 grid points

number of phobic points =  1717   average phobic score =   0.58
number of philic points =  1253   average philic score =  -3.68

number of qualifying surf grid points =      426

number of qualifying phil grid points =      138

number of qualifying phob grid points =      117

number of qualifying accptr grid points =       22

number of qualifying donor grid points =      100

number of qualifying metal grid points =        0

visgrd volume surf                                                                            
visgrd author sitemap                                                                         
visgrd property name surf                                                                            
visgrd qualifying points   2727
visgrd default map values       1       1.00      2
visgrd number of dims    3
visgrd dimensions         22        22        22
visgrd axis scales      0.700     0.700     0.700

visgrd volume hydrophil                                                                       
visgrd author sitemap                                                                         
visgrd property name phil                                                                            
visgrd qualifying points    138
visgrd default map values       1      -8.00     10
visgrd number of dims    3
visgrd dimensions         22        22        22
visgrd axis scales      0.700     0.700     0.700

visgrd volume hydrophob                                                                       
visgrd author sitemap                                                                         
visgrd property name phob                                                                            
visgrd qualifying points    300
visgrd default map values       1      -0.50     13
visgrd number of dims    3
visgrd dimensions         22        22        22
visgrd axis scales      0.700     0.700     0.700

visgrd volume hbacceptor                                                                      
visgrd author sitemap                                                                         
visgrd property name accptr                                                                          
visgrd qualifying points     22
visgrd default map values       1      -8.00     16
visgrd number of dims    3
visgrd dimensions         22        22        22
visgrd axis scales      0.700     0.700     0.700

visgrd volume hbdonor                                                                         
visgrd author sitemap                                                                         
visgrd property name donor                                                                           
visgrd qualifying points    100
visgrd default map values       1      -8.00      5
visgrd number of dims    3
visgrd dimensions         22        22        22
visgrd axis scales      0.700     0.700     0.700

-- Evaluating site  1 --
Ligand/site-points file: 
Protein coordinates/parameters file: 
extend =   3
 Verbosity flags: F F F F F
all SiteMap grid files will be read
the protein charges will be modified to reduce formal charges and adjust donor/acceptor potentials
protein radii will be modified to allow closer approach to donor and acceptor heteroatoms
phobic areas emphasize enclosed regions and deemphasize exposed regions using alternative method
site-point set will be augmented by including significant nearby points
  threshold for adding phobic points:  -0.500
  threshold for adding philic points:  -8.000
base name for SiteMap grid files: 
 Reusing grid data
reusing site data
Number of protein atoms:    5674
 
phobic grid file reshaped
philic grid file reshaped
donor grid file reshaped
acceptor grid file reshaped
metal grid file reshaped
surf grid file reshaped
 maximum number of atoms in a sitebox =           9


Number of site points    8  first shell   20  higher shells   46   dirscore   0.806
1 vdw  -1.386   phob  -0.523   phil  -2.242   donor  -1.995   acceptor  -0.247   metal   0.000
2               phob  -0.226   phil  -2.051   donor  -0.173   acceptor  -1.878   metal   0.000

SiteScore size   Dscore  volume  exposure enclosure contact  phobic   philic   balance  don/acc
  0.805    27    0.777   156.06    0.710    0.806    1.070    1.571    0.599    2.624    8.066

-- Done with site  1 --

== End SiteMap calculation ==

Wrote 1 sites to "md0_crop154_sph_out.maegz".

Current time: Sun Jan 22 12:00:27 2023
Elapsed time: 0:00:04.34
SiteMap successfully completed.

