--------------------------------------------------------------------------------
JobId          : X299-0-63cd289e
Name           : md0_crop486_coa
Program        : SiteMap
Version        : 2021-4 build 135
Host           : X299
Dir            : /mnt/3a29b482-dac1-4563-be89-d63ad92354e9/cers_modelling/md_sampling_cers_models/charmm_gui_systems/cers2_10pc_chol/sitemaps
HostEntry      : localhost
JobHost        : X299
JobDir         : /scratch/tamir/md0_crop486_coa
JobSchrodinger : /opt/schrodinger2021-4
Commandline    : /opt/schrodinger2021-4/sitemap md0_crop486_coa.in -WAIT
StartTime      : 2023-01-22-14:14:22
--------------------------------------------------------------------------------

== Begin input keywords ==
ADDPHIL  -8.0
ADDPHOB  -0.5
ADDSP  True
COMPRESS  True
CUTOFF  20.0
D2THRESH  3.1
DTHRESH  6.5
DVSCALE  2.5
ENCLOSURE  0.5
EXTEND  3
FAKE  False
FFIELD  OPLS_2005
GRID  0.7
KEEPELEC  False
KEEPVDW  False
KEEPVOLPTS  True
KMAX  3
KMAX2  5
MAPDIST  4.0
MARGIN  6.0
MAXDIST  8.0
MAXSITES  1
MAXVDW  1.1
MINGROUP  3
MODCHARGES  True
MODPHOBIC  3
NEARRES  3.5
NTHRESH  3
PROT  md0_crop486.mae
R2THRESH  4.1
REPORTSIZE  10
ROUND  False
RTHRESH  5.0
VERBOSITY  0
WRITEGRIDS  False
WRITEPOT  False
WRITESTRUCTS  True
WRITEVIS  True
XCENT  56.935997009277344
XRANGE  10.0
YCENT  47.28349685668945
YRANGE  10.0
ZCENT  75.38949966430664
ZRANGE  10.0
== End input keywords ==

== Begin single-receptor SiteMap calculation ==

-- Begin site search --
 Parameters for this calculation:
 sitecut =  0.500000000000000     
 sitescmin =   1.10000000000000     
 afactor =   1.00000000000000     
 bfactor =   1.00000000000000     
 imaxsite =           8
 ithresh =           3
 mingroup =           3
 kmax =           3
 kmax2 =           5
 r2thresh =   4.10000000000000     
 dvscale =   2.50000000000000     
 dvscnorm =   2.50000000000000     
 dvscbig =   2.50000000000000     
 border =   2.00000000000000     
 dthresh =   6.50000000000000     
 rthresh =   5.00000000000000     
 maxgroup =         100
 r2thresh =   4.10000000000000     
 nthresh =           3
 ndir =         110
 use_vdw = T
 repname = none
 repsize =          10
 maxrep =           1
 sitelis = sites.lis
 profile = none
 sitelig = none
 siteasl = none
 use_sitelig =  F
 sitebox =  -999.000000000000     
 writepdb =  F
 number of protein atoms =        5676
Starting findsites:  Sunday, January 22 2023, at 14:14:26 IST
ptypes obtained:  Sunday, January 22 2023, at 14:14:26 IST
lj parameters obtained:  Sunday, January 22 2023, at 14:14:26 IST
Basic parameters obtained:  Sunday, January 22 2023, at 14:14:26 IST
Receptor parameterization completed:  Sunday, January 22 2023, at 14:14:26 IST
 scaled value of sitecut =   55.0000000000000     
 sphere directions set up         110
Sunday, January 22 2023, at 14:14:26 IST
 FINDSITE will use user-specified box
Centroid of box:  56.936  47.283  75.389
 boundaries   51.9359970092773        61.9359970092773     
   42.2834968566895        52.2834968566895        70.3894996643066     
   80.3894996643066     
 box          10          10          10
 maximum number of atoms in a sitebox =           6
Site points found:  Sunday, January 22 2023, at 14:14:26 IST
 boxes, patoms in boxes, empty boxes =         125         251          29
 total, outside sites =        1000         112
Site points pruned:  Sunday, January 22 2023, at 14:14:26 IST
final goodsites =        22
         2 sites will be removed
        20 good sites remain
Number of site groups found =     1

  Group  index  size  score     x       y       z     stdev
    1      1     20    1.62   55.31   49.29   72.59    1.84
Sites linked and merged:  Sunday, January 22 2023, at 14:14:26 IST
 Storing receptor data

Site-finding complete.
Number of sites to map/eval:  1

-- Mapping site  1 --
jobname: md0_crop486_coa_site_1
all SiteMap grid files will be generated
 philic map specified
 phobic map specified
 donor map specified
 acceptor map specified
 metal-ligation map specified
 surface-display map specified
grid margin:     6.00
grid spacing:     0.70
non-bonded cutoff:    20.00
ligand/sitepoints file: 
protein coordinates/parameters file: 
output map/grid files will be written to the current directory
vis files will be written
protein charges will be modified to reduce formal charges and adjust donor/acceptor potentials
protein radii will be modified to allow closer approach to donor and acceptor heteroatoms
phobic areas will be modified to emphasize enclosed regions and to deemphasize exposed regions using alternative method
all input instructions read
 Getting site data
ligand xcm,ycm,zcm,xrange,yrange,zrange 55.436 49.283 72.889  5.000  2.000  3.000

 Reusing receptor data from site-finding stage.

Sitemap: electrostatic+vdw interaction energy
Map field of *enzyme* in region of *inhibitor*

computing site maps ...
grid lim (orig)  46.936  63.936  42.283  56.283  65.389  80.389
grid lim (adj)   46.686  64.186  41.933  56.633  65.189  80.589
grid point counts   26   22   23
total grid points   13156

 5676 receptor atoms read
grid: adjdip
number of grid points within emin, emax limits =    10662
 maximum grid value before cutoff =               -0.092
 minimum grid value before cutoff =   -664.605

philic and phobic grids formed
grid: surf
number of grid points within emin, emax limits =     2384
 maximum grid value before cutoff =         39313008.981
 minimum grid value before cutoff =     -2.842

grid: phil
number of grid points within emin, emax limits =     1757
 maximum grid value before cutoff =         39312958.981
 minimum grid value before cutoff =    -23.311

grid: phob
number of grid points within emin, emax limits =      674
 maximum grid value before cutoff =         39313023.981
 minimum grid value before cutoff =     -2.114

mod_phobic: phobthresh, philthresh =  -0.250  -3.000
 maximum number of atoms in a sitebox =           9
 boxes, patoms in boxes, empty boxes =       10469        5676        8356
Average phobic potential changed from  -0.849 to  -0.550 for  209 grid points

number of phobic points =   297   average phobic score =   0.87
number of philic points =  1460   average philic score =  -6.17

number of qualifying surf grid points =      361

number of qualifying phil grid points =      429

number of qualifying phob grid points =       49

number of qualifying accptr grid points =      191

number of qualifying donor grid points =      233

number of qualifying metal grid points =        0

visgrd volume surf                                                                            
visgrd author sitemap                                                                         
visgrd property name surf                                                                            
visgrd qualifying points   1260
visgrd default map values       1       1.00      2
visgrd number of dims    3
visgrd dimensions         26        22        23
visgrd axis scales      0.700     0.700     0.700

visgrd volume hydrophil                                                                       
visgrd author sitemap                                                                         
visgrd property name phil                                                                            
visgrd qualifying points    429
visgrd default map values       1      -8.00     10
visgrd number of dims    3
visgrd dimensions         26        22        23
visgrd axis scales      0.700     0.700     0.700

visgrd volume hydrophob                                                                       
visgrd author sitemap                                                                         
visgrd property name phob                                                                            
visgrd qualifying points     99
visgrd default map values       1      -0.50     13
visgrd number of dims    3
visgrd dimensions         26        22        23
visgrd axis scales      0.700     0.700     0.700

visgrd volume hbacceptor                                                                      
visgrd author sitemap                                                                         
visgrd property name accptr                                                                          
visgrd qualifying points    191
visgrd default map values       1      -8.00     16
visgrd number of dims    3
visgrd dimensions         26        22        23
visgrd axis scales      0.700     0.700     0.700

visgrd volume hbdonor                                                                         
visgrd author sitemap                                                                         
visgrd property name donor                                                                           
visgrd qualifying points    233
visgrd default map values       1      -8.00      5
visgrd number of dims    3
visgrd dimensions         26        22        23
visgrd axis scales      0.700     0.700     0.700

-- Evaluating site  1 --
Ligand/site-points file: 
Protein coordinates/parameters file: 
extend =   3
 Verbosity flags: F F F F F
all SiteMap grid files will be read
the protein charges will be modified to reduce formal charges and adjust donor/acceptor potentials
protein radii will be modified to allow closer approach to donor and acceptor heteroatoms
phobic areas emphasize enclosed regions and deemphasize exposed regions using alternative method
site-point set will be augmented by including significant nearby points
  threshold for adding phobic points:  -0.500
  threshold for adding philic points:  -8.000
base name for SiteMap grid files: 
 Reusing grid data
reusing site data
Number of protein atoms:    5676
 
phobic grid file reshaped
philic grid file reshaped
donor grid file reshaped
acceptor grid file reshaped
metal grid file reshaped
surf grid file reshaped
 maximum number of atoms in a sitebox =           9


Number of site points   20  first shell   30  higher shells   49   dirscore   0.914
1 vdw  -1.621   phob  -0.325   phil  -4.948   donor  -1.896   acceptor  -3.052   metal   0.000
2               phob  -0.084   phil  -4.857   donor  -2.625   acceptor  -2.233   metal   0.000

SiteScore size   Dscore  volume  exposure enclosure contact  phobic   philic   balance  don/acc
  0.869    39    0.705   131.37    0.669    0.914    1.251    0.587    1.321    0.444    0.621

-- Done with site  1 --

== End SiteMap calculation ==

Wrote 1 sites to "md0_crop486_coa_out.maegz".

Current time: Sun Jan 22 14:14:27 2023
Elapsed time: 0:00:04.25
SiteMap successfully completed.

