--------------------------------------------------------------------------------
JobId          : X299-0-63cd0f66
Name           : md0_crop219_sph
Program        : SiteMap
Version        : 2021-4 build 135
Host           : X299
Dir            : /mnt/3a29b482-dac1-4563-be89-d63ad92354e9/cers_modelling/md_sampling_cers_models/charmm_gui_systems/cers2_10pc_chol/sitemaps
HostEntry      : localhost
JobHost        : X299
JobDir         : /scratch/tamir/md0_crop219_sph
JobSchrodinger : /opt/schrodinger2021-4
Commandline    : /opt/schrodinger2021-4/sitemap md0_crop219_sph.in -WAIT
StartTime      : 2023-01-22-12:26:47
--------------------------------------------------------------------------------

== Begin input keywords ==
ADDPHIL  -8.0
ADDPHOB  -0.5
ADDSP  True
COMPRESS  True
CUTOFF  20.0
D2THRESH  3.1
DTHRESH  6.5
DVSCALE  2.5
ENCLOSURE  0.5
EXTEND  3
FAKE  False
FFIELD  OPLS_2005
GRID  0.7
KEEPELEC  False
KEEPVDW  False
KEEPVOLPTS  True
KMAX  3
KMAX2  5
MAPDIST  4.0
MARGIN  6.0
MAXDIST  8.0
MAXSITES  1
MAXVDW  1.1
MINGROUP  3
MODCHARGES  True
MODPHOBIC  3
NEARRES  3.5
NTHRESH  3
PROT  md0_crop219.mae
R2THRESH  4.1
REPORTSIZE  10
ROUND  False
RTHRESH  5.0
VERBOSITY  0
WRITEGRIDS  False
WRITEPOT  False
WRITESTRUCTS  True
WRITEVIS  True
XCENT  45.243000984191895
XRANGE  10.0
YCENT  38.12299728393555
YRANGE  10.0
ZCENT  66.82600021362305
ZRANGE  10.0
== End input keywords ==

== Begin single-receptor SiteMap calculation ==

-- Begin site search --
 Parameters for this calculation:
 sitecut =  0.500000000000000     
 sitescmin =   1.10000000000000     
 afactor =   1.00000000000000     
 bfactor =   1.00000000000000     
 imaxsite =           8
 ithresh =           3
 mingroup =           3
 kmax =           3
 kmax2 =           5
 r2thresh =   4.10000000000000     
 dvscale =   2.50000000000000     
 dvscnorm =   2.50000000000000     
 dvscbig =   2.50000000000000     
 border =   2.00000000000000     
 dthresh =   6.50000000000000     
 rthresh =   5.00000000000000     
 maxgroup =         100
 r2thresh =   4.10000000000000     
 nthresh =           3
 ndir =         110
 use_vdw = T
 repname = none
 repsize =          10
 maxrep =           1
 sitelis = sites.lis
 profile = none
 sitelig = none
 siteasl = none
 use_sitelig =  F
 sitebox =  -999.000000000000     
 writepdb =  F
 number of protein atoms =        5675
Starting findsites:  Sunday, January 22 2023, at 12:26:50 IST
ptypes obtained:  Sunday, January 22 2023, at 12:26:50 IST
lj parameters obtained:  Sunday, January 22 2023, at 12:26:50 IST
Basic parameters obtained:  Sunday, January 22 2023, at 12:26:50 IST
Receptor parameterization completed:  Sunday, January 22 2023, at 12:26:50 IST
 scaled value of sitecut =   55.0000000000000     
 sphere directions set up         110
Sunday, January 22 2023, at 12:26:50 IST
 FINDSITE will use user-specified box
Centroid of box:  45.243  38.123  66.826
 boundaries   40.2430009841919        50.2430009841919     
   33.1229972839355        43.1229972839355        61.8260002136230     
   71.8260002136230     
 box          10          10          10
 maximum number of atoms in a sitebox =           5
Site points found:  Sunday, January 22 2023, at 12:26:50 IST
 boxes, patoms in boxes, empty boxes =         125         204          47
 total, outside sites =        1000         316
Site points pruned:  Sunday, January 22 2023, at 12:26:50 IST
final goodsites =        10
         6 sites will be removed
         4 good sites remain
Number of site groups found =     2

  Group  index  size  score     x       y       z     stdev
    1      1      3    1.33   47.55   39.49   65.19    0.82
    2      2      1    1.31   44.24   38.12   67.83    0.00

Inter-group relationships
     g1     g2     n1     n2    dmin    davg   spread  ratio     x1      y1      z1      x2      y2      z2
Sites linked and merged:  Sunday, January 22 2023, at 12:26:50 IST
 Storing receptor data

Site-finding complete.
Number of sites to map/eval:  1

-- Mapping site  1 --
jobname: md0_crop219_sph_site_1
all SiteMap grid files will be generated
 philic map specified
 phobic map specified
 donor map specified
 acceptor map specified
 metal-ligation map specified
 surface-display map specified
grid margin:     6.00
grid spacing:     0.70
non-bonded cutoff:    20.00
ligand/sitepoints file: 
protein coordinates/parameters file: 
output map/grid files will be written to the current directory
vis files will be written
protein charges will be modified to reduce formal charges and adjust donor/acceptor potentials
protein radii will be modified to allow closer approach to donor and acceptor heteroatoms
phobic areas will be modified to emphasize enclosed regions and to deemphasize exposed regions using alternative method
all input instructions read
 Getting site data
ligand xcm,ycm,zcm,xrange,yrange,zrange 47.743 39.623 65.326  1.000  1.000  1.000

 Reusing receptor data from site-finding stage.

Sitemap: electrostatic+vdw interaction energy
Map field of *enzyme* in region of *inhibitor*

computing site maps ...
grid lim (orig)  41.243  54.243  33.123  46.123  58.826  71.826
grid lim (adj)   41.093  54.393  32.973  46.273  58.676  71.976
grid point counts   20   20   20
total grid points    8000

 5675 receptor atoms read
grid: adjdip
number of grid points within emin, emax limits =     7202
 maximum grid value before cutoff =               -0.042
 minimum grid value before cutoff =   -536.738

philic and phobic grids formed
grid: surf
number of grid points within emin, emax limits =     1644
 maximum grid value before cutoff =         42362781.790
 minimum grid value before cutoff =     -2.522

grid: phil
number of grid points within emin, emax limits =     2102
 maximum grid value before cutoff =         42362731.790
 minimum grid value before cutoff =    -22.115

grid: phob
number of grid points within emin, emax limits =     1454
 maximum grid value before cutoff =         42362796.790
 minimum grid value before cutoff =     -2.156

mod_phobic: phobthresh, philthresh =  -0.250  -3.000
 maximum number of atoms in a sitebox =           8
 boxes, patoms in boxes, empty boxes =       12369        5675       10282
Average phobic potential changed from  -0.784 to  -0.446 for  763 grid points

number of phobic points =  1148   average phobic score =   0.70
number of philic points =   954   average philic score =  -4.52

number of qualifying surf grid points =      313

number of qualifying phil grid points =      162

number of qualifying phob grid points =       66

number of qualifying accptr grid points =       32

number of qualifying donor grid points =      120

number of qualifying metal grid points =        0

visgrd volume surf                                                                            
visgrd author sitemap                                                                         
visgrd property name surf                                                                            
visgrd qualifying points   1881
visgrd default map values       1       1.00      2
visgrd number of dims    3
visgrd dimensions         20        20        20
visgrd axis scales      0.700     0.700     0.700

visgrd volume hydrophil                                                                       
visgrd author sitemap                                                                         
visgrd property name phil                                                                            
visgrd qualifying points    162
visgrd default map values       1      -8.00     10
visgrd number of dims    3
visgrd dimensions         20        20        20
visgrd axis scales      0.700     0.700     0.700

visgrd volume hydrophob                                                                       
visgrd author sitemap                                                                         
visgrd property name phob                                                                            
visgrd qualifying points    247
visgrd default map values       1      -0.50     13
visgrd number of dims    3
visgrd dimensions         20        20        20
visgrd axis scales      0.700     0.700     0.700

visgrd volume hbacceptor                                                                      
visgrd author sitemap                                                                         
visgrd property name accptr                                                                          
visgrd qualifying points     32
visgrd default map values       1      -8.00     16
visgrd number of dims    3
visgrd dimensions         20        20        20
visgrd axis scales      0.700     0.700     0.700

visgrd volume hbdonor                                                                         
visgrd author sitemap                                                                         
visgrd property name donor                                                                           
visgrd qualifying points    120
visgrd default map values       1      -8.00      5
visgrd number of dims    3
visgrd dimensions         20        20        20
visgrd axis scales      0.700     0.700     0.700

-- Evaluating site  1 --
Ligand/site-points file: 
Protein coordinates/parameters file: 
extend =   3
 Verbosity flags: F F F F F
all SiteMap grid files will be read
the protein charges will be modified to reduce formal charges and adjust donor/acceptor potentials
protein radii will be modified to allow closer approach to donor and acceptor heteroatoms
phobic areas emphasize enclosed regions and deemphasize exposed regions using alternative method
site-point set will be augmented by including significant nearby points
  threshold for adding phobic points:  -0.500
  threshold for adding philic points:  -8.000
base name for SiteMap grid files: 
 Reusing grid data
reusing site data
Number of protein atoms:    5675
 
phobic grid file reshaped
philic grid file reshaped
donor grid file reshaped
acceptor grid file reshaped
metal grid file reshaped
surf grid file reshaped
 maximum number of atoms in a sitebox =           8


Number of site points    3  first shell    8  higher shells   45   dirscore   0.820
1 vdw  -1.376   phob  -0.522   phil  -2.242   donor  -2.242   acceptor   0.000   metal   0.000
2               phob  -0.226   phil  -2.008   donor  -0.023   acceptor  -1.985   metal   0.000

SiteScore size   Dscore  volume  exposure enclosure contact  phobic   philic   balance  don/acc
  0.698    13    0.636   125.88    0.803    0.820    1.062    1.568    0.599    2.619    0.000

-- Done with site  1 --

== End SiteMap calculation ==

Wrote 1 sites to "md0_crop219_sph_out.maegz".

Current time: Sun Jan 22 12:26:52 2023
Elapsed time: 0:00:04.22
SiteMap successfully completed.

