--------------------------------------------------------------------------------
JobId          : X299-0-63cd14a1
Name           : md0_crop275_coa
Program        : SiteMap
Version        : 2021-4 build 135
Host           : X299
Dir            : /mnt/3a29b482-dac1-4563-be89-d63ad92354e9/cers_modelling/md_sampling_cers_models/charmm_gui_systems/cers2_10pc_chol/sitemaps
HostEntry      : localhost
JobHost        : X299
JobDir         : /scratch/tamir/md0_crop275_coa
JobSchrodinger : /opt/schrodinger2021-4
Commandline    : /opt/schrodinger2021-4/sitemap md0_crop275_coa.in -WAIT
StartTime      : 2023-01-22-12:49:06
--------------------------------------------------------------------------------

== Begin input keywords ==
ADDPHIL  -8.0
ADDPHOB  -0.5
ADDSP  True
COMPRESS  True
CUTOFF  20.0
D2THRESH  3.1
DTHRESH  6.5
DVSCALE  2.5
ENCLOSURE  0.5
EXTEND  3
FAKE  False
FFIELD  OPLS_2005
GRID  0.7
KEEPELEC  False
KEEPVDW  False
KEEPVOLPTS  True
KMAX  3
KMAX2  5
MAPDIST  4.0
MARGIN  6.0
MAXDIST  8.0
MAXSITES  1
MAXVDW  1.1
MINGROUP  3
MODCHARGES  True
MODPHOBIC  3
NEARRES  3.5
NTHRESH  3
PROT  md0_crop275.mae
R2THRESH  4.1
REPORTSIZE  10
ROUND  False
RTHRESH  5.0
VERBOSITY  0
WRITEGRIDS  False
WRITEPOT  False
WRITESTRUCTS  True
WRITEVIS  True
XCENT  55.6850004196167
XRANGE  10.0
YCENT  44.74249839782715
YRANGE  10.0
ZCENT  76.67449951171875
ZRANGE  10.0
== End input keywords ==

== Begin single-receptor SiteMap calculation ==

-- Begin site search --
 Parameters for this calculation:
 sitecut =  0.500000000000000     
 sitescmin =   1.10000000000000     
 afactor =   1.00000000000000     
 bfactor =   1.00000000000000     
 imaxsite =           8
 ithresh =           3
 mingroup =           3
 kmax =           3
 kmax2 =           5
 r2thresh =   4.10000000000000     
 dvscale =   2.50000000000000     
 dvscnorm =   2.50000000000000     
 dvscbig =   2.50000000000000     
 border =   2.00000000000000     
 dthresh =   6.50000000000000     
 rthresh =   5.00000000000000     
 maxgroup =         100
 r2thresh =   4.10000000000000     
 nthresh =           3
 ndir =         110
 use_vdw = T
 repname = none
 repsize =          10
 maxrep =           1
 sitelis = sites.lis
 profile = none
 sitelig = none
 siteasl = none
 use_sitelig =  F
 sitebox =  -999.000000000000     
 writepdb =  F
 number of protein atoms =        5675
Starting findsites:  Sunday, January 22 2023, at 12:49:09 IST
ptypes obtained:  Sunday, January 22 2023, at 12:49:09 IST
lj parameters obtained:  Sunday, January 22 2023, at 12:49:09 IST
Basic parameters obtained:  Sunday, January 22 2023, at 12:49:09 IST
Receptor parameterization completed:  Sunday, January 22 2023, at 12:49:09 IST
 scaled value of sitecut =   55.0000000000000     
 sphere directions set up         110
Sunday, January 22 2023, at 12:49:09 IST
 FINDSITE will use user-specified box
Centroid of box:  55.685  44.742  76.674
 boundaries   50.6850004196167        60.6850004196167     
   39.7424983978271        49.7424983978271        71.6744995117188     
   81.6744995117188     
 box          10          10          10
 maximum number of atoms in a sitebox =           7
Site points found:  Sunday, January 22 2023, at 12:49:09 IST
 boxes, patoms in boxes, empty boxes =         125         245          35
 total, outside sites =        1000          93
Site points pruned:  Sunday, January 22 2023, at 12:49:09 IST
final goodsites =        24
         7 sites will be removed
        17 good sites remain
Number of site groups found =     1

  Group  index  size  score     x       y       z     stdev
    1      1     17    1.56   53.88   46.50   73.97    1.57
Sites linked and merged:  Sunday, January 22 2023, at 12:49:09 IST
 Storing receptor data

Site-finding complete.
Number of sites to map/eval:  1

-- Mapping site  1 --
jobname: md0_crop275_coa_site_1
all SiteMap grid files will be generated
 philic map specified
 phobic map specified
 donor map specified
 acceptor map specified
 metal-ligation map specified
 surface-display map specified
grid margin:     6.00
grid spacing:     0.70
non-bonded cutoff:    20.00
ligand/sitepoints file: 
protein coordinates/parameters file: 
output map/grid files will be written to the current directory
vis files will be written
protein charges will be modified to reduce formal charges and adjust donor/acceptor potentials
protein radii will be modified to allow closer approach to donor and acceptor heteroatoms
phobic areas will be modified to emphasize enclosed regions and to deemphasize exposed regions using alternative method
all input instructions read
 Getting site data
ligand xcm,ycm,zcm,xrange,yrange,zrange 54.185 46.742 73.674  5.000  2.000  2.000

 Reusing receptor data from site-finding stage.

Sitemap: electrostatic+vdw interaction energy
Map field of *enzyme* in region of *inhibitor*

computing site maps ...
grid lim (orig)  45.685  62.685  39.742  53.742  66.674  80.674
grid lim (adj)   45.435  62.935  39.392  54.092  66.324  81.024
grid point counts   26   22   22
total grid points   12584

 5675 receptor atoms read
grid: adjdip
number of grid points within emin, emax limits =    10304
 maximum grid value before cutoff =               -0.262
 minimum grid value before cutoff =   -589.935

philic and phobic grids formed
grid: surf
number of grid points within emin, emax limits =     2307
 maximum grid value before cutoff =         39654296.560
 minimum grid value before cutoff =     -3.036

grid: phil
number of grid points within emin, emax limits =     1585
 maximum grid value before cutoff =         39654246.560
 minimum grid value before cutoff =    -30.719

grid: phob
number of grid points within emin, emax limits =      599
 maximum grid value before cutoff =         39654311.560
 minimum grid value before cutoff =     -2.000

mod_phobic: phobthresh, philthresh =  -0.250  -3.000
 maximum number of atoms in a sitebox =           9
 boxes, patoms in boxes, empty boxes =       11191        5675        9095
Average phobic potential changed from  -0.939 to  -0.661 for  174 grid points

number of phobic points =   268   average phobic score =   0.96
number of philic points =  1317   average philic score =  -6.44

number of qualifying surf grid points =      346

number of qualifying phil grid points =      393

number of qualifying phob grid points =       71

number of qualifying accptr grid points =      176

number of qualifying donor grid points =      208

number of qualifying metal grid points =        0

visgrd volume surf                                                                            
visgrd author sitemap                                                                         
visgrd property name surf                                                                            
visgrd qualifying points   1100
visgrd default map values       1       1.00      2
visgrd number of dims    3
visgrd dimensions         26        22        22
visgrd axis scales      0.700     0.700     0.700

visgrd volume hydrophil                                                                       
visgrd author sitemap                                                                         
visgrd property name phil                                                                            
visgrd qualifying points    393
visgrd default map values       1      -8.00     10
visgrd number of dims    3
visgrd dimensions         26        22        22
visgrd axis scales      0.700     0.700     0.700

visgrd volume hydrophob                                                                       
visgrd author sitemap                                                                         
visgrd property name phob                                                                            
visgrd qualifying points    106
visgrd default map values       1      -0.50     13
visgrd number of dims    3
visgrd dimensions         26        22        22
visgrd axis scales      0.700     0.700     0.700

visgrd volume hbacceptor                                                                      
visgrd author sitemap                                                                         
visgrd property name accptr                                                                          
visgrd qualifying points    176
visgrd default map values       1      -8.00     16
visgrd number of dims    3
visgrd dimensions         26        22        22
visgrd axis scales      0.700     0.700     0.700

visgrd volume hbdonor                                                                         
visgrd author sitemap                                                                         
visgrd property name donor                                                                           
visgrd qualifying points    208
visgrd default map values       1      -8.00      5
visgrd number of dims    3
visgrd dimensions         26        22        22
visgrd axis scales      0.700     0.700     0.700

-- Evaluating site  1 --
Ligand/site-points file: 
Protein coordinates/parameters file: 
extend =   3
 Verbosity flags: F F F F F
all SiteMap grid files will be read
the protein charges will be modified to reduce formal charges and adjust donor/acceptor potentials
protein radii will be modified to allow closer approach to donor and acceptor heteroatoms
phobic areas emphasize enclosed regions and deemphasize exposed regions using alternative method
site-point set will be augmented by including significant nearby points
  threshold for adding phobic points:  -0.500
  threshold for adding philic points:  -8.000
base name for SiteMap grid files: 
 Reusing grid data
reusing site data
Number of protein atoms:    5675
 
phobic grid file reshaped
philic grid file reshaped
donor grid file reshaped
acceptor grid file reshaped
metal grid file reshaped
surf grid file reshaped
 maximum number of atoms in a sitebox =           9


Number of site points   17  first shell   34  higher shells   45   dirscore   0.933
1 vdw  -1.537   phob  -0.271   phil  -4.773   donor  -1.713   acceptor  -3.060   metal   0.000
2               phob  -0.078   phil  -4.448   donor  -2.737   acceptor  -1.711   metal   0.000

SiteScore size   Dscore  volume  exposure enclosure contact  phobic   philic   balance  don/acc
  0.839    32    0.676   125.19    0.712    0.933    1.186    0.540    1.274    0.424    0.560

-- Done with site  1 --

== End SiteMap calculation ==

Wrote 1 sites to "md0_crop275_coa_out.maegz".

Current time: Sun Jan 22 12:49:10 2023
Elapsed time: 0:00:03.98
SiteMap successfully completed.

