--------------------------------------------------------------------------------
JobId          : X299-0-63cd1f90
Name           : md0_crop391_coa
Program        : SiteMap
Version        : 2021-4 build 135
Host           : X299
Dir            : /mnt/3a29b482-dac1-4563-be89-d63ad92354e9/cers_modelling/md_sampling_cers_models/charmm_gui_systems/cers2_10pc_chol/sitemaps
HostEntry      : localhost
JobHost        : X299
JobDir         : /scratch/tamir/md0_crop391_coa
JobSchrodinger : /opt/schrodinger2021-4
Commandline    : /opt/schrodinger2021-4/sitemap md0_crop391_coa.in -WAIT
StartTime      : 2023-01-22-13:35:44
--------------------------------------------------------------------------------

== Begin input keywords ==
ADDPHIL  -8.0
ADDPHOB  -0.5
ADDSP  True
COMPRESS  True
CUTOFF  20.0
D2THRESH  3.1
DTHRESH  6.5
DVSCALE  2.5
ENCLOSURE  0.5
EXTEND  3
FAKE  False
FFIELD  OPLS_2005
GRID  0.7
KEEPELEC  False
KEEPVDW  False
KEEPVOLPTS  True
KMAX  3
KMAX2  5
MAPDIST  4.0
MARGIN  6.0
MAXDIST  8.0
MAXSITES  1
MAXVDW  1.1
MINGROUP  3
MODCHARGES  True
MODPHOBIC  3
NEARRES  3.5
NTHRESH  3
PROT  md0_crop391.mae
R2THRESH  4.1
REPORTSIZE  10
ROUND  False
RTHRESH  5.0
VERBOSITY  0
WRITEGRIDS  False
WRITEPOT  False
WRITESTRUCTS  True
WRITEVIS  True
XCENT  57.15649604797363
XRANGE  10.0
YCENT  44.98649597167969
YRANGE  10.0
ZCENT  75.82949638366699
ZRANGE  10.0
== End input keywords ==

== Begin single-receptor SiteMap calculation ==

-- Begin site search --
 Parameters for this calculation:
 sitecut =  0.500000000000000     
 sitescmin =   1.10000000000000     
 afactor =   1.00000000000000     
 bfactor =   1.00000000000000     
 imaxsite =           8
 ithresh =           3
 mingroup =           3
 kmax =           3
 kmax2 =           5
 r2thresh =   4.10000000000000     
 dvscale =   2.50000000000000     
 dvscnorm =   2.50000000000000     
 dvscbig =   2.50000000000000     
 border =   2.00000000000000     
 dthresh =   6.50000000000000     
 rthresh =   5.00000000000000     
 maxgroup =         100
 r2thresh =   4.10000000000000     
 nthresh =           3
 ndir =         110
 use_vdw = T
 repname = none
 repsize =          10
 maxrep =           1
 sitelis = sites.lis
 profile = none
 sitelig = none
 siteasl = none
 use_sitelig =  F
 sitebox =  -999.000000000000     
 writepdb =  F
 number of protein atoms =        5676
Starting findsites:  Sunday, January 22 2023, at 13:35:48 IST
ptypes obtained:  Sunday, January 22 2023, at 13:35:48 IST
lj parameters obtained:  Sunday, January 22 2023, at 13:35:48 IST
Basic parameters obtained:  Sunday, January 22 2023, at 13:35:48 IST
Receptor parameterization completed:  Sunday, January 22 2023, at 13:35:48 IST
 scaled value of sitecut =   55.0000000000000     
 sphere directions set up         110
Sunday, January 22 2023, at 13:35:48 IST
 FINDSITE will use user-specified box
Centroid of box:  57.156  44.986  75.829
 boundaries   52.1564960479736        62.1564960479736     
   39.9864959716797        49.9864959716797        70.8294963836670     
   80.8294963836670     
 box          10          10          10
 maximum number of atoms in a sitebox =           6
Site points found:  Sunday, January 22 2023, at 13:35:48 IST
 boxes, patoms in boxes, empty boxes =         125         253          27
 total, outside sites =        1000         120
Site points pruned:  Sunday, January 22 2023, at 13:35:48 IST
final goodsites =        25
         5 sites will be removed
        20 good sites remain
Number of site groups found =     3

  Group  index  size  score     x       y       z     stdev
    1      1     15    1.59   54.49   46.97   73.56    1.47
    2      3      4    1.33   57.62   47.99   76.33    0.71
    3      2      1    1.51   58.16   47.99   72.83    0.00

Inter-group relationships
     g1     g2     n1     n2    dmin    davg   spread  ratio     x1      y1      z1      x2      y2      z2
      1      2     15      4    2.45    4.31    2.18    1.98   54.49   46.97   73.56   57.62   47.99   76.33
 groups           1           2  will be considered for merger
site groups connected   55.16   47.99   76.83   2    4.00   3   4   5
                        57.16   47.99   76.83
 successful merge of groups           1           2
Number of site groups found =     2

  Group  index  size  score     x       y       z     stdev
    1      1     19    1.54   55.06   47.16   74.06    2.15
    2      2      1    1.51   58.16   47.99   72.83    0.00

Inter-group relationships
     g1     g2     n1     n2    dmin    davg   spread  ratio     x1      y1      z1      x2      y2      z2
Sites linked and merged:  Sunday, January 22 2023, at 13:35:48 IST
 Storing receptor data

Site-finding complete.
Number of sites to map/eval:  1

-- Mapping site  1 --
jobname: md0_crop391_coa_site_1
all SiteMap grid files will be generated
 philic map specified
 phobic map specified
 donor map specified
 acceptor map specified
 metal-ligation map specified
 surface-display map specified
grid margin:     6.00
grid spacing:     0.70
non-bonded cutoff:    20.00
ligand/sitepoints file: 
protein coordinates/parameters file: 
output map/grid files will be written to the current directory
vis files will be written
protein charges will be modified to reduce formal charges and adjust donor/acceptor potentials
protein radii will be modified to allow closer approach to donor and acceptor heteroatoms
phobic areas will be modified to emphasize enclosed regions and to deemphasize exposed regions using alternative method
all input instructions read
 Getting site data
ligand xcm,ycm,zcm,xrange,yrange,zrange 55.656 46.986 74.329  5.000  2.000  5.000

 Reusing receptor data from site-finding stage.

Sitemap: electrostatic+vdw interaction energy
Map field of *enzyme* in region of *inhibitor*

computing site maps ...
grid lim (orig)  47.156  64.156  39.986  53.986  65.829  82.829
grid lim (adj)   46.906  64.406  39.636  54.336  65.579  83.079
grid point counts   26   22   26
total grid points   14872

 5676 receptor atoms read
grid: adjdip
number of grid points within emin, emax limits =    12020
 maximum grid value before cutoff =               -0.122
 minimum grid value before cutoff =   -642.620

philic and phobic grids formed
grid: surf
number of grid points within emin, emax limits =     2622
 maximum grid value before cutoff =         36413946.550
 minimum grid value before cutoff =     -3.038

grid: phil
number of grid points within emin, emax limits =     2511
 maximum grid value before cutoff =         36413896.550
 minimum grid value before cutoff =    -26.766

grid: phob
number of grid points within emin, emax limits =     1162
 maximum grid value before cutoff =         36413961.550
 minimum grid value before cutoff =     -2.203

mod_phobic: phobthresh, philthresh =  -0.250  -3.000
 maximum number of atoms in a sitebox =           9
 boxes, patoms in boxes, empty boxes =       12369        5676       10274
Average phobic potential changed from  -0.732 to  -0.427 for  287 grid points

number of phobic points =   493   average phobic score =   0.62
number of philic points =  2018   average philic score =  -6.00

number of qualifying surf grid points =      391

number of qualifying phil grid points =      559

number of qualifying phob grid points =       24

number of qualifying accptr grid points =      263

number of qualifying donor grid points =      274

number of qualifying metal grid points =        0

visgrd volume surf                                                                            
visgrd author sitemap                                                                         
visgrd property name surf                                                                            
visgrd qualifying points   1907
visgrd default map values       1       1.00      2
visgrd number of dims    3
visgrd dimensions         26        22        26
visgrd axis scales      0.700     0.700     0.700

visgrd volume hydrophil                                                                       
visgrd author sitemap                                                                         
visgrd property name phil                                                                            
visgrd qualifying points    559
visgrd default map values       1      -8.00     10
visgrd number of dims    3
visgrd dimensions         26        22        26
visgrd axis scales      0.700     0.700     0.700

visgrd volume hydrophob                                                                       
visgrd author sitemap                                                                         
visgrd property name phob                                                                            
visgrd qualifying points     97
visgrd default map values       1      -0.50     13
visgrd number of dims    3
visgrd dimensions         26        22        26
visgrd axis scales      0.700     0.700     0.700

visgrd volume hbacceptor                                                                      
visgrd author sitemap                                                                         
visgrd property name accptr                                                                          
visgrd qualifying points    263
visgrd default map values       1      -8.00     16
visgrd number of dims    3
visgrd dimensions         26        22        26
visgrd axis scales      0.700     0.700     0.700

visgrd volume hbdonor                                                                         
visgrd author sitemap                                                                         
visgrd property name donor                                                                           
visgrd qualifying points    274
visgrd default map values       1      -8.00      5
visgrd number of dims    3
visgrd dimensions         26        22        26
visgrd axis scales      0.700     0.700     0.700

-- Evaluating site  1 --
Ligand/site-points file: 
Protein coordinates/parameters file: 
extend =   3
 Verbosity flags: F F F F F
all SiteMap grid files will be read
the protein charges will be modified to reduce formal charges and adjust donor/acceptor potentials
protein radii will be modified to allow closer approach to donor and acceptor heteroatoms
phobic areas emphasize enclosed regions and deemphasize exposed regions using alternative method
site-point set will be augmented by including significant nearby points
  threshold for adding phobic points:  -0.500
  threshold for adding philic points:  -8.000
base name for SiteMap grid files: 
 Reusing grid data
reusing site data
Number of protein atoms:    5676
 
phobic grid file reshaped
philic grid file reshaped
donor grid file reshaped
acceptor grid file reshaped
metal grid file reshaped
surf grid file reshaped
 maximum number of atoms in a sitebox =           9


Number of site points   19  first shell   32  higher shells   46   dirscore   0.896
1 vdw  -1.564   phob  -0.239   phil  -5.790   donor  -2.250   acceptor  -3.541   metal   0.000
2               phob  -0.086   phil  -5.540   donor  -3.093   acceptor  -2.447   metal   0.000

SiteScore size   Dscore  volume  exposure enclosure contact  phobic   philic   balance  don/acc
  0.897    46    0.671   180.76    0.629    0.896    1.207    0.595    1.546    0.385    0.635

-- Done with site  1 --

== End SiteMap calculation ==

Wrote 1 sites to "md0_crop391_coa_out.maegz".

Current time: Sun Jan 22 13:35:50 2023
Elapsed time: 0:00:04.93
SiteMap successfully completed.

