--------------------------------------------------------------------------------
JobId          : X299-0-63cd20c7
Name           : md0_crop402_coa
Program        : SiteMap
Version        : 2021-4 build 135
Host           : X299
Dir            : /mnt/3a29b482-dac1-4563-be89-d63ad92354e9/cers_modelling/md_sampling_cers_models/charmm_gui_systems/cers2_10pc_chol/sitemaps
HostEntry      : localhost
JobHost        : X299
JobDir         : /scratch/tamir/md0_crop402_coa
JobSchrodinger : /opt/schrodinger2021-4
Commandline    : /opt/schrodinger2021-4/sitemap md0_crop402_coa.in -WAIT
StartTime      : 2023-01-22-13:40:55
--------------------------------------------------------------------------------

== Begin input keywords ==
ADDPHIL  -8.0
ADDPHOB  -0.5
ADDSP  True
COMPRESS  True
CUTOFF  20.0
D2THRESH  3.1
DTHRESH  6.5
DVSCALE  2.5
ENCLOSURE  0.5
EXTEND  3
FAKE  False
FFIELD  OPLS_2005
GRID  0.7
KEEPELEC  False
KEEPVDW  False
KEEPVOLPTS  True
KMAX  3
KMAX2  5
MAPDIST  4.0
MARGIN  6.0
MAXDIST  8.0
MAXSITES  1
MAXVDW  1.1
MINGROUP  3
MODCHARGES  True
MODPHOBIC  3
NEARRES  3.5
NTHRESH  3
PROT  md0_crop402.mae
R2THRESH  4.1
REPORTSIZE  10
ROUND  False
RTHRESH  5.0
VERBOSITY  0
WRITEGRIDS  False
WRITEPOT  False
WRITESTRUCTS  True
WRITEVIS  True
XCENT  56.29049777984619
XRANGE  10.0
YCENT  44.452996253967285
YRANGE  10.0
ZCENT  77.49499320983887
ZRANGE  10.0
== End input keywords ==

== Begin single-receptor SiteMap calculation ==

-- Begin site search --
 Parameters for this calculation:
 sitecut =  0.500000000000000     
 sitescmin =   1.10000000000000     
 afactor =   1.00000000000000     
 bfactor =   1.00000000000000     
 imaxsite =           8
 ithresh =           3
 mingroup =           3
 kmax =           3
 kmax2 =           5
 r2thresh =   4.10000000000000     
 dvscale =   2.50000000000000     
 dvscnorm =   2.50000000000000     
 dvscbig =   2.50000000000000     
 border =   2.00000000000000     
 dthresh =   6.50000000000000     
 rthresh =   5.00000000000000     
 maxgroup =         100
 r2thresh =   4.10000000000000     
 nthresh =           3
 ndir =         110
 use_vdw = T
 repname = none
 repsize =          10
 maxrep =           1
 sitelis = sites.lis
 profile = none
 sitelig = none
 siteasl = none
 use_sitelig =  F
 sitebox =  -999.000000000000     
 writepdb =  F
 number of protein atoms =        5675
Starting findsites:  Sunday, January 22 2023, at 13:40:58 IST
ptypes obtained:  Sunday, January 22 2023, at 13:40:59 IST
lj parameters obtained:  Sunday, January 22 2023, at 13:40:59 IST
Basic parameters obtained:  Sunday, January 22 2023, at 13:40:59 IST
Receptor parameterization completed:  Sunday, January 22 2023, at 13:40:59 IST
 scaled value of sitecut =   55.0000000000000     
 sphere directions set up         110
Sunday, January 22 2023, at 13:40:59 IST
 FINDSITE will use user-specified box
Centroid of box:  56.290  44.453  77.495
 boundaries   51.2904977798462        61.2904977798462     
   39.4529962539673        49.4529962539673        72.4949932098389     
   82.4949932098389     
 box          10          10          10
 maximum number of atoms in a sitebox =           7
Site points found:  Sunday, January 22 2023, at 13:40:59 IST
 boxes, patoms in boxes, empty boxes =         125         238          32
 total, outside sites =        1000         157
Site points pruned:  Sunday, January 22 2023, at 13:40:59 IST
final goodsites =        19
         3 sites will be removed
        16 good sites remain
Number of site groups found =     1

  Group  index  size  score     x       y       z     stdev
    1      1     16    1.34   54.85   46.61   75.75    2.02
Sites linked and merged:  Sunday, January 22 2023, at 13:40:59 IST
 Storing receptor data

Site-finding complete.
Number of sites to map/eval:  1

-- Mapping site  1 --
jobname: md0_crop402_coa_site_1
all SiteMap grid files will be generated
 philic map specified
 phobic map specified
 donor map specified
 acceptor map specified
 metal-ligation map specified
 surface-display map specified
grid margin:     6.00
grid spacing:     0.70
non-bonded cutoff:    20.00
ligand/sitepoints file: 
protein coordinates/parameters file: 
output map/grid files will be written to the current directory
vis files will be written
protein charges will be modified to reduce formal charges and adjust donor/acceptor potentials
protein radii will be modified to allow closer approach to donor and acceptor heteroatoms
phobic areas will be modified to emphasize enclosed regions and to deemphasize exposed regions using alternative method
all input instructions read
 Getting site data
ligand xcm,ycm,zcm,xrange,yrange,zrange 54.790 46.453 75.995  5.000  2.000  3.000

 Reusing receptor data from site-finding stage.

Sitemap: electrostatic+vdw interaction energy
Map field of *enzyme* in region of *inhibitor*

computing site maps ...
grid lim (orig)  46.290  63.290  39.453  53.453  68.495  83.495
grid lim (adj)   46.040  63.540  39.103  53.803  68.295  83.695
grid point counts   26   22   23
total grid points   13156

 5675 receptor atoms read
grid: adjdip
number of grid points within emin, emax limits =    10832
 maximum grid value before cutoff =               -0.179
 minimum grid value before cutoff =   -660.569

philic and phobic grids formed
grid: surf
number of grid points within emin, emax limits =     2421
 maximum grid value before cutoff =         46153472.347
 minimum grid value before cutoff =     -3.048

grid: phil
number of grid points within emin, emax limits =     2388
 maximum grid value before cutoff =         46153422.347
 minimum grid value before cutoff =    -29.319

grid: phob
number of grid points within emin, emax limits =     1029
 maximum grid value before cutoff =         46153487.347
 minimum grid value before cutoff =     -1.983

mod_phobic: phobthresh, philthresh =  -0.250  -3.000
 maximum number of atoms in a sitebox =           8
 boxes, patoms in boxes, empty boxes =       10469        5675        8363
Average phobic potential changed from  -0.829 to  -0.522 for  277 grid points

number of phobic points =   388   average phobic score =   0.82
number of philic points =  2000   average philic score =  -5.87

number of qualifying surf grid points =      387

number of qualifying phil grid points =      513

number of qualifying phob grid points =       40

number of qualifying accptr grid points =      221

number of qualifying donor grid points =      286

number of qualifying metal grid points =        0

visgrd volume surf                                                                            
visgrd author sitemap                                                                         
visgrd property name surf                                                                            
visgrd qualifying points   1833
visgrd default map values       1       1.00      2
visgrd number of dims    3
visgrd dimensions         26        22        23
visgrd axis scales      0.700     0.700     0.700

visgrd volume hydrophil                                                                       
visgrd author sitemap                                                                         
visgrd property name phil                                                                            
visgrd qualifying points    513
visgrd default map values       1      -8.00     10
visgrd number of dims    3
visgrd dimensions         26        22        23
visgrd axis scales      0.700     0.700     0.700

visgrd volume hydrophob                                                                       
visgrd author sitemap                                                                         
visgrd property name phob                                                                            
visgrd qualifying points    140
visgrd default map values       1      -0.50     13
visgrd number of dims    3
visgrd dimensions         26        22        23
visgrd axis scales      0.700     0.700     0.700

visgrd volume hbacceptor                                                                      
visgrd author sitemap                                                                         
visgrd property name accptr                                                                          
visgrd qualifying points    221
visgrd default map values       1      -8.00     16
visgrd number of dims    3
visgrd dimensions         26        22        23
visgrd axis scales      0.700     0.700     0.700

visgrd volume hbdonor                                                                         
visgrd author sitemap                                                                         
visgrd property name donor                                                                           
visgrd qualifying points    286
visgrd default map values       1      -8.00      5
visgrd number of dims    3
visgrd dimensions         26        22        23
visgrd axis scales      0.700     0.700     0.700

-- Evaluating site  1 --
Ligand/site-points file: 
Protein coordinates/parameters file: 
extend =   3
 Verbosity flags: F F F F F
all SiteMap grid files will be read
the protein charges will be modified to reduce formal charges and adjust donor/acceptor potentials
protein radii will be modified to allow closer approach to donor and acceptor heteroatoms
phobic areas emphasize enclosed regions and deemphasize exposed regions using alternative method
site-point set will be augmented by including significant nearby points
  threshold for adding phobic points:  -0.500
  threshold for adding philic points:  -8.000
base name for SiteMap grid files: 
 Reusing grid data
reusing site data
Number of protein atoms:    5675
 
phobic grid file reshaped
philic grid file reshaped
donor grid file reshaped
acceptor grid file reshaped
metal grid file reshaped
surf grid file reshaped
 maximum number of atoms in a sitebox =           8


Number of site points   16  first shell   36  higher shells   81   dirscore   0.898
1 vdw  -1.524   phob  -0.304   phil  -4.982   donor  -2.249   acceptor  -2.733   metal   0.000
2               phob  -0.067   phil  -4.991   donor  -2.493   acceptor  -2.498   metal   0.000

SiteScore size   Dscore  volume  exposure enclosure contact  phobic   philic   balance  don/acc
  0.914    49    0.763   225.01    0.705    0.898    1.176    0.464    1.330    0.349    0.823

-- Done with site  1 --

== End SiteMap calculation ==

Wrote 1 sites to "md0_crop402_coa_out.maegz".

Current time: Sun Jan 22 13:41:00 2023
Elapsed time: 0:00:04.33
SiteMap successfully completed.

