--------------------------------------------------------------------------------
JobId          : X299-0-63d65ceb
Name           : md0_crop428_acyl
Program        : SiteMap
Version        : 2021-4 build 135
Host           : X299
Dir            : /mnt/3a29b482-dac1-4563-be89-d63ad92354e9/cers_modelling/md_sampling_cers_models/charmm_gui_systems/cers2_10pc_chol/sitemaps
HostEntry      : localhost
JobHost        : X299
JobDir         : /scratch/tamir/md0_crop428_acyl
JobSchrodinger : /opt/schrodinger2021-4
Commandline    : /opt/schrodinger2021-4/sitemap md0_crop428_acyl.in
StartTime      : 2023-01-29-13:47:56
--------------------------------------------------------------------------------

== Begin input keywords ==
ADDPHIL  -8.0
ADDPHOB  -0.5
ADDSP  True
COMPRESS  True
CUTOFF  20.0
D2THRESH  3.1
DTHRESH  6.5
DVSCALE  2.5
ENCLOSURE  0.5
EXTEND  3
FAKE  False
FFIELD  OPLS_2005
GRID  0.7
KEEPELEC  False
KEEPVDW  False
KEEPVOLPTS  True
KMAX  3
KMAX2  5
MAPDIST  4.0
MARGIN  6.0
MAXDIST  8.0
MAXSITES  1
MAXVDW  1.1
MINGROUP  3
MODCHARGES  True
MODPHOBIC  3
NEARRES  3.5
NTHRESH  3
PROT  md0_crop428.mae
R2THRESH  4.1
REPORTSIZE  10
ROUND  False
RTHRESH  5.0
VERBOSITY  0
WRITEGRIDS  False
WRITEPOT  False
WRITESTRUCTS  True
WRITEVIS  True
XCENT  60.79733371734619
XRANGE  10.0
YCENT  50.595664978027344
YRANGE  10.0
ZCENT  56.999335289001465
ZRANGE  10.0
== End input keywords ==

== Begin single-receptor SiteMap calculation ==

-- Begin site search --
 Parameters for this calculation:
 sitecut =  0.500000000000000     
 sitescmin =   1.10000000000000     
 afactor =   1.00000000000000     
 bfactor =   1.00000000000000     
 imaxsite =           8
 ithresh =           3
 mingroup =           3
 kmax =           3
 kmax2 =           5
 r2thresh =   4.10000000000000     
 dvscale =   2.50000000000000     
 dvscnorm =   2.50000000000000     
 dvscbig =   2.50000000000000     
 border =   2.00000000000000     
 dthresh =   6.50000000000000     
 rthresh =   5.00000000000000     
 maxgroup =         100
 r2thresh =   4.10000000000000     
 nthresh =           3
 ndir =         110
 use_vdw = T
 repname = none
 repsize =          10
 maxrep =           1
 sitelis = sites.lis
 profile = none
 sitelig = none
 siteasl = none
 use_sitelig =  F
 sitebox =  -999.000000000000     
 writepdb =  F
 number of protein atoms =        5676
Starting findsites:  Sunday, January 29 2023, at 13:47:58 IST
ptypes obtained:  Sunday, January 29 2023, at 13:47:59 IST
lj parameters obtained:  Sunday, January 29 2023, at 13:47:59 IST
Basic parameters obtained:  Sunday, January 29 2023, at 13:47:59 IST
Receptor parameterization completed:  Sunday, January 29 2023, at 13:47:59 IST
 scaled value of sitecut =   55.0000000000000     
 sphere directions set up         110
Sunday, January 29 2023, at 13:47:59 IST
 FINDSITE will use user-specified box
Centroid of box:  60.797  50.596  56.999
 boundaries   55.7973337173462        65.7973337173462     
   45.5956649780273        55.5956649780273        51.9993352890015     
   61.9993352890015     
 box          10          10          10
 maximum number of atoms in a sitebox =           7
Site points found:  Sunday, January 29 2023, at 13:47:59 IST
 boxes, patoms in boxes, empty boxes =         125         312          14
 total, outside sites =        1000           4
Site points pruned:  Sunday, January 29 2023, at 13:47:59 IST
final goodsites =         4
         3 sites will be removed
         1 good sites remain
Number of site groups found =     1

  Group  index  size  score     x       y       z     stdev
    1      1      1    2.39   61.80   48.60   58.00    0.00
Sites linked and merged:  Sunday, January 29 2023, at 13:47:59 IST
 Storing receptor data

Site-finding complete.
Number of sites to map/eval:  1

-- Mapping site  1 --
jobname: md0_crop428_acyl_site_1
all SiteMap grid files will be generated
 philic map specified
 phobic map specified
 donor map specified
 acceptor map specified
 metal-ligation map specified
 surface-display map specified
grid margin:     6.00
grid spacing:     0.70
non-bonded cutoff:    20.00
ligand/sitepoints file: 
protein coordinates/parameters file: 
output map/grid files will be written to the current directory
vis files will be written
protein charges will be modified to reduce formal charges and adjust donor/acceptor potentials
protein radii will be modified to allow closer approach to donor and acceptor heteroatoms
phobic areas will be modified to emphasize enclosed regions and to deemphasize exposed regions using alternative method
all input instructions read
 Getting site data
ligand xcm,ycm,zcm,xrange,yrange,zrange  0.000  0.000  0.000  0.000  0.000  0.000

 Reusing receptor data from site-finding stage.

Sitemap: electrostatic+vdw interaction energy
Map field of *enzyme* in region of *inhibitor*

computing site maps ...
grid lim (orig)  55.797  67.797  42.596  54.596  51.999  63.999
grid lim (adj)   55.497  68.097  42.296  54.896  51.699  64.299
grid point counts   19   19   19
total grid points    6859

 5676 receptor atoms read
grid: adjdip
number of grid points within emin, emax limits =     5782
 maximum grid value before cutoff =               -0.186
 minimum grid value before cutoff =   -475.631

philic and phobic grids formed
grid: surf
number of grid points within emin, emax limits =      987
 maximum grid value before cutoff =         66969075.325
 minimum grid value before cutoff =     -2.861

grid: phil
number of grid points within emin, emax limits =      314
 maximum grid value before cutoff =         66969025.325
 minimum grid value before cutoff =    -14.449

grid: phob
number of grid points within emin, emax limits =      143
 maximum grid value before cutoff =         66969090.325
 minimum grid value before cutoff =     -2.291

mod_phobic: phobthresh, philthresh =  -0.250  -3.000
 maximum number of atoms in a sitebox =           9
 boxes, patoms in boxes, empty boxes =       10469        5676        8355
Average phobic potential changed from  -1.063 to  -0.885 for   31 grid points

number of phobic points =    93   average phobic score =   0.85
number of philic points =   221   average philic score =  -4.00

number of qualifying surf grid points =       92

number of qualifying phil grid points =       28

number of qualifying phob grid points =       16

number of qualifying accptr grid points =        2

number of qualifying donor grid points =       23

number of qualifying metal grid points =        0

visgrd volume surf                                                                            
visgrd author sitemap                                                                         
visgrd property name surf                                                                            
visgrd qualifying points    224
visgrd default map values       1       1.00      2
visgrd number of dims    3
visgrd dimensions         19        19        19
visgrd axis scales      0.700     0.700     0.700

visgrd volume hydrophil                                                                       
visgrd author sitemap                                                                         
visgrd property name phil                                                                            
visgrd qualifying points     28
visgrd default map values       1      -8.00     10
visgrd number of dims    3
visgrd dimensions         19        19        19
visgrd axis scales      0.700     0.700     0.700

visgrd volume hydrophob                                                                       
visgrd author sitemap                                                                         
visgrd property name phob                                                                            
visgrd qualifying points     20
visgrd default map values       1      -0.50     13
visgrd number of dims    3
visgrd dimensions         19        19        19
visgrd axis scales      0.700     0.700     0.700

visgrd volume hbacceptor                                                                      
visgrd author sitemap                                                                         
visgrd property name accptr                                                                          
visgrd qualifying points      2
visgrd default map values       1      -8.00     16
visgrd number of dims    3
visgrd dimensions         19        19        19
visgrd axis scales      0.700     0.700     0.700

visgrd volume hbdonor                                                                         
visgrd author sitemap                                                                         
visgrd property name donor                                                                           
visgrd qualifying points     23
visgrd default map values       1      -8.00      5
visgrd number of dims    3
visgrd dimensions         19        19        19
visgrd axis scales      0.700     0.700     0.700

-- Evaluating site  1 --
Ligand/site-points file: 
Protein coordinates/parameters file: 
extend =   3
 Verbosity flags: F F F F F
all SiteMap grid files will be read
the protein charges will be modified to reduce formal charges and adjust donor/acceptor potentials
protein radii will be modified to allow closer approach to donor and acceptor heteroatoms
phobic areas emphasize enclosed regions and deemphasize exposed regions using alternative method
site-point set will be augmented by including significant nearby points
  threshold for adding phobic points:  -0.500
  threshold for adding philic points:  -8.000
base name for SiteMap grid files: 
 Reusing grid data
reusing site data
Number of protein atoms:    5676
 
phobic grid file reshaped
philic grid file reshaped
donor grid file reshaped
acceptor grid file reshaped
metal grid file reshaped
surf grid file reshaped
 maximum number of atoms in a sitebox =           9


Number of site points    1  first shell    6  higher shells    5   dirscore   0.998
1 vdw  -1.290   phob  -0.334   phil  -3.310   donor  -2.403   acceptor  -0.906   metal   0.000
2               phob  -0.478   phil  -1.470   donor  -0.103   acceptor  -1.367   metal   0.000

SiteScore size   Dscore  volume  exposure enclosure contact  phobic   philic   balance  don/acc
  0.692     7    0.559    10.29    0.611    0.998    0.995    3.317    0.884    3.753    2.652

-- Done with site  1 --

== End SiteMap calculation ==

Wrote 1 sites to "md0_crop428_acyl_out.maegz".

Current time: Sun Jan 29 13:47:59 2023
Elapsed time: 0:00:03.07
SiteMap successfully completed.

