--------------------------------------------------------------------------------
JobId          : X299-0-63cd1dcd
Name           : md0_crop372_coa
Program        : SiteMap
Version        : 2021-4 build 135
Host           : X299
Dir            : /mnt/3a29b482-dac1-4563-be89-d63ad92354e9/cers_modelling/md_sampling_cers_models/charmm_gui_systems/cers2_10pc_chol/sitemaps
HostEntry      : localhost
JobHost        : X299
JobDir         : /scratch/tamir/md0_crop372_coa
JobSchrodinger : /opt/schrodinger2021-4
Commandline    : /opt/schrodinger2021-4/sitemap md0_crop372_coa.in -WAIT
StartTime      : 2023-01-22-13:28:13
--------------------------------------------------------------------------------

== Begin input keywords ==
ADDPHIL  -8.0
ADDPHOB  -0.5
ADDSP  True
COMPRESS  True
CUTOFF  20.0
D2THRESH  3.1
DTHRESH  6.5
DVSCALE  2.5
ENCLOSURE  0.5
EXTEND  3
FAKE  False
FFIELD  OPLS_2005
GRID  0.7
KEEPELEC  False
KEEPVDW  False
KEEPVOLPTS  True
KMAX  3
KMAX2  5
MAPDIST  4.0
MARGIN  6.0
MAXDIST  8.0
MAXSITES  1
MAXVDW  1.1
MINGROUP  3
MODCHARGES  True
MODPHOBIC  3
NEARRES  3.5
NTHRESH  3
PROT  md0_crop372.mae
R2THRESH  4.1
REPORTSIZE  10
ROUND  False
RTHRESH  5.0
VERBOSITY  0
WRITEGRIDS  False
WRITEPOT  False
WRITESTRUCTS  True
WRITEVIS  True
XCENT  57.53849983215332
XRANGE  10.0
YCENT  46.93349838256836
YRANGE  10.0
ZCENT  77.68499851226807
ZRANGE  10.0
== End input keywords ==

== Begin single-receptor SiteMap calculation ==

-- Begin site search --
 Parameters for this calculation:
 sitecut =  0.500000000000000     
 sitescmin =   1.10000000000000     
 afactor =   1.00000000000000     
 bfactor =   1.00000000000000     
 imaxsite =           8
 ithresh =           3
 mingroup =           3
 kmax =           3
 kmax2 =           5
 r2thresh =   4.10000000000000     
 dvscale =   2.50000000000000     
 dvscnorm =   2.50000000000000     
 dvscbig =   2.50000000000000     
 border =   2.00000000000000     
 dthresh =   6.50000000000000     
 rthresh =   5.00000000000000     
 maxgroup =         100
 r2thresh =   4.10000000000000     
 nthresh =           3
 ndir =         110
 use_vdw = T
 repname = none
 repsize =          10
 maxrep =           1
 sitelis = sites.lis
 profile = none
 sitelig = none
 siteasl = none
 use_sitelig =  F
 sitebox =  -999.000000000000     
 writepdb =  F
 number of protein atoms =        5676
Starting findsites:  Sunday, January 22 2023, at 13:28:16 IST
ptypes obtained:  Sunday, January 22 2023, at 13:28:16 IST
lj parameters obtained:  Sunday, January 22 2023, at 13:28:16 IST
Basic parameters obtained:  Sunday, January 22 2023, at 13:28:16 IST
Receptor parameterization completed:  Sunday, January 22 2023, at 13:28:16 IST
 scaled value of sitecut =   55.0000000000000     
 sphere directions set up         110
Sunday, January 22 2023, at 13:28:16 IST
 FINDSITE will use user-specified box
Centroid of box:  57.538  46.933  77.685
 boundaries   52.5384998321533        62.5384998321533     
   41.9334983825684        51.9334983825684        72.6849985122681     
   82.6849985122681     
 box          10          10          10
 maximum number of atoms in a sitebox =           7
Site points found:  Sunday, January 22 2023, at 13:28:17 IST
 boxes, patoms in boxes, empty boxes =         125         247          30
 total, outside sites =        1000         148
Site points pruned:  Sunday, January 22 2023, at 13:28:17 IST
final goodsites =        31
         4 sites will be removed
        27 good sites remain
Number of site groups found =     1

  Group  index  size  score     x       y       z     stdev
    1      1     27    1.38   55.95   48.70   76.07    1.92
Sites linked and merged:  Sunday, January 22 2023, at 13:28:17 IST
 Storing receptor data

Site-finding complete.
Number of sites to map/eval:  1

-- Mapping site  1 --
jobname: md0_crop372_coa_site_1
all SiteMap grid files will be generated
 philic map specified
 phobic map specified
 donor map specified
 acceptor map specified
 metal-ligation map specified
 surface-display map specified
grid margin:     6.00
grid spacing:     0.70
non-bonded cutoff:    20.00
ligand/sitepoints file: 
protein coordinates/parameters file: 
output map/grid files will be written to the current directory
vis files will be written
protein charges will be modified to reduce formal charges and adjust donor/acceptor potentials
protein radii will be modified to allow closer approach to donor and acceptor heteroatoms
phobic areas will be modified to emphasize enclosed regions and to deemphasize exposed regions using alternative method
all input instructions read
 Getting site data
ligand xcm,ycm,zcm,xrange,yrange,zrange 56.538 48.433 76.185  4.000  3.000  5.000

 Reusing receptor data from site-finding stage.

Sitemap: electrostatic+vdw interaction energy
Map field of *enzyme* in region of *inhibitor*

computing site maps ...
grid lim (orig)  48.538  64.538  40.933  55.933  67.685  84.685
grid lim (adj)   48.488  64.588  40.733  56.133  67.435  84.935
grid point counts   24   23   26
total grid points   14352

 5676 receptor atoms read
grid: adjdip
number of grid points within emin, emax limits =    11824
 maximum grid value before cutoff =               -0.073
 minimum grid value before cutoff =   -627.358

philic and phobic grids formed
grid: surf
number of grid points within emin, emax limits =     2601
 maximum grid value before cutoff =         57541208.722
 minimum grid value before cutoff =     -3.050

grid: phil
number of grid points within emin, emax limits =     2437
 maximum grid value before cutoff =         57541164.412
 minimum grid value before cutoff =    -32.377

grid: phob
number of grid points within emin, emax limits =     1091
 maximum grid value before cutoff =         57541222.015
 minimum grid value before cutoff =     -1.802

mod_phobic: phobthresh, philthresh =  -0.250  -3.000
 maximum number of atoms in a sitebox =           9
 boxes, patoms in boxes, empty boxes =       10469        5676        8381
Average phobic potential changed from  -0.858 to  -0.563 for  231 grid points

number of phobic points =   427   average phobic score =   0.74
number of philic points =  2010   average philic score =  -5.81

number of qualifying surf grid points =      406

number of qualifying phil grid points =      532

number of qualifying phob grid points =       74

number of qualifying accptr grid points =      228

number of qualifying donor grid points =      295

number of qualifying metal grid points =        0

visgrd volume surf                                                                            
visgrd author sitemap                                                                         
visgrd property name surf                                                                            
visgrd qualifying points   1882
visgrd default map values       1       1.00      2
visgrd number of dims    3
visgrd dimensions         24        23        26
visgrd axis scales      0.700     0.700     0.700

visgrd volume hydrophil                                                                       
visgrd author sitemap                                                                         
visgrd property name phil                                                                            
visgrd qualifying points    532
visgrd default map values       1      -8.00     10
visgrd number of dims    3
visgrd dimensions         24        23        26
visgrd axis scales      0.700     0.700     0.700

visgrd volume hydrophob                                                                       
visgrd author sitemap                                                                         
visgrd property name phob                                                                            
visgrd qualifying points    122
visgrd default map values       1      -0.50     13
visgrd number of dims    3
visgrd dimensions         24        23        26
visgrd axis scales      0.700     0.700     0.700

visgrd volume hbacceptor                                                                      
visgrd author sitemap                                                                         
visgrd property name accptr                                                                          
visgrd qualifying points    228
visgrd default map values       1      -8.00     16
visgrd number of dims    3
visgrd dimensions         24        23        26
visgrd axis scales      0.700     0.700     0.700

visgrd volume hbdonor                                                                         
visgrd author sitemap                                                                         
visgrd property name donor                                                                           
visgrd qualifying points    295
visgrd default map values       1      -8.00      5
visgrd number of dims    3
visgrd dimensions         24        23        26
visgrd axis scales      0.700     0.700     0.700

-- Evaluating site  1 --
Ligand/site-points file: 
Protein coordinates/parameters file: 
extend =   3
 Verbosity flags: F F F F F
all SiteMap grid files will be read
the protein charges will be modified to reduce formal charges and adjust donor/acceptor potentials
protein radii will be modified to allow closer approach to donor and acceptor heteroatoms
phobic areas emphasize enclosed regions and deemphasize exposed regions using alternative method
site-point set will be augmented by including significant nearby points
  threshold for adding phobic points:  -0.500
  threshold for adding philic points:  -8.000
base name for SiteMap grid files: 
 Reusing grid data
reusing site data
Number of protein atoms:    5676
 
phobic grid file reshaped
philic grid file reshaped
donor grid file reshaped
acceptor grid file reshaped
metal grid file reshaped
surf grid file reshaped
 maximum number of atoms in a sitebox =           9


Number of site points   27  first shell   48  higher shells   57   dirscore   0.899
1 vdw  -1.512   phob  -0.242   phil  -5.041   donor  -2.697   acceptor  -2.344   metal   0.000
2               phob  -0.076   phil  -4.878   donor  -2.192   acceptor  -2.686   metal   0.000

SiteScore size   Dscore  volume  exposure enclosure contact  phobic   philic   balance  don/acc
  0.955    57    0.810   209.57    0.648    0.899    1.167    0.528    1.346    0.393    1.150

-- Done with site  1 --

== End SiteMap calculation ==

Wrote 1 sites to "md0_crop372_coa_out.maegz".

Current time: Sun Jan 22 13:28:18 2023
Elapsed time: 0:00:04.30
SiteMap successfully completed.

