--------------------------------------------------------------------------------
JobId          : X299-0-63cd156a
Name           : md0_crop283_coa
Program        : SiteMap
Version        : 2021-4 build 135
Host           : X299
Dir            : /mnt/3a29b482-dac1-4563-be89-d63ad92354e9/cers_modelling/md_sampling_cers_models/charmm_gui_systems/cers2_10pc_chol/sitemaps
HostEntry      : localhost
JobHost        : X299
JobDir         : /scratch/tamir/md0_crop283_coa
JobSchrodinger : /opt/schrodinger2021-4
Commandline    : /opt/schrodinger2021-4/sitemap md0_crop283_coa.in -WAIT
StartTime      : 2023-01-22-12:52:27
--------------------------------------------------------------------------------

== Begin input keywords ==
ADDPHIL  -8.0
ADDPHOB  -0.5
ADDSP  True
COMPRESS  True
CUTOFF  20.0
D2THRESH  3.1
DTHRESH  6.5
DVSCALE  2.5
ENCLOSURE  0.5
EXTEND  3
FAKE  False
FFIELD  OPLS_2005
GRID  0.7
KEEPELEC  False
KEEPVDW  False
KEEPVOLPTS  True
KMAX  3
KMAX2  5
MAPDIST  4.0
MARGIN  6.0
MAXDIST  8.0
MAXSITES  1
MAXVDW  1.1
MINGROUP  3
MODCHARGES  True
MODPHOBIC  3
NEARRES  3.5
NTHRESH  3
PROT  md0_crop283.mae
R2THRESH  4.1
REPORTSIZE  10
ROUND  False
RTHRESH  5.0
VERBOSITY  0
WRITEGRIDS  False
WRITEPOT  False
WRITESTRUCTS  True
WRITEVIS  True
XCENT  56.66550159454346
XRANGE  10.0
YCENT  43.610501289367676
YRANGE  10.0
ZCENT  75.37050247192383
ZRANGE  10.0
== End input keywords ==

== Begin single-receptor SiteMap calculation ==

-- Begin site search --
 Parameters for this calculation:
 sitecut =  0.500000000000000     
 sitescmin =   1.10000000000000     
 afactor =   1.00000000000000     
 bfactor =   1.00000000000000     
 imaxsite =           8
 ithresh =           3
 mingroup =           3
 kmax =           3
 kmax2 =           5
 r2thresh =   4.10000000000000     
 dvscale =   2.50000000000000     
 dvscnorm =   2.50000000000000     
 dvscbig =   2.50000000000000     
 border =   2.00000000000000     
 dthresh =   6.50000000000000     
 rthresh =   5.00000000000000     
 maxgroup =         100
 r2thresh =   4.10000000000000     
 nthresh =           3
 ndir =         110
 use_vdw = T
 repname = none
 repsize =          10
 maxrep =           1
 sitelis = sites.lis
 profile = none
 sitelig = none
 siteasl = none
 use_sitelig =  F
 sitebox =  -999.000000000000     
 writepdb =  F
 number of protein atoms =        5675
Starting findsites:  Sunday, January 22 2023, at 12:52:30 IST
ptypes obtained:  Sunday, January 22 2023, at 12:52:30 IST
lj parameters obtained:  Sunday, January 22 2023, at 12:52:30 IST
Basic parameters obtained:  Sunday, January 22 2023, at 12:52:30 IST
Receptor parameterization completed:  Sunday, January 22 2023, at 12:52:30 IST
 scaled value of sitecut =   55.0000000000000     
 sphere directions set up         110
Sunday, January 22 2023, at 12:52:30 IST
 FINDSITE will use user-specified box
Centroid of box:  56.666  43.611  75.371
 boundaries   51.6655015945435        61.6655015945435     
   38.6105012893677        48.6105012893677        70.3705024719238     
   80.3705024719238     
 box          10          10          10
 maximum number of atoms in a sitebox =           7
Site points found:  Sunday, January 22 2023, at 12:52:30 IST
 boxes, patoms in boxes, empty boxes =         125         238          40
 total, outside sites =        1000         141
Site points pruned:  Sunday, January 22 2023, at 12:52:30 IST
final goodsites =        14
         2 sites will be removed
        12 good sites remain
Number of site groups found =     1

  Group  index  size  score     x       y       z     stdev
    1      1     12    1.29   56.91   46.43   73.09    1.51
Sites linked and merged:  Sunday, January 22 2023, at 12:52:30 IST
 Storing receptor data

Site-finding complete.
Number of sites to map/eval:  1

-- Mapping site  1 --
jobname: md0_crop283_coa_site_1
all SiteMap grid files will be generated
 philic map specified
 phobic map specified
 donor map specified
 acceptor map specified
 metal-ligation map specified
 surface-display map specified
grid margin:     6.00
grid spacing:     0.70
non-bonded cutoff:    20.00
ligand/sitepoints file: 
protein coordinates/parameters file: 
output map/grid files will be written to the current directory
vis files will be written
protein charges will be modified to reduce formal charges and adjust donor/acceptor potentials
protein radii will be modified to allow closer approach to donor and acceptor heteroatoms
phobic areas will be modified to emphasize enclosed regions and to deemphasize exposed regions using alternative method
all input instructions read
 Getting site data
ligand xcm,ycm,zcm,xrange,yrange,zrange 56.666 46.111 73.371  4.000  1.000  2.000

 Reusing receptor data from site-finding stage.

Sitemap: electrostatic+vdw interaction energy
Map field of *enzyme* in region of *inhibitor*

computing site maps ...
grid lim (orig)  48.666  64.666  39.611  52.611  66.371  80.371
grid lim (adj)   48.616  64.716  39.461  52.761  66.021  80.721
grid point counts   24   20   22
total grid points   10560

 5675 receptor atoms read
grid: adjdip
number of grid points within emin, emax limits =     8988
 maximum grid value before cutoff =               -0.186
 minimum grid value before cutoff =   -650.786

philic and phobic grids formed
grid: surf
number of grid points within emin, emax limits =     2287
 maximum grid value before cutoff =         39507859.644
 minimum grid value before cutoff =     -3.313

grid: phil
number of grid points within emin, emax limits =     2121
 maximum grid value before cutoff =         39507809.644
 minimum grid value before cutoff =    -28.629

grid: phob
number of grid points within emin, emax limits =      975
 maximum grid value before cutoff =         39507874.644
 minimum grid value before cutoff =     -2.008

mod_phobic: phobthresh, philthresh =  -0.250  -3.000
 maximum number of atoms in a sitebox =           8
 boxes, patoms in boxes, empty boxes =       12369        5675       10284
Average phobic potential changed from  -0.930 to  -0.635 for  349 grid points

number of phobic points =   434   average phobic score =   0.90
number of philic points =  1687   average philic score =  -5.75

number of qualifying surf grid points =      347

number of qualifying phil grid points =      405

number of qualifying phob grid points =      118

number of qualifying accptr grid points =      176

number of qualifying donor grid points =      218

number of qualifying metal grid points =        0

visgrd volume surf                                                                            
visgrd author sitemap                                                                         
visgrd property name surf                                                                            
visgrd qualifying points   1633
visgrd default map values       1       1.00      2
visgrd number of dims    3
visgrd dimensions         24        20        22
visgrd axis scales      0.700     0.700     0.700

visgrd volume hydrophil                                                                       
visgrd author sitemap                                                                         
visgrd property name phil                                                                            
visgrd qualifying points    405
visgrd default map values       1      -8.00     10
visgrd number of dims    3
visgrd dimensions         24        20        22
visgrd axis scales      0.700     0.700     0.700

visgrd volume hydrophob                                                                       
visgrd author sitemap                                                                         
visgrd property name phob                                                                            
visgrd qualifying points    221
visgrd default map values       1      -0.50     13
visgrd number of dims    3
visgrd dimensions         24        20        22
visgrd axis scales      0.700     0.700     0.700

visgrd volume hbacceptor                                                                      
visgrd author sitemap                                                                         
visgrd property name accptr                                                                          
visgrd qualifying points    176
visgrd default map values       1      -8.00     16
visgrd number of dims    3
visgrd dimensions         24        20        22
visgrd axis scales      0.700     0.700     0.700

visgrd volume hbdonor                                                                         
visgrd author sitemap                                                                         
visgrd property name donor                                                                           
visgrd qualifying points    218
visgrd default map values       1      -8.00      5
visgrd number of dims    3
visgrd dimensions         24        20        22
visgrd axis scales      0.700     0.700     0.700

-- Evaluating site  1 --
Ligand/site-points file: 
Protein coordinates/parameters file: 
extend =   3
 Verbosity flags: F F F F F
all SiteMap grid files will be read
the protein charges will be modified to reduce formal charges and adjust donor/acceptor potentials
protein radii will be modified to allow closer approach to donor and acceptor heteroatoms
phobic areas emphasize enclosed regions and deemphasize exposed regions using alternative method
site-point set will be augmented by including significant nearby points
  threshold for adding phobic points:  -0.500
  threshold for adding philic points:  -8.000
base name for SiteMap grid files: 
 Reusing grid data
reusing site data
Number of protein atoms:    5675
 
phobic grid file reshaped
philic grid file reshaped
donor grid file reshaped
acceptor grid file reshaped
metal grid file reshaped
surf grid file reshaped
 maximum number of atoms in a sitebox =           8


Number of site points   12  first shell   45  higher shells  106   dirscore   0.892
1 vdw  -1.424   phob  -0.309   phil  -4.226   donor  -1.863   acceptor  -2.363   metal   0.000
2               phob  -0.145   phil  -4.048   donor  -2.126   acceptor  -1.922   metal   0.000

SiteScore size   Dscore  volume  exposure enclosure contact  phobic   philic   balance  don/acc
  0.936    54    0.858   196.20    0.737    0.892    1.099    1.006    1.129    0.892    0.789

-- Done with site  1 --

== End SiteMap calculation ==

Wrote 1 sites to "md0_crop283_coa_out.maegz".

Current time: Sun Jan 22 12:52:32 2023
Elapsed time: 0:00:04.26
SiteMap successfully completed.

