--------------------------------------------------------------------------------
JobId          : X299-0-63cd28e6
Name           : md0_crop489_coa
Program        : SiteMap
Version        : 2021-4 build 135
Host           : X299
Dir            : /mnt/3a29b482-dac1-4563-be89-d63ad92354e9/cers_modelling/md_sampling_cers_models/charmm_gui_systems/cers2_10pc_chol/sitemaps
HostEntry      : localhost
JobHost        : X299
JobDir         : /scratch/tamir/md0_crop489_coa
JobSchrodinger : /opt/schrodinger2021-4
Commandline    : /opt/schrodinger2021-4/sitemap md0_crop489_coa.in -WAIT
StartTime      : 2023-01-22-14:15:35
--------------------------------------------------------------------------------

== Begin input keywords ==
ADDPHIL  -8.0
ADDPHOB  -0.5
ADDSP  True
COMPRESS  True
CUTOFF  20.0
D2THRESH  3.1
DTHRESH  6.5
DVSCALE  2.5
ENCLOSURE  0.5
EXTEND  3
FAKE  False
FFIELD  OPLS_2005
GRID  0.7
KEEPELEC  False
KEEPVDW  False
KEEPVOLPTS  True
KMAX  3
KMAX2  5
MAPDIST  4.0
MARGIN  6.0
MAXDIST  8.0
MAXSITES  1
MAXVDW  1.1
MINGROUP  3
MODCHARGES  True
MODPHOBIC  3
NEARRES  3.5
NTHRESH  3
PROT  md0_crop489.mae
R2THRESH  4.1
REPORTSIZE  10
ROUND  False
RTHRESH  5.0
VERBOSITY  0
WRITEGRIDS  False
WRITEPOT  False
WRITESTRUCTS  True
WRITEVIS  True
XCENT  56.550002098083496
XRANGE  10.0
YCENT  48.067498207092285
YRANGE  10.0
ZCENT  76.05100154876709
ZRANGE  10.0
== End input keywords ==

== Begin single-receptor SiteMap calculation ==

-- Begin site search --
 Parameters for this calculation:
 sitecut =  0.500000000000000     
 sitescmin =   1.10000000000000     
 afactor =   1.00000000000000     
 bfactor =   1.00000000000000     
 imaxsite =           8
 ithresh =           3
 mingroup =           3
 kmax =           3
 kmax2 =           5
 r2thresh =   4.10000000000000     
 dvscale =   2.50000000000000     
 dvscnorm =   2.50000000000000     
 dvscbig =   2.50000000000000     
 border =   2.00000000000000     
 dthresh =   6.50000000000000     
 rthresh =   5.00000000000000     
 maxgroup =         100
 r2thresh =   4.10000000000000     
 nthresh =           3
 ndir =         110
 use_vdw = T
 repname = none
 repsize =          10
 maxrep =           1
 sitelis = sites.lis
 profile = none
 sitelig = none
 siteasl = none
 use_sitelig =  F
 sitebox =  -999.000000000000     
 writepdb =  F
 number of protein atoms =        5676
Starting findsites:  Sunday, January 22 2023, at 14:15:38 IST
ptypes obtained:  Sunday, January 22 2023, at 14:15:39 IST
lj parameters obtained:  Sunday, January 22 2023, at 14:15:39 IST
Basic parameters obtained:  Sunday, January 22 2023, at 14:15:39 IST
Receptor parameterization completed:  Sunday, January 22 2023, at 14:15:39 IST
 scaled value of sitecut =   55.0000000000000     
 sphere directions set up         110
Sunday, January 22 2023, at 14:15:39 IST
 FINDSITE will use user-specified box
Centroid of box:  56.550  48.067  76.051
 boundaries   51.5500020980835        61.5500020980835     
   43.0674982070923        53.0674982070923        71.0510015487671     
   81.0510015487671     
 box          10          10          10
 maximum number of atoms in a sitebox =           7
Site points found:  Sunday, January 22 2023, at 14:15:39 IST
 boxes, patoms in boxes, empty boxes =         125         259          27
 total, outside sites =        1000         113
Site points pruned:  Sunday, January 22 2023, at 14:15:39 IST
final goodsites =        26
         2 sites will be removed
        24 good sites remain
Number of site groups found =     1

  Group  index  size  score     x       y       z     stdev
    1      1     24    1.59   54.60   49.88   74.18    1.74
Sites linked and merged:  Sunday, January 22 2023, at 14:15:39 IST
 Storing receptor data

Site-finding complete.
Number of sites to map/eval:  1

-- Mapping site  1 --
jobname: md0_crop489_coa_site_1
all SiteMap grid files will be generated
 philic map specified
 phobic map specified
 donor map specified
 acceptor map specified
 metal-ligation map specified
 surface-display map specified
grid margin:     6.00
grid spacing:     0.70
non-bonded cutoff:    20.00
ligand/sitepoints file: 
protein coordinates/parameters file: 
output map/grid files will be written to the current directory
vis files will be written
protein charges will be modified to reduce formal charges and adjust donor/acceptor potentials
protein radii will be modified to allow closer approach to donor and acceptor heteroatoms
phobic areas will be modified to emphasize enclosed regions and to deemphasize exposed regions using alternative method
all input instructions read
 Getting site data
ligand xcm,ycm,zcm,xrange,yrange,zrange 54.550 49.567 74.051  4.000  3.000  4.000

 Reusing receptor data from site-finding stage.

Sitemap: electrostatic+vdw interaction energy
Map field of *enzyme* in region of *inhibitor*

computing site maps ...
grid lim (orig)  46.550  62.550  42.067  57.067  66.051  82.051
grid lim (adj)   46.500  62.600  41.867  57.267  66.001  82.101
grid point counts   24   23   24
total grid points   13248

 5676 receptor atoms read
grid: adjdip
number of grid points within emin, emax limits =    10707
 maximum grid value before cutoff =               -0.093
 minimum grid value before cutoff =   -625.148

philic and phobic grids formed
grid: surf
number of grid points within emin, emax limits =     2372
 maximum grid value before cutoff =         41477693.340
 minimum grid value before cutoff =     -3.079

grid: phil
number of grid points within emin, emax limits =     1849
 maximum grid value before cutoff =         41477643.340
 minimum grid value before cutoff =    -32.020

grid: phob
number of grid points within emin, emax limits =      787
 maximum grid value before cutoff =         41477708.340
 minimum grid value before cutoff =     -1.907

mod_phobic: phobthresh, philthresh =  -0.250  -3.000
 maximum number of atoms in a sitebox =           8
 boxes, patoms in boxes, empty boxes =       10469        5676        8370
Average phobic potential changed from  -0.835 to  -0.523 for  268 grid points

number of phobic points =   432   average phobic score =   0.80
number of philic points =  1417   average philic score =  -6.64

number of qualifying surf grid points =      361

number of qualifying phil grid points =      467

number of qualifying phob grid points =       59

number of qualifying accptr grid points =      225

number of qualifying donor grid points =      231

number of qualifying metal grid points =        0

visgrd volume surf                                                                            
visgrd author sitemap                                                                         
visgrd property name surf                                                                            
visgrd qualifying points   1363
visgrd default map values       1       1.00      2
visgrd number of dims    3
visgrd dimensions         24        23        24
visgrd axis scales      0.700     0.700     0.700

visgrd volume hydrophil                                                                       
visgrd author sitemap                                                                         
visgrd property name phil                                                                            
visgrd qualifying points    467
visgrd default map values       1      -8.00     10
visgrd number of dims    3
visgrd dimensions         24        23        24
visgrd axis scales      0.700     0.700     0.700

visgrd volume hydrophob                                                                       
visgrd author sitemap                                                                         
visgrd property name phob                                                                            
visgrd qualifying points    118
visgrd default map values       1      -0.50     13
visgrd number of dims    3
visgrd dimensions         24        23        24
visgrd axis scales      0.700     0.700     0.700

visgrd volume hbacceptor                                                                      
visgrd author sitemap                                                                         
visgrd property name accptr                                                                          
visgrd qualifying points    225
visgrd default map values       1      -8.00     16
visgrd number of dims    3
visgrd dimensions         24        23        24
visgrd axis scales      0.700     0.700     0.700

visgrd volume hbdonor                                                                         
visgrd author sitemap                                                                         
visgrd property name donor                                                                           
visgrd qualifying points    231
visgrd default map values       1      -8.00      5
visgrd number of dims    3
visgrd dimensions         24        23        24
visgrd axis scales      0.700     0.700     0.700

-- Evaluating site  1 --
Ligand/site-points file: 
Protein coordinates/parameters file: 
extend =   3
 Verbosity flags: F F F F F
all SiteMap grid files will be read
the protein charges will be modified to reduce formal charges and adjust donor/acceptor potentials
protein radii will be modified to allow closer approach to donor and acceptor heteroatoms
phobic areas emphasize enclosed regions and deemphasize exposed regions using alternative method
site-point set will be augmented by including significant nearby points
  threshold for adding phobic points:  -0.500
  threshold for adding philic points:  -8.000
base name for SiteMap grid files: 
 Reusing grid data
reusing site data
Number of protein atoms:    5676
 
phobic grid file reshaped
philic grid file reshaped
donor grid file reshaped
acceptor grid file reshaped
metal grid file reshaped
surf grid file reshaped
 maximum number of atoms in a sitebox =           8


Number of site points   24  first shell   29  higher shells   36   dirscore   0.914
1 vdw  -1.559   phob  -0.261   phil  -5.576   donor  -1.843   acceptor  -3.733   metal   0.000
2               phob  -0.066   phil  -5.384   donor  -3.053   acceptor  -2.331   metal   0.000

SiteScore size   Dscore  volume  exposure enclosure contact  phobic   philic   balance  don/acc
  0.903    45    0.693   139.26    0.591    0.914    1.203    0.456    1.489    0.306    0.494

-- Done with site  1 --

== End SiteMap calculation ==

Wrote 1 sites to "md0_crop489_coa_out.maegz".

Current time: Sun Jan 22 14:15:40 2023
Elapsed time: 0:00:04.51
SiteMap successfully completed.

