--------------------------------------------------------------------------------
JobId          : X299-0-63cd1608
Name           : md0_crop28_sph
Program        : SiteMap
Version        : 2021-4 build 135
Host           : X299
Dir            : /mnt/3a29b482-dac1-4563-be89-d63ad92354e9/cers_modelling/md_sampling_cers_models/charmm_gui_systems/cers2_10pc_chol/sitemaps
HostEntry      : localhost
JobHost        : X299
JobDir         : /scratch/tamir/md0_crop28_sph
JobSchrodinger : /opt/schrodinger2021-4
Commandline    : /opt/schrodinger2021-4/sitemap md0_crop28_sph.in -WAIT
StartTime      : 2023-01-22-12:55:04
--------------------------------------------------------------------------------

== Begin input keywords ==
ADDPHIL  -8.0
ADDPHOB  -0.5
ADDSP  True
COMPRESS  True
CUTOFF  20.0
D2THRESH  3.1
DTHRESH  6.5
DVSCALE  2.5
ENCLOSURE  0.5
EXTEND  3
FAKE  False
FFIELD  OPLS_2005
GRID  0.7
KEEPELEC  False
KEEPVDW  False
KEEPVOLPTS  True
KMAX  3
KMAX2  5
MAPDIST  4.0
MARGIN  6.0
MAXDIST  8.0
MAXSITES  1
MAXVDW  1.1
MINGROUP  3
MODCHARGES  True
MODPHOBIC  3
NEARRES  3.5
NTHRESH  3
PROT  md0_crop28.mae
R2THRESH  4.1
REPORTSIZE  10
ROUND  False
RTHRESH  5.0
VERBOSITY  0
WRITEGRIDS  False
WRITEPOT  False
WRITESTRUCTS  True
WRITEVIS  True
XCENT  49.16299819946289
XRANGE  10.0
YCENT  40.57799816131592
YRANGE  10.0
ZCENT  57.49500274658203
ZRANGE  10.0
== End input keywords ==

== Begin single-receptor SiteMap calculation ==

-- Begin site search --
 Parameters for this calculation:
 sitecut =  0.500000000000000     
 sitescmin =   1.10000000000000     
 afactor =   1.00000000000000     
 bfactor =   1.00000000000000     
 imaxsite =           8
 ithresh =           3
 mingroup =           3
 kmax =           3
 kmax2 =           5
 r2thresh =   4.10000000000000     
 dvscale =   2.50000000000000     
 dvscnorm =   2.50000000000000     
 dvscbig =   2.50000000000000     
 border =   2.00000000000000     
 dthresh =   6.50000000000000     
 rthresh =   5.00000000000000     
 maxgroup =         100
 r2thresh =   4.10000000000000     
 nthresh =           3
 ndir =         110
 use_vdw = T
 repname = none
 repsize =          10
 maxrep =           1
 sitelis = sites.lis
 profile = none
 sitelig = none
 siteasl = none
 use_sitelig =  F
 sitebox =  -999.000000000000     
 writepdb =  F
 number of protein atoms =        5676
Starting findsites:  Sunday, January 22 2023, at 12:55:07 IST
ptypes obtained:  Sunday, January 22 2023, at 12:55:08 IST
lj parameters obtained:  Sunday, January 22 2023, at 12:55:08 IST
Basic parameters obtained:  Sunday, January 22 2023, at 12:55:08 IST
Receptor parameterization completed:  Sunday, January 22 2023, at 12:55:08 IST
 scaled value of sitecut =   55.0000000000000     
 sphere directions set up         110
Sunday, January 22 2023, at 12:55:08 IST
 FINDSITE will use user-specified box
Centroid of box:  49.163  40.578  57.495
 boundaries   44.1629981994629        54.1629981994629     
   35.5779981613159        45.5779981613159        52.4950027465820     
   62.4950027465820     
 box          10          10          10
 maximum number of atoms in a sitebox =           6
Site points found:  Sunday, January 22 2023, at 12:55:08 IST
 boxes, patoms in boxes, empty boxes =         125         211          40
 total, outside sites =        1000         231
Site points pruned:  Sunday, January 22 2023, at 12:55:08 IST
final goodsites =         7
         1 sites will be removed
         6 good sites remain
Number of site groups found =     1

  Group  index  size  score     x       y       z     stdev
    1      1      6    1.41   50.67   40.64   55.76    1.04
Sites linked and merged:  Sunday, January 22 2023, at 12:55:08 IST
 Storing receptor data

Site-finding complete.
Number of sites to map/eval:  1

-- Mapping site  1 --
jobname: md0_crop28_sph_site_1
all SiteMap grid files will be generated
 philic map specified
 phobic map specified
 donor map specified
 acceptor map specified
 metal-ligation map specified
 surface-display map specified
grid margin:     6.00
grid spacing:     0.70
non-bonded cutoff:    20.00
ligand/sitepoints file: 
protein coordinates/parameters file: 
output map/grid files will be written to the current directory
vis files will be written
protein charges will be modified to reduce formal charges and adjust donor/acceptor potentials
protein radii will be modified to allow closer approach to donor and acceptor heteroatoms
phobic areas will be modified to emphasize enclosed regions and to deemphasize exposed regions using alternative method
all input instructions read
 Getting site data
ligand xcm,ycm,zcm,xrange,yrange,zrange 50.663 40.578 55.495  1.000  2.000  2.000

 Reusing receptor data from site-finding stage.

Sitemap: electrostatic+vdw interaction energy
Map field of *enzyme* in region of *inhibitor*

computing site maps ...
grid lim (orig)  44.163  57.163  33.578  47.578  48.495  62.495
grid lim (adj)   44.013  57.313  33.228  47.928  48.145  62.845
grid point counts   20   22   22
total grid points    9680

 5676 receptor atoms read
grid: adjdip
number of grid points within emin, emax limits =     8499
 maximum grid value before cutoff =               -0.045
 minimum grid value before cutoff =   -511.752

philic and phobic grids formed
grid: surf
number of grid points within emin, emax limits =     1785
 maximum grid value before cutoff =         44324138.510
 minimum grid value before cutoff =     -2.653

grid: phil
number of grid points within emin, emax limits =     2494
 maximum grid value before cutoff =         44324088.510
 minimum grid value before cutoff =    -16.568

grid: phob
number of grid points within emin, emax limits =     1880
 maximum grid value before cutoff =         44324153.510
 minimum grid value before cutoff =     -2.301

mod_phobic: phobthresh, philthresh =  -0.250  -3.000
 maximum number of atoms in a sitebox =           8
 boxes, patoms in boxes, empty boxes =       13167        5676       11084
Average phobic potential changed from  -0.805 to  -0.446 for  675 grid points

number of phobic points =  1419   average phobic score =   0.60
number of philic points =  1075   average philic score =  -3.60

number of qualifying surf grid points =      358

number of qualifying phil grid points =      126

number of qualifying phob grid points =       91

number of qualifying accptr grid points =       22

number of qualifying donor grid points =      103

number of qualifying metal grid points =        0

visgrd volume surf                                                                            
visgrd author sitemap                                                                         
visgrd property name surf                                                                            
visgrd qualifying points   2289
visgrd default map values       1       1.00      2
visgrd number of dims    3
visgrd dimensions         20        22        22
visgrd axis scales      0.700     0.700     0.700

visgrd volume hydrophil                                                                       
visgrd author sitemap                                                                         
visgrd property name phil                                                                            
visgrd qualifying points    126
visgrd default map values       1      -8.00     10
visgrd number of dims    3
visgrd dimensions         20        22        22
visgrd axis scales      0.700     0.700     0.700

visgrd volume hydrophob                                                                       
visgrd author sitemap                                                                         
visgrd property name phob                                                                            
visgrd qualifying points    268
visgrd default map values       1      -0.50     13
visgrd number of dims    3
visgrd dimensions         20        22        22
visgrd axis scales      0.700     0.700     0.700

visgrd volume hbacceptor                                                                      
visgrd author sitemap                                                                         
visgrd property name accptr                                                                          
visgrd qualifying points     22
visgrd default map values       1      -8.00     16
visgrd number of dims    3
visgrd dimensions         20        22        22
visgrd axis scales      0.700     0.700     0.700

visgrd volume hbdonor                                                                         
visgrd author sitemap                                                                         
visgrd property name donor                                                                           
visgrd qualifying points    103
visgrd default map values       1      -8.00      5
visgrd number of dims    3
visgrd dimensions         20        22        22
visgrd axis scales      0.700     0.700     0.700

-- Evaluating site  1 --
Ligand/site-points file: 
Protein coordinates/parameters file: 
extend =   3
 Verbosity flags: F F F F F
all SiteMap grid files will be read
the protein charges will be modified to reduce formal charges and adjust donor/acceptor potentials
protein radii will be modified to allow closer approach to donor and acceptor heteroatoms
phobic areas emphasize enclosed regions and deemphasize exposed regions using alternative method
site-point set will be augmented by including significant nearby points
  threshold for adding phobic points:  -0.500
  threshold for adding philic points:  -8.000
base name for SiteMap grid files: 
 Reusing grid data
reusing site data
Number of protein atoms:    5676
 
phobic grid file reshaped
philic grid file reshaped
donor grid file reshaped
acceptor grid file reshaped
metal grid file reshaped
surf grid file reshaped
 maximum number of atoms in a sitebox =           8


Number of site points    6  first shell   24  higher shells   40   dirscore   0.824
1 vdw  -1.406   phob  -0.699   phil  -1.566   donor  -1.058   acceptor  -0.508   metal   0.000
2               phob  -0.342   phil  -1.505   donor  -0.327   acceptor  -1.178   metal   0.000

SiteScore size   Dscore  volume  exposure enclosure contact  phobic   philic   balance  don/acc
  0.879    31    0.881   108.73    0.674    0.824    1.085    2.377    0.418    5.682    2.083

-- Done with site  1 --

== End SiteMap calculation ==

Wrote 1 sites to "md0_crop28_sph_out.maegz".

Current time: Sun Jan 22 12:55:09 2023
Elapsed time: 0:00:04.12
SiteMap successfully completed.

