--------------------------------------------------------------------------------
JobId          : X299-0-63cd1529
Name           : md0_crop280_sph
Program        : SiteMap
Version        : 2021-4 build 135
Host           : X299
Dir            : /mnt/3a29b482-dac1-4563-be89-d63ad92354e9/cers_modelling/md_sampling_cers_models/charmm_gui_systems/cers2_10pc_chol/sitemaps
HostEntry      : localhost
JobHost        : X299
JobDir         : /scratch/tamir/md0_crop280_sph
JobSchrodinger : /opt/schrodinger2021-4
Commandline    : /opt/schrodinger2021-4/sitemap md0_crop280_sph.in -WAIT
StartTime      : 2023-01-22-12:51:21
--------------------------------------------------------------------------------

== Begin input keywords ==
ADDPHIL  -8.0
ADDPHOB  -0.5
ADDSP  True
COMPRESS  True
CUTOFF  20.0
D2THRESH  3.1
DTHRESH  6.5
DVSCALE  2.5
ENCLOSURE  0.5
EXTEND  3
FAKE  False
FFIELD  OPLS_2005
GRID  0.7
KEEPELEC  False
KEEPVDW  False
KEEPVOLPTS  True
KMAX  3
KMAX2  5
MAPDIST  4.0
MARGIN  6.0
MAXDIST  8.0
MAXSITES  1
MAXVDW  1.1
MINGROUP  3
MODCHARGES  True
MODPHOBIC  3
NEARRES  3.5
NTHRESH  3
PROT  md0_crop280.mae
R2THRESH  4.1
REPORTSIZE  10
ROUND  False
RTHRESH  5.0
VERBOSITY  0
WRITEGRIDS  False
WRITEPOT  False
WRITESTRUCTS  True
WRITEVIS  True
XCENT  43.297996520996094
XRANGE  10.0
YCENT  39.8580002784729
YRANGE  10.0
ZCENT  66.28499984741211
ZRANGE  10.0
== End input keywords ==

== Begin single-receptor SiteMap calculation ==

-- Begin site search --
 Parameters for this calculation:
 sitecut =  0.500000000000000     
 sitescmin =   1.10000000000000     
 afactor =   1.00000000000000     
 bfactor =   1.00000000000000     
 imaxsite =           8
 ithresh =           3
 mingroup =           3
 kmax =           3
 kmax2 =           5
 r2thresh =   4.10000000000000     
 dvscale =   2.50000000000000     
 dvscnorm =   2.50000000000000     
 dvscbig =   2.50000000000000     
 border =   2.00000000000000     
 dthresh =   6.50000000000000     
 rthresh =   5.00000000000000     
 maxgroup =         100
 r2thresh =   4.10000000000000     
 nthresh =           3
 ndir =         110
 use_vdw = T
 repname = none
 repsize =          10
 maxrep =           1
 sitelis = sites.lis
 profile = none
 sitelig = none
 siteasl = none
 use_sitelig =  F
 sitebox =  -999.000000000000     
 writepdb =  F
 number of protein atoms =        5675
Starting findsites:  Sunday, January 22 2023, at 12:51:26 IST
ptypes obtained:  Sunday, January 22 2023, at 12:51:26 IST
lj parameters obtained:  Sunday, January 22 2023, at 12:51:26 IST
Basic parameters obtained:  Sunday, January 22 2023, at 12:51:26 IST
Receptor parameterization completed:  Sunday, January 22 2023, at 12:51:26 IST
 scaled value of sitecut =   55.0000000000000     
 sphere directions set up         110
Sunday, January 22 2023, at 12:51:26 IST
 FINDSITE will use user-specified box
Centroid of box:  43.298  39.858  66.285
 boundaries   38.2979965209961        48.2979965209961     
   34.8580002784729        44.8580002784729        61.2849998474121     
   71.2849998474121     
 box          10          10          10
 maximum number of atoms in a sitebox =           5
Site points found:  Sunday, January 22 2023, at 12:51:26 IST
 boxes, patoms in boxes, empty boxes =         125         203          48
 total, outside sites =        1000         222
Site points pruned:  Sunday, January 22 2023, at 12:51:26 IST
final goodsites =        18
         9 sites will be removed
         9 good sites remain
Number of site groups found =     1

  Group  index  size  score     x       y       z     stdev
    1      1      9    1.35   43.01   39.08   64.15    1.44
Sites linked and merged:  Sunday, January 22 2023, at 12:51:26 IST
 Storing receptor data

Site-finding complete.
Number of sites to map/eval:  1

-- Mapping site  1 --
jobname: md0_crop280_sph_site_1
all SiteMap grid files will be generated
 philic map specified
 phobic map specified
 donor map specified
 acceptor map specified
 metal-ligation map specified
 surface-display map specified
grid margin:     6.00
grid spacing:     0.70
non-bonded cutoff:    20.00
ligand/sitepoints file: 
protein coordinates/parameters file: 
output map/grid files will be written to the current directory
vis files will be written
protein charges will be modified to reduce formal charges and adjust donor/acceptor potentials
protein radii will be modified to allow closer approach to donor and acceptor heteroatoms
phobic areas will be modified to emphasize enclosed regions and to deemphasize exposed regions using alternative method
all input instructions read
 Getting site data
ligand xcm,ycm,zcm,xrange,yrange,zrange 43.298 39.358 64.285  2.000  1.000  4.000

 Reusing receptor data from site-finding stage.

Sitemap: electrostatic+vdw interaction energy
Map field of *enzyme* in region of *inhibitor*

computing site maps ...
grid lim (orig)  36.298  50.298  32.858  45.858  56.285  72.285
grid lim (adj)   35.948  50.648  32.708  46.008  56.235  72.335
grid point counts   22   20   24
total grid points   10560

 5675 receptor atoms read
grid: adjdip
number of grid points within emin, emax limits =     9508
 maximum grid value before cutoff =               -0.030
 minimum grid value before cutoff =   -458.472

philic and phobic grids formed
grid: surf
number of grid points within emin, emax limits =     2065
 maximum grid value before cutoff =         42118522.409
 minimum grid value before cutoff =     -2.786

grid: phil
number of grid points within emin, emax limits =     3333
 maximum grid value before cutoff =         42118472.409
 minimum grid value before cutoff =    -21.515

grid: phob
number of grid points within emin, emax limits =     2472
 maximum grid value before cutoff =         42118537.409
 minimum grid value before cutoff =     -1.971

mod_phobic: phobthresh, philthresh =  -0.250  -3.000
 maximum number of atoms in a sitebox =           8
 boxes, patoms in boxes, empty boxes =       10469        5675        8375
Average phobic potential changed from  -0.759 to  -0.408 for  747 grid points

number of phobic points =  1814   average phobic score =   0.51
number of philic points =  1519   average philic score =  -3.09

number of qualifying surf grid points =      400

number of qualifying phil grid points =      132

number of qualifying phob grid points =       87

number of qualifying accptr grid points =       22

number of qualifying donor grid points =      106

number of qualifying metal grid points =        0

visgrd volume surf                                                                            
visgrd author sitemap                                                                         
visgrd property name surf                                                                            
visgrd qualifying points   3059
visgrd default map values       1       1.00      2
visgrd number of dims    3
visgrd dimensions         22        20        24
visgrd axis scales      0.700     0.700     0.700

visgrd volume hydrophil                                                                       
visgrd author sitemap                                                                         
visgrd property name phil                                                                            
visgrd qualifying points    132
visgrd default map values       1      -8.00     10
visgrd number of dims    3
visgrd dimensions         22        20        24
visgrd axis scales      0.700     0.700     0.700

visgrd volume hydrophob                                                                       
visgrd author sitemap                                                                         
visgrd property name phob                                                                            
visgrd qualifying points    224
visgrd default map values       1      -0.50     13
visgrd number of dims    3
visgrd dimensions         22        20        24
visgrd axis scales      0.700     0.700     0.700

visgrd volume hbacceptor                                                                      
visgrd author sitemap                                                                         
visgrd property name accptr                                                                          
visgrd qualifying points     22
visgrd default map values       1      -8.00     16
visgrd number of dims    3
visgrd dimensions         22        20        24
visgrd axis scales      0.700     0.700     0.700

visgrd volume hbdonor                                                                         
visgrd author sitemap                                                                         
visgrd property name donor                                                                           
visgrd qualifying points    106
visgrd default map values       1      -8.00      5
visgrd number of dims    3
visgrd dimensions         22        20        24
visgrd axis scales      0.700     0.700     0.700

-- Evaluating site  1 --
Ligand/site-points file: 
Protein coordinates/parameters file: 
extend =   3
 Verbosity flags: F F F F F
all SiteMap grid files will be read
the protein charges will be modified to reduce formal charges and adjust donor/acceptor potentials
protein radii will be modified to allow closer approach to donor and acceptor heteroatoms
phobic areas emphasize enclosed regions and deemphasize exposed regions using alternative method
site-point set will be augmented by including significant nearby points
  threshold for adding phobic points:  -0.500
  threshold for adding philic points:  -8.000
base name for SiteMap grid files: 
 Reusing grid data
reusing site data
Number of protein atoms:    5675
 
phobic grid file reshaped
philic grid file reshaped
donor grid file reshaped
acceptor grid file reshaped
metal grid file reshaped
surf grid file reshaped
 maximum number of atoms in a sitebox =           8


Number of site points    9  first shell   24  higher shells   35   dirscore   0.813
1 vdw  -1.461   phob  -0.673   phil  -1.934   donor  -1.545   acceptor  -0.389   metal   0.000
2               phob  -0.267   phil  -1.844   donor  -0.317   acceptor  -1.527   metal   0.000

SiteScore size   Dscore  volume  exposure enclosure contact  phobic   philic   balance  don/acc
  0.803    24    0.780   104.96    0.711    0.813    1.127    1.853    0.516    3.589    3.969

-- Done with site  1 --

== End SiteMap calculation ==

Wrote 1 sites to "md0_crop280_sph_out.maegz".

Current time: Sun Jan 22 12:51:27 2023
Elapsed time: 0:00:04.91
SiteMap successfully completed.

