--------------------------------------------------------------------------------
JobId          : X299-0-63cd2ece
Name           : md0_crop72_sph
Program        : SiteMap
Version        : 2021-4 build 135
Host           : X299
Dir            : /mnt/3a29b482-dac1-4563-be89-d63ad92354e9/cers_modelling/md_sampling_cers_models/charmm_gui_systems/cers2_10pc_chol/sitemaps
HostEntry      : localhost
JobHost        : X299
JobDir         : /scratch/tamir/md0_crop72_sph
JobSchrodinger : /opt/schrodinger2021-4
Commandline    : /opt/schrodinger2021-4/sitemap md0_crop72_sph.in -WAIT
StartTime      : 2023-01-22-14:40:46
--------------------------------------------------------------------------------

== Begin input keywords ==
ADDPHIL  -8.0
ADDPHOB  -0.5
ADDSP  True
COMPRESS  True
CUTOFF  20.0
D2THRESH  3.1
DTHRESH  6.5
DVSCALE  2.5
ENCLOSURE  0.5
EXTEND  3
FAKE  False
FFIELD  OPLS_2005
GRID  0.7
KEEPELEC  False
KEEPVDW  False
KEEPVOLPTS  True
KMAX  3
KMAX2  5
MAPDIST  4.0
MARGIN  6.0
MAXDIST  8.0
MAXSITES  1
MAXVDW  1.1
MINGROUP  3
MODCHARGES  True
MODPHOBIC  3
NEARRES  3.5
NTHRESH  3
PROT  md0_crop72.mae
R2THRESH  4.1
REPORTSIZE  10
ROUND  False
RTHRESH  5.0
VERBOSITY  0
WRITEGRIDS  False
WRITEPOT  False
WRITESTRUCTS  True
WRITEVIS  True
XCENT  47.72000312805176
XRANGE  10.0
YCENT  40.04500389099121
YRANGE  10.0
ZCENT  62.806997299194336
ZRANGE  10.0
== End input keywords ==

== Begin single-receptor SiteMap calculation ==

-- Begin site search --
 Parameters for this calculation:
 sitecut =  0.500000000000000     
 sitescmin =   1.10000000000000     
 afactor =   1.00000000000000     
 bfactor =   1.00000000000000     
 imaxsite =           8
 ithresh =           3
 mingroup =           3
 kmax =           3
 kmax2 =           5
 r2thresh =   4.10000000000000     
 dvscale =   2.50000000000000     
 dvscnorm =   2.50000000000000     
 dvscbig =   2.50000000000000     
 border =   2.00000000000000     
 dthresh =   6.50000000000000     
 rthresh =   5.00000000000000     
 maxgroup =         100
 r2thresh =   4.10000000000000     
 nthresh =           3
 ndir =         110
 use_vdw = T
 repname = none
 repsize =          10
 maxrep =           1
 sitelis = sites.lis
 profile = none
 sitelig = none
 siteasl = none
 use_sitelig =  F
 sitebox =  -999.000000000000     
 writepdb =  F
 number of protein atoms =        5676
Starting findsites:  Sunday, January 22 2023, at 14:40:50 IST
ptypes obtained:  Sunday, January 22 2023, at 14:40:50 IST
lj parameters obtained:  Sunday, January 22 2023, at 14:40:50 IST
Basic parameters obtained:  Sunday, January 22 2023, at 14:40:50 IST
Receptor parameterization completed:  Sunday, January 22 2023, at 14:40:50 IST
 scaled value of sitecut =   55.0000000000000     
 sphere directions set up         110
Sunday, January 22 2023, at 14:40:50 IST
 FINDSITE will use user-specified box
Centroid of box:  47.720  40.045  62.807
 boundaries   42.7200031280518        52.7200031280518     
   35.0450038909912        45.0450038909912        57.8069972991943     
   67.8069972991943     
 box          10          10          10
 maximum number of atoms in a sitebox =           6
Site points found:  Sunday, January 22 2023, at 14:40:50 IST
 boxes, patoms in boxes, empty boxes =         125         206          49
 total, outside sites =        1000         311
Site points pruned:  Sunday, January 22 2023, at 14:40:50 IST
final goodsites =         6
         4 sites will be removed
         2 good sites remain
Number of site groups found =     1

  Group  index  size  score     x       y       z     stdev
    1      1      2    1.45   47.30   39.05   63.81    0.49
Sites linked and merged:  Sunday, January 22 2023, at 14:40:50 IST
 Storing receptor data

Site-finding complete.
Number of sites to map/eval:  1

-- Mapping site  1 --
jobname: md0_crop72_sph_site_1
all SiteMap grid files will be generated
 philic map specified
 phobic map specified
 donor map specified
 acceptor map specified
 metal-ligation map specified
 surface-display map specified
grid margin:     6.00
grid spacing:     0.70
non-bonded cutoff:    20.00
ligand/sitepoints file: 
protein coordinates/parameters file: 
output map/grid files will be written to the current directory
vis files will be written
protein charges will be modified to reduce formal charges and adjust donor/acceptor potentials
protein radii will be modified to allow closer approach to donor and acceptor heteroatoms
phobic areas will be modified to emphasize enclosed regions and to deemphasize exposed regions using alternative method
all input instructions read
 Getting site data
ligand xcm,ycm,zcm,xrange,yrange,zrange 47.220 39.045 63.807  1.000  0.000  0.000

 Reusing receptor data from site-finding stage.

Sitemap: electrostatic+vdw interaction energy
Map field of *enzyme* in region of *inhibitor*

computing site maps ...
grid lim (orig)  40.720  53.720  33.045  45.045  57.807  69.807
grid lim (adj)   40.570  53.870  32.745  45.345  57.507  70.107
grid point counts   20   19   19
total grid points    7220

 5676 receptor atoms read
grid: adjdip
number of grid points within emin, emax limits =     6565
 maximum grid value before cutoff =               -0.028
 minimum grid value before cutoff =   -439.904

philic and phobic grids formed
grid: surf
number of grid points within emin, emax limits =     1185
 maximum grid value before cutoff =         40433620.572
 minimum grid value before cutoff =     -2.559

grid: phil
number of grid points within emin, emax limits =     2538
 maximum grid value before cutoff =         40433570.572
 minimum grid value before cutoff =    -13.393

grid: phob
number of grid points within emin, emax limits =     2205
 maximum grid value before cutoff =         40433635.572
 minimum grid value before cutoff =     -2.150

mod_phobic: phobthresh, philthresh =  -0.250  -3.000
 maximum number of atoms in a sitebox =           8
 boxes, patoms in boxes, empty boxes =       12369        5676       10270
Average phobic potential changed from  -0.704 to  -0.349 for  755 grid points

number of phobic points =  1853   average phobic score =   0.44
number of philic points =   685   average philic score =  -2.67

number of qualifying surf grid points =      266

number of qualifying phil grid points =       42

number of qualifying phob grid points =       39

number of qualifying accptr grid points =        0

number of qualifying donor grid points =       38

number of qualifying metal grid points =        0

visgrd volume surf                                                                            
visgrd author sitemap                                                                         
visgrd property name surf                                                                            
visgrd qualifying points   2449
visgrd default map values       1       1.00      2
visgrd number of dims    3
visgrd dimensions         20        19        19
visgrd axis scales      0.700     0.700     0.700

visgrd volume hydrophil                                                                       
visgrd author sitemap                                                                         
visgrd property name phil                                                                            
visgrd qualifying points     42
visgrd default map values       1      -8.00     10
visgrd number of dims    3
visgrd dimensions         20        19        19
visgrd axis scales      0.700     0.700     0.700

visgrd volume hydrophob                                                                       
visgrd author sitemap                                                                         
visgrd property name phob                                                                            
visgrd qualifying points    131
visgrd default map values       1      -0.50     13
visgrd number of dims    3
visgrd dimensions         20        19        19
visgrd axis scales      0.700     0.700     0.700

visgrd volume hbdonor                                                                         
visgrd author sitemap                                                                         
visgrd property name donor                                                                           
visgrd qualifying points     38
visgrd default map values       1      -8.00      5
visgrd number of dims    3
visgrd dimensions         20        19        19
visgrd axis scales      0.700     0.700     0.700

-- Evaluating site  1 --
Ligand/site-points file: 
Protein coordinates/parameters file: 
extend =   3
 Verbosity flags: F F F F F
all SiteMap grid files will be read
the protein charges will be modified to reduce formal charges and adjust donor/acceptor potentials
protein radii will be modified to allow closer approach to donor and acceptor heteroatoms
phobic areas emphasize enclosed regions and deemphasize exposed regions using alternative method
site-point set will be augmented by including significant nearby points
  threshold for adding phobic points:  -0.500
  threshold for adding philic points:  -8.000
base name for SiteMap grid files: 
 Reusing grid data
reusing site data
Number of protein atoms:    5676
 
phobic grid file reshaped
philic grid file reshaped
donor grid file reshaped
acceptor grid file reshaped
metal grid file reshaped
surf grid file reshaped
 maximum number of atoms in a sitebox =           8


Number of site points    2  first shell    8  higher shells   26   dirscore   0.657
1 vdw  -1.115   phob  -0.778   phil  -0.346   donor  -0.346   acceptor   0.000   metal   0.000
2               phob  -0.393   phil  -0.202   donor   0.000   acceptor  -0.202   metal   0.000

SiteScore size   Dscore  volume  exposure enclosure contact  phobic   philic   balance  don/acc
  0.696    14    0.716    41.50    0.708    0.657    0.860    2.726    0.092   29.543    0.000

-- Done with site  1 --

== End SiteMap calculation ==

Wrote 1 sites to "md0_crop72_sph_out.maegz".

Current time: Sun Jan 22 14:40:52 2023
Elapsed time: 0:00:04.57
SiteMap successfully completed.

