--------------------------------------------------------------------------------
JobId          : X299-0-63cd04ae
Name           : md0_crop106_sph
Program        : SiteMap
Version        : 2021-4 build 135
Host           : X299
Dir            : /mnt/3a29b482-dac1-4563-be89-d63ad92354e9/cers_modelling/md_sampling_cers_models/charmm_gui_systems/cers2_10pc_chol/sitemaps
HostEntry      : localhost
JobHost        : X299
JobDir         : /scratch/tamir/md0_crop106_sph
JobSchrodinger : /opt/schrodinger2021-4
Commandline    : /opt/schrodinger2021-4/sitemap md0_crop106_sph.in -WAIT
StartTime      : 2023-01-22-11:41:02
--------------------------------------------------------------------------------

== Begin input keywords ==
ADDPHIL  -8.0
ADDPHOB  -0.5
ADDSP  True
COMPRESS  True
CUTOFF  20.0
D2THRESH  3.1
DTHRESH  6.5
DVSCALE  2.5
ENCLOSURE  0.5
EXTEND  3
FAKE  False
FFIELD  OPLS_2005
GRID  0.7
KEEPELEC  False
KEEPVDW  False
KEEPVOLPTS  True
KMAX  3
KMAX2  5
MAPDIST  4.0
MARGIN  6.0
MAXDIST  8.0
MAXSITES  1
MAXVDW  1.1
MINGROUP  3
MODCHARGES  True
MODPHOBIC  3
NEARRES  3.5
NTHRESH  3
PROT  md0_crop106.mae
R2THRESH  4.1
REPORTSIZE  10
ROUND  False
RTHRESH  5.0
VERBOSITY  0
WRITEGRIDS  False
WRITEPOT  False
WRITESTRUCTS  True
WRITEVIS  True
XCENT  45.523996353149414
XRANGE  10.0
YCENT  40.3439998626709
YRANGE  10.0
ZCENT  60.10800361633301
ZRANGE  10.0
== End input keywords ==

== Begin single-receptor SiteMap calculation ==

-- Begin site search --
 Parameters for this calculation:
 sitecut =  0.500000000000000     
 sitescmin =   1.10000000000000     
 afactor =   1.00000000000000     
 bfactor =   1.00000000000000     
 imaxsite =           8
 ithresh =           3
 mingroup =           3
 kmax =           3
 kmax2 =           5
 r2thresh =   4.10000000000000     
 dvscale =   2.50000000000000     
 dvscnorm =   2.50000000000000     
 dvscbig =   2.50000000000000     
 border =   2.00000000000000     
 dthresh =   6.50000000000000     
 rthresh =   5.00000000000000     
 maxgroup =         100
 r2thresh =   4.10000000000000     
 nthresh =           3
 ndir =         110
 use_vdw = T
 repname = none
 repsize =          10
 maxrep =           1
 sitelis = sites.lis
 profile = none
 sitelig = none
 siteasl = none
 use_sitelig =  F
 sitebox =  -999.000000000000     
 writepdb =  F
 number of protein atoms =        5676
Starting findsites:  Sunday, January 22 2023, at 11:41:05 IST
ptypes obtained:  Sunday, January 22 2023, at 11:41:06 IST
lj parameters obtained:  Sunday, January 22 2023, at 11:41:06 IST
Basic parameters obtained:  Sunday, January 22 2023, at 11:41:06 IST
Receptor parameterization completed:  Sunday, January 22 2023, at 11:41:06 IST
 scaled value of sitecut =   55.0000000000000     
 sphere directions set up         110
Sunday, January 22 2023, at 11:41:06 IST
 FINDSITE will use user-specified box
Centroid of box:  45.524  40.344  60.108
 boundaries   40.5239963531494        50.5239963531494     
   35.3439998626709        45.3439998626709        55.1080036163330     
   65.1080036163330     
 box          10          10          10
 maximum number of atoms in a sitebox =           6
Site points found:  Sunday, January 22 2023, at 11:41:06 IST
 boxes, patoms in boxes, empty boxes =         125         205          44
 total, outside sites =        1000         286
Site points pruned:  Sunday, January 22 2023, at 11:41:06 IST
final goodsites =        15
         4 sites will be removed
        11 good sites remain
Number of site groups found =     1

  Group  index  size  score     x       y       z     stdev
    1      1     11    1.36   46.70   41.23   59.78    1.95
Sites linked and merged:  Sunday, January 22 2023, at 11:41:06 IST
 Storing receptor data

Site-finding complete.
Number of sites to map/eval:  1

-- Mapping site  1 --
jobname: md0_crop106_sph_site_1
all SiteMap grid files will be generated
 philic map specified
 phobic map specified
 donor map specified
 acceptor map specified
 metal-ligation map specified
 surface-display map specified
grid margin:     6.00
grid spacing:     0.70
non-bonded cutoff:    20.00
ligand/sitepoints file: 
protein coordinates/parameters file: 
output map/grid files will be written to the current directory
vis files will be written
protein charges will be modified to reduce formal charges and adjust donor/acceptor potentials
protein radii will be modified to allow closer approach to donor and acceptor heteroatoms
phobic areas will be modified to emphasize enclosed regions and to deemphasize exposed regions using alternative method
all input instructions read
 Getting site data
ligand xcm,ycm,zcm,xrange,yrange,zrange 46.524 41.344 59.608  4.000  4.000  3.000

 Reusing receptor data from site-finding stage.

Sitemap: electrostatic+vdw interaction energy
Map field of *enzyme* in region of *inhibitor*

computing site maps ...
grid lim (orig)  38.524  54.524  33.344  49.344  52.108  67.108
grid lim (adj)   38.474  54.574  33.294  49.394  51.908  67.308
grid point counts   24   24   23
total grid points   13248

 5676 receptor atoms read
grid: adjdip
number of grid points within emin, emax limits =    11701
 maximum grid value before cutoff =               -0.027
 minimum grid value before cutoff =   -542.811

philic and phobic grids formed
grid: surf
number of grid points within emin, emax limits =     2350
 maximum grid value before cutoff =         45281851.960
 minimum grid value before cutoff =     -2.585

grid: phil
number of grid points within emin, emax limits =     3524
 maximum grid value before cutoff =         45281801.960
 minimum grid value before cutoff =    -18.715

grid: phob
number of grid points within emin, emax limits =     2664
 maximum grid value before cutoff =         45281866.960
 minimum grid value before cutoff =     -2.312

mod_phobic: phobthresh, philthresh =  -0.250  -3.000
 maximum number of atoms in a sitebox =           8
 boxes, patoms in boxes, empty boxes =       12369        5676       10261
Average phobic potential changed from  -0.802 to  -0.454 for 1090 grid points

number of phobic points =  2149   average phobic score =   0.56
number of philic points =  1375   average philic score =  -3.86

number of qualifying surf grid points =      444

number of qualifying phil grid points =      197

number of qualifying phob grid points =      130

number of qualifying accptr grid points =       15

number of qualifying donor grid points =      162

number of qualifying metal grid points =        0

visgrd volume surf                                                                            
visgrd author sitemap                                                                         
visgrd property name surf                                                                            
visgrd qualifying points   3253
visgrd default map values       1       1.00      2
visgrd number of dims    3
visgrd dimensions         24        24        23
visgrd axis scales      0.700     0.700     0.700

visgrd volume hydrophil                                                                       
visgrd author sitemap                                                                         
visgrd property name phil                                                                            
visgrd qualifying points    197
visgrd default map values       1      -8.00     10
visgrd number of dims    3
visgrd dimensions         24        24        23
visgrd axis scales      0.700     0.700     0.700

visgrd volume hydrophob                                                                       
visgrd author sitemap                                                                         
visgrd property name phob                                                                            
visgrd qualifying points    426
visgrd default map values       1      -0.50     13
visgrd number of dims    3
visgrd dimensions         24        24        23
visgrd axis scales      0.700     0.700     0.700

visgrd volume hbacceptor                                                                      
visgrd author sitemap                                                                         
visgrd property name accptr                                                                          
visgrd qualifying points     15
visgrd default map values       1      -8.00     16
visgrd number of dims    3
visgrd dimensions         24        24        23
visgrd axis scales      0.700     0.700     0.700

visgrd volume hbdonor                                                                         
visgrd author sitemap                                                                         
visgrd property name donor                                                                           
visgrd qualifying points    162
visgrd default map values       1      -8.00      5
visgrd number of dims    3
visgrd dimensions         24        24        23
visgrd axis scales      0.700     0.700     0.700

-- Evaluating site  1 --
Ligand/site-points file: 
Protein coordinates/parameters file: 
extend =   3
 Verbosity flags: F F F F F
all SiteMap grid files will be read
the protein charges will be modified to reduce formal charges and adjust donor/acceptor potentials
protein radii will be modified to allow closer approach to donor and acceptor heteroatoms
phobic areas emphasize enclosed regions and deemphasize exposed regions using alternative method
site-point set will be augmented by including significant nearby points
  threshold for adding phobic points:  -0.500
  threshold for adding philic points:  -8.000
base name for SiteMap grid files: 
 Reusing grid data
reusing site data
Number of protein atoms:    5676
 
phobic grid file reshaped
philic grid file reshaped
donor grid file reshaped
acceptor grid file reshaped
metal grid file reshaped
surf grid file reshaped
 maximum number of atoms in a sitebox =           8


Number of site points   11  first shell   28  higher shells   62   dirscore   0.797
1 vdw  -1.282   phob  -0.682   phil  -1.338   donor  -1.292   acceptor  -0.047   metal   0.000
2               phob  -0.319   phil  -1.246   donor  -0.059   acceptor  -1.187   metal   0.000

SiteScore size   Dscore  volume  exposure enclosure contact  phobic   philic   balance  don/acc
  0.852    28    0.859   174.24    0.763    0.797    0.989    2.214    0.357    6.194   27.780

-- Done with site  1 --

== End SiteMap calculation ==

Wrote 1 sites to "md0_crop106_sph_out.maegz".

Current time: Sun Jan 22 11:41:07 2023
Elapsed time: 0:00:04.92
SiteMap successfully completed.

