--------------------------------------------------------------------------------
JobId          : X299-0-63cd12fc
Name           : md0_crop257_sph
Program        : SiteMap
Version        : 2021-4 build 135
Host           : X299
Dir            : /mnt/3a29b482-dac1-4563-be89-d63ad92354e9/cers_modelling/md_sampling_cers_models/charmm_gui_systems/cers2_10pc_chol/sitemaps
HostEntry      : localhost
JobHost        : X299
JobDir         : /scratch/tamir/md0_crop257_sph
JobSchrodinger : /opt/schrodinger2021-4
Commandline    : /opt/schrodinger2021-4/sitemap md0_crop257_sph.in -WAIT
StartTime      : 2023-01-22-12:42:04
--------------------------------------------------------------------------------

== Begin input keywords ==
ADDPHIL  -8.0
ADDPHOB  -0.5
ADDSP  True
COMPRESS  True
CUTOFF  20.0
D2THRESH  3.1
DTHRESH  6.5
DVSCALE  2.5
ENCLOSURE  0.5
EXTEND  3
FAKE  False
FFIELD  OPLS_2005
GRID  0.7
KEEPELEC  False
KEEPVDW  False
KEEPVOLPTS  True
KMAX  3
KMAX2  5
MAPDIST  4.0
MARGIN  6.0
MAXDIST  8.0
MAXSITES  1
MAXVDW  1.1
MINGROUP  3
MODCHARGES  True
MODPHOBIC  3
NEARRES  3.5
NTHRESH  3
PROT  md0_crop257.mae
R2THRESH  4.1
REPORTSIZE  10
ROUND  False
RTHRESH  5.0
VERBOSITY  0
WRITEGRIDS  False
WRITEPOT  False
WRITESTRUCTS  True
WRITEVIS  True
XCENT  44.51499938964844
XRANGE  10.0
YCENT  40.339999198913574
YRANGE  10.0
ZCENT  64.21199798583984
ZRANGE  10.0
== End input keywords ==

== Begin single-receptor SiteMap calculation ==

-- Begin site search --
 Parameters for this calculation:
 sitecut =  0.500000000000000     
 sitescmin =   1.10000000000000     
 afactor =   1.00000000000000     
 bfactor =   1.00000000000000     
 imaxsite =           8
 ithresh =           3
 mingroup =           3
 kmax =           3
 kmax2 =           5
 r2thresh =   4.10000000000000     
 dvscale =   2.50000000000000     
 dvscnorm =   2.50000000000000     
 dvscbig =   2.50000000000000     
 border =   2.00000000000000     
 dthresh =   6.50000000000000     
 rthresh =   5.00000000000000     
 maxgroup =         100
 r2thresh =   4.10000000000000     
 nthresh =           3
 ndir =         110
 use_vdw = T
 repname = none
 repsize =          10
 maxrep =           1
 sitelis = sites.lis
 profile = none
 sitelig = none
 siteasl = none
 use_sitelig =  F
 sitebox =  -999.000000000000     
 writepdb =  F
 number of protein atoms =        5676
Starting findsites:  Sunday, January 22 2023, at 12:42:08 IST
ptypes obtained:  Sunday, January 22 2023, at 12:42:08 IST
lj parameters obtained:  Sunday, January 22 2023, at 12:42:08 IST
Basic parameters obtained:  Sunday, January 22 2023, at 12:42:08 IST
Receptor parameterization completed:  Sunday, January 22 2023, at 12:42:08 IST
 scaled value of sitecut =   55.0000000000000     
 sphere directions set up         110
Sunday, January 22 2023, at 12:42:08 IST
 FINDSITE will use user-specified box
Centroid of box:  44.515  40.340  64.212
 boundaries   39.5149993896484        49.5149993896484     
   35.3399991989136        45.3399991989136        59.2119979858398     
   69.2119979858398     
 box          10          10          10
 maximum number of atoms in a sitebox =           7
Site points found:  Sunday, January 22 2023, at 12:42:08 IST
 boxes, patoms in boxes, empty boxes =         125         198          47
 total, outside sites =        1000         273
Site points pruned:  Sunday, January 22 2023, at 12:42:08 IST
final goodsites =        12
         2 sites will be removed
        10 good sites remain
Number of site groups found =     2

  Group  index  size  score     x       y       z     stdev
    1      1      6    1.46   47.66   42.69   64.40    0.91
    2      2      4    1.18   44.78   39.86   62.71    0.83

Inter-group relationships
     g1     g2     n1     n2    dmin    davg   spread  ratio     x1      y1      z1      x2      y2      z2
      1      2      6      4    3.00    4.37    1.75    2.50   47.66   42.69   64.40   44.78   39.86   62.71
 groups           1           2  will be considered for merger
site groups connected   45.51   42.34   63.21  23    2.00   3   5   4
                        45.51   41.34   62.21
 successful merge of groups           1           2
Number of site groups found =     1

  Group  index  size  score     x       y       z     stdev
    1      1     10    1.35   46.65   41.69   63.81    2.27
Sites linked and merged:  Sunday, January 22 2023, at 12:42:08 IST
 Storing receptor data

Site-finding complete.
Number of sites to map/eval:  1

-- Mapping site  1 --
jobname: md0_crop257_sph_site_1
all SiteMap grid files will be generated
 philic map specified
 phobic map specified
 donor map specified
 acceptor map specified
 metal-ligation map specified
 surface-display map specified
grid margin:     6.00
grid spacing:     0.70
non-bonded cutoff:    20.00
ligand/sitepoints file: 
protein coordinates/parameters file: 
output map/grid files will be written to the current directory
vis files will be written
protein charges will be modified to reduce formal charges and adjust donor/acceptor potentials
protein radii will be modified to allow closer approach to donor and acceptor heteroatoms
phobic areas will be modified to emphasize enclosed regions and to deemphasize exposed regions using alternative method
all input instructions read
 Getting site data
ligand xcm,ycm,zcm,xrange,yrange,zrange 46.515 41.340 63.712  4.000  4.000  3.000

 Reusing receptor data from site-finding stage.

Sitemap: electrostatic+vdw interaction energy
Map field of *enzyme* in region of *inhibitor*

computing site maps ...
grid lim (orig)  38.515  54.515  33.340  49.340  56.212  71.212
grid lim (adj)   38.465  54.565  33.290  49.390  56.012  71.412
grid point counts   24   24   23
total grid points   13248

 5676 receptor atoms read
grid: adjdip
number of grid points within emin, emax limits =    11759
 maximum grid value before cutoff =               -0.016
 minimum grid value before cutoff =   -551.698

philic and phobic grids formed
grid: surf
number of grid points within emin, emax limits =     2576
 maximum grid value before cutoff =         30865672.480
 minimum grid value before cutoff =     -2.818

grid: phil
number of grid points within emin, emax limits =     3423
 maximum grid value before cutoff =         30865622.480
 minimum grid value before cutoff =    -25.902

grid: phob
number of grid points within emin, emax limits =     2386
 maximum grid value before cutoff =         30865687.480
 minimum grid value before cutoff =     -1.973

mod_phobic: phobthresh, philthresh =  -0.250  -3.000
 maximum number of atoms in a sitebox =           9
 boxes, patoms in boxes, empty boxes =       12369        5676       10283
Average phobic potential changed from  -0.823 to  -0.478 for  972 grid points

number of phobic points =  1857   average phobic score =   0.59
number of philic points =  1566   average philic score =  -4.55

number of qualifying surf grid points =      491

number of qualifying phil grid points =      286

number of qualifying phob grid points =      162

number of qualifying accptr grid points =       69

number of qualifying donor grid points =      195

number of qualifying metal grid points =        0

visgrd volume surf                                                                            
visgrd author sitemap                                                                         
visgrd property name surf                                                                            
visgrd qualifying points   3089
visgrd default map values       1       1.00      2
visgrd number of dims    3
visgrd dimensions         24        24        23
visgrd axis scales      0.700     0.700     0.700

visgrd volume hydrophil                                                                       
visgrd author sitemap                                                                         
visgrd property name phil                                                                            
visgrd qualifying points    286
visgrd default map values       1      -8.00     10
visgrd number of dims    3
visgrd dimensions         24        24        23
visgrd axis scales      0.700     0.700     0.700

visgrd volume hydrophob                                                                       
visgrd author sitemap                                                                         
visgrd property name phob                                                                            
visgrd qualifying points    374
visgrd default map values       1      -0.50     13
visgrd number of dims    3
visgrd dimensions         24        24        23
visgrd axis scales      0.700     0.700     0.700

visgrd volume hbacceptor                                                                      
visgrd author sitemap                                                                         
visgrd property name accptr                                                                          
visgrd qualifying points     69
visgrd default map values       1      -8.00     16
visgrd number of dims    3
visgrd dimensions         24        24        23
visgrd axis scales      0.700     0.700     0.700

visgrd volume hbdonor                                                                         
visgrd author sitemap                                                                         
visgrd property name donor                                                                           
visgrd qualifying points    195
visgrd default map values       1      -8.00      5
visgrd number of dims    3
visgrd dimensions         24        24        23
visgrd axis scales      0.700     0.700     0.700

-- Evaluating site  1 --
Ligand/site-points file: 
Protein coordinates/parameters file: 
extend =   3
 Verbosity flags: F F F F F
all SiteMap grid files will be read
the protein charges will be modified to reduce formal charges and adjust donor/acceptor potentials
protein radii will be modified to allow closer approach to donor and acceptor heteroatoms
phobic areas emphasize enclosed regions and deemphasize exposed regions using alternative method
site-point set will be augmented by including significant nearby points
  threshold for adding phobic points:  -0.500
  threshold for adding philic points:  -8.000
base name for SiteMap grid files: 
 Reusing grid data
reusing site data
Number of protein atoms:    5676
 
phobic grid file reshaped
philic grid file reshaped
donor grid file reshaped
acceptor grid file reshaped
metal grid file reshaped
surf grid file reshaped
 maximum number of atoms in a sitebox =           9


Number of site points   10  first shell   30  higher shells   56   dirscore   0.829
1 vdw  -1.398   phob  -0.446   phil  -2.767   donor  -2.572   acceptor  -0.195   metal   0.000
2               phob  -0.206   phil  -2.432   donor  -0.109   acceptor  -2.323   metal   0.000

SiteScore size   Dscore  volume  exposure enclosure contact  phobic   philic   balance  don/acc
  0.779    25    0.727   161.21    0.775    0.829    1.079    1.428    0.739    1.932   13.224

-- Done with site  1 --

== End SiteMap calculation ==

Wrote 1 sites to "md0_crop257_sph_out.maegz".

Current time: Sun Jan 22 12:42:10 2023
Elapsed time: 0:00:04.51
SiteMap successfully completed.

