--------------------------------------------------------------------------------
JobId          : X299-0-63cd2005
Name           : md0_crop395_sph
Program        : SiteMap
Version        : 2021-4 build 135
Host           : X299
Dir            : /mnt/3a29b482-dac1-4563-be89-d63ad92354e9/cers_modelling/md_sampling_cers_models/charmm_gui_systems/cers2_10pc_chol/sitemaps
HostEntry      : localhost
JobHost        : X299
JobDir         : /scratch/tamir/md0_crop395_sph
JobSchrodinger : /opt/schrodinger2021-4
Commandline    : /opt/schrodinger2021-4/sitemap md0_crop395_sph.in -WAIT
StartTime      : 2023-01-22-13:37:41
--------------------------------------------------------------------------------

== Begin input keywords ==
ADDPHIL  -8.0
ADDPHOB  -0.5
ADDSP  True
COMPRESS  True
CUTOFF  20.0
D2THRESH  3.1
DTHRESH  6.5
DVSCALE  2.5
ENCLOSURE  0.5
EXTEND  3
FAKE  False
FFIELD  OPLS_2005
GRID  0.7
KEEPELEC  False
KEEPVDW  False
KEEPVOLPTS  True
KMAX  3
KMAX2  5
MAPDIST  4.0
MARGIN  6.0
MAXDIST  8.0
MAXSITES  1
MAXVDW  1.1
MINGROUP  3
MODCHARGES  True
MODPHOBIC  3
NEARRES  3.5
NTHRESH  3
PROT  md0_crop395.mae
R2THRESH  4.1
REPORTSIZE  10
ROUND  False
RTHRESH  5.0
VERBOSITY  0
WRITEGRIDS  False
WRITEPOT  False
WRITESTRUCTS  True
WRITEVIS  True
XCENT  42.1560001373291
XRANGE  10.0
YCENT  40.746002197265625
YRANGE  10.0
ZCENT  67.40600109100342
ZRANGE  10.0
== End input keywords ==

== Begin single-receptor SiteMap calculation ==

-- Begin site search --
 Parameters for this calculation:
 sitecut =  0.500000000000000     
 sitescmin =   1.10000000000000     
 afactor =   1.00000000000000     
 bfactor =   1.00000000000000     
 imaxsite =           8
 ithresh =           3
 mingroup =           3
 kmax =           3
 kmax2 =           5
 r2thresh =   4.10000000000000     
 dvscale =   2.50000000000000     
 dvscnorm =   2.50000000000000     
 dvscbig =   2.50000000000000     
 border =   2.00000000000000     
 dthresh =   6.50000000000000     
 rthresh =   5.00000000000000     
 maxgroup =         100
 r2thresh =   4.10000000000000     
 nthresh =           3
 ndir =         110
 use_vdw = T
 repname = none
 repsize =          10
 maxrep =           1
 sitelis = sites.lis
 profile = none
 sitelig = none
 siteasl = none
 use_sitelig =  F
 sitebox =  -999.000000000000     
 writepdb =  F
 number of protein atoms =        5675
Starting findsites:  Sunday, January 22 2023, at 13:37:45 IST
ptypes obtained:  Sunday, January 22 2023, at 13:37:45 IST
lj parameters obtained:  Sunday, January 22 2023, at 13:37:45 IST
Basic parameters obtained:  Sunday, January 22 2023, at 13:37:45 IST
Receptor parameterization completed:  Sunday, January 22 2023, at 13:37:45 IST
 scaled value of sitecut =   55.0000000000000     
 sphere directions set up         110
Sunday, January 22 2023, at 13:37:45 IST
 FINDSITE will use user-specified box
Centroid of box:  42.156  40.746  67.406
 boundaries   37.1560001373291        47.1560001373291     
   35.7460021972656        45.7460021972656        62.4060010910034     
   72.4060010910034     
 box          10          10          10
 maximum number of atoms in a sitebox =           6
Site points found:  Sunday, January 22 2023, at 13:37:45 IST
 boxes, patoms in boxes, empty boxes =         125         207          45
 total, outside sites =        1000         241
Site points pruned:  Sunday, January 22 2023, at 13:37:45 IST
final goodsites =        36
         3 sites will be removed
        33 good sites remain
Number of site groups found =     1

  Group  index  size  score     x       y       z     stdev
    1      1     33    1.34   43.39   40.24   66.52    2.51
Sites linked and merged:  Sunday, January 22 2023, at 13:37:45 IST
 Storing receptor data

Site-finding complete.
Number of sites to map/eval:  1

-- Mapping site  1 --
jobname: md0_crop395_sph_site_1
all SiteMap grid files will be generated
 philic map specified
 phobic map specified
 donor map specified
 acceptor map specified
 metal-ligation map specified
 surface-display map specified
grid margin:     6.00
grid spacing:     0.70
non-bonded cutoff:    20.00
ligand/sitepoints file: 
protein coordinates/parameters file: 
output map/grid files will be written to the current directory
vis files will be written
protein charges will be modified to reduce formal charges and adjust donor/acceptor potentials
protein radii will be modified to allow closer approach to donor and acceptor heteroatoms
phobic areas will be modified to emphasize enclosed regions and to deemphasize exposed regions using alternative method
all input instructions read
 Getting site data
ligand xcm,ycm,zcm,xrange,yrange,zrange 43.656 40.246 66.406  5.000  5.000  6.000

 Reusing receptor data from site-finding stage.

Sitemap: electrostatic+vdw interaction energy
Map field of *enzyme* in region of *inhibitor*

computing site maps ...
grid lim (orig)  35.156  52.156  31.746  48.746  57.406  75.406
grid lim (adj)   34.906  52.406  31.496  48.996  57.306  75.506
grid point counts   26   26   27
total grid points   18252

 5675 receptor atoms read
grid: adjdip
number of grid points within emin, emax limits =    16377
 maximum grid value before cutoff =               -0.011
 minimum grid value before cutoff =   -516.396

philic and phobic grids formed
grid: surf
number of grid points within emin, emax limits =     3312
 maximum grid value before cutoff =         39344770.140
 minimum grid value before cutoff =     -3.067

grid: phil
number of grid points within emin, emax limits =     5071
 maximum grid value before cutoff =         39344720.140
 minimum grid value before cutoff =    -23.930

grid: phob
number of grid points within emin, emax limits =     3900
 maximum grid value before cutoff =         39344785.140
 minimum grid value before cutoff =     -2.201

mod_phobic: phobthresh, philthresh =  -0.250  -3.000
 maximum number of atoms in a sitebox =           8
 boxes, patoms in boxes, empty boxes =       11191        5675        9091
Average phobic potential changed from  -0.777 to  -0.424 for 1296 grid points

number of phobic points =  2966   average phobic score =   0.50
number of philic points =  2105   average philic score =  -3.67

number of qualifying surf grid points =      617

number of qualifying phil grid points =      233

number of qualifying phob grid points =      154

number of qualifying accptr grid points =       55

number of qualifying donor grid points =      162

number of qualifying metal grid points =        0

visgrd volume surf                                                                            
visgrd author sitemap                                                                         
visgrd property name surf                                                                            
visgrd qualifying points   4705
visgrd default map values       1       1.00      2
visgrd number of dims    3
visgrd dimensions         26        26        27
visgrd axis scales      0.700     0.700     0.700

visgrd volume hydrophil                                                                       
visgrd author sitemap                                                                         
visgrd property name phil                                                                            
visgrd qualifying points    233
visgrd default map values       1      -8.00     10
visgrd number of dims    3
visgrd dimensions         26        26        27
visgrd axis scales      0.700     0.700     0.700

visgrd volume hydrophob                                                                       
visgrd author sitemap                                                                         
visgrd property name phob                                                                            
visgrd qualifying points    392
visgrd default map values       1      -0.50     13
visgrd number of dims    3
visgrd dimensions         26        26        27
visgrd axis scales      0.700     0.700     0.700

visgrd volume hbacceptor                                                                      
visgrd author sitemap                                                                         
visgrd property name accptr                                                                          
visgrd qualifying points     55
visgrd default map values       1      -8.00     16
visgrd number of dims    3
visgrd dimensions         26        26        27
visgrd axis scales      0.700     0.700     0.700

visgrd volume hbdonor                                                                         
visgrd author sitemap                                                                         
visgrd property name donor                                                                           
visgrd qualifying points    162
visgrd default map values       1      -8.00      5
visgrd number of dims    3
visgrd dimensions         26        26        27
visgrd axis scales      0.700     0.700     0.700

-- Evaluating site  1 --
Ligand/site-points file: 
Protein coordinates/parameters file: 
extend =   3
 Verbosity flags: F F F F F
all SiteMap grid files will be read
the protein charges will be modified to reduce formal charges and adjust donor/acceptor potentials
protein radii will be modified to allow closer approach to donor and acceptor heteroatoms
phobic areas emphasize enclosed regions and deemphasize exposed regions using alternative method
site-point set will be augmented by including significant nearby points
  threshold for adding phobic points:  -0.500
  threshold for adding philic points:  -8.000
base name for SiteMap grid files: 
 Reusing grid data
reusing site data
Number of protein atoms:    5675
 
phobic grid file reshaped
philic grid file reshaped
donor grid file reshaped
acceptor grid file reshaped
metal grid file reshaped
surf grid file reshaped
 maximum number of atoms in a sitebox =           8


Number of site points   33  first shell   38  higher shells   57   dirscore   0.822
1 vdw  -1.338   phob  -0.397   phil  -2.728   donor  -2.444   acceptor  -0.283   metal   0.000
2               phob  -0.180   phil  -2.302   donor  -0.195   acceptor  -2.106   metal   0.000

SiteScore size   Dscore  volume  exposure enclosure contact  phobic   philic   balance  don/acc
  0.896    44    0.879   199.97    0.683    0.822    1.032    1.251    0.728    1.717    8.625

-- Done with site  1 --

== End SiteMap calculation ==

Wrote 1 sites to "md0_crop395_sph_out.maegz".

Current time: Sun Jan 22 13:37:48 2023
Elapsed time: 0:00:05.56
SiteMap successfully completed.

