--------------------------------------------------------------------------------
JobId          : X299-0-63cd0919
Name           : md0_crop153_coa
Program        : SiteMap
Version        : 2021-4 build 135
Host           : X299
Dir            : /mnt/3a29b482-dac1-4563-be89-d63ad92354e9/cers_modelling/md_sampling_cers_models/charmm_gui_systems/cers2_10pc_chol/sitemaps
HostEntry      : localhost
JobHost        : X299
JobDir         : /scratch/tamir/md0_crop153_coa
JobSchrodinger : /opt/schrodinger2021-4
Commandline    : /opt/schrodinger2021-4/sitemap md0_crop153_coa.in -WAIT
StartTime      : 2023-01-22-11:59:53
--------------------------------------------------------------------------------

== Begin input keywords ==
ADDPHIL  -8.0
ADDPHOB  -0.5
ADDSP  True
COMPRESS  True
CUTOFF  20.0
D2THRESH  3.1
DTHRESH  6.5
DVSCALE  2.5
ENCLOSURE  0.5
EXTEND  3
FAKE  False
FFIELD  OPLS_2005
GRID  0.7
KEEPELEC  False
KEEPVDW  False
KEEPVOLPTS  True
KMAX  3
KMAX2  5
MAPDIST  4.0
MARGIN  6.0
MAXDIST  8.0
MAXSITES  1
MAXVDW  1.1
MINGROUP  3
MODCHARGES  True
MODPHOBIC  3
NEARRES  3.5
NTHRESH  3
PROT  md0_crop153.mae
R2THRESH  4.1
REPORTSIZE  10
ROUND  False
RTHRESH  5.0
VERBOSITY  0
WRITEGRIDS  False
WRITEPOT  False
WRITESTRUCTS  True
WRITEVIS  True
XCENT  57.47499942779541
XRANGE  10.0
YCENT  45.19999980926514
YRANGE  10.0
ZCENT  74.97249603271484
ZRANGE  10.0
== End input keywords ==

== Begin single-receptor SiteMap calculation ==

-- Begin site search --
 Parameters for this calculation:
 sitecut =  0.500000000000000     
 sitescmin =   1.10000000000000     
 afactor =   1.00000000000000     
 bfactor =   1.00000000000000     
 imaxsite =           8
 ithresh =           3
 mingroup =           3
 kmax =           3
 kmax2 =           5
 r2thresh =   4.10000000000000     
 dvscale =   2.50000000000000     
 dvscnorm =   2.50000000000000     
 dvscbig =   2.50000000000000     
 border =   2.00000000000000     
 dthresh =   6.50000000000000     
 rthresh =   5.00000000000000     
 maxgroup =         100
 r2thresh =   4.10000000000000     
 nthresh =           3
 ndir =         110
 use_vdw = T
 repname = none
 repsize =          10
 maxrep =           1
 sitelis = sites.lis
 profile = none
 sitelig = none
 siteasl = none
 use_sitelig =  F
 sitebox =  -999.000000000000     
 writepdb =  F
 number of protein atoms =        5675
Starting findsites:  Sunday, January 22 2023, at 11:59:56 IST
ptypes obtained:  Sunday, January 22 2023, at 11:59:57 IST
lj parameters obtained:  Sunday, January 22 2023, at 11:59:57 IST
Basic parameters obtained:  Sunday, January 22 2023, at 11:59:57 IST
Receptor parameterization completed:  Sunday, January 22 2023, at 11:59:57 IST
 scaled value of sitecut =   55.0000000000000     
 sphere directions set up         110
Sunday, January 22 2023, at 11:59:57 IST
 FINDSITE will use user-specified box
Centroid of box:  57.475  45.200  74.972
 boundaries   52.4749994277954        62.4749994277954     
   40.1999998092651        50.1999998092651        69.9724960327148     
   79.9724960327148     
 box          10          10          10
 maximum number of atoms in a sitebox =           7
Site points found:  Sunday, January 22 2023, at 11:59:57 IST
 boxes, patoms in boxes, empty boxes =         125         250          35
 total, outside sites =        1000         147
Site points pruned:  Sunday, January 22 2023, at 11:59:57 IST
final goodsites =        34
         4 sites will be removed
        30 good sites remain
Number of site groups found =     1

  Group  index  size  score     x       y       z     stdev
    1      1     30    1.36   55.93   47.07   73.75    2.12
Sites linked and merged:  Sunday, January 22 2023, at 11:59:57 IST
 Storing receptor data

Site-finding complete.
Number of sites to map/eval:  1

-- Mapping site  1 --
jobname: md0_crop153_coa_site_1
all SiteMap grid files will be generated
 philic map specified
 phobic map specified
 donor map specified
 acceptor map specified
 metal-ligation map specified
 surface-display map specified
grid margin:     6.00
grid spacing:     0.70
non-bonded cutoff:    20.00
ligand/sitepoints file: 
protein coordinates/parameters file: 
output map/grid files will be written to the current directory
vis files will be written
protein charges will be modified to reduce formal charges and adjust donor/acceptor potentials
protein radii will be modified to allow closer approach to donor and acceptor heteroatoms
phobic areas will be modified to emphasize enclosed regions and to deemphasize exposed regions using alternative method
all input instructions read
 Getting site data
ligand xcm,ycm,zcm,xrange,yrange,zrange 56.975 47.200 73.972  5.000  4.000  4.000

 Reusing receptor data from site-finding stage.

Sitemap: electrostatic+vdw interaction energy
Map field of *enzyme* in region of *inhibitor*

computing site maps ...
grid lim (orig)  48.475  65.475  39.200  55.200  65.972  81.972
grid lim (adj)   48.225  65.725  39.150  55.250  65.922  82.022
grid point counts   26   24   24
total grid points   14976

 5675 receptor atoms read
grid: adjdip
number of grid points within emin, emax limits =    12472
 maximum grid value before cutoff =               -0.141
 minimum grid value before cutoff =   -646.392

philic and phobic grids formed
grid: surf
number of grid points within emin, emax limits =     2511
 maximum grid value before cutoff =         38956821.238
 minimum grid value before cutoff =     -2.847

grid: phil
number of grid points within emin, emax limits =     2622
 maximum grid value before cutoff =         38956771.238
 minimum grid value before cutoff =    -26.314

grid: phob
number of grid points within emin, emax limits =     1233
 maximum grid value before cutoff =         38956836.238
 minimum grid value before cutoff =     -1.842

mod_phobic: phobthresh, philthresh =  -0.250  -3.000
 maximum number of atoms in a sitebox =           9
 boxes, patoms in boxes, empty boxes =       11191        5675        9118
Average phobic potential changed from  -0.817 to  -0.497 for  424 grid points

number of phobic points =   521   average phobic score =   0.77
number of philic points =  2101   average philic score =  -5.93

number of qualifying surf grid points =      400

number of qualifying phil grid points =      566

number of qualifying phob grid points =       68

number of qualifying accptr grid points =      257

number of qualifying donor grid points =      296

number of qualifying metal grid points =        0

visgrd volume surf                                                                            
visgrd author sitemap                                                                         
visgrd property name surf                                                                            
visgrd qualifying points   2081
visgrd default map values       1       1.00      2
visgrd number of dims    3
visgrd dimensions         26        24        24
visgrd axis scales      0.700     0.700     0.700

visgrd volume hydrophil                                                                       
visgrd author sitemap                                                                         
visgrd property name phil                                                                            
visgrd qualifying points    566
visgrd default map values       1      -8.00     10
visgrd number of dims    3
visgrd dimensions         26        24        24
visgrd axis scales      0.700     0.700     0.700

visgrd volume hydrophob                                                                       
visgrd author sitemap                                                                         
visgrd property name phob                                                                            
visgrd qualifying points    183
visgrd default map values       1      -0.50     13
visgrd number of dims    3
visgrd dimensions         26        24        24
visgrd axis scales      0.700     0.700     0.700

visgrd volume hbacceptor                                                                      
visgrd author sitemap                                                                         
visgrd property name accptr                                                                          
visgrd qualifying points    257
visgrd default map values       1      -8.00     16
visgrd number of dims    3
visgrd dimensions         26        24        24
visgrd axis scales      0.700     0.700     0.700

visgrd volume hbdonor                                                                         
visgrd author sitemap                                                                         
visgrd property name donor                                                                           
visgrd qualifying points    296
visgrd default map values       1      -8.00      5
visgrd number of dims    3
visgrd dimensions         26        24        24
visgrd axis scales      0.700     0.700     0.700

-- Evaluating site  1 --
Ligand/site-points file: 
Protein coordinates/parameters file: 
extend =   3
 Verbosity flags: F F F F F
all SiteMap grid files will be read
the protein charges will be modified to reduce formal charges and adjust donor/acceptor potentials
protein radii will be modified to allow closer approach to donor and acceptor heteroatoms
phobic areas emphasize enclosed regions and deemphasize exposed regions using alternative method
site-point set will be augmented by including significant nearby points
  threshold for adding phobic points:  -0.500
  threshold for adding philic points:  -8.000
base name for SiteMap grid files: 
 Reusing grid data
reusing site data
Number of protein atoms:    5675
 
phobic grid file reshaped
philic grid file reshaped
donor grid file reshaped
acceptor grid file reshaped
metal grid file reshaped
surf grid file reshaped
 maximum number of atoms in a sitebox =           9


Number of site points   30  first shell   55  higher shells   68   dirscore   0.894
1 vdw  -1.463   phob  -0.214   phil  -5.350   donor  -2.422   acceptor  -2.927   metal   0.000
2               phob  -0.082   phil  -5.181   donor  -2.503   acceptor  -2.678   metal   0.000

SiteScore size   Dscore  volume  exposure enclosure contact  phobic   philic   balance  don/acc
  0.998    67    0.840   237.36    0.647    0.894    1.129    0.568    1.428    0.398    0.827

-- Done with site  1 --

== End SiteMap calculation ==

Wrote 1 sites to "md0_crop153_coa_out.maegz".

Current time: Sun Jan 22 11:59:58 2023
Elapsed time: 0:00:04.54
SiteMap successfully completed.

