--------------------------------------------------------------------------------
JobId          : X299-0-63cd0efb
Name           : md0_crop214_sph
Program        : SiteMap
Version        : 2021-4 build 135
Host           : X299
Dir            : /mnt/3a29b482-dac1-4563-be89-d63ad92354e9/cers_modelling/md_sampling_cers_models/charmm_gui_systems/cers2_10pc_chol/sitemaps
HostEntry      : localhost
JobHost        : X299
JobDir         : /scratch/tamir/md0_crop214_sph
JobSchrodinger : /opt/schrodinger2021-4
Commandline    : /opt/schrodinger2021-4/sitemap md0_crop214_sph.in -WAIT
StartTime      : 2023-01-22-12:24:59
--------------------------------------------------------------------------------

== Begin input keywords ==
ADDPHIL  -8.0
ADDPHOB  -0.5
ADDSP  True
COMPRESS  True
CUTOFF  20.0
D2THRESH  3.1
DTHRESH  6.5
DVSCALE  2.5
ENCLOSURE  0.5
EXTEND  3
FAKE  False
FFIELD  OPLS_2005
GRID  0.7
KEEPELEC  False
KEEPVDW  False
KEEPVOLPTS  True
KMAX  3
KMAX2  5
MAPDIST  4.0
MARGIN  6.0
MAXDIST  8.0
MAXSITES  1
MAXVDW  1.1
MINGROUP  3
MODCHARGES  True
MODPHOBIC  3
NEARRES  3.5
NTHRESH  3
PROT  md0_crop214.mae
R2THRESH  4.1
REPORTSIZE  10
ROUND  False
RTHRESH  5.0
VERBOSITY  0
WRITEGRIDS  False
WRITEPOT  False
WRITESTRUCTS  True
WRITEVIS  True
XCENT  45.97700119018555
XRANGE  10.0
YCENT  38.66699934005737
YRANGE  10.0
ZCENT  63.13700199127197
ZRANGE  10.0
== End input keywords ==

== Begin single-receptor SiteMap calculation ==

-- Begin site search --
 Parameters for this calculation:
 sitecut =  0.500000000000000     
 sitescmin =   1.10000000000000     
 afactor =   1.00000000000000     
 bfactor =   1.00000000000000     
 imaxsite =           8
 ithresh =           3
 mingroup =           3
 kmax =           3
 kmax2 =           5
 r2thresh =   4.10000000000000     
 dvscale =   2.50000000000000     
 dvscnorm =   2.50000000000000     
 dvscbig =   2.50000000000000     
 border =   2.00000000000000     
 dthresh =   6.50000000000000     
 rthresh =   5.00000000000000     
 maxgroup =         100
 r2thresh =   4.10000000000000     
 nthresh =           3
 ndir =         110
 use_vdw = T
 repname = none
 repsize =          10
 maxrep =           1
 sitelis = sites.lis
 profile = none
 sitelig = none
 siteasl = none
 use_sitelig =  F
 sitebox =  -999.000000000000     
 writepdb =  F
 number of protein atoms =        5676
Starting findsites:  Sunday, January 22 2023, at 12:25:02 IST
ptypes obtained:  Sunday, January 22 2023, at 12:25:03 IST
lj parameters obtained:  Sunday, January 22 2023, at 12:25:03 IST
Basic parameters obtained:  Sunday, January 22 2023, at 12:25:03 IST
Receptor parameterization completed:  Sunday, January 22 2023, at 12:25:03 IST
 scaled value of sitecut =   55.0000000000000     
 sphere directions set up         110
Sunday, January 22 2023, at 12:25:03 IST
 FINDSITE will use user-specified box
Centroid of box:  45.977  38.667  63.137
 boundaries   40.9770011901855        50.9770011901855     
   33.6669993400574        43.6669993400574        58.1370019912720     
   68.1370019912720     
 box          10          10          10
 maximum number of atoms in a sitebox =           6
Site points found:  Sunday, January 22 2023, at 12:25:03 IST
 boxes, patoms in boxes, empty boxes =         125         200          46
 total, outside sites =        1000         288
Site points pruned:  Sunday, January 22 2023, at 12:25:03 IST
final goodsites =        16
         3 sites will be removed
        13 good sites remain
Number of site groups found =     1

  Group  index  size  score     x       y       z     stdev
    1      1     13    1.44   47.76   40.30   63.17    1.68
Sites linked and merged:  Sunday, January 22 2023, at 12:25:03 IST
 Storing receptor data

Site-finding complete.
Number of sites to map/eval:  1

-- Mapping site  1 --
jobname: md0_crop214_sph_site_1
all SiteMap grid files will be generated
 philic map specified
 phobic map specified
 donor map specified
 acceptor map specified
 metal-ligation map specified
 surface-display map specified
grid margin:     6.00
grid spacing:     0.70
non-bonded cutoff:    20.00
ligand/sitepoints file: 
protein coordinates/parameters file: 
output map/grid files will be written to the current directory
vis files will be written
protein charges will be modified to reduce formal charges and adjust donor/acceptor potentials
protein radii will be modified to allow closer approach to donor and acceptor heteroatoms
phobic areas will be modified to emphasize enclosed regions and to deemphasize exposed regions using alternative method
all input instructions read
 Getting site data
ligand xcm,ycm,zcm,xrange,yrange,zrange 47.977 40.167 63.137  4.000  3.000  2.000

 Reusing receptor data from site-finding stage.

Sitemap: electrostatic+vdw interaction energy
Map field of *enzyme* in region of *inhibitor*

computing site maps ...
grid lim (orig)  39.977  55.977  32.667  47.667  56.137  70.137
grid lim (adj)   39.927  56.027  32.467  47.867  55.787  70.487
grid point counts   24   23   22
total grid points   12144

 5676 receptor atoms read
grid: adjdip
number of grid points within emin, emax limits =    10824
 maximum grid value before cutoff =               -0.046
 minimum grid value before cutoff =   -479.317

philic and phobic grids formed
grid: surf
number of grid points within emin, emax limits =     2354
 maximum grid value before cutoff =         46724243.516
 minimum grid value before cutoff =     -2.811

grid: phil
number of grid points within emin, emax limits =     3201
 maximum grid value before cutoff =         46724193.516
 minimum grid value before cutoff =    -26.663

grid: phob
number of grid points within emin, emax limits =     2271
 maximum grid value before cutoff =         46724258.516
 minimum grid value before cutoff =     -2.237

mod_phobic: phobthresh, philthresh =  -0.250  -3.000
 maximum number of atoms in a sitebox =           8
 boxes, patoms in boxes, empty boxes =       12369        5676       10273
Average phobic potential changed from  -0.795 to  -0.462 for 1013 grid points

number of phobic points =  1851   average phobic score =   0.59
number of philic points =  1350   average philic score =  -4.60

number of qualifying surf grid points =      464

number of qualifying phil grid points =      232

number of qualifying phob grid points =      139

number of qualifying accptr grid points =       39

number of qualifying donor grid points =      184

number of qualifying metal grid points =        0

visgrd volume surf                                                                            
visgrd author sitemap                                                                         
visgrd property name surf                                                                            
visgrd qualifying points   2887
visgrd default map values       1       1.00      2
visgrd number of dims    3
visgrd dimensions         24        23        22
visgrd axis scales      0.700     0.700     0.700

visgrd volume hydrophil                                                                       
visgrd author sitemap                                                                         
visgrd property name phil                                                                            
visgrd qualifying points    232
visgrd default map values       1      -8.00     10
visgrd number of dims    3
visgrd dimensions         24        23        22
visgrd axis scales      0.700     0.700     0.700

visgrd volume hydrophob                                                                       
visgrd author sitemap                                                                         
visgrd property name phob                                                                            
visgrd qualifying points    354
visgrd default map values       1      -0.50     13
visgrd number of dims    3
visgrd dimensions         24        23        22
visgrd axis scales      0.700     0.700     0.700

visgrd volume hbacceptor                                                                      
visgrd author sitemap                                                                         
visgrd property name accptr                                                                          
visgrd qualifying points     39
visgrd default map values       1      -8.00     16
visgrd number of dims    3
visgrd dimensions         24        23        22
visgrd axis scales      0.700     0.700     0.700

visgrd volume hbdonor                                                                         
visgrd author sitemap                                                                         
visgrd property name donor                                                                           
visgrd qualifying points    184
visgrd default map values       1      -8.00      5
visgrd number of dims    3
visgrd dimensions         24        23        22
visgrd axis scales      0.700     0.700     0.700

-- Evaluating site  1 --
Ligand/site-points file: 
Protein coordinates/parameters file: 
extend =   3
 Verbosity flags: F F F F F
all SiteMap grid files will be read
the protein charges will be modified to reduce formal charges and adjust donor/acceptor potentials
protein radii will be modified to allow closer approach to donor and acceptor heteroatoms
phobic areas emphasize enclosed regions and deemphasize exposed regions using alternative method
site-point set will be augmented by including significant nearby points
  threshold for adding phobic points:  -0.500
  threshold for adding philic points:  -8.000
base name for SiteMap grid files: 
 Reusing grid data
reusing site data
Number of protein atoms:    5676
 
phobic grid file reshaped
philic grid file reshaped
donor grid file reshaped
acceptor grid file reshaped
metal grid file reshaped
surf grid file reshaped
 maximum number of atoms in a sitebox =           8


Number of site points   13  first shell   19  higher shells   47   dirscore   0.824
1 vdw  -1.435   phob  -0.475   phil  -2.599   donor  -2.225   acceptor  -0.374   metal   0.000
2               phob  -0.222   phil  -2.422   donor  -0.186   acceptor  -2.235   metal   0.000

SiteScore size   Dscore  volume  exposure enclosure contact  phobic   philic   balance  don/acc
  0.792    26    0.748   144.75    0.717    0.824    1.107    1.538    0.694    2.217    5.952

-- Done with site  1 --

== End SiteMap calculation ==

Wrote 1 sites to "md0_crop214_sph_out.maegz".

Current time: Sun Jan 22 12:25:04 2023
Elapsed time: 0:00:04.53
SiteMap successfully completed.

