--------------------------------------------------------------------------------
JobId          : X299-0-63cd2676
Name           : md0_crop463_coa
Program        : SiteMap
Version        : 2021-4 build 135
Host           : X299
Dir            : /mnt/3a29b482-dac1-4563-be89-d63ad92354e9/cers_modelling/md_sampling_cers_models/charmm_gui_systems/cers2_10pc_chol/sitemaps
HostEntry      : localhost
JobHost        : X299
JobDir         : /scratch/tamir/md0_crop463_coa
JobSchrodinger : /opt/schrodinger2021-4
Commandline    : /opt/schrodinger2021-4/sitemap md0_crop463_coa.in -WAIT
StartTime      : 2023-01-22-14:05:10
--------------------------------------------------------------------------------

== Begin input keywords ==
ADDPHIL  -8.0
ADDPHOB  -0.5
ADDSP  True
COMPRESS  True
CUTOFF  20.0
D2THRESH  3.1
DTHRESH  6.5
DVSCALE  2.5
ENCLOSURE  0.5
EXTEND  3
FAKE  False
FFIELD  OPLS_2005
GRID  0.7
KEEPELEC  False
KEEPVDW  False
KEEPVOLPTS  True
KMAX  3
KMAX2  5
MAPDIST  4.0
MARGIN  6.0
MAXDIST  8.0
MAXSITES  1
MAXVDW  1.1
MINGROUP  3
MODCHARGES  True
MODPHOBIC  3
NEARRES  3.5
NTHRESH  3
PROT  md0_crop463.mae
R2THRESH  4.1
REPORTSIZE  10
ROUND  False
RTHRESH  5.0
VERBOSITY  0
WRITEGRIDS  False
WRITEPOT  False
WRITESTRUCTS  True
WRITEVIS  True
XCENT  56.89699649810791
XRANGE  10.0
YCENT  45.89950084686279
YRANGE  10.0
ZCENT  77.71650314331055
ZRANGE  10.0
== End input keywords ==

== Begin single-receptor SiteMap calculation ==

-- Begin site search --
 Parameters for this calculation:
 sitecut =  0.500000000000000     
 sitescmin =   1.10000000000000     
 afactor =   1.00000000000000     
 bfactor =   1.00000000000000     
 imaxsite =           8
 ithresh =           3
 mingroup =           3
 kmax =           3
 kmax2 =           5
 r2thresh =   4.10000000000000     
 dvscale =   2.50000000000000     
 dvscnorm =   2.50000000000000     
 dvscbig =   2.50000000000000     
 border =   2.00000000000000     
 dthresh =   6.50000000000000     
 rthresh =   5.00000000000000     
 maxgroup =         100
 r2thresh =   4.10000000000000     
 nthresh =           3
 ndir =         110
 use_vdw = T
 repname = none
 repsize =          10
 maxrep =           1
 sitelis = sites.lis
 profile = none
 sitelig = none
 siteasl = none
 use_sitelig =  F
 sitebox =  -999.000000000000     
 writepdb =  F
 number of protein atoms =        5676
Starting findsites:  Sunday, January 22 2023, at 14:05:13 IST
ptypes obtained:  Sunday, January 22 2023, at 14:05:13 IST
lj parameters obtained:  Sunday, January 22 2023, at 14:05:13 IST
Basic parameters obtained:  Sunday, January 22 2023, at 14:05:13 IST
Receptor parameterization completed:  Sunday, January 22 2023, at 14:05:13 IST
 scaled value of sitecut =   55.0000000000000     
 sphere directions set up         110
Sunday, January 22 2023, at 14:05:13 IST
 FINDSITE will use user-specified box
Centroid of box:  56.897  45.900  77.717
 boundaries   51.8969964981079        61.8969964981079     
   40.8995008468628        50.8995008468628        72.7165031433105     
   82.7165031433105     
 box          10          10          10
 maximum number of atoms in a sitebox =           6
Site points found:  Sunday, January 22 2023, at 14:05:13 IST
 boxes, patoms in boxes, empty boxes =         125         251          29
 total, outside sites =        1000         104
Site points pruned:  Sunday, January 22 2023, at 14:05:13 IST
final goodsites =        23
         5 sites will be removed
        18 good sites remain
Number of site groups found =     1

  Group  index  size  score     x       y       z     stdev
    1      1     18    1.49   54.96   48.04   75.27    1.54
Sites linked and merged:  Sunday, January 22 2023, at 14:05:13 IST
 Storing receptor data

Site-finding complete.
Number of sites to map/eval:  1

-- Mapping site  1 --
jobname: md0_crop463_coa_site_1
all SiteMap grid files will be generated
 philic map specified
 phobic map specified
 donor map specified
 acceptor map specified
 metal-ligation map specified
 surface-display map specified
grid margin:     6.00
grid spacing:     0.70
non-bonded cutoff:    20.00
ligand/sitepoints file: 
protein coordinates/parameters file: 
output map/grid files will be written to the current directory
vis files will be written
protein charges will be modified to reduce formal charges and adjust donor/acceptor potentials
protein radii will be modified to allow closer approach to donor and acceptor heteroatoms
phobic areas will be modified to emphasize enclosed regions and to deemphasize exposed regions using alternative method
all input instructions read
 Getting site data
ligand xcm,ycm,zcm,xrange,yrange,zrange 55.397 47.900 75.217  3.000  2.000  3.000

 Reusing receptor data from site-finding stage.

Sitemap: electrostatic+vdw interaction energy
Map field of *enzyme* in region of *inhibitor*

computing site maps ...
grid lim (orig)  47.897  62.897  40.900  54.900  67.717  82.717
grid lim (adj)   47.697  63.097  40.550  55.250  67.517  82.917
grid point counts   23   22   23
total grid points   11638

 5676 receptor atoms read
grid: adjdip
number of grid points within emin, emax limits =     9400
 maximum grid value before cutoff =               -0.088
 minimum grid value before cutoff =   -649.019

philic and phobic grids formed
grid: surf
number of grid points within emin, emax limits =     2138
 maximum grid value before cutoff =         39694898.144
 minimum grid value before cutoff =     -2.830

grid: phil
number of grid points within emin, emax limits =     1710
 maximum grid value before cutoff =         39694848.144
 minimum grid value before cutoff =    -24.926

grid: phob
number of grid points within emin, emax limits =      698
 maximum grid value before cutoff =         39694913.144
 minimum grid value before cutoff =     -1.777

mod_phobic: phobthresh, philthresh =  -0.250  -3.000
 maximum number of atoms in a sitebox =           8
 boxes, patoms in boxes, empty boxes =       11571        5676        9470
Average phobic potential changed from  -0.813 to  -0.511 for  219 grid points

number of phobic points =   383   average phobic score =   0.81
number of philic points =  1327   average philic score =  -6.53

number of qualifying surf grid points =      321

number of qualifying phil grid points =      428

number of qualifying phob grid points =       46

number of qualifying accptr grid points =      201

number of qualifying donor grid points =      216

number of qualifying metal grid points =        0

visgrd volume surf                                                                            
visgrd author sitemap                                                                         
visgrd property name surf                                                                            
visgrd qualifying points   1225
visgrd default map values       1       1.00      2
visgrd number of dims    3
visgrd dimensions         23        22        23
visgrd axis scales      0.700     0.700     0.700

visgrd volume hydrophil                                                                       
visgrd author sitemap                                                                         
visgrd property name phil                                                                            
visgrd qualifying points    428
visgrd default map values       1      -8.00     10
visgrd number of dims    3
visgrd dimensions         23        22        23
visgrd axis scales      0.700     0.700     0.700

visgrd volume hydrophob                                                                       
visgrd author sitemap                                                                         
visgrd property name phob                                                                            
visgrd qualifying points     88
visgrd default map values       1      -0.50     13
visgrd number of dims    3
visgrd dimensions         23        22        23
visgrd axis scales      0.700     0.700     0.700

visgrd volume hbacceptor                                                                      
visgrd author sitemap                                                                         
visgrd property name accptr                                                                          
visgrd qualifying points    201
visgrd default map values       1      -8.00     16
visgrd number of dims    3
visgrd dimensions         23        22        23
visgrd axis scales      0.700     0.700     0.700

visgrd volume hbdonor                                                                         
visgrd author sitemap                                                                         
visgrd property name donor                                                                           
visgrd qualifying points    216
visgrd default map values       1      -8.00      5
visgrd number of dims    3
visgrd dimensions         23        22        23
visgrd axis scales      0.700     0.700     0.700

-- Evaluating site  1 --
Ligand/site-points file: 
Protein coordinates/parameters file: 
extend =   3
 Verbosity flags: F F F F F
all SiteMap grid files will be read
the protein charges will be modified to reduce formal charges and adjust donor/acceptor potentials
protein radii will be modified to allow closer approach to donor and acceptor heteroatoms
phobic areas emphasize enclosed regions and deemphasize exposed regions using alternative method
site-point set will be augmented by including significant nearby points
  threshold for adding phobic points:  -0.500
  threshold for adding philic points:  -8.000
base name for SiteMap grid files: 
 Reusing grid data
reusing site data
Number of protein atoms:    5676
 
phobic grid file reshaped
philic grid file reshaped
donor grid file reshaped
acceptor grid file reshaped
metal grid file reshaped
surf grid file reshaped
 maximum number of atoms in a sitebox =           8


Number of site points   18  first shell   34  higher shells   54   dirscore   0.919
1 vdw  -1.582   phob  -0.269   phil  -5.165   donor  -2.057   acceptor  -3.109   metal   0.000
2               phob  -0.072   phil  -4.886   donor  -2.648   acceptor  -2.237   metal   0.000

SiteScore size   Dscore  volume  exposure enclosure contact  phobic   philic   balance  don/acc
  0.866    38    0.681   154.01    0.698    0.919    1.220    0.497    1.379    0.361    0.662

-- Done with site  1 --

== End SiteMap calculation ==

Wrote 1 sites to "md0_crop463_coa_out.maegz".

Current time: Sun Jan 22 14:05:15 2023
Elapsed time: 0:00:04.10
SiteMap successfully completed.

