--------------------------------------------------------------------------------
JobId          : X299-0-63cd1de2
Name           : md0_crop373_coa
Program        : SiteMap
Version        : 2021-4 build 135
Host           : X299
Dir            : /mnt/3a29b482-dac1-4563-be89-d63ad92354e9/cers_modelling/md_sampling_cers_models/charmm_gui_systems/cers2_10pc_chol/sitemaps
HostEntry      : localhost
JobHost        : X299
JobDir         : /scratch/tamir/md0_crop373_coa
JobSchrodinger : /opt/schrodinger2021-4
Commandline    : /opt/schrodinger2021-4/sitemap md0_crop373_coa.in -WAIT
StartTime      : 2023-01-22-13:28:34
--------------------------------------------------------------------------------

== Begin input keywords ==
ADDPHIL  -8.0
ADDPHOB  -0.5
ADDSP  True
COMPRESS  True
CUTOFF  20.0
D2THRESH  3.1
DTHRESH  6.5
DVSCALE  2.5
ENCLOSURE  0.5
EXTEND  3
FAKE  False
FFIELD  OPLS_2005
GRID  0.7
KEEPELEC  False
KEEPVDW  False
KEEPVOLPTS  True
KMAX  3
KMAX2  5
MAPDIST  4.0
MARGIN  6.0
MAXDIST  8.0
MAXSITES  1
MAXVDW  1.1
MINGROUP  3
MODCHARGES  True
MODPHOBIC  3
NEARRES  3.5
NTHRESH  3
PROT  md0_crop373.mae
R2THRESH  4.1
REPORTSIZE  10
ROUND  False
RTHRESH  5.0
VERBOSITY  0
WRITEGRIDS  False
WRITEPOT  False
WRITESTRUCTS  True
WRITEVIS  True
XCENT  56.13800048828125
XRANGE  10.0
YCENT  46.135501861572266
YRANGE  10.0
ZCENT  76.2999963760376
ZRANGE  10.0
== End input keywords ==

== Begin single-receptor SiteMap calculation ==

-- Begin site search --
 Parameters for this calculation:
 sitecut =  0.500000000000000     
 sitescmin =   1.10000000000000     
 afactor =   1.00000000000000     
 bfactor =   1.00000000000000     
 imaxsite =           8
 ithresh =           3
 mingroup =           3
 kmax =           3
 kmax2 =           5
 r2thresh =   4.10000000000000     
 dvscale =   2.50000000000000     
 dvscnorm =   2.50000000000000     
 dvscbig =   2.50000000000000     
 border =   2.00000000000000     
 dthresh =   6.50000000000000     
 rthresh =   5.00000000000000     
 maxgroup =         100
 r2thresh =   4.10000000000000     
 nthresh =           3
 ndir =         110
 use_vdw = T
 repname = none
 repsize =          10
 maxrep =           1
 sitelis = sites.lis
 profile = none
 sitelig = none
 siteasl = none
 use_sitelig =  F
 sitebox =  -999.000000000000     
 writepdb =  F
 number of protein atoms =        5674
Starting findsites:  Sunday, January 22 2023, at 13:28:37 IST
ptypes obtained:  Sunday, January 22 2023, at 13:28:38 IST
lj parameters obtained:  Sunday, January 22 2023, at 13:28:38 IST
Basic parameters obtained:  Sunday, January 22 2023, at 13:28:38 IST
Receptor parameterization completed:  Sunday, January 22 2023, at 13:28:38 IST
 scaled value of sitecut =   55.0000000000000     
 sphere directions set up         110
Sunday, January 22 2023, at 13:28:38 IST
 FINDSITE will use user-specified box
Centroid of box:  56.138  46.136  76.300
 boundaries   51.1380004882812        61.1380004882812     
   41.1355018615723        51.1355018615723        71.2999963760376     
   81.2999963760376     
 box          10          10          10
 maximum number of atoms in a sitebox =           5
Site points found:  Sunday, January 22 2023, at 13:28:38 IST
 boxes, patoms in boxes, empty boxes =         125         236          28
 total, outside sites =        1000         145
Site points pruned:  Sunday, January 22 2023, at 13:28:38 IST
final goodsites =        22
         4 sites will be removed
        18 good sites remain
Number of site groups found =     1

  Group  index  size  score     x       y       z     stdev
    1      1     18    1.44   54.63   47.63   74.08    1.46
Sites linked and merged:  Sunday, January 22 2023, at 13:28:38 IST
 Storing receptor data

Site-finding complete.
Number of sites to map/eval:  1

-- Mapping site  1 --
jobname: md0_crop373_coa_site_1
all SiteMap grid files will be generated
 philic map specified
 phobic map specified
 donor map specified
 acceptor map specified
 metal-ligation map specified
 surface-display map specified
grid margin:     6.00
grid spacing:     0.70
non-bonded cutoff:    20.00
ligand/sitepoints file: 
protein coordinates/parameters file: 
output map/grid files will be written to the current directory
vis files will be written
protein charges will be modified to reduce formal charges and adjust donor/acceptor potentials
protein radii will be modified to allow closer approach to donor and acceptor heteroatoms
phobic areas will be modified to emphasize enclosed regions and to deemphasize exposed regions using alternative method
all input instructions read
 Getting site data
ligand xcm,ycm,zcm,xrange,yrange,zrange 55.138 47.136 74.300  4.000  2.000  2.000

 Reusing receptor data from site-finding stage.

Sitemap: electrostatic+vdw interaction energy
Map field of *enzyme* in region of *inhibitor*

computing site maps ...
grid lim (orig)  47.138  63.138  40.136  54.136  67.300  81.300
grid lim (adj)   47.088  63.188  39.786  54.486  66.950  81.650
grid point counts   24   22   22
total grid points   11616

 5674 receptor atoms read
grid: adjdip
number of grid points within emin, emax limits =     9621
 maximum grid value before cutoff =               -0.205
 minimum grid value before cutoff =   -685.189

philic and phobic grids formed
grid: surf
number of grid points within emin, emax limits =     2256
 maximum grid value before cutoff =         45725203.779
 minimum grid value before cutoff =     -2.910

grid: phil
number of grid points within emin, emax limits =     1970
 maximum grid value before cutoff =         45725153.779
 minimum grid value before cutoff =    -28.219

grid: phob
number of grid points within emin, emax limits =      748
 maximum grid value before cutoff =         45725218.779
 minimum grid value before cutoff =     -1.996

mod_phobic: phobthresh, philthresh =  -0.250  -3.000
 maximum number of atoms in a sitebox =           9
 boxes, patoms in boxes, empty boxes =       10469        5674        8374
Average phobic potential changed from  -0.851 to  -0.562 for  207 grid points

number of phobic points =   295   average phobic score =   0.86
number of philic points =  1675   average philic score =  -6.22

number of qualifying surf grid points =      349

number of qualifying phil grid points =      478

number of qualifying phob grid points =       60

number of qualifying accptr grid points =      178

number of qualifying donor grid points =      290

number of qualifying metal grid points =        0

visgrd volume surf                                                                            
visgrd author sitemap                                                                         
visgrd property name surf                                                                            
visgrd qualifying points   1444
visgrd default map values       1       1.00      2
visgrd number of dims    3
visgrd dimensions         24        22        22
visgrd axis scales      0.700     0.700     0.700

visgrd volume hydrophil                                                                       
visgrd author sitemap                                                                         
visgrd property name phil                                                                            
visgrd qualifying points    478
visgrd default map values       1      -8.00     10
visgrd number of dims    3
visgrd dimensions         24        22        22
visgrd axis scales      0.700     0.700     0.700

visgrd volume hydrophob                                                                       
visgrd author sitemap                                                                         
visgrd property name phob                                                                            
visgrd qualifying points    113
visgrd default map values       1      -0.50     13
visgrd number of dims    3
visgrd dimensions         24        22        22
visgrd axis scales      0.700     0.700     0.700

visgrd volume hbacceptor                                                                      
visgrd author sitemap                                                                         
visgrd property name accptr                                                                          
visgrd qualifying points    178
visgrd default map values       1      -8.00     16
visgrd number of dims    3
visgrd dimensions         24        22        22
visgrd axis scales      0.700     0.700     0.700

visgrd volume hbdonor                                                                         
visgrd author sitemap                                                                         
visgrd property name donor                                                                           
visgrd qualifying points    290
visgrd default map values       1      -8.00      5
visgrd number of dims    3
visgrd dimensions         24        22        22
visgrd axis scales      0.700     0.700     0.700

-- Evaluating site  1 --
Ligand/site-points file: 
Protein coordinates/parameters file: 
extend =   3
 Verbosity flags: F F F F F
all SiteMap grid files will be read
the protein charges will be modified to reduce formal charges and adjust donor/acceptor potentials
protein radii will be modified to allow closer approach to donor and acceptor heteroatoms
phobic areas emphasize enclosed regions and deemphasize exposed regions using alternative method
site-point set will be augmented by including significant nearby points
  threshold for adding phobic points:  -0.500
  threshold for adding philic points:  -8.000
base name for SiteMap grid files: 
 Reusing grid data
reusing site data
Number of protein atoms:    5674
 
phobic grid file reshaped
philic grid file reshaped
donor grid file reshaped
acceptor grid file reshaped
metal grid file reshaped
surf grid file reshaped
 maximum number of atoms in a sitebox =           9


Number of site points   18  first shell   35  higher shells   67   dirscore   0.902
1 vdw  -1.539   phob  -0.388   phil  -3.878   donor  -2.191   acceptor  -1.687   metal   0.000
2               phob  -0.117   phil  -3.840   donor  -1.563   acceptor  -2.277   metal   0.000

SiteScore size   Dscore  volume  exposure enclosure contact  phobic   philic   balance  don/acc
  0.874    41    0.805   169.78    0.713    0.902    1.188    0.811    1.036    0.783    1.298

-- Done with site  1 --

== End SiteMap calculation ==

Wrote 1 sites to "md0_crop373_coa_out.maegz".

Current time: Sun Jan 22 13:28:39 2023
Elapsed time: 0:00:04.06
SiteMap successfully completed.

