--------------------------------------------------------------------------------
JobId          : X299-0-63cd2b95
Name           : md0_crop53_coa
Program        : SiteMap
Version        : 2021-4 build 135
Host           : X299
Dir            : /mnt/3a29b482-dac1-4563-be89-d63ad92354e9/cers_modelling/md_sampling_cers_models/charmm_gui_systems/cers2_10pc_chol/sitemaps
HostEntry      : localhost
JobHost        : X299
JobDir         : /scratch/tamir/md0_crop53_coa
JobSchrodinger : /opt/schrodinger2021-4
Commandline    : /opt/schrodinger2021-4/sitemap md0_crop53_coa.in -WAIT
StartTime      : 2023-01-22-14:27:01
--------------------------------------------------------------------------------

== Begin input keywords ==
ADDPHIL  -8.0
ADDPHOB  -0.5
ADDSP  True
COMPRESS  True
CUTOFF  20.0
D2THRESH  3.1
DTHRESH  6.5
DVSCALE  2.5
ENCLOSURE  0.5
EXTEND  3
FAKE  False
FFIELD  OPLS_2005
GRID  0.7
KEEPELEC  False
KEEPVDW  False
KEEPVOLPTS  True
KMAX  3
KMAX2  5
MAPDIST  4.0
MARGIN  6.0
MAXDIST  8.0
MAXSITES  1
MAXVDW  1.1
MINGROUP  3
MODCHARGES  True
MODPHOBIC  3
NEARRES  3.5
NTHRESH  3
PROT  md0_crop53.mae
R2THRESH  4.1
REPORTSIZE  10
ROUND  False
RTHRESH  5.0
VERBOSITY  0
WRITEGRIDS  False
WRITEPOT  False
WRITESTRUCTS  True
WRITEVIS  True
XCENT  58.49799633026123
XRANGE  10.0
YCENT  45.73800086975098
YRANGE  10.0
ZCENT  75.14649868011475
ZRANGE  10.0
== End input keywords ==

== Begin single-receptor SiteMap calculation ==

-- Begin site search --
 Parameters for this calculation:
 sitecut =  0.500000000000000     
 sitescmin =   1.10000000000000     
 afactor =   1.00000000000000     
 bfactor =   1.00000000000000     
 imaxsite =           8
 ithresh =           3
 mingroup =           3
 kmax =           3
 kmax2 =           5
 r2thresh =   4.10000000000000     
 dvscale =   2.50000000000000     
 dvscnorm =   2.50000000000000     
 dvscbig =   2.50000000000000     
 border =   2.00000000000000     
 dthresh =   6.50000000000000     
 rthresh =   5.00000000000000     
 maxgroup =         100
 r2thresh =   4.10000000000000     
 nthresh =           3
 ndir =         110
 use_vdw = T
 repname = none
 repsize =          10
 maxrep =           1
 sitelis = sites.lis
 profile = none
 sitelig = none
 siteasl = none
 use_sitelig =  F
 sitebox =  -999.000000000000     
 writepdb =  F
 number of protein atoms =        5675
Starting findsites:  Sunday, January 22 2023, at 14:27:05 IST
ptypes obtained:  Sunday, January 22 2023, at 14:27:06 IST
lj parameters obtained:  Sunday, January 22 2023, at 14:27:06 IST
Basic parameters obtained:  Sunday, January 22 2023, at 14:27:06 IST
Receptor parameterization completed:  Sunday, January 22 2023, at 14:27:06 IST
 scaled value of sitecut =   55.0000000000000     
 sphere directions set up         110
Sunday, January 22 2023, at 14:27:06 IST
 FINDSITE will use user-specified box
Centroid of box:  58.498  45.738  75.146
 boundaries   53.4979963302612        63.4979963302612     
   40.7380008697510        50.7380008697510        70.1464986801147     
   80.1464986801147     
 box          10          10          10
 maximum number of atoms in a sitebox =           7
Site points found:  Sunday, January 22 2023, at 14:27:06 IST
 boxes, patoms in boxes, empty boxes =         125         241          39
 total, outside sites =        1000         208
Site points pruned:  Sunday, January 22 2023, at 14:27:06 IST
final goodsites =        25
         2 sites will be removed
        23 good sites remain
Number of site groups found =     1

  Group  index  size  score     x       y       z     stdev
    1      1     23    1.40   56.83   46.12   73.79    1.87
Sites linked and merged:  Sunday, January 22 2023, at 14:27:06 IST
 Storing receptor data

Site-finding complete.
Number of sites to map/eval:  1

-- Mapping site  1 --
jobname: md0_crop53_coa_site_1
all SiteMap grid files will be generated
 philic map specified
 phobic map specified
 donor map specified
 acceptor map specified
 metal-ligation map specified
 surface-display map specified
grid margin:     6.00
grid spacing:     0.70
non-bonded cutoff:    20.00
ligand/sitepoints file: 
protein coordinates/parameters file: 
output map/grid files will be written to the current directory
vis files will be written
protein charges will be modified to reduce formal charges and adjust donor/acceptor potentials
protein radii will be modified to allow closer approach to donor and acceptor heteroatoms
phobic areas will be modified to emphasize enclosed regions and to deemphasize exposed regions using alternative method
all input instructions read
 Getting site data
ligand xcm,ycm,zcm,xrange,yrange,zrange 56.998 46.738 74.146  3.000  4.000  4.000

 Reusing receptor data from site-finding stage.

Sitemap: electrostatic+vdw interaction energy
Map field of *enzyme* in region of *inhibitor*

computing site maps ...
grid lim (orig)  49.498  64.498  38.738  54.738  66.146  82.146
grid lim (adj)   49.298  64.698  38.688  54.788  66.096  82.196
grid point counts   23   24   24
total grid points   13248

 5675 receptor atoms read
grid: adjdip
number of grid points within emin, emax limits =    11098
 maximum grid value before cutoff =               -0.208
 minimum grid value before cutoff =   -806.600

philic and phobic grids formed
grid: surf
number of grid points within emin, emax limits =     2572
 maximum grid value before cutoff =         35738964.758
 minimum grid value before cutoff =     -3.043

grid: phil
number of grid points within emin, emax limits =     2602
 maximum grid value before cutoff =         35738914.758
 minimum grid value before cutoff =    -26.603

grid: phob
number of grid points within emin, emax limits =     1096
 maximum grid value before cutoff =         35738979.758
 minimum grid value before cutoff =     -2.181

mod_phobic: phobthresh, philthresh =  -0.250  -3.000
 maximum number of atoms in a sitebox =           8
 boxes, patoms in boxes, empty boxes =       12369        5675       10271
Average phobic potential changed from  -0.861 to  -0.561 for  269 grid points

number of phobic points =   350   average phobic score =   0.89
number of philic points =  2252   average philic score =  -5.95

number of qualifying surf grid points =      425

number of qualifying phil grid points =      564

number of qualifying phob grid points =       58

number of qualifying accptr grid points =      277

number of qualifying donor grid points =      272

number of qualifying metal grid points =        0

visgrd volume surf                                                                            
visgrd author sitemap                                                                         
visgrd property name surf                                                                            
visgrd qualifying points   2023
visgrd default map values       1       1.00      2
visgrd number of dims    3
visgrd dimensions         23        24        24
visgrd axis scales      0.700     0.700     0.700

visgrd volume hydrophil                                                                       
visgrd author sitemap                                                                         
visgrd property name phil                                                                            
visgrd qualifying points    564
visgrd default map values       1      -8.00     10
visgrd number of dims    3
visgrd dimensions         23        24        24
visgrd axis scales      0.700     0.700     0.700

visgrd volume hydrophob                                                                       
visgrd author sitemap                                                                         
visgrd property name phob                                                                            
visgrd qualifying points    131
visgrd default map values       1      -0.50     13
visgrd number of dims    3
visgrd dimensions         23        24        24
visgrd axis scales      0.700     0.700     0.700

visgrd volume hbacceptor                                                                      
visgrd author sitemap                                                                         
visgrd property name accptr                                                                          
visgrd qualifying points    277
visgrd default map values       1      -8.00     16
visgrd number of dims    3
visgrd dimensions         23        24        24
visgrd axis scales      0.700     0.700     0.700

visgrd volume hbdonor                                                                         
visgrd author sitemap                                                                         
visgrd property name donor                                                                           
visgrd qualifying points    272
visgrd default map values       1      -8.00      5
visgrd number of dims    3
visgrd dimensions         23        24        24
visgrd axis scales      0.700     0.700     0.700

-- Evaluating site  1 --
Ligand/site-points file: 
Protein coordinates/parameters file: 
extend =   3
 Verbosity flags: F F F F F
all SiteMap grid files will be read
the protein charges will be modified to reduce formal charges and adjust donor/acceptor potentials
protein radii will be modified to allow closer approach to donor and acceptor heteroatoms
phobic areas emphasize enclosed regions and deemphasize exposed regions using alternative method
site-point set will be augmented by including significant nearby points
  threshold for adding phobic points:  -0.500
  threshold for adding philic points:  -8.000
base name for SiteMap grid files: 
 Reusing grid data
reusing site data
Number of protein atoms:    5675
 
phobic grid file reshaped
philic grid file reshaped
donor grid file reshaped
acceptor grid file reshaped
metal grid file reshaped
surf grid file reshaped
 maximum number of atoms in a sitebox =           8


Number of site points   23  first shell   24  higher shells   59   dirscore   0.884
1 vdw  -1.432   phob  -0.138   phil  -5.443   donor  -2.220   acceptor  -3.223   metal   0.000
2               phob  -0.033   phil  -5.397   donor  -2.941   acceptor  -2.456   metal   0.000

SiteScore size   Dscore  volume  exposure enclosure contact  phobic   philic   balance  don/acc
  0.837    37    0.628   224.32    0.692    0.884    1.105    0.232    1.454    0.160    0.689

-- Done with site  1 --

== End SiteMap calculation ==

Wrote 1 sites to "md0_crop53_coa_out.maegz".

Current time: Sun Jan 22 14:27:08 2023
Elapsed time: 0:00:06.08
SiteMap successfully completed.

