--------------------------------------------------------------------------------
JobId          : X299-0-63cd2ca8
Name           : md0_crop5_coa
Program        : SiteMap
Version        : 2021-4 build 135
Host           : X299
Dir            : /mnt/3a29b482-dac1-4563-be89-d63ad92354e9/cers_modelling/md_sampling_cers_models/charmm_gui_systems/cers2_10pc_chol/sitemaps
HostEntry      : localhost
JobHost        : X299
JobDir         : /scratch/tamir/md0_crop5_coa
JobSchrodinger : /opt/schrodinger2021-4
Commandline    : /opt/schrodinger2021-4/sitemap md0_crop5_coa.in -WAIT
StartTime      : 2023-01-22-14:31:36
--------------------------------------------------------------------------------

== Begin input keywords ==
ADDPHIL  -8.0
ADDPHOB  -0.5
ADDSP  True
COMPRESS  True
CUTOFF  20.0
D2THRESH  3.1
DTHRESH  6.5
DVSCALE  2.5
ENCLOSURE  0.5
EXTEND  3
FAKE  False
FFIELD  OPLS_2005
GRID  0.7
KEEPELEC  False
KEEPVDW  False
KEEPVOLPTS  True
KMAX  3
KMAX2  5
MAPDIST  4.0
MARGIN  6.0
MAXDIST  8.0
MAXSITES  1
MAXVDW  1.1
MINGROUP  3
MODCHARGES  True
MODPHOBIC  3
NEARRES  3.5
NTHRESH  3
PROT  md0_crop5.mae
R2THRESH  4.1
REPORTSIZE  10
ROUND  False
RTHRESH  5.0
VERBOSITY  0
WRITEGRIDS  False
WRITEPOT  False
WRITESTRUCTS  True
WRITEVIS  True
XCENT  58.17200183868408
XRANGE  10.0
YCENT  45.72200298309326
YRANGE  10.0
ZCENT  75.51249504089355
ZRANGE  10.0
== End input keywords ==

== Begin single-receptor SiteMap calculation ==

-- Begin site search --
 Parameters for this calculation:
 sitecut =  0.500000000000000     
 sitescmin =   1.10000000000000     
 afactor =   1.00000000000000     
 bfactor =   1.00000000000000     
 imaxsite =           8
 ithresh =           3
 mingroup =           3
 kmax =           3
 kmax2 =           5
 r2thresh =   4.10000000000000     
 dvscale =   2.50000000000000     
 dvscnorm =   2.50000000000000     
 dvscbig =   2.50000000000000     
 border =   2.00000000000000     
 dthresh =   6.50000000000000     
 rthresh =   5.00000000000000     
 maxgroup =         100
 r2thresh =   4.10000000000000     
 nthresh =           3
 ndir =         110
 use_vdw = T
 repname = none
 repsize =          10
 maxrep =           1
 sitelis = sites.lis
 profile = none
 sitelig = none
 siteasl = none
 use_sitelig =  F
 sitebox =  -999.000000000000     
 writepdb =  F
 number of protein atoms =        5677
Starting findsites:  Sunday, January 22 2023, at 14:31:42 IST
ptypes obtained:  Sunday, January 22 2023, at 14:31:42 IST
lj parameters obtained:  Sunday, January 22 2023, at 14:31:42 IST
Basic parameters obtained:  Sunday, January 22 2023, at 14:31:42 IST
Receptor parameterization completed:  Sunday, January 22 2023, at 14:31:42 IST
 scaled value of sitecut =   55.0000000000000     
 sphere directions set up         110
Sunday, January 22 2023, at 14:31:42 IST
 FINDSITE will use user-specified box
Centroid of box:  58.172  45.722  75.512
 boundaries   53.1720018386841        63.1720018386841     
   40.7220029830933        50.7220029830933        70.5124950408936     
   80.5124950408936     
 box          10          10          10
 maximum number of atoms in a sitebox =           6
Site points found:  Sunday, January 22 2023, at 14:31:42 IST
 boxes, patoms in boxes, empty boxes =         125         261          32
 total, outside sites =        1000         133
Site points pruned:  Sunday, January 22 2023, at 14:31:42 IST
final goodsites =        29
         1 sites will be removed
        28 good sites remain
Number of site groups found =     1

  Group  index  size  score     x       y       z     stdev
    1      1     28    1.36   57.68   47.77   73.02    2.00
Sites linked and merged:  Sunday, January 22 2023, at 14:31:42 IST
 Storing receptor data

Site-finding complete.
Number of sites to map/eval:  1

-- Mapping site  1 --
jobname: md0_crop5_coa_site_1
all SiteMap grid files will be generated
 philic map specified
 phobic map specified
 donor map specified
 acceptor map specified
 metal-ligation map specified
 surface-display map specified
grid margin:     6.00
grid spacing:     0.70
non-bonded cutoff:    20.00
ligand/sitepoints file: 
protein coordinates/parameters file: 
output map/grid files will be written to the current directory
vis files will be written
protein charges will be modified to reduce formal charges and adjust donor/acceptor potentials
protein radii will be modified to allow closer approach to donor and acceptor heteroatoms
phobic areas will be modified to emphasize enclosed regions and to deemphasize exposed regions using alternative method
all input instructions read
 Getting site data
ligand xcm,ycm,zcm,xrange,yrange,zrange 58.172 47.722 73.012  6.000  2.000  3.000

 Reusing receptor data from site-finding stage.

Sitemap: electrostatic+vdw interaction energy
Map field of *enzyme* in region of *inhibitor*

computing site maps ...
grid lim (orig)  49.172  67.172  40.722  54.722  65.512  80.512
grid lim (adj)   49.072  67.272  40.372  55.072  65.312  80.712
grid point counts   27   22   23
total grid points   13662

 5677 receptor atoms read
grid: adjdip
number of grid points within emin, emax limits =    11059
 maximum grid value before cutoff =               -0.269
 minimum grid value before cutoff =   -629.473

philic and phobic grids formed
grid: surf
number of grid points within emin, emax limits =     2250
 maximum grid value before cutoff =         50665432.565
 minimum grid value before cutoff =     -2.863

grid: phil
number of grid points within emin, emax limits =     1756
 maximum grid value before cutoff =         50665382.565
 minimum grid value before cutoff =    -33.242

grid: phob
number of grid points within emin, emax limits =      572
 maximum grid value before cutoff =         50665447.565
 minimum grid value before cutoff =     -2.219

mod_phobic: phobthresh, philthresh =  -0.250  -3.000
 maximum number of atoms in a sitebox =           8
 boxes, patoms in boxes, empty boxes =       11067        5677        8973
Average phobic potential changed from  -0.966 to  -0.669 for  203 grid points

number of phobic points =   221   average phobic score =   0.97
number of philic points =  1535   average philic score =  -7.44

number of qualifying surf grid points =      308

number of qualifying phil grid points =      617

number of qualifying phob grid points =       74

number of qualifying accptr grid points =      332

number of qualifying donor grid points =      266

number of qualifying metal grid points =        0

visgrd volume surf                                                                            
visgrd author sitemap                                                                         
visgrd property name surf                                                                            
visgrd qualifying points   1246
visgrd default map values       1       1.00      2
visgrd number of dims    3
visgrd dimensions         27        22        23
visgrd axis scales      0.700     0.700     0.700

visgrd volume hydrophil                                                                       
visgrd author sitemap                                                                         
visgrd property name phil                                                                            
visgrd qualifying points    617
visgrd default map values       1      -8.00     10
visgrd number of dims    3
visgrd dimensions         27        22        23
visgrd axis scales      0.700     0.700     0.700

visgrd volume hydrophob                                                                       
visgrd author sitemap                                                                         
visgrd property name phob                                                                            
visgrd qualifying points    143
visgrd default map values       1      -0.50     13
visgrd number of dims    3
visgrd dimensions         27        22        23
visgrd axis scales      0.700     0.700     0.700

visgrd volume hbacceptor                                                                      
visgrd author sitemap                                                                         
visgrd property name accptr                                                                          
visgrd qualifying points    332
visgrd default map values       1      -8.00     16
visgrd number of dims    3
visgrd dimensions         27        22        23
visgrd axis scales      0.700     0.700     0.700

visgrd volume hbdonor                                                                         
visgrd author sitemap                                                                         
visgrd property name donor                                                                           
visgrd qualifying points    266
visgrd default map values       1      -8.00      5
visgrd number of dims    3
visgrd dimensions         27        22        23
visgrd axis scales      0.700     0.700     0.700

-- Evaluating site  1 --
Ligand/site-points file: 
Protein coordinates/parameters file: 
extend =   3
 Verbosity flags: F F F F F
all SiteMap grid files will be read
the protein charges will be modified to reduce formal charges and adjust donor/acceptor potentials
protein radii will be modified to allow closer approach to donor and acceptor heteroatoms
phobic areas emphasize enclosed regions and deemphasize exposed regions using alternative method
site-point set will be augmented by including significant nearby points
  threshold for adding phobic points:  -0.500
  threshold for adding philic points:  -8.000
base name for SiteMap grid files: 
 Reusing grid data
reusing site data
Number of protein atoms:    5677
 
phobic grid file reshaped
philic grid file reshaped
donor grid file reshaped
acceptor grid file reshaped
metal grid file reshaped
surf grid file reshaped
 maximum number of atoms in a sitebox =           8


Number of site points   28  first shell   41  higher shells   43   dirscore   0.912
1 vdw  -1.501   phob  -0.318   phil  -5.436   donor  -1.303   acceptor  -4.133   metal   0.000
2               phob  -0.164   phil  -5.250   donor  -3.467   acceptor  -1.783   metal   0.000

SiteScore size   Dscore  volume  exposure enclosure contact  phobic   philic   balance  don/acc
  1.010    67    0.844   177.67    0.556    0.912    1.158    1.142    1.451    0.787    0.315

-- Done with site  1 --

== End SiteMap calculation ==

Wrote 1 sites to "md0_crop5_coa_out.maegz".

Current time: Sun Jan 22 14:31:45 2023
Elapsed time: 0:00:07.20
SiteMap successfully completed.

