--------------------------------------------------------------------------------
JobId          : X299-0-63cd2777
Name           : md0_crop474_coa
Program        : SiteMap
Version        : 2021-4 build 135
Host           : X299
Dir            : /mnt/3a29b482-dac1-4563-be89-d63ad92354e9/cers_modelling/md_sampling_cers_models/charmm_gui_systems/cers2_10pc_chol/sitemaps
HostEntry      : localhost
JobHost        : X299
JobDir         : /scratch/tamir/md0_crop474_coa
JobSchrodinger : /opt/schrodinger2021-4
Commandline    : /opt/schrodinger2021-4/sitemap md0_crop474_coa.in -WAIT
StartTime      : 2023-01-22-14:09:27
--------------------------------------------------------------------------------

== Begin input keywords ==
ADDPHIL  -8.0
ADDPHOB  -0.5
ADDSP  True
COMPRESS  True
CUTOFF  20.0
D2THRESH  3.1
DTHRESH  6.5
DVSCALE  2.5
ENCLOSURE  0.5
EXTEND  3
FAKE  False
FFIELD  OPLS_2005
GRID  0.7
KEEPELEC  False
KEEPVDW  False
KEEPVOLPTS  True
KMAX  3
KMAX2  5
MAPDIST  4.0
MARGIN  6.0
MAXDIST  8.0
MAXSITES  1
MAXVDW  1.1
MINGROUP  3
MODCHARGES  True
MODPHOBIC  3
NEARRES  3.5
NTHRESH  3
PROT  md0_crop474.mae
R2THRESH  4.1
REPORTSIZE  10
ROUND  False
RTHRESH  5.0
VERBOSITY  0
WRITEGRIDS  False
WRITEPOT  False
WRITESTRUCTS  True
WRITEVIS  True
XCENT  56.97150230407715
XRANGE  10.0
YCENT  46.49649620056152
YRANGE  10.0
ZCENT  75.81900119781494
ZRANGE  10.0
== End input keywords ==

== Begin single-receptor SiteMap calculation ==

-- Begin site search --
 Parameters for this calculation:
 sitecut =  0.500000000000000     
 sitescmin =   1.10000000000000     
 afactor =   1.00000000000000     
 bfactor =   1.00000000000000     
 imaxsite =           8
 ithresh =           3
 mingroup =           3
 kmax =           3
 kmax2 =           5
 r2thresh =   4.10000000000000     
 dvscale =   2.50000000000000     
 dvscnorm =   2.50000000000000     
 dvscbig =   2.50000000000000     
 border =   2.00000000000000     
 dthresh =   6.50000000000000     
 rthresh =   5.00000000000000     
 maxgroup =         100
 r2thresh =   4.10000000000000     
 nthresh =           3
 ndir =         110
 use_vdw = T
 repname = none
 repsize =          10
 maxrep =           1
 sitelis = sites.lis
 profile = none
 sitelig = none
 siteasl = none
 use_sitelig =  F
 sitebox =  -999.000000000000     
 writepdb =  F
 number of protein atoms =        5675
Starting findsites:  Sunday, January 22 2023, at 14:09:31 IST
ptypes obtained:  Sunday, January 22 2023, at 14:09:31 IST
lj parameters obtained:  Sunday, January 22 2023, at 14:09:31 IST
Basic parameters obtained:  Sunday, January 22 2023, at 14:09:31 IST
Receptor parameterization completed:  Sunday, January 22 2023, at 14:09:31 IST
 scaled value of sitecut =   55.0000000000000     
 sphere directions set up         110
Sunday, January 22 2023, at 14:09:31 IST
 FINDSITE will use user-specified box
Centroid of box:  56.972  46.496  75.819
 boundaries   51.9715023040771        61.9715023040771     
   41.4964962005615        51.4964962005615        70.8190011978149     
   80.8190011978149     
 box          10          10          10
 maximum number of atoms in a sitebox =           7
Site points found:  Sunday, January 22 2023, at 14:09:31 IST
 boxes, patoms in boxes, empty boxes =         125         259          28
 total, outside sites =        1000         105
Site points pruned:  Sunday, January 22 2023, at 14:09:31 IST
final goodsites =        19
         5 sites will be removed
        14 good sites remain
Number of site groups found =     1

  Group  index  size  score     x       y       z     stdev
    1      1     14    1.64   55.67   49.14   72.86    1.92
Sites linked and merged:  Sunday, January 22 2023, at 14:09:31 IST
 Storing receptor data

Site-finding complete.
Number of sites to map/eval:  1

-- Mapping site  1 --
jobname: md0_crop474_coa_site_1
all SiteMap grid files will be generated
 philic map specified
 phobic map specified
 donor map specified
 acceptor map specified
 metal-ligation map specified
 surface-display map specified
grid margin:     6.00
grid spacing:     0.70
non-bonded cutoff:    20.00
ligand/sitepoints file: 
protein coordinates/parameters file: 
output map/grid files will be written to the current directory
vis files will be written
protein charges will be modified to reduce formal charges and adjust donor/acceptor potentials
protein radii will be modified to allow closer approach to donor and acceptor heteroatoms
phobic areas will be modified to emphasize enclosed regions and to deemphasize exposed regions using alternative method
all input instructions read
 Getting site data
ligand xcm,ycm,zcm,xrange,yrange,zrange 56.472 48.996 72.819  5.000  1.000  2.000

 Reusing receptor data from site-finding stage.

Sitemap: electrostatic+vdw interaction energy
Map field of *enzyme* in region of *inhibitor*

computing site maps ...
grid lim (orig)  47.972  64.972  42.496  55.496  65.819  79.819
grid lim (adj)   47.722  65.222  42.346  55.646  65.469  80.169
grid point counts   26   20   22
total grid points   11440

 5675 receptor atoms read
grid: adjdip
number of grid points within emin, emax limits =     9418
 maximum grid value before cutoff =               -0.190
 minimum grid value before cutoff =   -622.664

philic and phobic grids formed
grid: surf
number of grid points within emin, emax limits =     2133
 maximum grid value before cutoff =         34959296.405
 minimum grid value before cutoff =     -2.832

grid: phil
number of grid points within emin, emax limits =     1446
 maximum grid value before cutoff =         34959246.405
 minimum grid value before cutoff =    -25.650

grid: phob
number of grid points within emin, emax limits =      451
 maximum grid value before cutoff =         34959311.405
 minimum grid value before cutoff =     -1.948

mod_phobic: phobthresh, philthresh =  -0.250  -3.000
 maximum number of atoms in a sitebox =           8
 boxes, patoms in boxes, empty boxes =       10469        5675        8376
Average phobic potential changed from  -0.902 to  -0.628 for  180 grid points

number of phobic points =   228   average phobic score =   0.94
number of philic points =  1218   average philic score =  -7.06

number of qualifying surf grid points =      315

number of qualifying phil grid points =      435

number of qualifying phob grid points =       65

number of qualifying accptr grid points =      171

number of qualifying donor grid points =      256

number of qualifying metal grid points =        0

visgrd volume surf                                                                            
visgrd author sitemap                                                                         
visgrd property name surf                                                                            
visgrd qualifying points    970
visgrd default map values       1       1.00      2
visgrd number of dims    3
visgrd dimensions         26        20        22
visgrd axis scales      0.700     0.700     0.700

visgrd volume hydrophil                                                                       
visgrd author sitemap                                                                         
visgrd property name phil                                                                            
visgrd qualifying points    435
visgrd default map values       1      -8.00     10
visgrd number of dims    3
visgrd dimensions         26        20        22
visgrd axis scales      0.700     0.700     0.700

visgrd volume hydrophob                                                                       
visgrd author sitemap                                                                         
visgrd property name phob                                                                            
visgrd qualifying points    109
visgrd default map values       1      -0.50     13
visgrd number of dims    3
visgrd dimensions         26        20        22
visgrd axis scales      0.700     0.700     0.700

visgrd volume hbacceptor                                                                      
visgrd author sitemap                                                                         
visgrd property name accptr                                                                          
visgrd qualifying points    171
visgrd default map values       1      -8.00     16
visgrd number of dims    3
visgrd dimensions         26        20        22
visgrd axis scales      0.700     0.700     0.700

visgrd volume hbdonor                                                                         
visgrd author sitemap                                                                         
visgrd property name donor                                                                           
visgrd qualifying points    256
visgrd default map values       1      -8.00      5
visgrd number of dims    3
visgrd dimensions         26        20        22
visgrd axis scales      0.700     0.700     0.700

-- Evaluating site  1 --
Ligand/site-points file: 
Protein coordinates/parameters file: 
extend =   3
 Verbosity flags: F F F F F
all SiteMap grid files will be read
the protein charges will be modified to reduce formal charges and adjust donor/acceptor potentials
protein radii will be modified to allow closer approach to donor and acceptor heteroatoms
phobic areas emphasize enclosed regions and deemphasize exposed regions using alternative method
site-point set will be augmented by including significant nearby points
  threshold for adding phobic points:  -0.500
  threshold for adding philic points:  -8.000
base name for SiteMap grid files: 
 Reusing grid data
reusing site data
Number of protein atoms:    5675
 
phobic grid file reshaped
philic grid file reshaped
donor grid file reshaped
acceptor grid file reshaped
metal grid file reshaped
surf grid file reshaped
 maximum number of atoms in a sitebox =           8


Number of site points   14  first shell   33  higher shells   56   dirscore   0.922
1 vdw  -1.649   phob  -0.394   phil  -4.254   donor  -1.984   acceptor  -2.270   metal   0.000
2               phob  -0.136   phil  -4.000   donor  -2.000   acceptor  -1.999   metal   0.000

SiteScore size   Dscore  volume  exposure enclosure contact  phobic   philic   balance  don/acc
  0.874    39    0.770   144.75    0.695    0.922    1.272    0.941    1.136    0.829    0.874

-- Done with site  1 --

== End SiteMap calculation ==

Wrote 1 sites to "md0_crop474_coa_out.maegz".

Current time: Sun Jan 22 14:09:32 2023
Elapsed time: 0:00:04.00
SiteMap successfully completed.

