--------------------------------------------------------------------------------
JobId          : X299-0-63cd0b5e
Name           : md0_crop177_sph
Program        : SiteMap
Version        : 2021-4 build 135
Host           : X299
Dir            : /mnt/3a29b482-dac1-4563-be89-d63ad92354e9/cers_modelling/md_sampling_cers_models/charmm_gui_systems/cers2_10pc_chol/sitemaps
HostEntry      : localhost
JobHost        : X299
JobDir         : /scratch/tamir/md0_crop177_sph
JobSchrodinger : /opt/schrodinger2021-4
Commandline    : /opt/schrodinger2021-4/sitemap md0_crop177_sph.in -WAIT
StartTime      : 2023-01-22-12:09:34
--------------------------------------------------------------------------------

== Begin input keywords ==
ADDPHIL  -8.0
ADDPHOB  -0.5
ADDSP  True
COMPRESS  True
CUTOFF  20.0
D2THRESH  3.1
DTHRESH  6.5
DVSCALE  2.5
ENCLOSURE  0.5
EXTEND  3
FAKE  False
FFIELD  OPLS_2005
GRID  0.7
KEEPELEC  False
KEEPVDW  False
KEEPVOLPTS  True
KMAX  3
KMAX2  5
MAPDIST  4.0
MARGIN  6.0
MAXDIST  8.0
MAXSITES  1
MAXVDW  1.1
MINGROUP  3
MODCHARGES  True
MODPHOBIC  3
NEARRES  3.5
NTHRESH  3
PROT  md0_crop177.mae
R2THRESH  4.1
REPORTSIZE  10
ROUND  False
RTHRESH  5.0
VERBOSITY  0
WRITEGRIDS  False
WRITEPOT  False
WRITESTRUCTS  True
WRITEVIS  True
XCENT  46.391000747680664
XRANGE  10.0
YCENT  40.645999908447266
YRANGE  10.0
ZCENT  64.98000144958496
ZRANGE  10.0
== End input keywords ==

== Begin single-receptor SiteMap calculation ==

-- Begin site search --
 Parameters for this calculation:
 sitecut =  0.500000000000000     
 sitescmin =   1.10000000000000     
 afactor =   1.00000000000000     
 bfactor =   1.00000000000000     
 imaxsite =           8
 ithresh =           3
 mingroup =           3
 kmax =           3
 kmax2 =           5
 r2thresh =   4.10000000000000     
 dvscale =   2.50000000000000     
 dvscnorm =   2.50000000000000     
 dvscbig =   2.50000000000000     
 border =   2.00000000000000     
 dthresh =   6.50000000000000     
 rthresh =   5.00000000000000     
 maxgroup =         100
 r2thresh =   4.10000000000000     
 nthresh =           3
 ndir =         110
 use_vdw = T
 repname = none
 repsize =          10
 maxrep =           1
 sitelis = sites.lis
 profile = none
 sitelig = none
 siteasl = none
 use_sitelig =  F
 sitebox =  -999.000000000000     
 writepdb =  F
 number of protein atoms =        5676
Starting findsites:  Sunday, January 22 2023, at 12:09:38 IST
ptypes obtained:  Sunday, January 22 2023, at 12:09:38 IST
lj parameters obtained:  Sunday, January 22 2023, at 12:09:38 IST
Basic parameters obtained:  Sunday, January 22 2023, at 12:09:38 IST
Receptor parameterization completed:  Sunday, January 22 2023, at 12:09:38 IST
 scaled value of sitecut =   55.0000000000000     
 sphere directions set up         110
Sunday, January 22 2023, at 12:09:38 IST
 FINDSITE will use user-specified box
Centroid of box:  46.391  40.646  64.980
 boundaries   41.3910007476807        51.3910007476807     
   35.6459999084473        45.6459999084473        59.9800014495850     
   69.9800014495850     
 box          10          10          10
 maximum number of atoms in a sitebox =           6
Site points found:  Sunday, January 22 2023, at 12:09:38 IST
 boxes, patoms in boxes, empty boxes =         125         194          51
 total, outside sites =        1000         276
Site points pruned:  Sunday, January 22 2023, at 12:09:38 IST
final goodsites =        27
         5 sites will be removed
        22 good sites remain
Number of site groups found =     1

  Group  index  size  score     x       y       z     stdev
    1      1     22    1.28   48.17   39.69   63.27    2.07
Sites linked and merged:  Sunday, January 22 2023, at 12:09:38 IST
 Storing receptor data

Site-finding complete.
Number of sites to map/eval:  1

-- Mapping site  1 --
jobname: md0_crop177_sph_site_1
all SiteMap grid files will be generated
 philic map specified
 phobic map specified
 donor map specified
 acceptor map specified
 metal-ligation map specified
 surface-display map specified
grid margin:     6.00
grid spacing:     0.70
non-bonded cutoff:    20.00
ligand/sitepoints file: 
protein coordinates/parameters file: 
output map/grid files will be written to the current directory
vis files will be written
protein charges will be modified to reduce formal charges and adjust donor/acceptor potentials
protein radii will be modified to allow closer approach to donor and acceptor heteroatoms
phobic areas will be modified to emphasize enclosed regions and to deemphasize exposed regions using alternative method
all input instructions read
 Getting site data
ligand xcm,ycm,zcm,xrange,yrange,zrange 48.391 39.646 63.980  4.000  4.000  4.000

 Reusing receptor data from site-finding stage.

Sitemap: electrostatic+vdw interaction energy
Map field of *enzyme* in region of *inhibitor*

computing site maps ...
grid lim (orig)  40.391  56.391  31.646  47.646  55.980  71.980
grid lim (adj)   40.341  56.441  31.596  47.696  55.930  72.030
grid point counts   24   24   24
total grid points   13824

 5676 receptor atoms read
grid: adjdip
number of grid points within emin, emax limits =    12442
 maximum grid value before cutoff =               -0.011
 minimum grid value before cutoff =   -474.314

philic and phobic grids formed
grid: surf
number of grid points within emin, emax limits =     2710
 maximum grid value before cutoff =         40810688.442
 minimum grid value before cutoff =     -2.596

grid: phil
number of grid points within emin, emax limits =     3886
 maximum grid value before cutoff =         40810638.442
 minimum grid value before cutoff =    -18.807

grid: phob
number of grid points within emin, emax limits =     2786
 maximum grid value before cutoff =         40810703.442
 minimum grid value before cutoff =     -2.073

mod_phobic: phobthresh, philthresh =  -0.250  -3.000
 maximum number of atoms in a sitebox =          10
 boxes, patoms in boxes, empty boxes =       11571        5676        9469
Average phobic potential changed from  -0.795 to  -0.448 for 1010 grid points

number of phobic points =  2099   average phobic score =   0.56
number of philic points =  1787   average philic score =  -3.54

number of qualifying surf grid points =      525

number of qualifying phil grid points =      203

number of qualifying phob grid points =      125

number of qualifying accptr grid points =       36

number of qualifying donor grid points =      145

number of qualifying metal grid points =        0

visgrd volume surf                                                                            
visgrd author sitemap                                                                         
visgrd property name surf                                                                            
visgrd qualifying points   3551
visgrd default map values       1       1.00      2
visgrd number of dims    3
visgrd dimensions         24        24        24
visgrd axis scales      0.700     0.700     0.700

visgrd volume hydrophil                                                                       
visgrd author sitemap                                                                         
visgrd property name phil                                                                            
visgrd qualifying points    203
visgrd default map values       1      -8.00     10
visgrd number of dims    3
visgrd dimensions         24        24        24
visgrd axis scales      0.700     0.700     0.700

visgrd volume hydrophob                                                                       
visgrd author sitemap                                                                         
visgrd property name phob                                                                            
visgrd qualifying points    376
visgrd default map values       1      -0.50     13
visgrd number of dims    3
visgrd dimensions         24        24        24
visgrd axis scales      0.700     0.700     0.700

visgrd volume hbacceptor                                                                      
visgrd author sitemap                                                                         
visgrd property name accptr                                                                          
visgrd qualifying points     36
visgrd default map values       1      -8.00     16
visgrd number of dims    3
visgrd dimensions         24        24        24
visgrd axis scales      0.700     0.700     0.700

visgrd volume hbdonor                                                                         
visgrd author sitemap                                                                         
visgrd property name donor                                                                           
visgrd qualifying points    145
visgrd default map values       1      -8.00      5
visgrd number of dims    3
visgrd dimensions         24        24        24
visgrd axis scales      0.700     0.700     0.700

-- Evaluating site  1 --
Ligand/site-points file: 
Protein coordinates/parameters file: 
extend =   3
 Verbosity flags: F F F F F
all SiteMap grid files will be read
the protein charges will be modified to reduce formal charges and adjust donor/acceptor potentials
protein radii will be modified to allow closer approach to donor and acceptor heteroatoms
phobic areas emphasize enclosed regions and deemphasize exposed regions using alternative method
site-point set will be augmented by including significant nearby points
  threshold for adding phobic points:  -0.500
  threshold for adding philic points:  -8.000
base name for SiteMap grid files: 
 Reusing grid data
reusing site data
Number of protein atoms:    5676
 
phobic grid file reshaped
philic grid file reshaped
donor grid file reshaped
acceptor grid file reshaped
metal grid file reshaped
surf grid file reshaped
 maximum number of atoms in a sitebox =          10


Number of site points   22  first shell   27  higher shells   41   dirscore   0.807
1 vdw  -1.336   phob  -0.416   phil  -2.433   donor  -2.260   acceptor  -0.173   metal   0.000
2               phob  -0.182   phil  -2.266   donor  -0.063   acceptor  -2.203   metal   0.000

SiteScore size   Dscore  volume  exposure enclosure contact  phobic   philic   balance  don/acc
  0.803    28    0.770   167.04    0.708    0.807    1.031    1.267    0.650    1.951   13.065

-- Done with site  1 --

== End SiteMap calculation ==

Wrote 1 sites to "md0_crop177_sph_out.maegz".

Current time: Sun Jan 22 12:09:40 2023
Elapsed time: 0:00:04.51
SiteMap successfully completed.

