--------------------------------------------------------------------------------
JobId          : X299-0-63cd23ff
Name           : md0_crop437_coa
Program        : SiteMap
Version        : 2021-4 build 135
Host           : X299
Dir            : /mnt/3a29b482-dac1-4563-be89-d63ad92354e9/cers_modelling/md_sampling_cers_models/charmm_gui_systems/cers2_10pc_chol/sitemaps
HostEntry      : localhost
JobHost        : X299
JobDir         : /scratch/tamir/md0_crop437_coa
JobSchrodinger : /opt/schrodinger2021-4
Commandline    : /opt/schrodinger2021-4/sitemap md0_crop437_coa.in -WAIT
StartTime      : 2023-01-22-13:54:40
--------------------------------------------------------------------------------

== Begin input keywords ==
ADDPHIL  -8.0
ADDPHOB  -0.5
ADDSP  True
COMPRESS  True
CUTOFF  20.0
D2THRESH  3.1
DTHRESH  6.5
DVSCALE  2.5
ENCLOSURE  0.5
EXTEND  3
FAKE  False
FFIELD  OPLS_2005
GRID  0.7
KEEPELEC  False
KEEPVDW  False
KEEPVOLPTS  True
KMAX  3
KMAX2  5
MAPDIST  4.0
MARGIN  6.0
MAXDIST  8.0
MAXSITES  1
MAXVDW  1.1
MINGROUP  3
MODCHARGES  True
MODPHOBIC  3
NEARRES  3.5
NTHRESH  3
PROT  md0_crop437.mae
R2THRESH  4.1
REPORTSIZE  10
ROUND  False
RTHRESH  5.0
VERBOSITY  0
WRITEGRIDS  False
WRITEPOT  False
WRITESTRUCTS  True
WRITEVIS  True
XCENT  57.261996269226074
XRANGE  10.0
YCENT  45.1170015335083
YRANGE  10.0
ZCENT  78.72500419616699
ZRANGE  10.0
== End input keywords ==

== Begin single-receptor SiteMap calculation ==

-- Begin site search --
 Parameters for this calculation:
 sitecut =  0.500000000000000     
 sitescmin =   1.10000000000000     
 afactor =   1.00000000000000     
 bfactor =   1.00000000000000     
 imaxsite =           8
 ithresh =           3
 mingroup =           3
 kmax =           3
 kmax2 =           5
 r2thresh =   4.10000000000000     
 dvscale =   2.50000000000000     
 dvscnorm =   2.50000000000000     
 dvscbig =   2.50000000000000     
 border =   2.00000000000000     
 dthresh =   6.50000000000000     
 rthresh =   5.00000000000000     
 maxgroup =         100
 r2thresh =   4.10000000000000     
 nthresh =           3
 ndir =         110
 use_vdw = T
 repname = none
 repsize =          10
 maxrep =           1
 sitelis = sites.lis
 profile = none
 sitelig = none
 siteasl = none
 use_sitelig =  F
 sitebox =  -999.000000000000     
 writepdb =  F
 number of protein atoms =        5676
Starting findsites:  Sunday, January 22 2023, at 13:54:43 IST
ptypes obtained:  Sunday, January 22 2023, at 13:54:43 IST
lj parameters obtained:  Sunday, January 22 2023, at 13:54:43 IST
Basic parameters obtained:  Sunday, January 22 2023, at 13:54:43 IST
Receptor parameterization completed:  Sunday, January 22 2023, at 13:54:43 IST
 scaled value of sitecut =   55.0000000000000     
 sphere directions set up         110
Sunday, January 22 2023, at 13:54:43 IST
 FINDSITE will use user-specified box
Centroid of box:  57.262  45.117  78.725
 boundaries   52.2619962692261        62.2619962692261     
   40.1170015335083        50.1170015335083        73.7250041961670     
   83.7250041961670     
 box          10          10          10
 maximum number of atoms in a sitebox =           6
Site points found:  Sunday, January 22 2023, at 13:54:43 IST
 boxes, patoms in boxes, empty boxes =         125         248          31
 total, outside sites =        1000         119
Site points pruned:  Sunday, January 22 2023, at 13:54:43 IST
final goodsites =        36
         2 sites will be removed
        34 good sites remain
Number of site groups found =     1

  Group  index  size  score     x       y       z     stdev
    1      1     34    1.41   56.33   47.25   77.08    2.43
Sites linked and merged:  Sunday, January 22 2023, at 13:54:43 IST
 Storing receptor data

Site-finding complete.
Number of sites to map/eval:  1

-- Mapping site  1 --
jobname: md0_crop437_coa_site_1
all SiteMap grid files will be generated
 philic map specified
 phobic map specified
 donor map specified
 acceptor map specified
 metal-ligation map specified
 surface-display map specified
grid margin:     6.00
grid spacing:     0.70
non-bonded cutoff:    20.00
ligand/sitepoints file: 
protein coordinates/parameters file: 
output map/grid files will be written to the current directory
vis files will be written
protein charges will be modified to reduce formal charges and adjust donor/acceptor potentials
protein radii will be modified to allow closer approach to donor and acceptor heteroatoms
phobic areas will be modified to emphasize enclosed regions and to deemphasize exposed regions using alternative method
all input instructions read
 Getting site data
ligand xcm,ycm,zcm,xrange,yrange,zrange 56.762 47.117 77.225  7.000  2.000  5.000

 Reusing receptor data from site-finding stage.

Sitemap: electrostatic+vdw interaction energy
Map field of *enzyme* in region of *inhibitor*

computing site maps ...
grid lim (orig)  47.262  66.262  40.117  54.117  68.725  85.725
grid lim (adj)   46.962  66.562  39.767  54.467  68.475  85.975
grid point counts   29   22   26
total grid points   16588

 5676 receptor atoms read
grid: adjdip
number of grid points within emin, emax limits =    13726
 maximum grid value before cutoff =               -0.123
 minimum grid value before cutoff =   -583.206

philic and phobic grids formed
grid: surf
number of grid points within emin, emax limits =     3002
 maximum grid value before cutoff =         35844014.474
 minimum grid value before cutoff =     -3.122

grid: phil
number of grid points within emin, emax limits =     2870
 maximum grid value before cutoff =         35843964.474
 minimum grid value before cutoff =    -28.271

grid: phob
number of grid points within emin, emax limits =     1332
 maximum grid value before cutoff =         35844029.474
 minimum grid value before cutoff =     -1.918

mod_phobic: phobthresh, philthresh =  -0.250  -3.000
 maximum number of atoms in a sitebox =           8
 boxes, patoms in boxes, empty boxes =       10469        5676        8367
Average phobic potential changed from  -0.788 to  -0.485 for  469 grid points

number of phobic points =   606   average phobic score =   0.77
number of philic points =  2264   average philic score =  -5.63

number of qualifying surf grid points =      471

number of qualifying phil grid points =      553

number of qualifying phob grid points =       57

number of qualifying accptr grid points =      243

number of qualifying donor grid points =      296

number of qualifying metal grid points =        0

visgrd volume surf                                                                            
visgrd author sitemap                                                                         
visgrd property name surf                                                                            
visgrd qualifying points   2259
visgrd default map values       1       1.00      2
visgrd number of dims    3
visgrd dimensions         29        22        26
visgrd axis scales      0.700     0.700     0.700

visgrd volume hydrophil                                                                       
visgrd author sitemap                                                                         
visgrd property name phil                                                                            
visgrd qualifying points    553
visgrd default map values       1      -8.00     10
visgrd number of dims    3
visgrd dimensions         29        22        26
visgrd axis scales      0.700     0.700     0.700

visgrd volume hydrophob                                                                       
visgrd author sitemap                                                                         
visgrd property name phob                                                                            
visgrd qualifying points    188
visgrd default map values       1      -0.50     13
visgrd number of dims    3
visgrd dimensions         29        22        26
visgrd axis scales      0.700     0.700     0.700

visgrd volume hbacceptor                                                                      
visgrd author sitemap                                                                         
visgrd property name accptr                                                                          
visgrd qualifying points    243
visgrd default map values       1      -8.00     16
visgrd number of dims    3
visgrd dimensions         29        22        26
visgrd axis scales      0.700     0.700     0.700

visgrd volume hbdonor                                                                         
visgrd author sitemap                                                                         
visgrd property name donor                                                                           
visgrd qualifying points    296
visgrd default map values       1      -8.00      5
visgrd number of dims    3
visgrd dimensions         29        22        26
visgrd axis scales      0.700     0.700     0.700

-- Evaluating site  1 --
Ligand/site-points file: 
Protein coordinates/parameters file: 
extend =   3
 Verbosity flags: F F F F F
all SiteMap grid files will be read
the protein charges will be modified to reduce formal charges and adjust donor/acceptor potentials
protein radii will be modified to allow closer approach to donor and acceptor heteroatoms
phobic areas emphasize enclosed regions and deemphasize exposed regions using alternative method
site-point set will be augmented by including significant nearby points
  threshold for adding phobic points:  -0.500
  threshold for adding philic points:  -8.000
base name for SiteMap grid files: 
 Reusing grid data
reusing site data
Number of protein atoms:    5676
 
phobic grid file reshaped
philic grid file reshaped
donor grid file reshaped
acceptor grid file reshaped
metal grid file reshaped
surf grid file reshaped
 maximum number of atoms in a sitebox =           8


Number of site points   34  first shell   48  higher shells   49   dirscore   0.883
1 vdw  -1.520   phob  -0.287   phil  -4.728   donor  -2.264   acceptor  -2.464   metal   0.000
2               phob  -0.090   phil  -4.696   donor  -2.519   acceptor  -2.177   metal   0.000

SiteScore size   Dscore  volume  exposure enclosure contact  phobic   philic   balance  don/acc
  0.981    65    0.876   232.90    0.599    0.883    1.173    0.624    1.263    0.494    0.919

-- Done with site  1 --

== End SiteMap calculation ==

Wrote 1 sites to "md0_crop437_coa_out.maegz".

Current time: Sun Jan 22 13:54:45 2023
Elapsed time: 0:00:04.57
SiteMap successfully completed.

