--------------------------------------------------------------------------------
JobId          : X299-0-63cd2150
Name           : md0_crop408_coa
Program        : SiteMap
Version        : 2021-4 build 135
Host           : X299
Dir            : /mnt/3a29b482-dac1-4563-be89-d63ad92354e9/cers_modelling/md_sampling_cers_models/charmm_gui_systems/cers2_10pc_chol/sitemaps
HostEntry      : localhost
JobHost        : X299
JobDir         : /scratch/tamir/md0_crop408_coa
JobSchrodinger : /opt/schrodinger2021-4
Commandline    : /opt/schrodinger2021-4/sitemap md0_crop408_coa.in -WAIT
StartTime      : 2023-01-22-13:43:12
--------------------------------------------------------------------------------

== Begin input keywords ==
ADDPHIL  -8.0
ADDPHOB  -0.5
ADDSP  True
COMPRESS  True
CUTOFF  20.0
D2THRESH  3.1
DTHRESH  6.5
DVSCALE  2.5
ENCLOSURE  0.5
EXTEND  3
FAKE  False
FFIELD  OPLS_2005
GRID  0.7
KEEPELEC  False
KEEPVDW  False
KEEPVOLPTS  True
KMAX  3
KMAX2  5
MAPDIST  4.0
MARGIN  6.0
MAXDIST  8.0
MAXSITES  1
MAXVDW  1.1
MINGROUP  3
MODCHARGES  True
MODPHOBIC  3
NEARRES  3.5
NTHRESH  3
PROT  md0_crop408.mae
R2THRESH  4.1
REPORTSIZE  10
ROUND  False
RTHRESH  5.0
VERBOSITY  0
WRITEGRIDS  False
WRITEPOT  False
WRITESTRUCTS  True
WRITEVIS  True
XCENT  56.49799823760986
XRANGE  10.0
YCENT  44.64550018310547
YRANGE  10.0
ZCENT  79.78800296783447
ZRANGE  10.0
== End input keywords ==

== Begin single-receptor SiteMap calculation ==

-- Begin site search --
 Parameters for this calculation:
 sitecut =  0.500000000000000     
 sitescmin =   1.10000000000000     
 afactor =   1.00000000000000     
 bfactor =   1.00000000000000     
 imaxsite =           8
 ithresh =           3
 mingroup =           3
 kmax =           3
 kmax2 =           5
 r2thresh =   4.10000000000000     
 dvscale =   2.50000000000000     
 dvscnorm =   2.50000000000000     
 dvscbig =   2.50000000000000     
 border =   2.00000000000000     
 dthresh =   6.50000000000000     
 rthresh =   5.00000000000000     
 maxgroup =         100
 r2thresh =   4.10000000000000     
 nthresh =           3
 ndir =         110
 use_vdw = T
 repname = none
 repsize =          10
 maxrep =           1
 sitelis = sites.lis
 profile = none
 sitelig = none
 siteasl = none
 use_sitelig =  F
 sitebox =  -999.000000000000     
 writepdb =  F
 number of protein atoms =        5676
Starting findsites:  Sunday, January 22 2023, at 13:43:15 IST
ptypes obtained:  Sunday, January 22 2023, at 13:43:16 IST
lj parameters obtained:  Sunday, January 22 2023, at 13:43:16 IST
Basic parameters obtained:  Sunday, January 22 2023, at 13:43:16 IST
Receptor parameterization completed:  Sunday, January 22 2023, at 13:43:16 IST
 scaled value of sitecut =   55.0000000000000     
 sphere directions set up         110
Sunday, January 22 2023, at 13:43:16 IST
 FINDSITE will use user-specified box
Centroid of box:  56.498  44.646  79.788
 boundaries   51.4979982376099        61.4979982376099     
   39.6455001831055        49.6455001831055        74.7880029678345     
   84.7880029678345     
 box          10          10          10
 maximum number of atoms in a sitebox =           7
Site points found:  Sunday, January 22 2023, at 13:43:16 IST
 boxes, patoms in boxes, empty boxes =         125         255          25
 total, outside sites =        1000         121
Site points pruned:  Sunday, January 22 2023, at 13:43:16 IST
final goodsites =        24
         3 sites will be removed
        21 good sites remain
Number of site groups found =     2

  Group  index  size  score     x       y       z     stdev
    1      1     19    1.44   54.18   46.72   77.84    1.61
    2      2      2    1.47   58.50   46.16   76.30    0.71

Inter-group relationships
     g1     g2     n1     n2    dmin    davg   spread  ratio     x1      y1      z1      x2      y2      z2
Sites linked and merged:  Sunday, January 22 2023, at 13:43:16 IST
 Storing receptor data

Site-finding complete.
Number of sites to map/eval:  1

-- Mapping site  1 --
jobname: md0_crop408_coa_site_1
all SiteMap grid files will be generated
 philic map specified
 phobic map specified
 donor map specified
 acceptor map specified
 metal-ligation map specified
 surface-display map specified
grid margin:     6.00
grid spacing:     0.70
non-bonded cutoff:    20.00
ligand/sitepoints file: 
protein coordinates/parameters file: 
output map/grid files will be written to the current directory
vis files will be written
protein charges will be modified to reduce formal charges and adjust donor/acceptor potentials
protein radii will be modified to allow closer approach to donor and acceptor heteroatoms
phobic areas will be modified to emphasize enclosed regions and to deemphasize exposed regions using alternative method
all input instructions read
 Getting site data
ligand xcm,ycm,zcm,xrange,yrange,zrange 53.998 46.646 77.788  3.000  2.000  4.000

 Reusing receptor data from site-finding stage.

Sitemap: electrostatic+vdw interaction energy
Map field of *enzyme* in region of *inhibitor*

computing site maps ...
grid lim (orig)  46.498  61.498  39.646  53.646  69.788  85.788
grid lim (adj)   46.298  61.698  39.296  53.996  69.738  85.838
grid point counts   23   22   24
total grid points   12144

 5676 receptor atoms read
grid: adjdip
number of grid points within emin, emax limits =     9820
 maximum grid value before cutoff =               -0.074
 minimum grid value before cutoff =   -638.162

philic and phobic grids formed
grid: surf
number of grid points within emin, emax limits =     2170
 maximum grid value before cutoff =         43607512.855
 minimum grid value before cutoff =     -3.250

grid: phil
number of grid points within emin, emax limits =     1822
 maximum grid value before cutoff =         43607462.855
 minimum grid value before cutoff =    -27.166

grid: phob
number of grid points within emin, emax limits =      796
 maximum grid value before cutoff =         43607527.855
 minimum grid value before cutoff =     -1.749

mod_phobic: phobthresh, philthresh =  -0.250  -3.000
 maximum number of atoms in a sitebox =           8
 boxes, patoms in boxes, empty boxes =       10469        5676        8391
Average phobic potential changed from  -0.886 to  -0.609 for  224 grid points

number of phobic points =   363   average phobic score =   0.86
number of philic points =  1459   average philic score =  -6.31

number of qualifying surf grid points =      336

number of qualifying phil grid points =      410

number of qualifying phob grid points =       69

number of qualifying accptr grid points =      197

number of qualifying donor grid points =      202

number of qualifying metal grid points =        0

visgrd volume surf                                                                            
visgrd author sitemap                                                                         
visgrd property name surf                                                                            
visgrd qualifying points   1330
visgrd default map values       1       1.00      2
visgrd number of dims    3
visgrd dimensions         23        22        24
visgrd axis scales      0.700     0.700     0.700

visgrd volume hydrophil                                                                       
visgrd author sitemap                                                                         
visgrd property name phil                                                                            
visgrd qualifying points    410
visgrd default map values       1      -8.00     10
visgrd number of dims    3
visgrd dimensions         23        22        24
visgrd axis scales      0.700     0.700     0.700

visgrd volume hydrophob                                                                       
visgrd author sitemap                                                                         
visgrd property name phob                                                                            
visgrd qualifying points    139
visgrd default map values       1      -0.50     13
visgrd number of dims    3
visgrd dimensions         23        22        24
visgrd axis scales      0.700     0.700     0.700

visgrd volume hbacceptor                                                                      
visgrd author sitemap                                                                         
visgrd property name accptr                                                                          
visgrd qualifying points    197
visgrd default map values       1      -8.00     16
visgrd number of dims    3
visgrd dimensions         23        22        24
visgrd axis scales      0.700     0.700     0.700

visgrd volume hbdonor                                                                         
visgrd author sitemap                                                                         
visgrd property name donor                                                                           
visgrd qualifying points    202
visgrd default map values       1      -8.00      5
visgrd number of dims    3
visgrd dimensions         23        22        24
visgrd axis scales      0.700     0.700     0.700

-- Evaluating site  1 --
Ligand/site-points file: 
Protein coordinates/parameters file: 
extend =   3
 Verbosity flags: F F F F F
all SiteMap grid files will be read
the protein charges will be modified to reduce formal charges and adjust donor/acceptor potentials
protein radii will be modified to allow closer approach to donor and acceptor heteroatoms
phobic areas emphasize enclosed regions and deemphasize exposed regions using alternative method
site-point set will be augmented by including significant nearby points
  threshold for adding phobic points:  -0.500
  threshold for adding philic points:  -8.000
base name for SiteMap grid files: 
 Reusing grid data
reusing site data
Number of protein atoms:    5676
 
phobic grid file reshaped
philic grid file reshaped
donor grid file reshaped
acceptor grid file reshaped
metal grid file reshaped
surf grid file reshaped
 maximum number of atoms in a sitebox =           8


Number of site points   19  first shell   42  higher shells   45   dirscore   0.916
1 vdw  -1.542   phob  -0.234   phil  -5.160   donor  -1.517   acceptor  -3.643   metal   0.000
2               phob  -0.123   phil  -4.802   donor  -2.942   acceptor  -1.860   metal   0.000

SiteScore size   Dscore  volume  exposure enclosure contact  phobic   philic   balance  don/acc
  0.904    45    0.731   147.49    0.659    0.916    1.190    0.854    1.378    0.620    0.417

-- Done with site  1 --

== End SiteMap calculation ==

Wrote 1 sites to "md0_crop408_coa_out.maegz".

Current time: Sun Jan 22 13:43:17 2023
Elapsed time: 0:00:04.15
SiteMap successfully completed.

