--------------------------------------------------------------------------------
JobId          : X299-0-63cd18ae
Name           : md0_crop318_coa
Program        : SiteMap
Version        : 2021-4 build 135
Host           : X299
Dir            : /mnt/3a29b482-dac1-4563-be89-d63ad92354e9/cers_modelling/md_sampling_cers_models/charmm_gui_systems/cers2_10pc_chol/sitemaps
HostEntry      : localhost
JobHost        : X299
JobDir         : /scratch/tamir/md0_crop318_coa
JobSchrodinger : /opt/schrodinger2021-4
Commandline    : /opt/schrodinger2021-4/sitemap md0_crop318_coa.in -WAIT
StartTime      : 2023-01-22-13:06:22
--------------------------------------------------------------------------------

== Begin input keywords ==
ADDPHIL  -8.0
ADDPHOB  -0.5
ADDSP  True
COMPRESS  True
CUTOFF  20.0
D2THRESH  3.1
DTHRESH  6.5
DVSCALE  2.5
ENCLOSURE  0.5
EXTEND  3
FAKE  False
FFIELD  OPLS_2005
GRID  0.7
KEEPELEC  False
KEEPVDW  False
KEEPVOLPTS  True
KMAX  3
KMAX2  5
MAPDIST  4.0
MARGIN  6.0
MAXDIST  8.0
MAXSITES  1
MAXVDW  1.1
MINGROUP  3
MODCHARGES  True
MODPHOBIC  3
NEARRES  3.5
NTHRESH  3
PROT  md0_crop318.mae
R2THRESH  4.1
REPORTSIZE  10
ROUND  False
RTHRESH  5.0
VERBOSITY  0
WRITEGRIDS  False
WRITEPOT  False
WRITESTRUCTS  True
WRITEVIS  True
XCENT  57.4530029296875
XRANGE  10.0
YCENT  44.60050106048584
YRANGE  10.0
ZCENT  75.68300247192383
ZRANGE  10.0
== End input keywords ==

== Begin single-receptor SiteMap calculation ==

-- Begin site search --
 Parameters for this calculation:
 sitecut =  0.500000000000000     
 sitescmin =   1.10000000000000     
 afactor =   1.00000000000000     
 bfactor =   1.00000000000000     
 imaxsite =           8
 ithresh =           3
 mingroup =           3
 kmax =           3
 kmax2 =           5
 r2thresh =   4.10000000000000     
 dvscale =   2.50000000000000     
 dvscnorm =   2.50000000000000     
 dvscbig =   2.50000000000000     
 border =   2.00000000000000     
 dthresh =   6.50000000000000     
 rthresh =   5.00000000000000     
 maxgroup =         100
 r2thresh =   4.10000000000000     
 nthresh =           3
 ndir =         110
 use_vdw = T
 repname = none
 repsize =          10
 maxrep =           1
 sitelis = sites.lis
 profile = none
 sitelig = none
 siteasl = none
 use_sitelig =  F
 sitebox =  -999.000000000000     
 writepdb =  F
 number of protein atoms =        5675
Starting findsites:  Sunday, January 22 2023, at 13:06:25 IST
ptypes obtained:  Sunday, January 22 2023, at 13:06:25 IST
lj parameters obtained:  Sunday, January 22 2023, at 13:06:25 IST
Basic parameters obtained:  Sunday, January 22 2023, at 13:06:25 IST
Receptor parameterization completed:  Sunday, January 22 2023, at 13:06:25 IST
 scaled value of sitecut =   55.0000000000000     
 sphere directions set up         110
Sunday, January 22 2023, at 13:06:25 IST
 FINDSITE will use user-specified box
Centroid of box:  57.453  44.601  75.683
 boundaries   52.4530029296875        62.4530029296875     
   39.6005010604858        49.6005010604858        70.6830024719238     
   80.6830024719238     
 box          10          10          10
 maximum number of atoms in a sitebox =           8
Site points found:  Sunday, January 22 2023, at 13:06:26 IST
 boxes, patoms in boxes, empty boxes =         125         223          38
 total, outside sites =        1000         172
Site points pruned:  Sunday, January 22 2023, at 13:06:26 IST
final goodsites =        12
         4 sites will be removed
         8 good sites remain
Number of site groups found =     2

  Group  index  size  score     x       y       z     stdev
    1      2      6    1.25   59.65   47.26   73.01    0.96
    2      1      2    1.31   56.94   45.60   74.17    0.71

Inter-group relationships
     g1     g2     n1     n2    dmin    davg   spread  ratio     x1      y1      z1      x2      y2      z2
Sites linked and merged:  Sunday, January 22 2023, at 13:06:26 IST
 Storing receptor data

Site-finding complete.
Number of sites to map/eval:  1

-- Mapping site  1 --
jobname: md0_crop318_coa_site_1
all SiteMap grid files will be generated
 philic map specified
 phobic map specified
 donor map specified
 acceptor map specified
 metal-ligation map specified
 surface-display map specified
grid margin:     6.00
grid spacing:     0.70
non-bonded cutoff:    20.00
ligand/sitepoints file: 
protein coordinates/parameters file: 
output map/grid files will be written to the current directory
vis files will be written
protein charges will be modified to reduce formal charges and adjust donor/acceptor potentials
protein radii will be modified to allow closer approach to donor and acceptor heteroatoms
phobic areas will be modified to emphasize enclosed regions and to deemphasize exposed regions using alternative method
all input instructions read
 Getting site data
ligand xcm,ycm,zcm,xrange,yrange,zrange 59.453 47.101 73.183  2.000  1.000  1.000

 Reusing receptor data from site-finding stage.

Sitemap: electrostatic+vdw interaction energy
Map field of *enzyme* in region of *inhibitor*

computing site maps ...
grid lim (orig)  52.453  66.453  40.601  53.601  66.683  79.683
grid lim (adj)   52.103  66.803  40.451  53.751  66.533  79.833
grid point counts   22   20   20
total grid points    8800

 5675 receptor atoms read
grid: adjdip
number of grid points within emin, emax limits =     7543
 maximum grid value before cutoff =               -0.097
 minimum grid value before cutoff =   -668.835

philic and phobic grids formed
grid: surf
number of grid points within emin, emax limits =     1841
 maximum grid value before cutoff =         47881634.825
 minimum grid value before cutoff =     -2.576

grid: phil
number of grid points within emin, emax limits =     1864
 maximum grid value before cutoff =         47881584.825
 minimum grid value before cutoff =    -28.363

grid: phob
number of grid points within emin, emax limits =      775
 maximum grid value before cutoff =         47881649.825
 minimum grid value before cutoff =     -1.870

mod_phobic: phobthresh, philthresh =  -0.250  -3.000
 maximum number of atoms in a sitebox =           9
 boxes, patoms in boxes, empty boxes =       12369        5675       10271
Average phobic potential changed from  -0.846 to  -0.505 for  352 grid points

number of phobic points =   397   average phobic score =   0.81
number of philic points =  1467   average philic score =  -6.70

number of qualifying surf grid points =      296

number of qualifying phil grid points =      475

number of qualifying phob grid points =       57

number of qualifying accptr grid points =      172

number of qualifying donor grid points =      287

number of qualifying metal grid points =        0

visgrd volume surf                                                                            
visgrd author sitemap                                                                         
visgrd property name surf                                                                            
visgrd qualifying points   1423
visgrd default map values       1       1.00      2
visgrd number of dims    3
visgrd dimensions         22        20        20
visgrd axis scales      0.700     0.700     0.700

visgrd volume hydrophil                                                                       
visgrd author sitemap                                                                         
visgrd property name phil                                                                            
visgrd qualifying points    475
visgrd default map values       1      -8.00     10
visgrd number of dims    3
visgrd dimensions         22        20        20
visgrd axis scales      0.700     0.700     0.700

visgrd volume hydrophob                                                                       
visgrd author sitemap                                                                         
visgrd property name phob                                                                            
visgrd qualifying points    154
visgrd default map values       1      -0.50     13
visgrd number of dims    3
visgrd dimensions         22        20        20
visgrd axis scales      0.700     0.700     0.700

visgrd volume hbacceptor                                                                      
visgrd author sitemap                                                                         
visgrd property name accptr                                                                          
visgrd qualifying points    172
visgrd default map values       1      -8.00     16
visgrd number of dims    3
visgrd dimensions         22        20        20
visgrd axis scales      0.700     0.700     0.700

visgrd volume hbdonor                                                                         
visgrd author sitemap                                                                         
visgrd property name donor                                                                           
visgrd qualifying points    287
visgrd default map values       1      -8.00      5
visgrd number of dims    3
visgrd dimensions         22        20        20
visgrd axis scales      0.700     0.700     0.700

-- Evaluating site  1 --
Ligand/site-points file: 
Protein coordinates/parameters file: 
extend =   3
 Verbosity flags: F F F F F
all SiteMap grid files will be read
the protein charges will be modified to reduce formal charges and adjust donor/acceptor potentials
protein radii will be modified to allow closer approach to donor and acceptor heteroatoms
phobic areas emphasize enclosed regions and deemphasize exposed regions using alternative method
site-point set will be augmented by including significant nearby points
  threshold for adding phobic points:  -0.500
  threshold for adding philic points:  -8.000
base name for SiteMap grid files: 
 Reusing grid data
reusing site data
Number of protein atoms:    5675
 
phobic grid file reshaped
philic grid file reshaped
donor grid file reshaped
acceptor grid file reshaped
metal grid file reshaped
surf grid file reshaped
 maximum number of atoms in a sitebox =           9


Number of site points    6  first shell   20  higher shells   63   dirscore   0.872
1 vdw  -1.415   phob  -0.361   phil  -3.748   donor  -2.554   acceptor  -1.193   metal   0.000
2               phob  -0.180   phil  -3.626   donor  -1.113   acceptor  -2.512   metal   0.000

SiteScore size   Dscore  volume  exposure enclosure contact  phobic   philic   balance  don/acc
  0.779    28    0.694   172.19    0.748    0.872    1.092    1.251    1.001    1.250    2.140

-- Done with site  1 --

== End SiteMap calculation ==

Wrote 1 sites to "md0_crop318_coa_out.maegz".

Current time: Sun Jan 22 13:06:27 2023
Elapsed time: 0:00:04.17
SiteMap successfully completed.

