--------------------------------------------------------------------------------
JobId          : X299-0-63cd057d
Name           : md0_crop115_coa
Program        : SiteMap
Version        : 2021-4 build 135
Host           : X299
Dir            : /mnt/3a29b482-dac1-4563-be89-d63ad92354e9/cers_modelling/md_sampling_cers_models/charmm_gui_systems/cers2_10pc_chol/sitemaps
HostEntry      : localhost
JobHost        : X299
JobDir         : /scratch/tamir/md0_crop115_coa
JobSchrodinger : /opt/schrodinger2021-4
Commandline    : /opt/schrodinger2021-4/sitemap md0_crop115_coa.in -WAIT
StartTime      : 2023-01-22-11:44:29
--------------------------------------------------------------------------------

== Begin input keywords ==
ADDPHIL  -8.0
ADDPHOB  -0.5
ADDSP  True
COMPRESS  True
CUTOFF  20.0
D2THRESH  3.1
DTHRESH  6.5
DVSCALE  2.5
ENCLOSURE  0.5
EXTEND  3
FAKE  False
FFIELD  OPLS_2005
GRID  0.7
KEEPELEC  False
KEEPVDW  False
KEEPVOLPTS  True
KMAX  3
KMAX2  5
MAPDIST  4.0
MARGIN  6.0
MAXDIST  8.0
MAXSITES  1
MAXVDW  1.1
MINGROUP  3
MODCHARGES  True
MODPHOBIC  3
NEARRES  3.5
NTHRESH  3
PROT  md0_crop115.mae
R2THRESH  4.1
REPORTSIZE  10
ROUND  False
RTHRESH  5.0
VERBOSITY  0
WRITEGRIDS  False
WRITEPOT  False
WRITESTRUCTS  True
WRITEVIS  True
XCENT  56.94049835205078
XRANGE  10.0
YCENT  46.84300422668457
YRANGE  10.0
ZCENT  75.15650272369385
ZRANGE  10.0
== End input keywords ==

== Begin single-receptor SiteMap calculation ==

-- Begin site search --
 Parameters for this calculation:
 sitecut =  0.500000000000000     
 sitescmin =   1.10000000000000     
 afactor =   1.00000000000000     
 bfactor =   1.00000000000000     
 imaxsite =           8
 ithresh =           3
 mingroup =           3
 kmax =           3
 kmax2 =           5
 r2thresh =   4.10000000000000     
 dvscale =   2.50000000000000     
 dvscnorm =   2.50000000000000     
 dvscbig =   2.50000000000000     
 border =   2.00000000000000     
 dthresh =   6.50000000000000     
 rthresh =   5.00000000000000     
 maxgroup =         100
 r2thresh =   4.10000000000000     
 nthresh =           3
 ndir =         110
 use_vdw = T
 repname = none
 repsize =          10
 maxrep =           1
 sitelis = sites.lis
 profile = none
 sitelig = none
 siteasl = none
 use_sitelig =  F
 sitebox =  -999.000000000000     
 writepdb =  F
 number of protein atoms =        5674
Starting findsites:  Sunday, January 22 2023, at 11:44:33 IST
ptypes obtained:  Sunday, January 22 2023, at 11:44:33 IST
lj parameters obtained:  Sunday, January 22 2023, at 11:44:33 IST
Basic parameters obtained:  Sunday, January 22 2023, at 11:44:33 IST
Receptor parameterization completed:  Sunday, January 22 2023, at 11:44:33 IST
 scaled value of sitecut =   55.0000000000000     
 sphere directions set up         110
Sunday, January 22 2023, at 11:44:33 IST
 FINDSITE will use user-specified box
Centroid of box:  56.940  46.843  75.157
 boundaries   51.9404983520508        61.9404983520508     
   41.8430042266846        51.8430042266846        70.1565027236938     
   80.1565027236938     
 box          10          10          10
 maximum number of atoms in a sitebox =           7
Site points found:  Sunday, January 22 2023, at 11:44:33 IST
 boxes, patoms in boxes, empty boxes =         125         235          37
 total, outside sites =        1000         178
Site points pruned:  Sunday, January 22 2023, at 11:44:33 IST
final goodsites =        14
Number of site groups found =     1

  Group  index  size  score     x       y       z     stdev
    1      1     14    1.31   57.91   49.01   72.83    1.99
Sites linked and merged:  Sunday, January 22 2023, at 11:44:33 IST
 Storing receptor data

Site-finding complete.
Number of sites to map/eval:  1

-- Mapping site  1 --
jobname: md0_crop115_coa_site_1
all SiteMap grid files will be generated
 philic map specified
 phobic map specified
 donor map specified
 acceptor map specified
 metal-ligation map specified
 surface-display map specified
grid margin:     6.00
grid spacing:     0.70
non-bonded cutoff:    20.00
ligand/sitepoints file: 
protein coordinates/parameters file: 
output map/grid files will be written to the current directory
vis files will be written
protein charges will be modified to reduce formal charges and adjust donor/acceptor potentials
protein radii will be modified to allow closer approach to donor and acceptor heteroatoms
phobic areas will be modified to emphasize enclosed regions and to deemphasize exposed regions using alternative method
all input instructions read
 Getting site data
ligand xcm,ycm,zcm,xrange,yrange,zrange 57.440 48.843 73.157  5.000  2.000  2.000

 Reusing receptor data from site-finding stage.

Sitemap: electrostatic+vdw interaction energy
Map field of *enzyme* in region of *inhibitor*

computing site maps ...
grid lim (orig)  48.940  65.940  41.843  55.843  66.157  80.157
grid lim (adj)   48.690  66.190  41.493  56.193  65.807  80.507
grid point counts   26   22   22
total grid points   12584

 5674 receptor atoms read
grid: adjdip
number of grid points within emin, emax limits =    10574
 maximum grid value before cutoff =               -0.118
 minimum grid value before cutoff =   -684.009

philic and phobic grids formed
grid: surf
number of grid points within emin, emax limits =     2241
 maximum grid value before cutoff =         38213109.161
 minimum grid value before cutoff =     -2.751

grid: phil
number of grid points within emin, emax limits =     2236
 maximum grid value before cutoff =         38213059.161
 minimum grid value before cutoff =    -27.847

grid: phob
number of grid points within emin, emax limits =     1091
 maximum grid value before cutoff =         38213124.161
 minimum grid value before cutoff =     -1.928

mod_phobic: phobthresh, philthresh =  -0.250  -3.000
 maximum number of atoms in a sitebox =           8
 boxes, patoms in boxes, empty boxes =       12369        5674       10289
Average phobic potential changed from  -0.859 to  -0.533 for  512 grid points

number of phobic points =   614   average phobic score =   0.80
number of philic points =  1622   average philic score =  -6.07

number of qualifying surf grid points =      345

number of qualifying phil grid points =      425

number of qualifying phob grid points =       96

number of qualifying accptr grid points =      210

number of qualifying donor grid points =      196

number of qualifying metal grid points =        0

visgrd volume surf                                                                            
visgrd author sitemap                                                                         
visgrd property name surf                                                                            
visgrd qualifying points   1732
visgrd default map values       1       1.00      2
visgrd number of dims    3
visgrd dimensions         26        22        22
visgrd axis scales      0.700     0.700     0.700

visgrd volume hydrophil                                                                       
visgrd author sitemap                                                                         
visgrd property name phil                                                                            
visgrd qualifying points    425
visgrd default map values       1      -8.00     10
visgrd number of dims    3
visgrd dimensions         26        22        22
visgrd axis scales      0.700     0.700     0.700

visgrd volume hydrophob                                                                       
visgrd author sitemap                                                                         
visgrd property name phob                                                                            
visgrd qualifying points    254
visgrd default map values       1      -0.50     13
visgrd number of dims    3
visgrd dimensions         26        22        22
visgrd axis scales      0.700     0.700     0.700

visgrd volume hbacceptor                                                                      
visgrd author sitemap                                                                         
visgrd property name accptr                                                                          
visgrd qualifying points    210
visgrd default map values       1      -8.00     16
visgrd number of dims    3
visgrd dimensions         26        22        22
visgrd axis scales      0.700     0.700     0.700

visgrd volume hbdonor                                                                         
visgrd author sitemap                                                                         
visgrd property name donor                                                                           
visgrd qualifying points    196
visgrd default map values       1      -8.00      5
visgrd number of dims    3
visgrd dimensions         26        22        22
visgrd axis scales      0.700     0.700     0.700

-- Evaluating site  1 --
Ligand/site-points file: 
Protein coordinates/parameters file: 
extend =   3
 Verbosity flags: F F F F F
all SiteMap grid files will be read
the protein charges will be modified to reduce formal charges and adjust donor/acceptor potentials
protein radii will be modified to allow closer approach to donor and acceptor heteroatoms
phobic areas emphasize enclosed regions and deemphasize exposed regions using alternative method
site-point set will be augmented by including significant nearby points
  threshold for adding phobic points:  -0.500
  threshold for adding philic points:  -8.000
base name for SiteMap grid files: 
 Reusing grid data
reusing site data
Number of protein atoms:    5674
 
phobic grid file reshaped
philic grid file reshaped
donor grid file reshaped
acceptor grid file reshaped
metal grid file reshaped
surf grid file reshaped
 maximum number of atoms in a sitebox =           8


Number of site points   14  first shell   40  higher shells  102   dirscore   0.889
1 vdw  -1.424   phob  -0.335   phil  -4.364   donor  -1.343   acceptor  -3.021   metal   0.000
2               phob  -0.163   phil  -4.078   donor  -2.584   acceptor  -1.495   metal   0.000

SiteScore size   Dscore  volume  exposure enclosure contact  phobic   philic   balance  don/acc
  0.943    56    0.857   217.80    0.717    0.889    1.099    1.130    1.165    0.970    0.445

-- Done with site  1 --

== End SiteMap calculation ==

Wrote 1 sites to "md0_crop115_coa_out.maegz".

Current time: Sun Jan 22 11:44:35 2023
Elapsed time: 0:00:04.49
SiteMap successfully completed.

