--------------------------------------------------------------------------------
JobId          : X299-0-63cd0d9a
Name           : md0_crop200_coa
Program        : SiteMap
Version        : 2021-4 build 135
Host           : X299
Dir            : /mnt/3a29b482-dac1-4563-be89-d63ad92354e9/cers_modelling/md_sampling_cers_models/charmm_gui_systems/cers2_10pc_chol/sitemaps
HostEntry      : localhost
JobHost        : X299
JobDir         : /scratch/tamir/md0_crop200_coa
JobSchrodinger : /opt/schrodinger2021-4
Commandline    : /opt/schrodinger2021-4/sitemap md0_crop200_coa.in -WAIT
StartTime      : 2023-01-22-12:19:06
--------------------------------------------------------------------------------

== Begin input keywords ==
ADDPHIL  -8.0
ADDPHOB  -0.5
ADDSP  True
COMPRESS  True
CUTOFF  20.0
D2THRESH  3.1
DTHRESH  6.5
DVSCALE  2.5
ENCLOSURE  0.5
EXTEND  3
FAKE  False
FFIELD  OPLS_2005
GRID  0.7
KEEPELEC  False
KEEPVDW  False
KEEPVOLPTS  True
KMAX  3
KMAX2  5
MAPDIST  4.0
MARGIN  6.0
MAXDIST  8.0
MAXSITES  1
MAXVDW  1.1
MINGROUP  3
MODCHARGES  True
MODPHOBIC  3
NEARRES  3.5
NTHRESH  3
PROT  md0_crop200.mae
R2THRESH  4.1
REPORTSIZE  10
ROUND  False
RTHRESH  5.0
VERBOSITY  0
WRITEGRIDS  False
WRITEPOT  False
WRITESTRUCTS  True
WRITEVIS  True
XCENT  58.23699951171875
XRANGE  10.0
YCENT  45.32949924468994
YRANGE  10.0
ZCENT  75.62300205230713
ZRANGE  10.0
== End input keywords ==

== Begin single-receptor SiteMap calculation ==

-- Begin site search --
 Parameters for this calculation:
 sitecut =  0.500000000000000     
 sitescmin =   1.10000000000000     
 afactor =   1.00000000000000     
 bfactor =   1.00000000000000     
 imaxsite =           8
 ithresh =           3
 mingroup =           3
 kmax =           3
 kmax2 =           5
 r2thresh =   4.10000000000000     
 dvscale =   2.50000000000000     
 dvscnorm =   2.50000000000000     
 dvscbig =   2.50000000000000     
 border =   2.00000000000000     
 dthresh =   6.50000000000000     
 rthresh =   5.00000000000000     
 maxgroup =         100
 r2thresh =   4.10000000000000     
 nthresh =           3
 ndir =         110
 use_vdw = T
 repname = none
 repsize =          10
 maxrep =           1
 sitelis = sites.lis
 profile = none
 sitelig = none
 siteasl = none
 use_sitelig =  F
 sitebox =  -999.000000000000     
 writepdb =  F
 number of protein atoms =        5675
Starting findsites:  Sunday, January 22 2023, at 12:19:10 IST
ptypes obtained:  Sunday, January 22 2023, at 12:19:10 IST
lj parameters obtained:  Sunday, January 22 2023, at 12:19:10 IST
Basic parameters obtained:  Sunday, January 22 2023, at 12:19:10 IST
Receptor parameterization completed:  Sunday, January 22 2023, at 12:19:10 IST
 scaled value of sitecut =   55.0000000000000     
 sphere directions set up         110
Sunday, January 22 2023, at 12:19:10 IST
 FINDSITE will use user-specified box
Centroid of box:  58.237  45.329  75.623
 boundaries   53.2369995117188        63.2369995117188     
   40.3294992446899        50.3294992446899        70.6230020523071     
   80.6230020523071     
 box          10          10          10
 maximum number of atoms in a sitebox =           6
Site points found:  Sunday, January 22 2023, at 12:19:10 IST
 boxes, patoms in boxes, empty boxes =         125         242          36
 total, outside sites =        1000         136
Site points pruned:  Sunday, January 22 2023, at 12:19:10 IST
final goodsites =        39
         1 sites will be removed
        38 good sites remain
Number of site groups found =     1

  Group  index  size  score     x       y       z     stdev
    1      1     38    1.30   57.93   47.30   73.85    2.47
Sites linked and merged:  Sunday, January 22 2023, at 12:19:10 IST
 Storing receptor data

Site-finding complete.
Number of sites to map/eval:  1

-- Mapping site  1 --
jobname: md0_crop200_coa_site_1
all SiteMap grid files will be generated
 philic map specified
 phobic map specified
 donor map specified
 acceptor map specified
 metal-ligation map specified
 surface-display map specified
grid margin:     6.00
grid spacing:     0.70
non-bonded cutoff:    20.00
ligand/sitepoints file: 
protein coordinates/parameters file: 
output map/grid files will be written to the current directory
vis files will be written
protein charges will be modified to reduce formal charges and adjust donor/acceptor potentials
protein radii will be modified to allow closer approach to donor and acceptor heteroatoms
phobic areas will be modified to emphasize enclosed regions and to deemphasize exposed regions using alternative method
all input instructions read
 Getting site data
ligand xcm,ycm,zcm,xrange,yrange,zrange 58.237 47.329 74.123  6.000  2.000  5.000

 Reusing receptor data from site-finding stage.

Sitemap: electrostatic+vdw interaction energy
Map field of *enzyme* in region of *inhibitor*

computing site maps ...
grid lim (orig)  49.237  67.237  40.329  54.329  65.623  82.623
grid lim (adj)   49.137  67.337  39.979  54.679  65.373  82.873
grid point counts   27   22   26
total grid points   15444

 5675 receptor atoms read
grid: adjdip
number of grid points within emin, emax limits =    12881
 maximum grid value before cutoff =               -0.207
 minimum grid value before cutoff =   -595.516

philic and phobic grids formed
grid: surf
number of grid points within emin, emax limits =     2738
 maximum grid value before cutoff =         39172012.360
 minimum grid value before cutoff =     -3.282

grid: phil
number of grid points within emin, emax limits =     2786
 maximum grid value before cutoff =         39171962.360
 minimum grid value before cutoff =    -24.943

grid: phob
number of grid points within emin, emax limits =     1305
 maximum grid value before cutoff =         39172027.360
 minimum grid value before cutoff =     -1.737

mod_phobic: phobthresh, philthresh =  -0.250  -3.000
 maximum number of atoms in a sitebox =           8
 boxes, patoms in boxes, empty boxes =       12369        5675       10254
Average phobic potential changed from  -0.830 to  -0.518 for  439 grid points

number of phobic points =   541   average phobic score =   0.79
number of philic points =  2245   average philic score =  -5.79

number of qualifying surf grid points =      460

number of qualifying phil grid points =      566

number of qualifying phob grid points =       82

number of qualifying accptr grid points =      293

number of qualifying donor grid points =      254

number of qualifying metal grid points =        0

visgrd volume surf                                                                            
visgrd author sitemap                                                                         
visgrd property name surf                                                                            
visgrd qualifying points   2220
visgrd default map values       1       1.00      2
visgrd number of dims    3
visgrd dimensions         27        22        26
visgrd axis scales      0.700     0.700     0.700

visgrd volume hydrophil                                                                       
visgrd author sitemap                                                                         
visgrd property name phil                                                                            
visgrd qualifying points    566
visgrd default map values       1      -8.00     10
visgrd number of dims    3
visgrd dimensions         27        22        26
visgrd axis scales      0.700     0.700     0.700

visgrd volume hydrophob                                                                       
visgrd author sitemap                                                                         
visgrd property name phob                                                                            
visgrd qualifying points    197
visgrd default map values       1      -0.50     13
visgrd number of dims    3
visgrd dimensions         27        22        26
visgrd axis scales      0.700     0.700     0.700

visgrd volume hbacceptor                                                                      
visgrd author sitemap                                                                         
visgrd property name accptr                                                                          
visgrd qualifying points    293
visgrd default map values       1      -8.00     16
visgrd number of dims    3
visgrd dimensions         27        22        26
visgrd axis scales      0.700     0.700     0.700

visgrd volume hbdonor                                                                         
visgrd author sitemap                                                                         
visgrd property name donor                                                                           
visgrd qualifying points    254
visgrd default map values       1      -8.00      5
visgrd number of dims    3
visgrd dimensions         27        22        26
visgrd axis scales      0.700     0.700     0.700

-- Evaluating site  1 --
Ligand/site-points file: 
Protein coordinates/parameters file: 
extend =   3
 Verbosity flags: F F F F F
all SiteMap grid files will be read
the protein charges will be modified to reduce formal charges and adjust donor/acceptor potentials
protein radii will be modified to allow closer approach to donor and acceptor heteroatoms
phobic areas emphasize enclosed regions and deemphasize exposed regions using alternative method
site-point set will be augmented by including significant nearby points
  threshold for adding phobic points:  -0.500
  threshold for adding philic points:  -8.000
base name for SiteMap grid files: 
 Reusing grid data
reusing site data
Number of protein atoms:    5675
 
phobic grid file reshaped
philic grid file reshaped
donor grid file reshaped
acceptor grid file reshaped
metal grid file reshaped
surf grid file reshaped
 maximum number of atoms in a sitebox =           8


Number of site points   38  first shell   55  higher shells   70   dirscore   0.887
1 vdw  -1.496   phob  -0.264   phil  -4.970   donor  -2.193   acceptor  -2.777   metal   0.000
2               phob  -0.126   phil  -4.810   donor  -2.381   acceptor  -2.429   metal   0.000

SiteScore size   Dscore  volume  exposure enclosure contact  phobic   philic   balance  don/acc
  1.053    81    0.946   267.20    0.607    0.887    1.154    0.873    1.327    0.658    0.790

-- Done with site  1 --

== End SiteMap calculation ==

Wrote 1 sites to "md0_crop200_coa_out.maegz".

Current time: Sun Jan 22 12:19:12 2023
Elapsed time: 0:00:04.63
SiteMap successfully completed.

