--------------------------------------------------------------------------------
JobId          : X299-0-63cd09c5
Name           : md0_crop160_coa
Program        : SiteMap
Version        : 2021-4 build 135
Host           : X299
Dir            : /mnt/3a29b482-dac1-4563-be89-d63ad92354e9/cers_modelling/md_sampling_cers_models/charmm_gui_systems/cers2_10pc_chol/sitemaps
HostEntry      : localhost
JobHost        : X299
JobDir         : /scratch/tamir/md0_crop160_coa
JobSchrodinger : /opt/schrodinger2021-4
Commandline    : /opt/schrodinger2021-4/sitemap md0_crop160_coa.in -WAIT
StartTime      : 2023-01-22-12:02:45
--------------------------------------------------------------------------------

== Begin input keywords ==
ADDPHIL  -8.0
ADDPHOB  -0.5
ADDSP  True
COMPRESS  True
CUTOFF  20.0
D2THRESH  3.1
DTHRESH  6.5
DVSCALE  2.5
ENCLOSURE  0.5
EXTEND  3
FAKE  False
FFIELD  OPLS_2005
GRID  0.7
KEEPELEC  False
KEEPVDW  False
KEEPVOLPTS  True
KMAX  3
KMAX2  5
MAPDIST  4.0
MARGIN  6.0
MAXDIST  8.0
MAXSITES  1
MAXVDW  1.1
MINGROUP  3
MODCHARGES  True
MODPHOBIC  3
NEARRES  3.5
NTHRESH  3
PROT  md0_crop160.mae
R2THRESH  4.1
REPORTSIZE  10
ROUND  False
RTHRESH  5.0
VERBOSITY  0
WRITEGRIDS  False
WRITEPOT  False
WRITESTRUCTS  True
WRITEVIS  True
XCENT  58.498497009277344
XRANGE  10.0
YCENT  44.91849899291992
YRANGE  10.0
ZCENT  74.73000049591064
ZRANGE  10.0
== End input keywords ==

== Begin single-receptor SiteMap calculation ==

-- Begin site search --
 Parameters for this calculation:
 sitecut =  0.500000000000000     
 sitescmin =   1.10000000000000     
 afactor =   1.00000000000000     
 bfactor =   1.00000000000000     
 imaxsite =           8
 ithresh =           3
 mingroup =           3
 kmax =           3
 kmax2 =           5
 r2thresh =   4.10000000000000     
 dvscale =   2.50000000000000     
 dvscnorm =   2.50000000000000     
 dvscbig =   2.50000000000000     
 border =   2.00000000000000     
 dthresh =   6.50000000000000     
 rthresh =   5.00000000000000     
 maxgroup =         100
 r2thresh =   4.10000000000000     
 nthresh =           3
 ndir =         110
 use_vdw = T
 repname = none
 repsize =          10
 maxrep =           1
 sitelis = sites.lis
 profile = none
 sitelig = none
 siteasl = none
 use_sitelig =  F
 sitebox =  -999.000000000000     
 writepdb =  F
 number of protein atoms =        5675
Starting findsites:  Sunday, January 22 2023, at 12:02:48 IST
ptypes obtained:  Sunday, January 22 2023, at 12:02:49 IST
lj parameters obtained:  Sunday, January 22 2023, at 12:02:49 IST
Basic parameters obtained:  Sunday, January 22 2023, at 12:02:49 IST
Receptor parameterization completed:  Sunday, January 22 2023, at 12:02:49 IST
 scaled value of sitecut =   55.0000000000000     
 sphere directions set up         110
Sunday, January 22 2023, at 12:02:49 IST
 FINDSITE will use user-specified box
Centroid of box:  58.498  44.918  74.730
 boundaries   53.4984970092773        63.4984970092773     
   39.9184989929199        49.9184989929199        69.7300004959106     
   79.7300004959106     
 box          10          10          10
 maximum number of atoms in a sitebox =           6
Site points found:  Sunday, January 22 2023, at 12:02:49 IST
 boxes, patoms in boxes, empty boxes =         125         250          36
 total, outside sites =        1000         168
Site points pruned:  Sunday, January 22 2023, at 12:02:49 IST
final goodsites =        60
         4 sites will be removed
        56 good sites remain
Number of site groups found =     1

  Group  index  size  score     x       y       z     stdev
    1      1     56    1.34   57.67   46.35   73.58    2.88
Sites linked and merged:  Sunday, January 22 2023, at 12:02:49 IST
 Storing receptor data

Site-finding complete.
Number of sites to map/eval:  1

-- Mapping site  1 --
jobname: md0_crop160_coa_site_1
all SiteMap grid files will be generated
 philic map specified
 phobic map specified
 donor map specified
 acceptor map specified
 metal-ligation map specified
 surface-display map specified
grid margin:     6.00
grid spacing:     0.70
non-bonded cutoff:    20.00
ligand/sitepoints file: 
protein coordinates/parameters file: 
output map/grid files will be written to the current directory
vis files will be written
protein charges will be modified to reduce formal charges and adjust donor/acceptor potentials
protein radii will be modified to allow closer approach to donor and acceptor heteroatoms
phobic areas will be modified to emphasize enclosed regions and to deemphasize exposed regions using alternative method
all input instructions read
 Getting site data
ligand xcm,ycm,zcm,xrange,yrange,zrange 58.998 45.918 74.230  7.000  4.000  7.000

 Reusing receptor data from site-finding stage.

Sitemap: electrostatic+vdw interaction energy
Map field of *enzyme* in region of *inhibitor*

computing site maps ...
grid lim (orig)  49.498  68.498  37.918  53.918  64.730  83.730
grid lim (adj)   49.198  68.798  37.868  53.968  64.430  84.030
grid point counts   29   24   29
total grid points   20184

 5675 receptor atoms read
grid: adjdip
number of grid points within emin, emax limits =    16785
 maximum grid value before cutoff =               -0.234
 minimum grid value before cutoff =   -706.624

philic and phobic grids formed
grid: surf
number of grid points within emin, emax limits =     3184
 maximum grid value before cutoff =         42107306.823
 minimum grid value before cutoff =     -2.889

grid: phil
number of grid points within emin, emax limits =     3577
 maximum grid value before cutoff =         42107256.823
 minimum grid value before cutoff =    -22.171

grid: phob
number of grid points within emin, emax limits =     1611
 maximum grid value before cutoff =         42107321.823
 minimum grid value before cutoff =     -1.960

mod_phobic: phobthresh, philthresh =  -0.250  -3.000
 maximum number of atoms in a sitebox =           8
 boxes, patoms in boxes, empty boxes =       12369        5675       10294
Average phobic potential changed from  -0.854 to  -0.524 for  414 grid points

number of phobic points =   545   average phobic score =   0.81
number of philic points =  3032   average philic score =  -5.17

number of qualifying surf grid points =      527

number of qualifying phil grid points =      642

number of qualifying phob grid points =       77

number of qualifying accptr grid points =      285

number of qualifying donor grid points =      329

number of qualifying metal grid points =        0

visgrd volume surf                                                                            
visgrd author sitemap                                                                         
visgrd property name surf                                                                            
visgrd qualifying points   2902
visgrd default map values       1       1.00      2
visgrd number of dims    3
visgrd dimensions         29        24        29
visgrd axis scales      0.700     0.700     0.700

visgrd volume hydrophil                                                                       
visgrd author sitemap                                                                         
visgrd property name phil                                                                            
visgrd qualifying points    642
visgrd default map values       1      -8.00     10
visgrd number of dims    3
visgrd dimensions         29        24        29
visgrd axis scales      0.700     0.700     0.700

visgrd volume hydrophob                                                                       
visgrd author sitemap                                                                         
visgrd property name phob                                                                            
visgrd qualifying points    200
visgrd default map values       1      -0.50     13
visgrd number of dims    3
visgrd dimensions         29        24        29
visgrd axis scales      0.700     0.700     0.700

visgrd volume hbacceptor                                                                      
visgrd author sitemap                                                                         
visgrd property name accptr                                                                          
visgrd qualifying points    285
visgrd default map values       1      -8.00     16
visgrd number of dims    3
visgrd dimensions         29        24        29
visgrd axis scales      0.700     0.700     0.700

visgrd volume hbdonor                                                                         
visgrd author sitemap                                                                         
visgrd property name donor                                                                           
visgrd qualifying points    329
visgrd default map values       1      -8.00      5
visgrd number of dims    3
visgrd dimensions         29        24        29
visgrd axis scales      0.700     0.700     0.700

-- Evaluating site  1 --
Ligand/site-points file: 
Protein coordinates/parameters file: 
extend =   3
 Verbosity flags: F F F F F
all SiteMap grid files will be read
the protein charges will be modified to reduce formal charges and adjust donor/acceptor potentials
protein radii will be modified to allow closer approach to donor and acceptor heteroatoms
phobic areas emphasize enclosed regions and deemphasize exposed regions using alternative method
site-point set will be augmented by including significant nearby points
  threshold for adding phobic points:  -0.500
  threshold for adding philic points:  -8.000
base name for SiteMap grid files: 
 Reusing grid data
reusing site data
Number of protein atoms:    5675
 
phobic grid file reshaped
philic grid file reshaped
donor grid file reshaped
acceptor grid file reshaped
metal grid file reshaped
surf grid file reshaped
 maximum number of atoms in a sitebox =           8


Number of site points   56  first shell   68  higher shells   72   dirscore   0.869
1 vdw  -1.472   phob  -0.255   phil  -4.805   donor  -2.049   acceptor  -2.755   metal   0.000
2               phob  -0.112   phil  -4.642   donor  -2.347   acceptor  -2.295   metal   0.000

SiteScore size   Dscore  volume  exposure enclosure contact  phobic   philic   balance  don/acc
  1.114   102    1.043   328.25    0.579    0.869    1.136    0.775    1.283    0.604    0.744

-- Done with site  1 --

== End SiteMap calculation ==

Wrote 1 sites to "md0_crop160_coa_out.maegz".

Current time: Sun Jan 22 12:02:51 2023
Elapsed time: 0:00:04.91
SiteMap successfully completed.

