--------------------------------------------------------------------------------
JobId          : X299-0-63cd1a9d
Name           : md0_crop338_sph
Program        : SiteMap
Version        : 2021-4 build 135
Host           : X299
Dir            : /mnt/3a29b482-dac1-4563-be89-d63ad92354e9/cers_modelling/md_sampling_cers_models/charmm_gui_systems/cers2_10pc_chol/sitemaps
HostEntry      : localhost
JobHost        : X299
JobDir         : /scratch/tamir/md0_crop338_sph
JobSchrodinger : /opt/schrodinger2021-4
Commandline    : /opt/schrodinger2021-4/sitemap md0_crop338_sph.in -WAIT
StartTime      : 2023-01-22-13:14:37
--------------------------------------------------------------------------------

== Begin input keywords ==
ADDPHIL  -8.0
ADDPHOB  -0.5
ADDSP  True
COMPRESS  True
CUTOFF  20.0
D2THRESH  3.1
DTHRESH  6.5
DVSCALE  2.5
ENCLOSURE  0.5
EXTEND  3
FAKE  False
FFIELD  OPLS_2005
GRID  0.7
KEEPELEC  False
KEEPVDW  False
KEEPVOLPTS  True
KMAX  3
KMAX2  5
MAPDIST  4.0
MARGIN  6.0
MAXDIST  8.0
MAXSITES  1
MAXVDW  1.1
MINGROUP  3
MODCHARGES  True
MODPHOBIC  3
NEARRES  3.5
NTHRESH  3
PROT  md0_crop338.mae
R2THRESH  4.1
REPORTSIZE  10
ROUND  False
RTHRESH  5.0
VERBOSITY  0
WRITEGRIDS  False
WRITEPOT  False
WRITESTRUCTS  True
WRITEVIS  True
XCENT  46.02999687194824
XRANGE  10.0
YCENT  41.86999797821045
YRANGE  10.0
ZCENT  62.243003845214844
ZRANGE  10.0
== End input keywords ==

== Begin single-receptor SiteMap calculation ==

-- Begin site search --
 Parameters for this calculation:
 sitecut =  0.500000000000000     
 sitescmin =   1.10000000000000     
 afactor =   1.00000000000000     
 bfactor =   1.00000000000000     
 imaxsite =           8
 ithresh =           3
 mingroup =           3
 kmax =           3
 kmax2 =           5
 r2thresh =   4.10000000000000     
 dvscale =   2.50000000000000     
 dvscnorm =   2.50000000000000     
 dvscbig =   2.50000000000000     
 border =   2.00000000000000     
 dthresh =   6.50000000000000     
 rthresh =   5.00000000000000     
 maxgroup =         100
 r2thresh =   4.10000000000000     
 nthresh =           3
 ndir =         110
 use_vdw = T
 repname = none
 repsize =          10
 maxrep =           1
 sitelis = sites.lis
 profile = none
 sitelig = none
 siteasl = none
 use_sitelig =  F
 sitebox =  -999.000000000000     
 writepdb =  F
 number of protein atoms =        5677
Starting findsites:  Sunday, January 22 2023, at 13:14:41 IST
ptypes obtained:  Sunday, January 22 2023, at 13:14:41 IST
lj parameters obtained:  Sunday, January 22 2023, at 13:14:41 IST
Basic parameters obtained:  Sunday, January 22 2023, at 13:14:41 IST
Receptor parameterization completed:  Sunday, January 22 2023, at 13:14:41 IST
 scaled value of sitecut =   55.0000000000000     
 sphere directions set up         110
Sunday, January 22 2023, at 13:14:41 IST
 FINDSITE will use user-specified box
Centroid of box:  46.030  41.870  62.243
 boundaries   41.0299968719482        51.0299968719482     
   36.8699979782104        46.8699979782104        57.2430038452148     
   67.2430038452148     
 box          10          10          10
 maximum number of atoms in a sitebox =           6
Site points found:  Sunday, January 22 2023, at 13:14:41 IST
 boxes, patoms in boxes, empty boxes =         125         207          46
 total, outside sites =        1000         291
Site points pruned:  Sunday, January 22 2023, at 13:14:41 IST
final goodsites =        25
         5 sites will be removed
        20 good sites remain
Number of site groups found =     1

  Group  index  size  score     x       y       z     stdev
    1      1     20    1.33   47.45   42.57   62.60    1.89
Sites linked and merged:  Sunday, January 22 2023, at 13:14:41 IST
 Storing receptor data

Site-finding complete.
Number of sites to map/eval:  1

-- Mapping site  1 --
jobname: md0_crop338_sph_site_1
all SiteMap grid files will be generated
 philic map specified
 phobic map specified
 donor map specified
 acceptor map specified
 metal-ligation map specified
 surface-display map specified
grid margin:     6.00
grid spacing:     0.70
non-bonded cutoff:    20.00
ligand/sitepoints file: 
protein coordinates/parameters file: 
output map/grid files will be written to the current directory
vis files will be written
protein charges will be modified to reduce formal charges and adjust donor/acceptor potentials
protein radii will be modified to allow closer approach to donor and acceptor heteroatoms
phobic areas will be modified to emphasize enclosed regions and to deemphasize exposed regions using alternative method
all input instructions read
 Getting site data
ligand xcm,ycm,zcm,xrange,yrange,zrange 47.530 42.370 62.743  5.000  3.000  3.000

 Reusing receptor data from site-finding stage.

Sitemap: electrostatic+vdw interaction energy
Map field of *enzyme* in region of *inhibitor*

computing site maps ...
grid lim (orig)  39.030  56.030  34.870  49.870  55.243  70.243
grid lim (adj)   38.780  56.280  34.670  50.070  55.043  70.443
grid point counts   26   23   23
total grid points   13754

 5677 receptor atoms read
grid: adjdip
number of grid points within emin, emax limits =    12344
 maximum grid value before cutoff =               -0.018
 minimum grid value before cutoff =   -626.426

philic and phobic grids formed
grid: surf
number of grid points within emin, emax limits =     2633
 maximum grid value before cutoff =         37165762.126
 minimum grid value before cutoff =     -2.807

grid: phil
number of grid points within emin, emax limits =     3892
 maximum grid value before cutoff =         37165712.126
 minimum grid value before cutoff =    -22.010

grid: phob
number of grid points within emin, emax limits =     2981
 maximum grid value before cutoff =         37165777.126
 minimum grid value before cutoff =     -2.108

mod_phobic: phobthresh, philthresh =  -0.250  -3.000
 maximum number of atoms in a sitebox =           9
 boxes, patoms in boxes, empty boxes =       11571        5677        9463
Average phobic potential changed from  -0.801 to  -0.455 for 1302 grid points

number of phobic points =  2498   average phobic score =   0.55
number of philic points =  1394   average philic score =  -4.01

number of qualifying surf grid points =      486

number of qualifying phil grid points =      185

number of qualifying phob grid points =      165

number of qualifying accptr grid points =       53

number of qualifying donor grid points =      121

number of qualifying metal grid points =        0

visgrd volume surf                                                                            
visgrd author sitemap                                                                         
visgrd property name surf                                                                            
visgrd qualifying points   3553
visgrd default map values       1       1.00      2
visgrd number of dims    3
visgrd dimensions         26        23        23
visgrd axis scales      0.700     0.700     0.700

visgrd volume hydrophil                                                                       
visgrd author sitemap                                                                         
visgrd property name phil                                                                            
visgrd qualifying points    185
visgrd default map values       1      -8.00     10
visgrd number of dims    3
visgrd dimensions         26        23        23
visgrd axis scales      0.700     0.700     0.700

visgrd volume hydrophob                                                                       
visgrd author sitemap                                                                         
visgrd property name phob                                                                            
visgrd qualifying points    496
visgrd default map values       1      -0.50     13
visgrd number of dims    3
visgrd dimensions         26        23        23
visgrd axis scales      0.700     0.700     0.700

visgrd volume hbacceptor                                                                      
visgrd author sitemap                                                                         
visgrd property name accptr                                                                          
visgrd qualifying points     53
visgrd default map values       1      -8.00     16
visgrd number of dims    3
visgrd dimensions         26        23        23
visgrd axis scales      0.700     0.700     0.700

visgrd volume hbdonor                                                                         
visgrd author sitemap                                                                         
visgrd property name donor                                                                           
visgrd qualifying points    121
visgrd default map values       1      -8.00      5
visgrd number of dims    3
visgrd dimensions         26        23        23
visgrd axis scales      0.700     0.700     0.700

-- Evaluating site  1 --
Ligand/site-points file: 
Protein coordinates/parameters file: 
extend =   3
 Verbosity flags: F F F F F
all SiteMap grid files will be read
the protein charges will be modified to reduce formal charges and adjust donor/acceptor potentials
protein radii will be modified to allow closer approach to donor and acceptor heteroatoms
phobic areas emphasize enclosed regions and deemphasize exposed regions using alternative method
site-point set will be augmented by including significant nearby points
  threshold for adding phobic points:  -0.500
  threshold for adding philic points:  -8.000
base name for SiteMap grid files: 
 Reusing grid data
reusing site data
Number of protein atoms:    5677
 
phobic grid file reshaped
philic grid file reshaped
donor grid file reshaped
acceptor grid file reshaped
metal grid file reshaped
surf grid file reshaped
 maximum number of atoms in a sitebox =           9


Number of site points   20  first shell   21  higher shells   58   dirscore   0.827
1 vdw  -1.277   phob  -0.678   phil  -1.406   donor  -1.241   acceptor  -0.165   metal   0.000
2               phob  -0.362   phil  -1.147   donor  -0.069   acceptor  -1.078   metal   0.000

SiteScore size   Dscore  volume  exposure enclosure contact  phobic   philic   balance  don/acc
  0.983    47    1.018   164.64    0.627    0.827    0.986    2.513    0.375    6.693    7.502

-- Done with site  1 --

== End SiteMap calculation ==

Wrote 1 sites to "md0_crop338_sph_out.maegz".

Current time: Sun Jan 22 13:14:43 2023
Elapsed time: 0:00:04.75
SiteMap successfully completed.

