--------------------------------------------------------------------------------
JobId          : X299-0-63cd227d
Name           : md0_crop420_coa
Program        : SiteMap
Version        : 2021-4 build 135
Host           : X299
Dir            : /mnt/3a29b482-dac1-4563-be89-d63ad92354e9/cers_modelling/md_sampling_cers_models/charmm_gui_systems/cers2_10pc_chol/sitemaps
HostEntry      : localhost
JobHost        : X299
JobDir         : /scratch/tamir/md0_crop420_coa
JobSchrodinger : /opt/schrodinger2021-4
Commandline    : /opt/schrodinger2021-4/sitemap md0_crop420_coa.in -WAIT
StartTime      : 2023-01-22-13:48:13
--------------------------------------------------------------------------------

== Begin input keywords ==
ADDPHIL  -8.0
ADDPHOB  -0.5
ADDSP  True
COMPRESS  True
CUTOFF  20.0
D2THRESH  3.1
DTHRESH  6.5
DVSCALE  2.5
ENCLOSURE  0.5
EXTEND  3
FAKE  False
FFIELD  OPLS_2005
GRID  0.7
KEEPELEC  False
KEEPVDW  False
KEEPVOLPTS  True
KMAX  3
KMAX2  5
MAPDIST  4.0
MARGIN  6.0
MAXDIST  8.0
MAXSITES  1
MAXVDW  1.1
MINGROUP  3
MODCHARGES  True
MODPHOBIC  3
NEARRES  3.5
NTHRESH  3
PROT  md0_crop420.mae
R2THRESH  4.1
REPORTSIZE  10
ROUND  False
RTHRESH  5.0
VERBOSITY  0
WRITEGRIDS  False
WRITEPOT  False
WRITESTRUCTS  True
WRITEVIS  True
XCENT  56.83350086212158
XRANGE  10.0
YCENT  44.85599994659424
YRANGE  10.0
ZCENT  77.95650005340576
ZRANGE  10.0
== End input keywords ==

== Begin single-receptor SiteMap calculation ==

-- Begin site search --
 Parameters for this calculation:
 sitecut =  0.500000000000000     
 sitescmin =   1.10000000000000     
 afactor =   1.00000000000000     
 bfactor =   1.00000000000000     
 imaxsite =           8
 ithresh =           3
 mingroup =           3
 kmax =           3
 kmax2 =           5
 r2thresh =   4.10000000000000     
 dvscale =   2.50000000000000     
 dvscnorm =   2.50000000000000     
 dvscbig =   2.50000000000000     
 border =   2.00000000000000     
 dthresh =   6.50000000000000     
 rthresh =   5.00000000000000     
 maxgroup =         100
 r2thresh =   4.10000000000000     
 nthresh =           3
 ndir =         110
 use_vdw = T
 repname = none
 repsize =          10
 maxrep =           1
 sitelis = sites.lis
 profile = none
 sitelig = none
 siteasl = none
 use_sitelig =  F
 sitebox =  -999.000000000000     
 writepdb =  F
 number of protein atoms =        5674
Starting findsites:  Sunday, January 22 2023, at 13:48:16 IST
ptypes obtained:  Sunday, January 22 2023, at 13:48:17 IST
lj parameters obtained:  Sunday, January 22 2023, at 13:48:17 IST
Basic parameters obtained:  Sunday, January 22 2023, at 13:48:17 IST
Receptor parameterization completed:  Sunday, January 22 2023, at 13:48:17 IST
 scaled value of sitecut =   55.0000000000000     
 sphere directions set up         110
Sunday, January 22 2023, at 13:48:17 IST
 FINDSITE will use user-specified box
Centroid of box:  56.834  44.856  77.957
 boundaries   51.8335008621216        61.8335008621216     
   39.8559999465942        49.8559999465942        72.9565000534058     
   82.9565000534058     
 box          10          10          10
 maximum number of atoms in a sitebox =           8
Site points found:  Sunday, January 22 2023, at 13:48:17 IST
 boxes, patoms in boxes, empty boxes =         125         248          34
 total, outside sites =        1000         133
Site points pruned:  Sunday, January 22 2023, at 13:48:17 IST
final goodsites =        32
         2 sites will be removed
        30 good sites remain
Number of site groups found =     1

  Group  index  size  score     x       y       z     stdev
    1      1     30    1.35   55.91   47.36   75.84    2.06
Sites linked and merged:  Sunday, January 22 2023, at 13:48:17 IST
 Storing receptor data

Site-finding complete.
Number of sites to map/eval:  1

-- Mapping site  1 --
jobname: md0_crop420_coa_site_1
all SiteMap grid files will be generated
 philic map specified
 phobic map specified
 donor map specified
 acceptor map specified
 metal-ligation map specified
 surface-display map specified
grid margin:     6.00
grid spacing:     0.70
non-bonded cutoff:    20.00
ligand/sitepoints file: 
protein coordinates/parameters file: 
output map/grid files will be written to the current directory
vis files will be written
protein charges will be modified to reduce formal charges and adjust donor/acceptor potentials
protein radii will be modified to allow closer approach to donor and acceptor heteroatoms
phobic areas will be modified to emphasize enclosed regions and to deemphasize exposed regions using alternative method
all input instructions read
 Getting site data
ligand xcm,ycm,zcm,xrange,yrange,zrange 56.334 47.356 75.957  5.000  3.000  4.000

 Reusing receptor data from site-finding stage.

Sitemap: electrostatic+vdw interaction energy
Map field of *enzyme* in region of *inhibitor*

computing site maps ...
grid lim (orig)  47.834  64.834  39.856  54.856  67.957  83.957
grid lim (adj)   47.584  65.084  39.656  55.056  67.907  84.007
grid point counts   26   23   24
total grid points   14352

 5674 receptor atoms read
grid: adjdip
number of grid points within emin, emax limits =    11796
 maximum grid value before cutoff =               -0.138
 minimum grid value before cutoff =   -672.637

philic and phobic grids formed
grid: surf
number of grid points within emin, emax limits =     2464
 maximum grid value before cutoff =         34632620.812
 minimum grid value before cutoff =     -2.890

grid: phil
number of grid points within emin, emax limits =     2271
 maximum grid value before cutoff =         34632570.812
 minimum grid value before cutoff =    -25.383

grid: phob
number of grid points within emin, emax limits =      888
 maximum grid value before cutoff =         34632635.812
 minimum grid value before cutoff =     -1.759

mod_phobic: phobthresh, philthresh =  -0.250  -3.000
 maximum number of atoms in a sitebox =           8
 boxes, patoms in boxes, empty boxes =        9367        5674        7274
Average phobic potential changed from  -0.812 to  -0.506 for  200 grid points

number of phobic points =   289   average phobic score =   0.74
number of philic points =  1982   average philic score =  -5.99

number of qualifying surf grid points =      392

number of qualifying phil grid points =      544

number of qualifying phob grid points =       49

number of qualifying accptr grid points =      217

number of qualifying donor grid points =      313

number of qualifying metal grid points =        0

visgrd volume surf                                                                            
visgrd author sitemap                                                                         
visgrd property name surf                                                                            
visgrd qualifying points   1716
visgrd default map values       1       1.00      2
visgrd number of dims    3
visgrd dimensions         26        23        24
visgrd axis scales      0.700     0.700     0.700

visgrd volume hydrophil                                                                       
visgrd author sitemap                                                                         
visgrd property name phil                                                                            
visgrd qualifying points    544
visgrd default map values       1      -8.00     10
visgrd number of dims    3
visgrd dimensions         26        23        24
visgrd axis scales      0.700     0.700     0.700

visgrd volume hydrophob                                                                       
visgrd author sitemap                                                                         
visgrd property name phob                                                                            
visgrd qualifying points     87
visgrd default map values       1      -0.50     13
visgrd number of dims    3
visgrd dimensions         26        23        24
visgrd axis scales      0.700     0.700     0.700

visgrd volume hbacceptor                                                                      
visgrd author sitemap                                                                         
visgrd property name accptr                                                                          
visgrd qualifying points    217
visgrd default map values       1      -8.00     16
visgrd number of dims    3
visgrd dimensions         26        23        24
visgrd axis scales      0.700     0.700     0.700

visgrd volume hbdonor                                                                         
visgrd author sitemap                                                                         
visgrd property name donor                                                                           
visgrd qualifying points    313
visgrd default map values       1      -8.00      5
visgrd number of dims    3
visgrd dimensions         26        23        24
visgrd axis scales      0.700     0.700     0.700

-- Evaluating site  1 --
Ligand/site-points file: 
Protein coordinates/parameters file: 
extend =   3
 Verbosity flags: F F F F F
all SiteMap grid files will be read
the protein charges will be modified to reduce formal charges and adjust donor/acceptor potentials
protein radii will be modified to allow closer approach to donor and acceptor heteroatoms
phobic areas emphasize enclosed regions and deemphasize exposed regions using alternative method
site-point set will be augmented by including significant nearby points
  threshold for adding phobic points:  -0.500
  threshold for adding philic points:  -8.000
base name for SiteMap grid files: 
 Reusing grid data
reusing site data
Number of protein atoms:    5674
 
phobic grid file reshaped
philic grid file reshaped
donor grid file reshaped
acceptor grid file reshaped
metal grid file reshaped
surf grid file reshaped
 maximum number of atoms in a sitebox =           8


Number of site points   30  first shell   55  higher shells   49   dirscore   0.893
1 vdw  -1.474   phob  -0.224   phil  -5.313   donor  -2.437   acceptor  -2.876   metal   0.000
2               phob  -0.066   phil  -5.245   donor  -2.506   acceptor  -2.739   metal   0.000

SiteScore size   Dscore  volume  exposure enclosure contact  phobic   philic   balance  don/acc
  0.975    62    0.814   225.01    0.627    0.893    1.137    0.459    1.419    0.324    0.848

-- Done with site  1 --

== End SiteMap calculation ==

Wrote 1 sites to "md0_crop420_coa_out.maegz".

Current time: Sun Jan 22 13:48:18 2023
Elapsed time: 0:00:04.43
SiteMap successfully completed.

