--------------------------------------------------------------------------------
JobId          : X299-0-63cd162b
Name           : md0_crop291_coa
Program        : SiteMap
Version        : 2021-4 build 135
Host           : X299
Dir            : /mnt/3a29b482-dac1-4563-be89-d63ad92354e9/cers_modelling/md_sampling_cers_models/charmm_gui_systems/cers2_10pc_chol/sitemaps
HostEntry      : localhost
JobHost        : X299
JobDir         : /scratch/tamir/md0_crop291_coa
JobSchrodinger : /opt/schrodinger2021-4
Commandline    : /opt/schrodinger2021-4/sitemap md0_crop291_coa.in -WAIT
StartTime      : 2023-01-22-12:55:40
--------------------------------------------------------------------------------

== Begin input keywords ==
ADDPHIL  -8.0
ADDPHOB  -0.5
ADDSP  True
COMPRESS  True
CUTOFF  20.0
D2THRESH  3.1
DTHRESH  6.5
DVSCALE  2.5
ENCLOSURE  0.5
EXTEND  3
FAKE  False
FFIELD  OPLS_2005
GRID  0.7
KEEPELEC  False
KEEPVDW  False
KEEPVOLPTS  True
KMAX  3
KMAX2  5
MAPDIST  4.0
MARGIN  6.0
MAXDIST  8.0
MAXSITES  1
MAXVDW  1.1
MINGROUP  3
MODCHARGES  True
MODPHOBIC  3
NEARRES  3.5
NTHRESH  3
PROT  md0_crop291.mae
R2THRESH  4.1
REPORTSIZE  10
ROUND  False
RTHRESH  5.0
VERBOSITY  0
WRITEGRIDS  False
WRITEPOT  False
WRITESTRUCTS  True
WRITEVIS  True
XCENT  56.655497550964355
XRANGE  10.0
YCENT  44.80050086975098
YRANGE  10.0
ZCENT  73.30649852752686
ZRANGE  10.0
== End input keywords ==

== Begin single-receptor SiteMap calculation ==

-- Begin site search --
 Parameters for this calculation:
 sitecut =  0.500000000000000     
 sitescmin =   1.10000000000000     
 afactor =   1.00000000000000     
 bfactor =   1.00000000000000     
 imaxsite =           8
 ithresh =           3
 mingroup =           3
 kmax =           3
 kmax2 =           5
 r2thresh =   4.10000000000000     
 dvscale =   2.50000000000000     
 dvscnorm =   2.50000000000000     
 dvscbig =   2.50000000000000     
 border =   2.00000000000000     
 dthresh =   6.50000000000000     
 rthresh =   5.00000000000000     
 maxgroup =         100
 r2thresh =   4.10000000000000     
 nthresh =           3
 ndir =         110
 use_vdw = T
 repname = none
 repsize =          10
 maxrep =           1
 sitelis = sites.lis
 profile = none
 sitelig = none
 siteasl = none
 use_sitelig =  F
 sitebox =  -999.000000000000     
 writepdb =  F
 number of protein atoms =        5674
Starting findsites:  Sunday, January 22 2023, at 12:55:43 IST
ptypes obtained:  Sunday, January 22 2023, at 12:55:43 IST
lj parameters obtained:  Sunday, January 22 2023, at 12:55:43 IST
Basic parameters obtained:  Sunday, January 22 2023, at 12:55:43 IST
Receptor parameterization completed:  Sunday, January 22 2023, at 12:55:43 IST
 scaled value of sitecut =   55.0000000000000     
 sphere directions set up         110
Sunday, January 22 2023, at 12:55:43 IST
 FINDSITE will use user-specified box
Centroid of box:  56.655  44.801  73.306
 boundaries   51.6554975509644        61.6554975509644     
   39.8005008697510        49.8005008697510        68.3064985275269     
   78.3064985275269     
 box          10          10          10
 maximum number of atoms in a sitebox =           7
Site points found:  Sunday, January 22 2023, at 12:55:43 IST
 boxes, patoms in boxes, empty boxes =         125         236          36
 total, outside sites =        1000         178
Site points pruned:  Sunday, January 22 2023, at 12:55:43 IST
final goodsites =        20
         6 sites will be removed
        14 good sites remain
Number of site groups found =     2

  Group  index  size  score     x       y       z     stdev
    1      2      7    1.21   56.61   47.80   76.34    1.07
    2      1      7    1.37   55.58   46.14   70.97    1.54

Inter-group relationships
     g1     g2     n1     n2    dmin    davg   spread  ratio     x1      y1      z1      x2      y2      z2
      1      2      7      7    4.24    5.71    2.61    2.19   56.61   47.80   76.34   55.58   46.14   70.97
 groups           1           2  will be considered for merger
site groups connected   54.66   46.80   77.31  40    3.00   2   3   9
                        53.66   47.80   76.31
 successful merge of groups           1           2
Number of site groups found =     1

  Group  index  size  score     x       y       z     stdev
    1      1     14    1.29   56.06   46.92   73.49    3.15
Sites linked and merged:  Sunday, January 22 2023, at 12:55:43 IST
 Storing receptor data

Site-finding complete.
Number of sites to map/eval:  1

-- Mapping site  1 --
jobname: md0_crop291_coa_site_1
all SiteMap grid files will be generated
 philic map specified
 phobic map specified
 donor map specified
 acceptor map specified
 metal-ligation map specified
 surface-display map specified
grid margin:     6.00
grid spacing:     0.70
non-bonded cutoff:    20.00
ligand/sitepoints file: 
protein coordinates/parameters file: 
output map/grid files will be written to the current directory
vis files will be written
protein charges will be modified to reduce formal charges and adjust donor/acceptor potentials
protein radii will be modified to allow closer approach to donor and acceptor heteroatoms
phobic areas will be modified to emphasize enclosed regions and to deemphasize exposed regions using alternative method
all input instructions read
 Getting site data
ligand xcm,ycm,zcm,xrange,yrange,zrange 55.655 46.301 73.806  4.000  3.000  7.000

 Reusing receptor data from site-finding stage.

Sitemap: electrostatic+vdw interaction energy
Map field of *enzyme* in region of *inhibitor*

computing site maps ...
grid lim (orig)  47.655  63.655  38.801  53.801  64.306  83.306
grid lim (adj)   47.605  63.705  38.601  54.001  64.006  83.606
grid point counts   24   23   29
total grid points   16008

 5674 receptor atoms read
grid: adjdip
number of grid points within emin, emax limits =    13446
 maximum grid value before cutoff =               -0.198
 minimum grid value before cutoff =   -628.487

philic and phobic grids formed
grid: surf
number of grid points within emin, emax limits =     2854
 maximum grid value before cutoff =         35649412.189
 minimum grid value before cutoff =     -3.439

grid: phil
number of grid points within emin, emax limits =     3613
 maximum grid value before cutoff =         35649362.189
 minimum grid value before cutoff =    -25.035

grid: phob
number of grid points within emin, emax limits =     1555
 maximum grid value before cutoff =         35649427.189
 minimum grid value before cutoff =     -1.829

mod_phobic: phobthresh, philthresh =  -0.250  -3.000
 maximum number of atoms in a sitebox =           8
 boxes, patoms in boxes, empty boxes =       12369        5674       10279
Average phobic potential changed from  -0.858 to  -0.562 for  320 grid points

number of phobic points =   475   average phobic score =   0.86
number of philic points =  3138   average philic score =  -4.97

number of qualifying surf grid points =      485

number of qualifying phil grid points =      571

number of qualifying phob grid points =       82

number of qualifying accptr grid points =      218

number of qualifying donor grid points =      338

number of qualifying metal grid points =        0

visgrd volume surf                                                                            
visgrd author sitemap                                                                         
visgrd property name surf                                                                            
visgrd qualifying points   2980
visgrd default map values       1       1.00      2
visgrd number of dims    3
visgrd dimensions         24        23        29
visgrd axis scales      0.700     0.700     0.700

visgrd volume hydrophil                                                                       
visgrd author sitemap                                                                         
visgrd property name phil                                                                            
visgrd qualifying points    571
visgrd default map values       1      -8.00     10
visgrd number of dims    3
visgrd dimensions         24        23        29
visgrd axis scales      0.700     0.700     0.700

visgrd volume hydrophob                                                                       
visgrd author sitemap                                                                         
visgrd property name phob                                                                            
visgrd qualifying points    179
visgrd default map values       1      -0.50     13
visgrd number of dims    3
visgrd dimensions         24        23        29
visgrd axis scales      0.700     0.700     0.700

visgrd volume hbacceptor                                                                      
visgrd author sitemap                                                                         
visgrd property name accptr                                                                          
visgrd qualifying points    218
visgrd default map values       1      -8.00     16
visgrd number of dims    3
visgrd dimensions         24        23        29
visgrd axis scales      0.700     0.700     0.700

visgrd volume hbdonor                                                                         
visgrd author sitemap                                                                         
visgrd property name donor                                                                           
visgrd qualifying points    338
visgrd default map values       1      -8.00      5
visgrd number of dims    3
visgrd dimensions         24        23        29
visgrd axis scales      0.700     0.700     0.700

-- Evaluating site  1 --
Ligand/site-points file: 
Protein coordinates/parameters file: 
extend =   3
 Verbosity flags: F F F F F
all SiteMap grid files will be read
the protein charges will be modified to reduce formal charges and adjust donor/acceptor potentials
protein radii will be modified to allow closer approach to donor and acceptor heteroatoms
phobic areas emphasize enclosed regions and deemphasize exposed regions using alternative method
site-point set will be augmented by including significant nearby points
  threshold for adding phobic points:  -0.500
  threshold for adding philic points:  -8.000
base name for SiteMap grid files: 
 Reusing grid data
reusing site data
Number of protein atoms:    5674
 
phobic grid file reshaped
philic grid file reshaped
donor grid file reshaped
acceptor grid file reshaped
metal grid file reshaped
surf grid file reshaped
 maximum number of atoms in a sitebox =           8


Number of site points   14  first shell   41  higher shells  113   dirscore   0.879
1 vdw  -1.403   phob  -0.323   phil  -4.015   donor  -1.586   acceptor  -2.430   metal   0.000
2               phob  -0.118   phil  -3.904   donor  -2.104   acceptor  -1.799   metal   0.000

SiteScore size   Dscore  volume  exposure enclosure contact  phobic   philic   balance  don/acc
  0.911    51    0.849   290.18    0.751    0.879    1.083    0.822    1.072    0.767    0.653

-- Done with site  1 --

== End SiteMap calculation ==

Wrote 1 sites to "md0_crop291_coa_out.maegz".

Current time: Sun Jan 22 12:55:45 2023
Elapsed time: 0:00:04.73
SiteMap successfully completed.

