--------------------------------------------------------------------------------
JobId          : X299-0-63cd2203
Name           : md0_crop415_sph
Program        : SiteMap
Version        : 2021-4 build 135
Host           : X299
Dir            : /mnt/3a29b482-dac1-4563-be89-d63ad92354e9/cers_modelling/md_sampling_cers_models/charmm_gui_systems/cers2_10pc_chol/sitemaps
HostEntry      : localhost
JobHost        : X299
JobDir         : /scratch/tamir/md0_crop415_sph
JobSchrodinger : /opt/schrodinger2021-4
Commandline    : /opt/schrodinger2021-4/sitemap md0_crop415_sph.in -WAIT
StartTime      : 2023-01-22-13:46:11
--------------------------------------------------------------------------------

== Begin input keywords ==
ADDPHIL  -8.0
ADDPHOB  -0.5
ADDSP  True
COMPRESS  True
CUTOFF  20.0
D2THRESH  3.1
DTHRESH  6.5
DVSCALE  2.5
ENCLOSURE  0.5
EXTEND  3
FAKE  False
FFIELD  OPLS_2005
GRID  0.7
KEEPELEC  False
KEEPVDW  False
KEEPVOLPTS  True
KMAX  3
KMAX2  5
MAPDIST  4.0
MARGIN  6.0
MAXDIST  8.0
MAXSITES  1
MAXVDW  1.1
MINGROUP  3
MODCHARGES  True
MODPHOBIC  3
NEARRES  3.5
NTHRESH  3
PROT  md0_crop415.mae
R2THRESH  4.1
REPORTSIZE  10
ROUND  False
RTHRESH  5.0
VERBOSITY  0
WRITEGRIDS  False
WRITEPOT  False
WRITESTRUCTS  True
WRITEVIS  True
XCENT  44.21800136566162
XRANGE  10.0
YCENT  40.39799690246582
YRANGE  10.0
ZCENT  68.59700202941895
ZRANGE  10.0
== End input keywords ==

== Begin single-receptor SiteMap calculation ==

-- Begin site search --
 Parameters for this calculation:
 sitecut =  0.500000000000000     
 sitescmin =   1.10000000000000     
 afactor =   1.00000000000000     
 bfactor =   1.00000000000000     
 imaxsite =           8
 ithresh =           3
 mingroup =           3
 kmax =           3
 kmax2 =           5
 r2thresh =   4.10000000000000     
 dvscale =   2.50000000000000     
 dvscnorm =   2.50000000000000     
 dvscbig =   2.50000000000000     
 border =   2.00000000000000     
 dthresh =   6.50000000000000     
 rthresh =   5.00000000000000     
 maxgroup =         100
 r2thresh =   4.10000000000000     
 nthresh =           3
 ndir =         110
 use_vdw = T
 repname = none
 repsize =          10
 maxrep =           1
 sitelis = sites.lis
 profile = none
 sitelig = none
 siteasl = none
 use_sitelig =  F
 sitebox =  -999.000000000000     
 writepdb =  F
 number of protein atoms =        5675
Starting findsites:  Sunday, January 22 2023, at 13:46:15 IST
ptypes obtained:  Sunday, January 22 2023, at 13:46:15 IST
lj parameters obtained:  Sunday, January 22 2023, at 13:46:15 IST
Basic parameters obtained:  Sunday, January 22 2023, at 13:46:15 IST
Receptor parameterization completed:  Sunday, January 22 2023, at 13:46:15 IST
 scaled value of sitecut =   55.0000000000000     
 sphere directions set up         110
Sunday, January 22 2023, at 13:46:15 IST
 FINDSITE will use user-specified box
Centroid of box:  44.218  40.398  68.597
 boundaries   39.2180013656616        49.2180013656616     
   35.3979969024658        45.3979969024658        63.5970020294189     
   73.5970020294189     
 box          10          10          10
 maximum number of atoms in a sitebox =           5
Site points found:  Sunday, January 22 2023, at 13:46:15 IST
 boxes, patoms in boxes, empty boxes =         125         204          49
 total, outside sites =        1000         312
Site points pruned:  Sunday, January 22 2023, at 13:46:15 IST
final goodsites =        11
         9 sites will be removed
         2 good sites remain
Number of site groups found =     1

  Group  index  size  score     x       y       z     stdev
    1      1      2    1.24   46.67   41.40   67.60    0.50
Sites linked and merged:  Sunday, January 22 2023, at 13:46:15 IST
 Storing receptor data

Site-finding complete.
Number of sites to map/eval:  1

-- Mapping site  1 --
jobname: md0_crop415_sph_site_1
all SiteMap grid files will be generated
 philic map specified
 phobic map specified
 donor map specified
 acceptor map specified
 metal-ligation map specified
 surface-display map specified
grid margin:     6.00
grid spacing:     0.70
non-bonded cutoff:    20.00
ligand/sitepoints file: 
protein coordinates/parameters file: 
output map/grid files will be written to the current directory
vis files will be written
protein charges will be modified to reduce formal charges and adjust donor/acceptor potentials
protein radii will be modified to allow closer approach to donor and acceptor heteroatoms
phobic areas will be modified to emphasize enclosed regions and to deemphasize exposed regions using alternative method
all input instructions read
 Getting site data
ligand xcm,ycm,zcm,xrange,yrange,zrange 46.718 41.398 67.597  1.000  0.000  0.000

 Reusing receptor data from site-finding stage.

Sitemap: electrostatic+vdw interaction energy
Map field of *enzyme* in region of *inhibitor*

computing site maps ...
grid lim (orig)  40.218  53.218  35.398  47.398  61.597  73.597
grid lim (adj)   40.068  53.368  35.098  47.698  61.297  73.897
grid point counts   20   19   19
total grid points    7220

 5675 receptor atoms read
grid: adjdip
number of grid points within emin, emax limits =     6566
 maximum grid value before cutoff =               -0.088
 minimum grid value before cutoff =   -519.032

philic and phobic grids formed
grid: surf
number of grid points within emin, emax limits =     1580
 maximum grid value before cutoff =         28462520.976
 minimum grid value before cutoff =     -2.428

grid: phil
number of grid points within emin, emax limits =     1843
 maximum grid value before cutoff =         28462470.976
 minimum grid value before cutoff =    -15.667

grid: phob
number of grid points within emin, emax limits =     1177
 maximum grid value before cutoff =         28462535.976
 minimum grid value before cutoff =     -1.987

mod_phobic: phobthresh, philthresh =  -0.250  -3.000
 maximum number of atoms in a sitebox =           9
 boxes, patoms in boxes, empty boxes =       11571        5675        9493
Average phobic potential changed from  -0.802 to  -0.476 for  507 grid points

number of phobic points =   778   average phobic score =   0.73
number of philic points =  1065   average philic score =  -4.39

number of qualifying surf grid points =      279

number of qualifying phil grid points =      134

number of qualifying phob grid points =       67

number of qualifying accptr grid points =       13

number of qualifying donor grid points =      118

number of qualifying metal grid points =        0

visgrd volume surf                                                                            
visgrd author sitemap                                                                         
visgrd property name surf                                                                            
visgrd qualifying points   1609
visgrd default map values       1       1.00      2
visgrd number of dims    3
visgrd dimensions         20        19        19
visgrd axis scales      0.700     0.700     0.700

visgrd volume hydrophil                                                                       
visgrd author sitemap                                                                         
visgrd property name phil                                                                            
visgrd qualifying points    134
visgrd default map values       1      -8.00     10
visgrd number of dims    3
visgrd dimensions         20        19        19
visgrd axis scales      0.700     0.700     0.700

visgrd volume hydrophob                                                                       
visgrd author sitemap                                                                         
visgrd property name phob                                                                            
visgrd qualifying points    189
visgrd default map values       1      -0.50     13
visgrd number of dims    3
visgrd dimensions         20        19        19
visgrd axis scales      0.700     0.700     0.700

visgrd volume hbacceptor                                                                      
visgrd author sitemap                                                                         
visgrd property name accptr                                                                          
visgrd qualifying points     13
visgrd default map values       1      -8.00     16
visgrd number of dims    3
visgrd dimensions         20        19        19
visgrd axis scales      0.700     0.700     0.700

visgrd volume hbdonor                                                                         
visgrd author sitemap                                                                         
visgrd property name donor                                                                           
visgrd qualifying points    118
visgrd default map values       1      -8.00      5
visgrd number of dims    3
visgrd dimensions         20        19        19
visgrd axis scales      0.700     0.700     0.700

-- Evaluating site  1 --
Ligand/site-points file: 
Protein coordinates/parameters file: 
extend =   3
 Verbosity flags: F F F F F
all SiteMap grid files will be read
the protein charges will be modified to reduce formal charges and adjust donor/acceptor potentials
protein radii will be modified to allow closer approach to donor and acceptor heteroatoms
phobic areas emphasize enclosed regions and deemphasize exposed regions using alternative method
site-point set will be augmented by including significant nearby points
  threshold for adding phobic points:  -0.500
  threshold for adding philic points:  -8.000
base name for SiteMap grid files: 
 Reusing grid data
reusing site data
Number of protein atoms:    5675
 
phobic grid file reshaped
philic grid file reshaped
donor grid file reshaped
acceptor grid file reshaped
metal grid file reshaped
surf grid file reshaped
 maximum number of atoms in a sitebox =           9


Number of site points    2  first shell   11  higher shells   40   dirscore   0.832
1 vdw  -1.404   phob  -0.341   phil  -3.414   donor  -3.349   acceptor  -0.066   metal   0.000
2               phob  -0.149   phil  -3.217   donor  -0.121   acceptor  -3.096   metal   0.000

SiteScore size   Dscore  volume  exposure enclosure contact  phobic   philic   balance  don/acc
  0.589     8    0.468   108.73    0.864    0.832    1.083    1.033    0.912    1.133   51.096

-- Done with site  1 --

== End SiteMap calculation ==

Wrote 1 sites to "md0_crop415_sph_out.maegz".

Current time: Sun Jan 22 13:46:16 2023
Elapsed time: 0:00:03.97
SiteMap successfully completed.

