--------------------------------------------------------------------------------
JobId          : X299-0-63cd1aec
Name           : md0_crop341_coa
Program        : SiteMap
Version        : 2021-4 build 135
Host           : X299
Dir            : /mnt/3a29b482-dac1-4563-be89-d63ad92354e9/cers_modelling/md_sampling_cers_models/charmm_gui_systems/cers2_10pc_chol/sitemaps
HostEntry      : localhost
JobHost        : X299
JobDir         : /scratch/tamir/md0_crop341_coa
JobSchrodinger : /opt/schrodinger2021-4
Commandline    : /opt/schrodinger2021-4/sitemap md0_crop341_coa.in -WAIT
StartTime      : 2023-01-22-13:15:56
--------------------------------------------------------------------------------

== Begin input keywords ==
ADDPHIL  -8.0
ADDPHOB  -0.5
ADDSP  True
COMPRESS  True
CUTOFF  20.0
D2THRESH  3.1
DTHRESH  6.5
DVSCALE  2.5
ENCLOSURE  0.5
EXTEND  3
FAKE  False
FFIELD  OPLS_2005
GRID  0.7
KEEPELEC  False
KEEPVDW  False
KEEPVOLPTS  True
KMAX  3
KMAX2  5
MAPDIST  4.0
MARGIN  6.0
MAXDIST  8.0
MAXSITES  1
MAXVDW  1.1
MINGROUP  3
MODCHARGES  True
MODPHOBIC  3
NEARRES  3.5
NTHRESH  3
PROT  md0_crop341.mae
R2THRESH  4.1
REPORTSIZE  10
ROUND  False
RTHRESH  5.0
VERBOSITY  0
WRITEGRIDS  False
WRITEPOT  False
WRITESTRUCTS  True
WRITEVIS  True
XCENT  57.34000205993652
XRANGE  10.0
YCENT  44.15750026702881
YRANGE  10.0
ZCENT  73.3174991607666
ZRANGE  10.0
== End input keywords ==

== Begin single-receptor SiteMap calculation ==

-- Begin site search --
 Parameters for this calculation:
 sitecut =  0.500000000000000     
 sitescmin =   1.10000000000000     
 afactor =   1.00000000000000     
 bfactor =   1.00000000000000     
 imaxsite =           8
 ithresh =           3
 mingroup =           3
 kmax =           3
 kmax2 =           5
 r2thresh =   4.10000000000000     
 dvscale =   2.50000000000000     
 dvscnorm =   2.50000000000000     
 dvscbig =   2.50000000000000     
 border =   2.00000000000000     
 dthresh =   6.50000000000000     
 rthresh =   5.00000000000000     
 maxgroup =         100
 r2thresh =   4.10000000000000     
 nthresh =           3
 ndir =         110
 use_vdw = T
 repname = none
 repsize =          10
 maxrep =           1
 sitelis = sites.lis
 profile = none
 sitelig = none
 siteasl = none
 use_sitelig =  F
 sitebox =  -999.000000000000     
 writepdb =  F
 number of protein atoms =        5676
Starting findsites:  Sunday, January 22 2023, at 13:15:59 IST
ptypes obtained:  Sunday, January 22 2023, at 13:15:59 IST
lj parameters obtained:  Sunday, January 22 2023, at 13:15:59 IST
Basic parameters obtained:  Sunday, January 22 2023, at 13:15:59 IST
Receptor parameterization completed:  Sunday, January 22 2023, at 13:15:59 IST
 scaled value of sitecut =   55.0000000000000     
 sphere directions set up         110
Sunday, January 22 2023, at 13:15:59 IST
 FINDSITE will use user-specified box
Centroid of box:  57.340  44.158  73.317
 boundaries   52.3400020599365        62.3400020599365     
   39.1575002670288        49.1575002670288        68.3174991607666     
   78.3174991607666     
 box          10          10          10
 maximum number of atoms in a sitebox =           7
Site points found:  Sunday, January 22 2023, at 13:16:00 IST
 boxes, patoms in boxes, empty boxes =         125         238          38
 total, outside sites =        1000         189
Site points pruned:  Sunday, January 22 2023, at 13:16:00 IST
final goodsites =        26
         2 sites will be removed
        24 good sites remain
Number of site groups found =     1

  Group  index  size  score     x       y       z     stdev
    1      1     24    1.27   55.51   46.16   71.84    1.94
Sites linked and merged:  Sunday, January 22 2023, at 13:16:00 IST
 Storing receptor data

Site-finding complete.
Number of sites to map/eval:  1

-- Mapping site  1 --
jobname: md0_crop341_coa_site_1
all SiteMap grid files will be generated
 philic map specified
 phobic map specified
 donor map specified
 acceptor map specified
 metal-ligation map specified
 surface-display map specified
grid margin:     6.00
grid spacing:     0.70
non-bonded cutoff:    20.00
ligand/sitepoints file: 
protein coordinates/parameters file: 
output map/grid files will be written to the current directory
vis files will be written
protein charges will be modified to reduce formal charges and adjust donor/acceptor potentials
protein radii will be modified to allow closer approach to donor and acceptor heteroatoms
phobic areas will be modified to emphasize enclosed regions and to deemphasize exposed regions using alternative method
all input instructions read
 Getting site data
ligand xcm,ycm,zcm,xrange,yrange,zrange 55.840 45.658 71.817  3.000  3.000  5.000

 Reusing receptor data from site-finding stage.

Sitemap: electrostatic+vdw interaction energy
Map field of *enzyme* in region of *inhibitor*

computing site maps ...
grid lim (orig)  48.340  63.340  38.158  53.158  63.317  80.317
grid lim (adj)   48.140  63.540  37.958  53.358  63.067  80.567
grid point counts   23   23   26
total grid points   13754

 5676 receptor atoms read
grid: adjdip
number of grid points within emin, emax limits =    11417
 maximum grid value before cutoff =               -0.126
 minimum grid value before cutoff =   -701.735

philic and phobic grids formed
grid: surf
number of grid points within emin, emax limits =     2501
 maximum grid value before cutoff =         41481862.208
 minimum grid value before cutoff =     -3.069

grid: phil
number of grid points within emin, emax limits =     2748
 maximum grid value before cutoff =         41481812.208
 minimum grid value before cutoff =    -26.862

grid: phob
number of grid points within emin, emax limits =     1289
 maximum grid value before cutoff =         41481877.208
 minimum grid value before cutoff =     -2.029

mod_phobic: phobthresh, philthresh =  -0.250  -3.000
 maximum number of atoms in a sitebox =           9
 boxes, patoms in boxes, empty boxes =       12369        5676       10275
Average phobic potential changed from  -0.749 to  -0.444 for  364 grid points

number of phobic points =   604   average phobic score =   0.68
number of philic points =  2144   average philic score =  -5.89

number of qualifying surf grid points =      400

number of qualifying phil grid points =      557

number of qualifying phob grid points =       34

number of qualifying accptr grid points =      281

number of qualifying donor grid points =      270

number of qualifying metal grid points =        0

visgrd volume surf                                                                            
visgrd author sitemap                                                                         
visgrd property name surf                                                                            
visgrd qualifying points   2183
visgrd default map values       1       1.00      2
visgrd number of dims    3
visgrd dimensions         23        23        26
visgrd axis scales      0.700     0.700     0.700

visgrd volume hydrophil                                                                       
visgrd author sitemap                                                                         
visgrd property name phil                                                                            
visgrd qualifying points    557
visgrd default map values       1      -8.00     10
visgrd number of dims    3
visgrd dimensions         23        23        26
visgrd axis scales      0.700     0.700     0.700

visgrd volume hydrophob                                                                       
visgrd author sitemap                                                                         
visgrd property name phob                                                                            
visgrd qualifying points    128
visgrd default map values       1      -0.50     13
visgrd number of dims    3
visgrd dimensions         23        23        26
visgrd axis scales      0.700     0.700     0.700

visgrd volume hbacceptor                                                                      
visgrd author sitemap                                                                         
visgrd property name accptr                                                                          
visgrd qualifying points    281
visgrd default map values       1      -8.00     16
visgrd number of dims    3
visgrd dimensions         23        23        26
visgrd axis scales      0.700     0.700     0.700

visgrd volume hbdonor                                                                         
visgrd author sitemap                                                                         
visgrd property name donor                                                                           
visgrd qualifying points    270
visgrd default map values       1      -8.00      5
visgrd number of dims    3
visgrd dimensions         23        23        26
visgrd axis scales      0.700     0.700     0.700

-- Evaluating site  1 --
Ligand/site-points file: 
Protein coordinates/parameters file: 
extend =   3
 Verbosity flags: F F F F F
all SiteMap grid files will be read
the protein charges will be modified to reduce formal charges and adjust donor/acceptor potentials
protein radii will be modified to allow closer approach to donor and acceptor heteroatoms
phobic areas emphasize enclosed regions and deemphasize exposed regions using alternative method
site-point set will be augmented by including significant nearby points
  threshold for adding phobic points:  -0.500
  threshold for adding philic points:  -8.000
base name for SiteMap grid files: 
 Reusing grid data
reusing site data
Number of protein atoms:    5676
 
phobic grid file reshaped
philic grid file reshaped
donor grid file reshaped
acceptor grid file reshaped
metal grid file reshaped
surf grid file reshaped
 maximum number of atoms in a sitebox =           9


Number of site points   24  first shell   48  higher shells   35   dirscore   0.879
1 vdw  -1.424   phob  -0.200   phil  -5.126   donor  -2.120   acceptor  -3.006   metal   0.000
2               phob  -0.072   phil  -4.944   donor  -2.836   acceptor  -2.108   metal   0.000

SiteScore size   Dscore  volume  exposure enclosure contact  phobic   philic   balance  don/acc
  0.874    44    0.704   216.78    0.654    0.879    1.099    0.501    1.369    0.366    0.705

-- Done with site  1 --

== End SiteMap calculation ==

Wrote 1 sites to "md0_crop341_coa_out.maegz".

Current time: Sun Jan 22 13:16:01 2023
Elapsed time: 0:00:04.50
SiteMap successfully completed.

