--------------------------------------------------------------------------------
JobId          : X299-0-63cd0456
Name           : md0_crop103_coa
Program        : SiteMap
Version        : 2021-4 build 135
Host           : X299
Dir            : /mnt/3a29b482-dac1-4563-be89-d63ad92354e9/cers_modelling/md_sampling_cers_models/charmm_gui_systems/cers2_10pc_chol/sitemaps
HostEntry      : localhost
JobHost        : X299
JobDir         : /scratch/tamir/md0_crop103_coa
JobSchrodinger : /opt/schrodinger2021-4
Commandline    : /opt/schrodinger2021-4/sitemap md0_crop103_coa.in -WAIT
StartTime      : 2023-01-22-11:39:35
--------------------------------------------------------------------------------

== Begin input keywords ==
ADDPHIL  -8.0
ADDPHOB  -0.5
ADDSP  True
COMPRESS  True
CUTOFF  20.0
D2THRESH  3.1
DTHRESH  6.5
DVSCALE  2.5
ENCLOSURE  0.5
EXTEND  3
FAKE  False
FFIELD  OPLS_2005
GRID  0.7
KEEPELEC  False
KEEPVDW  False
KEEPVOLPTS  True
KMAX  3
KMAX2  5
MAPDIST  4.0
MARGIN  6.0
MAXDIST  8.0
MAXSITES  1
MAXVDW  1.1
MINGROUP  3
MODCHARGES  True
MODPHOBIC  3
NEARRES  3.5
NTHRESH  3
PROT  md0_crop103.mae
R2THRESH  4.1
REPORTSIZE  10
ROUND  False
RTHRESH  5.0
VERBOSITY  0
WRITEGRIDS  False
WRITEPOT  False
WRITESTRUCTS  True
WRITEVIS  True
XCENT  57.68700122833252
XRANGE  10.0
YCENT  46.55200004577637
YRANGE  10.0
ZCENT  72.39899635314941
ZRANGE  10.0
== End input keywords ==

== Begin single-receptor SiteMap calculation ==

-- Begin site search --
 Parameters for this calculation:
 sitecut =  0.500000000000000     
 sitescmin =   1.10000000000000     
 afactor =   1.00000000000000     
 bfactor =   1.00000000000000     
 imaxsite =           8
 ithresh =           3
 mingroup =           3
 kmax =           3
 kmax2 =           5
 r2thresh =   4.10000000000000     
 dvscale =   2.50000000000000     
 dvscnorm =   2.50000000000000     
 dvscbig =   2.50000000000000     
 border =   2.00000000000000     
 dthresh =   6.50000000000000     
 rthresh =   5.00000000000000     
 maxgroup =         100
 r2thresh =   4.10000000000000     
 nthresh =           3
 ndir =         110
 use_vdw = T
 repname = none
 repsize =          10
 maxrep =           1
 sitelis = sites.lis
 profile = none
 sitelig = none
 siteasl = none
 use_sitelig =  F
 sitebox =  -999.000000000000     
 writepdb =  F
 number of protein atoms =        5675
Starting findsites:  Sunday, January 22 2023, at 11:39:38 IST
ptypes obtained:  Sunday, January 22 2023, at 11:39:38 IST
lj parameters obtained:  Sunday, January 22 2023, at 11:39:38 IST
Basic parameters obtained:  Sunday, January 22 2023, at 11:39:38 IST
Receptor parameterization completed:  Sunday, January 22 2023, at 11:39:38 IST
 scaled value of sitecut =   55.0000000000000     
 sphere directions set up         110
Sunday, January 22 2023, at 11:39:38 IST
 FINDSITE will use user-specified box
Centroid of box:  57.687  46.552  72.399
 boundaries   52.6870012283325        62.6870012283325     
   41.5520000457764        51.5520000457764        67.3989963531494     
   77.3989963531494     
 box          10          10          10
 maximum number of atoms in a sitebox =           6
Site points found:  Sunday, January 22 2023, at 11:39:38 IST
 boxes, patoms in boxes, empty boxes =         125         232          40
 total, outside sites =        1000         184
Site points pruned:  Sunday, January 22 2023, at 11:39:38 IST
final goodsites =        25
         6 sites will be removed
        19 good sites remain
Number of site groups found =     1

  Group  index  size  score     x       y       z     stdev
    1      1     19    1.21   56.78   48.53   71.59    2.16
Sites linked and merged:  Sunday, January 22 2023, at 11:39:38 IST
 Storing receptor data

Site-finding complete.
Number of sites to map/eval:  1

-- Mapping site  1 --
jobname: md0_crop103_coa_site_1
all SiteMap grid files will be generated
 philic map specified
 phobic map specified
 donor map specified
 acceptor map specified
 metal-ligation map specified
 surface-display map specified
grid margin:     6.00
grid spacing:     0.70
non-bonded cutoff:    20.00
ligand/sitepoints file: 
protein coordinates/parameters file: 
output map/grid files will be written to the current directory
vis files will be written
protein charges will be modified to reduce formal charges and adjust donor/acceptor potentials
protein radii will be modified to allow closer approach to donor and acceptor heteroatoms
phobic areas will be modified to emphasize enclosed regions and to deemphasize exposed regions using alternative method
all input instructions read
 Getting site data
ligand xcm,ycm,zcm,xrange,yrange,zrange 56.687 48.052 71.899  4.000  3.000  5.000

 Reusing receptor data from site-finding stage.

Sitemap: electrostatic+vdw interaction energy
Map field of *enzyme* in region of *inhibitor*

computing site maps ...
grid lim (orig)  48.687  64.687  40.552  55.552  63.399  80.399
grid lim (adj)   48.637  64.737  40.352  55.752  63.149  80.649
grid point counts   24   23   26
total grid points   14352

 5675 receptor atoms read
grid: adjdip
number of grid points within emin, emax limits =    12130
 maximum grid value before cutoff =               -0.196
 minimum grid value before cutoff =   -577.659

philic and phobic grids formed
grid: surf
number of grid points within emin, emax limits =     2610
 maximum grid value before cutoff =         45698387.904
 minimum grid value before cutoff =     -2.951

grid: phil
number of grid points within emin, emax limits =     3215
 maximum grid value before cutoff =         45698337.904
 minimum grid value before cutoff =    -26.595

grid: phob
number of grid points within emin, emax limits =     1752
 maximum grid value before cutoff =         45698402.904
 minimum grid value before cutoff =     -2.165

mod_phobic: phobthresh, philthresh =  -0.250  -3.000
 maximum number of atoms in a sitebox =           9
 boxes, patoms in boxes, empty boxes =       12369        5675       10280
Average phobic potential changed from  -0.808 to  -0.496 for  565 grid points

number of phobic points =   831   average phobic score =   0.76
number of philic points =  2384   average philic score =  -5.21

number of qualifying surf grid points =      421

number of qualifying phil grid points =      470

number of qualifying phob grid points =       79

number of qualifying accptr grid points =      221

number of qualifying donor grid points =      237

number of qualifying metal grid points =        0

visgrd volume surf                                                                            
visgrd author sitemap                                                                         
visgrd property name surf                                                                            
visgrd qualifying points   2637
visgrd default map values       1       1.00      2
visgrd number of dims    3
visgrd dimensions         24        23        26
visgrd axis scales      0.700     0.700     0.700

visgrd volume hydrophil                                                                       
visgrd author sitemap                                                                         
visgrd property name phil                                                                            
visgrd qualifying points    470
visgrd default map values       1      -8.00     10
visgrd number of dims    3
visgrd dimensions         24        23        26
visgrd axis scales      0.700     0.700     0.700

visgrd volume hydrophob                                                                       
visgrd author sitemap                                                                         
visgrd property name phob                                                                            
visgrd qualifying points    221
visgrd default map values       1      -0.50     13
visgrd number of dims    3
visgrd dimensions         24        23        26
visgrd axis scales      0.700     0.700     0.700

visgrd volume hbacceptor                                                                      
visgrd author sitemap                                                                         
visgrd property name accptr                                                                          
visgrd qualifying points    221
visgrd default map values       1      -8.00     16
visgrd number of dims    3
visgrd dimensions         24        23        26
visgrd axis scales      0.700     0.700     0.700

visgrd volume hbdonor                                                                         
visgrd author sitemap                                                                         
visgrd property name donor                                                                           
visgrd qualifying points    237
visgrd default map values       1      -8.00      5
visgrd number of dims    3
visgrd dimensions         24        23        26
visgrd axis scales      0.700     0.700     0.700

-- Evaluating site  1 --
Ligand/site-points file: 
Protein coordinates/parameters file: 
extend =   3
 Verbosity flags: F F F F F
all SiteMap grid files will be read
the protein charges will be modified to reduce formal charges and adjust donor/acceptor potentials
protein radii will be modified to allow closer approach to donor and acceptor heteroatoms
phobic areas emphasize enclosed regions and deemphasize exposed regions using alternative method
site-point set will be augmented by including significant nearby points
  threshold for adding phobic points:  -0.500
  threshold for adding philic points:  -8.000
base name for SiteMap grid files: 
 Reusing grid data
reusing site data
Number of protein atoms:    5675
 
phobic grid file reshaped
philic grid file reshaped
donor grid file reshaped
acceptor grid file reshaped
metal grid file reshaped
surf grid file reshaped
 maximum number of atoms in a sitebox =           9


Number of site points   19  first shell   40  higher shells   89   dirscore   0.886
1 vdw  -1.383   phob  -0.179   phil  -5.156   donor  -1.721   acceptor  -3.436   metal   0.000
2               phob  -0.073   phil  -4.963   donor  -3.113   acceptor  -1.850   metal   0.000

SiteScore size   Dscore  volume  exposure enclosure contact  phobic   philic   balance  don/acc
  0.906    49    0.741   264.45    0.725    0.886    1.067    0.507    1.377    0.368    0.501

-- Done with site  1 --

== End SiteMap calculation ==

Wrote 1 sites to "md0_crop103_coa_out.maegz".

Current time: Sun Jan 22 11:39:40 2023
Elapsed time: 0:00:04.75
SiteMap successfully completed.

