--------------------------------------------------------------------------------
JobId          : X299-0-63cd04bc
Name           : md0_crop107_coa
Program        : SiteMap
Version        : 2021-4 build 135
Host           : X299
Dir            : /mnt/3a29b482-dac1-4563-be89-d63ad92354e9/cers_modelling/md_sampling_cers_models/charmm_gui_systems/cers2_10pc_chol/sitemaps
HostEntry      : localhost
JobHost        : X299
JobDir         : /scratch/tamir/md0_crop107_coa
JobSchrodinger : /opt/schrodinger2021-4
Commandline    : /opt/schrodinger2021-4/sitemap md0_crop107_coa.in -WAIT
StartTime      : 2023-01-22-11:41:16
--------------------------------------------------------------------------------

== Begin input keywords ==
ADDPHIL  -8.0
ADDPHOB  -0.5
ADDSP  True
COMPRESS  True
CUTOFF  20.0
D2THRESH  3.1
DTHRESH  6.5
DVSCALE  2.5
ENCLOSURE  0.5
EXTEND  3
FAKE  False
FFIELD  OPLS_2005
GRID  0.7
KEEPELEC  False
KEEPVDW  False
KEEPVOLPTS  True
KMAX  3
KMAX2  5
MAPDIST  4.0
MARGIN  6.0
MAXDIST  8.0
MAXSITES  1
MAXVDW  1.1
MINGROUP  3
MODCHARGES  True
MODPHOBIC  3
NEARRES  3.5
NTHRESH  3
PROT  md0_crop107.mae
R2THRESH  4.1
REPORTSIZE  10
ROUND  False
RTHRESH  5.0
VERBOSITY  0
WRITEGRIDS  False
WRITEPOT  False
WRITESTRUCTS  True
WRITEVIS  True
XCENT  58.19700241088867
XRANGE  10.0
YCENT  46.58699989318848
YRANGE  10.0
ZCENT  72.87650108337402
ZRANGE  10.0
== End input keywords ==

== Begin single-receptor SiteMap calculation ==

-- Begin site search --
 Parameters for this calculation:
 sitecut =  0.500000000000000     
 sitescmin =   1.10000000000000     
 afactor =   1.00000000000000     
 bfactor =   1.00000000000000     
 imaxsite =           8
 ithresh =           3
 mingroup =           3
 kmax =           3
 kmax2 =           5
 r2thresh =   4.10000000000000     
 dvscale =   2.50000000000000     
 dvscnorm =   2.50000000000000     
 dvscbig =   2.50000000000000     
 border =   2.00000000000000     
 dthresh =   6.50000000000000     
 rthresh =   5.00000000000000     
 maxgroup =         100
 r2thresh =   4.10000000000000     
 nthresh =           3
 ndir =         110
 use_vdw = T
 repname = none
 repsize =          10
 maxrep =           1
 sitelis = sites.lis
 profile = none
 sitelig = none
 siteasl = none
 use_sitelig =  F
 sitebox =  -999.000000000000     
 writepdb =  F
 number of protein atoms =        5675
Starting findsites:  Sunday, January 22 2023, at 11:41:19 IST
ptypes obtained:  Sunday, January 22 2023, at 11:41:20 IST
lj parameters obtained:  Sunday, January 22 2023, at 11:41:20 IST
Basic parameters obtained:  Sunday, January 22 2023, at 11:41:20 IST
Receptor parameterization completed:  Sunday, January 22 2023, at 11:41:20 IST
 scaled value of sitecut =   55.0000000000000     
 sphere directions set up         110
Sunday, January 22 2023, at 11:41:20 IST
 FINDSITE will use user-specified box
Centroid of box:  58.197  46.587  72.877
 boundaries   53.1970024108887        63.1970024108887     
   41.5869998931885        51.5869998931885        67.8765010833740     
   77.8765010833740     
 box          10          10          10
 maximum number of atoms in a sitebox =           6
Site points found:  Sunday, January 22 2023, at 11:41:20 IST
 boxes, patoms in boxes, empty boxes =         125         236          35
 total, outside sites =        1000         137
Site points pruned:  Sunday, January 22 2023, at 11:41:20 IST
final goodsites =        23
         7 sites will be removed
        16 good sites remain
Number of site groups found =     1

  Group  index  size  score     x       y       z     stdev
    1      1     16    1.31   57.42   48.27   71.03    1.47
Sites linked and merged:  Sunday, January 22 2023, at 11:41:20 IST
 Storing receptor data

Site-finding complete.
Number of sites to map/eval:  1

-- Mapping site  1 --
jobname: md0_crop107_coa_site_1
all SiteMap grid files will be generated
 philic map specified
 phobic map specified
 donor map specified
 acceptor map specified
 metal-ligation map specified
 surface-display map specified
grid margin:     6.00
grid spacing:     0.70
non-bonded cutoff:    20.00
ligand/sitepoints file: 
protein coordinates/parameters file: 
output map/grid files will be written to the current directory
vis files will be written
protein charges will be modified to reduce formal charges and adjust donor/acceptor potentials
protein radii will be modified to allow closer approach to donor and acceptor heteroatoms
phobic areas will be modified to emphasize enclosed regions and to deemphasize exposed regions using alternative method
all input instructions read
 Getting site data
ligand xcm,ycm,zcm,xrange,yrange,zrange 57.697 48.087 71.377  3.000  1.000  3.000

 Reusing receptor data from site-finding stage.

Sitemap: electrostatic+vdw interaction energy
Map field of *enzyme* in region of *inhibitor*

computing site maps ...
grid lim (orig)  50.197  65.197  41.587  54.587  63.877  78.877
grid lim (adj)   49.997  65.397  41.437  54.737  63.677  79.077
grid point counts   23   20   23
total grid points   10580

 5675 receptor atoms read
grid: adjdip
number of grid points within emin, emax limits =     8958
 maximum grid value before cutoff =               -0.083
 minimum grid value before cutoff =   -601.547

philic and phobic grids formed
grid: surf
number of grid points within emin, emax limits =     2044
 maximum grid value before cutoff =         42655049.239
 minimum grid value before cutoff =     -2.834

grid: phil
number of grid points within emin, emax limits =     2172
 maximum grid value before cutoff =         42654999.239
 minimum grid value before cutoff =    -28.186

grid: phob
number of grid points within emin, emax limits =     1160
 maximum grid value before cutoff =         42655064.239
 minimum grid value before cutoff =     -1.853

mod_phobic: phobthresh, philthresh =  -0.250  -3.000
 maximum number of atoms in a sitebox =           8
 boxes, patoms in boxes, empty boxes =       12369        5675       10256
Average phobic potential changed from  -0.826 to  -0.525 for  435 grid points

number of phobic points =   633   average phobic score =   0.79
number of philic points =  1539   average philic score =  -5.88

number of qualifying surf grid points =      325

number of qualifying phil grid points =      369

number of qualifying phob grid points =       97

number of qualifying accptr grid points =      172

number of qualifying donor grid points =      183

number of qualifying metal grid points =        0

visgrd volume surf                                                                            
visgrd author sitemap                                                                         
visgrd property name surf                                                                            
visgrd qualifying points   1751
visgrd default map values       1       1.00      2
visgrd number of dims    3
visgrd dimensions         23        20        23
visgrd axis scales      0.700     0.700     0.700

visgrd volume hydrophil                                                                       
visgrd author sitemap                                                                         
visgrd property name phil                                                                            
visgrd qualifying points    369
visgrd default map values       1      -8.00     10
visgrd number of dims    3
visgrd dimensions         23        20        23
visgrd axis scales      0.700     0.700     0.700

visgrd volume hydrophob                                                                       
visgrd author sitemap                                                                         
visgrd property name phob                                                                            
visgrd qualifying points    191
visgrd default map values       1      -0.50     13
visgrd number of dims    3
visgrd dimensions         23        20        23
visgrd axis scales      0.700     0.700     0.700

visgrd volume hbacceptor                                                                      
visgrd author sitemap                                                                         
visgrd property name accptr                                                                          
visgrd qualifying points    172
visgrd default map values       1      -8.00     16
visgrd number of dims    3
visgrd dimensions         23        20        23
visgrd axis scales      0.700     0.700     0.700

visgrd volume hbdonor                                                                         
visgrd author sitemap                                                                         
visgrd property name donor                                                                           
visgrd qualifying points    183
visgrd default map values       1      -8.00      5
visgrd number of dims    3
visgrd dimensions         23        20        23
visgrd axis scales      0.700     0.700     0.700

-- Evaluating site  1 --
Ligand/site-points file: 
Protein coordinates/parameters file: 
extend =   3
 Verbosity flags: F F F F F
all SiteMap grid files will be read
the protein charges will be modified to reduce formal charges and adjust donor/acceptor potentials
protein radii will be modified to allow closer approach to donor and acceptor heteroatoms
phobic areas emphasize enclosed regions and deemphasize exposed regions using alternative method
site-point set will be augmented by including significant nearby points
  threshold for adding phobic points:  -0.500
  threshold for adding philic points:  -8.000
base name for SiteMap grid files: 
 Reusing grid data
reusing site data
Number of protein atoms:    5675
 
phobic grid file reshaped
philic grid file reshaped
donor grid file reshaped
acceptor grid file reshaped
metal grid file reshaped
surf grid file reshaped
 maximum number of atoms in a sitebox =           8


Number of site points   16  first shell   26  higher shells   88   dirscore   0.899
1 vdw  -1.428   phob  -0.187   phil  -4.734   donor  -1.887   acceptor  -2.846   metal   0.000
2               phob  -0.056   phil  -4.613   donor  -2.716   acceptor  -1.896   metal   0.000

SiteScore size   Dscore  volume  exposure enclosure contact  phobic   philic   balance  don/acc
  0.841    36    0.692   191.39    0.760    0.899    1.102    0.392    1.264    0.310    0.663

-- Done with site  1 --

== End SiteMap calculation ==

Wrote 1 sites to "md0_crop107_coa_out.maegz".

Current time: Sun Jan 22 11:41:21 2023
Elapsed time: 0:00:04.41
SiteMap successfully completed.

