--------------------------------------------------------------------------------
JobId          : X299-0-63cd1cc4
Name           : md0_crop361_coa
Program        : SiteMap
Version        : 2021-4 build 135
Host           : X299
Dir            : /mnt/3a29b482-dac1-4563-be89-d63ad92354e9/cers_modelling/md_sampling_cers_models/charmm_gui_systems/cers2_10pc_chol/sitemaps
HostEntry      : localhost
JobHost        : X299
JobDir         : /scratch/tamir/md0_crop361_coa
JobSchrodinger : /opt/schrodinger2021-4
Commandline    : /opt/schrodinger2021-4/sitemap md0_crop361_coa.in -WAIT
StartTime      : 2023-01-22-13:23:48
--------------------------------------------------------------------------------

== Begin input keywords ==
ADDPHIL  -8.0
ADDPHOB  -0.5
ADDSP  True
COMPRESS  True
CUTOFF  20.0
D2THRESH  3.1
DTHRESH  6.5
DVSCALE  2.5
ENCLOSURE  0.5
EXTEND  3
FAKE  False
FFIELD  OPLS_2005
GRID  0.7
KEEPELEC  False
KEEPVDW  False
KEEPVOLPTS  True
KMAX  3
KMAX2  5
MAPDIST  4.0
MARGIN  6.0
MAXDIST  8.0
MAXSITES  1
MAXVDW  1.1
MINGROUP  3
MODCHARGES  True
MODPHOBIC  3
NEARRES  3.5
NTHRESH  3
PROT  md0_crop361.mae
R2THRESH  4.1
REPORTSIZE  10
ROUND  False
RTHRESH  5.0
VERBOSITY  0
WRITEGRIDS  False
WRITEPOT  False
WRITESTRUCTS  True
WRITEVIS  True
XCENT  55.70850372314453
XRANGE  10.0
YCENT  43.54599952697754
YRANGE  10.0
ZCENT  79.14199829101562
ZRANGE  10.0
== End input keywords ==

== Begin single-receptor SiteMap calculation ==

-- Begin site search --
 Parameters for this calculation:
 sitecut =  0.500000000000000     
 sitescmin =   1.10000000000000     
 afactor =   1.00000000000000     
 bfactor =   1.00000000000000     
 imaxsite =           8
 ithresh =           3
 mingroup =           3
 kmax =           3
 kmax2 =           5
 r2thresh =   4.10000000000000     
 dvscale =   2.50000000000000     
 dvscnorm =   2.50000000000000     
 dvscbig =   2.50000000000000     
 border =   2.00000000000000     
 dthresh =   6.50000000000000     
 rthresh =   5.00000000000000     
 maxgroup =         100
 r2thresh =   4.10000000000000     
 nthresh =           3
 ndir =         110
 use_vdw = T
 repname = none
 repsize =          10
 maxrep =           1
 sitelis = sites.lis
 profile = none
 sitelig = none
 siteasl = none
 use_sitelig =  F
 sitebox =  -999.000000000000     
 writepdb =  F
 number of protein atoms =        5675
Starting findsites:  Sunday, January 22 2023, at 13:23:51 IST
ptypes obtained:  Sunday, January 22 2023, at 13:23:51 IST
lj parameters obtained:  Sunday, January 22 2023, at 13:23:51 IST
Basic parameters obtained:  Sunday, January 22 2023, at 13:23:51 IST
Receptor parameterization completed:  Sunday, January 22 2023, at 13:23:51 IST
 scaled value of sitecut =   55.0000000000000     
 sphere directions set up         110
Sunday, January 22 2023, at 13:23:51 IST
 FINDSITE will use user-specified box
Centroid of box:  55.709  43.546  79.142
 boundaries   50.7085037231445        60.7085037231445     
   38.5459995269775        48.5459995269775        74.1419982910156     
   84.1419982910156     
 box          10          10          10
 maximum number of atoms in a sitebox =           7
Site points found:  Sunday, January 22 2023, at 13:23:51 IST
 boxes, patoms in boxes, empty boxes =         125         246          31
 total, outside sites =        1000         103
Site points pruned:  Sunday, January 22 2023, at 13:23:51 IST
final goodsites =        22
         4 sites will be removed
        18 good sites remain
Number of site groups found =     1

  Group  index  size  score     x       y       z     stdev
    1      1     18    1.51   53.60   45.35   77.46    1.50
Sites linked and merged:  Sunday, January 22 2023, at 13:23:51 IST
 Storing receptor data

Site-finding complete.
Number of sites to map/eval:  1

-- Mapping site  1 --
jobname: md0_crop361_coa_site_1
all SiteMap grid files will be generated
 philic map specified
 phobic map specified
 donor map specified
 acceptor map specified
 metal-ligation map specified
 surface-display map specified
grid margin:     6.00
grid spacing:     0.70
non-bonded cutoff:    20.00
ligand/sitepoints file: 
protein coordinates/parameters file: 
output map/grid files will be written to the current directory
vis files will be written
protein charges will be modified to reduce formal charges and adjust donor/acceptor potentials
protein radii will be modified to allow closer approach to donor and acceptor heteroatoms
phobic areas will be modified to emphasize enclosed regions and to deemphasize exposed regions using alternative method
all input instructions read
 Getting site data
ligand xcm,ycm,zcm,xrange,yrange,zrange 53.709 45.046 77.642  2.000  3.000  3.000

 Reusing receptor data from site-finding stage.

Sitemap: electrostatic+vdw interaction energy
Map field of *enzyme* in region of *inhibitor*

computing site maps ...
grid lim (orig)  46.709  60.709  37.546  52.546  70.142  85.142
grid lim (adj)   46.359  61.059  37.346  52.746  69.942  85.342
grid point counts   22   23   23
total grid points   11638

 5675 receptor atoms read
grid: adjdip
number of grid points within emin, emax limits =     9442
 maximum grid value before cutoff =               -0.194
 minimum grid value before cutoff =   -626.538

philic and phobic grids formed
grid: surf
number of grid points within emin, emax limits =     2117
 maximum grid value before cutoff =         36247676.351
 minimum grid value before cutoff =     -2.921

grid: phil
number of grid points within emin, emax limits =     1717
 maximum grid value before cutoff =         36247626.351
 minimum grid value before cutoff =    -30.990

grid: phob
number of grid points within emin, emax limits =      666
 maximum grid value before cutoff =         36247691.351
 minimum grid value before cutoff =     -2.022

mod_phobic: phobthresh, philthresh =  -0.250  -3.000
 maximum number of atoms in a sitebox =           8
 boxes, patoms in boxes, empty boxes =       10469        5675        8377
Average phobic potential changed from  -0.810 to  -0.535 for  171 grid points

number of phobic points =   318   average phobic score =   0.76
number of philic points =  1399   average philic score =  -6.84

number of qualifying surf grid points =      309

number of qualifying phil grid points =      483

number of qualifying phob grid points =       41

number of qualifying accptr grid points =      206

number of qualifying donor grid points =      262

number of qualifying metal grid points =        0

visgrd volume surf                                                                            
visgrd author sitemap                                                                         
visgrd property name surf                                                                            
visgrd qualifying points   1212
visgrd default map values       1       1.00      2
visgrd number of dims    3
visgrd dimensions         22        23        23
visgrd axis scales      0.700     0.700     0.700

visgrd volume hydrophil                                                                       
visgrd author sitemap                                                                         
visgrd property name phil                                                                            
visgrd qualifying points    483
visgrd default map values       1      -8.00     10
visgrd number of dims    3
visgrd dimensions         22        23        23
visgrd axis scales      0.700     0.700     0.700

visgrd volume hydrophob                                                                       
visgrd author sitemap                                                                         
visgrd property name phob                                                                            
visgrd qualifying points     85
visgrd default map values       1      -0.50     13
visgrd number of dims    3
visgrd dimensions         22        23        23
visgrd axis scales      0.700     0.700     0.700

visgrd volume hbacceptor                                                                      
visgrd author sitemap                                                                         
visgrd property name accptr                                                                          
visgrd qualifying points    206
visgrd default map values       1      -8.00     16
visgrd number of dims    3
visgrd dimensions         22        23        23
visgrd axis scales      0.700     0.700     0.700

visgrd volume hbdonor                                                                         
visgrd author sitemap                                                                         
visgrd property name donor                                                                           
visgrd qualifying points    262
visgrd default map values       1      -8.00      5
visgrd number of dims    3
visgrd dimensions         22        23        23
visgrd axis scales      0.700     0.700     0.700

-- Evaluating site  1 --
Ligand/site-points file: 
Protein coordinates/parameters file: 
extend =   3
 Verbosity flags: F F F F F
all SiteMap grid files will be read
the protein charges will be modified to reduce formal charges and adjust donor/acceptor potentials
protein radii will be modified to allow closer approach to donor and acceptor heteroatoms
phobic areas emphasize enclosed regions and deemphasize exposed regions using alternative method
site-point set will be augmented by including significant nearby points
  threshold for adding phobic points:  -0.500
  threshold for adding philic points:  -8.000
base name for SiteMap grid files: 
 Reusing grid data
reusing site data
Number of protein atoms:    5675
 
phobic grid file reshaped
philic grid file reshaped
donor grid file reshaped
acceptor grid file reshaped
metal grid file reshaped
surf grid file reshaped
 maximum number of atoms in a sitebox =           8


Number of site points   18  first shell   34  higher shells   30   dirscore   0.915
1 vdw  -1.474   phob  -0.335   phil  -4.721   donor  -2.102   acceptor  -2.618   metal   0.000
2               phob  -0.149   phil  -4.451   donor  -2.424   acceptor  -2.027   metal   0.000

SiteScore size   Dscore  volume  exposure enclosure contact  phobic   philic   balance  don/acc
  0.881    41    0.740   133.08    0.610    0.915    1.137    1.037    1.261    0.823    0.803

-- Done with site  1 --

== End SiteMap calculation ==

Wrote 1 sites to "md0_crop361_coa_out.maegz".

Current time: Sun Jan 22 13:23:52 2023
Elapsed time: 0:00:03.92
SiteMap successfully completed.

