--------------------------------------------------------------------------------
JobId          : X299-0-63cd1ccb
Name           : md0_crop361_sph
Program        : SiteMap
Version        : 2021-4 build 135
Host           : X299
Dir            : /mnt/3a29b482-dac1-4563-be89-d63ad92354e9/cers_modelling/md_sampling_cers_models/charmm_gui_systems/cers2_10pc_chol/sitemaps
HostEntry      : localhost
JobHost        : X299
JobDir         : /scratch/tamir/md0_crop361_sph
JobSchrodinger : /opt/schrodinger2021-4
Commandline    : /opt/schrodinger2021-4/sitemap md0_crop361_sph.in -WAIT
StartTime      : 2023-01-22-13:23:55
--------------------------------------------------------------------------------

== Begin input keywords ==
ADDPHIL  -8.0
ADDPHOB  -0.5
ADDSP  True
COMPRESS  True
CUTOFF  20.0
D2THRESH  3.1
DTHRESH  6.5
DVSCALE  2.5
ENCLOSURE  0.5
EXTEND  3
FAKE  False
FFIELD  OPLS_2005
GRID  0.7
KEEPELEC  False
KEEPVDW  False
KEEPVOLPTS  True
KMAX  3
KMAX2  5
MAPDIST  4.0
MARGIN  6.0
MAXDIST  8.0
MAXSITES  1
MAXVDW  1.1
MINGROUP  3
MODCHARGES  True
MODPHOBIC  3
NEARRES  3.5
NTHRESH  3
PROT  md0_crop361.mae
R2THRESH  4.1
REPORTSIZE  10
ROUND  False
RTHRESH  5.0
VERBOSITY  0
WRITEGRIDS  False
WRITEPOT  False
WRITESTRUCTS  True
WRITEVIS  True
XCENT  42.91100025177002
XRANGE  10.0
YCENT  39.75600242614746
YRANGE  10.0
ZCENT  68.10699939727783
ZRANGE  10.0
== End input keywords ==

== Begin single-receptor SiteMap calculation ==

-- Begin site search --
 Parameters for this calculation:
 sitecut =  0.500000000000000     
 sitescmin =   1.10000000000000     
 afactor =   1.00000000000000     
 bfactor =   1.00000000000000     
 imaxsite =           8
 ithresh =           3
 mingroup =           3
 kmax =           3
 kmax2 =           5
 r2thresh =   4.10000000000000     
 dvscale =   2.50000000000000     
 dvscnorm =   2.50000000000000     
 dvscbig =   2.50000000000000     
 border =   2.00000000000000     
 dthresh =   6.50000000000000     
 rthresh =   5.00000000000000     
 maxgroup =         100
 r2thresh =   4.10000000000000     
 nthresh =           3
 ndir =         110
 use_vdw = T
 repname = none
 repsize =          10
 maxrep =           1
 sitelis = sites.lis
 profile = none
 sitelig = none
 siteasl = none
 use_sitelig =  F
 sitebox =  -999.000000000000     
 writepdb =  F
 number of protein atoms =        5675
Starting findsites:  Sunday, January 22 2023, at 13:23:58 IST
ptypes obtained:  Sunday, January 22 2023, at 13:23:58 IST
lj parameters obtained:  Sunday, January 22 2023, at 13:23:58 IST
Basic parameters obtained:  Sunday, January 22 2023, at 13:23:58 IST
Receptor parameterization completed:  Sunday, January 22 2023, at 13:23:58 IST
 scaled value of sitecut =   55.0000000000000     
 sphere directions set up         110
Sunday, January 22 2023, at 13:23:58 IST
 FINDSITE will use user-specified box
Centroid of box:  42.911  39.756  68.107
 boundaries   37.9110002517700        47.9110002517700     
   34.7560024261475        44.7560024261475        63.1069993972778     
   73.1069993972778     
 box          10          10          10
 maximum number of atoms in a sitebox =           7
Site points found:  Sunday, January 22 2023, at 13:23:58 IST
 boxes, patoms in boxes, empty boxes =         125         210          49
 total, outside sites =        1000         236
Site points pruned:  Sunday, January 22 2023, at 13:23:58 IST
final goodsites =        29
         1 sites will be removed
        28 good sites remain
Number of site groups found =     1

  Group  index  size  score     x       y       z     stdev
    1      1     28    1.27   44.10   39.16   66.29    2.02
Sites linked and merged:  Sunday, January 22 2023, at 13:23:58 IST
 Storing receptor data

Site-finding complete.
Number of sites to map/eval:  1

-- Mapping site  1 --
jobname: md0_crop361_sph_site_1
all SiteMap grid files will be generated
 philic map specified
 phobic map specified
 donor map specified
 acceptor map specified
 metal-ligation map specified
 surface-display map specified
grid margin:     6.00
grid spacing:     0.70
non-bonded cutoff:    20.00
ligand/sitepoints file: 
protein coordinates/parameters file: 
output map/grid files will be written to the current directory
vis files will be written
protein charges will be modified to reduce formal charges and adjust donor/acceptor potentials
protein radii will be modified to allow closer approach to donor and acceptor heteroatoms
phobic areas will be modified to emphasize enclosed regions and to deemphasize exposed regions using alternative method
all input instructions read
 Getting site data
ligand xcm,ycm,zcm,xrange,yrange,zrange 43.911 39.256 66.607  4.000  3.000  5.000

 Reusing receptor data from site-finding stage.

Sitemap: electrostatic+vdw interaction energy
Map field of *enzyme* in region of *inhibitor*

computing site maps ...
grid lim (orig)  35.911  51.911  31.756  46.756  58.107  75.107
grid lim (adj)   35.861  51.961  31.556  46.956  57.857  75.357
grid point counts   24   23   26
total grid points   14352

 5675 receptor atoms read
grid: adjdip
number of grid points within emin, emax limits =    12943
 maximum grid value before cutoff =               -0.027
 minimum grid value before cutoff =   -458.580

philic and phobic grids formed
grid: surf
number of grid points within emin, emax limits =     2658
 maximum grid value before cutoff =         30766069.628
 minimum grid value before cutoff =     -2.905

grid: phil
number of grid points within emin, emax limits =     4045
 maximum grid value before cutoff =         30766019.628
 minimum grid value before cutoff =    -22.815

grid: phob
number of grid points within emin, emax limits =     3080
 maximum grid value before cutoff =         30766084.628
 minimum grid value before cutoff =     -2.026

mod_phobic: phobthresh, philthresh =  -0.250  -3.000
 maximum number of atoms in a sitebox =           8
 boxes, patoms in boxes, empty boxes =       10469        5675        8377
Average phobic potential changed from  -0.787 to  -0.434 for 1205 grid points

number of phobic points =  2399   average phobic score =   0.56
number of philic points =  1646   average philic score =  -3.81

number of qualifying surf grid points =      473

number of qualifying phil grid points =      222

number of qualifying phob grid points =      142

number of qualifying accptr grid points =       40

number of qualifying donor grid points =      167

number of qualifying metal grid points =        0

visgrd volume surf                                                                            
visgrd author sitemap                                                                         
visgrd property name surf                                                                            
visgrd qualifying points   3717
visgrd default map values       1       1.00      2
visgrd number of dims    3
visgrd dimensions         24        23        26
visgrd axis scales      0.700     0.700     0.700

visgrd volume hydrophil                                                                       
visgrd author sitemap                                                                         
visgrd property name phil                                                                            
visgrd qualifying points    222
visgrd default map values       1      -8.00     10
visgrd number of dims    3
visgrd dimensions         24        23        26
visgrd axis scales      0.700     0.700     0.700

visgrd volume hydrophob                                                                       
visgrd author sitemap                                                                         
visgrd property name phob                                                                            
visgrd qualifying points    380
visgrd default map values       1      -0.50     13
visgrd number of dims    3
visgrd dimensions         24        23        26
visgrd axis scales      0.700     0.700     0.700

visgrd volume hbacceptor                                                                      
visgrd author sitemap                                                                         
visgrd property name accptr                                                                          
visgrd qualifying points     40
visgrd default map values       1      -8.00     16
visgrd number of dims    3
visgrd dimensions         24        23        26
visgrd axis scales      0.700     0.700     0.700

visgrd volume hbdonor                                                                         
visgrd author sitemap                                                                         
visgrd property name donor                                                                           
visgrd qualifying points    167
visgrd default map values       1      -8.00      5
visgrd number of dims    3
visgrd dimensions         24        23        26
visgrd axis scales      0.700     0.700     0.700

-- Evaluating site  1 --
Ligand/site-points file: 
Protein coordinates/parameters file: 
extend =   3
 Verbosity flags: F F F F F
all SiteMap grid files will be read
the protein charges will be modified to reduce formal charges and adjust donor/acceptor potentials
protein radii will be modified to allow closer approach to donor and acceptor heteroatoms
phobic areas emphasize enclosed regions and deemphasize exposed regions using alternative method
site-point set will be augmented by including significant nearby points
  threshold for adding phobic points:  -0.500
  threshold for adding philic points:  -8.000
base name for SiteMap grid files: 
 Reusing grid data
reusing site data
Number of protein atoms:    5675
 
phobic grid file reshaped
philic grid file reshaped
donor grid file reshaped
acceptor grid file reshaped
metal grid file reshaped
surf grid file reshaped
 maximum number of atoms in a sitebox =           8


Number of site points   28  first shell   34  higher shells   43   dirscore   0.828
1 vdw  -1.377   phob  -0.668   phil  -1.934   donor  -1.723   acceptor  -0.212   metal   0.000
2               phob  -0.380   phil  -1.583   donor  -0.117   acceptor  -1.466   metal   0.000

SiteScore size   Dscore  volume  exposure enclosure contact  phobic   philic   balance  don/acc
  0.983    52    1.006   176.64    0.597    0.828    1.062    2.641    0.517    5.114    8.135

-- Done with site  1 --

== End SiteMap calculation ==

Wrote 1 sites to "md0_crop361_sph_out.maegz".

Current time: Sun Jan 22 13:24:00 2023
Elapsed time: 0:00:04.71
SiteMap successfully completed.

