--------------------------------------------------------------------------------
JobId          : X299-0-63cd1225
Name           : md0_crop248_sph
Program        : SiteMap
Version        : 2021-4 build 135
Host           : X299
Dir            : /mnt/3a29b482-dac1-4563-be89-d63ad92354e9/cers_modelling/md_sampling_cers_models/charmm_gui_systems/cers2_10pc_chol/sitemaps
HostEntry      : localhost
JobHost        : X299
JobDir         : /scratch/tamir/md0_crop248_sph
JobSchrodinger : /opt/schrodinger2021-4
Commandline    : /opt/schrodinger2021-4/sitemap md0_crop248_sph.in -WAIT
StartTime      : 2023-01-22-12:38:30
--------------------------------------------------------------------------------

== Begin input keywords ==
ADDPHIL  -8.0
ADDPHOB  -0.5
ADDSP  True
COMPRESS  True
CUTOFF  20.0
D2THRESH  3.1
DTHRESH  6.5
DVSCALE  2.5
ENCLOSURE  0.5
EXTEND  3
FAKE  False
FFIELD  OPLS_2005
GRID  0.7
KEEPELEC  False
KEEPVDW  False
KEEPVOLPTS  True
KMAX  3
KMAX2  5
MAPDIST  4.0
MARGIN  6.0
MAXDIST  8.0
MAXSITES  1
MAXVDW  1.1
MINGROUP  3
MODCHARGES  True
MODPHOBIC  3
NEARRES  3.5
NTHRESH  3
PROT  md0_crop248.mae
R2THRESH  4.1
REPORTSIZE  10
ROUND  False
RTHRESH  5.0
VERBOSITY  0
WRITEGRIDS  False
WRITEPOT  False
WRITESTRUCTS  True
WRITEVIS  True
XCENT  45.43800354003906
XRANGE  10.0
YCENT  39.36300277709961
YRANGE  10.0
ZCENT  63.007001876831055
ZRANGE  10.0
== End input keywords ==

== Begin single-receptor SiteMap calculation ==

-- Begin site search --
 Parameters for this calculation:
 sitecut =  0.500000000000000     
 sitescmin =   1.10000000000000     
 afactor =   1.00000000000000     
 bfactor =   1.00000000000000     
 imaxsite =           8
 ithresh =           3
 mingroup =           3
 kmax =           3
 kmax2 =           5
 r2thresh =   4.10000000000000     
 dvscale =   2.50000000000000     
 dvscnorm =   2.50000000000000     
 dvscbig =   2.50000000000000     
 border =   2.00000000000000     
 dthresh =   6.50000000000000     
 rthresh =   5.00000000000000     
 maxgroup =         100
 r2thresh =   4.10000000000000     
 nthresh =           3
 ndir =         110
 use_vdw = T
 repname = none
 repsize =          10
 maxrep =           1
 sitelis = sites.lis
 profile = none
 sitelig = none
 siteasl = none
 use_sitelig =  F
 sitebox =  -999.000000000000     
 writepdb =  F
 number of protein atoms =        5674
Starting findsites:  Sunday, January 22 2023, at 12:38:33 IST
ptypes obtained:  Sunday, January 22 2023, at 12:38:33 IST
lj parameters obtained:  Sunday, January 22 2023, at 12:38:33 IST
Basic parameters obtained:  Sunday, January 22 2023, at 12:38:33 IST
Receptor parameterization completed:  Sunday, January 22 2023, at 12:38:33 IST
 scaled value of sitecut =   55.0000000000000     
 sphere directions set up         110
Sunday, January 22 2023, at 12:38:33 IST
 FINDSITE will use user-specified box
Centroid of box:  45.438  39.363  63.007
 boundaries   40.4380035400391        50.4380035400391     
   34.3630027770996        44.3630027770996        58.0070018768311     
   68.0070018768311     
 box          10          10          10
 maximum number of atoms in a sitebox =           6
Site points found:  Sunday, January 22 2023, at 12:38:33 IST
 boxes, patoms in boxes, empty boxes =         125         203          46
 total, outside sites =        1000         281
Site points pruned:  Sunday, January 22 2023, at 12:38:33 IST
final goodsites =        14
         4 sites will be removed
        10 good sites remain
Number of site groups found =     1

  Group  index  size  score     x       y       z     stdev
    1      1     10    1.35   47.58   40.86   61.95    1.48
Sites linked and merged:  Sunday, January 22 2023, at 12:38:33 IST
 Storing receptor data

Site-finding complete.
Number of sites to map/eval:  1

-- Mapping site  1 --
jobname: md0_crop248_sph_site_1
all SiteMap grid files will be generated
 philic map specified
 phobic map specified
 donor map specified
 acceptor map specified
 metal-ligation map specified
 surface-display map specified
grid margin:     6.00
grid spacing:     0.70
non-bonded cutoff:    20.00
ligand/sitepoints file: 
protein coordinates/parameters file: 
output map/grid files will be written to the current directory
vis files will be written
protein charges will be modified to reduce formal charges and adjust donor/acceptor potentials
protein radii will be modified to allow closer approach to donor and acceptor heteroatoms
phobic areas will be modified to emphasize enclosed regions and to deemphasize exposed regions using alternative method
all input instructions read
 Getting site data
ligand xcm,ycm,zcm,xrange,yrange,zrange 47.438 40.863 62.007  2.000  3.000  2.000

 Reusing receptor data from site-finding stage.

Sitemap: electrostatic+vdw interaction energy
Map field of *enzyme* in region of *inhibitor*

computing site maps ...
grid lim (orig)  40.438  54.438  33.363  48.363  55.007  69.007
grid lim (adj)   40.088  54.788  33.163  48.563  54.657  69.357
grid point counts   22   23   22
total grid points   11132

 5674 receptor atoms read
grid: adjdip
number of grid points within emin, emax limits =     9892
 maximum grid value before cutoff =               -0.040
 minimum grid value before cutoff =   -508.191

philic and phobic grids formed
grid: surf
number of grid points within emin, emax limits =     2134
 maximum grid value before cutoff =         46913424.693
 minimum grid value before cutoff =     -2.484

grid: phil
number of grid points within emin, emax limits =     2739
 maximum grid value before cutoff =         46913374.693
 minimum grid value before cutoff =    -19.552

grid: phob
number of grid points within emin, emax limits =     1825
 maximum grid value before cutoff =         46913439.693
 minimum grid value before cutoff =     -1.963

mod_phobic: phobthresh, philthresh =  -0.250  -3.000
 maximum number of atoms in a sitebox =           9
 boxes, patoms in boxes, empty boxes =       11571        5674        9491
Average phobic potential changed from  -0.800 to  -0.452 for  733 grid points

number of phobic points =  1263   average phobic score =   0.66
number of philic points =  1476   average philic score =  -4.14

number of qualifying surf grid points =      400

number of qualifying phil grid points =      187

number of qualifying phob grid points =       94

number of qualifying accptr grid points =       15

number of qualifying donor grid points =      162

number of qualifying metal grid points =        0

visgrd volume surf                                                                            
visgrd author sitemap                                                                         
visgrd property name surf                                                                            
visgrd qualifying points   2472
visgrd default map values       1       1.00      2
visgrd number of dims    3
visgrd dimensions         22        23        22
visgrd axis scales      0.700     0.700     0.700

visgrd volume hydrophil                                                                       
visgrd author sitemap                                                                         
visgrd property name phil                                                                            
visgrd qualifying points    187
visgrd default map values       1      -8.00     10
visgrd number of dims    3
visgrd dimensions         22        23        22
visgrd axis scales      0.700     0.700     0.700

visgrd volume hydrophob                                                                       
visgrd author sitemap                                                                         
visgrd property name phob                                                                            
visgrd qualifying points    248
visgrd default map values       1      -0.50     13
visgrd number of dims    3
visgrd dimensions         22        23        22
visgrd axis scales      0.700     0.700     0.700

visgrd volume hbacceptor                                                                      
visgrd author sitemap                                                                         
visgrd property name accptr                                                                          
visgrd qualifying points     15
visgrd default map values       1      -8.00     16
visgrd number of dims    3
visgrd dimensions         22        23        22
visgrd axis scales      0.700     0.700     0.700

visgrd volume hbdonor                                                                         
visgrd author sitemap                                                                         
visgrd property name donor                                                                           
visgrd qualifying points    162
visgrd default map values       1      -8.00      5
visgrd number of dims    3
visgrd dimensions         22        23        22
visgrd axis scales      0.700     0.700     0.700

-- Evaluating site  1 --
Ligand/site-points file: 
Protein coordinates/parameters file: 
extend =   3
 Verbosity flags: F F F F F
all SiteMap grid files will be read
the protein charges will be modified to reduce formal charges and adjust donor/acceptor potentials
protein radii will be modified to allow closer approach to donor and acceptor heteroatoms
phobic areas emphasize enclosed regions and deemphasize exposed regions using alternative method
site-point set will be augmented by including significant nearby points
  threshold for adding phobic points:  -0.500
  threshold for adding philic points:  -8.000
base name for SiteMap grid files: 
 Reusing grid data
reusing site data
Number of protein atoms:    5674
 
phobic grid file reshaped
philic grid file reshaped
donor grid file reshaped
acceptor grid file reshaped
metal grid file reshaped
surf grid file reshaped
 maximum number of atoms in a sitebox =           9


Number of site points   10  first shell   27  higher shells   36   dirscore   0.822
1 vdw  -1.375   phob  -0.596   phil  -1.782   donor  -1.543   acceptor  -0.239   metal   0.000
2               phob  -0.273   phil  -1.585   donor  -0.119   acceptor  -1.466   metal   0.000

SiteScore size   Dscore  volume  exposure enclosure contact  phobic   philic   balance  don/acc
  0.794    21    0.769   154.35    0.750    0.822    1.061    1.897    0.476    3.988    6.470

-- Done with site  1 --

== End SiteMap calculation ==

Wrote 1 sites to "md0_crop248_sph_out.maegz".

Current time: Sun Jan 22 12:38:35 2023
Elapsed time: 0:00:04.26
SiteMap successfully completed.

