--------------------------------------------------------------------------------
JobId          : X299-0-63d624d7
Name           : md1_crop52_coa
Program        : SiteMap
Version        : 2021-4 build 135
Host           : X299
Dir            : /mnt/3a29b482-dac1-4563-be89-d63ad92354e9/cers_modelling/md_sampling_cers_models/charmm_gui_systems/cers2_10pc_chol/sitemaps
HostEntry      : localhost
JobHost        : X299
JobDir         : /scratch/tamir/md1_crop52_coa
JobSchrodinger : /opt/schrodinger2021-4
Commandline    : /opt/schrodinger2021-4/sitemap md1_crop52_coa.in
StartTime      : 2023-01-29-09:48:39
--------------------------------------------------------------------------------

== Begin input keywords ==
ADDPHIL  -8.0
ADDPHOB  -0.5
ADDSP  True
COMPRESS  True
CUTOFF  20.0
D2THRESH  3.1
DTHRESH  6.5
DVSCALE  2.5
ENCLOSURE  0.5
EXTEND  3
FAKE  False
FFIELD  OPLS_2005
GRID  0.7
KEEPELEC  False
KEEPVDW  False
KEEPVOLPTS  True
KMAX  3
KMAX2  5
MAPDIST  4.0
MARGIN  6.0
MAXDIST  8.0
MAXSITES  1
MAXVDW  1.1
MINGROUP  3
MODCHARGES  True
MODPHOBIC  3
NEARRES  3.5
NTHRESH  3
PROT  md1_crop52.mae
R2THRESH  4.1
REPORTSIZE  10
ROUND  False
RTHRESH  5.0
VERBOSITY  0
WRITEGRIDS  False
WRITEPOT  False
WRITESTRUCTS  True
WRITEVIS  True
XCENT  56.807498931884766
XRANGE  10.0
YCENT  45.24749755859375
YRANGE  10.0
ZCENT  74.04549598693848
ZRANGE  10.0
== End input keywords ==

== Begin single-receptor SiteMap calculation ==

-- Begin site search --
 Parameters for this calculation:
 sitecut =  0.500000000000000     
 sitescmin =   1.10000000000000     
 afactor =   1.00000000000000     
 bfactor =   1.00000000000000     
 imaxsite =           8
 ithresh =           3
 mingroup =           3
 kmax =           3
 kmax2 =           5
 r2thresh =   4.10000000000000     
 dvscale =   2.50000000000000     
 dvscnorm =   2.50000000000000     
 dvscbig =   2.50000000000000     
 border =   2.00000000000000     
 dthresh =   6.50000000000000     
 rthresh =   5.00000000000000     
 maxgroup =         100
 r2thresh =   4.10000000000000     
 nthresh =           3
 ndir =         110
 use_vdw = T
 repname = none
 repsize =          10
 maxrep =           1
 sitelis = sites.lis
 profile = none
 sitelig = none
 siteasl = none
 use_sitelig =  F
 sitebox =  -999.000000000000     
 writepdb =  F
 number of protein atoms =        5674
Starting findsites:  Sunday, January 29 2023, at 09:48:42 IST
ptypes obtained:  Sunday, January 29 2023, at 09:48:43 IST
lj parameters obtained:  Sunday, January 29 2023, at 09:48:43 IST
Basic parameters obtained:  Sunday, January 29 2023, at 09:48:43 IST
Receptor parameterization completed:  Sunday, January 29 2023, at 09:48:43 IST
 scaled value of sitecut =   55.0000000000000     
 sphere directions set up         110
Sunday, January 29 2023, at 09:48:43 IST
 FINDSITE will use user-specified box
Centroid of box:  56.807  45.247  74.045
 boundaries   51.8074989318848        61.8074989318848     
   40.2474975585938        50.2474975585938        69.0454959869385     
   79.0454959869385     
 box          10          10          10
 maximum number of atoms in a sitebox =           6
Site points found:  Sunday, January 29 2023, at 09:48:43 IST
 boxes, patoms in boxes, empty boxes =         125         254          32
 total, outside sites =        1000         120
Site points pruned:  Sunday, January 29 2023, at 09:48:43 IST
final goodsites =        27
         6 sites will be removed
        21 good sites remain
Number of site groups found =     1

  Group  index  size  score     x       y       z     stdev
    1      1     21    1.41   54.98   47.60   72.05    1.53
Sites linked and merged:  Sunday, January 29 2023, at 09:48:43 IST
 Storing receptor data

Site-finding complete.
Number of sites to map/eval:  1

-- Mapping site  1 --
jobname: md1_crop52_coa_site_1
all SiteMap grid files will be generated
 philic map specified
 phobic map specified
 donor map specified
 acceptor map specified
 metal-ligation map specified
 surface-display map specified
grid margin:     6.00
grid spacing:     0.70
non-bonded cutoff:    20.00
ligand/sitepoints file: 
protein coordinates/parameters file: 
output map/grid files will be written to the current directory
vis files will be written
protein charges will be modified to reduce formal charges and adjust donor/acceptor potentials
protein radii will be modified to allow closer approach to donor and acceptor heteroatoms
phobic areas will be modified to emphasize enclosed regions and to deemphasize exposed regions using alternative method
all input instructions read
 Getting site data
ligand xcm,ycm,zcm,xrange,yrange,zrange 54.807 47.747 72.545  4.000  3.000  3.000

 Reusing receptor data from site-finding stage.

Sitemap: electrostatic+vdw interaction energy
Map field of *enzyme* in region of *inhibitor*

computing site maps ...
grid lim (orig)  46.807  62.807  40.247  55.247  65.045  80.045
grid lim (adj)   46.757  62.857  40.047  55.447  64.845  80.245
grid point counts   24   23   23
total grid points   12696

 5674 receptor atoms read
grid: adjdip
number of grid points within emin, emax limits =    10263
 maximum grid value before cutoff =               -0.074
 minimum grid value before cutoff =   -662.646

philic and phobic grids formed
grid: surf
number of grid points within emin, emax limits =     2247
 maximum grid value before cutoff =         36905917.894
 minimum grid value before cutoff =     -2.991

grid: phil
number of grid points within emin, emax limits =     1795
 maximum grid value before cutoff =         36905867.894
 minimum grid value before cutoff =    -25.166

grid: phob
number of grid points within emin, emax limits =      773
 maximum grid value before cutoff =         36905932.894
 minimum grid value before cutoff =     -2.264

mod_phobic: phobthresh, philthresh =  -0.250  -3.000
 maximum number of atoms in a sitebox =           8
 boxes, patoms in boxes, empty boxes =       11571        5674        9469
Average phobic potential changed from  -0.849 to  -0.554 for  275 grid points

number of phobic points =   417   average phobic score =   0.85
number of philic points =  1378   average philic score =  -6.43

number of qualifying surf grid points =      318

number of qualifying phil grid points =      441

number of qualifying phob grid points =       75

number of qualifying accptr grid points =      186

number of qualifying donor grid points =      236

number of qualifying metal grid points =        0

visgrd volume surf                                                                            
visgrd author sitemap                                                                         
visgrd property name surf                                                                            
visgrd qualifying points   1361
visgrd default map values       1       1.00      2
visgrd number of dims    3
visgrd dimensions         24        23        23
visgrd axis scales      0.700     0.700     0.700

visgrd volume hydrophil                                                                       
visgrd author sitemap                                                                         
visgrd property name phil                                                                            
visgrd qualifying points    441
visgrd default map values       1      -8.00     10
visgrd number of dims    3
visgrd dimensions         24        23        23
visgrd axis scales      0.700     0.700     0.700

visgrd volume hydrophob                                                                       
visgrd author sitemap                                                                         
visgrd property name phob                                                                            
visgrd qualifying points    136
visgrd default map values       1      -0.50     13
visgrd number of dims    3
visgrd dimensions         24        23        23
visgrd axis scales      0.700     0.700     0.700

visgrd volume hbacceptor                                                                      
visgrd author sitemap                                                                         
visgrd property name accptr                                                                          
visgrd qualifying points    186
visgrd default map values       1      -8.00     16
visgrd number of dims    3
visgrd dimensions         24        23        23
visgrd axis scales      0.700     0.700     0.700

visgrd volume hbdonor                                                                         
visgrd author sitemap                                                                         
visgrd property name donor                                                                           
visgrd qualifying points    236
visgrd default map values       1      -8.00      5
visgrd number of dims    3
visgrd dimensions         24        23        23
visgrd axis scales      0.700     0.700     0.700

-- Evaluating site  1 --
Ligand/site-points file: 
Protein coordinates/parameters file: 
extend =   3
 Verbosity flags: F F F F F
all SiteMap grid files will be read
the protein charges will be modified to reduce formal charges and adjust donor/acceptor potentials
protein radii will be modified to allow closer approach to donor and acceptor heteroatoms
phobic areas emphasize enclosed regions and deemphasize exposed regions using alternative method
site-point set will be augmented by including significant nearby points
  threshold for adding phobic points:  -0.500
  threshold for adding philic points:  -8.000
base name for SiteMap grid files: 
 Reusing grid data
reusing site data
Number of protein atoms:    5674
 
phobic grid file reshaped
philic grid file reshaped
donor grid file reshaped
acceptor grid file reshaped
metal grid file reshaped
surf grid file reshaped
 maximum number of atoms in a sitebox =           8


Number of site points   21  first shell   34  higher shells   55   dirscore   0.914
1 vdw  -1.487   phob  -0.370   phil  -4.542   donor  -1.826   acceptor  -2.716   metal   0.000
2               phob  -0.150   phil  -4.268   donor  -2.227   acceptor  -2.040   metal   0.000

SiteScore size   Dscore  volume  exposure enclosure contact  phobic   philic   balance  don/acc
  0.935    51    0.824   161.55    0.636    0.914    1.147    1.040    1.213    0.858    0.672

-- Done with site  1 --

== End SiteMap calculation ==

Wrote 1 sites to "md1_crop52_coa_out.maegz".

Current time: Sun Jan 29 09:48:44 2023
Elapsed time: 0:00:03.90
SiteMap successfully completed.

