--------------------------------------------------------------------------------
JobId          : X299-0-63d624b9
Name           : md1_crop494_coa
Program        : SiteMap
Version        : 2021-4 build 135
Host           : X299
Dir            : /mnt/3a29b482-dac1-4563-be89-d63ad92354e9/cers_modelling/md_sampling_cers_models/charmm_gui_systems/cers2_10pc_chol/sitemaps
HostEntry      : localhost
JobHost        : X299
JobDir         : /scratch/tamir/md1_crop494_coa
JobSchrodinger : /opt/schrodinger2021-4
Commandline    : /opt/schrodinger2021-4/sitemap md1_crop494_coa.in
StartTime      : 2023-01-29-09:48:09
--------------------------------------------------------------------------------

== Begin input keywords ==
ADDPHIL  -8.0
ADDPHOB  -0.5
ADDSP  True
COMPRESS  True
CUTOFF  20.0
D2THRESH  3.1
DTHRESH  6.5
DVSCALE  2.5
ENCLOSURE  0.5
EXTEND  3
FAKE  False
FFIELD  OPLS_2005
GRID  0.7
KEEPELEC  False
KEEPVDW  False
KEEPVOLPTS  True
KMAX  3
KMAX2  5
MAPDIST  4.0
MARGIN  6.0
MAXDIST  8.0
MAXSITES  1
MAXVDW  1.1
MINGROUP  3
MODCHARGES  True
MODPHOBIC  3
NEARRES  3.5
NTHRESH  3
PROT  md1_crop494.mae
R2THRESH  4.1
REPORTSIZE  10
ROUND  False
RTHRESH  5.0
VERBOSITY  0
WRITEGRIDS  False
WRITEPOT  False
WRITESTRUCTS  True
WRITEVIS  True
XCENT  56.82350158691406
XRANGE  10.0
YCENT  45.20099639892578
YRANGE  10.0
ZCENT  73.21749687194824
ZRANGE  10.0
== End input keywords ==

== Begin single-receptor SiteMap calculation ==

-- Begin site search --
 Parameters for this calculation:
 sitecut =  0.500000000000000     
 sitescmin =   1.10000000000000     
 afactor =   1.00000000000000     
 bfactor =   1.00000000000000     
 imaxsite =           8
 ithresh =           3
 mingroup =           3
 kmax =           3
 kmax2 =           5
 r2thresh =   4.10000000000000     
 dvscale =   2.50000000000000     
 dvscnorm =   2.50000000000000     
 dvscbig =   2.50000000000000     
 border =   2.00000000000000     
 dthresh =   6.50000000000000     
 rthresh =   5.00000000000000     
 maxgroup =         100
 r2thresh =   4.10000000000000     
 nthresh =           3
 ndir =         110
 use_vdw = T
 repname = none
 repsize =          10
 maxrep =           1
 sitelis = sites.lis
 profile = none
 sitelig = none
 siteasl = none
 use_sitelig =  F
 sitebox =  -999.000000000000     
 writepdb =  F
 number of protein atoms =        5674
Starting findsites:  Sunday, January 29 2023, at 09:48:12 IST
ptypes obtained:  Sunday, January 29 2023, at 09:48:12 IST
lj parameters obtained:  Sunday, January 29 2023, at 09:48:12 IST
Basic parameters obtained:  Sunday, January 29 2023, at 09:48:12 IST
Receptor parameterization completed:  Sunday, January 29 2023, at 09:48:12 IST
 scaled value of sitecut =   55.0000000000000     
 sphere directions set up         110
Sunday, January 29 2023, at 09:48:12 IST
 FINDSITE will use user-specified box
Centroid of box:  56.824  45.201  73.217
 boundaries   51.8235015869141        61.8235015869141     
   40.2009963989258        50.2009963989258        68.2174968719482     
   78.2174968719482     
 box          10          10          10
 maximum number of atoms in a sitebox =           7
Site points found:  Sunday, January 29 2023, at 09:48:12 IST
 boxes, patoms in boxes, empty boxes =         125         251          31
 total, outside sites =        1000         106
Site points pruned:  Sunday, January 29 2023, at 09:48:12 IST
final goodsites =        22
         3 sites will be removed
        19 good sites remain
Number of site groups found =     2

  Group  index  size  score     x       y       z     stdev
    1      1     15    1.54   54.51   48.09   70.75    1.54
    2      2      4    1.42   59.33   47.94   70.69    0.83

Inter-group relationships
     g1     g2     n1     n2    dmin    davg   spread  ratio     x1      y1      z1      x2      y2      z2
      1      2     15      4    3.00    4.82    2.37    2.03   54.51   48.09   70.75   59.33   47.94   70.69
 groups           1           2  will be considered for merger
site groups connected   56.82   48.20   70.22   2    4.00   4   3   3
                        58.82   48.20   70.22
 successful merge of groups           1           2
Number of site groups found =     1

  Group  index  size  score     x       y       z     stdev
    1      1     19    1.52   55.46   48.06   70.74    2.39
Sites linked and merged:  Sunday, January 29 2023, at 09:48:12 IST
 Storing receptor data

Site-finding complete.
Number of sites to map/eval:  1

-- Mapping site  1 --
jobname: md1_crop494_coa_site_1
all SiteMap grid files will be generated
 philic map specified
 phobic map specified
 donor map specified
 acceptor map specified
 metal-ligation map specified
 surface-display map specified
grid margin:     6.00
grid spacing:     0.70
non-bonded cutoff:    20.00
ligand/sitepoints file: 
protein coordinates/parameters file: 
output map/grid files will be written to the current directory
vis files will be written
protein charges will be modified to reduce formal charges and adjust donor/acceptor potentials
protein radii will be modified to allow closer approach to donor and acceptor heteroatoms
phobic areas will be modified to emphasize enclosed regions and to deemphasize exposed regions using alternative method
all input instructions read
 Getting site data
ligand xcm,ycm,zcm,xrange,yrange,zrange 56.824 48.201 71.217  6.000  2.000  4.000

 Reusing receptor data from site-finding stage.

Sitemap: electrostatic+vdw interaction energy
Map field of *enzyme* in region of *inhibitor*

computing site maps ...
grid lim (orig)  47.824  65.824  41.201  55.201  63.217  79.217
grid lim (adj)   47.724  65.924  40.851  55.551  63.167  79.267
grid point counts   27   22   24
total grid points   14256

 5674 receptor atoms read
grid: adjdip
number of grid points within emin, emax limits =    11656
 maximum grid value before cutoff =               -0.103
 minimum grid value before cutoff =   -656.743

philic and phobic grids formed
grid: surf
number of grid points within emin, emax limits =     2461
 maximum grid value before cutoff =         39392728.000
 minimum grid value before cutoff =     -3.112

grid: phil
number of grid points within emin, emax limits =     1950
 maximum grid value before cutoff =         39392678.000
 minimum grid value before cutoff =    -22.628

grid: phob
number of grid points within emin, emax limits =      794
 maximum grid value before cutoff =         39392743.000
 minimum grid value before cutoff =     -1.841

mod_phobic: phobthresh, philthresh =  -0.250  -3.000
 maximum number of atoms in a sitebox =           9
 boxes, patoms in boxes, empty boxes =       11191        5674        9103
Average phobic potential changed from  -0.794 to  -0.503 for  302 grid points

number of phobic points =   406   average phobic score =   0.78
number of philic points =  1544   average philic score =  -6.00

number of qualifying surf grid points =      359

number of qualifying phil grid points =      445

number of qualifying phob grid points =       58

number of qualifying accptr grid points =      189

number of qualifying donor grid points =      239

number of qualifying metal grid points =        0

visgrd volume surf                                                                            
visgrd author sitemap                                                                         
visgrd property name surf                                                                            
visgrd qualifying points   1411
visgrd default map values       1       1.00      2
visgrd number of dims    3
visgrd dimensions         27        22        24
visgrd axis scales      0.700     0.700     0.700

visgrd volume hydrophil                                                                       
visgrd author sitemap                                                                         
visgrd property name phil                                                                            
visgrd qualifying points    445
visgrd default map values       1      -8.00     10
visgrd number of dims    3
visgrd dimensions         27        22        24
visgrd axis scales      0.700     0.700     0.700

visgrd volume hydrophob                                                                       
visgrd author sitemap                                                                         
visgrd property name phob                                                                            
visgrd qualifying points    126
visgrd default map values       1      -0.50     13
visgrd number of dims    3
visgrd dimensions         27        22        24
visgrd axis scales      0.700     0.700     0.700

visgrd volume hbacceptor                                                                      
visgrd author sitemap                                                                         
visgrd property name accptr                                                                          
visgrd qualifying points    189
visgrd default map values       1      -8.00     16
visgrd number of dims    3
visgrd dimensions         27        22        24
visgrd axis scales      0.700     0.700     0.700

visgrd volume hbdonor                                                                         
visgrd author sitemap                                                                         
visgrd property name donor                                                                           
visgrd qualifying points    239
visgrd default map values       1      -8.00      5
visgrd number of dims    3
visgrd dimensions         27        22        24
visgrd axis scales      0.700     0.700     0.700

-- Evaluating site  1 --
Ligand/site-points file: 
Protein coordinates/parameters file: 
extend =   3
 Verbosity flags: F F F F F
all SiteMap grid files will be read
the protein charges will be modified to reduce formal charges and adjust donor/acceptor potentials
protein radii will be modified to allow closer approach to donor and acceptor heteroatoms
phobic areas emphasize enclosed regions and deemphasize exposed regions using alternative method
site-point set will be augmented by including significant nearby points
  threshold for adding phobic points:  -0.500
  threshold for adding philic points:  -8.000
base name for SiteMap grid files: 
 Reusing grid data
reusing site data
Number of protein atoms:    5674
 
phobic grid file reshaped
philic grid file reshaped
donor grid file reshaped
acceptor grid file reshaped
metal grid file reshaped
surf grid file reshaped
 maximum number of atoms in a sitebox =           9


Number of site points   19  first shell   48  higher shells   48   dirscore   0.914
1 vdw  -1.588   phob  -0.417   phil  -4.030   donor  -1.605   acceptor  -2.425   metal   0.000
2               phob  -0.149   phil  -3.882   donor  -2.036   acceptor  -1.846   metal   0.000

SiteScore size   Dscore  volume  exposure enclosure contact  phobic   philic   balance  don/acc
  0.940    52    0.875   176.64    0.649    0.914    1.225    1.038    1.076    0.965    0.662

-- Done with site  1 --

== End SiteMap calculation ==

Wrote 1 sites to "md1_crop494_coa_out.maegz".

Current time: Sun Jan 29 09:48:13 2023
Elapsed time: 0:00:03.96
SiteMap successfully completed.

