--------------------------------------------------------------------------------
JobId          : X299-0-63d6212f
Name           : md1_crop201_coa
Program        : SiteMap
Version        : 2021-4 build 135
Host           : X299
Dir            : /mnt/3a29b482-dac1-4563-be89-d63ad92354e9/cers_modelling/md_sampling_cers_models/charmm_gui_systems/cers2_10pc_chol/sitemaps
HostEntry      : localhost
JobHost        : X299
JobDir         : /scratch/tamir/md1_crop201_coa
JobSchrodinger : /opt/schrodinger2021-4
Commandline    : /opt/schrodinger2021-4/sitemap md1_crop201_coa.in
StartTime      : 2023-01-29-09:33:04
--------------------------------------------------------------------------------

== Begin input keywords ==
ADDPHIL  -8.0
ADDPHOB  -0.5
ADDSP  True
COMPRESS  True
CUTOFF  20.0
D2THRESH  3.1
DTHRESH  6.5
DVSCALE  2.5
ENCLOSURE  0.5
EXTEND  3
FAKE  False
FFIELD  OPLS_2005
GRID  0.7
KEEPELEC  False
KEEPVDW  False
KEEPVOLPTS  True
KMAX  3
KMAX2  5
MAPDIST  4.0
MARGIN  6.0
MAXDIST  8.0
MAXSITES  1
MAXVDW  1.1
MINGROUP  3
MODCHARGES  True
MODPHOBIC  3
NEARRES  3.5
NTHRESH  3
PROT  md1_crop201.mae
R2THRESH  4.1
REPORTSIZE  10
ROUND  False
RTHRESH  5.0
VERBOSITY  0
WRITEGRIDS  False
WRITEPOT  False
WRITESTRUCTS  True
WRITEVIS  True
XCENT  56.43700122833252
XRANGE  10.0
YCENT  44.459500312805176
YRANGE  10.0
ZCENT  75.63849925994873
ZRANGE  10.0
== End input keywords ==

== Begin single-receptor SiteMap calculation ==

-- Begin site search --
 Parameters for this calculation:
 sitecut =  0.500000000000000     
 sitescmin =   1.10000000000000     
 afactor =   1.00000000000000     
 bfactor =   1.00000000000000     
 imaxsite =           8
 ithresh =           3
 mingroup =           3
 kmax =           3
 kmax2 =           5
 r2thresh =   4.10000000000000     
 dvscale =   2.50000000000000     
 dvscnorm =   2.50000000000000     
 dvscbig =   2.50000000000000     
 border =   2.00000000000000     
 dthresh =   6.50000000000000     
 rthresh =   5.00000000000000     
 maxgroup =         100
 r2thresh =   4.10000000000000     
 nthresh =           3
 ndir =         110
 use_vdw = T
 repname = none
 repsize =          10
 maxrep =           1
 sitelis = sites.lis
 profile = none
 sitelig = none
 siteasl = none
 use_sitelig =  F
 sitebox =  -999.000000000000     
 writepdb =  F
 number of protein atoms =        5674
Starting findsites:  Sunday, January 29 2023, at 09:33:06 IST
ptypes obtained:  Sunday, January 29 2023, at 09:33:07 IST
lj parameters obtained:  Sunday, January 29 2023, at 09:33:07 IST
Basic parameters obtained:  Sunday, January 29 2023, at 09:33:07 IST
Receptor parameterization completed:  Sunday, January 29 2023, at 09:33:07 IST
 scaled value of sitecut =   55.0000000000000     
 sphere directions set up         110
Sunday, January 29 2023, at 09:33:07 IST
 FINDSITE will use user-specified box
Centroid of box:  56.437  44.460  75.638
 boundaries   51.4370012283325        61.4370012283325     
   39.4595003128052        49.4595003128052        70.6384992599487     
   80.6384992599487     
 box          10          10          10
 maximum number of atoms in a sitebox =           7
Site points found:  Sunday, January 29 2023, at 09:33:07 IST
 boxes, patoms in boxes, empty boxes =         125         241          32
 total, outside sites =        1000         150
Site points pruned:  Sunday, January 29 2023, at 09:33:07 IST
final goodsites =        43
         2 sites will be removed
        41 good sites remain
Number of site groups found =     1

  Group  index  size  score     x       y       z     stdev
    1      1     41    1.30   55.55   46.77   73.73    2.27
Sites linked and merged:  Sunday, January 29 2023, at 09:33:07 IST
 Storing receptor data

Site-finding complete.
Number of sites to map/eval:  1

-- Mapping site  1 --
jobname: md1_crop201_coa_site_1
all SiteMap grid files will be generated
 philic map specified
 phobic map specified
 donor map specified
 acceptor map specified
 metal-ligation map specified
 surface-display map specified
grid margin:     6.00
grid spacing:     0.70
non-bonded cutoff:    20.00
ligand/sitepoints file: 
protein coordinates/parameters file: 
output map/grid files will be written to the current directory
vis files will be written
protein charges will be modified to reduce formal charges and adjust donor/acceptor potentials
protein radii will be modified to allow closer approach to donor and acceptor heteroatoms
phobic areas will be modified to emphasize enclosed regions and to deemphasize exposed regions using alternative method
all input instructions read
 Getting site data
ligand xcm,ycm,zcm,xrange,yrange,zrange 56.437 46.960 74.138  6.000  3.000  5.000

 Reusing receptor data from site-finding stage.

Sitemap: electrostatic+vdw interaction energy
Map field of *enzyme* in region of *inhibitor*

computing site maps ...
grid lim (orig)  47.437  65.437  39.460  54.460  65.638  82.638
grid lim (adj)   47.337  65.537  39.260  54.660  65.388  82.888
grid point counts   27   23   26
total grid points   16146

 5674 receptor atoms read
grid: adjdip
number of grid points within emin, emax limits =    13387
 maximum grid value before cutoff =               -0.234
 minimum grid value before cutoff =   -660.935

philic and phobic grids formed
grid: surf
number of grid points within emin, emax limits =     2826
 maximum grid value before cutoff =         33711703.449
 minimum grid value before cutoff =     -3.157

grid: phil
number of grid points within emin, emax limits =     2777
 maximum grid value before cutoff =         33711653.761
 minimum grid value before cutoff =    -27.226

grid: phob
number of grid points within emin, emax limits =     1192
 maximum grid value before cutoff =         33711718.356
 minimum grid value before cutoff =     -2.155

mod_phobic: phobthresh, philthresh =  -0.250  -3.000
 maximum number of atoms in a sitebox =           8
 boxes, patoms in boxes, empty boxes =       12369        5674       10272
Average phobic potential changed from  -0.878 to  -0.582 for  343 grid points

number of phobic points =   457   average phobic score =   0.88
number of philic points =  2320   average philic score =  -5.42

number of qualifying surf grid points =      428

number of qualifying phil grid points =      542

number of qualifying phob grid points =       89

number of qualifying accptr grid points =      201

number of qualifying donor grid points =      331

number of qualifying metal grid points =        0

visgrd volume surf                                                                            
visgrd author sitemap                                                                         
visgrd property name surf                                                                            
visgrd qualifying points   2210
visgrd default map values       1       1.00      2
visgrd number of dims    3
visgrd dimensions         27        23        26
visgrd axis scales      0.700     0.700     0.700

visgrd volume hydrophil                                                                       
visgrd author sitemap                                                                         
visgrd property name phil                                                                            
visgrd qualifying points    542
visgrd default map values       1      -8.00     10
visgrd number of dims    3
visgrd dimensions         27        23        26
visgrd axis scales      0.700     0.700     0.700

visgrd volume hydrophob                                                                       
visgrd author sitemap                                                                         
visgrd property name phob                                                                            
visgrd qualifying points    186
visgrd default map values       1      -0.50     13
visgrd number of dims    3
visgrd dimensions         27        23        26
visgrd axis scales      0.700     0.700     0.700

visgrd volume hbacceptor                                                                      
visgrd author sitemap                                                                         
visgrd property name accptr                                                                          
visgrd qualifying points    201
visgrd default map values       1      -8.00     16
visgrd number of dims    3
visgrd dimensions         27        23        26
visgrd axis scales      0.700     0.700     0.700

visgrd volume hbdonor                                                                         
visgrd author sitemap                                                                         
visgrd property name donor                                                                           
visgrd qualifying points    331
visgrd default map values       1      -8.00      5
visgrd number of dims    3
visgrd dimensions         27        23        26
visgrd axis scales      0.700     0.700     0.700

-- Evaluating site  1 --
Ligand/site-points file: 
Protein coordinates/parameters file: 
extend =   3
 Verbosity flags: F F F F F
all SiteMap grid files will be read
the protein charges will be modified to reduce formal charges and adjust donor/acceptor potentials
protein radii will be modified to allow closer approach to donor and acceptor heteroatoms
phobic areas emphasize enclosed regions and deemphasize exposed regions using alternative method
site-point set will be augmented by including significant nearby points
  threshold for adding phobic points:  -0.500
  threshold for adding philic points:  -8.000
base name for SiteMap grid files: 
 Reusing grid data
reusing site data
Number of protein atoms:    5674
 
phobic grid file reshaped
philic grid file reshaped
donor grid file reshaped
acceptor grid file reshaped
metal grid file reshaped
surf grid file reshaped
 maximum number of atoms in a sitebox =           8


Number of site points   41  first shell   62  higher shells   58   dirscore   0.890
1 vdw  -1.477   phob  -0.393   phil  -3.844   donor  -2.160   acceptor  -1.684   metal   0.000
2               phob  -0.196   phil  -3.627   donor  -1.347   acceptor  -2.280   metal   0.000

SiteScore size   Dscore  volume  exposure enclosure contact  phobic   philic   balance  don/acc
  1.054    80    1.040   262.39    0.600    0.890    1.140    1.360    1.026    1.325    1.283

-- Done with site  1 --

== End SiteMap calculation ==

Wrote 1 sites to "md1_crop201_coa_out.maegz".

Current time: Sun Jan 29 09:33:08 2023
Elapsed time: 0:00:04.27
SiteMap successfully completed.

