--------------------------------------------------------------------------------
JobId          : X299-0-63d62474
Name           : md1_crop471_sph
Program        : SiteMap
Version        : 2021-4 build 135
Host           : X299
Dir            : /mnt/3a29b482-dac1-4563-be89-d63ad92354e9/cers_modelling/md_sampling_cers_models/charmm_gui_systems/cers2_10pc_chol/sitemaps
HostEntry      : localhost
JobHost        : X299
JobDir         : /scratch/tamir/md1_crop471_sph
JobSchrodinger : /opt/schrodinger2021-4
Commandline    : /opt/schrodinger2021-4/sitemap md1_crop471_sph.in
StartTime      : 2023-01-29-09:47:00
--------------------------------------------------------------------------------

== Begin input keywords ==
ADDPHIL  -8.0
ADDPHOB  -0.5
ADDSP  True
COMPRESS  True
CUTOFF  20.0
D2THRESH  3.1
DTHRESH  6.5
DVSCALE  2.5
ENCLOSURE  0.5
EXTEND  3
FAKE  False
FFIELD  OPLS_2005
GRID  0.7
KEEPELEC  False
KEEPVDW  False
KEEPVOLPTS  True
KMAX  3
KMAX2  5
MAPDIST  4.0
MARGIN  6.0
MAXDIST  8.0
MAXSITES  1
MAXVDW  1.1
MINGROUP  3
MODCHARGES  True
MODPHOBIC  3
NEARRES  3.5
NTHRESH  3
PROT  md1_crop471.mae
R2THRESH  4.1
REPORTSIZE  10
ROUND  False
RTHRESH  5.0
VERBOSITY  0
WRITEGRIDS  False
WRITEPOT  False
WRITESTRUCTS  True
WRITEVIS  True
XCENT  45.65299987792969
XRANGE  10.0
YCENT  41.69300079345703
YRANGE  10.0
ZCENT  60.8489990234375
ZRANGE  10.0
== End input keywords ==

== Begin single-receptor SiteMap calculation ==

-- Begin site search --
 Parameters for this calculation:
 sitecut =  0.500000000000000     
 sitescmin =   1.10000000000000     
 afactor =   1.00000000000000     
 bfactor =   1.00000000000000     
 imaxsite =           8
 ithresh =           3
 mingroup =           3
 kmax =           3
 kmax2 =           5
 r2thresh =   4.10000000000000     
 dvscale =   2.50000000000000     
 dvscnorm =   2.50000000000000     
 dvscbig =   2.50000000000000     
 border =   2.00000000000000     
 dthresh =   6.50000000000000     
 rthresh =   5.00000000000000     
 maxgroup =         100
 r2thresh =   4.10000000000000     
 nthresh =           3
 ndir =         110
 use_vdw = T
 repname = none
 repsize =          10
 maxrep =           1
 sitelis = sites.lis
 profile = none
 sitelig = none
 siteasl = none
 use_sitelig =  F
 sitebox =  -999.000000000000     
 writepdb =  F
 number of protein atoms =        5675
Starting findsites:  Sunday, January 29 2023, at 09:47:03 IST
ptypes obtained:  Sunday, January 29 2023, at 09:47:03 IST
lj parameters obtained:  Sunday, January 29 2023, at 09:47:03 IST
Basic parameters obtained:  Sunday, January 29 2023, at 09:47:03 IST
Receptor parameterization completed:  Sunday, January 29 2023, at 09:47:03 IST
 scaled value of sitecut =   55.0000000000000     
 sphere directions set up         110
Sunday, January 29 2023, at 09:47:03 IST
 FINDSITE will use user-specified box
Centroid of box:  45.653  41.693  60.849
 boundaries   40.6529998779297        50.6529998779297     
   36.6930007934570        46.6930007934570        55.8489990234375     
   65.8489990234375     
 box          10          10          10
 maximum number of atoms in a sitebox =           7
Site points found:  Sunday, January 29 2023, at 09:47:03 IST
 boxes, patoms in boxes, empty boxes =         125         196          48
 total, outside sites =        1000         314
Site points pruned:  Sunday, January 29 2023, at 09:47:03 IST
final goodsites =         9
         3 sites will be removed
         6 good sites remain
Number of site groups found =     2

  Group  index  size  score     x       y       z     stdev
    1      2      4    1.19   47.15   42.46   59.60    0.79
    2      1      2    1.38   45.23   40.69   61.85    0.49

Inter-group relationships
     g1     g2     n1     n2    dmin    davg   spread  ratio     x1      y1      z1      x2      y2      z2
Sites linked and merged:  Sunday, January 29 2023, at 09:47:03 IST
 Storing receptor data

Site-finding complete.
Number of sites to map/eval:  1

-- Mapping site  1 --
jobname: md1_crop471_sph_site_1
all SiteMap grid files will be generated
 philic map specified
 phobic map specified
 donor map specified
 acceptor map specified
 metal-ligation map specified
 surface-display map specified
grid margin:     6.00
grid spacing:     0.70
non-bonded cutoff:    20.00
ligand/sitepoints file: 
protein coordinates/parameters file: 
output map/grid files will be written to the current directory
vis files will be written
protein charges will be modified to reduce formal charges and adjust donor/acceptor potentials
protein radii will be modified to allow closer approach to donor and acceptor heteroatoms
phobic areas will be modified to emphasize enclosed regions and to deemphasize exposed regions using alternative method
all input instructions read
 Getting site data
ligand xcm,ycm,zcm,xrange,yrange,zrange 47.153 42.193 59.349  1.000  1.000  1.000

 Reusing receptor data from site-finding stage.

Sitemap: electrostatic+vdw interaction energy
Map field of *enzyme* in region of *inhibitor*

computing site maps ...
grid lim (orig)  40.653  53.653  35.693  48.693  52.849  65.849
grid lim (adj)   40.503  53.803  35.543  48.843  52.699  65.999
grid point counts   20   20   20
total grid points    8000

 5675 receptor atoms read
grid: adjdip
number of grid points within emin, emax limits =     7220
 maximum grid value before cutoff =               -0.058
 minimum grid value before cutoff =   -478.883

philic and phobic grids formed
grid: surf
number of grid points within emin, emax limits =     1697
 maximum grid value before cutoff =         31506768.386
 minimum grid value before cutoff =     -2.555

grid: phil
number of grid points within emin, emax limits =     2299
 maximum grid value before cutoff =         31506718.386
 minimum grid value before cutoff =    -23.987

grid: phob
number of grid points within emin, emax limits =     1481
 maximum grid value before cutoff =         31506783.386
 minimum grid value before cutoff =     -2.161

mod_phobic: phobthresh, philthresh =  -0.250  -3.000
 maximum number of atoms in a sitebox =           8
 boxes, patoms in boxes, empty boxes =       10013        5675        7935
Average phobic potential changed from  -0.745 to  -0.408 for  630 grid points

number of phobic points =  1179   average phobic score =   0.60
number of philic points =  1120   average philic score =  -5.38

number of qualifying surf grid points =      343

number of qualifying phil grid points =      284

number of qualifying phob grid points =       56

number of qualifying accptr grid points =       85

number of qualifying donor grid points =      196

number of qualifying metal grid points =        0

visgrd volume surf                                                                            
visgrd author sitemap                                                                         
visgrd property name surf                                                                            
visgrd qualifying points   2015
visgrd default map values       1       1.00      2
visgrd number of dims    3
visgrd dimensions         20        20        20
visgrd axis scales      0.700     0.700     0.700

visgrd volume hydrophil                                                                       
visgrd author sitemap                                                                         
visgrd property name phil                                                                            
visgrd qualifying points    284
visgrd default map values       1      -8.00     10
visgrd number of dims    3
visgrd dimensions         20        20        20
visgrd axis scales      0.700     0.700     0.700

visgrd volume hydrophob                                                                       
visgrd author sitemap                                                                         
visgrd property name phob                                                                            
visgrd qualifying points    180
visgrd default map values       1      -0.50     13
visgrd number of dims    3
visgrd dimensions         20        20        20
visgrd axis scales      0.700     0.700     0.700

visgrd volume hbacceptor                                                                      
visgrd author sitemap                                                                         
visgrd property name accptr                                                                          
visgrd qualifying points     85
visgrd default map values       1      -8.00     16
visgrd number of dims    3
visgrd dimensions         20        20        20
visgrd axis scales      0.700     0.700     0.700

visgrd volume hbdonor                                                                         
visgrd author sitemap                                                                         
visgrd property name donor                                                                           
visgrd qualifying points    196
visgrd default map values       1      -8.00      5
visgrd number of dims    3
visgrd dimensions         20        20        20
visgrd axis scales      0.700     0.700     0.700

-- Evaluating site  1 --
Ligand/site-points file: 
Protein coordinates/parameters file: 
extend =   3
 Verbosity flags: F F F F F
all SiteMap grid files will be read
the protein charges will be modified to reduce formal charges and adjust donor/acceptor potentials
protein radii will be modified to allow closer approach to donor and acceptor heteroatoms
phobic areas emphasize enclosed regions and deemphasize exposed regions using alternative method
site-point set will be augmented by including significant nearby points
  threshold for adding phobic points:  -0.500
  threshold for adding philic points:  -8.000
base name for SiteMap grid files: 
 Reusing grid data
reusing site data
Number of protein atoms:    5675
 
phobic grid file reshaped
philic grid file reshaped
donor grid file reshaped
acceptor grid file reshaped
metal grid file reshaped
surf grid file reshaped
 maximum number of atoms in a sitebox =           8


Number of site points    4  first shell   10  higher shells   56   dirscore   0.823
1 vdw  -1.373   phob  -0.427   phil  -3.207   donor  -1.773   acceptor  -1.435   metal   0.000
2               phob  -0.199   phil  -2.861   donor  -1.317   acceptor  -1.544   metal   0.000

SiteScore size   Dscore  volume  exposure enclosure contact  phobic   philic   balance  don/acc
  0.705    19    0.624   129.31    0.776    0.823    1.059    1.382    0.856    1.614    1.235

-- Done with site  1 --

== End SiteMap calculation ==

Wrote 1 sites to "md1_crop471_sph_out.maegz".

Current time: Sun Jan 29 09:47:04 2023
Elapsed time: 0:00:03.75
SiteMap successfully completed.

