--------------------------------------------------------------------------------
JobId          : X299-0-63d621a6
Name           : md1_crop23_sph
Program        : SiteMap
Version        : 2021-4 build 135
Host           : X299
Dir            : /mnt/3a29b482-dac1-4563-be89-d63ad92354e9/cers_modelling/md_sampling_cers_models/charmm_gui_systems/cers2_10pc_chol/sitemaps
HostEntry      : localhost
JobHost        : X299
JobDir         : /scratch/tamir/md1_crop23_sph
JobSchrodinger : /opt/schrodinger2021-4
Commandline    : /opt/schrodinger2021-4/sitemap md1_crop23_sph.in
StartTime      : 2023-01-29-09:35:02
--------------------------------------------------------------------------------

== Begin input keywords ==
ADDPHIL  -8.0
ADDPHOB  -0.5
ADDSP  True
COMPRESS  True
CUTOFF  20.0
D2THRESH  3.1
DTHRESH  6.5
DVSCALE  2.5
ENCLOSURE  0.5
EXTEND  3
FAKE  False
FFIELD  OPLS_2005
GRID  0.7
KEEPELEC  False
KEEPVDW  False
KEEPVOLPTS  True
KMAX  3
KMAX2  5
MAPDIST  4.0
MARGIN  6.0
MAXDIST  8.0
MAXSITES  1
MAXVDW  1.1
MINGROUP  3
MODCHARGES  True
MODPHOBIC  3
NEARRES  3.5
NTHRESH  3
PROT  md1_crop23.mae
R2THRESH  4.1
REPORTSIZE  10
ROUND  False
RTHRESH  5.0
VERBOSITY  0
WRITEGRIDS  False
WRITEPOT  False
WRITESTRUCTS  True
WRITEVIS  True
XCENT  45.029001235961914
XRANGE  10.0
YCENT  43.703999519348145
YRANGE  10.0
ZCENT  59.5989990234375
ZRANGE  10.0
== End input keywords ==

== Begin single-receptor SiteMap calculation ==

-- Begin site search --
 Parameters for this calculation:
 sitecut =  0.500000000000000     
 sitescmin =   1.10000000000000     
 afactor =   1.00000000000000     
 bfactor =   1.00000000000000     
 imaxsite =           8
 ithresh =           3
 mingroup =           3
 kmax =           3
 kmax2 =           5
 r2thresh =   4.10000000000000     
 dvscale =   2.50000000000000     
 dvscnorm =   2.50000000000000     
 dvscbig =   2.50000000000000     
 border =   2.00000000000000     
 dthresh =   6.50000000000000     
 rthresh =   5.00000000000000     
 maxgroup =         100
 r2thresh =   4.10000000000000     
 nthresh =           3
 ndir =         110
 use_vdw = T
 repname = none
 repsize =          10
 maxrep =           1
 sitelis = sites.lis
 profile = none
 sitelig = none
 siteasl = none
 use_sitelig =  F
 sitebox =  -999.000000000000     
 writepdb =  F
 number of protein atoms =        5675
Starting findsites:  Sunday, January 29 2023, at 09:35:05 IST
ptypes obtained:  Sunday, January 29 2023, at 09:35:05 IST
lj parameters obtained:  Sunday, January 29 2023, at 09:35:05 IST
Basic parameters obtained:  Sunday, January 29 2023, at 09:35:05 IST
Receptor parameterization completed:  Sunday, January 29 2023, at 09:35:05 IST
 scaled value of sitecut =   55.0000000000000     
 sphere directions set up         110
Sunday, January 29 2023, at 09:35:05 IST
 FINDSITE will use user-specified box
Centroid of box:  45.029  43.704  59.599
 boundaries   40.0290012359619        50.0290012359619     
   38.7039995193481        48.7039995193481        54.5989990234375     
   64.5989990234375     
 box          10          10          10
 maximum number of atoms in a sitebox =           7
Site points found:  Sunday, January 29 2023, at 09:35:05 IST
 boxes, patoms in boxes, empty boxes =         125         199          55
 total, outside sites =        1000         300
Site points pruned:  Sunday, January 29 2023, at 09:35:05 IST
final goodsites =        13
         4 sites will be removed
         9 good sites remain
Number of site groups found =     2

  Group  index  size  score     x       y       z     stdev
    1      1      8    1.37   47.60   45.13   58.21    0.97
    2      2      1    1.17   44.03   42.70   60.60    0.00

Inter-group relationships
     g1     g2     n1     n2    dmin    davg   spread  ratio     x1      y1      z1      x2      y2      z2
Sites linked and merged:  Sunday, January 29 2023, at 09:35:05 IST
 Storing receptor data

Site-finding complete.
Number of sites to map/eval:  1

-- Mapping site  1 --
jobname: md1_crop23_sph_site_1
all SiteMap grid files will be generated
 philic map specified
 phobic map specified
 donor map specified
 acceptor map specified
 metal-ligation map specified
 surface-display map specified
grid margin:     6.00
grid spacing:     0.70
non-bonded cutoff:    20.00
ligand/sitepoints file: 
protein coordinates/parameters file: 
output map/grid files will be written to the current directory
vis files will be written
protein charges will be modified to reduce formal charges and adjust donor/acceptor potentials
protein radii will be modified to allow closer approach to donor and acceptor heteroatoms
phobic areas will be modified to emphasize enclosed regions and to deemphasize exposed regions using alternative method
all input instructions read
 Getting site data
ligand xcm,ycm,zcm,xrange,yrange,zrange 48.029 45.204 58.099  2.000  1.000  1.000

 Reusing receptor data from site-finding stage.

Sitemap: electrostatic+vdw interaction energy
Map field of *enzyme* in region of *inhibitor*

computing site maps ...
grid lim (orig)  41.029  55.029  38.704  51.704  51.599  64.599
grid lim (adj)   40.679  55.379  38.554  51.854  51.449  64.749
grid point counts   22   20   20
total grid points    8800

 5675 receptor atoms read
grid: adjdip
number of grid points within emin, emax limits =     7900
 maximum grid value before cutoff =               -0.034
 minimum grid value before cutoff =   -502.365

philic and phobic grids formed
grid: surf
number of grid points within emin, emax limits =     1817
 maximum grid value before cutoff =         30768500.963
 minimum grid value before cutoff =     -2.615

grid: phil
number of grid points within emin, emax limits =     2247
 maximum grid value before cutoff =         30768450.963
 minimum grid value before cutoff =    -15.975

grid: phob
number of grid points within emin, emax limits =     1470
 maximum grid value before cutoff =         30768515.963
 minimum grid value before cutoff =     -2.129

mod_phobic: phobthresh, philthresh =  -0.250  -3.000
 maximum number of atoms in a sitebox =           8
 boxes, patoms in boxes, empty boxes =       11191        5675        9099
Average phobic potential changed from  -0.824 to  -0.487 for  819 grid points

number of phobic points =  1079   average phobic score =   0.75
number of philic points =  1168   average philic score =  -4.51

number of qualifying surf grid points =      360

number of qualifying phil grid points =      161

number of qualifying phob grid points =       95

number of qualifying accptr grid points =       24

number of qualifying donor grid points =      118

number of qualifying metal grid points =        0

visgrd volume surf                                                                            
visgrd author sitemap                                                                         
visgrd property name surf                                                                            
visgrd qualifying points   1979
visgrd default map values       1       1.00      2
visgrd number of dims    3
visgrd dimensions         22        20        20
visgrd axis scales      0.700     0.700     0.700

visgrd volume hydrophil                                                                       
visgrd author sitemap                                                                         
visgrd property name phil                                                                            
visgrd qualifying points    161
visgrd default map values       1      -8.00     10
visgrd number of dims    3
visgrd dimensions         22        20        20
visgrd axis scales      0.700     0.700     0.700

visgrd volume hydrophob                                                                       
visgrd author sitemap                                                                         
visgrd property name phob                                                                            
visgrd qualifying points    328
visgrd default map values       1      -0.50     13
visgrd number of dims    3
visgrd dimensions         22        20        20
visgrd axis scales      0.700     0.700     0.700

visgrd volume hbacceptor                                                                      
visgrd author sitemap                                                                         
visgrd property name accptr                                                                          
visgrd qualifying points     24
visgrd default map values       1      -8.00     16
visgrd number of dims    3
visgrd dimensions         22        20        20
visgrd axis scales      0.700     0.700     0.700

visgrd volume hbdonor                                                                         
visgrd author sitemap                                                                         
visgrd property name donor                                                                           
visgrd qualifying points    118
visgrd default map values       1      -8.00      5
visgrd number of dims    3
visgrd dimensions         22        20        20
visgrd axis scales      0.700     0.700     0.700

-- Evaluating site  1 --
Ligand/site-points file: 
Protein coordinates/parameters file: 
extend =   3
 Verbosity flags: F F F F F
all SiteMap grid files will be read
the protein charges will be modified to reduce formal charges and adjust donor/acceptor potentials
protein radii will be modified to allow closer approach to donor and acceptor heteroatoms
phobic areas emphasize enclosed regions and deemphasize exposed regions using alternative method
site-point set will be augmented by including significant nearby points
  threshold for adding phobic points:  -0.500
  threshold for adding philic points:  -8.000
base name for SiteMap grid files: 
 Reusing grid data
reusing site data
Number of protein atoms:    5675
 
phobic grid file reshaped
philic grid file reshaped
donor grid file reshaped
acceptor grid file reshaped
metal grid file reshaped
surf grid file reshaped
 maximum number of atoms in a sitebox =           8


Number of site points    8  first shell   15  higher shells   44   dirscore   0.834
1 vdw  -1.311   phob  -0.565   phil  -2.022   donor  -1.917   acceptor  -0.105   metal   0.000
2               phob  -0.292   phil  -1.719   donor  -0.037   acceptor  -1.682   metal   0.000

SiteScore size   Dscore  volume  exposure enclosure contact  phobic   philic   balance  don/acc
  0.790    21    0.755   143.03    0.738    0.834    1.011    2.027    0.540    3.755   18.303

-- Done with site  1 --

== End SiteMap calculation ==

Wrote 1 sites to "md1_crop23_sph_out.maegz".

Current time: Sun Jan 29 09:35:06 2023
Elapsed time: 0:00:03.94
SiteMap successfully completed.

