--------------------------------------------------------------------------------
JobId          : X299-0-63d624f6
Name           : md1_crop62_coa
Program        : SiteMap
Version        : 2021-4 build 135
Host           : X299
Dir            : /mnt/3a29b482-dac1-4563-be89-d63ad92354e9/cers_modelling/md_sampling_cers_models/charmm_gui_systems/cers2_10pc_chol/sitemaps
HostEntry      : localhost
JobHost        : X299
JobDir         : /scratch/tamir/md1_crop62_coa
JobSchrodinger : /opt/schrodinger2021-4
Commandline    : /opt/schrodinger2021-4/sitemap md1_crop62_coa.in
StartTime      : 2023-01-29-09:49:10
--------------------------------------------------------------------------------

== Begin input keywords ==
ADDPHIL  -8.0
ADDPHOB  -0.5
ADDSP  True
COMPRESS  True
CUTOFF  20.0
D2THRESH  3.1
DTHRESH  6.5
DVSCALE  2.5
ENCLOSURE  0.5
EXTEND  3
FAKE  False
FFIELD  OPLS_2005
GRID  0.7
KEEPELEC  False
KEEPVDW  False
KEEPVOLPTS  True
KMAX  3
KMAX2  5
MAPDIST  4.0
MARGIN  6.0
MAXDIST  8.0
MAXSITES  1
MAXVDW  1.1
MINGROUP  3
MODCHARGES  True
MODPHOBIC  3
NEARRES  3.5
NTHRESH  3
PROT  md1_crop62.mae
R2THRESH  4.1
REPORTSIZE  10
ROUND  False
RTHRESH  5.0
VERBOSITY  0
WRITEGRIDS  False
WRITEPOT  False
WRITESTRUCTS  True
WRITEVIS  True
XCENT  56.08799934387207
XRANGE  10.0
YCENT  45.2554988861084
YRANGE  10.0
ZCENT  76.29549980163574
ZRANGE  10.0
== End input keywords ==

== Begin single-receptor SiteMap calculation ==

-- Begin site search --
 Parameters for this calculation:
 sitecut =  0.500000000000000     
 sitescmin =   1.10000000000000     
 afactor =   1.00000000000000     
 bfactor =   1.00000000000000     
 imaxsite =           8
 ithresh =           3
 mingroup =           3
 kmax =           3
 kmax2 =           5
 r2thresh =   4.10000000000000     
 dvscale =   2.50000000000000     
 dvscnorm =   2.50000000000000     
 dvscbig =   2.50000000000000     
 border =   2.00000000000000     
 dthresh =   6.50000000000000     
 rthresh =   5.00000000000000     
 maxgroup =         100
 r2thresh =   4.10000000000000     
 nthresh =           3
 ndir =         110
 use_vdw = T
 repname = none
 repsize =          10
 maxrep =           1
 sitelis = sites.lis
 profile = none
 sitelig = none
 siteasl = none
 use_sitelig =  F
 sitebox =  -999.000000000000     
 writepdb =  F
 number of protein atoms =        5675
Starting findsites:  Sunday, January 29 2023, at 09:49:13 IST
ptypes obtained:  Sunday, January 29 2023, at 09:49:13 IST
lj parameters obtained:  Sunday, January 29 2023, at 09:49:13 IST
Basic parameters obtained:  Sunday, January 29 2023, at 09:49:13 IST
Receptor parameterization completed:  Sunday, January 29 2023, at 09:49:13 IST
 scaled value of sitecut =   55.0000000000000     
 sphere directions set up         110
Sunday, January 29 2023, at 09:49:13 IST
 FINDSITE will use user-specified box
Centroid of box:  56.088  45.255  76.295
 boundaries   51.0879993438721        61.0879993438721     
   40.2554988861084        50.2554988861084        71.2954998016357     
   81.2954998016357     
 box          10          10          10
 maximum number of atoms in a sitebox =           7
Site points found:  Sunday, January 29 2023, at 09:49:13 IST
 boxes, patoms in boxes, empty boxes =         125         257          33
 total, outside sites =        1000         100
Site points pruned:  Sunday, January 29 2023, at 09:49:13 IST
final goodsites =        23
         4 sites will be removed
        19 good sites remain
Number of site groups found =     1

  Group  index  size  score     x       y       z     stdev
    1      1     19    1.49   53.79   48.09   74.68    1.49
Sites linked and merged:  Sunday, January 29 2023, at 09:49:13 IST
 Storing receptor data

Site-finding complete.
Number of sites to map/eval:  1

-- Mapping site  1 --
jobname: md1_crop62_coa_site_1
all SiteMap grid files will be generated
 philic map specified
 phobic map specified
 donor map specified
 acceptor map specified
 metal-ligation map specified
 surface-display map specified
grid margin:     6.00
grid spacing:     0.70
non-bonded cutoff:    20.00
ligand/sitepoints file: 
protein coordinates/parameters file: 
output map/grid files will be written to the current directory
vis files will be written
protein charges will be modified to reduce formal charges and adjust donor/acceptor potentials
protein radii will be modified to allow closer approach to donor and acceptor heteroatoms
phobic areas will be modified to emphasize enclosed regions and to deemphasize exposed regions using alternative method
all input instructions read
 Getting site data
ligand xcm,ycm,zcm,xrange,yrange,zrange 54.088 48.255 74.795  2.000  2.000  3.000

 Reusing receptor data from site-finding stage.

Sitemap: electrostatic+vdw interaction energy
Map field of *enzyme* in region of *inhibitor*

computing site maps ...
grid lim (orig)  47.088  61.088  41.255  55.255  67.295  82.295
grid lim (adj)   46.738  61.438  40.905  55.605  67.095  82.495
grid point counts   22   22   23
total grid points   11132

 5675 receptor atoms read
grid: adjdip
number of grid points within emin, emax limits =     8925
 maximum grid value before cutoff =               -0.215
 minimum grid value before cutoff =   -597.646

philic and phobic grids formed
grid: surf
number of grid points within emin, emax limits =     1987
 maximum grid value before cutoff =         40638737.950
 minimum grid value before cutoff =     -3.007

grid: phil
number of grid points within emin, emax limits =     1547
 maximum grid value before cutoff =         40638687.950
 minimum grid value before cutoff =    -25.903

grid: phob
number of grid points within emin, emax limits =      625
 maximum grid value before cutoff =         40638752.950
 minimum grid value before cutoff =     -1.829

mod_phobic: phobthresh, philthresh =  -0.250  -3.000
 maximum number of atoms in a sitebox =           8
 boxes, patoms in boxes, empty boxes =       11571        5675        9469
Average phobic potential changed from  -0.842 to  -0.533 for  123 grid points

number of phobic points =   246   average phobic score =   0.83
number of philic points =  1301   average philic score =  -6.48

number of qualifying surf grid points =      293

number of qualifying phil grid points =      418

number of qualifying phob grid points =       29

number of qualifying accptr grid points =      169

number of qualifying donor grid points =      225

number of qualifying metal grid points =        0

visgrd volume surf                                                                            
visgrd author sitemap                                                                         
visgrd property name surf                                                                            
visgrd qualifying points   1125
visgrd default map values       1       1.00      2
visgrd number of dims    3
visgrd dimensions         22        22        23
visgrd axis scales      0.700     0.700     0.700

visgrd volume hydrophil                                                                       
visgrd author sitemap                                                                         
visgrd property name phil                                                                            
visgrd qualifying points    418
visgrd default map values       1      -8.00     10
visgrd number of dims    3
visgrd dimensions         22        22        23
visgrd axis scales      0.700     0.700     0.700

visgrd volume hydrophob                                                                       
visgrd author sitemap                                                                         
visgrd property name phob                                                                            
visgrd qualifying points     58
visgrd default map values       1      -0.50     13
visgrd number of dims    3
visgrd dimensions         22        22        23
visgrd axis scales      0.700     0.700     0.700

visgrd volume hbacceptor                                                                      
visgrd author sitemap                                                                         
visgrd property name accptr                                                                          
visgrd qualifying points    169
visgrd default map values       1      -8.00     16
visgrd number of dims    3
visgrd dimensions         22        22        23
visgrd axis scales      0.700     0.700     0.700

visgrd volume hbdonor                                                                         
visgrd author sitemap                                                                         
visgrd property name donor                                                                           
visgrd qualifying points    225
visgrd default map values       1      -8.00      5
visgrd number of dims    3
visgrd dimensions         22        22        23
visgrd axis scales      0.700     0.700     0.700

-- Evaluating site  1 --
Ligand/site-points file: 
Protein coordinates/parameters file: 
extend =   3
 Verbosity flags: F F F F F
all SiteMap grid files will be read
the protein charges will be modified to reduce formal charges and adjust donor/acceptor potentials
protein radii will be modified to allow closer approach to donor and acceptor heteroatoms
phobic areas emphasize enclosed regions and deemphasize exposed regions using alternative method
site-point set will be augmented by including significant nearby points
  threshold for adding phobic points:  -0.500
  threshold for adding philic points:  -8.000
base name for SiteMap grid files: 
 Reusing grid data
reusing site data
Number of protein atoms:    5675
 
phobic grid file reshaped
philic grid file reshaped
donor grid file reshaped
acceptor grid file reshaped
metal grid file reshaped
surf grid file reshaped
 maximum number of atoms in a sitebox =           8


Number of site points   19  first shell   34  higher shells   36   dirscore   0.932
1 vdw  -1.654   phob  -0.143   phil  -6.583   donor  -2.409   acceptor  -4.173   metal   0.000
2               phob  -0.058   phil  -6.127   donor  -3.484   acceptor  -2.643   metal   0.000

SiteScore size   Dscore  volume  exposure enclosure contact  phobic   philic   balance  don/acc
  0.931    48    0.637   131.03    0.593    0.932    1.276    0.400    1.758    0.228    0.577

-- Done with site  1 --

== End SiteMap calculation ==

Wrote 1 sites to "md1_crop62_coa_out.maegz".

Current time: Sun Jan 29 09:49:14 2023
Elapsed time: 0:00:03.63
SiteMap successfully completed.

