--------------------------------------------------------------------------------
JobId          : X299-0-63d62189
Name           : md1_crop230_coa
Program        : SiteMap
Version        : 2021-4 build 135
Host           : X299
Dir            : /mnt/3a29b482-dac1-4563-be89-d63ad92354e9/cers_modelling/md_sampling_cers_models/charmm_gui_systems/cers2_10pc_chol/sitemaps
HostEntry      : localhost
JobHost        : X299
JobDir         : /scratch/tamir/md1_crop230_coa
JobSchrodinger : /opt/schrodinger2021-4
Commandline    : /opt/schrodinger2021-4/sitemap md1_crop230_coa.in
StartTime      : 2023-01-29-09:34:33
--------------------------------------------------------------------------------

== Begin input keywords ==
ADDPHIL  -8.0
ADDPHOB  -0.5
ADDSP  True
COMPRESS  True
CUTOFF  20.0
D2THRESH  3.1
DTHRESH  6.5
DVSCALE  2.5
ENCLOSURE  0.5
EXTEND  3
FAKE  False
FFIELD  OPLS_2005
GRID  0.7
KEEPELEC  False
KEEPVDW  False
KEEPVOLPTS  True
KMAX  3
KMAX2  5
MAPDIST  4.0
MARGIN  6.0
MAXDIST  8.0
MAXSITES  1
MAXVDW  1.1
MINGROUP  3
MODCHARGES  True
MODPHOBIC  3
NEARRES  3.5
NTHRESH  3
PROT  md1_crop230.mae
R2THRESH  4.1
REPORTSIZE  10
ROUND  False
RTHRESH  5.0
VERBOSITY  0
WRITEGRIDS  False
WRITEPOT  False
WRITESTRUCTS  True
WRITEVIS  True
XCENT  57.51699924468994
XRANGE  10.0
YCENT  45.59700012207031
YRANGE  10.0
ZCENT  75.89100360870361
ZRANGE  10.0
== End input keywords ==

== Begin single-receptor SiteMap calculation ==

-- Begin site search --
 Parameters for this calculation:
 sitecut =  0.500000000000000     
 sitescmin =   1.10000000000000     
 afactor =   1.00000000000000     
 bfactor =   1.00000000000000     
 imaxsite =           8
 ithresh =           3
 mingroup =           3
 kmax =           3
 kmax2 =           5
 r2thresh =   4.10000000000000     
 dvscale =   2.50000000000000     
 dvscnorm =   2.50000000000000     
 dvscbig =   2.50000000000000     
 border =   2.00000000000000     
 dthresh =   6.50000000000000     
 rthresh =   5.00000000000000     
 maxgroup =         100
 r2thresh =   4.10000000000000     
 nthresh =           3
 ndir =         110
 use_vdw = T
 repname = none
 repsize =          10
 maxrep =           1
 sitelis = sites.lis
 profile = none
 sitelig = none
 siteasl = none
 use_sitelig =  F
 sitebox =  -999.000000000000     
 writepdb =  F
 number of protein atoms =        5674
Starting findsites:  Sunday, January 29 2023, at 09:34:36 IST
ptypes obtained:  Sunday, January 29 2023, at 09:34:36 IST
lj parameters obtained:  Sunday, January 29 2023, at 09:34:36 IST
Basic parameters obtained:  Sunday, January 29 2023, at 09:34:36 IST
Receptor parameterization completed:  Sunday, January 29 2023, at 09:34:36 IST
 scaled value of sitecut =   55.0000000000000     
 sphere directions set up         110
Sunday, January 29 2023, at 09:34:36 IST
 FINDSITE will use user-specified box
Centroid of box:  57.517  45.597  75.891
 boundaries   52.5169992446899        62.5169992446899     
   40.5970001220703        50.5970001220703        70.8910036087036     
   80.8910036087036     
 box          10          10          10
 maximum number of atoms in a sitebox =           7
Site points found:  Sunday, January 29 2023, at 09:34:36 IST
 boxes, patoms in boxes, empty boxes =         125         267          27
 total, outside sites =        1000          98
Site points pruned:  Sunday, January 29 2023, at 09:34:36 IST
final goodsites =        27
         7 sites will be removed
        20 good sites remain
Number of site groups found =     2

  Group  index  size  score     x       y       z     stdev
    1      2     19    1.53   55.31   48.06   73.43    1.54
    2      1      1    1.99   60.52   46.60   71.89    0.00

Inter-group relationships
     g1     g2     n1     n2    dmin    davg   spread  ratio     x1      y1      z1      x2      y2      z2
Sites linked and merged:  Sunday, January 29 2023, at 09:34:36 IST
 Storing receptor data

Site-finding complete.
Number of sites to map/eval:  1

-- Mapping site  1 --
jobname: md1_crop230_coa_site_1
all SiteMap grid files will be generated
 philic map specified
 phobic map specified
 donor map specified
 acceptor map specified
 metal-ligation map specified
 surface-display map specified
grid margin:     6.00
grid spacing:     0.70
non-bonded cutoff:    20.00
ligand/sitepoints file: 
protein coordinates/parameters file: 
output map/grid files will be written to the current directory
vis files will be written
protein charges will be modified to reduce formal charges and adjust donor/acceptor potentials
protein radii will be modified to allow closer approach to donor and acceptor heteroatoms
phobic areas will be modified to emphasize enclosed regions and to deemphasize exposed regions using alternative method
all input instructions read
 Getting site data
ligand xcm,ycm,zcm,xrange,yrange,zrange 55.517 47.597 73.391  4.000  2.000  3.000

 Reusing receptor data from site-finding stage.

Sitemap: electrostatic+vdw interaction energy
Map field of *enzyme* in region of *inhibitor*

computing site maps ...
grid lim (orig)  47.517  63.517  40.597  54.597  65.891  80.891
grid lim (adj)   47.467  63.567  40.247  54.947  65.691  81.091
grid point counts   24   22   23
total grid points   12144

 5674 receptor atoms read
grid: adjdip
number of grid points within emin, emax limits =     9870
 maximum grid value before cutoff =               -0.198
 minimum grid value before cutoff =   -602.623

philic and phobic grids formed
grid: surf
number of grid points within emin, emax limits =     2091
 maximum grid value before cutoff =         45417257.691
 minimum grid value before cutoff =     -2.931

grid: phil
number of grid points within emin, emax limits =     1465
 maximum grid value before cutoff =         45417207.691
 minimum grid value before cutoff =    -22.352

grid: phob
number of grid points within emin, emax limits =      558
 maximum grid value before cutoff =         45417272.691
 minimum grid value before cutoff =     -1.992

mod_phobic: phobthresh, philthresh =  -0.250  -3.000
 maximum number of atoms in a sitebox =           9
 boxes, patoms in boxes, empty boxes =       11191        5674        9085
Average phobic potential changed from  -1.010 to  -0.716 for  136 grid points

number of phobic points =   219   average phobic score =   1.02
number of philic points =  1246   average philic score =  -6.29

number of qualifying surf grid points =      314

number of qualifying phil grid points =      365

number of qualifying phob grid points =       65

number of qualifying accptr grid points =      143

number of qualifying donor grid points =      216

number of qualifying metal grid points =        0

visgrd volume surf                                                                            
visgrd author sitemap                                                                         
visgrd property name surf                                                                            
visgrd qualifying points   1074
visgrd default map values       1       1.00      2
visgrd number of dims    3
visgrd dimensions         24        22        23
visgrd axis scales      0.700     0.700     0.700

visgrd volume hydrophil                                                                       
visgrd author sitemap                                                                         
visgrd property name phil                                                                            
visgrd qualifying points    365
visgrd default map values       1      -8.00     10
visgrd number of dims    3
visgrd dimensions         24        22        23
visgrd axis scales      0.700     0.700     0.700

visgrd volume hydrophob                                                                       
visgrd author sitemap                                                                         
visgrd property name phob                                                                            
visgrd qualifying points     94
visgrd default map values       1      -0.50     13
visgrd number of dims    3
visgrd dimensions         24        22        23
visgrd axis scales      0.700     0.700     0.700

visgrd volume hbacceptor                                                                      
visgrd author sitemap                                                                         
visgrd property name accptr                                                                          
visgrd qualifying points    143
visgrd default map values       1      -8.00     16
visgrd number of dims    3
visgrd dimensions         24        22        23
visgrd axis scales      0.700     0.700     0.700

visgrd volume hbdonor                                                                         
visgrd author sitemap                                                                         
visgrd property name donor                                                                           
visgrd qualifying points    216
visgrd default map values       1      -8.00      5
visgrd number of dims    3
visgrd dimensions         24        22        23
visgrd axis scales      0.700     0.700     0.700

-- Evaluating site  1 --
Ligand/site-points file: 
Protein coordinates/parameters file: 
extend =   3
 Verbosity flags: F F F F F
all SiteMap grid files will be read
the protein charges will be modified to reduce formal charges and adjust donor/acceptor potentials
protein radii will be modified to allow closer approach to donor and acceptor heteroatoms
phobic areas emphasize enclosed regions and deemphasize exposed regions using alternative method
site-point set will be augmented by including significant nearby points
  threshold for adding phobic points:  -0.500
  threshold for adding philic points:  -8.000
base name for SiteMap grid files: 
 Reusing grid data
reusing site data
Number of protein atoms:    5674
 
phobic grid file reshaped
philic grid file reshaped
donor grid file reshaped
acceptor grid file reshaped
metal grid file reshaped
surf grid file reshaped
 maximum number of atoms in a sitebox =           9


Number of site points   19  first shell   34  higher shells   42   dirscore   0.923
1 vdw  -1.517   phob  -0.255   phil  -6.015   donor  -2.624   acceptor  -3.391   metal   0.000
2               phob  -0.077   phil  -5.645   donor  -2.741   acceptor  -2.905   metal   0.000

SiteScore size   Dscore  volume  exposure enclosure contact  phobic   philic   balance  don/acc
  0.925    48    0.681   135.83    0.613    0.923    1.170    0.537    1.606    0.334    0.774

-- Done with site  1 --

== End SiteMap calculation ==

Wrote 1 sites to "md1_crop230_coa_out.maegz".

Current time: Sun Jan 29 09:34:37 2023
Elapsed time: 0:00:03.69
SiteMap successfully completed.

