--------------------------------------------------------------------------------
JobId          : X299-0-63d62299
Name           : md1_crop318_sph
Program        : SiteMap
Version        : 2021-4 build 135
Host           : X299
Dir            : /mnt/3a29b482-dac1-4563-be89-d63ad92354e9/cers_modelling/md_sampling_cers_models/charmm_gui_systems/cers2_10pc_chol/sitemaps
HostEntry      : localhost
JobHost        : X299
JobDir         : /scratch/tamir/md1_crop318_sph
JobSchrodinger : /opt/schrodinger2021-4
Commandline    : /opt/schrodinger2021-4/sitemap md1_crop318_sph.in
StartTime      : 2023-01-29-09:39:05
--------------------------------------------------------------------------------

== Begin input keywords ==
ADDPHIL  -8.0
ADDPHOB  -0.5
ADDSP  True
COMPRESS  True
CUTOFF  20.0
D2THRESH  3.1
DTHRESH  6.5
DVSCALE  2.5
ENCLOSURE  0.5
EXTEND  3
FAKE  False
FFIELD  OPLS_2005
GRID  0.7
KEEPELEC  False
KEEPVDW  False
KEEPVOLPTS  True
KMAX  3
KMAX2  5
MAPDIST  4.0
MARGIN  6.0
MAXDIST  8.0
MAXSITES  1
MAXVDW  1.1
MINGROUP  3
MODCHARGES  True
MODPHOBIC  3
NEARRES  3.5
NTHRESH  3
PROT  md1_crop318.mae
R2THRESH  4.1
REPORTSIZE  10
ROUND  False
RTHRESH  5.0
VERBOSITY  0
WRITEGRIDS  False
WRITEPOT  False
WRITESTRUCTS  True
WRITEVIS  True
XCENT  42.544002532958984
XRANGE  10.0
YCENT  43.39399814605713
YRANGE  10.0
ZCENT  65.36700248718262
ZRANGE  10.0
== End input keywords ==

== Begin single-receptor SiteMap calculation ==

-- Begin site search --
 Parameters for this calculation:
 sitecut =  0.500000000000000     
 sitescmin =   1.10000000000000     
 afactor =   1.00000000000000     
 bfactor =   1.00000000000000     
 imaxsite =           8
 ithresh =           3
 mingroup =           3
 kmax =           3
 kmax2 =           5
 r2thresh =   4.10000000000000     
 dvscale =   2.50000000000000     
 dvscnorm =   2.50000000000000     
 dvscbig =   2.50000000000000     
 border =   2.00000000000000     
 dthresh =   6.50000000000000     
 rthresh =   5.00000000000000     
 maxgroup =         100
 r2thresh =   4.10000000000000     
 nthresh =           3
 ndir =         110
 use_vdw = T
 repname = none
 repsize =          10
 maxrep =           1
 sitelis = sites.lis
 profile = none
 sitelig = none
 siteasl = none
 use_sitelig =  F
 sitebox =  -999.000000000000     
 writepdb =  F
 number of protein atoms =        5676
Starting findsites:  Sunday, January 29 2023, at 09:39:08 IST
ptypes obtained:  Sunday, January 29 2023, at 09:39:08 IST
lj parameters obtained:  Sunday, January 29 2023, at 09:39:08 IST
Basic parameters obtained:  Sunday, January 29 2023, at 09:39:08 IST
Receptor parameterization completed:  Sunday, January 29 2023, at 09:39:08 IST
 scaled value of sitecut =   55.0000000000000     
 sphere directions set up         110
Sunday, January 29 2023, at 09:39:08 IST
 FINDSITE will use user-specified box
Centroid of box:  42.544  43.394  65.367
 boundaries   37.5440025329590        47.5440025329590     
   38.3939981460571        48.3939981460571        60.3670024871826     
   70.3670024871826     
 box          10          10          10
 maximum number of atoms in a sitebox =           8
Site points found:  Sunday, January 29 2023, at 09:39:08 IST
 boxes, patoms in boxes, empty boxes =         125         200          51
 total, outside sites =        1000         269
Site points pruned:  Sunday, January 29 2023, at 09:39:08 IST
final goodsites =        15
         5 sites will be removed
        10 good sites remain
Number of site groups found =     1

  Group  index  size  score     x       y       z     stdev
    1      1     10    1.30   43.26   43.26   64.58    1.94
Sites linked and merged:  Sunday, January 29 2023, at 09:39:08 IST
 Storing receptor data

Site-finding complete.
Number of sites to map/eval:  1

-- Mapping site  1 --
jobname: md1_crop318_sph_site_1
all SiteMap grid files will be generated
 philic map specified
 phobic map specified
 donor map specified
 acceptor map specified
 metal-ligation map specified
 surface-display map specified
grid margin:     6.00
grid spacing:     0.70
non-bonded cutoff:    20.00
ligand/sitepoints file: 
protein coordinates/parameters file: 
output map/grid files will be written to the current directory
vis files will be written
protein charges will be modified to reduce formal charges and adjust donor/acceptor potentials
protein radii will be modified to allow closer approach to donor and acceptor heteroatoms
phobic areas will be modified to emphasize enclosed regions and to deemphasize exposed regions using alternative method
all input instructions read
 Getting site data
ligand xcm,ycm,zcm,xrange,yrange,zrange 43.544 43.394 64.867  4.000  2.000  3.000

 Reusing receptor data from site-finding stage.

Sitemap: electrostatic+vdw interaction energy
Map field of *enzyme* in region of *inhibitor*

computing site maps ...
grid lim (orig)  35.544  51.544  36.394  50.394  57.367  72.367
grid lim (adj)   35.494  51.594  36.044  50.744  57.167  72.567
grid point counts   24   22   23
total grid points   12144

 5676 receptor atoms read
grid: adjdip
number of grid points within emin, emax limits =    11028
 maximum grid value before cutoff =               -0.034
 minimum grid value before cutoff =   -493.339

philic and phobic grids formed
grid: surf
number of grid points within emin, emax limits =     2316
 maximum grid value before cutoff =         32741941.952
 minimum grid value before cutoff =     -2.587

grid: phil
number of grid points within emin, emax limits =     3612
 maximum grid value before cutoff =         32741891.952
 minimum grid value before cutoff =    -24.094

grid: phob
number of grid points within emin, emax limits =     2664
 maximum grid value before cutoff =         32741956.952
 minimum grid value before cutoff =     -1.941

mod_phobic: phobthresh, philthresh =  -0.250  -3.000
 maximum number of atoms in a sitebox =           8
 boxes, patoms in boxes, empty boxes =       10013        5676        7927
Average phobic potential changed from  -0.768 to  -0.414 for 1039 grid points

number of phobic points =  2026   average phobic score =   0.55
number of philic points =  1586   average philic score =  -3.98

number of qualifying surf grid points =      457

number of qualifying phil grid points =      226

number of qualifying phob grid points =      116

number of qualifying accptr grid points =       71

number of qualifying donor grid points =      153

number of qualifying metal grid points =        0

visgrd volume surf                                                                            
visgrd author sitemap                                                                         
visgrd property name surf                                                                            
visgrd qualifying points   3322
visgrd default map values       1       1.00      2
visgrd number of dims    3
visgrd dimensions         24        22        23
visgrd axis scales      0.700     0.700     0.700

visgrd volume hydrophil                                                                       
visgrd author sitemap                                                                         
visgrd property name phil                                                                            
visgrd qualifying points    226
visgrd default map values       1      -8.00     10
visgrd number of dims    3
visgrd dimensions         24        22        23
visgrd axis scales      0.700     0.700     0.700

visgrd volume hydrophob                                                                       
visgrd author sitemap                                                                         
visgrd property name phob                                                                            
visgrd qualifying points    324
visgrd default map values       1      -0.50     13
visgrd number of dims    3
visgrd dimensions         24        22        23
visgrd axis scales      0.700     0.700     0.700

visgrd volume hbacceptor                                                                      
visgrd author sitemap                                                                         
visgrd property name accptr                                                                          
visgrd qualifying points     71
visgrd default map values       1      -8.00     16
visgrd number of dims    3
visgrd dimensions         24        22        23
visgrd axis scales      0.700     0.700     0.700

visgrd volume hbdonor                                                                         
visgrd author sitemap                                                                         
visgrd property name donor                                                                           
visgrd qualifying points    153
visgrd default map values       1      -8.00      5
visgrd number of dims    3
visgrd dimensions         24        22        23
visgrd axis scales      0.700     0.700     0.700

-- Evaluating site  1 --
Ligand/site-points file: 
Protein coordinates/parameters file: 
extend =   3
 Verbosity flags: F F F F F
all SiteMap grid files will be read
the protein charges will be modified to reduce formal charges and adjust donor/acceptor potentials
protein radii will be modified to allow closer approach to donor and acceptor heteroatoms
phobic areas emphasize enclosed regions and deemphasize exposed regions using alternative method
site-point set will be augmented by including significant nearby points
  threshold for adding phobic points:  -0.500
  threshold for adding philic points:  -8.000
base name for SiteMap grid files: 
 Reusing grid data
reusing site data
Number of protein atoms:    5676
 
phobic grid file reshaped
philic grid file reshaped
donor grid file reshaped
acceptor grid file reshaped
metal grid file reshaped
surf grid file reshaped
 maximum number of atoms in a sitebox =           8


Number of site points   10  first shell   22  higher shells   62   dirscore   0.803
1 vdw  -1.363   phob  -0.468   phil  -2.634   donor  -1.527   acceptor  -1.107   metal   0.000
2               phob  -0.212   phil  -2.423   donor  -0.811   acceptor  -1.612   metal   0.000

SiteScore size   Dscore  volume  exposure enclosure contact  phobic   philic   balance  don/acc
  0.754    23    0.704   154.69    0.785    0.803    1.052    1.474    0.703    2.096    1.380

-- Done with site  1 --

== End SiteMap calculation ==

Wrote 1 sites to "md1_crop318_sph_out.maegz".

Current time: Sun Jan 29 09:39:10 2023
Elapsed time: 0:00:04.17
SiteMap successfully completed.

