--------------------------------------------------------------------------------
JobId          : X299-0-63d65ec2
Name           : md1_crop424_acyl
Program        : SiteMap
Version        : 2021-4 build 135
Host           : X299
Dir            : /mnt/3a29b482-dac1-4563-be89-d63ad92354e9/cers_modelling/md_sampling_cers_models/charmm_gui_systems/cers2_10pc_chol/sitemaps
HostEntry      : localhost
JobHost        : X299
JobDir         : /scratch/tamir/md1_crop424_acyl
JobSchrodinger : /opt/schrodinger2021-4
Commandline    : /opt/schrodinger2021-4/sitemap md1_crop424_acyl.in
StartTime      : 2023-01-29-13:55:47
--------------------------------------------------------------------------------

== Begin input keywords ==
ADDPHIL  -8.0
ADDPHOB  -0.5
ADDSP  True
COMPRESS  True
CUTOFF  20.0
D2THRESH  3.1
DTHRESH  6.5
DVSCALE  2.5
ENCLOSURE  0.5
EXTEND  3
FAKE  False
FFIELD  OPLS_2005
GRID  0.7
KEEPELEC  False
KEEPVDW  False
KEEPVOLPTS  True
KMAX  3
KMAX2  5
MAPDIST  4.0
MARGIN  6.0
MAXDIST  8.0
MAXSITES  1
MAXVDW  1.1
MINGROUP  3
MODCHARGES  True
MODPHOBIC  3
NEARRES  3.5
NTHRESH  3
PROT  md1_crop424.mae
R2THRESH  4.1
REPORTSIZE  10
ROUND  False
RTHRESH  5.0
VERBOSITY  0
WRITEGRIDS  False
WRITEPOT  False
WRITESTRUCTS  True
WRITEVIS  True
XCENT  61.05966567993164
XRANGE  10.0
YCENT  51.91133499145508
YRANGE  10.0
ZCENT  55.74699878692627
ZRANGE  10.0
== End input keywords ==

== Begin single-receptor SiteMap calculation ==

-- Begin site search --
 Parameters for this calculation:
 sitecut =  0.500000000000000     
 sitescmin =   1.10000000000000     
 afactor =   1.00000000000000     
 bfactor =   1.00000000000000     
 imaxsite =           8
 ithresh =           3
 mingroup =           3
 kmax =           3
 kmax2 =           5
 r2thresh =   4.10000000000000     
 dvscale =   2.50000000000000     
 dvscnorm =   2.50000000000000     
 dvscbig =   2.50000000000000     
 border =   2.00000000000000     
 dthresh =   6.50000000000000     
 rthresh =   5.00000000000000     
 maxgroup =         100
 r2thresh =   4.10000000000000     
 nthresh =           3
 ndir =         110
 use_vdw = T
 repname = none
 repsize =          10
 maxrep =           1
 sitelis = sites.lis
 profile = none
 sitelig = none
 siteasl = none
 use_sitelig =  F
 sitebox =  -999.000000000000     
 writepdb =  F
 number of protein atoms =        5675
Starting findsites:  Sunday, January 29 2023, at 13:55:50 IST
ptypes obtained:  Sunday, January 29 2023, at 13:55:50 IST
lj parameters obtained:  Sunday, January 29 2023, at 13:55:50 IST
Basic parameters obtained:  Sunday, January 29 2023, at 13:55:50 IST
Receptor parameterization completed:  Sunday, January 29 2023, at 13:55:50 IST
 scaled value of sitecut =   55.0000000000000     
 sphere directions set up         110
Sunday, January 29 2023, at 13:55:50 IST
 FINDSITE will use user-specified box
Centroid of box:  61.060  51.911  55.747
 boundaries   56.0596656799316        66.0596656799316     
   46.9113349914551        56.9113349914551        50.7469987869263     
   60.7469987869263     
 box          10          10          10
 maximum number of atoms in a sitebox =           8
Site points found:  Sunday, January 29 2023, at 13:55:50 IST
 boxes, patoms in boxes, empty boxes =         125         300          16
 total, outside sites =        1000          22
Site points pruned:  Sunday, January 29 2023, at 13:55:50 IST
final goodsites =         7
         5 sites will be removed
         2 good sites remain
Number of site groups found =     1

  Group  index  size  score     x       y       z     stdev
    1      1      2    2.09   64.06   52.40   55.23    0.71
Sites linked and merged:  Sunday, January 29 2023, at 13:55:50 IST
 Storing receptor data

Site-finding complete.
Number of sites to map/eval:  1

-- Mapping site  1 --
jobname: md1_crop424_acyl_site_1
all SiteMap grid files will be generated
 philic map specified
 phobic map specified
 donor map specified
 acceptor map specified
 metal-ligation map specified
 surface-display map specified
grid margin:     6.00
grid spacing:     0.70
non-bonded cutoff:    20.00
ligand/sitepoints file: 
protein coordinates/parameters file: 
output map/grid files will be written to the current directory
vis files will be written
protein charges will be modified to reduce formal charges and adjust donor/acceptor potentials
protein radii will be modified to allow closer approach to donor and acceptor heteroatoms
phobic areas will be modified to emphasize enclosed regions and to deemphasize exposed regions using alternative method
all input instructions read
 Getting site data
ligand xcm,ycm,zcm,xrange,yrange,zrange 64.060 52.411 55.247  0.000  1.000  1.000

 Reusing receptor data from site-finding stage.

Sitemap: electrostatic+vdw interaction energy
Map field of *enzyme* in region of *inhibitor*

computing site maps ...
grid lim (orig)  58.060  70.060  45.911  58.911  48.747  61.747
grid lim (adj)   57.760  70.360  45.761  59.061  48.597  61.897
grid point counts   19   20   20
total grid points    7600

 5675 receptor atoms read
grid: adjdip
number of grid points within emin, emax limits =     6612
 maximum grid value before cutoff =               -0.049
 minimum grid value before cutoff =   -672.427

philic and phobic grids formed
grid: surf
number of grid points within emin, emax limits =     1355
 maximum grid value before cutoff =         31157084.355
 minimum grid value before cutoff =     -2.693

grid: phil
number of grid points within emin, emax limits =     1415
 maximum grid value before cutoff =         31157034.355
 minimum grid value before cutoff =    -17.476

grid: phob
number of grid points within emin, emax limits =      915
 maximum grid value before cutoff =         31157099.355
 minimum grid value before cutoff =     -2.126

mod_phobic: phobthresh, philthresh =  -0.250  -3.000
 maximum number of atoms in a sitebox =           8
 boxes, patoms in boxes, empty boxes =       10353        5675        8256
Average phobic potential changed from  -0.773 to  -0.425 for  302 grid points

number of phobic points =   647   average phobic score =   0.59
number of philic points =   768   average philic score =  -3.81

number of qualifying surf grid points =      223

number of qualifying phil grid points =       89

number of qualifying phob grid points =       33

number of qualifying accptr grid points =       14

number of qualifying donor grid points =       69

number of qualifying metal grid points =        0

visgrd volume surf                                                                            
visgrd author sitemap                                                                         
visgrd property name surf                                                                            
visgrd qualifying points   1239
visgrd default map values       1       1.00      2
visgrd number of dims    3
visgrd dimensions         19        20        20
visgrd axis scales      0.700     0.700     0.700

visgrd volume hydrophil                                                                       
visgrd author sitemap                                                                         
visgrd property name phil                                                                            
visgrd qualifying points     89
visgrd default map values       1      -8.00     10
visgrd number of dims    3
visgrd dimensions         19        20        20
visgrd axis scales      0.700     0.700     0.700

visgrd volume hydrophob                                                                       
visgrd author sitemap                                                                         
visgrd property name phob                                                                            
visgrd qualifying points     88
visgrd default map values       1      -0.50     13
visgrd number of dims    3
visgrd dimensions         19        20        20
visgrd axis scales      0.700     0.700     0.700

visgrd volume hbacceptor                                                                      
visgrd author sitemap                                                                         
visgrd property name accptr                                                                          
visgrd qualifying points     14
visgrd default map values       1      -8.00     16
visgrd number of dims    3
visgrd dimensions         19        20        20
visgrd axis scales      0.700     0.700     0.700

visgrd volume hbdonor                                                                         
visgrd author sitemap                                                                         
visgrd property name donor                                                                           
visgrd qualifying points     69
visgrd default map values       1      -8.00      5
visgrd number of dims    3
visgrd dimensions         19        20        20
visgrd axis scales      0.700     0.700     0.700

-- Evaluating site  1 --
Ligand/site-points file: 
Protein coordinates/parameters file: 
extend =   3
 Verbosity flags: F F F F F
all SiteMap grid files will be read
the protein charges will be modified to reduce formal charges and adjust donor/acceptor potentials
protein radii will be modified to allow closer approach to donor and acceptor heteroatoms
phobic areas emphasize enclosed regions and deemphasize exposed regions using alternative method
site-point set will be augmented by including significant nearby points
  threshold for adding phobic points:  -0.500
  threshold for adding philic points:  -8.000
base name for SiteMap grid files: 
 Reusing grid data
reusing site data
Number of protein atoms:    5675
 
phobic grid file reshaped
philic grid file reshaped
donor grid file reshaped
acceptor grid file reshaped
metal grid file reshaped
surf grid file reshaped
 maximum number of atoms in a sitebox =           8


Number of site points    2  first shell   14  higher shells   23   dirscore   0.841
1 vdw  -1.553   phob  -0.638   phil  -2.209   donor  -2.106   acceptor  -0.103   metal   0.000
2               phob  -0.264   phil  -1.625   donor  -0.107   acceptor  -1.518   metal   0.000

SiteScore size   Dscore  volume  exposure enclosure contact  phobic   philic   balance  don/acc
  0.733    15    0.676    42.19    0.712    0.841    1.199    1.837    0.590    3.114   20.536

-- Done with site  1 --

== End SiteMap calculation ==

Wrote 1 sites to "md1_crop424_acyl_out.maegz".

Current time: Sun Jan 29 13:55:51 2023
Elapsed time: 0:00:03.54
SiteMap successfully completed.

