--------------------------------------------------------------------------------
JobId          : X299-0-63d623ae
Name           : md1_crop407_sph
Program        : SiteMap
Version        : 2021-4 build 135
Host           : X299
Dir            : /mnt/3a29b482-dac1-4563-be89-d63ad92354e9/cers_modelling/md_sampling_cers_models/charmm_gui_systems/cers2_10pc_chol/sitemaps
HostEntry      : localhost
JobHost        : X299
JobDir         : /scratch/tamir/md1_crop407_sph
JobSchrodinger : /opt/schrodinger2021-4
Commandline    : /opt/schrodinger2021-4/sitemap md1_crop407_sph.in
StartTime      : 2023-01-29-09:43:42
--------------------------------------------------------------------------------

== Begin input keywords ==
ADDPHIL  -8.0
ADDPHOB  -0.5
ADDSP  True
COMPRESS  True
CUTOFF  20.0
D2THRESH  3.1
DTHRESH  6.5
DVSCALE  2.5
ENCLOSURE  0.5
EXTEND  3
FAKE  False
FFIELD  OPLS_2005
GRID  0.7
KEEPELEC  False
KEEPVDW  False
KEEPVOLPTS  True
KMAX  3
KMAX2  5
MAPDIST  4.0
MARGIN  6.0
MAXDIST  8.0
MAXSITES  1
MAXVDW  1.1
MINGROUP  3
MODCHARGES  True
MODPHOBIC  3
NEARRES  3.5
NTHRESH  3
PROT  md1_crop407.mae
R2THRESH  4.1
REPORTSIZE  10
ROUND  False
RTHRESH  5.0
VERBOSITY  0
WRITEGRIDS  False
WRITEPOT  False
WRITESTRUCTS  True
WRITEVIS  True
XCENT  45.54999828338623
XRANGE  10.0
YCENT  43.435001373291016
YRANGE  10.0
ZCENT  61.9350004196167
ZRANGE  10.0
== End input keywords ==

== Begin single-receptor SiteMap calculation ==

-- Begin site search --
 Parameters for this calculation:
 sitecut =  0.500000000000000     
 sitescmin =   1.10000000000000     
 afactor =   1.00000000000000     
 bfactor =   1.00000000000000     
 imaxsite =           8
 ithresh =           3
 mingroup =           3
 kmax =           3
 kmax2 =           5
 r2thresh =   4.10000000000000     
 dvscale =   2.50000000000000     
 dvscnorm =   2.50000000000000     
 dvscbig =   2.50000000000000     
 border =   2.00000000000000     
 dthresh =   6.50000000000000     
 rthresh =   5.00000000000000     
 maxgroup =         100
 r2thresh =   4.10000000000000     
 nthresh =           3
 ndir =         110
 use_vdw = T
 repname = none
 repsize =          10
 maxrep =           1
 sitelis = sites.lis
 profile = none
 sitelig = none
 siteasl = none
 use_sitelig =  F
 sitebox =  -999.000000000000     
 writepdb =  F
 number of protein atoms =        5675
Starting findsites:  Sunday, January 29 2023, at 09:43:45 IST
ptypes obtained:  Sunday, January 29 2023, at 09:43:45 IST
lj parameters obtained:  Sunday, January 29 2023, at 09:43:45 IST
Basic parameters obtained:  Sunday, January 29 2023, at 09:43:45 IST
Receptor parameterization completed:  Sunday, January 29 2023, at 09:43:45 IST
 scaled value of sitecut =   55.0000000000000     
 sphere directions set up         110
Sunday, January 29 2023, at 09:43:45 IST
 FINDSITE will use user-specified box
Centroid of box:  45.550  43.435  61.935
 boundaries   40.5499982833862        50.5499982833862     
   38.4350013732910        48.4350013732910        56.9350004196167     
   66.9350004196167     
 box          10          10          10
 maximum number of atoms in a sitebox =           6
Site points found:  Sunday, January 29 2023, at 09:43:45 IST
 boxes, patoms in boxes, empty boxes =         125         187          59
 total, outside sites =        1000         296
Site points pruned:  Sunday, January 29 2023, at 09:43:45 IST
final goodsites =        10
         4 sites will be removed
         6 good sites remain
Number of site groups found =     1

  Group  index  size  score     x       y       z     stdev
    1      1      6    1.24   46.04   43.09   61.61    1.29
Sites linked and merged:  Sunday, January 29 2023, at 09:43:45 IST
 Storing receptor data

Site-finding complete.
Number of sites to map/eval:  1

-- Mapping site  1 --
jobname: md1_crop407_sph_site_1
all SiteMap grid files will be generated
 philic map specified
 phobic map specified
 donor map specified
 acceptor map specified
 metal-ligation map specified
 surface-display map specified
grid margin:     6.00
grid spacing:     0.70
non-bonded cutoff:    20.00
ligand/sitepoints file: 
protein coordinates/parameters file: 
output map/grid files will be written to the current directory
vis files will be written
protein charges will be modified to reduce formal charges and adjust donor/acceptor potentials
protein radii will be modified to allow closer approach to donor and acceptor heteroatoms
phobic areas will be modified to emphasize enclosed regions and to deemphasize exposed regions using alternative method
all input instructions read
 Getting site data
ligand xcm,ycm,zcm,xrange,yrange,zrange 46.050 42.935 61.935  3.000  1.000  2.000

 Reusing receptor data from site-finding stage.

Sitemap: electrostatic+vdw interaction energy
Map field of *enzyme* in region of *inhibitor*

computing site maps ...
grid lim (orig)  38.550  53.550  36.435  49.435  54.935  68.935
grid lim (adj)   38.350  53.750  36.285  49.585  54.585  69.285
grid point counts   23   20   22
total grid points   10120

 5675 receptor atoms read
grid: adjdip
number of grid points within emin, emax limits =     9296
 maximum grid value before cutoff =               -0.021
 minimum grid value before cutoff =   -573.423

philic and phobic grids formed
grid: surf
number of grid points within emin, emax limits =     2057
 maximum grid value before cutoff =         24341011.214
 minimum grid value before cutoff =     -2.402

grid: phil
number of grid points within emin, emax limits =     3586
 maximum grid value before cutoff =         24340961.214
 minimum grid value before cutoff =    -22.342

grid: phob
number of grid points within emin, emax limits =     2704
 maximum grid value before cutoff =         24341026.214
 minimum grid value before cutoff =     -1.782

mod_phobic: phobthresh, philthresh =  -0.250  -3.000
 maximum number of atoms in a sitebox =           8
 boxes, patoms in boxes, empty boxes =       10013        5675        7899
Average phobic potential changed from  -0.714 to  -0.364 for  881 grid points

number of phobic points =  1959   average phobic score =   0.51
number of philic points =  1627   average philic score =  -3.36

number of qualifying surf grid points =      452

number of qualifying phil grid points =      176

number of qualifying phob grid points =       43

number of qualifying accptr grid points =       65

number of qualifying donor grid points =       82

number of qualifying metal grid points =        0

visgrd volume surf                                                                            
visgrd author sitemap                                                                         
visgrd property name surf                                                                            
visgrd qualifying points   3331
visgrd default map values       1       1.00      2
visgrd number of dims    3
visgrd dimensions         23        20        22
visgrd axis scales      0.700     0.700     0.700

visgrd volume hydrophil                                                                       
visgrd author sitemap                                                                         
visgrd property name phil                                                                            
visgrd qualifying points    176
visgrd default map values       1      -8.00     10
visgrd number of dims    3
visgrd dimensions         23        20        22
visgrd axis scales      0.700     0.700     0.700

visgrd volume hydrophob                                                                       
visgrd author sitemap                                                                         
visgrd property name phob                                                                            
visgrd qualifying points    211
visgrd default map values       1      -0.50     13
visgrd number of dims    3
visgrd dimensions         23        20        22
visgrd axis scales      0.700     0.700     0.700

visgrd volume hbacceptor                                                                      
visgrd author sitemap                                                                         
visgrd property name accptr                                                                          
visgrd qualifying points     65
visgrd default map values       1      -8.00     16
visgrd number of dims    3
visgrd dimensions         23        20        22
visgrd axis scales      0.700     0.700     0.700

visgrd volume hbdonor                                                                         
visgrd author sitemap                                                                         
visgrd property name donor                                                                           
visgrd qualifying points     82
visgrd default map values       1      -8.00      5
visgrd number of dims    3
visgrd dimensions         23        20        22
visgrd axis scales      0.700     0.700     0.700

-- Evaluating site  1 --
Ligand/site-points file: 
Protein coordinates/parameters file: 
extend =   3
 Verbosity flags: F F F F F
all SiteMap grid files will be read
the protein charges will be modified to reduce formal charges and adjust donor/acceptor potentials
protein radii will be modified to allow closer approach to donor and acceptor heteroatoms
phobic areas emphasize enclosed regions and deemphasize exposed regions using alternative method
site-point set will be augmented by including significant nearby points
  threshold for adding phobic points:  -0.500
  threshold for adding philic points:  -8.000
base name for SiteMap grid files: 
 Reusing grid data
reusing site data
Number of protein atoms:    5675
 
phobic grid file reshaped
philic grid file reshaped
donor grid file reshaped
acceptor grid file reshaped
metal grid file reshaped
surf grid file reshaped
 maximum number of atoms in a sitebox =           8


Number of site points    6  first shell   12  higher shells   33   dirscore   0.766
1 vdw  -1.276   phob  -0.777   phil  -0.776   donor  -0.479   acceptor  -0.298   metal   0.000
2               phob  -0.320   phil  -0.888   donor  -0.141   acceptor  -0.748   metal   0.000

SiteScore size   Dscore  volume  exposure enclosure contact  phobic   philic   balance  don/acc
  0.792    19    0.802   117.99    0.703    0.766    0.985    2.224    0.207   10.729    1.608

-- Done with site  1 --

== End SiteMap calculation ==

Wrote 1 sites to "md1_crop407_sph_out.maegz".

Current time: Sun Jan 29 09:43:47 2023
Elapsed time: 0:00:03.95
SiteMap successfully completed.

