--------------------------------------------------------------------------------
JobId          : X299-0-63d6227f
Name           : md1_crop30_coa
Program        : SiteMap
Version        : 2021-4 build 135
Host           : X299
Dir            : /mnt/3a29b482-dac1-4563-be89-d63ad92354e9/cers_modelling/md_sampling_cers_models/charmm_gui_systems/cers2_10pc_chol/sitemaps
HostEntry      : localhost
JobHost        : X299
JobDir         : /scratch/tamir/md1_crop30_coa
JobSchrodinger : /opt/schrodinger2021-4
Commandline    : /opt/schrodinger2021-4/sitemap md1_crop30_coa.in
StartTime      : 2023-01-29-09:38:39
--------------------------------------------------------------------------------

== Begin input keywords ==
ADDPHIL  -8.0
ADDPHOB  -0.5
ADDSP  True
COMPRESS  True
CUTOFF  20.0
D2THRESH  3.1
DTHRESH  6.5
DVSCALE  2.5
ENCLOSURE  0.5
EXTEND  3
FAKE  False
FFIELD  OPLS_2005
GRID  0.7
KEEPELEC  False
KEEPVDW  False
KEEPVOLPTS  True
KMAX  3
KMAX2  5
MAPDIST  4.0
MARGIN  6.0
MAXDIST  8.0
MAXSITES  1
MAXVDW  1.1
MINGROUP  3
MODCHARGES  True
MODPHOBIC  3
NEARRES  3.5
NTHRESH  3
PROT  md1_crop30.mae
R2THRESH  4.1
REPORTSIZE  10
ROUND  False
RTHRESH  5.0
VERBOSITY  0
WRITEGRIDS  False
WRITEPOT  False
WRITESTRUCTS  True
WRITEVIS  True
XCENT  56.95199966430664
XRANGE  10.0
YCENT  46.379499435424805
YRANGE  10.0
ZCENT  74.18100357055664
ZRANGE  10.0
== End input keywords ==

== Begin single-receptor SiteMap calculation ==

-- Begin site search --
 Parameters for this calculation:
 sitecut =  0.500000000000000     
 sitescmin =   1.10000000000000     
 afactor =   1.00000000000000     
 bfactor =   1.00000000000000     
 imaxsite =           8
 ithresh =           3
 mingroup =           3
 kmax =           3
 kmax2 =           5
 r2thresh =   4.10000000000000     
 dvscale =   2.50000000000000     
 dvscnorm =   2.50000000000000     
 dvscbig =   2.50000000000000     
 border =   2.00000000000000     
 dthresh =   6.50000000000000     
 rthresh =   5.00000000000000     
 maxgroup =         100
 r2thresh =   4.10000000000000     
 nthresh =           3
 ndir =         110
 use_vdw = T
 repname = none
 repsize =          10
 maxrep =           1
 sitelis = sites.lis
 profile = none
 sitelig = none
 siteasl = none
 use_sitelig =  F
 sitebox =  -999.000000000000     
 writepdb =  F
 number of protein atoms =        5674
Starting findsites:  Sunday, January 29 2023, at 09:38:42 IST
ptypes obtained:  Sunday, January 29 2023, at 09:38:42 IST
lj parameters obtained:  Sunday, January 29 2023, at 09:38:42 IST
Basic parameters obtained:  Sunday, January 29 2023, at 09:38:42 IST
Receptor parameterization completed:  Sunday, January 29 2023, at 09:38:42 IST
 scaled value of sitecut =   55.0000000000000     
 sphere directions set up         110
Sunday, January 29 2023, at 09:38:42 IST
 FINDSITE will use user-specified box
Centroid of box:  56.952  46.379  74.181
 boundaries   51.9519996643066        61.9519996643066     
   41.3794994354248        51.3794994354248        69.1810035705566     
   79.1810035705566     
 box          10          10          10
 maximum number of atoms in a sitebox =           6
Site points found:  Sunday, January 29 2023, at 09:38:42 IST
 boxes, patoms in boxes, empty boxes =         125         263          27
 total, outside sites =        1000          98
Site points pruned:  Sunday, January 29 2023, at 09:38:42 IST
final goodsites =        25
         4 sites will be removed
        21 good sites remain
Number of site groups found =     2

  Group  index  size  score     x       y       z     stdev
    1      1     19    1.52   54.31   48.85   72.64    1.77
    2      2      2    1.23   59.42   49.38   75.18    0.50

Inter-group relationships
     g1     g2     n1     n2    dmin    davg   spread  ratio     x1      y1      z1      x2      y2      z2
Sites linked and merged:  Sunday, January 29 2023, at 09:38:42 IST
 Storing receptor data

Site-finding complete.
Number of sites to map/eval:  1

-- Mapping site  1 --
jobname: md1_crop30_coa_site_1
all SiteMap grid files will be generated
 philic map specified
 phobic map specified
 donor map specified
 acceptor map specified
 metal-ligation map specified
 surface-display map specified
grid margin:     6.00
grid spacing:     0.70
non-bonded cutoff:    20.00
ligand/sitepoints file: 
protein coordinates/parameters file: 
output map/grid files will be written to the current directory
vis files will be written
protein charges will be modified to reduce formal charges and adjust donor/acceptor potentials
protein radii will be modified to allow closer approach to donor and acceptor heteroatoms
phobic areas will be modified to emphasize enclosed regions and to deemphasize exposed regions using alternative method
all input instructions read
 Getting site data
ligand xcm,ycm,zcm,xrange,yrange,zrange 54.452 48.879 72.681  3.000  3.000  5.000

 Reusing receptor data from site-finding stage.

Sitemap: electrostatic+vdw interaction energy
Map field of *enzyme* in region of *inhibitor*

computing site maps ...
grid lim (orig)  46.952  61.952  41.379  56.379  64.181  81.181
grid lim (adj)   46.752  62.152  41.179  56.579  63.931  81.431
grid point counts   23   23   26
total grid points   13754

 5674 receptor atoms read
grid: adjdip
number of grid points within emin, emax limits =    11008
 maximum grid value before cutoff =               -0.087
 minimum grid value before cutoff =   -645.816

philic and phobic grids formed
grid: surf
number of grid points within emin, emax limits =     2330
 maximum grid value before cutoff =         44714696.487
 minimum grid value before cutoff =     -2.756

grid: phil
number of grid points within emin, emax limits =     1812
 maximum grid value before cutoff =         44714646.487
 minimum grid value before cutoff =    -23.812

grid: phob
number of grid points within emin, emax limits =      705
 maximum grid value before cutoff =         44714711.487
 minimum grid value before cutoff =     -1.926

mod_phobic: phobthresh, philthresh =  -0.250  -3.000
 maximum number of atoms in a sitebox =           8
 boxes, patoms in boxes, empty boxes =       10469        5674        8347
Average phobic potential changed from  -0.875 to  -0.585 for  179 grid points

number of phobic points =   362   average phobic score =   0.78
number of philic points =  1450   average philic score =  -6.52

number of qualifying surf grid points =      326

number of qualifying phil grid points =      484

number of qualifying phob grid points =       56

number of qualifying accptr grid points =      224

number of qualifying donor grid points =      236

number of qualifying metal grid points =        0

visgrd volume surf                                                                            
visgrd author sitemap                                                                         
visgrd property name surf                                                                            
visgrd qualifying points   1298
visgrd default map values       1       1.00      2
visgrd number of dims    3
visgrd dimensions         23        23        26
visgrd axis scales      0.700     0.700     0.700

visgrd volume hydrophil                                                                       
visgrd author sitemap                                                                         
visgrd property name phil                                                                            
visgrd qualifying points    484
visgrd default map values       1      -8.00     10
visgrd number of dims    3
visgrd dimensions         23        23        26
visgrd axis scales      0.700     0.700     0.700

visgrd volume hydrophob                                                                       
visgrd author sitemap                                                                         
visgrd property name phob                                                                            
visgrd qualifying points     84
visgrd default map values       1      -0.50     13
visgrd number of dims    3
visgrd dimensions         23        23        26
visgrd axis scales      0.700     0.700     0.700

visgrd volume hbacceptor                                                                      
visgrd author sitemap                                                                         
visgrd property name accptr                                                                          
visgrd qualifying points    224
visgrd default map values       1      -8.00     16
visgrd number of dims    3
visgrd dimensions         23        23        26
visgrd axis scales      0.700     0.700     0.700

visgrd volume hbdonor                                                                         
visgrd author sitemap                                                                         
visgrd property name donor                                                                           
visgrd qualifying points    236
visgrd default map values       1      -8.00      5
visgrd number of dims    3
visgrd dimensions         23        23        26
visgrd axis scales      0.700     0.700     0.700

-- Evaluating site  1 --
Ligand/site-points file: 
Protein coordinates/parameters file: 
extend =   3
 Verbosity flags: F F F F F
all SiteMap grid files will be read
the protein charges will be modified to reduce formal charges and adjust donor/acceptor potentials
protein radii will be modified to allow closer approach to donor and acceptor heteroatoms
phobic areas emphasize enclosed regions and deemphasize exposed regions using alternative method
site-point set will be augmented by including significant nearby points
  threshold for adding phobic points:  -0.500
  threshold for adding philic points:  -8.000
base name for SiteMap grid files: 
 Reusing grid data
reusing site data
Number of protein atoms:    5674
 
phobic grid file reshaped
philic grid file reshaped
donor grid file reshaped
acceptor grid file reshaped
metal grid file reshaped
surf grid file reshaped
 maximum number of atoms in a sitebox =           8


Number of site points   19  first shell   32  higher shells   32   dirscore   0.930
1 vdw  -1.593   phob  -0.233   phil  -5.839   donor  -2.494   acceptor  -3.344   metal   0.000
2               phob  -0.107   phil  -5.245   donor  -2.685   acceptor  -2.560   metal   0.000

SiteScore size   Dscore  volume  exposure enclosure contact  phobic   philic   balance  don/acc
  0.902    43    0.666   123.82    0.598    0.930    1.229    0.741    1.559    0.475    0.746

-- Done with site  1 --

== End SiteMap calculation ==

Wrote 1 sites to "md1_crop30_coa_out.maegz".

Current time: Sun Jan 29 09:38:43 2023
Elapsed time: 0:00:03.71
SiteMap successfully completed.

