--------------------------------------------------------------------------------
JobId          : X299-0-63d621d4
Name           : md1_crop255_coa
Program        : SiteMap
Version        : 2021-4 build 135
Host           : X299
Dir            : /mnt/3a29b482-dac1-4563-be89-d63ad92354e9/cers_modelling/md_sampling_cers_models/charmm_gui_systems/cers2_10pc_chol/sitemaps
HostEntry      : localhost
JobHost        : X299
JobDir         : /scratch/tamir/md1_crop255_coa
JobSchrodinger : /opt/schrodinger2021-4
Commandline    : /opt/schrodinger2021-4/sitemap md1_crop255_coa.in
StartTime      : 2023-01-29-09:35:48
--------------------------------------------------------------------------------

== Begin input keywords ==
ADDPHIL  -8.0
ADDPHOB  -0.5
ADDSP  True
COMPRESS  True
CUTOFF  20.0
D2THRESH  3.1
DTHRESH  6.5
DVSCALE  2.5
ENCLOSURE  0.5
EXTEND  3
FAKE  False
FFIELD  OPLS_2005
GRID  0.7
KEEPELEC  False
KEEPVDW  False
KEEPVOLPTS  True
KMAX  3
KMAX2  5
MAPDIST  4.0
MARGIN  6.0
MAXDIST  8.0
MAXSITES  1
MAXVDW  1.1
MINGROUP  3
MODCHARGES  True
MODPHOBIC  3
NEARRES  3.5
NTHRESH  3
PROT  md1_crop255.mae
R2THRESH  4.1
REPORTSIZE  10
ROUND  False
RTHRESH  5.0
VERBOSITY  0
WRITEGRIDS  False
WRITEPOT  False
WRITESTRUCTS  True
WRITEVIS  True
XCENT  56.730499267578125
XRANGE  10.0
YCENT  44.66300010681152
YRANGE  10.0
ZCENT  76.37700080871582
ZRANGE  10.0
== End input keywords ==

== Begin single-receptor SiteMap calculation ==

-- Begin site search --
 Parameters for this calculation:
 sitecut =  0.500000000000000     
 sitescmin =   1.10000000000000     
 afactor =   1.00000000000000     
 bfactor =   1.00000000000000     
 imaxsite =           8
 ithresh =           3
 mingroup =           3
 kmax =           3
 kmax2 =           5
 r2thresh =   4.10000000000000     
 dvscale =   2.50000000000000     
 dvscnorm =   2.50000000000000     
 dvscbig =   2.50000000000000     
 border =   2.00000000000000     
 dthresh =   6.50000000000000     
 rthresh =   5.00000000000000     
 maxgroup =         100
 r2thresh =   4.10000000000000     
 nthresh =           3
 ndir =         110
 use_vdw = T
 repname = none
 repsize =          10
 maxrep =           1
 sitelis = sites.lis
 profile = none
 sitelig = none
 siteasl = none
 use_sitelig =  F
 sitebox =  -999.000000000000     
 writepdb =  F
 number of protein atoms =        5675
Starting findsites:  Sunday, January 29 2023, at 09:35:51 IST
ptypes obtained:  Sunday, January 29 2023, at 09:35:52 IST
lj parameters obtained:  Sunday, January 29 2023, at 09:35:52 IST
Basic parameters obtained:  Sunday, January 29 2023, at 09:35:52 IST
Receptor parameterization completed:  Sunday, January 29 2023, at 09:35:52 IST
 scaled value of sitecut =   55.0000000000000     
 sphere directions set up         110
Sunday, January 29 2023, at 09:35:52 IST
 FINDSITE will use user-specified box
Centroid of box:  56.730  44.663  76.377
 boundaries   51.7304992675781        61.7304992675781     
   39.6630001068115        49.6630001068115        71.3770008087158     
   81.3770008087158     
 box          10          10          10
 maximum number of atoms in a sitebox =           7
Site points found:  Sunday, January 29 2023, at 09:35:52 IST
 boxes, patoms in boxes, empty boxes =         125         266          26
 total, outside sites =        1000          99
Site points pruned:  Sunday, January 29 2023, at 09:35:52 IST
final goodsites =        25
         5 sites will be removed
        20 good sites remain
Number of site groups found =     1

  Group  index  size  score     x       y       z     stdev
    1      1     20    1.56   54.81   47.16   73.96    1.65
Sites linked and merged:  Sunday, January 29 2023, at 09:35:52 IST
 Storing receptor data

Site-finding complete.
Number of sites to map/eval:  1

-- Mapping site  1 --
jobname: md1_crop255_coa_site_1
all SiteMap grid files will be generated
 philic map specified
 phobic map specified
 donor map specified
 acceptor map specified
 metal-ligation map specified
 surface-display map specified
grid margin:     6.00
grid spacing:     0.70
non-bonded cutoff:    20.00
ligand/sitepoints file: 
protein coordinates/parameters file: 
output map/grid files will be written to the current directory
vis files will be written
protein charges will be modified to reduce formal charges and adjust donor/acceptor potentials
protein radii will be modified to allow closer approach to donor and acceptor heteroatoms
phobic areas will be modified to emphasize enclosed regions and to deemphasize exposed regions using alternative method
all input instructions read
 Getting site data
ligand xcm,ycm,zcm,xrange,yrange,zrange 55.230 47.163 74.377  3.000  3.000  4.000

 Reusing receptor data from site-finding stage.

Sitemap: electrostatic+vdw interaction energy
Map field of *enzyme* in region of *inhibitor*

computing site maps ...
grid lim (orig)  47.730  62.730  39.663  54.663  66.377  82.377
grid lim (adj)   47.530  62.930  39.463  54.863  66.327  82.427
grid point counts   23   23   24
total grid points   12696

 5675 receptor atoms read
grid: adjdip
number of grid points within emin, emax limits =    10230
 maximum grid value before cutoff =               -0.105
 minimum grid value before cutoff =   -695.878

philic and phobic grids formed
grid: surf
number of grid points within emin, emax limits =     2223
 maximum grid value before cutoff =         48379425.710
 minimum grid value before cutoff =     -2.784

grid: phil
number of grid points within emin, emax limits =     1643
 maximum grid value before cutoff =         48379375.710
 minimum grid value before cutoff =    -24.176

grid: phob
number of grid points within emin, emax limits =      673
 maximum grid value before cutoff =         48379440.710
 minimum grid value before cutoff =     -1.798

mod_phobic: phobthresh, philthresh =  -0.250  -3.000
 maximum number of atoms in a sitebox =           9
 boxes, patoms in boxes, empty boxes =        9367        5675        7256
Average phobic potential changed from  -0.843 to  -0.550 for  213 grid points

number of phobic points =   345   average phobic score =   0.83
number of philic points =  1298   average philic score =  -6.36

number of qualifying surf grid points =      324

number of qualifying phil grid points =      391

number of qualifying phob grid points =       54

number of qualifying accptr grid points =      167

number of qualifying donor grid points =      208

number of qualifying metal grid points =        0

visgrd volume surf                                                                            
visgrd author sitemap                                                                         
visgrd property name surf                                                                            
visgrd qualifying points   1150
visgrd default map values       1       1.00      2
visgrd number of dims    3
visgrd dimensions         23        23        24
visgrd axis scales      0.700     0.700     0.700

visgrd volume hydrophil                                                                       
visgrd author sitemap                                                                         
visgrd property name phil                                                                            
visgrd qualifying points    391
visgrd default map values       1      -8.00     10
visgrd number of dims    3
visgrd dimensions         23        23        24
visgrd axis scales      0.700     0.700     0.700

visgrd volume hydrophob                                                                       
visgrd author sitemap                                                                         
visgrd property name phob                                                                            
visgrd qualifying points     92
visgrd default map values       1      -0.50     13
visgrd number of dims    3
visgrd dimensions         23        23        24
visgrd axis scales      0.700     0.700     0.700

visgrd volume hbacceptor                                                                      
visgrd author sitemap                                                                         
visgrd property name accptr                                                                          
visgrd qualifying points    167
visgrd default map values       1      -8.00     16
visgrd number of dims    3
visgrd dimensions         23        23        24
visgrd axis scales      0.700     0.700     0.700

visgrd volume hbdonor                                                                         
visgrd author sitemap                                                                         
visgrd property name donor                                                                           
visgrd qualifying points    208
visgrd default map values       1      -8.00      5
visgrd number of dims    3
visgrd dimensions         23        23        24
visgrd axis scales      0.700     0.700     0.700

-- Evaluating site  1 --
Ligand/site-points file: 
Protein coordinates/parameters file: 
extend =   3
 Verbosity flags: F F F F F
all SiteMap grid files will be read
the protein charges will be modified to reduce formal charges and adjust donor/acceptor potentials
protein radii will be modified to allow closer approach to donor and acceptor heteroatoms
phobic areas emphasize enclosed regions and deemphasize exposed regions using alternative method
site-point set will be augmented by including significant nearby points
  threshold for adding phobic points:  -0.500
  threshold for adding philic points:  -8.000
base name for SiteMap grid files: 
 Reusing grid data
reusing site data
Number of protein atoms:    5675
 
phobic grid file reshaped
philic grid file reshaped
donor grid file reshaped
acceptor grid file reshaped
metal grid file reshaped
surf grid file reshaped
 maximum number of atoms in a sitebox =           9


Number of site points   20  first shell   34  higher shells   43   dirscore   0.928
1 vdw  -1.598   phob  -0.237   phil  -5.820   donor  -1.884   acceptor  -3.936   metal   0.000
2               phob  -0.073   phil  -5.421   donor  -3.297   acceptor  -2.124   metal   0.000

SiteScore size   Dscore  volume  exposure enclosure contact  phobic   philic   balance  don/acc
  0.890    41    0.652   131.03    0.653    0.928    1.233    0.506    1.554    0.326    0.479

-- Done with site  1 --

== End SiteMap calculation ==

Wrote 1 sites to "md1_crop255_coa_out.maegz".

Current time: Sun Jan 29 09:35:53 2023
Elapsed time: 0:00:03.70
SiteMap successfully completed.

