--------------------------------------------------------------------------------
JobId          : X299-1-63d62483
Name           : md1_crop477_coa
Program        : SiteMap
Version        : 2021-4 build 135
Host           : X299
Dir            : /mnt/3a29b482-dac1-4563-be89-d63ad92354e9/cers_modelling/md_sampling_cers_models/charmm_gui_systems/cers2_10pc_chol/sitemaps
HostEntry      : localhost
JobHost        : X299
JobDir         : /scratch/tamir/md1_crop477_coa
JobSchrodinger : /opt/schrodinger2021-4
Commandline    : /opt/schrodinger2021-4/sitemap md1_crop477_coa.in
StartTime      : 2023-01-29-09:47:16
--------------------------------------------------------------------------------

== Begin input keywords ==
ADDPHIL  -8.0
ADDPHOB  -0.5
ADDSP  True
COMPRESS  True
CUTOFF  20.0
D2THRESH  3.1
DTHRESH  6.5
DVSCALE  2.5
ENCLOSURE  0.5
EXTEND  3
FAKE  False
FFIELD  OPLS_2005
GRID  0.7
KEEPELEC  False
KEEPVDW  False
KEEPVOLPTS  True
KMAX  3
KMAX2  5
MAPDIST  4.0
MARGIN  6.0
MAXDIST  8.0
MAXSITES  1
MAXVDW  1.1
MINGROUP  3
MODCHARGES  True
MODPHOBIC  3
NEARRES  3.5
NTHRESH  3
PROT  md1_crop477.mae
R2THRESH  4.1
REPORTSIZE  10
ROUND  False
RTHRESH  5.0
VERBOSITY  0
WRITEGRIDS  False
WRITEPOT  False
WRITESTRUCTS  True
WRITEVIS  True
XCENT  57.50650405883789
XRANGE  10.0
YCENT  45.70399761199951
YRANGE  10.0
ZCENT  72.66100406646729
ZRANGE  10.0
== End input keywords ==

== Begin single-receptor SiteMap calculation ==

-- Begin site search --
 Parameters for this calculation:
 sitecut =  0.500000000000000     
 sitescmin =   1.10000000000000     
 afactor =   1.00000000000000     
 bfactor =   1.00000000000000     
 imaxsite =           8
 ithresh =           3
 mingroup =           3
 kmax =           3
 kmax2 =           5
 r2thresh =   4.10000000000000     
 dvscale =   2.50000000000000     
 dvscnorm =   2.50000000000000     
 dvscbig =   2.50000000000000     
 border =   2.00000000000000     
 dthresh =   6.50000000000000     
 rthresh =   5.00000000000000     
 maxgroup =         100
 r2thresh =   4.10000000000000     
 nthresh =           3
 ndir =         110
 use_vdw = T
 repname = none
 repsize =          10
 maxrep =           1
 sitelis = sites.lis
 profile = none
 sitelig = none
 siteasl = none
 use_sitelig =  F
 sitebox =  -999.000000000000     
 writepdb =  F
 number of protein atoms =        5675
Starting findsites:  Sunday, January 29 2023, at 09:47:19 IST
ptypes obtained:  Sunday, January 29 2023, at 09:47:19 IST
lj parameters obtained:  Sunday, January 29 2023, at 09:47:19 IST
Basic parameters obtained:  Sunday, January 29 2023, at 09:47:19 IST
Receptor parameterization completed:  Sunday, January 29 2023, at 09:47:19 IST
 scaled value of sitecut =   55.0000000000000     
 sphere directions set up         110
Sunday, January 29 2023, at 09:47:19 IST
 FINDSITE will use user-specified box
Centroid of box:  57.507  45.704  72.661
 boundaries   52.5065040588379        62.5065040588379     
   40.7039976119995        50.7039976119995        67.6610040664673     
   77.6610040664673     
 box          10          10          10
 maximum number of atoms in a sitebox =           7
Site points found:  Sunday, January 29 2023, at 09:47:19 IST
 boxes, patoms in boxes, empty boxes =         125         243          30
 total, outside sites =        1000         133
Site points pruned:  Sunday, January 29 2023, at 09:47:19 IST
final goodsites =        14
         7 sites will be removed
         7 good sites remain
Number of site groups found =     1

  Group  index  size  score     x       y       z     stdev
    1      1      7    1.34   57.32   48.25   72.73    1.60
Sites linked and merged:  Sunday, January 29 2023, at 09:47:19 IST
 Storing receptor data

Site-finding complete.
Number of sites to map/eval:  1

-- Mapping site  1 --
jobname: md1_crop477_coa_site_1
all SiteMap grid files will be generated
 philic map specified
 phobic map specified
 donor map specified
 acceptor map specified
 metal-ligation map specified
 surface-display map specified
grid margin:     6.00
grid spacing:     0.70
non-bonded cutoff:    20.00
ligand/sitepoints file: 
protein coordinates/parameters file: 
output map/grid files will be written to the current directory
vis files will be written
protein charges will be modified to reduce formal charges and adjust donor/acceptor potentials
protein radii will be modified to allow closer approach to donor and acceptor heteroatoms
phobic areas will be modified to emphasize enclosed regions and to deemphasize exposed regions using alternative method
all input instructions read
 Getting site data
ligand xcm,ycm,zcm,xrange,yrange,zrange 57.507 48.204 72.661  2.000  1.000  4.000

 Reusing receptor data from site-finding stage.

Sitemap: electrostatic+vdw interaction energy
Map field of *enzyme* in region of *inhibitor*

computing site maps ...
grid lim (orig)  50.507  64.507  41.704  54.704  64.661  80.661
grid lim (adj)   50.157  64.857  41.554  54.854  64.611  80.711
grid point counts   22   20   24
total grid points   10560

 5675 receptor atoms read
grid: adjdip
number of grid points within emin, emax limits =     8990
 maximum grid value before cutoff =               -0.205
 minimum grid value before cutoff =   -571.302

philic and phobic grids formed
grid: surf
number of grid points within emin, emax limits =     2059
 maximum grid value before cutoff =         42157701.027
 minimum grid value before cutoff =     -2.755

grid: phil
number of grid points within emin, emax limits =     2489
 maximum grid value before cutoff =         42157651.027
 minimum grid value before cutoff =    -24.049

grid: phob
number of grid points within emin, emax limits =     1182
 maximum grid value before cutoff =         42157716.027
 minimum grid value before cutoff =     -1.863

mod_phobic: phobthresh, philthresh =  -0.250  -3.000
 maximum number of atoms in a sitebox =           8
 boxes, patoms in boxes, empty boxes =       11191        5675        9091
Average phobic potential changed from  -0.733 to  -0.440 for  230 grid points

number of phobic points =   414   average phobic score =   0.66
number of philic points =  2075   average philic score =  -5.64

number of qualifying surf grid points =      353

number of qualifying phil grid points =      491

number of qualifying phob grid points =       35

number of qualifying accptr grid points =      214

number of qualifying donor grid points =      263

number of qualifying metal grid points =        0

visgrd volume surf                                                                            
visgrd author sitemap                                                                         
visgrd property name surf                                                                            
visgrd qualifying points   2032
visgrd default map values       1       1.00      2
visgrd number of dims    3
visgrd dimensions         22        20        24
visgrd axis scales      0.700     0.700     0.700

visgrd volume hydrophil                                                                       
visgrd author sitemap                                                                         
visgrd property name phil                                                                            
visgrd qualifying points    491
visgrd default map values       1      -8.00     10
visgrd number of dims    3
visgrd dimensions         22        20        24
visgrd axis scales      0.700     0.700     0.700

visgrd volume hydrophob                                                                       
visgrd author sitemap                                                                         
visgrd property name phob                                                                            
visgrd qualifying points     78
visgrd default map values       1      -0.50     13
visgrd number of dims    3
visgrd dimensions         22        20        24
visgrd axis scales      0.700     0.700     0.700

visgrd volume hbacceptor                                                                      
visgrd author sitemap                                                                         
visgrd property name accptr                                                                          
visgrd qualifying points    214
visgrd default map values       1      -8.00     16
visgrd number of dims    3
visgrd dimensions         22        20        24
visgrd axis scales      0.700     0.700     0.700

visgrd volume hbdonor                                                                         
visgrd author sitemap                                                                         
visgrd property name donor                                                                           
visgrd qualifying points    263
visgrd default map values       1      -8.00      5
visgrd number of dims    3
visgrd dimensions         22        20        24
visgrd axis scales      0.700     0.700     0.700

-- Evaluating site  1 --
Ligand/site-points file: 
Protein coordinates/parameters file: 
extend =   3
 Verbosity flags: F F F F F
all SiteMap grid files will be read
the protein charges will be modified to reduce formal charges and adjust donor/acceptor potentials
protein radii will be modified to allow closer approach to donor and acceptor heteroatoms
phobic areas emphasize enclosed regions and deemphasize exposed regions using alternative method
site-point set will be augmented by including significant nearby points
  threshold for adding phobic points:  -0.500
  threshold for adding philic points:  -8.000
base name for SiteMap grid files: 
 Reusing grid data
reusing site data
Number of protein atoms:    5675
 
phobic grid file reshaped
philic grid file reshaped
donor grid file reshaped
acceptor grid file reshaped
metal grid file reshaped
surf grid file reshaped
 maximum number of atoms in a sitebox =           8


Number of site points    7  first shell   22  higher shells   99   dirscore   0.889
1 vdw  -1.379   phob  -0.080   phil  -6.416   donor  -2.307   acceptor  -4.108   metal   0.000
2               phob  -0.010   phil  -6.014   donor  -3.394   acceptor  -2.620   metal   0.000

SiteScore size   Dscore  volume  exposure enclosure contact  phobic   philic   balance  don/acc
  0.822    34    0.523   202.71    0.781    0.889    1.064    0.067    1.713    0.039    0.562

-- Done with site  1 --

== End SiteMap calculation ==

Wrote 1 sites to "md1_crop477_coa_out.maegz".

Current time: Sun Jan 29 09:47:20 2023
Elapsed time: 0:00:03.97
SiteMap successfully completed.

