--------------------------------------------------------------------------------
JobId          : X299-0-63d621f1
Name           : md1_crop264_sph
Program        : SiteMap
Version        : 2021-4 build 135
Host           : X299
Dir            : /mnt/3a29b482-dac1-4563-be89-d63ad92354e9/cers_modelling/md_sampling_cers_models/charmm_gui_systems/cers2_10pc_chol/sitemaps
HostEntry      : localhost
JobHost        : X299
JobDir         : /scratch/tamir/md1_crop264_sph
JobSchrodinger : /opt/schrodinger2021-4
Commandline    : /opt/schrodinger2021-4/sitemap md1_crop264_sph.in
StartTime      : 2023-01-29-09:36:17
--------------------------------------------------------------------------------

== Begin input keywords ==
ADDPHIL  -8.0
ADDPHOB  -0.5
ADDSP  True
COMPRESS  True
CUTOFF  20.0
D2THRESH  3.1
DTHRESH  6.5
DVSCALE  2.5
ENCLOSURE  0.5
EXTEND  3
FAKE  False
FFIELD  OPLS_2005
GRID  0.7
KEEPELEC  False
KEEPVDW  False
KEEPVOLPTS  True
KMAX  3
KMAX2  5
MAPDIST  4.0
MARGIN  6.0
MAXDIST  8.0
MAXSITES  1
MAXVDW  1.1
MINGROUP  3
MODCHARGES  True
MODPHOBIC  3
NEARRES  3.5
NTHRESH  3
PROT  md1_crop264.mae
R2THRESH  4.1
REPORTSIZE  10
ROUND  False
RTHRESH  5.0
VERBOSITY  0
WRITEGRIDS  False
WRITEPOT  False
WRITESTRUCTS  True
WRITEVIS  True
XCENT  45.30900001525879
XRANGE  10.0
YCENT  42.908997535705566
YRANGE  10.0
ZCENT  64.11299705505371
ZRANGE  10.0
== End input keywords ==

== Begin single-receptor SiteMap calculation ==

-- Begin site search --
 Parameters for this calculation:
 sitecut =  0.500000000000000     
 sitescmin =   1.10000000000000     
 afactor =   1.00000000000000     
 bfactor =   1.00000000000000     
 imaxsite =           8
 ithresh =           3
 mingroup =           3
 kmax =           3
 kmax2 =           5
 r2thresh =   4.10000000000000     
 dvscale =   2.50000000000000     
 dvscnorm =   2.50000000000000     
 dvscbig =   2.50000000000000     
 border =   2.00000000000000     
 dthresh =   6.50000000000000     
 rthresh =   5.00000000000000     
 maxgroup =         100
 r2thresh =   4.10000000000000     
 nthresh =           3
 ndir =         110
 use_vdw = T
 repname = none
 repsize =          10
 maxrep =           1
 sitelis = sites.lis
 profile = none
 sitelig = none
 siteasl = none
 use_sitelig =  F
 sitebox =  -999.000000000000     
 writepdb =  F
 number of protein atoms =        5675
Starting findsites:  Sunday, January 29 2023, at 09:36:20 IST
ptypes obtained:  Sunday, January 29 2023, at 09:36:21 IST
lj parameters obtained:  Sunday, January 29 2023, at 09:36:21 IST
Basic parameters obtained:  Sunday, January 29 2023, at 09:36:21 IST
Receptor parameterization completed:  Sunday, January 29 2023, at 09:36:21 IST
 scaled value of sitecut =   55.0000000000000     
 sphere directions set up         110
Sunday, January 29 2023, at 09:36:21 IST
 FINDSITE will use user-specified box
Centroid of box:  45.309  42.909  64.113
 boundaries   40.3090000152588        50.3090000152588     
   37.9089975357056        47.9089975357056        59.1129970550537     
   69.1129970550537     
 box          10          10          10
 maximum number of atoms in a sitebox =           6
Site points found:  Sunday, January 29 2023, at 09:36:21 IST
 boxes, patoms in boxes, empty boxes =         125         202          52
 total, outside sites =        1000         256
Site points pruned:  Sunday, January 29 2023, at 09:36:21 IST
final goodsites =        15
         3 sites will be removed
        12 good sites remain
Number of site groups found =     2

  Group  index  size  score     x       y       z     stdev
    1      2      8    1.23   46.09   42.30   61.00    1.02
    2      1      4    1.64   48.55   44.22   63.56    0.80

Inter-group relationships
     g1     g2     n1     n2    dmin    davg   spread  ratio     x1      y1      z1      x2      y2      z2
      1      2      8      4    2.45    4.03    1.82    2.22   46.09   42.30   61.00   48.55   44.22   63.56
 groups           1           2  will be considered for merger
site groups connected   47.31   42.91   62.11   2    3.00   4   3   3
                        48.31   43.91   63.11
 successful merge of groups           1           2
Number of site groups found =     1

  Group  index  size  score     x       y       z     stdev
    1      1     12    1.37   47.07   43.06   62.02    2.19
Sites linked and merged:  Sunday, January 29 2023, at 09:36:21 IST
 Storing receptor data

Site-finding complete.
Number of sites to map/eval:  1

-- Mapping site  1 --
jobname: md1_crop264_sph_site_1
all SiteMap grid files will be generated
 philic map specified
 phobic map specified
 donor map specified
 acceptor map specified
 metal-ligation map specified
 surface-display map specified
grid margin:     6.00
grid spacing:     0.70
non-bonded cutoff:    20.00
ligand/sitepoints file: 
protein coordinates/parameters file: 
output map/grid files will be written to the current directory
vis files will be written
protein charges will be modified to reduce formal charges and adjust donor/acceptor potentials
protein radii will be modified to allow closer approach to donor and acceptor heteroatoms
phobic areas will be modified to emphasize enclosed regions and to deemphasize exposed regions using alternative method
all input instructions read
 Getting site data
ligand xcm,ycm,zcm,xrange,yrange,zrange 47.309 43.409 62.113  4.000  3.000  4.000

 Reusing receptor data from site-finding stage.

Sitemap: electrostatic+vdw interaction energy
Map field of *enzyme* in region of *inhibitor*

computing site maps ...
grid lim (orig)  39.309  55.309  35.909  50.909  54.113  70.113
grid lim (adj)   39.259  55.359  35.709  51.109  54.063  70.163
grid point counts   24   23   24
total grid points   13248

 5675 receptor atoms read
grid: adjdip
number of grid points within emin, emax limits =    11894
 maximum grid value before cutoff =               -0.041
 minimum grid value before cutoff =   -602.965

philic and phobic grids formed
grid: surf
number of grid points within emin, emax limits =     2473
 maximum grid value before cutoff =         31948987.592
 minimum grid value before cutoff =     -2.651

grid: phil
number of grid points within emin, emax limits =     3320
 maximum grid value before cutoff =         31948937.592
 minimum grid value before cutoff =    -18.051

grid: phob
number of grid points within emin, emax limits =     2302
 maximum grid value before cutoff =         31949002.592
 minimum grid value before cutoff =     -1.950

mod_phobic: phobthresh, philthresh =  -0.250  -3.000
 maximum number of atoms in a sitebox =           8
 boxes, patoms in boxes, empty boxes =       10469        5675        8382
Average phobic potential changed from  -0.785 to  -0.439 for  941 grid points

number of phobic points =  1785   average phobic score =   0.60
number of philic points =  1535   average philic score =  -4.24

number of qualifying surf grid points =      448

number of qualifying phil grid points =      227

number of qualifying phob grid points =      116

number of qualifying accptr grid points =       68

number of qualifying donor grid points =      155

number of qualifying metal grid points =        0

visgrd volume surf                                                                            
visgrd author sitemap                                                                         
visgrd property name surf                                                                            
visgrd qualifying points   2976
visgrd default map values       1       1.00      2
visgrd number of dims    3
visgrd dimensions         24        23        24
visgrd axis scales      0.700     0.700     0.700

visgrd volume hydrophil                                                                       
visgrd author sitemap                                                                         
visgrd property name phil                                                                            
visgrd qualifying points    227
visgrd default map values       1      -8.00     10
visgrd number of dims    3
visgrd dimensions         24        23        24
visgrd axis scales      0.700     0.700     0.700

visgrd volume hydrophob                                                                       
visgrd author sitemap                                                                         
visgrd property name phob                                                                            
visgrd qualifying points    298
visgrd default map values       1      -0.50     13
visgrd number of dims    3
visgrd dimensions         24        23        24
visgrd axis scales      0.700     0.700     0.700

visgrd volume hbacceptor                                                                      
visgrd author sitemap                                                                         
visgrd property name accptr                                                                          
visgrd qualifying points     68
visgrd default map values       1      -8.00     16
visgrd number of dims    3
visgrd dimensions         24        23        24
visgrd axis scales      0.700     0.700     0.700

visgrd volume hbdonor                                                                         
visgrd author sitemap                                                                         
visgrd property name donor                                                                           
visgrd qualifying points    155
visgrd default map values       1      -8.00      5
visgrd number of dims    3
visgrd dimensions         24        23        24
visgrd axis scales      0.700     0.700     0.700

-- Evaluating site  1 --
Ligand/site-points file: 
Protein coordinates/parameters file: 
extend =   3
 Verbosity flags: F F F F F
all SiteMap grid files will be read
the protein charges will be modified to reduce formal charges and adjust donor/acceptor potentials
protein radii will be modified to allow closer approach to donor and acceptor heteroatoms
phobic areas emphasize enclosed regions and deemphasize exposed regions using alternative method
site-point set will be augmented by including significant nearby points
  threshold for adding phobic points:  -0.500
  threshold for adding philic points:  -8.000
base name for SiteMap grid files: 
 Reusing grid data
reusing site data
Number of protein atoms:    5675
 
phobic grid file reshaped
philic grid file reshaped
donor grid file reshaped
acceptor grid file reshaped
metal grid file reshaped
surf grid file reshaped
 maximum number of atoms in a sitebox =           8


Number of site points   12  first shell   26  higher shells   62   dirscore   0.836
1 vdw  -1.389   phob  -0.394   phil  -3.467   donor  -1.792   acceptor  -1.675   metal   0.000
2               phob  -0.191   phil  -3.251   donor  -1.476   acceptor  -1.775   metal   0.000

SiteScore size   Dscore  volume  exposure enclosure contact  phobic   philic   balance  don/acc
  0.828    37    0.772   149.89    0.704    0.836    1.072    1.328    0.926    1.434    1.070

-- Done with site  1 --

== End SiteMap calculation ==

Wrote 1 sites to "md1_crop264_sph_out.maegz".

Current time: Sun Jan 29 09:36:22 2023
Elapsed time: 0:00:04.23
SiteMap successfully completed.

