--------------------------------------------------------------------------------
JobId          : X299-0-63d620d7
Name           : md1_crop173_sph
Program        : SiteMap
Version        : 2021-4 build 135
Host           : X299
Dir            : /mnt/3a29b482-dac1-4563-be89-d63ad92354e9/cers_modelling/md_sampling_cers_models/charmm_gui_systems/cers2_10pc_chol/sitemaps
HostEntry      : localhost
JobHost        : X299
JobDir         : /scratch/tamir/md1_crop173_sph
JobSchrodinger : /opt/schrodinger2021-4
Commandline    : /opt/schrodinger2021-4/sitemap md1_crop173_sph.in
StartTime      : 2023-01-29-09:31:35
--------------------------------------------------------------------------------

== Begin input keywords ==
ADDPHIL  -8.0
ADDPHOB  -0.5
ADDSP  True
COMPRESS  True
CUTOFF  20.0
D2THRESH  3.1
DTHRESH  6.5
DVSCALE  2.5
ENCLOSURE  0.5
EXTEND  3
FAKE  False
FFIELD  OPLS_2005
GRID  0.7
KEEPELEC  False
KEEPVDW  False
KEEPVOLPTS  True
KMAX  3
KMAX2  5
MAPDIST  4.0
MARGIN  6.0
MAXDIST  8.0
MAXSITES  1
MAXVDW  1.1
MINGROUP  3
MODCHARGES  True
MODPHOBIC  3
NEARRES  3.5
NTHRESH  3
PROT  md1_crop173.mae
R2THRESH  4.1
REPORTSIZE  10
ROUND  False
RTHRESH  5.0
VERBOSITY  0
WRITEGRIDS  False
WRITEPOT  False
WRITESTRUCTS  True
WRITEVIS  True
XCENT  41.14500045776367
XRANGE  10.0
YCENT  43.88500213623047
YRANGE  10.0
ZCENT  65.00400066375732
ZRANGE  10.0
== End input keywords ==

== Begin single-receptor SiteMap calculation ==

-- Begin site search --
 Parameters for this calculation:
 sitecut =  0.500000000000000     
 sitescmin =   1.10000000000000     
 afactor =   1.00000000000000     
 bfactor =   1.00000000000000     
 imaxsite =           8
 ithresh =           3
 mingroup =           3
 kmax =           3
 kmax2 =           5
 r2thresh =   4.10000000000000     
 dvscale =   2.50000000000000     
 dvscnorm =   2.50000000000000     
 dvscbig =   2.50000000000000     
 border =   2.00000000000000     
 dthresh =   6.50000000000000     
 rthresh =   5.00000000000000     
 maxgroup =         100
 r2thresh =   4.10000000000000     
 nthresh =           3
 ndir =         110
 use_vdw = T
 repname = none
 repsize =          10
 maxrep =           1
 sitelis = sites.lis
 profile = none
 sitelig = none
 siteasl = none
 use_sitelig =  F
 sitebox =  -999.000000000000     
 writepdb =  F
 number of protein atoms =        5676
Starting findsites:  Sunday, January 29 2023, at 09:31:38 IST
ptypes obtained:  Sunday, January 29 2023, at 09:31:38 IST
lj parameters obtained:  Sunday, January 29 2023, at 09:31:38 IST
Basic parameters obtained:  Sunday, January 29 2023, at 09:31:38 IST
Receptor parameterization completed:  Sunday, January 29 2023, at 09:31:38 IST
 scaled value of sitecut =   55.0000000000000     
 sphere directions set up         110
Sunday, January 29 2023, at 09:31:38 IST
 FINDSITE will use user-specified box
Centroid of box:  41.145  43.885  65.004
 boundaries   36.1450004577637        46.1450004577637     
   38.8850021362305        48.8850021362305        60.0040006637573     
   70.0040006637573     
 box          10          10          10
 maximum number of atoms in a sitebox =           6
Site points found:  Sunday, January 29 2023, at 09:31:38 IST
 boxes, patoms in boxes, empty boxes =         125         202          49
 total, outside sites =        1000         289
Site points pruned:  Sunday, January 29 2023, at 09:31:38 IST
final goodsites =        19
         9 sites will be removed
        10 good sites remain
Number of site groups found =     2

  Group  index  size  score     x       y       z     stdev
    1      2      7    1.20   43.45   43.48   63.29    1.22
    2      1      3    1.37   39.84   43.89   66.70    0.65

Inter-group relationships
     g1     g2     n1     n2    dmin    davg   spread  ratio     x1      y1      z1      x2      y2      z2
Sites linked and merged:  Sunday, January 29 2023, at 09:31:38 IST
 Storing receptor data

Site-finding complete.
Number of sites to map/eval:  1

-- Mapping site  1 --
jobname: md1_crop173_sph_site_1
all SiteMap grid files will be generated
 philic map specified
 phobic map specified
 donor map specified
 acceptor map specified
 metal-ligation map specified
 surface-display map specified
grid margin:     6.00
grid spacing:     0.70
non-bonded cutoff:    20.00
ligand/sitepoints file: 
protein coordinates/parameters file: 
output map/grid files will be written to the current directory
vis files will be written
protein charges will be modified to reduce formal charges and adjust donor/acceptor potentials
protein radii will be modified to allow closer approach to donor and acceptor heteroatoms
phobic areas will be modified to emphasize enclosed regions and to deemphasize exposed regions using alternative method
all input instructions read
 Getting site data
ligand xcm,ycm,zcm,xrange,yrange,zrange 43.645 43.385 63.504  3.000  1.000  1.000

 Reusing receptor data from site-finding stage.

Sitemap: electrostatic+vdw interaction energy
Map field of *enzyme* in region of *inhibitor*

computing site maps ...
grid lim (orig)  36.145  51.145  36.885  49.885  57.004  70.004
grid lim (adj)   35.945  51.345  36.735  50.035  56.854  70.154
grid point counts   23   20   20
total grid points    9200

 5676 receptor atoms read
grid: adjdip
number of grid points within emin, emax limits =     8311
 maximum grid value before cutoff =               -0.070
 minimum grid value before cutoff =   -513.248

philic and phobic grids formed
grid: surf
number of grid points within emin, emax limits =     2052
 maximum grid value before cutoff =         32870371.886
 minimum grid value before cutoff =     -2.591

grid: phil
number of grid points within emin, emax limits =     2390
 maximum grid value before cutoff =         32870321.886
 minimum grid value before cutoff =    -18.554

grid: phob
number of grid points within emin, emax limits =     1611
 maximum grid value before cutoff =         32870386.886
 minimum grid value before cutoff =     -1.904

mod_phobic: phobthresh, philthresh =  -0.250  -3.000
 maximum number of atoms in a sitebox =           9
 boxes, patoms in boxes, empty boxes =       11571        5676        9472
Average phobic potential changed from  -0.829 to  -0.487 for  751 grid points

number of phobic points =  1244   average phobic score =   0.69
number of philic points =  1146   average philic score =  -4.58

number of qualifying surf grid points =      398

number of qualifying phil grid points =      208

number of qualifying phob grid points =      126

number of qualifying accptr grid points =       76

number of qualifying donor grid points =      127

number of qualifying metal grid points =        0

visgrd volume surf                                                                            
visgrd author sitemap                                                                         
visgrd property name surf                                                                            
visgrd qualifying points   2097
visgrd default map values       1       1.00      2
visgrd number of dims    3
visgrd dimensions         23        20        20
visgrd axis scales      0.700     0.700     0.700

visgrd volume hydrophil                                                                       
visgrd author sitemap                                                                         
visgrd property name phil                                                                            
visgrd qualifying points    208
visgrd default map values       1      -8.00     10
visgrd number of dims    3
visgrd dimensions         23        20        20
visgrd axis scales      0.700     0.700     0.700

visgrd volume hydrophob                                                                       
visgrd author sitemap                                                                         
visgrd property name phob                                                                            
visgrd qualifying points    305
visgrd default map values       1      -0.50     13
visgrd number of dims    3
visgrd dimensions         23        20        20
visgrd axis scales      0.700     0.700     0.700

visgrd volume hbacceptor                                                                      
visgrd author sitemap                                                                         
visgrd property name accptr                                                                          
visgrd qualifying points     76
visgrd default map values       1      -8.00     16
visgrd number of dims    3
visgrd dimensions         23        20        20
visgrd axis scales      0.700     0.700     0.700

visgrd volume hbdonor                                                                         
visgrd author sitemap                                                                         
visgrd property name donor                                                                           
visgrd qualifying points    127
visgrd default map values       1      -8.00      5
visgrd number of dims    3
visgrd dimensions         23        20        20
visgrd axis scales      0.700     0.700     0.700

-- Evaluating site  1 --
Ligand/site-points file: 
Protein coordinates/parameters file: 
extend =   3
 Verbosity flags: F F F F F
all SiteMap grid files will be read
the protein charges will be modified to reduce formal charges and adjust donor/acceptor potentials
protein radii will be modified to allow closer approach to donor and acceptor heteroatoms
phobic areas emphasize enclosed regions and deemphasize exposed regions using alternative method
site-point set will be augmented by including significant nearby points
  threshold for adding phobic points:  -0.500
  threshold for adding philic points:  -8.000
base name for SiteMap grid files: 
 Reusing grid data
reusing site data
Number of protein atoms:    5676
 
phobic grid file reshaped
philic grid file reshaped
donor grid file reshaped
acceptor grid file reshaped
metal grid file reshaped
surf grid file reshaped
 maximum number of atoms in a sitebox =           9


Number of site points    7  first shell   26  higher shells   91   dirscore   0.840
1 vdw  -1.393   phob  -0.524   phil  -3.040   donor  -1.340   acceptor  -1.700   metal   0.000
2               phob  -0.252   phil  -2.786   donor  -1.537   acceptor  -1.249   metal   0.000

SiteScore size   Dscore  volume  exposure enclosure contact  phobic   philic   balance  don/acc
  0.864    39    0.827   174.93    0.750    0.840    1.075    1.752    0.812    2.158    0.788

-- Done with site  1 --

== End SiteMap calculation ==

Wrote 1 sites to "md1_crop173_sph_out.maegz".

Current time: Sun Jan 29 09:31:40 2023
Elapsed time: 0:00:04.03
SiteMap successfully completed.

