--------------------------------------------------------------------------------
JobId          : X299-0-63d62347
Name           : md1_crop374_sph
Program        : SiteMap
Version        : 2021-4 build 135
Host           : X299
Dir            : /mnt/3a29b482-dac1-4563-be89-d63ad92354e9/cers_modelling/md_sampling_cers_models/charmm_gui_systems/cers2_10pc_chol/sitemaps
HostEntry      : localhost
JobHost        : X299
JobDir         : /scratch/tamir/md1_crop374_sph
JobSchrodinger : /opt/schrodinger2021-4
Commandline    : /opt/schrodinger2021-4/sitemap md1_crop374_sph.in
StartTime      : 2023-01-29-09:41:59
--------------------------------------------------------------------------------

== Begin input keywords ==
ADDPHIL  -8.0
ADDPHOB  -0.5
ADDSP  True
COMPRESS  True
CUTOFF  20.0
D2THRESH  3.1
DTHRESH  6.5
DVSCALE  2.5
ENCLOSURE  0.5
EXTEND  3
FAKE  False
FFIELD  OPLS_2005
GRID  0.7
KEEPELEC  False
KEEPVDW  False
KEEPVOLPTS  True
KMAX  3
KMAX2  5
MAPDIST  4.0
MARGIN  6.0
MAXDIST  8.0
MAXSITES  1
MAXVDW  1.1
MINGROUP  3
MODCHARGES  True
MODPHOBIC  3
NEARRES  3.5
NTHRESH  3
PROT  md1_crop374.mae
R2THRESH  4.1
REPORTSIZE  10
ROUND  False
RTHRESH  5.0
VERBOSITY  0
WRITEGRIDS  False
WRITEPOT  False
WRITESTRUCTS  True
WRITEVIS  True
XCENT  46.58200263977051
XRANGE  10.0
YCENT  42.57699966430664
YRANGE  10.0
ZCENT  62.495999336242676
ZRANGE  10.0
== End input keywords ==

== Begin single-receptor SiteMap calculation ==

-- Begin site search --
 Parameters for this calculation:
 sitecut =  0.500000000000000     
 sitescmin =   1.10000000000000     
 afactor =   1.00000000000000     
 bfactor =   1.00000000000000     
 imaxsite =           8
 ithresh =           3
 mingroup =           3
 kmax =           3
 kmax2 =           5
 r2thresh =   4.10000000000000     
 dvscale =   2.50000000000000     
 dvscnorm =   2.50000000000000     
 dvscbig =   2.50000000000000     
 border =   2.00000000000000     
 dthresh =   6.50000000000000     
 rthresh =   5.00000000000000     
 maxgroup =         100
 r2thresh =   4.10000000000000     
 nthresh =           3
 ndir =         110
 use_vdw = T
 repname = none
 repsize =          10
 maxrep =           1
 sitelis = sites.lis
 profile = none
 sitelig = none
 siteasl = none
 use_sitelig =  F
 sitebox =  -999.000000000000     
 writepdb =  F
 number of protein atoms =        5675
Starting findsites:  Sunday, January 29 2023, at 09:42:02 IST
ptypes obtained:  Sunday, January 29 2023, at 09:42:02 IST
lj parameters obtained:  Sunday, January 29 2023, at 09:42:02 IST
Basic parameters obtained:  Sunday, January 29 2023, at 09:42:02 IST
Receptor parameterization completed:  Sunday, January 29 2023, at 09:42:02 IST
 scaled value of sitecut =   55.0000000000000     
 sphere directions set up         110
Sunday, January 29 2023, at 09:42:02 IST
 FINDSITE will use user-specified box
Centroid of box:  46.582  42.577  62.496
 boundaries   41.5820026397705        51.5820026397705     
   37.5769996643066        47.5769996643066        57.4959993362427     
   67.4959993362427     
 box          10          10          10
 maximum number of atoms in a sitebox =           7
Site points found:  Sunday, January 29 2023, at 09:42:02 IST
 boxes, patoms in boxes, empty boxes =         125         204          49
 total, outside sites =        1000         322
Site points pruned:  Sunday, January 29 2023, at 09:42:02 IST
final goodsites =        11
         5 sites will be removed
         6 good sites remain
Number of site groups found =     1

  Group  index  size  score     x       y       z     stdev
    1      1      6    1.27   49.46   43.78   62.20    0.92
Sites linked and merged:  Sunday, January 29 2023, at 09:42:02 IST
 Storing receptor data

Site-finding complete.
Number of sites to map/eval:  1

-- Mapping site  1 --
jobname: md1_crop374_sph_site_1
all SiteMap grid files will be generated
 philic map specified
 phobic map specified
 donor map specified
 acceptor map specified
 metal-ligation map specified
 surface-display map specified
grid margin:     6.00
grid spacing:     0.70
non-bonded cutoff:    20.00
ligand/sitepoints file: 
protein coordinates/parameters file: 
output map/grid files will be written to the current directory
vis files will be written
protein charges will be modified to reduce formal charges and adjust donor/acceptor potentials
protein radii will be modified to allow closer approach to donor and acceptor heteroatoms
phobic areas will be modified to emphasize enclosed regions and to deemphasize exposed regions using alternative method
all input instructions read
 Getting site data
ligand xcm,ycm,zcm,xrange,yrange,zrange 49.582 44.077 61.996  2.000  1.000  1.000

 Reusing receptor data from site-finding stage.

Sitemap: electrostatic+vdw interaction energy
Map field of *enzyme* in region of *inhibitor*

computing site maps ...
grid lim (orig)  42.582  56.582  37.577  50.577  55.496  68.496
grid lim (adj)   42.232  56.932  37.427  50.727  55.346  68.646
grid point counts   22   20   20
total grid points    8800

 5675 receptor atoms read
grid: adjdip
number of grid points within emin, emax limits =     7748
 maximum grid value before cutoff =               -0.032
 minimum grid value before cutoff =   -567.456

philic and phobic grids formed
grid: surf
number of grid points within emin, emax limits =     1602
 maximum grid value before cutoff =         44850261.645
 minimum grid value before cutoff =     -2.710

grid: phil
number of grid points within emin, emax limits =     1800
 maximum grid value before cutoff =         44850211.645
 minimum grid value before cutoff =    -23.619

grid: phob
number of grid points within emin, emax limits =     1134
 maximum grid value before cutoff =         44850276.645
 minimum grid value before cutoff =     -2.143

mod_phobic: phobthresh, philthresh =  -0.250  -3.000
 maximum number of atoms in a sitebox =           8
 boxes, patoms in boxes, empty boxes =       11191        5675        9094
Average phobic potential changed from  -0.813 to  -0.472 for  489 grid points

number of phobic points =   772   average phobic score =   0.70
number of philic points =  1028   average philic score =  -5.13

number of qualifying surf grid points =      311

number of qualifying phil grid points =      222

number of qualifying phob grid points =       70

number of qualifying accptr grid points =       89

number of qualifying donor grid points =      121

number of qualifying metal grid points =        0

visgrd volume surf                                                                            
visgrd author sitemap                                                                         
visgrd property name surf                                                                            
visgrd qualifying points   1542
visgrd default map values       1       1.00      2
visgrd number of dims    3
visgrd dimensions         22        20        20
visgrd axis scales      0.700     0.700     0.700

visgrd volume hydrophil                                                                       
visgrd author sitemap                                                                         
visgrd property name phil                                                                            
visgrd qualifying points    222
visgrd default map values       1      -8.00     10
visgrd number of dims    3
visgrd dimensions         22        20        20
visgrd axis scales      0.700     0.700     0.700

visgrd volume hydrophob                                                                       
visgrd author sitemap                                                                         
visgrd property name phob                                                                            
visgrd qualifying points    166
visgrd default map values       1      -0.50     13
visgrd number of dims    3
visgrd dimensions         22        20        20
visgrd axis scales      0.700     0.700     0.700

visgrd volume hbacceptor                                                                      
visgrd author sitemap                                                                         
visgrd property name accptr                                                                          
visgrd qualifying points     89
visgrd default map values       1      -8.00     16
visgrd number of dims    3
visgrd dimensions         22        20        20
visgrd axis scales      0.700     0.700     0.700

visgrd volume hbdonor                                                                         
visgrd author sitemap                                                                         
visgrd property name donor                                                                           
visgrd qualifying points    121
visgrd default map values       1      -8.00      5
visgrd number of dims    3
visgrd dimensions         22        20        20
visgrd axis scales      0.700     0.700     0.700

-- Evaluating site  1 --
Ligand/site-points file: 
Protein coordinates/parameters file: 
extend =   3
 Verbosity flags: F F F F F
all SiteMap grid files will be read
the protein charges will be modified to reduce formal charges and adjust donor/acceptor potentials
protein radii will be modified to allow closer approach to donor and acceptor heteroatoms
phobic areas emphasize enclosed regions and deemphasize exposed regions using alternative method
site-point set will be augmented by including significant nearby points
  threshold for adding phobic points:  -0.500
  threshold for adding philic points:  -8.000
base name for SiteMap grid files: 
 Reusing grid data
reusing site data
Number of protein atoms:    5675
 
phobic grid file reshaped
philic grid file reshaped
donor grid file reshaped
acceptor grid file reshaped
metal grid file reshaped
surf grid file reshaped
 maximum number of atoms in a sitebox =           8


Number of site points    6  first shell   16  higher shells   44   dirscore   0.858
1 vdw  -1.406   phob  -0.481   phil  -2.735   donor  -1.592   acceptor  -1.143   metal   0.000
2               phob  -0.194   phil  -2.713   donor  -0.938   acceptor  -1.775   metal   0.000

SiteScore size   Dscore  volume  exposure enclosure contact  phobic   philic   balance  don/acc
  0.708    14    0.628   140.63    0.811    0.858    1.085    1.350    0.730    1.849    1.394

-- Done with site  1 --

== End SiteMap calculation ==

Wrote 1 sites to "md1_crop374_sph_out.maegz".

Current time: Sun Jan 29 09:42:03 2023
Elapsed time: 0:00:03.73
SiteMap successfully completed.

