--------------------------------------------------------------------------------
JobId          : X299-0-63d62220
Name           : md1_crop27_coa
Program        : SiteMap
Version        : 2021-4 build 135
Host           : X299
Dir            : /mnt/3a29b482-dac1-4563-be89-d63ad92354e9/cers_modelling/md_sampling_cers_models/charmm_gui_systems/cers2_10pc_chol/sitemaps
HostEntry      : localhost
JobHost        : X299
JobDir         : /scratch/tamir/md1_crop27_coa
JobSchrodinger : /opt/schrodinger2021-4
Commandline    : /opt/schrodinger2021-4/sitemap md1_crop27_coa.in
StartTime      : 2023-01-29-09:37:04
--------------------------------------------------------------------------------

== Begin input keywords ==
ADDPHIL  -8.0
ADDPHOB  -0.5
ADDSP  True
COMPRESS  True
CUTOFF  20.0
D2THRESH  3.1
DTHRESH  6.5
DVSCALE  2.5
ENCLOSURE  0.5
EXTEND  3
FAKE  False
FFIELD  OPLS_2005
GRID  0.7
KEEPELEC  False
KEEPVDW  False
KEEPVOLPTS  True
KMAX  3
KMAX2  5
MAPDIST  4.0
MARGIN  6.0
MAXDIST  8.0
MAXSITES  1
MAXVDW  1.1
MINGROUP  3
MODCHARGES  True
MODPHOBIC  3
NEARRES  3.5
NTHRESH  3
PROT  md1_crop27.mae
R2THRESH  4.1
REPORTSIZE  10
ROUND  False
RTHRESH  5.0
VERBOSITY  0
WRITEGRIDS  False
WRITEPOT  False
WRITESTRUCTS  True
WRITEVIS  True
XCENT  56.98549747467041
XRANGE  10.0
YCENT  46.487998962402344
YRANGE  10.0
ZCENT  74.69200611114502
ZRANGE  10.0
== End input keywords ==

== Begin single-receptor SiteMap calculation ==

-- Begin site search --
 Parameters for this calculation:
 sitecut =  0.500000000000000     
 sitescmin =   1.10000000000000     
 afactor =   1.00000000000000     
 bfactor =   1.00000000000000     
 imaxsite =           8
 ithresh =           3
 mingroup =           3
 kmax =           3
 kmax2 =           5
 r2thresh =   4.10000000000000     
 dvscale =   2.50000000000000     
 dvscnorm =   2.50000000000000     
 dvscbig =   2.50000000000000     
 border =   2.00000000000000     
 dthresh =   6.50000000000000     
 rthresh =   5.00000000000000     
 maxgroup =         100
 r2thresh =   4.10000000000000     
 nthresh =           3
 ndir =         110
 use_vdw = T
 repname = none
 repsize =          10
 maxrep =           1
 sitelis = sites.lis
 profile = none
 sitelig = none
 siteasl = none
 use_sitelig =  F
 sitebox =  -999.000000000000     
 writepdb =  F
 number of protein atoms =        5674
Starting findsites:  Sunday, January 29 2023, at 09:37:07 IST
ptypes obtained:  Sunday, January 29 2023, at 09:37:07 IST
lj parameters obtained:  Sunday, January 29 2023, at 09:37:07 IST
Basic parameters obtained:  Sunday, January 29 2023, at 09:37:07 IST
Receptor parameterization completed:  Sunday, January 29 2023, at 09:37:07 IST
 scaled value of sitecut =   55.0000000000000     
 sphere directions set up         110
Sunday, January 29 2023, at 09:37:07 IST
 FINDSITE will use user-specified box
Centroid of box:  56.985  46.488  74.692
 boundaries   51.9854974746704        61.9854974746704     
   41.4879989624023        51.4879989624023        69.6920061111450     
   79.6920061111450     
 box          10          10          10
 maximum number of atoms in a sitebox =           6
Site points found:  Sunday, January 29 2023, at 09:37:07 IST
 boxes, patoms in boxes, empty boxes =         125         265          28
 total, outside sites =        1000          83
Site points pruned:  Sunday, January 29 2023, at 09:37:07 IST
final goodsites =        26
         5 sites will be removed
        21 good sites remain
Number of site groups found =     1

  Group  index  size  score     x       y       z     stdev
    1      1     21    1.58   55.52   48.98   72.12    1.90
Sites linked and merged:  Sunday, January 29 2023, at 09:37:07 IST
 Storing receptor data

Site-finding complete.
Number of sites to map/eval:  1

-- Mapping site  1 --
jobname: md1_crop27_coa_site_1
all SiteMap grid files will be generated
 philic map specified
 phobic map specified
 donor map specified
 acceptor map specified
 metal-ligation map specified
 surface-display map specified
grid margin:     6.00
grid spacing:     0.70
non-bonded cutoff:    20.00
ligand/sitepoints file: 
protein coordinates/parameters file: 
output map/grid files will be written to the current directory
vis files will be written
protein charges will be modified to reduce formal charges and adjust donor/acceptor potentials
protein radii will be modified to allow closer approach to donor and acceptor heteroatoms
phobic areas will be modified to emphasize enclosed regions and to deemphasize exposed regions using alternative method
all input instructions read
 Getting site data
ligand xcm,ycm,zcm,xrange,yrange,zrange 56.485 48.488 72.192  5.000  2.000  3.000

 Reusing receptor data from site-finding stage.

Sitemap: electrostatic+vdw interaction energy
Map field of *enzyme* in region of *inhibitor*

computing site maps ...
grid lim (orig)  47.985  64.985  41.488  55.488  64.692  79.692
grid lim (adj)   47.735  65.235  41.138  55.838  64.492  79.892
grid point counts   26   22   23
total grid points   13156

 5674 receptor atoms read
grid: adjdip
number of grid points within emin, emax limits =    10793
 maximum grid value before cutoff =               -0.142
 minimum grid value before cutoff =   -693.507

philic and phobic grids formed
grid: surf
number of grid points within emin, emax limits =     2348
 maximum grid value before cutoff =         33713200.398
 minimum grid value before cutoff =     -2.662

grid: phil
number of grid points within emin, emax limits =     1565
 maximum grid value before cutoff =         33713150.398
 minimum grid value before cutoff =    -27.488

grid: phob
number of grid points within emin, emax limits =      519
 maximum grid value before cutoff =         33713215.398
 minimum grid value before cutoff =     -2.079

mod_phobic: phobthresh, philthresh =  -0.250  -3.000
 maximum number of atoms in a sitebox =           8
 boxes, patoms in boxes, empty boxes =       11571        5674        9474
Average phobic potential changed from  -0.855 to  -0.545 for  209 grid points

number of phobic points =   269   average phobic score =   0.92
number of philic points =  1296   average philic score =  -6.71

number of qualifying surf grid points =      326

number of qualifying phil grid points =      436

number of qualifying phob grid points =       54

number of qualifying accptr grid points =      162

number of qualifying donor grid points =      265

number of qualifying metal grid points =        0

visgrd volume surf                                                                            
visgrd author sitemap                                                                         
visgrd property name surf                                                                            
visgrd qualifying points   1077
visgrd default map values       1       1.00      2
visgrd number of dims    3
visgrd dimensions         26        22        23
visgrd axis scales      0.700     0.700     0.700

visgrd volume hydrophil                                                                       
visgrd author sitemap                                                                         
visgrd property name phil                                                                            
visgrd qualifying points    436
visgrd default map values       1      -8.00     10
visgrd number of dims    3
visgrd dimensions         26        22        23
visgrd axis scales      0.700     0.700     0.700

visgrd volume hydrophob                                                                       
visgrd author sitemap                                                                         
visgrd property name phob                                                                            
visgrd qualifying points     83
visgrd default map values       1      -0.50     13
visgrd number of dims    3
visgrd dimensions         26        22        23
visgrd axis scales      0.700     0.700     0.700

visgrd volume hbacceptor                                                                      
visgrd author sitemap                                                                         
visgrd property name accptr                                                                          
visgrd qualifying points    162
visgrd default map values       1      -8.00     16
visgrd number of dims    3
visgrd dimensions         26        22        23
visgrd axis scales      0.700     0.700     0.700

visgrd volume hbdonor                                                                         
visgrd author sitemap                                                                         
visgrd property name donor                                                                           
visgrd qualifying points    265
visgrd default map values       1      -8.00      5
visgrd number of dims    3
visgrd dimensions         26        22        23
visgrd axis scales      0.700     0.700     0.700

-- Evaluating site  1 --
Ligand/site-points file: 
Protein coordinates/parameters file: 
extend =   3
 Verbosity flags: F F F F F
all SiteMap grid files will be read
the protein charges will be modified to reduce formal charges and adjust donor/acceptor potentials
protein radii will be modified to allow closer approach to donor and acceptor heteroatoms
phobic areas emphasize enclosed regions and deemphasize exposed regions using alternative method
site-point set will be augmented by including significant nearby points
  threshold for adding phobic points:  -0.500
  threshold for adding philic points:  -8.000
base name for SiteMap grid files: 
 Reusing grid data
reusing site data
Number of protein atoms:    5674
 
phobic grid file reshaped
philic grid file reshaped
donor grid file reshaped
acceptor grid file reshaped
metal grid file reshaped
surf grid file reshaped
 maximum number of atoms in a sitebox =           8


Number of site points   21  first shell   32  higher shells   58   dirscore   0.922
1 vdw  -1.579   phob  -0.288   phil  -5.439   donor  -2.998   acceptor  -2.441   metal   0.000
2               phob  -0.106   phil  -5.012   donor  -2.179   acceptor  -2.833   metal   0.000

SiteScore size   Dscore  volume  exposure enclosure contact  phobic   philic   balance  don/acc
  0.956    54    0.771   146.46    0.625    0.922    1.218    0.737    1.452    0.507    1.228

-- Done with site  1 --

== End SiteMap calculation ==

Wrote 1 sites to "md1_crop27_coa_out.maegz".

Current time: Sun Jan 29 09:37:08 2023
Elapsed time: 0:00:03.78
SiteMap successfully completed.

