--------------------------------------------------------------------------------
JobId          : X299-0-63d621b0
Name           : md1_crop243_coa
Program        : SiteMap
Version        : 2021-4 build 135
Host           : X299
Dir            : /mnt/3a29b482-dac1-4563-be89-d63ad92354e9/cers_modelling/md_sampling_cers_models/charmm_gui_systems/cers2_10pc_chol/sitemaps
HostEntry      : localhost
JobHost        : X299
JobDir         : /scratch/tamir/md1_crop243_coa
JobSchrodinger : /opt/schrodinger2021-4
Commandline    : /opt/schrodinger2021-4/sitemap md1_crop243_coa.in
StartTime      : 2023-01-29-09:35:12
--------------------------------------------------------------------------------

== Begin input keywords ==
ADDPHIL  -8.0
ADDPHOB  -0.5
ADDSP  True
COMPRESS  True
CUTOFF  20.0
D2THRESH  3.1
DTHRESH  6.5
DVSCALE  2.5
ENCLOSURE  0.5
EXTEND  3
FAKE  False
FFIELD  OPLS_2005
GRID  0.7
KEEPELEC  False
KEEPVDW  False
KEEPVOLPTS  True
KMAX  3
KMAX2  5
MAPDIST  4.0
MARGIN  6.0
MAXDIST  8.0
MAXSITES  1
MAXVDW  1.1
MINGROUP  3
MODCHARGES  True
MODPHOBIC  3
NEARRES  3.5
NTHRESH  3
PROT  md1_crop243.mae
R2THRESH  4.1
REPORTSIZE  10
ROUND  False
RTHRESH  5.0
VERBOSITY  0
WRITEGRIDS  False
WRITEPOT  False
WRITESTRUCTS  True
WRITEVIS  True
XCENT  56.840996742248535
XRANGE  10.0
YCENT  45.858497619628906
YRANGE  10.0
ZCENT  77.10899829864502
ZRANGE  10.0
== End input keywords ==

== Begin single-receptor SiteMap calculation ==

-- Begin site search --
 Parameters for this calculation:
 sitecut =  0.500000000000000     
 sitescmin =   1.10000000000000     
 afactor =   1.00000000000000     
 bfactor =   1.00000000000000     
 imaxsite =           8
 ithresh =           3
 mingroup =           3
 kmax =           3
 kmax2 =           5
 r2thresh =   4.10000000000000     
 dvscale =   2.50000000000000     
 dvscnorm =   2.50000000000000     
 dvscbig =   2.50000000000000     
 border =   2.00000000000000     
 dthresh =   6.50000000000000     
 rthresh =   5.00000000000000     
 maxgroup =         100
 r2thresh =   4.10000000000000     
 nthresh =           3
 ndir =         110
 use_vdw = T
 repname = none
 repsize =          10
 maxrep =           1
 sitelis = sites.lis
 profile = none
 sitelig = none
 siteasl = none
 use_sitelig =  F
 sitebox =  -999.000000000000     
 writepdb =  F
 number of protein atoms =        5675
Starting findsites:  Sunday, January 29 2023, at 09:35:15 IST
ptypes obtained:  Sunday, January 29 2023, at 09:35:15 IST
lj parameters obtained:  Sunday, January 29 2023, at 09:35:15 IST
Basic parameters obtained:  Sunday, January 29 2023, at 09:35:15 IST
Receptor parameterization completed:  Sunday, January 29 2023, at 09:35:15 IST
 scaled value of sitecut =   55.0000000000000     
 sphere directions set up         110
Sunday, January 29 2023, at 09:35:15 IST
 FINDSITE will use user-specified box
Centroid of box:  56.841  45.858  77.109
 boundaries   51.8409967422485        61.8409967422485     
   40.8584976196289        50.8584976196289        72.1089982986450     
   82.1089982986450     
 box          10          10          10
 maximum number of atoms in a sitebox =           7
Site points found:  Sunday, January 29 2023, at 09:35:15 IST
 boxes, patoms in boxes, empty boxes =         125         260          30
 total, outside sites =        1000         106
Site points pruned:  Sunday, January 29 2023, at 09:35:15 IST
final goodsites =        31
         3 sites will be removed
        28 good sites remain
Number of site groups found =     1

  Group  index  size  score     x       y       z     stdev
    1      1     28    1.52   55.58   48.24   74.70    2.19
Sites linked and merged:  Sunday, January 29 2023, at 09:35:15 IST
 Storing receptor data

Site-finding complete.
Number of sites to map/eval:  1

-- Mapping site  1 --
jobname: md1_crop243_coa_site_1
all SiteMap grid files will be generated
 philic map specified
 phobic map specified
 donor map specified
 acceptor map specified
 metal-ligation map specified
 surface-display map specified
grid margin:     6.00
grid spacing:     0.70
non-bonded cutoff:    20.00
ligand/sitepoints file: 
protein coordinates/parameters file: 
output map/grid files will be written to the current directory
vis files will be written
protein charges will be modified to reduce formal charges and adjust donor/acceptor potentials
protein radii will be modified to allow closer approach to donor and acceptor heteroatoms
phobic areas will be modified to emphasize enclosed regions and to deemphasize exposed regions using alternative method
all input instructions read
 Getting site data
ligand xcm,ycm,zcm,xrange,yrange,zrange 56.841 48.358 75.109  6.000  3.000  4.000

 Reusing receptor data from site-finding stage.

Sitemap: electrostatic+vdw interaction energy
Map field of *enzyme* in region of *inhibitor*

computing site maps ...
grid lim (orig)  47.841  65.841  40.858  55.858  67.109  83.109
grid lim (adj)   47.741  65.941  40.658  56.058  67.059  83.159
grid point counts   27   23   24
total grid points   14904

 5675 receptor atoms read
grid: adjdip
number of grid points within emin, emax limits =    12229
 maximum grid value before cutoff =               -0.157
 minimum grid value before cutoff =   -679.688

philic and phobic grids formed
grid: surf
number of grid points within emin, emax limits =     2489
 maximum grid value before cutoff =         44447591.398
 minimum grid value before cutoff =     -2.869

grid: phil
number of grid points within emin, emax limits =     2024
 maximum grid value before cutoff =         44447541.398
 minimum grid value before cutoff =    -22.278

grid: phob
number of grid points within emin, emax limits =      713
 maximum grid value before cutoff =         44447606.398
 minimum grid value before cutoff =     -1.980

mod_phobic: phobthresh, philthresh =  -0.250  -3.000
 maximum number of atoms in a sitebox =           9
 boxes, patoms in boxes, empty boxes =       10469        5675        8386
Average phobic potential changed from  -0.806 to  -0.511 for  161 grid points

number of phobic points =   227   average phobic score =   0.81
number of philic points =  1797   average philic score =  -6.17

number of qualifying surf grid points =      356

number of qualifying phil grid points =      524

number of qualifying phob grid points =       31

number of qualifying accptr grid points =      201

number of qualifying donor grid points =      311

number of qualifying metal grid points =        0

visgrd volume surf                                                                            
visgrd author sitemap                                                                         
visgrd property name surf                                                                            
visgrd qualifying points   1536
visgrd default map values       1       1.00      2
visgrd number of dims    3
visgrd dimensions         27        23        24
visgrd axis scales      0.700     0.700     0.700

visgrd volume hydrophil                                                                       
visgrd author sitemap                                                                         
visgrd property name phil                                                                            
visgrd qualifying points    524
visgrd default map values       1      -8.00     10
visgrd number of dims    3
visgrd dimensions         27        23        24
visgrd axis scales      0.700     0.700     0.700

visgrd volume hydrophob                                                                       
visgrd author sitemap                                                                         
visgrd property name phob                                                                            
visgrd qualifying points     68
visgrd default map values       1      -0.50     13
visgrd number of dims    3
visgrd dimensions         27        23        24
visgrd axis scales      0.700     0.700     0.700

visgrd volume hbacceptor                                                                      
visgrd author sitemap                                                                         
visgrd property name accptr                                                                          
visgrd qualifying points    201
visgrd default map values       1      -8.00     16
visgrd number of dims    3
visgrd dimensions         27        23        24
visgrd axis scales      0.700     0.700     0.700

visgrd volume hbdonor                                                                         
visgrd author sitemap                                                                         
visgrd property name donor                                                                           
visgrd qualifying points    311
visgrd default map values       1      -8.00      5
visgrd number of dims    3
visgrd dimensions         27        23        24
visgrd axis scales      0.700     0.700     0.700

-- Evaluating site  1 --
Ligand/site-points file: 
Protein coordinates/parameters file: 
extend =   3
 Verbosity flags: F F F F F
all SiteMap grid files will be read
the protein charges will be modified to reduce formal charges and adjust donor/acceptor potentials
protein radii will be modified to allow closer approach to donor and acceptor heteroatoms
phobic areas emphasize enclosed regions and deemphasize exposed regions using alternative method
site-point set will be augmented by including significant nearby points
  threshold for adding phobic points:  -0.500
  threshold for adding philic points:  -8.000
base name for SiteMap grid files: 
 Reusing grid data
reusing site data
Number of protein atoms:    5675
 
phobic grid file reshaped
philic grid file reshaped
donor grid file reshaped
acceptor grid file reshaped
metal grid file reshaped
surf grid file reshaped
 maximum number of atoms in a sitebox =           9


Number of site points   28  first shell   40  higher shells   53   dirscore   0.904
1 vdw  -1.579   phob  -0.198   phil  -5.979   donor  -2.435   acceptor  -3.544   metal   0.000
2               phob  -0.060   phil  -5.667   donor  -3.020   acceptor  -2.647   metal   0.000

SiteScore size   Dscore  volume  exposure enclosure contact  phobic   philic   balance  don/acc
  0.996    65    0.780   179.73    0.589    0.904    1.218    0.414    1.597    0.259    0.687

-- Done with site  1 --

== End SiteMap calculation ==

Wrote 1 sites to "md1_crop243_coa_out.maegz".

Current time: Sun Jan 29 09:35:17 2023
Elapsed time: 0:00:03.95
SiteMap successfully completed.

