--------------------------------------------------------------------------------
JobId          : X299-0-63d62125
Name           : md1_crop199_sph
Program        : SiteMap
Version        : 2021-4 build 135
Host           : X299
Dir            : /mnt/3a29b482-dac1-4563-be89-d63ad92354e9/cers_modelling/md_sampling_cers_models/charmm_gui_systems/cers2_10pc_chol/sitemaps
HostEntry      : localhost
JobHost        : X299
JobDir         : /scratch/tamir/md1_crop199_sph
JobSchrodinger : /opt/schrodinger2021-4
Commandline    : /opt/schrodinger2021-4/sitemap md1_crop199_sph.in
StartTime      : 2023-01-29-09:32:53
--------------------------------------------------------------------------------

== Begin input keywords ==
ADDPHIL  -8.0
ADDPHOB  -0.5
ADDSP  True
COMPRESS  True
CUTOFF  20.0
D2THRESH  3.1
DTHRESH  6.5
DVSCALE  2.5
ENCLOSURE  0.5
EXTEND  3
FAKE  False
FFIELD  OPLS_2005
GRID  0.7
KEEPELEC  False
KEEPVDW  False
KEEPVOLPTS  True
KMAX  3
KMAX2  5
MAPDIST  4.0
MARGIN  6.0
MAXDIST  8.0
MAXSITES  1
MAXVDW  1.1
MINGROUP  3
MODCHARGES  True
MODPHOBIC  3
NEARRES  3.5
NTHRESH  3
PROT  md1_crop199.mae
R2THRESH  4.1
REPORTSIZE  10
ROUND  False
RTHRESH  5.0
VERBOSITY  0
WRITEGRIDS  False
WRITEPOT  False
WRITESTRUCTS  True
WRITEVIS  True
XCENT  43.999996185302734
XRANGE  10.0
YCENT  42.204999923706055
YRANGE  10.0
ZCENT  62.43299961090088
ZRANGE  10.0
== End input keywords ==

== Begin single-receptor SiteMap calculation ==

-- Begin site search --
 Parameters for this calculation:
 sitecut =  0.500000000000000     
 sitescmin =   1.10000000000000     
 afactor =   1.00000000000000     
 bfactor =   1.00000000000000     
 imaxsite =           8
 ithresh =           3
 mingroup =           3
 kmax =           3
 kmax2 =           5
 r2thresh =   4.10000000000000     
 dvscale =   2.50000000000000     
 dvscnorm =   2.50000000000000     
 dvscbig =   2.50000000000000     
 border =   2.00000000000000     
 dthresh =   6.50000000000000     
 rthresh =   5.00000000000000     
 maxgroup =         100
 r2thresh =   4.10000000000000     
 nthresh =           3
 ndir =         110
 use_vdw = T
 repname = none
 repsize =          10
 maxrep =           1
 sitelis = sites.lis
 profile = none
 sitelig = none
 siteasl = none
 use_sitelig =  F
 sitebox =  -999.000000000000     
 writepdb =  F
 number of protein atoms =        5674
Starting findsites:  Sunday, January 29 2023, at 09:32:56 IST
ptypes obtained:  Sunday, January 29 2023, at 09:32:57 IST
lj parameters obtained:  Sunday, January 29 2023, at 09:32:57 IST
Basic parameters obtained:  Sunday, January 29 2023, at 09:32:57 IST
Receptor parameterization completed:  Sunday, January 29 2023, at 09:32:57 IST
 scaled value of sitecut =   55.0000000000000     
 sphere directions set up         110
Sunday, January 29 2023, at 09:32:57 IST
 FINDSITE will use user-specified box
Centroid of box:  44.000  42.205  62.433
 boundaries   38.9999961853027        48.9999961853027     
   37.2049999237061        47.2049999237061        57.4329996109009     
   67.4329996109009     
 box          10          10          10
 maximum number of atoms in a sitebox =           7
Site points found:  Sunday, January 29 2023, at 09:32:57 IST
 boxes, patoms in boxes, empty boxes =         125         201          52
 total, outside sites =        1000         273
Site points pruned:  Sunday, January 29 2023, at 09:32:57 IST
final goodsites =        16
         3 sites will be removed
        13 good sites remain
Number of site groups found =     1

  Group  index  size  score     x       y       z     stdev
    1      1     13    1.38   46.56   43.13   61.97    1.39
Sites linked and merged:  Sunday, January 29 2023, at 09:32:57 IST
 Storing receptor data

Site-finding complete.
Number of sites to map/eval:  1

-- Mapping site  1 --
jobname: md1_crop199_sph_site_1
all SiteMap grid files will be generated
 philic map specified
 phobic map specified
 donor map specified
 acceptor map specified
 metal-ligation map specified
 surface-display map specified
grid margin:     6.00
grid spacing:     0.70
non-bonded cutoff:    20.00
ligand/sitepoints file: 
protein coordinates/parameters file: 
output map/grid files will be written to the current directory
vis files will be written
protein charges will be modified to reduce formal charges and adjust donor/acceptor potentials
protein radii will be modified to allow closer approach to donor and acceptor heteroatoms
phobic areas will be modified to emphasize enclosed regions and to deemphasize exposed regions using alternative method
all input instructions read
 Getting site data
ligand xcm,ycm,zcm,xrange,yrange,zrange 46.500 43.205 61.933  3.000  2.000  3.000

 Reusing receptor data from site-finding stage.

Sitemap: electrostatic+vdw interaction energy
Map field of *enzyme* in region of *inhibitor*

computing site maps ...
grid lim (orig)  39.000  54.000  36.205  50.205  54.433  69.433
grid lim (adj)   38.800  54.200  35.855  50.555  54.233  69.633
grid point counts   23   22   23
total grid points   11638

 5674 receptor atoms read
grid: adjdip
number of grid points within emin, emax limits =    10312
 maximum grid value before cutoff =               -0.037
 minimum grid value before cutoff =   -598.440

philic and phobic grids formed
grid: surf
number of grid points within emin, emax limits =     2299
 maximum grid value before cutoff =         29233307.009
 minimum grid value before cutoff =     -2.766

grid: phil
number of grid points within emin, emax limits =     2501
 maximum grid value before cutoff =         29233257.009
 minimum grid value before cutoff =    -23.735

grid: phob
number of grid points within emin, emax limits =     1623
 maximum grid value before cutoff =         29233322.009
 minimum grid value before cutoff =     -2.150

mod_phobic: phobthresh, philthresh =  -0.250  -3.000
 maximum number of atoms in a sitebox =           9
 boxes, patoms in boxes, empty boxes =       12369        5674       10285
Average phobic potential changed from  -0.839 to  -0.493 for  755 grid points

number of phobic points =  1180   average phobic score =   0.73
number of philic points =  1321   average philic score =  -4.71

number of qualifying surf grid points =      439

number of qualifying phil grid points =      260

number of qualifying phob grid points =      114

number of qualifying accptr grid points =      106

number of qualifying donor grid points =      147

number of qualifying metal grid points =        0

visgrd volume surf                                                                            
visgrd author sitemap                                                                         
visgrd property name surf                                                                            
visgrd qualifying points   2170
visgrd default map values       1       1.00      2
visgrd number of dims    3
visgrd dimensions         23        22        23
visgrd axis scales      0.700     0.700     0.700

visgrd volume hydrophil                                                                       
visgrd author sitemap                                                                         
visgrd property name phil                                                                            
visgrd qualifying points    260
visgrd default map values       1      -8.00     10
visgrd number of dims    3
visgrd dimensions         23        22        23
visgrd axis scales      0.700     0.700     0.700

visgrd volume hydrophob                                                                       
visgrd author sitemap                                                                         
visgrd property name phob                                                                            
visgrd qualifying points    304
visgrd default map values       1      -0.50     13
visgrd number of dims    3
visgrd dimensions         23        22        23
visgrd axis scales      0.700     0.700     0.700

visgrd volume hbacceptor                                                                      
visgrd author sitemap                                                                         
visgrd property name accptr                                                                          
visgrd qualifying points    106
visgrd default map values       1      -8.00     16
visgrd number of dims    3
visgrd dimensions         23        22        23
visgrd axis scales      0.700     0.700     0.700

visgrd volume hbdonor                                                                         
visgrd author sitemap                                                                         
visgrd property name donor                                                                           
visgrd qualifying points    147
visgrd default map values       1      -8.00      5
visgrd number of dims    3
visgrd dimensions         23        22        23
visgrd axis scales      0.700     0.700     0.700

-- Evaluating site  1 --
Ligand/site-points file: 
Protein coordinates/parameters file: 
extend =   3
 Verbosity flags: F F F F F
all SiteMap grid files will be read
the protein charges will be modified to reduce formal charges and adjust donor/acceptor potentials
protein radii will be modified to allow closer approach to donor and acceptor heteroatoms
phobic areas emphasize enclosed regions and deemphasize exposed regions using alternative method
site-point set will be augmented by including significant nearby points
  threshold for adding phobic points:  -0.500
  threshold for adding philic points:  -8.000
base name for SiteMap grid files: 
 Reusing grid data
reusing site data
Number of protein atoms:    5674
 
phobic grid file reshaped
philic grid file reshaped
donor grid file reshaped
acceptor grid file reshaped
metal grid file reshaped
surf grid file reshaped
 maximum number of atoms in a sitebox =           9


Number of site points   13  first shell   28  higher shells   59   dirscore   0.832
1 vdw  -1.459   phob  -0.622   phil  -2.408   donor  -1.108   acceptor  -1.299   metal   0.000
2               phob  -0.317   phil  -2.229   donor  -1.241   acceptor  -0.989   metal   0.000

SiteScore size   Dscore  volume  exposure enclosure contact  phobic   philic   balance  don/acc
  0.891    39    0.877   171.16    0.690    0.832    1.126    2.198    0.643    3.419    0.853

-- Done with site  1 --

== End SiteMap calculation ==

Wrote 1 sites to "md1_crop199_sph_out.maegz".

Current time: Sun Jan 29 09:32:58 2023
Elapsed time: 0:00:04.08
SiteMap successfully completed.

