--------------------------------------------------------------------------------
JobId          : X299-0-63d62055
Name           : md1_crop131_coa
Program        : SiteMap
Version        : 2021-4 build 135
Host           : X299
Dir            : /mnt/3a29b482-dac1-4563-be89-d63ad92354e9/cers_modelling/md_sampling_cers_models/charmm_gui_systems/cers2_10pc_chol/sitemaps
HostEntry      : localhost
JobHost        : X299
JobDir         : /scratch/tamir/md1_crop131_coa
JobSchrodinger : /opt/schrodinger2021-4
Commandline    : /opt/schrodinger2021-4/sitemap md1_crop131_coa.in
StartTime      : 2023-01-29-09:29:25
--------------------------------------------------------------------------------

== Begin input keywords ==
ADDPHIL  -8.0
ADDPHOB  -0.5
ADDSP  True
COMPRESS  True
CUTOFF  20.0
D2THRESH  3.1
DTHRESH  6.5
DVSCALE  2.5
ENCLOSURE  0.5
EXTEND  3
FAKE  False
FFIELD  OPLS_2005
GRID  0.7
KEEPELEC  False
KEEPVDW  False
KEEPVOLPTS  True
KMAX  3
KMAX2  5
MAPDIST  4.0
MARGIN  6.0
MAXDIST  8.0
MAXSITES  1
MAXVDW  1.1
MINGROUP  3
MODCHARGES  True
MODPHOBIC  3
NEARRES  3.5
NTHRESH  3
PROT  md1_crop131.mae
R2THRESH  4.1
REPORTSIZE  10
ROUND  False
RTHRESH  5.0
VERBOSITY  0
WRITEGRIDS  False
WRITEPOT  False
WRITESTRUCTS  True
WRITEVIS  True
XCENT  52.89250373840332
XRANGE  10.0
YCENT  45.03499984741211
YRANGE  10.0
ZCENT  79.45700168609619
ZRANGE  10.0
== End input keywords ==

== Begin single-receptor SiteMap calculation ==

-- Begin site search --
 Parameters for this calculation:
 sitecut =  0.500000000000000     
 sitescmin =   1.10000000000000     
 afactor =   1.00000000000000     
 bfactor =   1.00000000000000     
 imaxsite =           8
 ithresh =           3
 mingroup =           3
 kmax =           3
 kmax2 =           5
 r2thresh =   4.10000000000000     
 dvscale =   2.50000000000000     
 dvscnorm =   2.50000000000000     
 dvscbig =   2.50000000000000     
 border =   2.00000000000000     
 dthresh =   6.50000000000000     
 rthresh =   5.00000000000000     
 maxgroup =         100
 r2thresh =   4.10000000000000     
 nthresh =           3
 ndir =         110
 use_vdw = T
 repname = none
 repsize =          10
 maxrep =           1
 sitelis = sites.lis
 profile = none
 sitelig = none
 siteasl = none
 use_sitelig =  F
 sitebox =  -999.000000000000     
 writepdb =  F
 number of protein atoms =        5676
Starting findsites:  Sunday, January 29 2023, at 09:29:28 IST
ptypes obtained:  Sunday, January 29 2023, at 09:29:28 IST
lj parameters obtained:  Sunday, January 29 2023, at 09:29:28 IST
Basic parameters obtained:  Sunday, January 29 2023, at 09:29:28 IST
Receptor parameterization completed:  Sunday, January 29 2023, at 09:29:28 IST
 scaled value of sitecut =   55.0000000000000     
 sphere directions set up         110
Sunday, January 29 2023, at 09:29:28 IST
 FINDSITE will use user-specified box
Centroid of box:  52.893  45.035  79.457
 boundaries   47.8925037384033        57.8925037384033     
   40.0349998474121        50.0349998474121        74.4570016860962     
   84.4570016860962     
 box          10          10          10
 maximum number of atoms in a sitebox =           6
Site points found:  Sunday, January 29 2023, at 09:29:29 IST
 boxes, patoms in boxes, empty boxes =         125         239          37
 total, outside sites =        1000         162
Site points pruned:  Sunday, January 29 2023, at 09:29:29 IST
final goodsites =        29
         3 sites will be removed
        26 good sites remain
Number of site groups found =     1

  Group  index  size  score     x       y       z     stdev
    1      1     26    1.26   51.93   47.32   77.97    2.09
Sites linked and merged:  Sunday, January 29 2023, at 09:29:29 IST
 Storing receptor data

Site-finding complete.
Number of sites to map/eval:  1

-- Mapping site  1 --
jobname: md1_crop131_coa_site_1
all SiteMap grid files will be generated
 philic map specified
 phobic map specified
 donor map specified
 acceptor map specified
 metal-ligation map specified
 surface-display map specified
grid margin:     6.00
grid spacing:     0.70
non-bonded cutoff:    20.00
ligand/sitepoints file: 
protein coordinates/parameters file: 
output map/grid files will be written to the current directory
vis files will be written
protein charges will be modified to reduce formal charges and adjust donor/acceptor potentials
protein radii will be modified to allow closer approach to donor and acceptor heteroatoms
phobic areas will be modified to emphasize enclosed regions and to deemphasize exposed regions using alternative method
all input instructions read
 Getting site data
ligand xcm,ycm,zcm,xrange,yrange,zrange 52.393 47.535 78.457  5.000  3.000  4.000

 Reusing receptor data from site-finding stage.

Sitemap: electrostatic+vdw interaction energy
Map field of *enzyme* in region of *inhibitor*

computing site maps ...
grid lim (orig)  43.893  60.893  40.035  55.035  70.457  86.457
grid lim (adj)   43.643  61.143  39.835  55.235  70.407  86.507
grid point counts   26   23   24
total grid points   14352

 5676 receptor atoms read
grid: adjdip
number of grid points within emin, emax limits =    11916
 maximum grid value before cutoff =               -0.185
 minimum grid value before cutoff =   -604.109

philic and phobic grids formed
grid: surf
number of grid points within emin, emax limits =     2607
 maximum grid value before cutoff =         49964844.008
 minimum grid value before cutoff =     -3.084

grid: phil
number of grid points within emin, emax limits =     2541
 maximum grid value before cutoff =         49964794.008
 minimum grid value before cutoff =    -28.170

grid: phob
number of grid points within emin, emax limits =     1130
 maximum grid value before cutoff =         49964859.008
 minimum grid value before cutoff =     -2.267

mod_phobic: phobthresh, philthresh =  -0.250  -3.000
 maximum number of atoms in a sitebox =           9
 boxes, patoms in boxes, empty boxes =       12789        5676       10689
Average phobic potential changed from  -0.804 to  -0.508 for  347 grid points

number of phobic points =   460   average phobic score =   0.79
number of philic points =  2081   average philic score =  -5.68

number of qualifying surf grid points =      438

number of qualifying phil grid points =      500

number of qualifying phob grid points =       60

number of qualifying accptr grid points =      271

number of qualifying donor grid points =      211

number of qualifying metal grid points =        0

visgrd volume surf                                                                            
visgrd author sitemap                                                                         
visgrd property name surf                                                                            
visgrd qualifying points   2009
visgrd default map values       1       1.00      2
visgrd number of dims    3
visgrd dimensions         26        23        24
visgrd axis scales      0.700     0.700     0.700

visgrd volume hydrophil                                                                       
visgrd author sitemap                                                                         
visgrd property name phil                                                                            
visgrd qualifying points    500
visgrd default map values       1      -8.00     10
visgrd number of dims    3
visgrd dimensions         26        23        24
visgrd axis scales      0.700     0.700     0.700

visgrd volume hydrophob                                                                       
visgrd author sitemap                                                                         
visgrd property name phob                                                                            
visgrd qualifying points    142
visgrd default map values       1      -0.50     13
visgrd number of dims    3
visgrd dimensions         26        23        24
visgrd axis scales      0.700     0.700     0.700

visgrd volume hbacceptor                                                                      
visgrd author sitemap                                                                         
visgrd property name accptr                                                                          
visgrd qualifying points    271
visgrd default map values       1      -8.00     16
visgrd number of dims    3
visgrd dimensions         26        23        24
visgrd axis scales      0.700     0.700     0.700

visgrd volume hbdonor                                                                         
visgrd author sitemap                                                                         
visgrd property name donor                                                                           
visgrd qualifying points    211
visgrd default map values       1      -8.00      5
visgrd number of dims    3
visgrd dimensions         26        23        24
visgrd axis scales      0.700     0.700     0.700

-- Evaluating site  1 --
Ligand/site-points file: 
Protein coordinates/parameters file: 
extend =   3
 Verbosity flags: F F F F F
all SiteMap grid files will be read
the protein charges will be modified to reduce formal charges and adjust donor/acceptor potentials
protein radii will be modified to allow closer approach to donor and acceptor heteroatoms
phobic areas emphasize enclosed regions and deemphasize exposed regions using alternative method
site-point set will be augmented by including significant nearby points
  threshold for adding phobic points:  -0.500
  threshold for adding philic points:  -8.000
base name for SiteMap grid files: 
 Reusing grid data
reusing site data
Number of protein atoms:    5676
 
phobic grid file reshaped
philic grid file reshaped
donor grid file reshaped
acceptor grid file reshaped
metal grid file reshaped
surf grid file reshaped
 maximum number of atoms in a sitebox =           9


Number of site points   26  first shell   49  higher shells   78   dirscore   0.899
1 vdw  -1.496   phob  -0.286   phil  -4.649   donor  -2.065   acceptor  -2.584   metal   0.000
2               phob  -0.124   phil  -4.445   donor  -2.310   acceptor  -2.135   metal   0.000

SiteScore size   Dscore  volume  exposure enclosure contact  phobic   philic   balance  don/acc
  0.979    62    0.875   261.02    0.672    0.899    1.154    0.859    1.241    0.692    0.799

-- Done with site  1 --

== End SiteMap calculation ==

Wrote 1 sites to "md1_crop131_coa_out.maegz".

Current time: Sun Jan 29 09:29:30 2023
Elapsed time: 0:00:04.24
SiteMap successfully completed.

