--------------------------------------------------------------------------------
JobId          : X299-0-63d62180
Name           : md1_crop228_coa
Program        : SiteMap
Version        : 2021-4 build 135
Host           : X299
Dir            : /mnt/3a29b482-dac1-4563-be89-d63ad92354e9/cers_modelling/md_sampling_cers_models/charmm_gui_systems/cers2_10pc_chol/sitemaps
HostEntry      : localhost
JobHost        : X299
JobDir         : /scratch/tamir/md1_crop228_coa
JobSchrodinger : /opt/schrodinger2021-4
Commandline    : /opt/schrodinger2021-4/sitemap md1_crop228_coa.in
StartTime      : 2023-01-29-09:34:25
--------------------------------------------------------------------------------

== Begin input keywords ==
ADDPHIL  -8.0
ADDPHOB  -0.5
ADDSP  True
COMPRESS  True
CUTOFF  20.0
D2THRESH  3.1
DTHRESH  6.5
DVSCALE  2.5
ENCLOSURE  0.5
EXTEND  3
FAKE  False
FFIELD  OPLS_2005
GRID  0.7
KEEPELEC  False
KEEPVDW  False
KEEPVOLPTS  True
KMAX  3
KMAX2  5
MAPDIST  4.0
MARGIN  6.0
MAXDIST  8.0
MAXSITES  1
MAXVDW  1.1
MINGROUP  3
MODCHARGES  True
MODPHOBIC  3
NEARRES  3.5
NTHRESH  3
PROT  md1_crop228.mae
R2THRESH  4.1
REPORTSIZE  10
ROUND  False
RTHRESH  5.0
VERBOSITY  0
WRITEGRIDS  False
WRITEPOT  False
WRITESTRUCTS  True
WRITEVIS  True
XCENT  56.89300060272217
XRANGE  10.0
YCENT  44.653000831604004
YRANGE  10.0
ZCENT  75.30499935150146
ZRANGE  10.0
== End input keywords ==

== Begin single-receptor SiteMap calculation ==

-- Begin site search --
 Parameters for this calculation:
 sitecut =  0.500000000000000     
 sitescmin =   1.10000000000000     
 afactor =   1.00000000000000     
 bfactor =   1.00000000000000     
 imaxsite =           8
 ithresh =           3
 mingroup =           3
 kmax =           3
 kmax2 =           5
 r2thresh =   4.10000000000000     
 dvscale =   2.50000000000000     
 dvscnorm =   2.50000000000000     
 dvscbig =   2.50000000000000     
 border =   2.00000000000000     
 dthresh =   6.50000000000000     
 rthresh =   5.00000000000000     
 maxgroup =         100
 r2thresh =   4.10000000000000     
 nthresh =           3
 ndir =         110
 use_vdw = T
 repname = none
 repsize =          10
 maxrep =           1
 sitelis = sites.lis
 profile = none
 sitelig = none
 siteasl = none
 use_sitelig =  F
 sitebox =  -999.000000000000     
 writepdb =  F
 number of protein atoms =        5674
Starting findsites:  Sunday, January 29 2023, at 09:34:27 IST
ptypes obtained:  Sunday, January 29 2023, at 09:34:28 IST
lj parameters obtained:  Sunday, January 29 2023, at 09:34:28 IST
Basic parameters obtained:  Sunday, January 29 2023, at 09:34:28 IST
Receptor parameterization completed:  Sunday, January 29 2023, at 09:34:28 IST
 scaled value of sitecut =   55.0000000000000     
 sphere directions set up         110
Sunday, January 29 2023, at 09:34:28 IST
 FINDSITE will use user-specified box
Centroid of box:  56.893  44.653  75.305
 boundaries   51.8930006027222        61.8930006027222     
   39.6530008316040        49.6530008316040        70.3049993515015     
   80.3049993515015     
 box          10          10          10
 maximum number of atoms in a sitebox =           6
Site points found:  Sunday, January 29 2023, at 09:34:28 IST
 boxes, patoms in boxes, empty boxes =         125         267          27
 total, outside sites =        1000         117
Site points pruned:  Sunday, January 29 2023, at 09:34:28 IST
final goodsites =        31
         3 sites will be removed
        28 good sites remain
Number of site groups found =     1

  Group  index  size  score     x       y       z     stdev
    1      1     28    1.46   55.63   47.33   72.98    1.99
Sites linked and merged:  Sunday, January 29 2023, at 09:34:28 IST
 Storing receptor data

Site-finding complete.
Number of sites to map/eval:  1

-- Mapping site  1 --
jobname: md1_crop228_coa_site_1
all SiteMap grid files will be generated
 philic map specified
 phobic map specified
 donor map specified
 acceptor map specified
 metal-ligation map specified
 surface-display map specified
grid margin:     6.00
grid spacing:     0.70
non-bonded cutoff:    20.00
ligand/sitepoints file: 
protein coordinates/parameters file: 
output map/grid files will be written to the current directory
vis files will be written
protein charges will be modified to reduce formal charges and adjust donor/acceptor potentials
protein radii will be modified to allow closer approach to donor and acceptor heteroatoms
phobic areas will be modified to emphasize enclosed regions and to deemphasize exposed regions using alternative method
all input instructions read
 Getting site data
ligand xcm,ycm,zcm,xrange,yrange,zrange 56.393 47.153 73.305  5.000  3.000  4.000

 Reusing receptor data from site-finding stage.

Sitemap: electrostatic+vdw interaction energy
Map field of *enzyme* in region of *inhibitor*

computing site maps ...
grid lim (orig)  47.893  64.893  39.653  54.653  65.305  81.305
grid lim (adj)   47.643  65.143  39.453  54.853  65.255  81.355
grid point counts   26   23   24
total grid points   14352

 5674 receptor atoms read
grid: adjdip
number of grid points within emin, emax limits =    11747
 maximum grid value before cutoff =               -0.192
 minimum grid value before cutoff =   -682.144

philic and phobic grids formed
grid: surf
number of grid points within emin, emax limits =     2477
 maximum grid value before cutoff =         42742312.351
 minimum grid value before cutoff =     -2.827

grid: phil
number of grid points within emin, emax limits =     2094
 maximum grid value before cutoff =         42742262.351
 minimum grid value before cutoff =    -24.974

grid: phob
number of grid points within emin, emax limits =      861
 maximum grid value before cutoff =         42742327.351
 minimum grid value before cutoff =     -1.973

mod_phobic: phobthresh, philthresh =  -0.250  -3.000
 maximum number of atoms in a sitebox =           9
 boxes, patoms in boxes, empty boxes =       10469        5674        8379
Average phobic potential changed from  -0.885 to  -0.579 for  219 grid points

number of phobic points =   322   average phobic score =   0.89
number of philic points =  1772   average philic score =  -5.63

number of qualifying surf grid points =      364

number of qualifying phil grid points =      432

number of qualifying phob grid points =       66

number of qualifying accptr grid points =      152

number of qualifying donor grid points =      273

number of qualifying metal grid points =        0

visgrd volume surf                                                                            
visgrd author sitemap                                                                         
visgrd property name surf                                                                            
visgrd qualifying points   1555
visgrd default map values       1       1.00      2
visgrd number of dims    3
visgrd dimensions         26        23        24
visgrd axis scales      0.700     0.700     0.700

visgrd volume hydrophil                                                                       
visgrd author sitemap                                                                         
visgrd property name phil                                                                            
visgrd qualifying points    432
visgrd default map values       1      -8.00     10
visgrd number of dims    3
visgrd dimensions         26        23        24
visgrd axis scales      0.700     0.700     0.700

visgrd volume hydrophob                                                                       
visgrd author sitemap                                                                         
visgrd property name phob                                                                            
visgrd qualifying points    113
visgrd default map values       1      -0.50     13
visgrd number of dims    3
visgrd dimensions         26        23        24
visgrd axis scales      0.700     0.700     0.700

visgrd volume hbacceptor                                                                      
visgrd author sitemap                                                                         
visgrd property name accptr                                                                          
visgrd qualifying points    152
visgrd default map values       1      -8.00     16
visgrd number of dims    3
visgrd dimensions         26        23        24
visgrd axis scales      0.700     0.700     0.700

visgrd volume hbdonor                                                                         
visgrd author sitemap                                                                         
visgrd property name donor                                                                           
visgrd qualifying points    273
visgrd default map values       1      -8.00      5
visgrd number of dims    3
visgrd dimensions         26        23        24
visgrd axis scales      0.700     0.700     0.700

-- Evaluating site  1 --
Ligand/site-points file: 
Protein coordinates/parameters file: 
extend =   3
 Verbosity flags: F F F F F
all SiteMap grid files will be read
the protein charges will be modified to reduce formal charges and adjust donor/acceptor potentials
protein radii will be modified to allow closer approach to donor and acceptor heteroatoms
phobic areas emphasize enclosed regions and deemphasize exposed regions using alternative method
site-point set will be augmented by including significant nearby points
  threshold for adding phobic points:  -0.500
  threshold for adding philic points:  -8.000
base name for SiteMap grid files: 
 Reusing grid data
reusing site data
Number of protein atoms:    5674
 
phobic grid file reshaped
philic grid file reshaped
donor grid file reshaped
acceptor grid file reshaped
metal grid file reshaped
surf grid file reshaped
 maximum number of atoms in a sitebox =           9


Number of site points   28  first shell   47  higher shells   45   dirscore   0.903
1 vdw  -1.546   phob  -0.343   phil  -4.453   donor  -2.050   acceptor  -2.402   metal   0.000
2               phob  -0.123   phil  -4.282   donor  -2.012   acceptor  -2.270   metal   0.000

SiteScore size   Dscore  volume  exposure enclosure contact  phobic   philic   balance  don/acc
  0.952    56    0.857   170.13    0.622    0.903    1.193    0.854    1.189    0.718    0.854

-- Done with site  1 --

== End SiteMap calculation ==

Wrote 1 sites to "md1_crop228_coa_out.maegz".

Current time: Sun Jan 29 09:34:29 2023
Elapsed time: 0:00:03.96
SiteMap successfully completed.

