--------------------------------------------------------------------------------
JobId          : X299-0-63d62507
Name           : md1_crop68_coa
Program        : SiteMap
Version        : 2021-4 build 135
Host           : X299
Dir            : /mnt/3a29b482-dac1-4563-be89-d63ad92354e9/cers_modelling/md_sampling_cers_models/charmm_gui_systems/cers2_10pc_chol/sitemaps
HostEntry      : localhost
JobHost        : X299
JobDir         : /scratch/tamir/md1_crop68_coa
JobSchrodinger : /opt/schrodinger2021-4
Commandline    : /opt/schrodinger2021-4/sitemap md1_crop68_coa.in
StartTime      : 2023-01-29-09:49:27
--------------------------------------------------------------------------------

== Begin input keywords ==
ADDPHIL  -8.0
ADDPHOB  -0.5
ADDSP  True
COMPRESS  True
CUTOFF  20.0
D2THRESH  3.1
DTHRESH  6.5
DVSCALE  2.5
ENCLOSURE  0.5
EXTEND  3
FAKE  False
FFIELD  OPLS_2005
GRID  0.7
KEEPELEC  False
KEEPVDW  False
KEEPVOLPTS  True
KMAX  3
KMAX2  5
MAPDIST  4.0
MARGIN  6.0
MAXDIST  8.0
MAXSITES  1
MAXVDW  1.1
MINGROUP  3
MODCHARGES  True
MODPHOBIC  3
NEARRES  3.5
NTHRESH  3
PROT  md1_crop68.mae
R2THRESH  4.1
REPORTSIZE  10
ROUND  False
RTHRESH  5.0
VERBOSITY  0
WRITEGRIDS  False
WRITEPOT  False
WRITESTRUCTS  True
WRITEVIS  True
XCENT  56.53949737548828
XRANGE  10.0
YCENT  46.23199939727783
YRANGE  10.0
ZCENT  72.29899883270264
ZRANGE  10.0
== End input keywords ==

== Begin single-receptor SiteMap calculation ==

-- Begin site search --
 Parameters for this calculation:
 sitecut =  0.500000000000000     
 sitescmin =   1.10000000000000     
 afactor =   1.00000000000000     
 bfactor =   1.00000000000000     
 imaxsite =           8
 ithresh =           3
 mingroup =           3
 kmax =           3
 kmax2 =           5
 r2thresh =   4.10000000000000     
 dvscale =   2.50000000000000     
 dvscnorm =   2.50000000000000     
 dvscbig =   2.50000000000000     
 border =   2.00000000000000     
 dthresh =   6.50000000000000     
 rthresh =   5.00000000000000     
 maxgroup =         100
 r2thresh =   4.10000000000000     
 nthresh =           3
 ndir =         110
 use_vdw = T
 repname = none
 repsize =          10
 maxrep =           1
 sitelis = sites.lis
 profile = none
 sitelig = none
 siteasl = none
 use_sitelig =  F
 sitebox =  -999.000000000000     
 writepdb =  F
 number of protein atoms =        5675
Starting findsites:  Sunday, January 29 2023, at 09:49:30 IST
ptypes obtained:  Sunday, January 29 2023, at 09:49:30 IST
lj parameters obtained:  Sunday, January 29 2023, at 09:49:30 IST
Basic parameters obtained:  Sunday, January 29 2023, at 09:49:30 IST
Receptor parameterization completed:  Sunday, January 29 2023, at 09:49:30 IST
 scaled value of sitecut =   55.0000000000000     
 sphere directions set up         110
Sunday, January 29 2023, at 09:49:30 IST
 FINDSITE will use user-specified box
Centroid of box:  56.539  46.232  72.299
 boundaries   51.5394973754883        61.5394973754883     
   41.2319993972778        51.2319993972778        67.2989988327026     
   77.2989988327026     
 box          10          10          10
 maximum number of atoms in a sitebox =           7
Site points found:  Sunday, January 29 2023, at 09:49:30 IST
 boxes, patoms in boxes, empty boxes =         125         237          37
 total, outside sites =        1000         119
Site points pruned:  Sunday, January 29 2023, at 09:49:30 IST
final goodsites =        36
         4 sites will be removed
        32 good sites remain
Number of site groups found =     1

  Group  index  size  score     x       y       z     stdev
    1      1     32    1.36   55.37   48.93   70.98    2.09
Sites linked and merged:  Sunday, January 29 2023, at 09:49:30 IST
 Storing receptor data

Site-finding complete.
Number of sites to map/eval:  1

-- Mapping site  1 --
jobname: md1_crop68_coa_site_1
all SiteMap grid files will be generated
 philic map specified
 phobic map specified
 donor map specified
 acceptor map specified
 metal-ligation map specified
 surface-display map specified
grid margin:     6.00
grid spacing:     0.70
non-bonded cutoff:    20.00
ligand/sitepoints file: 
protein coordinates/parameters file: 
output map/grid files will be written to the current directory
vis files will be written
protein charges will be modified to reduce formal charges and adjust donor/acceptor potentials
protein radii will be modified to allow closer approach to donor and acceptor heteroatoms
phobic areas will be modified to emphasize enclosed regions and to deemphasize exposed regions using alternative method
all input instructions read
 Getting site data
ligand xcm,ycm,zcm,xrange,yrange,zrange 56.039 48.732 70.799  5.000  3.000  5.000

 Reusing receptor data from site-finding stage.

Sitemap: electrostatic+vdw interaction energy
Map field of *enzyme* in region of *inhibitor*

computing site maps ...
grid lim (orig)  47.539  64.539  41.232  56.232  62.299  79.299
grid lim (adj)   47.289  64.789  41.032  56.432  62.049  79.549
grid point counts   26   23   26
total grid points   15548

 5675 receptor atoms read
grid: adjdip
number of grid points within emin, emax limits =    12898
 maximum grid value before cutoff =               -0.079
 minimum grid value before cutoff =   -636.303

philic and phobic grids formed
grid: surf
number of grid points within emin, emax limits =     2794
 maximum grid value before cutoff =         39435709.101
 minimum grid value before cutoff =     -2.761

grid: phil
number of grid points within emin, emax limits =     2715
 maximum grid value before cutoff =         39435659.101
 minimum grid value before cutoff =    -23.730

grid: phob
number of grid points within emin, emax limits =     1280
 maximum grid value before cutoff =         39435724.101
 minimum grid value before cutoff =     -2.144

mod_phobic: phobthresh, philthresh =  -0.250  -3.000
 maximum number of atoms in a sitebox =           9
 boxes, patoms in boxes, empty boxes =       12369        5675       10281
Average phobic potential changed from  -0.740 to  -0.417 for  377 grid points

number of phobic points =   641   average phobic score =   0.65
number of philic points =  2074   average philic score =  -5.90

number of qualifying surf grid points =      450

number of qualifying phil grid points =      592

number of qualifying phob grid points =       47

number of qualifying accptr grid points =      246

number of qualifying donor grid points =      333

number of qualifying metal grid points =        0

visgrd volume surf                                                                            
visgrd author sitemap                                                                         
visgrd property name surf                                                                            
visgrd qualifying points   2123
visgrd default map values       1       1.00      2
visgrd number of dims    3
visgrd dimensions         26        23        26
visgrd axis scales      0.700     0.700     0.700

visgrd volume hydrophil                                                                       
visgrd author sitemap                                                                         
visgrd property name phil                                                                            
visgrd qualifying points    592
visgrd default map values       1      -8.00     10
visgrd number of dims    3
visgrd dimensions         26        23        26
visgrd axis scales      0.700     0.700     0.700

visgrd volume hydrophob                                                                       
visgrd author sitemap                                                                         
visgrd property name phob                                                                            
visgrd qualifying points     91
visgrd default map values       1      -0.50     13
visgrd number of dims    3
visgrd dimensions         26        23        26
visgrd axis scales      0.700     0.700     0.700

visgrd volume hbacceptor                                                                      
visgrd author sitemap                                                                         
visgrd property name accptr                                                                          
visgrd qualifying points    246
visgrd default map values       1      -8.00     16
visgrd number of dims    3
visgrd dimensions         26        23        26
visgrd axis scales      0.700     0.700     0.700

visgrd volume hbdonor                                                                         
visgrd author sitemap                                                                         
visgrd property name donor                                                                           
visgrd qualifying points    333
visgrd default map values       1      -8.00      5
visgrd number of dims    3
visgrd dimensions         26        23        26
visgrd axis scales      0.700     0.700     0.700

-- Evaluating site  1 --
Ligand/site-points file: 
Protein coordinates/parameters file: 
extend =   3
 Verbosity flags: F F F F F
all SiteMap grid files will be read
the protein charges will be modified to reduce formal charges and adjust donor/acceptor potentials
protein radii will be modified to allow closer approach to donor and acceptor heteroatoms
phobic areas emphasize enclosed regions and deemphasize exposed regions using alternative method
site-point set will be augmented by including significant nearby points
  threshold for adding phobic points:  -0.500
  threshold for adding philic points:  -8.000
base name for SiteMap grid files: 
 Reusing grid data
reusing site data
Number of protein atoms:    5675
 
phobic grid file reshaped
philic grid file reshaped
donor grid file reshaped
acceptor grid file reshaped
metal grid file reshaped
surf grid file reshaped
 maximum number of atoms in a sitebox =           9


Number of site points   32  first shell   52  higher shells   56   dirscore   0.899
1 vdw  -1.536   phob  -0.172   phil  -5.910   donor  -2.537   acceptor  -3.373   metal   0.000
2               phob  -0.025   phil  -5.747   donor  -2.762   acceptor  -2.986   metal   0.000

SiteScore size   Dscore  volume  exposure enclosure contact  phobic   philic   balance  don/acc
  1.006    68    0.800   225.01    0.614    0.899    1.185    0.172    1.578    0.109    0.752

-- Done with site  1 --

== End SiteMap calculation ==

Wrote 1 sites to "md1_crop68_coa_out.maegz".

Current time: Sun Jan 29 09:49:32 2023
Elapsed time: 0:00:04.16
SiteMap successfully completed.

