--------------------------------------------------------------------------------
JobId          : X299-0-63d62260
Name           : md1_crop2_coa
Program        : SiteMap
Version        : 2021-4 build 135
Host           : X299
Dir            : /mnt/3a29b482-dac1-4563-be89-d63ad92354e9/cers_modelling/md_sampling_cers_models/charmm_gui_systems/cers2_10pc_chol/sitemaps
HostEntry      : localhost
JobHost        : X299
JobDir         : /scratch/tamir/md1_crop2_coa
JobSchrodinger : /opt/schrodinger2021-4
Commandline    : /opt/schrodinger2021-4/sitemap md1_crop2_coa.in
StartTime      : 2023-01-29-09:38:08
--------------------------------------------------------------------------------

== Begin input keywords ==
ADDPHIL  -8.0
ADDPHOB  -0.5
ADDSP  True
COMPRESS  True
CUTOFF  20.0
D2THRESH  3.1
DTHRESH  6.5
DVSCALE  2.5
ENCLOSURE  0.5
EXTEND  3
FAKE  False
FFIELD  OPLS_2005
GRID  0.7
KEEPELEC  False
KEEPVDW  False
KEEPVOLPTS  True
KMAX  3
KMAX2  5
MAPDIST  4.0
MARGIN  6.0
MAXDIST  8.0
MAXSITES  1
MAXVDW  1.1
MINGROUP  3
MODCHARGES  True
MODPHOBIC  3
NEARRES  3.5
NTHRESH  3
PROT  md1_crop2.mae
R2THRESH  4.1
REPORTSIZE  10
ROUND  False
RTHRESH  5.0
VERBOSITY  0
WRITEGRIDS  False
WRITEPOT  False
WRITESTRUCTS  True
WRITEVIS  True
XCENT  57.71249771118164
XRANGE  10.0
YCENT  46.42499923706055
YRANGE  10.0
ZCENT  76.43799781799316
ZRANGE  10.0
== End input keywords ==

== Begin single-receptor SiteMap calculation ==

-- Begin site search --
 Parameters for this calculation:
 sitecut =  0.500000000000000     
 sitescmin =   1.10000000000000     
 afactor =   1.00000000000000     
 bfactor =   1.00000000000000     
 imaxsite =           8
 ithresh =           3
 mingroup =           3
 kmax =           3
 kmax2 =           5
 r2thresh =   4.10000000000000     
 dvscale =   2.50000000000000     
 dvscnorm =   2.50000000000000     
 dvscbig =   2.50000000000000     
 border =   2.00000000000000     
 dthresh =   6.50000000000000     
 rthresh =   5.00000000000000     
 maxgroup =         100
 r2thresh =   4.10000000000000     
 nthresh =           3
 ndir =         110
 use_vdw = T
 repname = none
 repsize =          10
 maxrep =           1
 sitelis = sites.lis
 profile = none
 sitelig = none
 siteasl = none
 use_sitelig =  F
 sitebox =  -999.000000000000     
 writepdb =  F
 number of protein atoms =        5675
Starting findsites:  Sunday, January 29 2023, at 09:38:11 IST
ptypes obtained:  Sunday, January 29 2023, at 09:38:11 IST
lj parameters obtained:  Sunday, January 29 2023, at 09:38:11 IST
Basic parameters obtained:  Sunday, January 29 2023, at 09:38:11 IST
Receptor parameterization completed:  Sunday, January 29 2023, at 09:38:11 IST
 scaled value of sitecut =   55.0000000000000     
 sphere directions set up         110
Sunday, January 29 2023, at 09:38:11 IST
 FINDSITE will use user-specified box
Centroid of box:  57.712  46.425  76.438
 boundaries   52.7124977111816        62.7124977111816     
   41.4249992370605        51.4249992370605        71.4379978179932     
   81.4379978179932     
 box          10          10          10
 maximum number of atoms in a sitebox =           6
Site points found:  Sunday, January 29 2023, at 09:38:12 IST
 boxes, patoms in boxes, empty boxes =         125         258          27
 total, outside sites =        1000          91
Site points pruned:  Sunday, January 29 2023, at 09:38:12 IST
final goodsites =        24
         3 sites will be removed
        21 good sites remain
Number of site groups found =     2

  Group  index  size  score     x       y       z     stdev
    1      1     17    1.59   55.74   48.65   73.70    1.48
    2      2      4    1.29   60.19   49.42   76.96    0.71

Inter-group relationships
     g1     g2     n1     n2    dmin    davg   spread  ratio     x1      y1      z1      x2      y2      z2
      1      2     17      4    3.00    5.57    2.18    2.55   55.74   48.65   73.70   60.19   49.42   76.96
 groups           1           2  will be considered for merger
site groups connected   57.71   48.42   76.44   5    3.00   3   3   5
                        58.71   49.42   77.44
 successful merge of groups           1           2
Number of site groups found =     1

  Group  index  size  score     x       y       z     stdev
    1      1     21    1.53   56.45   48.78   74.23    2.47
Sites linked and merged:  Sunday, January 29 2023, at 09:38:12 IST
 Storing receptor data

Site-finding complete.
Number of sites to map/eval:  1

-- Mapping site  1 --
jobname: md1_crop2_coa_site_1
all SiteMap grid files will be generated
 philic map specified
 phobic map specified
 donor map specified
 acceptor map specified
 metal-ligation map specified
 surface-display map specified
grid margin:     6.00
grid spacing:     0.70
non-bonded cutoff:    20.00
ligand/sitepoints file: 
protein coordinates/parameters file: 
output map/grid files will be written to the current directory
vis files will be written
protein charges will be modified to reduce formal charges and adjust donor/acceptor potentials
protein radii will be modified to allow closer approach to donor and acceptor heteroatoms
phobic areas will be modified to emphasize enclosed regions and to deemphasize exposed regions using alternative method
all input instructions read
 Getting site data
ligand xcm,ycm,zcm,xrange,yrange,zrange 57.712 48.425 74.938  6.000  2.000  5.000

 Reusing receptor data from site-finding stage.

Sitemap: electrostatic+vdw interaction energy
Map field of *enzyme* in region of *inhibitor*

computing site maps ...
grid lim (orig)  48.712  66.712  41.425  55.425  66.438  83.438
grid lim (adj)   48.612  66.812  41.075  55.775  66.188  83.688
grid point counts   27   22   26
total grid points   15444

 5675 receptor atoms read
grid: adjdip
number of grid points within emin, emax limits =    12787
 maximum grid value before cutoff =               -0.153
 minimum grid value before cutoff =   -704.871

philic and phobic grids formed
grid: surf
number of grid points within emin, emax limits =     2658
 maximum grid value before cutoff =         45941020.732
 minimum grid value before cutoff =     -2.816

grid: phil
number of grid points within emin, emax limits =     2348
 maximum grid value before cutoff =         45940970.732
 minimum grid value before cutoff =    -22.276

grid: phob
number of grid points within emin, emax limits =      934
 maximum grid value before cutoff =         45941035.732
 minimum grid value before cutoff =     -1.890

mod_phobic: phobthresh, philthresh =  -0.250  -3.000
 maximum number of atoms in a sitebox =           8
 boxes, patoms in boxes, empty boxes =       10469        5675        8391
Average phobic potential changed from  -0.798 to  -0.498 for  308 grid points

number of phobic points =   446   average phobic score =   0.79
number of philic points =  1902   average philic score =  -6.00

number of qualifying surf grid points =      393

number of qualifying phil grid points =      526

number of qualifying phob grid points =       58

number of qualifying accptr grid points =      228

number of qualifying donor grid points =      290

number of qualifying metal grid points =        0

visgrd volume surf                                                                            
visgrd author sitemap                                                                         
visgrd property name surf                                                                            
visgrd qualifying points   1825
visgrd default map values       1       1.00      2
visgrd number of dims    3
visgrd dimensions         27        22        26
visgrd axis scales      0.700     0.700     0.700

visgrd volume hydrophil                                                                       
visgrd author sitemap                                                                         
visgrd property name phil                                                                            
visgrd qualifying points    526
visgrd default map values       1      -8.00     10
visgrd number of dims    3
visgrd dimensions         27        22        26
visgrd axis scales      0.700     0.700     0.700

visgrd volume hydrophob                                                                       
visgrd author sitemap                                                                         
visgrd property name phob                                                                            
visgrd qualifying points    117
visgrd default map values       1      -0.50     13
visgrd number of dims    3
visgrd dimensions         27        22        26
visgrd axis scales      0.700     0.700     0.700

visgrd volume hbacceptor                                                                      
visgrd author sitemap                                                                         
visgrd property name accptr                                                                          
visgrd qualifying points    228
visgrd default map values       1      -8.00     16
visgrd number of dims    3
visgrd dimensions         27        22        26
visgrd axis scales      0.700     0.700     0.700

visgrd volume hbdonor                                                                         
visgrd author sitemap                                                                         
visgrd property name donor                                                                           
visgrd qualifying points    290
visgrd default map values       1      -8.00      5
visgrd number of dims    3
visgrd dimensions         27        22        26
visgrd axis scales      0.700     0.700     0.700

-- Evaluating site  1 --
Ligand/site-points file: 
Protein coordinates/parameters file: 
extend =   3
 Verbosity flags: F F F F F
all SiteMap grid files will be read
the protein charges will be modified to reduce formal charges and adjust donor/acceptor potentials
protein radii will be modified to allow closer approach to donor and acceptor heteroatoms
phobic areas emphasize enclosed regions and deemphasize exposed regions using alternative method
site-point set will be augmented by including significant nearby points
  threshold for adding phobic points:  -0.500
  threshold for adding philic points:  -8.000
base name for SiteMap grid files: 
 Reusing grid data
reusing site data
Number of protein atoms:    5675
 
phobic grid file reshaped
philic grid file reshaped
donor grid file reshaped
acceptor grid file reshaped
metal grid file reshaped
surf grid file reshaped
 maximum number of atoms in a sitebox =           8


Number of site points   21  first shell   42  higher shells   49   dirscore   0.904
1 vdw  -1.612   phob  -0.338   phil  -4.830   donor  -2.232   acceptor  -2.598   metal   0.000
2               phob  -0.123   phil  -4.586   donor  -2.330   acceptor  -2.256   metal   0.000

SiteScore size   Dscore  volume  exposure enclosure contact  phobic   philic   balance  don/acc
  0.923    50    0.787   192.08    0.645    0.904    1.244    0.856    1.290    0.663    0.859

-- Done with site  1 --

== End SiteMap calculation ==

Wrote 1 sites to "md1_crop2_coa_out.maegz".

Current time: Sun Jan 29 09:38:13 2023
Elapsed time: 0:00:04.04
SiteMap successfully completed.

