--------------------------------------------------------------------------------
JobId          : X299-0-63d65eb4
Name           : md1_crop410_acyl
Program        : SiteMap
Version        : 2021-4 build 135
Host           : X299
Dir            : /mnt/3a29b482-dac1-4563-be89-d63ad92354e9/cers_modelling/md_sampling_cers_models/charmm_gui_systems/cers2_10pc_chol/sitemaps
HostEntry      : localhost
JobHost        : X299
JobDir         : /scratch/tamir/md1_crop410_acyl
JobSchrodinger : /opt/schrodinger2021-4
Commandline    : /opt/schrodinger2021-4/sitemap md1_crop410_acyl.in
StartTime      : 2023-01-29-13:55:32
--------------------------------------------------------------------------------

== Begin input keywords ==
ADDPHIL  -8.0
ADDPHOB  -0.5
ADDSP  True
COMPRESS  True
CUTOFF  20.0
D2THRESH  3.1
DTHRESH  6.5
DVSCALE  2.5
ENCLOSURE  0.5
EXTEND  3
FAKE  False
FFIELD  OPLS_2005
GRID  0.7
KEEPELEC  False
KEEPVDW  False
KEEPVOLPTS  True
KMAX  3
KMAX2  5
MAPDIST  4.0
MARGIN  6.0
MAXDIST  8.0
MAXSITES  1
MAXVDW  1.1
MINGROUP  3
MODCHARGES  True
MODPHOBIC  3
NEARRES  3.5
NTHRESH  3
PROT  md1_crop410.mae
R2THRESH  4.1
REPORTSIZE  10
ROUND  False
RTHRESH  5.0
VERBOSITY  0
WRITEGRIDS  False
WRITEPOT  False
WRITESTRUCTS  True
WRITEVIS  True
XCENT  62.54066467285156
XRANGE  10.0
YCENT  52.445664405822754
YRANGE  10.0
ZCENT  54.57200527191162
ZRANGE  10.0
== End input keywords ==

== Begin single-receptor SiteMap calculation ==

-- Begin site search --
 Parameters for this calculation:
 sitecut =  0.500000000000000     
 sitescmin =   1.10000000000000     
 afactor =   1.00000000000000     
 bfactor =   1.00000000000000     
 imaxsite =           8
 ithresh =           3
 mingroup =           3
 kmax =           3
 kmax2 =           5
 r2thresh =   4.10000000000000     
 dvscale =   2.50000000000000     
 dvscnorm =   2.50000000000000     
 dvscbig =   2.50000000000000     
 border =   2.00000000000000     
 dthresh =   6.50000000000000     
 rthresh =   5.00000000000000     
 maxgroup =         100
 r2thresh =   4.10000000000000     
 nthresh =           3
 ndir =         110
 use_vdw = T
 repname = none
 repsize =          10
 maxrep =           1
 sitelis = sites.lis
 profile = none
 sitelig = none
 siteasl = none
 use_sitelig =  F
 sitebox =  -999.000000000000     
 writepdb =  F
 number of protein atoms =        5676
Starting findsites:  Sunday, January 29 2023, at 13:55:35 IST
ptypes obtained:  Sunday, January 29 2023, at 13:55:35 IST
lj parameters obtained:  Sunday, January 29 2023, at 13:55:35 IST
Basic parameters obtained:  Sunday, January 29 2023, at 13:55:35 IST
Receptor parameterization completed:  Sunday, January 29 2023, at 13:55:35 IST
 scaled value of sitecut =   55.0000000000000     
 sphere directions set up         110
Sunday, January 29 2023, at 13:55:35 IST
 FINDSITE will use user-specified box
Centroid of box:  62.541  52.446  54.572
 boundaries   57.5406646728516        67.5406646728516     
   47.4456644058228        57.4456644058228        49.5720052719116     
   59.5720052719116     
 box          10          10          10
 maximum number of atoms in a sitebox =           7
Site points found:  Sunday, January 29 2023, at 13:55:35 IST
 boxes, patoms in boxes, empty boxes =         125         310          11
 total, outside sites =        1000          21
Site points pruned:  Sunday, January 29 2023, at 13:55:35 IST
final goodsites =         8
         4 sites will be removed
         4 good sites remain
Number of site groups found =     1

  Group  index  size  score     x       y       z     stdev
    1      1      4    1.96   66.02   52.45   54.04    0.71
Sites linked and merged:  Sunday, January 29 2023, at 13:55:35 IST
 Storing receptor data

Site-finding complete.
Number of sites to map/eval:  1

-- Mapping site  1 --
jobname: md1_crop410_acyl_site_1
all SiteMap grid files will be generated
 philic map specified
 phobic map specified
 donor map specified
 acceptor map specified
 metal-ligation map specified
 surface-display map specified
grid margin:     6.00
grid spacing:     0.70
non-bonded cutoff:    20.00
ligand/sitepoints file: 
protein coordinates/parameters file: 
output map/grid files will be written to the current directory
vis files will be written
protein charges will be modified to reduce formal charges and adjust donor/acceptor potentials
protein radii will be modified to allow closer approach to donor and acceptor heteroatoms
phobic areas will be modified to emphasize enclosed regions and to deemphasize exposed regions using alternative method
all input instructions read
 Getting site data
ligand xcm,ycm,zcm,xrange,yrange,zrange 66.041 52.446 54.072  1.000  0.000  1.000

 Reusing receptor data from site-finding stage.

Sitemap: electrostatic+vdw interaction energy
Map field of *enzyme* in region of *inhibitor*

computing site maps ...
grid lim (orig)  59.541  72.541  46.446  58.446  47.572  60.572
grid lim (adj)   59.391  72.691  46.146  58.746  47.422  60.722
grid point counts   20   19   20
total grid points    7600

 5676 receptor atoms read
grid: adjdip
number of grid points within emin, emax limits =     6645
 maximum grid value before cutoff =               -0.072
 minimum grid value before cutoff =   -679.500

philic and phobic grids formed
grid: surf
number of grid points within emin, emax limits =     1262
 maximum grid value before cutoff =         23382549.777
 minimum grid value before cutoff =     -2.948

grid: phil
number of grid points within emin, emax limits =     1558
 maximum grid value before cutoff =         23382499.777
 minimum grid value before cutoff =    -15.337

grid: phob
number of grid points within emin, emax limits =     1135
 maximum grid value before cutoff =         23382564.777
 minimum grid value before cutoff =     -2.278

mod_phobic: phobthresh, philthresh =  -0.250  -3.000
 maximum number of atoms in a sitebox =           9
 boxes, patoms in boxes, empty boxes =       10469        5676        8384
Average phobic potential changed from  -0.701 to  -0.358 for  344 grid points

number of phobic points =   833   average phobic score =   0.50
number of philic points =   725   average philic score =  -3.90

number of qualifying surf grid points =      213

number of qualifying phil grid points =       82

number of qualifying phob grid points =       19

number of qualifying accptr grid points =       12

number of qualifying donor grid points =       68

number of qualifying metal grid points =        0

visgrd volume surf                                                                            
visgrd author sitemap                                                                         
visgrd property name surf                                                                            
visgrd qualifying points   1385
visgrd default map values       1       1.00      2
visgrd number of dims    3
visgrd dimensions         20        19        20
visgrd axis scales      0.700     0.700     0.700

visgrd volume hydrophil                                                                       
visgrd author sitemap                                                                         
visgrd property name phil                                                                            
visgrd qualifying points     82
visgrd default map values       1      -8.00     10
visgrd number of dims    3
visgrd dimensions         20        19        20
visgrd axis scales      0.700     0.700     0.700

visgrd volume hydrophob                                                                       
visgrd author sitemap                                                                         
visgrd property name phob                                                                            
visgrd qualifying points     77
visgrd default map values       1      -0.50     13
visgrd number of dims    3
visgrd dimensions         20        19        20
visgrd axis scales      0.700     0.700     0.700

visgrd volume hbacceptor                                                                      
visgrd author sitemap                                                                         
visgrd property name accptr                                                                          
visgrd qualifying points     12
visgrd default map values       1      -8.00     16
visgrd number of dims    3
visgrd dimensions         20        19        20
visgrd axis scales      0.700     0.700     0.700

visgrd volume hbdonor                                                                         
visgrd author sitemap                                                                         
visgrd property name donor                                                                           
visgrd qualifying points     68
visgrd default map values       1      -8.00      5
visgrd number of dims    3
visgrd dimensions         20        19        20
visgrd axis scales      0.700     0.700     0.700

-- Evaluating site  1 --
Ligand/site-points file: 
Protein coordinates/parameters file: 
extend =   3
 Verbosity flags: F F F F F
all SiteMap grid files will be read
the protein charges will be modified to reduce formal charges and adjust donor/acceptor potentials
protein radii will be modified to allow closer approach to donor and acceptor heteroatoms
phobic areas emphasize enclosed regions and deemphasize exposed regions using alternative method
site-point set will be augmented by including significant nearby points
  threshold for adding phobic points:  -0.500
  threshold for adding philic points:  -8.000
base name for SiteMap grid files: 
 Reusing grid data
reusing site data
Number of protein atoms:    5676
 
phobic grid file reshaped
philic grid file reshaped
donor grid file reshaped
acceptor grid file reshaped
metal grid file reshaped
surf grid file reshaped
 maximum number of atoms in a sitebox =           9


Number of site points    4  first shell   16  higher shells   27   dirscore   0.786
1 vdw  -1.571   phob  -0.634   phil  -2.079   donor  -1.993   acceptor  -0.086   metal   0.000
2               phob  -0.265   phil  -1.519   donor  -0.103   acceptor  -1.416   metal   0.000

SiteScore size   Dscore  volume  exposure enclosure contact  phobic   philic   balance  don/acc
  0.738    19    0.700    67.91    0.694    0.786    1.212    1.838    0.555    3.311   23.251

-- Done with site  1 --

== End SiteMap calculation ==

Wrote 1 sites to "md1_crop410_acyl_out.maegz".

Current time: Sun Jan 29 13:55:36 2023
Elapsed time: 0:00:03.50
SiteMap successfully completed.

