--------------------------------------------------------------------------------
JobId          : X299-1-63d6213b
Name           : md1_crop205_sph
Program        : SiteMap
Version        : 2021-4 build 135
Host           : X299
Dir            : /mnt/3a29b482-dac1-4563-be89-d63ad92354e9/cers_modelling/md_sampling_cers_models/charmm_gui_systems/cers2_10pc_chol/sitemaps
HostEntry      : localhost
JobHost        : X299
JobDir         : /scratch/tamir/md1_crop205_sph
JobSchrodinger : /opt/schrodinger2021-4
Commandline    : /opt/schrodinger2021-4/sitemap md1_crop205_sph.in
StartTime      : 2023-01-29-09:33:16
--------------------------------------------------------------------------------

== Begin input keywords ==
ADDPHIL  -8.0
ADDPHOB  -0.5
ADDSP  True
COMPRESS  True
CUTOFF  20.0
D2THRESH  3.1
DTHRESH  6.5
DVSCALE  2.5
ENCLOSURE  0.5
EXTEND  3
FAKE  False
FFIELD  OPLS_2005
GRID  0.7
KEEPELEC  False
KEEPVDW  False
KEEPVOLPTS  True
KMAX  3
KMAX2  5
MAPDIST  4.0
MARGIN  6.0
MAXDIST  8.0
MAXSITES  1
MAXVDW  1.1
MINGROUP  3
MODCHARGES  True
MODPHOBIC  3
NEARRES  3.5
NTHRESH  3
PROT  md1_crop205.mae
R2THRESH  4.1
REPORTSIZE  10
ROUND  False
RTHRESH  5.0
VERBOSITY  0
WRITEGRIDS  False
WRITEPOT  False
WRITESTRUCTS  True
WRITEVIS  True
XCENT  43.53600025177002
XRANGE  10.0
YCENT  42.87600040435791
YRANGE  10.0
ZCENT  65.15900135040283
ZRANGE  10.0
== End input keywords ==

== Begin single-receptor SiteMap calculation ==

-- Begin site search --
 Parameters for this calculation:
 sitecut =  0.500000000000000     
 sitescmin =   1.10000000000000     
 afactor =   1.00000000000000     
 bfactor =   1.00000000000000     
 imaxsite =           8
 ithresh =           3
 mingroup =           3
 kmax =           3
 kmax2 =           5
 r2thresh =   4.10000000000000     
 dvscale =   2.50000000000000     
 dvscnorm =   2.50000000000000     
 dvscbig =   2.50000000000000     
 border =   2.00000000000000     
 dthresh =   6.50000000000000     
 rthresh =   5.00000000000000     
 maxgroup =         100
 r2thresh =   4.10000000000000     
 nthresh =           3
 ndir =         110
 use_vdw = T
 repname = none
 repsize =          10
 maxrep =           1
 sitelis = sites.lis
 profile = none
 sitelig = none
 siteasl = none
 use_sitelig =  F
 sitebox =  -999.000000000000     
 writepdb =  F
 number of protein atoms =        5675
Starting findsites:  Sunday, January 29 2023, at 09:33:19 IST
ptypes obtained:  Sunday, January 29 2023, at 09:33:19 IST
lj parameters obtained:  Sunday, January 29 2023, at 09:33:19 IST
Basic parameters obtained:  Sunday, January 29 2023, at 09:33:19 IST
Receptor parameterization completed:  Sunday, January 29 2023, at 09:33:19 IST
 scaled value of sitecut =   55.0000000000000     
 sphere directions set up         110
Sunday, January 29 2023, at 09:33:19 IST
 FINDSITE will use user-specified box
Centroid of box:  43.536  42.876  65.159
 boundaries   38.5360002517700        48.5360002517700     
   37.8760004043579        47.8760004043579        60.1590013504028     
   70.1590013504028     
 box          10          10          10
 maximum number of atoms in a sitebox =           7
Site points found:  Sunday, January 29 2023, at 09:33:19 IST
 boxes, patoms in boxes, empty boxes =         125         190          57
 total, outside sites =        1000         292
Site points pruned:  Sunday, January 29 2023, at 09:33:19 IST
final goodsites =         9
         2 sites will be removed
         7 good sites remain
Number of site groups found =     1

  Group  index  size  score     x       y       z     stdev
    1      1      7    1.23   44.55   42.59   64.17    1.17
Sites linked and merged:  Sunday, January 29 2023, at 09:33:19 IST
 Storing receptor data

Site-finding complete.
Number of sites to map/eval:  1

-- Mapping site  1 --
jobname: md1_crop205_sph_site_1
all SiteMap grid files will be generated
 philic map specified
 phobic map specified
 donor map specified
 acceptor map specified
 metal-ligation map specified
 surface-display map specified
grid margin:     6.00
grid spacing:     0.70
non-bonded cutoff:    20.00
ligand/sitepoints file: 
protein coordinates/parameters file: 
output map/grid files will be written to the current directory
vis files will be written
protein charges will be modified to reduce formal charges and adjust donor/acceptor potentials
protein radii will be modified to allow closer approach to donor and acceptor heteroatoms
phobic areas will be modified to emphasize enclosed regions and to deemphasize exposed regions using alternative method
all input instructions read
 Getting site data
ligand xcm,ycm,zcm,xrange,yrange,zrange 44.536 42.376 64.159  2.000  1.000  2.000

 Reusing receptor data from site-finding stage.

Sitemap: electrostatic+vdw interaction energy
Map field of *enzyme* in region of *inhibitor*

computing site maps ...
grid lim (orig)  37.536  51.536  35.876  48.876  57.159  71.159
grid lim (adj)   37.186  51.886  35.726  49.026  56.809  71.509
grid point counts   22   20   22
total grid points    9680

 5675 receptor atoms read
grid: adjdip
number of grid points within emin, emax limits =     8845
 maximum grid value before cutoff =               -0.041
 minimum grid value before cutoff =   -548.085

philic and phobic grids formed
grid: surf
number of grid points within emin, emax limits =     1993
 maximum grid value before cutoff =         41535918.841
 minimum grid value before cutoff =     -2.536

grid: phil
number of grid points within emin, emax limits =     3187
 maximum grid value before cutoff =         41535868.841
 minimum grid value before cutoff =    -18.939

grid: phob
number of grid points within emin, emax limits =     2231
 maximum grid value before cutoff =         41535933.841
 minimum grid value before cutoff =     -2.137

mod_phobic: phobthresh, philthresh =  -0.250  -3.000
 maximum number of atoms in a sitebox =           8
 boxes, patoms in boxes, empty boxes =       12369        5675       10281
Average phobic potential changed from  -0.767 to  -0.413 for  919 grid points

number of phobic points =  1750   average phobic score =   0.58
number of philic points =  1437   average philic score =  -4.11

number of qualifying surf grid points =      424

number of qualifying phil grid points =      212

number of qualifying phob grid points =       83

number of qualifying accptr grid points =       72

number of qualifying donor grid points =      132

number of qualifying metal grid points =        0

visgrd volume surf                                                                            
visgrd author sitemap                                                                         
visgrd property name surf                                                                            
visgrd qualifying points   2915
visgrd default map values       1       1.00      2
visgrd number of dims    3
visgrd dimensions         22        20        22
visgrd axis scales      0.700     0.700     0.700

visgrd volume hydrophil                                                                       
visgrd author sitemap                                                                         
visgrd property name phil                                                                            
visgrd qualifying points    212
visgrd default map values       1      -8.00     10
visgrd number of dims    3
visgrd dimensions         22        20        22
visgrd axis scales      0.700     0.700     0.700

visgrd volume hydrophob                                                                       
visgrd author sitemap                                                                         
visgrd property name phob                                                                            
visgrd qualifying points    288
visgrd default map values       1      -0.50     13
visgrd number of dims    3
visgrd dimensions         22        20        22
visgrd axis scales      0.700     0.700     0.700

visgrd volume hbacceptor                                                                      
visgrd author sitemap                                                                         
visgrd property name accptr                                                                          
visgrd qualifying points     72
visgrd default map values       1      -8.00     16
visgrd number of dims    3
visgrd dimensions         22        20        22
visgrd axis scales      0.700     0.700     0.700

visgrd volume hbdonor                                                                         
visgrd author sitemap                                                                         
visgrd property name donor                                                                           
visgrd qualifying points    132
visgrd default map values       1      -8.00      5
visgrd number of dims    3
visgrd dimensions         22        20        22
visgrd axis scales      0.700     0.700     0.700

-- Evaluating site  1 --
Ligand/site-points file: 
Protein coordinates/parameters file: 
extend =   3
 Verbosity flags: F F F F F
all SiteMap grid files will be read
the protein charges will be modified to reduce formal charges and adjust donor/acceptor potentials
protein radii will be modified to allow closer approach to donor and acceptor heteroatoms
phobic areas emphasize enclosed regions and deemphasize exposed regions using alternative method
site-point set will be augmented by including significant nearby points
  threshold for adding phobic points:  -0.500
  threshold for adding philic points:  -8.000
base name for SiteMap grid files: 
 Reusing grid data
reusing site data
Number of protein atoms:    5675
 
phobic grid file reshaped
philic grid file reshaped
donor grid file reshaped
acceptor grid file reshaped
metal grid file reshaped
surf grid file reshaped
 maximum number of atoms in a sitebox =           8


Number of site points    7  first shell   13  higher shells   28   dirscore   0.800
1 vdw  -1.387   phob  -0.779   phil  -1.052   donor  -0.974   acceptor  -0.077   metal   0.000
2               phob  -0.358   phil  -1.080   donor  -0.019   acceptor  -1.061   metal   0.000

SiteScore size   Dscore  volume  exposure enclosure contact  phobic   philic   balance  don/acc
  0.784    17    0.776   119.36    0.707    0.800    1.070    2.486    0.281    8.850   12.583

-- Done with site  1 --

== End SiteMap calculation ==

Wrote 1 sites to "md1_crop205_sph_out.maegz".

Current time: Sun Jan 29 09:33:20 2023
Elapsed time: 0:00:03.95
SiteMap successfully completed.

