--------------------------------------------------------------------------------
JobId          : X299-0-63d6255a
Name           : md1_crop95_coa
Program        : SiteMap
Version        : 2021-4 build 135
Host           : X299
Dir            : /mnt/3a29b482-dac1-4563-be89-d63ad92354e9/cers_modelling/md_sampling_cers_models/charmm_gui_systems/cers2_10pc_chol/sitemaps
HostEntry      : localhost
JobHost        : X299
JobDir         : /scratch/tamir/md1_crop95_coa
JobSchrodinger : /opt/schrodinger2021-4
Commandline    : /opt/schrodinger2021-4/sitemap md1_crop95_coa.in
StartTime      : 2023-01-29-09:50:50
--------------------------------------------------------------------------------

== Begin input keywords ==
ADDPHIL  -8.0
ADDPHOB  -0.5
ADDSP  True
COMPRESS  True
CUTOFF  20.0
D2THRESH  3.1
DTHRESH  6.5
DVSCALE  2.5
ENCLOSURE  0.5
EXTEND  3
FAKE  False
FFIELD  OPLS_2005
GRID  0.7
KEEPELEC  False
KEEPVDW  False
KEEPVOLPTS  True
KMAX  3
KMAX2  5
MAPDIST  4.0
MARGIN  6.0
MAXDIST  8.0
MAXSITES  1
MAXVDW  1.1
MINGROUP  3
MODCHARGES  True
MODPHOBIC  3
NEARRES  3.5
NTHRESH  3
PROT  md1_crop95.mae
R2THRESH  4.1
REPORTSIZE  10
ROUND  False
RTHRESH  5.0
VERBOSITY  0
WRITEGRIDS  False
WRITEPOT  False
WRITESTRUCTS  True
WRITEVIS  True
XCENT  56.427998542785645
XRANGE  10.0
YCENT  43.873000144958496
YRANGE  10.0
ZCENT  74.75649833679199
ZRANGE  10.0
== End input keywords ==

== Begin single-receptor SiteMap calculation ==

-- Begin site search --
 Parameters for this calculation:
 sitecut =  0.500000000000000     
 sitescmin =   1.10000000000000     
 afactor =   1.00000000000000     
 bfactor =   1.00000000000000     
 imaxsite =           8
 ithresh =           3
 mingroup =           3
 kmax =           3
 kmax2 =           5
 r2thresh =   4.10000000000000     
 dvscale =   2.50000000000000     
 dvscnorm =   2.50000000000000     
 dvscbig =   2.50000000000000     
 border =   2.00000000000000     
 dthresh =   6.50000000000000     
 rthresh =   5.00000000000000     
 maxgroup =         100
 r2thresh =   4.10000000000000     
 nthresh =           3
 ndir =         110
 use_vdw = T
 repname = none
 repsize =          10
 maxrep =           1
 sitelis = sites.lis
 profile = none
 sitelig = none
 siteasl = none
 use_sitelig =  F
 sitebox =  -999.000000000000     
 writepdb =  F
 number of protein atoms =        5675
Starting findsites:  Sunday, January 29 2023, at 09:50:53 IST
ptypes obtained:  Sunday, January 29 2023, at 09:50:54 IST
lj parameters obtained:  Sunday, January 29 2023, at 09:50:54 IST
Basic parameters obtained:  Sunday, January 29 2023, at 09:50:54 IST
Receptor parameterization completed:  Sunday, January 29 2023, at 09:50:54 IST
 scaled value of sitecut =   55.0000000000000     
 sphere directions set up         110
Sunday, January 29 2023, at 09:50:54 IST
 FINDSITE will use user-specified box
Centroid of box:  56.428  43.873  74.756
 boundaries   51.4279985427856        61.4279985427856     
   38.8730001449585        48.8730001449585        69.7564983367920     
   79.7564983367920     
 box          10          10          10
 maximum number of atoms in a sitebox =           6
Site points found:  Sunday, January 29 2023, at 09:50:54 IST
 boxes, patoms in boxes, empty boxes =         125         252          33
 total, outside sites =        1000          99
Site points pruned:  Sunday, January 29 2023, at 09:50:54 IST
final goodsites =        31
         4 sites will be removed
        27 good sites remain
Number of site groups found =     1

  Group  index  size  score     x       y       z     stdev
    1      1     27    1.51   56.43   46.30   72.37    2.65
Sites linked and merged:  Sunday, January 29 2023, at 09:50:54 IST
 Storing receptor data

Site-finding complete.
Number of sites to map/eval:  1

-- Mapping site  1 --
jobname: md1_crop95_coa_site_1
all SiteMap grid files will be generated
 philic map specified
 phobic map specified
 donor map specified
 acceptor map specified
 metal-ligation map specified
 surface-display map specified
grid margin:     6.00
grid spacing:     0.70
non-bonded cutoff:    20.00
ligand/sitepoints file: 
protein coordinates/parameters file: 
output map/grid files will be written to the current directory
vis files will be written
protein charges will be modified to reduce formal charges and adjust donor/acceptor potentials
protein radii will be modified to allow closer approach to donor and acceptor heteroatoms
phobic areas will be modified to emphasize enclosed regions and to deemphasize exposed regions using alternative method
all input instructions read
 Getting site data
ligand xcm,ycm,zcm,xrange,yrange,zrange 56.928 46.373 72.256  7.000  3.000  3.000

 Reusing receptor data from site-finding stage.

Sitemap: electrostatic+vdw interaction energy
Map field of *enzyme* in region of *inhibitor*

computing site maps ...
grid lim (orig)  47.428  66.428  38.873  53.873  64.756  79.756
grid lim (adj)   47.128  66.728  38.673  54.073  64.556  79.956
grid point counts   29   23   23
total grid points   15341

 5675 receptor atoms read
grid: adjdip
number of grid points within emin, emax limits =    12567
 maximum grid value before cutoff =               -0.160
 minimum grid value before cutoff =   -642.921

philic and phobic grids formed
grid: surf
number of grid points within emin, emax limits =     2568
 maximum grid value before cutoff =         45667966.620
 minimum grid value before cutoff =     -3.103

grid: phil
number of grid points within emin, emax limits =     1869
 maximum grid value before cutoff =         45667916.620
 minimum grid value before cutoff =    -25.680

grid: phob
number of grid points within emin, emax limits =      767
 maximum grid value before cutoff =         45667981.620
 minimum grid value before cutoff =     -1.997

mod_phobic: phobthresh, philthresh =  -0.250  -3.000
 maximum number of atoms in a sitebox =           8
 boxes, patoms in boxes, empty boxes =       10353        5675        8232
Average phobic potential changed from  -0.812 to  -0.503 for  311 grid points

number of phobic points =   417   average phobic score =   0.80
number of philic points =  1452   average philic score =  -6.66

number of qualifying surf grid points =      359

number of qualifying phil grid points =      494

number of qualifying phob grid points =       59

number of qualifying accptr grid points =      193

number of qualifying donor grid points =      283

number of qualifying metal grid points =        0

visgrd volume surf                                                                            
visgrd author sitemap                                                                         
visgrd property name surf                                                                            
visgrd qualifying points   1366
visgrd default map values       1       1.00      2
visgrd number of dims    3
visgrd dimensions         29        23        23
visgrd axis scales      0.700     0.700     0.700

visgrd volume hydrophil                                                                       
visgrd author sitemap                                                                         
visgrd property name phil                                                                            
visgrd qualifying points    494
visgrd default map values       1      -8.00     10
visgrd number of dims    3
visgrd dimensions         29        23        23
visgrd axis scales      0.700     0.700     0.700

visgrd volume hydrophob                                                                       
visgrd author sitemap                                                                         
visgrd property name phob                                                                            
visgrd qualifying points    132
visgrd default map values       1      -0.50     13
visgrd number of dims    3
visgrd dimensions         29        23        23
visgrd axis scales      0.700     0.700     0.700

visgrd volume hbacceptor                                                                      
visgrd author sitemap                                                                         
visgrd property name accptr                                                                          
visgrd qualifying points    193
visgrd default map values       1      -8.00     16
visgrd number of dims    3
visgrd dimensions         29        23        23
visgrd axis scales      0.700     0.700     0.700

visgrd volume hbdonor                                                                         
visgrd author sitemap                                                                         
visgrd property name donor                                                                           
visgrd qualifying points    283
visgrd default map values       1      -8.00      5
visgrd number of dims    3
visgrd dimensions         29        23        23
visgrd axis scales      0.700     0.700     0.700

-- Evaluating site  1 --
Ligand/site-points file: 
Protein coordinates/parameters file: 
extend =   3
 Verbosity flags: F F F F F
all SiteMap grid files will be read
the protein charges will be modified to reduce formal charges and adjust donor/acceptor potentials
protein radii will be modified to allow closer approach to donor and acceptor heteroatoms
phobic areas emphasize enclosed regions and deemphasize exposed regions using alternative method
site-point set will be augmented by including significant nearby points
  threshold for adding phobic points:  -0.500
  threshold for adding philic points:  -8.000
base name for SiteMap grid files: 
 Reusing grid data
reusing site data
Number of protein atoms:    5675
 
phobic grid file reshaped
philic grid file reshaped
donor grid file reshaped
acceptor grid file reshaped
metal grid file reshaped
surf grid file reshaped
 maximum number of atoms in a sitebox =           8


Number of site points   27  first shell   41  higher shells   59   dirscore   0.889
1 vdw  -1.583   phob  -0.354   phil  -5.108   donor  -2.487   acceptor  -2.621   metal   0.000
2               phob  -0.162   phil  -5.019   donor  -2.368   acceptor  -2.651   metal   0.000

SiteScore size   Dscore  volume  exposure enclosure contact  phobic   philic   balance  don/acc
  1.016    72    0.886   199.97    0.581    0.889    1.221    1.124    1.364    0.824    0.949

-- Done with site  1 --

== End SiteMap calculation ==

Wrote 1 sites to "md1_crop95_coa_out.maegz".

Current time: Sun Jan 29 09:50:55 2023
Elapsed time: 0:00:04.04
SiteMap successfully completed.

