--------------------------------------------------------------------------------
JobId          : X299-0-63d621e3
Name           : md1_crop25_sph
Program        : SiteMap
Version        : 2021-4 build 135
Host           : X299
Dir            : /mnt/3a29b482-dac1-4563-be89-d63ad92354e9/cers_modelling/md_sampling_cers_models/charmm_gui_systems/cers2_10pc_chol/sitemaps
HostEntry      : localhost
JobHost        : X299
JobDir         : /scratch/tamir/md1_crop25_sph
JobSchrodinger : /opt/schrodinger2021-4
Commandline    : /opt/schrodinger2021-4/sitemap md1_crop25_sph.in
StartTime      : 2023-01-29-09:36:03
--------------------------------------------------------------------------------

== Begin input keywords ==
ADDPHIL  -8.0
ADDPHOB  -0.5
ADDSP  True
COMPRESS  True
CUTOFF  20.0
D2THRESH  3.1
DTHRESH  6.5
DVSCALE  2.5
ENCLOSURE  0.5
EXTEND  3
FAKE  False
FFIELD  OPLS_2005
GRID  0.7
KEEPELEC  False
KEEPVDW  False
KEEPVOLPTS  True
KMAX  3
KMAX2  5
MAPDIST  4.0
MARGIN  6.0
MAXDIST  8.0
MAXSITES  1
MAXVDW  1.1
MINGROUP  3
MODCHARGES  True
MODPHOBIC  3
NEARRES  3.5
NTHRESH  3
PROT  md1_crop25.mae
R2THRESH  4.1
REPORTSIZE  10
ROUND  False
RTHRESH  5.0
VERBOSITY  0
WRITEGRIDS  False
WRITEPOT  False
WRITESTRUCTS  True
WRITEVIS  True
XCENT  45.30200004577637
XRANGE  10.0
YCENT  43.562002182006836
YRANGE  10.0
ZCENT  61.03899955749512
ZRANGE  10.0
== End input keywords ==

== Begin single-receptor SiteMap calculation ==

-- Begin site search --
 Parameters for this calculation:
 sitecut =  0.500000000000000     
 sitescmin =   1.10000000000000     
 afactor =   1.00000000000000     
 bfactor =   1.00000000000000     
 imaxsite =           8
 ithresh =           3
 mingroup =           3
 kmax =           3
 kmax2 =           5
 r2thresh =   4.10000000000000     
 dvscale =   2.50000000000000     
 dvscnorm =   2.50000000000000     
 dvscbig =   2.50000000000000     
 border =   2.00000000000000     
 dthresh =   6.50000000000000     
 rthresh =   5.00000000000000     
 maxgroup =         100
 r2thresh =   4.10000000000000     
 nthresh =           3
 ndir =         110
 use_vdw = T
 repname = none
 repsize =          10
 maxrep =           1
 sitelis = sites.lis
 profile = none
 sitelig = none
 siteasl = none
 use_sitelig =  F
 sitebox =  -999.000000000000     
 writepdb =  F
 number of protein atoms =        5675
Starting findsites:  Sunday, January 29 2023, at 09:36:06 IST
ptypes obtained:  Sunday, January 29 2023, at 09:36:07 IST
lj parameters obtained:  Sunday, January 29 2023, at 09:36:07 IST
Basic parameters obtained:  Sunday, January 29 2023, at 09:36:07 IST
Receptor parameterization completed:  Sunday, January 29 2023, at 09:36:07 IST
 scaled value of sitecut =   55.0000000000000     
 sphere directions set up         110
Sunday, January 29 2023, at 09:36:07 IST
 FINDSITE will use user-specified box
Centroid of box:  45.302  43.562  61.039
 boundaries   40.3020000457764        50.3020000457764     
   38.5620021820068        48.5620021820068        56.0389995574951     
   66.0389995574951     
 box          10          10          10
 maximum number of atoms in a sitebox =           6
Site points found:  Sunday, January 29 2023, at 09:36:07 IST
 boxes, patoms in boxes, empty boxes =         125         207          46
 total, outside sites =        1000         247
Site points pruned:  Sunday, January 29 2023, at 09:36:07 IST
final goodsites =        16
         3 sites will be removed
        13 good sites remain
Number of site groups found =     2

  Group  index  size  score     x       y       z     stdev
    1      2      9    1.26   46.32   42.92   58.62    1.26
    2      1      4    1.83   48.56   45.83   61.77    0.77

Inter-group relationships
     g1     g2     n1     n2    dmin    davg   spread  ratio     x1      y1      z1      x2      y2      z2
      1      2      9      4    3.00    4.84    2.02    2.39   46.32   42.92   58.62   48.56   45.83   61.77
 groups           1           2  will be considered for merger
site groups connected   47.30   44.56   60.04   2    3.00   4   4   3
                        48.30   45.56   61.04
 successful merge of groups           1           2
Number of site groups found =     1

  Group  index  size  score     x       y       z     stdev
    1      1     13    1.44   47.19   44.06   59.85    2.60
Sites linked and merged:  Sunday, January 29 2023, at 09:36:07 IST
 Storing receptor data

Site-finding complete.
Number of sites to map/eval:  1

-- Mapping site  1 --
jobname: md1_crop25_sph_site_1
all SiteMap grid files will be generated
 philic map specified
 phobic map specified
 donor map specified
 acceptor map specified
 metal-ligation map specified
 surface-display map specified
grid margin:     6.00
grid spacing:     0.70
non-bonded cutoff:    20.00
ligand/sitepoints file: 
protein coordinates/parameters file: 
output map/grid files will be written to the current directory
vis files will be written
protein charges will be modified to reduce formal charges and adjust donor/acceptor potentials
protein radii will be modified to allow closer approach to donor and acceptor heteroatoms
phobic areas will be modified to emphasize enclosed regions and to deemphasize exposed regions using alternative method
all input instructions read
 Getting site data
ligand xcm,ycm,zcm,xrange,yrange,zrange 47.302 44.562 59.539  4.000  4.000  5.000

 Reusing receptor data from site-finding stage.

Sitemap: electrostatic+vdw interaction energy
Map field of *enzyme* in region of *inhibitor*

computing site maps ...
grid lim (orig)  39.302  55.302  36.562  52.562  51.039  68.039
grid lim (adj)   39.252  55.352  36.512  52.612  50.789  68.289
grid point counts   24   24   26
total grid points   14976

 5675 receptor atoms read
grid: adjdip
number of grid points within emin, emax limits =    13236
 maximum grid value before cutoff =               -0.009
 minimum grid value before cutoff =   -563.132

philic and phobic grids formed
grid: surf
number of grid points within emin, emax limits =     2886
 maximum grid value before cutoff =         33865250.664
 minimum grid value before cutoff =     -2.650

grid: phil
number of grid points within emin, emax limits =     3530
 maximum grid value before cutoff =         33865200.664
 minimum grid value before cutoff =    -23.280

grid: phob
number of grid points within emin, emax limits =     2104
 maximum grid value before cutoff =         33865265.664
 minimum grid value before cutoff =     -2.119

mod_phobic: phobthresh, philthresh =  -0.250  -3.000
 maximum number of atoms in a sitebox =           9
 boxes, patoms in boxes, empty boxes =       10469        5675        8372
Average phobic potential changed from  -0.846 to  -0.500 for  771 grid points

number of phobic points =  1374   average phobic score =   0.66
number of philic points =  2156   average philic score =  -4.09

number of qualifying surf grid points =      546

number of qualifying phil grid points =      300

number of qualifying phob grid points =      143

number of qualifying accptr grid points =      102

number of qualifying donor grid points =      184

number of qualifying metal grid points =        0

visgrd volume surf                                                                            
visgrd author sitemap                                                                         
visgrd property name surf                                                                            
visgrd qualifying points   3110
visgrd default map values       1       1.00      2
visgrd number of dims    3
visgrd dimensions         24        24        26
visgrd axis scales      0.700     0.700     0.700

visgrd volume hydrophil                                                                       
visgrd author sitemap                                                                         
visgrd property name phil                                                                            
visgrd qualifying points    300
visgrd default map values       1      -8.00     10
visgrd number of dims    3
visgrd dimensions         24        24        26
visgrd axis scales      0.700     0.700     0.700

visgrd volume hydrophob                                                                       
visgrd author sitemap                                                                         
visgrd property name phob                                                                            
visgrd qualifying points    308
visgrd default map values       1      -0.50     13
visgrd number of dims    3
visgrd dimensions         24        24        26
visgrd axis scales      0.700     0.700     0.700

visgrd volume hbacceptor                                                                      
visgrd author sitemap                                                                         
visgrd property name accptr                                                                          
visgrd qualifying points    102
visgrd default map values       1      -8.00     16
visgrd number of dims    3
visgrd dimensions         24        24        26
visgrd axis scales      0.700     0.700     0.700

visgrd volume hbdonor                                                                         
visgrd author sitemap                                                                         
visgrd property name donor                                                                           
visgrd qualifying points    184
visgrd default map values       1      -8.00      5
visgrd number of dims    3
visgrd dimensions         24        24        26
visgrd axis scales      0.700     0.700     0.700

-- Evaluating site  1 --
Ligand/site-points file: 
Protein coordinates/parameters file: 
extend =   3
 Verbosity flags: F F F F F
all SiteMap grid files will be read
the protein charges will be modified to reduce formal charges and adjust donor/acceptor potentials
protein radii will be modified to allow closer approach to donor and acceptor heteroatoms
phobic areas emphasize enclosed regions and deemphasize exposed regions using alternative method
site-point set will be augmented by including significant nearby points
  threshold for adding phobic points:  -0.500
  threshold for adding philic points:  -8.000
base name for SiteMap grid files: 
 Reusing grid data
reusing site data
Number of protein atoms:    5675
 
phobic grid file reshaped
philic grid file reshaped
donor grid file reshaped
acceptor grid file reshaped
metal grid file reshaped
surf grid file reshaped
 maximum number of atoms in a sitebox =           9


Number of site points   13  first shell   36  higher shells   48   dirscore   0.839
1 vdw  -1.457   phob  -0.286   phil  -3.966   donor  -2.740   acceptor  -1.226   metal   0.000
2               phob  -0.142   phil  -3.554   donor  -1.018   acceptor  -2.535   metal   0.000

SiteScore size   Dscore  volume  exposure enclosure contact  phobic   philic   balance  don/acc
  0.727    25    0.628   146.80    0.771    0.839    1.124    0.984    1.059    0.930    2.234

-- Done with site  1 --

== End SiteMap calculation ==

Wrote 1 sites to "md1_crop25_sph_out.maegz".

Current time: Sun Jan 29 09:36:08 2023
Elapsed time: 0:00:04.12
SiteMap successfully completed.

