--------------------------------------------------------------------------------
JobId          : X299-0-63d62066
Name           : md1_crop137_coa
Program        : SiteMap
Version        : 2021-4 build 135
Host           : X299
Dir            : /mnt/3a29b482-dac1-4563-be89-d63ad92354e9/cers_modelling/md_sampling_cers_models/charmm_gui_systems/cers2_10pc_chol/sitemaps
HostEntry      : localhost
JobHost        : X299
JobDir         : /scratch/tamir/md1_crop137_coa
JobSchrodinger : /opt/schrodinger2021-4
Commandline    : /opt/schrodinger2021-4/sitemap md1_crop137_coa.in
StartTime      : 2023-01-29-09:29:42
--------------------------------------------------------------------------------

== Begin input keywords ==
ADDPHIL  -8.0
ADDPHOB  -0.5
ADDSP  True
COMPRESS  True
CUTOFF  20.0
D2THRESH  3.1
DTHRESH  6.5
DVSCALE  2.5
ENCLOSURE  0.5
EXTEND  3
FAKE  False
FFIELD  OPLS_2005
GRID  0.7
KEEPELEC  False
KEEPVDW  False
KEEPVOLPTS  True
KMAX  3
KMAX2  5
MAPDIST  4.0
MARGIN  6.0
MAXDIST  8.0
MAXSITES  1
MAXVDW  1.1
MINGROUP  3
MODCHARGES  True
MODPHOBIC  3
NEARRES  3.5
NTHRESH  3
PROT  md1_crop137.mae
R2THRESH  4.1
REPORTSIZE  10
ROUND  False
RTHRESH  5.0
VERBOSITY  0
WRITEGRIDS  False
WRITEPOT  False
WRITESTRUCTS  True
WRITEVIS  True
XCENT  54.215497970581055
XRANGE  10.0
YCENT  44.66549873352051
YRANGE  10.0
ZCENT  78.79850387573242
ZRANGE  10.0
== End input keywords ==

== Begin single-receptor SiteMap calculation ==

-- Begin site search --
 Parameters for this calculation:
 sitecut =  0.500000000000000     
 sitescmin =   1.10000000000000     
 afactor =   1.00000000000000     
 bfactor =   1.00000000000000     
 imaxsite =           8
 ithresh =           3
 mingroup =           3
 kmax =           3
 kmax2 =           5
 r2thresh =   4.10000000000000     
 dvscale =   2.50000000000000     
 dvscnorm =   2.50000000000000     
 dvscbig =   2.50000000000000     
 border =   2.00000000000000     
 dthresh =   6.50000000000000     
 rthresh =   5.00000000000000     
 maxgroup =         100
 r2thresh =   4.10000000000000     
 nthresh =           3
 ndir =         110
 use_vdw = T
 repname = none
 repsize =          10
 maxrep =           1
 sitelis = sites.lis
 profile = none
 sitelig = none
 siteasl = none
 use_sitelig =  F
 sitebox =  -999.000000000000     
 writepdb =  F
 number of protein atoms =        5676
Starting findsites:  Sunday, January 29 2023, at 09:29:45 IST
ptypes obtained:  Sunday, January 29 2023, at 09:29:45 IST
lj parameters obtained:  Sunday, January 29 2023, at 09:29:45 IST
Basic parameters obtained:  Sunday, January 29 2023, at 09:29:45 IST
Receptor parameterization completed:  Sunday, January 29 2023, at 09:29:45 IST
 scaled value of sitecut =   55.0000000000000     
 sphere directions set up         110
Sunday, January 29 2023, at 09:29:45 IST
 FINDSITE will use user-specified box
Centroid of box:  54.215  44.665  78.799
 boundaries   49.2154979705811        59.2154979705811     
   39.6654987335205        49.6654987335205        73.7985038757324     
   83.7985038757324     
 box          10          10          10
 maximum number of atoms in a sitebox =           6
Site points found:  Sunday, January 29 2023, at 09:29:45 IST
 boxes, patoms in boxes, empty boxes =         125         251          35
 total, outside sites =        1000         117
Site points pruned:  Sunday, January 29 2023, at 09:29:45 IST
final goodsites =        31
         4 sites will be removed
        27 good sites remain
Number of site groups found =     1

  Group  index  size  score     x       y       z     stdev
    1      1     27    1.38   53.18   47.06   76.51    2.17
Sites linked and merged:  Sunday, January 29 2023, at 09:29:45 IST
 Storing receptor data

Site-finding complete.
Number of sites to map/eval:  1

-- Mapping site  1 --
jobname: md1_crop137_coa_site_1
all SiteMap grid files will be generated
 philic map specified
 phobic map specified
 donor map specified
 acceptor map specified
 metal-ligation map specified
 surface-display map specified
grid margin:     6.00
grid spacing:     0.70
non-bonded cutoff:    20.00
ligand/sitepoints file: 
protein coordinates/parameters file: 
output map/grid files will be written to the current directory
vis files will be written
protein charges will be modified to reduce formal charges and adjust donor/acceptor potentials
protein radii will be modified to allow closer approach to donor and acceptor heteroatoms
phobic areas will be modified to emphasize enclosed regions and to deemphasize exposed regions using alternative method
all input instructions read
 Getting site data
ligand xcm,ycm,zcm,xrange,yrange,zrange 54.215 47.165 76.799  6.000  3.000  4.000

 Reusing receptor data from site-finding stage.

Sitemap: electrostatic+vdw interaction energy
Map field of *enzyme* in region of *inhibitor*

computing site maps ...
grid lim (orig)  45.215  63.215  39.665  54.665  68.799  84.799
grid lim (adj)   45.115  63.315  39.465  54.865  68.749  84.849
grid point counts   27   23   24
total grid points   14904

 5676 receptor atoms read
grid: adjdip
number of grid points within emin, emax limits =    12351
 maximum grid value before cutoff =               -0.138
 minimum grid value before cutoff =   -651.501

philic and phobic grids formed
grid: surf
number of grid points within emin, emax limits =     2791
 maximum grid value before cutoff =         42932225.047
 minimum grid value before cutoff =     -3.055

grid: phil
number of grid points within emin, emax limits =     2238
 maximum grid value before cutoff =         42932175.047
 minimum grid value before cutoff =    -26.504

grid: phob
number of grid points within emin, emax limits =      928
 maximum grid value before cutoff =         42932240.047
 minimum grid value before cutoff =     -2.218

mod_phobic: phobthresh, philthresh =  -0.250  -3.000
 maximum number of atoms in a sitebox =           9
 boxes, patoms in boxes, empty boxes =       10469        5676        8400
Average phobic potential changed from  -0.852 to  -0.543 for  315 grid points

number of phobic points =   438   average phobic score =   0.87
number of philic points =  1800   average philic score =  -5.86

number of qualifying surf grid points =      429

number of qualifying phil grid points =      462

number of qualifying phob grid points =       78

number of qualifying accptr grid points =      202

number of qualifying donor grid points =      253

number of qualifying metal grid points =        0

visgrd volume surf                                                                            
visgrd author sitemap                                                                         
visgrd property name surf                                                                            
visgrd qualifying points   1716
visgrd default map values       1       1.00      2
visgrd number of dims    3
visgrd dimensions         27        23        24
visgrd axis scales      0.700     0.700     0.700

visgrd volume hydrophil                                                                       
visgrd author sitemap                                                                         
visgrd property name phil                                                                            
visgrd qualifying points    462
visgrd default map values       1      -8.00     10
visgrd number of dims    3
visgrd dimensions         27        23        24
visgrd axis scales      0.700     0.700     0.700

visgrd volume hydrophob                                                                       
visgrd author sitemap                                                                         
visgrd property name phob                                                                            
visgrd qualifying points    137
visgrd default map values       1      -0.50     13
visgrd number of dims    3
visgrd dimensions         27        23        24
visgrd axis scales      0.700     0.700     0.700

visgrd volume hbacceptor                                                                      
visgrd author sitemap                                                                         
visgrd property name accptr                                                                          
visgrd qualifying points    202
visgrd default map values       1      -8.00     16
visgrd number of dims    3
visgrd dimensions         27        23        24
visgrd axis scales      0.700     0.700     0.700

visgrd volume hbdonor                                                                         
visgrd author sitemap                                                                         
visgrd property name donor                                                                           
visgrd qualifying points    253
visgrd default map values       1      -8.00      5
visgrd number of dims    3
visgrd dimensions         27        23        24
visgrd axis scales      0.700     0.700     0.700

-- Evaluating site  1 --
Ligand/site-points file: 
Protein coordinates/parameters file: 
extend =   3
 Verbosity flags: F F F F F
all SiteMap grid files will be read
the protein charges will be modified to reduce formal charges and adjust donor/acceptor potentials
protein radii will be modified to allow closer approach to donor and acceptor heteroatoms
phobic areas emphasize enclosed regions and deemphasize exposed regions using alternative method
site-point set will be augmented by including significant nearby points
  threshold for adding phobic points:  -0.500
  threshold for adding philic points:  -8.000
base name for SiteMap grid files: 
 Reusing grid data
reusing site data
Number of protein atoms:    5676
 
phobic grid file reshaped
philic grid file reshaped
donor grid file reshaped
acceptor grid file reshaped
metal grid file reshaped
surf grid file reshaped
 maximum number of atoms in a sitebox =           9


Number of site points   27  first shell   56  higher shells   71   dirscore   0.911
1 vdw  -1.530   phob  -0.348   phil  -4.413   donor  -1.768   acceptor  -2.645   metal   0.000
2               phob  -0.138   phil  -4.094   donor  -2.347   acceptor  -1.747   metal   0.000

SiteScore size   Dscore  volume  exposure enclosure contact  phobic   philic   balance  don/acc
  0.953    55    0.859   196.20    0.698    0.911    1.181    0.960    1.178    0.815    0.668

-- Done with site  1 --

== End SiteMap calculation ==

Wrote 1 sites to "md1_crop137_coa_out.maegz".

Current time: Sun Jan 29 09:29:47 2023
Elapsed time: 0:00:04.07
SiteMap successfully completed.

