--------------------------------------------------------------------------------
JobId          : X299-0-63d62047
Name           : md1_crop127_coa
Program        : SiteMap
Version        : 2021-4 build 135
Host           : X299
Dir            : /mnt/3a29b482-dac1-4563-be89-d63ad92354e9/cers_modelling/md_sampling_cers_models/charmm_gui_systems/cers2_10pc_chol/sitemaps
HostEntry      : localhost
JobHost        : X299
JobDir         : /scratch/tamir/md1_crop127_coa
JobSchrodinger : /opt/schrodinger2021-4
Commandline    : /opt/schrodinger2021-4/sitemap md1_crop127_coa.in
StartTime      : 2023-01-29-09:29:11
--------------------------------------------------------------------------------

== Begin input keywords ==
ADDPHIL  -8.0
ADDPHOB  -0.5
ADDSP  True
COMPRESS  True
CUTOFF  20.0
D2THRESH  3.1
DTHRESH  6.5
DVSCALE  2.5
ENCLOSURE  0.5
EXTEND  3
FAKE  False
FFIELD  OPLS_2005
GRID  0.7
KEEPELEC  False
KEEPVDW  False
KEEPVOLPTS  True
KMAX  3
KMAX2  5
MAPDIST  4.0
MARGIN  6.0
MAXDIST  8.0
MAXSITES  1
MAXVDW  1.1
MINGROUP  3
MODCHARGES  True
MODPHOBIC  3
NEARRES  3.5
NTHRESH  3
PROT  md1_crop127.mae
R2THRESH  4.1
REPORTSIZE  10
ROUND  False
RTHRESH  5.0
VERBOSITY  0
WRITEGRIDS  False
WRITEPOT  False
WRITESTRUCTS  True
WRITEVIS  True
XCENT  53.35549831390381
XRANGE  10.0
YCENT  44.78050231933594
YRANGE  10.0
ZCENT  76.82649612426758
ZRANGE  10.0
== End input keywords ==

== Begin single-receptor SiteMap calculation ==

-- Begin site search --
 Parameters for this calculation:
 sitecut =  0.500000000000000     
 sitescmin =   1.10000000000000     
 afactor =   1.00000000000000     
 bfactor =   1.00000000000000     
 imaxsite =           8
 ithresh =           3
 mingroup =           3
 kmax =           3
 kmax2 =           5
 r2thresh =   4.10000000000000     
 dvscale =   2.50000000000000     
 dvscnorm =   2.50000000000000     
 dvscbig =   2.50000000000000     
 border =   2.00000000000000     
 dthresh =   6.50000000000000     
 rthresh =   5.00000000000000     
 maxgroup =         100
 r2thresh =   4.10000000000000     
 nthresh =           3
 ndir =         110
 use_vdw = T
 repname = none
 repsize =          10
 maxrep =           1
 sitelis = sites.lis
 profile = none
 sitelig = none
 siteasl = none
 use_sitelig =  F
 sitebox =  -999.000000000000     
 writepdb =  F
 number of protein atoms =        5676
Starting findsites:  Sunday, January 29 2023, at 09:29:14 IST
ptypes obtained:  Sunday, January 29 2023, at 09:29:15 IST
lj parameters obtained:  Sunday, January 29 2023, at 09:29:15 IST
Basic parameters obtained:  Sunday, January 29 2023, at 09:29:15 IST
Receptor parameterization completed:  Sunday, January 29 2023, at 09:29:15 IST
 scaled value of sitecut =   55.0000000000000     
 sphere directions set up         110
Sunday, January 29 2023, at 09:29:15 IST
 FINDSITE will use user-specified box
Centroid of box:  53.355  44.781  76.826
 boundaries   48.3554983139038        58.3554983139038     
   39.7805023193359        49.7805023193359        71.8264961242676     
   81.8264961242676     
 box          10          10          10
 maximum number of atoms in a sitebox =           6
Site points found:  Sunday, January 29 2023, at 09:29:15 IST
 boxes, patoms in boxes, empty boxes =         125         250          34
 total, outside sites =        1000         122
Site points pruned:  Sunday, January 29 2023, at 09:29:15 IST
final goodsites =        26
         2 sites will be removed
        24 good sites remain
Number of site groups found =     1

  Group  index  size  score     x       y       z     stdev
    1      1     24    1.33   53.88   46.98   75.42    2.22
Sites linked and merged:  Sunday, January 29 2023, at 09:29:15 IST
 Storing receptor data

Site-finding complete.
Number of sites to map/eval:  1

-- Mapping site  1 --
jobname: md1_crop127_coa_site_1
all SiteMap grid files will be generated
 philic map specified
 phobic map specified
 donor map specified
 acceptor map specified
 metal-ligation map specified
 surface-display map specified
grid margin:     6.00
grid spacing:     0.70
non-bonded cutoff:    20.00
ligand/sitepoints file: 
protein coordinates/parameters file: 
output map/grid files will be written to the current directory
vis files will be written
protein charges will be modified to reduce formal charges and adjust donor/acceptor potentials
protein radii will be modified to allow closer approach to donor and acceptor heteroatoms
phobic areas will be modified to emphasize enclosed regions and to deemphasize exposed regions using alternative method
all input instructions read
 Getting site data
ligand xcm,ycm,zcm,xrange,yrange,zrange 53.855 46.781 75.326  5.000  2.000  5.000

 Reusing receptor data from site-finding stage.

Sitemap: electrostatic+vdw interaction energy
Map field of *enzyme* in region of *inhibitor*

computing site maps ...
grid lim (orig)  45.355  62.355  39.781  53.781  66.826  83.826
grid lim (adj)   45.105  62.605  39.431  54.131  66.576  84.076
grid point counts   26   22   26
total grid points   14872

 5676 receptor atoms read
grid: adjdip
number of grid points within emin, emax limits =    12490
 maximum grid value before cutoff =               -0.156
 minimum grid value before cutoff =   -674.735

philic and phobic grids formed
grid: surf
number of grid points within emin, emax limits =     2727
 maximum grid value before cutoff =         40067418.185
 minimum grid value before cutoff =     -2.979

grid: phil
number of grid points within emin, emax limits =     2673
 maximum grid value before cutoff =         40067368.185
 minimum grid value before cutoff =    -28.934

grid: phob
number of grid points within emin, emax limits =     1146
 maximum grid value before cutoff =         40067433.185
 minimum grid value before cutoff =     -2.110

mod_phobic: phobthresh, philthresh =  -0.250  -3.000
 maximum number of atoms in a sitebox =           8
 boxes, patoms in boxes, empty boxes =       11571        5676        9480
Average phobic potential changed from  -0.841 to  -0.530 for  231 grid points

number of phobic points =   351   average phobic score =   0.88
number of philic points =  2322   average philic score =  -5.80

number of qualifying surf grid points =      399

number of qualifying phil grid points =      592

number of qualifying phob grid points =       41

number of qualifying accptr grid points =      279

number of qualifying donor grid points =      307

number of qualifying metal grid points =        0

visgrd volume surf                                                                            
visgrd author sitemap                                                                         
visgrd property name surf                                                                            
visgrd qualifying points   2104
visgrd default map values       1       1.00      2
visgrd number of dims    3
visgrd dimensions         26        22        26
visgrd axis scales      0.700     0.700     0.700

visgrd volume hydrophil                                                                       
visgrd author sitemap                                                                         
visgrd property name phil                                                                            
visgrd qualifying points    592
visgrd default map values       1      -8.00     10
visgrd number of dims    3
visgrd dimensions         26        22        26
visgrd axis scales      0.700     0.700     0.700

visgrd volume hydrophob                                                                       
visgrd author sitemap                                                                         
visgrd property name phob                                                                            
visgrd qualifying points     99
visgrd default map values       1      -0.50     13
visgrd number of dims    3
visgrd dimensions         26        22        26
visgrd axis scales      0.700     0.700     0.700

visgrd volume hbacceptor                                                                      
visgrd author sitemap                                                                         
visgrd property name accptr                                                                          
visgrd qualifying points    279
visgrd default map values       1      -8.00     16
visgrd number of dims    3
visgrd dimensions         26        22        26
visgrd axis scales      0.700     0.700     0.700

visgrd volume hbdonor                                                                         
visgrd author sitemap                                                                         
visgrd property name donor                                                                           
visgrd qualifying points    307
visgrd default map values       1      -8.00      5
visgrd number of dims    3
visgrd dimensions         26        22        26
visgrd axis scales      0.700     0.700     0.700

-- Evaluating site  1 --
Ligand/site-points file: 
Protein coordinates/parameters file: 
extend =   3
 Verbosity flags: F F F F F
all SiteMap grid files will be read
the protein charges will be modified to reduce formal charges and adjust donor/acceptor potentials
protein radii will be modified to allow closer approach to donor and acceptor heteroatoms
phobic areas emphasize enclosed regions and deemphasize exposed regions using alternative method
site-point set will be augmented by including significant nearby points
  threshold for adding phobic points:  -0.500
  threshold for adding philic points:  -8.000
base name for SiteMap grid files: 
 Reusing grid data
reusing site data
Number of protein atoms:    5676
 
phobic grid file reshaped
philic grid file reshaped
donor grid file reshaped
acceptor grid file reshaped
metal grid file reshaped
surf grid file reshaped
 maximum number of atoms in a sitebox =           8


Number of site points   24  first shell   47  higher shells   73   dirscore   0.902
1 vdw  -1.464   phob  -0.178   phil  -5.261   donor  -2.316   acceptor  -2.945   metal   0.000
2               phob  -0.049   phil  -5.087   donor  -2.646   acceptor  -2.441   metal   0.000

SiteScore size   Dscore  volume  exposure enclosure contact  phobic   philic   balance  don/acc
  0.911    48    0.734   244.22    0.714    0.902    1.130    0.341    1.405    0.243    0.786

-- Done with site  1 --

== End SiteMap calculation ==

Wrote 1 sites to "md1_crop127_coa_out.maegz".

Current time: Sun Jan 29 09:29:16 2023
Elapsed time: 0:00:04.20
SiteMap successfully completed.

