--------------------------------------------------------------------------------
JobId          : X299-0-63d6240c
Name           : md1_crop438_sph
Program        : SiteMap
Version        : 2021-4 build 135
Host           : X299
Dir            : /mnt/3a29b482-dac1-4563-be89-d63ad92354e9/cers_modelling/md_sampling_cers_models/charmm_gui_systems/cers2_10pc_chol/sitemaps
HostEntry      : localhost
JobHost        : X299
JobDir         : /scratch/tamir/md1_crop438_sph
JobSchrodinger : /opt/schrodinger2021-4
Commandline    : /opt/schrodinger2021-4/sitemap md1_crop438_sph.in
StartTime      : 2023-01-29-09:45:17
--------------------------------------------------------------------------------

== Begin input keywords ==
ADDPHIL  -8.0
ADDPHOB  -0.5
ADDSP  True
COMPRESS  True
CUTOFF  20.0
D2THRESH  3.1
DTHRESH  6.5
DVSCALE  2.5
ENCLOSURE  0.5
EXTEND  3
FAKE  False
FFIELD  OPLS_2005
GRID  0.7
KEEPELEC  False
KEEPVDW  False
KEEPVOLPTS  True
KMAX  3
KMAX2  5
MAPDIST  4.0
MARGIN  6.0
MAXDIST  8.0
MAXSITES  1
MAXVDW  1.1
MINGROUP  3
MODCHARGES  True
MODPHOBIC  3
NEARRES  3.5
NTHRESH  3
PROT  md1_crop438.mae
R2THRESH  4.1
REPORTSIZE  10
ROUND  False
RTHRESH  5.0
VERBOSITY  0
WRITEGRIDS  False
WRITEPOT  False
WRITESTRUCTS  True
WRITEVIS  True
XCENT  43.65300178527832
XRANGE  10.0
YCENT  43.05799961090088
YRANGE  10.0
ZCENT  61.49900436401367
ZRANGE  10.0
== End input keywords ==

== Begin single-receptor SiteMap calculation ==

-- Begin site search --
 Parameters for this calculation:
 sitecut =  0.500000000000000     
 sitescmin =   1.10000000000000     
 afactor =   1.00000000000000     
 bfactor =   1.00000000000000     
 imaxsite =           8
 ithresh =           3
 mingroup =           3
 kmax =           3
 kmax2 =           5
 r2thresh =   4.10000000000000     
 dvscale =   2.50000000000000     
 dvscnorm =   2.50000000000000     
 dvscbig =   2.50000000000000     
 border =   2.00000000000000     
 dthresh =   6.50000000000000     
 rthresh =   5.00000000000000     
 maxgroup =         100
 r2thresh =   4.10000000000000     
 nthresh =           3
 ndir =         110
 use_vdw = T
 repname = none
 repsize =          10
 maxrep =           1
 sitelis = sites.lis
 profile = none
 sitelig = none
 siteasl = none
 use_sitelig =  F
 sitebox =  -999.000000000000     
 writepdb =  F
 number of protein atoms =        5674
Starting findsites:  Sunday, January 29 2023, at 09:45:20 IST
ptypes obtained:  Sunday, January 29 2023, at 09:45:20 IST
lj parameters obtained:  Sunday, January 29 2023, at 09:45:20 IST
Basic parameters obtained:  Sunday, January 29 2023, at 09:45:20 IST
Receptor parameterization completed:  Sunday, January 29 2023, at 09:45:20 IST
 scaled value of sitecut =   55.0000000000000     
 sphere directions set up         110
Sunday, January 29 2023, at 09:45:20 IST
 FINDSITE will use user-specified box
Centroid of box:  43.653  43.058  61.499
 boundaries   38.6530017852783        48.6530017852783     
   38.0579996109009        48.0579996109009        56.4990043640137     
   66.4990043640137     
 box          10          10          10
 maximum number of atoms in a sitebox =           7
Site points found:  Sunday, January 29 2023, at 09:45:20 IST
 boxes, patoms in boxes, empty boxes =         125         206          51
 total, outside sites =        1000         307
Site points pruned:  Sunday, January 29 2023, at 09:45:20 IST
final goodsites =         8
         7 sites will be removed
         1 good sites remain
Number of site groups found =     1

  Group  index  size  score     x       y       z     stdev
    1      1      1    1.34   45.65   44.06   60.50    0.00
Sites linked and merged:  Sunday, January 29 2023, at 09:45:20 IST
 Storing receptor data

Site-finding complete.
Number of sites to map/eval:  1

-- Mapping site  1 --
jobname: md1_crop438_sph_site_1
all SiteMap grid files will be generated
 philic map specified
 phobic map specified
 donor map specified
 acceptor map specified
 metal-ligation map specified
 surface-display map specified
grid margin:     6.00
grid spacing:     0.70
non-bonded cutoff:    20.00
ligand/sitepoints file: 
protein coordinates/parameters file: 
output map/grid files will be written to the current directory
vis files will be written
protein charges will be modified to reduce formal charges and adjust donor/acceptor potentials
protein radii will be modified to allow closer approach to donor and acceptor heteroatoms
phobic areas will be modified to emphasize enclosed regions and to deemphasize exposed regions using alternative method
all input instructions read
 Getting site data
ligand xcm,ycm,zcm,xrange,yrange,zrange  0.000  0.000  0.000  0.000  0.000  0.000

 Reusing receptor data from site-finding stage.

Sitemap: electrostatic+vdw interaction energy
Map field of *enzyme* in region of *inhibitor*

computing site maps ...
grid lim (orig)  39.653  51.653  38.058  50.058  54.499  66.499
grid lim (adj)   39.353  51.953  37.758  50.358  54.199  66.799
grid point counts   19   19   19
total grid points    6859

 5674 receptor atoms read
grid: adjdip
number of grid points within emin, emax limits =     6148
 maximum grid value before cutoff =               -0.037
 minimum grid value before cutoff =   -503.977

philic and phobic grids formed
grid: surf
number of grid points within emin, emax limits =     1343
 maximum grid value before cutoff =         41533521.618
 minimum grid value before cutoff =     -2.408

grid: phil
number of grid points within emin, emax limits =     1818
 maximum grid value before cutoff =         41533471.618
 minimum grid value before cutoff =    -19.665

grid: phob
number of grid points within emin, emax limits =     1141
 maximum grid value before cutoff =         41533536.618
 minimum grid value before cutoff =     -1.905

mod_phobic: phobthresh, philthresh =  -0.250  -3.000
 maximum number of atoms in a sitebox =          10
 boxes, patoms in boxes, empty boxes =       11191        5674        9119
Average phobic potential changed from  -0.757 to  -0.424 for  517 grid points

number of phobic points =   851   average phobic score =   0.68
number of philic points =   967   average philic score =  -5.60

number of qualifying surf grid points =      265

number of qualifying phil grid points =      250

number of qualifying phob grid points =       47

number of qualifying accptr grid points =       80

number of qualifying donor grid points =      165

number of qualifying metal grid points =        0

visgrd volume surf                                                                            
visgrd author sitemap                                                                         
visgrd property name surf                                                                            
visgrd qualifying points   1605
visgrd default map values       1       1.00      2
visgrd number of dims    3
visgrd dimensions         19        19        19
visgrd axis scales      0.700     0.700     0.700

visgrd volume hydrophil                                                                       
visgrd author sitemap                                                                         
visgrd property name phil                                                                            
visgrd qualifying points    250
visgrd default map values       1      -8.00     10
visgrd number of dims    3
visgrd dimensions         19        19        19
visgrd axis scales      0.700     0.700     0.700

visgrd volume hydrophob                                                                       
visgrd author sitemap                                                                         
visgrd property name phob                                                                            
visgrd qualifying points    153
visgrd default map values       1      -0.50     13
visgrd number of dims    3
visgrd dimensions         19        19        19
visgrd axis scales      0.700     0.700     0.700

visgrd volume hbacceptor                                                                      
visgrd author sitemap                                                                         
visgrd property name accptr                                                                          
visgrd qualifying points     80
visgrd default map values       1      -8.00     16
visgrd number of dims    3
visgrd dimensions         19        19        19
visgrd axis scales      0.700     0.700     0.700

visgrd volume hbdonor                                                                         
visgrd author sitemap                                                                         
visgrd property name donor                                                                           
visgrd qualifying points    165
visgrd default map values       1      -8.00      5
visgrd number of dims    3
visgrd dimensions         19        19        19
visgrd axis scales      0.700     0.700     0.700

-- Evaluating site  1 --
Ligand/site-points file: 
Protein coordinates/parameters file: 
extend =   3
 Verbosity flags: F F F F F
all SiteMap grid files will be read
the protein charges will be modified to reduce formal charges and adjust donor/acceptor potentials
protein radii will be modified to allow closer approach to donor and acceptor heteroatoms
phobic areas emphasize enclosed regions and deemphasize exposed regions using alternative method
site-point set will be augmented by including significant nearby points
  threshold for adding phobic points:  -0.500
  threshold for adding philic points:  -8.000
base name for SiteMap grid files: 
 Reusing grid data
reusing site data
Number of protein atoms:    5674
 
phobic grid file reshaped
philic grid file reshaped
donor grid file reshaped
acceptor grid file reshaped
metal grid file reshaped
surf grid file reshaped
 maximum number of atoms in a sitebox =          10


Number of site points    1  first shell    9  higher shells   33   dirscore   0.823
1 vdw  -1.401   phob  -0.703   phil  -1.446   donor  -1.168   acceptor  -0.278   metal   0.000
2               phob  -0.371   phil  -1.027   donor  -0.119   acceptor  -0.908   metal   0.000

SiteScore size   Dscore  volume  exposure enclosure contact  phobic   philic   balance  don/acc
  0.760    15    0.732    93.30    0.737    0.823    1.081    2.575    0.386    6.669    4.193

-- Done with site  1 --

== End SiteMap calculation ==

Wrote 1 sites to "md1_crop438_sph_out.maegz".

Current time: Sun Jan 29 09:45:21 2023
Elapsed time: 0:00:03.60
SiteMap successfully completed.

