--------------------------------------------------------------------------------
JobId          : X299-0-63d6215a
Name           : md1_crop215_sph
Program        : SiteMap
Version        : 2021-4 build 135
Host           : X299
Dir            : /mnt/3a29b482-dac1-4563-be89-d63ad92354e9/cers_modelling/md_sampling_cers_models/charmm_gui_systems/cers2_10pc_chol/sitemaps
HostEntry      : localhost
JobHost        : X299
JobDir         : /scratch/tamir/md1_crop215_sph
JobSchrodinger : /opt/schrodinger2021-4
Commandline    : /opt/schrodinger2021-4/sitemap md1_crop215_sph.in
StartTime      : 2023-01-29-09:33:46
--------------------------------------------------------------------------------

== Begin input keywords ==
ADDPHIL  -8.0
ADDPHOB  -0.5
ADDSP  True
COMPRESS  True
CUTOFF  20.0
D2THRESH  3.1
DTHRESH  6.5
DVSCALE  2.5
ENCLOSURE  0.5
EXTEND  3
FAKE  False
FFIELD  OPLS_2005
GRID  0.7
KEEPELEC  False
KEEPVDW  False
KEEPVOLPTS  True
KMAX  3
KMAX2  5
MAPDIST  4.0
MARGIN  6.0
MAXDIST  8.0
MAXSITES  1
MAXVDW  1.1
MINGROUP  3
MODCHARGES  True
MODPHOBIC  3
NEARRES  3.5
NTHRESH  3
PROT  md1_crop215.mae
R2THRESH  4.1
REPORTSIZE  10
ROUND  False
RTHRESH  5.0
VERBOSITY  0
WRITEGRIDS  False
WRITEPOT  False
WRITESTRUCTS  True
WRITEVIS  True
XCENT  44.056997299194336
XRANGE  10.0
YCENT  44.04200077056885
YRANGE  10.0
ZCENT  59.739999771118164
ZRANGE  10.0
== End input keywords ==

== Begin single-receptor SiteMap calculation ==

-- Begin site search --
 Parameters for this calculation:
 sitecut =  0.500000000000000     
 sitescmin =   1.10000000000000     
 afactor =   1.00000000000000     
 bfactor =   1.00000000000000     
 imaxsite =           8
 ithresh =           3
 mingroup =           3
 kmax =           3
 kmax2 =           5
 r2thresh =   4.10000000000000     
 dvscale =   2.50000000000000     
 dvscnorm =   2.50000000000000     
 dvscbig =   2.50000000000000     
 border =   2.00000000000000     
 dthresh =   6.50000000000000     
 rthresh =   5.00000000000000     
 maxgroup =         100
 r2thresh =   4.10000000000000     
 nthresh =           3
 ndir =         110
 use_vdw = T
 repname = none
 repsize =          10
 maxrep =           1
 sitelis = sites.lis
 profile = none
 sitelig = none
 siteasl = none
 use_sitelig =  F
 sitebox =  -999.000000000000     
 writepdb =  F
 number of protein atoms =        5675
Starting findsites:  Sunday, January 29 2023, at 09:33:49 IST
ptypes obtained:  Sunday, January 29 2023, at 09:33:50 IST
lj parameters obtained:  Sunday, January 29 2023, at 09:33:50 IST
Basic parameters obtained:  Sunday, January 29 2023, at 09:33:50 IST
Receptor parameterization completed:  Sunday, January 29 2023, at 09:33:50 IST
 scaled value of sitecut =   55.0000000000000     
 sphere directions set up         110
Sunday, January 29 2023, at 09:33:50 IST
 FINDSITE will use user-specified box
Centroid of box:  44.057  44.042  59.740
 boundaries   39.0569972991943        49.0569972991943     
   39.0420007705688        49.0420007705688        54.7399997711182     
   64.7399997711182     
 box          10          10          10
 maximum number of atoms in a sitebox =           6
Site points found:  Sunday, January 29 2023, at 09:33:50 IST
 boxes, patoms in boxes, empty boxes =         125         205          50
 total, outside sites =        1000         203
Site points pruned:  Sunday, January 29 2023, at 09:33:50 IST
final goodsites =        22
         1 sites will be removed
        21 good sites remain
Number of site groups found =     1

  Group  index  size  score     x       y       z     stdev
    1      1     21    1.47   44.73   43.23   58.08    1.84
Sites linked and merged:  Sunday, January 29 2023, at 09:33:50 IST
 Storing receptor data

Site-finding complete.
Number of sites to map/eval:  1

-- Mapping site  1 --
jobname: md1_crop215_sph_site_1
all SiteMap grid files will be generated
 philic map specified
 phobic map specified
 donor map specified
 acceptor map specified
 metal-ligation map specified
 surface-display map specified
grid margin:     6.00
grid spacing:     0.70
non-bonded cutoff:    20.00
ligand/sitepoints file: 
protein coordinates/parameters file: 
output map/grid files will be written to the current directory
vis files will be written
protein charges will be modified to reduce formal charges and adjust donor/acceptor potentials
protein radii will be modified to allow closer approach to donor and acceptor heteroatoms
phobic areas will be modified to emphasize enclosed regions and to deemphasize exposed regions using alternative method
all input instructions read
 Getting site data
ligand xcm,ycm,zcm,xrange,yrange,zrange 45.057 43.042 58.740  4.000  2.000  4.000

 Reusing receptor data from site-finding stage.

Sitemap: electrostatic+vdw interaction energy
Map field of *enzyme* in region of *inhibitor*

computing site maps ...
grid lim (orig)  37.057  53.057  36.042  50.042  50.740  66.740
grid lim (adj)   37.007  53.107  35.692  50.392  50.690  66.790
grid point counts   24   22   24
total grid points   12672

 5675 receptor atoms read
grid: adjdip
number of grid points within emin, emax limits =    11421
 maximum grid value before cutoff =               -0.040
 minimum grid value before cutoff =   -557.957

philic and phobic grids formed
grid: surf
number of grid points within emin, emax limits =     2421
 maximum grid value before cutoff =         37953975.679
 minimum grid value before cutoff =     -2.680

grid: phil
number of grid points within emin, emax limits =     3639
 maximum grid value before cutoff =         37953925.679
 minimum grid value before cutoff =    -21.722

grid: phob
number of grid points within emin, emax limits =     2728
 maximum grid value before cutoff =         37953990.679
 minimum grid value before cutoff =     -2.283

mod_phobic: phobthresh, philthresh =  -0.250  -3.000
 maximum number of atoms in a sitebox =           8
 boxes, patoms in boxes, empty boxes =       11191        5675        9081
Average phobic potential changed from  -0.805 to  -0.447 for 1008 grid points

number of phobic points =  2215   average phobic score =   0.54
number of philic points =  1424   average philic score =  -4.38

number of qualifying surf grid points =      466

number of qualifying phil grid points =      240

number of qualifying phob grid points =      168

number of qualifying accptr grid points =       84

number of qualifying donor grid points =      146

number of qualifying metal grid points =        0

visgrd volume surf                                                                            
visgrd author sitemap                                                                         
visgrd property name surf                                                                            
visgrd qualifying points   3342
visgrd default map values       1       1.00      2
visgrd number of dims    3
visgrd dimensions         24        22        24
visgrd axis scales      0.700     0.700     0.700

visgrd volume hydrophil                                                                       
visgrd author sitemap                                                                         
visgrd property name phil                                                                            
visgrd qualifying points    240
visgrd default map values       1      -8.00     10
visgrd number of dims    3
visgrd dimensions         24        22        24
visgrd axis scales      0.700     0.700     0.700

visgrd volume hydrophob                                                                       
visgrd author sitemap                                                                         
visgrd property name phob                                                                            
visgrd qualifying points    353
visgrd default map values       1      -0.50     13
visgrd number of dims    3
visgrd dimensions         24        22        24
visgrd axis scales      0.700     0.700     0.700

visgrd volume hbacceptor                                                                      
visgrd author sitemap                                                                         
visgrd property name accptr                                                                          
visgrd qualifying points     84
visgrd default map values       1      -8.00     16
visgrd number of dims    3
visgrd dimensions         24        22        24
visgrd axis scales      0.700     0.700     0.700

visgrd volume hbdonor                                                                         
visgrd author sitemap                                                                         
visgrd property name donor                                                                           
visgrd qualifying points    146
visgrd default map values       1      -8.00      5
visgrd number of dims    3
visgrd dimensions         24        22        24
visgrd axis scales      0.700     0.700     0.700

-- Evaluating site  1 --
Ligand/site-points file: 
Protein coordinates/parameters file: 
extend =   3
 Verbosity flags: F F F F F
all SiteMap grid files will be read
the protein charges will be modified to reduce formal charges and adjust donor/acceptor potentials
protein radii will be modified to allow closer approach to donor and acceptor heteroatoms
phobic areas emphasize enclosed regions and deemphasize exposed regions using alternative method
site-point set will be augmented by including significant nearby points
  threshold for adding phobic points:  -0.500
  threshold for adding philic points:  -8.000
base name for SiteMap grid files: 
 Reusing grid data
reusing site data
Number of protein atoms:    5675
 
phobic grid file reshaped
philic grid file reshaped
donor grid file reshaped
acceptor grid file reshaped
metal grid file reshaped
surf grid file reshaped
 maximum number of atoms in a sitebox =           8


Number of site points   21  first shell   23  higher shells   49   dirscore   0.846
1 vdw  -1.438   phob  -0.692   phil  -2.492   donor  -0.608   acceptor  -1.885   metal   0.000
2               phob  -0.336   phil  -2.379   donor  -1.453   acceptor  -0.926   metal   0.000

SiteScore size   Dscore  volume  exposure enclosure contact  phobic   philic   balance  don/acc
  0.940    47    0.935   130.34    0.605    0.846    1.110    2.336    0.665    3.511    0.322

-- Done with site  1 --

== End SiteMap calculation ==

Wrote 1 sites to "md1_crop215_sph_out.maegz".

Current time: Sun Jan 29 09:33:51 2023
Elapsed time: 0:00:04.20
SiteMap successfully completed.

