--------------------------------------------------------------------------------
JobId          : X299-1-63d6231e
Name           : md1_crop361_coa
Program        : SiteMap
Version        : 2021-4 build 135
Host           : X299
Dir            : /mnt/3a29b482-dac1-4563-be89-d63ad92354e9/cers_modelling/md_sampling_cers_models/charmm_gui_systems/cers2_10pc_chol/sitemaps
HostEntry      : localhost
JobHost        : X299
JobDir         : /scratch/tamir/md1_crop361_coa
JobSchrodinger : /opt/schrodinger2021-4
Commandline    : /opt/schrodinger2021-4/sitemap md1_crop361_coa.in
StartTime      : 2023-01-29-09:41:19
--------------------------------------------------------------------------------

== Begin input keywords ==
ADDPHIL  -8.0
ADDPHOB  -0.5
ADDSP  True
COMPRESS  True
CUTOFF  20.0
D2THRESH  3.1
DTHRESH  6.5
DVSCALE  2.5
ENCLOSURE  0.5
EXTEND  3
FAKE  False
FFIELD  OPLS_2005
GRID  0.7
KEEPELEC  False
KEEPVDW  False
KEEPVOLPTS  True
KMAX  3
KMAX2  5
MAPDIST  4.0
MARGIN  6.0
MAXDIST  8.0
MAXSITES  1
MAXVDW  1.1
MINGROUP  3
MODCHARGES  True
MODPHOBIC  3
NEARRES  3.5
NTHRESH  3
PROT  md1_crop361.mae
R2THRESH  4.1
REPORTSIZE  10
ROUND  False
RTHRESH  5.0
VERBOSITY  0
WRITEGRIDS  False
WRITEPOT  False
WRITESTRUCTS  True
WRITEVIS  True
XCENT  58.38749885559082
XRANGE  10.0
YCENT  44.49749946594238
YRANGE  10.0
ZCENT  75.44249534606934
ZRANGE  10.0
== End input keywords ==

== Begin single-receptor SiteMap calculation ==

-- Begin site search --
 Parameters for this calculation:
 sitecut =  0.500000000000000     
 sitescmin =   1.10000000000000     
 afactor =   1.00000000000000     
 bfactor =   1.00000000000000     
 imaxsite =           8
 ithresh =           3
 mingroup =           3
 kmax =           3
 kmax2 =           5
 r2thresh =   4.10000000000000     
 dvscale =   2.50000000000000     
 dvscnorm =   2.50000000000000     
 dvscbig =   2.50000000000000     
 border =   2.00000000000000     
 dthresh =   6.50000000000000     
 rthresh =   5.00000000000000     
 maxgroup =         100
 r2thresh =   4.10000000000000     
 nthresh =           3
 ndir =         110
 use_vdw = T
 repname = none
 repsize =          10
 maxrep =           1
 sitelis = sites.lis
 profile = none
 sitelig = none
 siteasl = none
 use_sitelig =  F
 sitebox =  -999.000000000000     
 writepdb =  F
 number of protein atoms =        5675
Starting findsites:  Sunday, January 29 2023, at 09:41:22 IST
ptypes obtained:  Sunday, January 29 2023, at 09:41:22 IST
lj parameters obtained:  Sunday, January 29 2023, at 09:41:22 IST
Basic parameters obtained:  Sunday, January 29 2023, at 09:41:22 IST
Receptor parameterization completed:  Sunday, January 29 2023, at 09:41:22 IST
 scaled value of sitecut =   55.0000000000000     
 sphere directions set up         110
Sunday, January 29 2023, at 09:41:22 IST
 FINDSITE will use user-specified box
Centroid of box:  58.387  44.497  75.442
 boundaries   53.3874988555908        63.3874988555908     
   39.4974994659424        49.4974994659424        70.4424953460693     
   80.4424953460693     
 box          10          10          10
 maximum number of atoms in a sitebox =           6
Site points found:  Sunday, January 29 2023, at 09:41:22 IST
 boxes, patoms in boxes, empty boxes =         125         256          33
 total, outside sites =        1000          96
Site points pruned:  Sunday, January 29 2023, at 09:41:22 IST
final goodsites =        22
         5 sites will be removed
        17 good sites remain
Number of site groups found =     1

  Group  index  size  score     x       y       z     stdev
    1      1     17    1.53   57.31   46.42   72.98    1.57
Sites linked and merged:  Sunday, January 29 2023, at 09:41:22 IST
 Storing receptor data

Site-finding complete.
Number of sites to map/eval:  1

-- Mapping site  1 --
jobname: md1_crop361_coa_site_1
all SiteMap grid files will be generated
 philic map specified
 phobic map specified
 donor map specified
 acceptor map specified
 metal-ligation map specified
 surface-display map specified
grid margin:     6.00
grid spacing:     0.70
non-bonded cutoff:    20.00
ligand/sitepoints file: 
protein coordinates/parameters file: 
output map/grid files will be written to the current directory
vis files will be written
protein charges will be modified to reduce formal charges and adjust donor/acceptor potentials
protein radii will be modified to allow closer approach to donor and acceptor heteroatoms
phobic areas will be modified to emphasize enclosed regions and to deemphasize exposed regions using alternative method
all input instructions read
 Getting site data
ligand xcm,ycm,zcm,xrange,yrange,zrange 57.387 46.497 73.442  4.000  2.000  4.000

 Reusing receptor data from site-finding stage.

Sitemap: electrostatic+vdw interaction energy
Map field of *enzyme* in region of *inhibitor*

computing site maps ...
grid lim (orig)  49.387  65.387  39.497  53.497  65.442  81.442
grid lim (adj)   49.337  65.437  39.147  53.847  65.392  81.492
grid point counts   24   22   24
total grid points   12672

 5675 receptor atoms read
grid: adjdip
number of grid points within emin, emax limits =    10270
 maximum grid value before cutoff =               -0.380
 minimum grid value before cutoff =   -591.911

philic and phobic grids formed
grid: surf
number of grid points within emin, emax limits =     2376
 maximum grid value before cutoff =         41905627.900
 minimum grid value before cutoff =     -3.183

grid: phil
number of grid points within emin, emax limits =     1727
 maximum grid value before cutoff =         41905577.900
 minimum grid value before cutoff =    -28.120

grid: phob
number of grid points within emin, emax limits =      655
 maximum grid value before cutoff =         41905642.900
 minimum grid value before cutoff =     -1.824

mod_phobic: phobthresh, philthresh =  -0.250  -3.000
 maximum number of atoms in a sitebox =           9
 boxes, patoms in boxes, empty boxes =       11913        5675        9800
Average phobic potential changed from  -0.975 to  -0.698 for  202 grid points

number of phobic points =   297   average phobic score =   0.96
number of philic points =  1430   average philic score =  -6.30

number of qualifying surf grid points =      360

number of qualifying phil grid points =      439

number of qualifying phob grid points =       89

number of qualifying accptr grid points =      195

number of qualifying donor grid points =      239

number of qualifying metal grid points =        0

visgrd volume surf                                                                            
visgrd author sitemap                                                                         
visgrd property name surf                                                                            
visgrd qualifying points   1261
visgrd default map values       1       1.00      2
visgrd number of dims    3
visgrd dimensions         24        22        24
visgrd axis scales      0.700     0.700     0.700

visgrd volume hydrophil                                                                       
visgrd author sitemap                                                                         
visgrd property name phil                                                                            
visgrd qualifying points    439
visgrd default map values       1      -8.00     10
visgrd number of dims    3
visgrd dimensions         24        22        24
visgrd axis scales      0.700     0.700     0.700

visgrd volume hydrophob                                                                       
visgrd author sitemap                                                                         
visgrd property name phob                                                                            
visgrd qualifying points    137
visgrd default map values       1      -0.50     13
visgrd number of dims    3
visgrd dimensions         24        22        24
visgrd axis scales      0.700     0.700     0.700

visgrd volume hbacceptor                                                                      
visgrd author sitemap                                                                         
visgrd property name accptr                                                                          
visgrd qualifying points    195
visgrd default map values       1      -8.00     16
visgrd number of dims    3
visgrd dimensions         24        22        24
visgrd axis scales      0.700     0.700     0.700

visgrd volume hbdonor                                                                         
visgrd author sitemap                                                                         
visgrd property name donor                                                                           
visgrd qualifying points    239
visgrd default map values       1      -8.00      5
visgrd number of dims    3
visgrd dimensions         24        22        24
visgrd axis scales      0.700     0.700     0.700

-- Evaluating site  1 --
Ligand/site-points file: 
Protein coordinates/parameters file: 
extend =   3
 Verbosity flags: F F F F F
all SiteMap grid files will be read
the protein charges will be modified to reduce formal charges and adjust donor/acceptor potentials
protein radii will be modified to allow closer approach to donor and acceptor heteroatoms
phobic areas emphasize enclosed regions and deemphasize exposed regions using alternative method
site-point set will be augmented by including significant nearby points
  threshold for adding phobic points:  -0.500
  threshold for adding philic points:  -8.000
base name for SiteMap grid files: 
 Reusing grid data
reusing site data
Number of protein atoms:    5675
 
phobic grid file reshaped
philic grid file reshaped
donor grid file reshaped
acceptor grid file reshaped
metal grid file reshaped
surf grid file reshaped
 maximum number of atoms in a sitebox =           9


Number of site points   17  first shell   36  higher shells   44   dirscore   0.928
1 vdw  -1.571   phob  -0.280   phil  -4.976   donor  -2.182   acceptor  -2.793   metal   0.000
2               phob  -0.131   phil  -4.559   donor  -2.438   acceptor  -2.121   metal   0.000

SiteScore size   Dscore  volume  exposure enclosure contact  phobic   philic   balance  don/acc
  0.896    42    0.733   135.83    0.656    0.928    1.213    0.910    1.329    0.685    0.781

-- Done with site  1 --

== End SiteMap calculation ==

Wrote 1 sites to "md1_crop361_coa_out.maegz".

Current time: Sun Jan 29 09:41:23 2023
Elapsed time: 0:00:03.77
SiteMap successfully completed.

