--------------------------------------------------------------------------------
JobId          : X299-0-63d62357
Name           : md1_crop37_sph
Program        : SiteMap
Version        : 2021-4 build 135
Host           : X299
Dir            : /mnt/3a29b482-dac1-4563-be89-d63ad92354e9/cers_modelling/md_sampling_cers_models/charmm_gui_systems/cers2_10pc_chol/sitemaps
HostEntry      : localhost
JobHost        : X299
JobDir         : /scratch/tamir/md1_crop37_sph
JobSchrodinger : /opt/schrodinger2021-4
Commandline    : /opt/schrodinger2021-4/sitemap md1_crop37_sph.in
StartTime      : 2023-01-29-09:42:16
--------------------------------------------------------------------------------

== Begin input keywords ==
ADDPHIL  -8.0
ADDPHOB  -0.5
ADDSP  True
COMPRESS  True
CUTOFF  20.0
D2THRESH  3.1
DTHRESH  6.5
DVSCALE  2.5
ENCLOSURE  0.5
EXTEND  3
FAKE  False
FFIELD  OPLS_2005
GRID  0.7
KEEPELEC  False
KEEPVDW  False
KEEPVOLPTS  True
KMAX  3
KMAX2  5
MAPDIST  4.0
MARGIN  6.0
MAXDIST  8.0
MAXSITES  1
MAXVDW  1.1
MINGROUP  3
MODCHARGES  True
MODPHOBIC  3
NEARRES  3.5
NTHRESH  3
PROT  md1_crop37.mae
R2THRESH  4.1
REPORTSIZE  10
ROUND  False
RTHRESH  5.0
VERBOSITY  0
WRITEGRIDS  False
WRITEPOT  False
WRITESTRUCTS  True
WRITEVIS  True
XCENT  43.677000999450684
XRANGE  10.0
YCENT  43.33199977874756
YRANGE  10.0
ZCENT  63.54299545288086
ZRANGE  10.0
== End input keywords ==

== Begin single-receptor SiteMap calculation ==

-- Begin site search --
 Parameters for this calculation:
 sitecut =  0.500000000000000     
 sitescmin =   1.10000000000000     
 afactor =   1.00000000000000     
 bfactor =   1.00000000000000     
 imaxsite =           8
 ithresh =           3
 mingroup =           3
 kmax =           3
 kmax2 =           5
 r2thresh =   4.10000000000000     
 dvscale =   2.50000000000000     
 dvscnorm =   2.50000000000000     
 dvscbig =   2.50000000000000     
 border =   2.00000000000000     
 dthresh =   6.50000000000000     
 rthresh =   5.00000000000000     
 maxgroup =         100
 r2thresh =   4.10000000000000     
 nthresh =           3
 ndir =         110
 use_vdw = T
 repname = none
 repsize =          10
 maxrep =           1
 sitelis = sites.lis
 profile = none
 sitelig = none
 siteasl = none
 use_sitelig =  F
 sitebox =  -999.000000000000     
 writepdb =  F
 number of protein atoms =        5674
Starting findsites:  Sunday, January 29 2023, at 09:42:18 IST
ptypes obtained:  Sunday, January 29 2023, at 09:42:19 IST
lj parameters obtained:  Sunday, January 29 2023, at 09:42:19 IST
Basic parameters obtained:  Sunday, January 29 2023, at 09:42:19 IST
Receptor parameterization completed:  Sunday, January 29 2023, at 09:42:19 IST
 scaled value of sitecut =   55.0000000000000     
 sphere directions set up         110
Sunday, January 29 2023, at 09:42:19 IST
 FINDSITE will use user-specified box
Centroid of box:  43.677  43.332  63.543
 boundaries   38.6770009994507        48.6770009994507     
   38.3319997787476        48.3319997787476        58.5429954528809     
   68.5429954528809     
 box          10          10          10
 maximum number of atoms in a sitebox =           6
Site points found:  Sunday, January 29 2023, at 09:42:19 IST
 boxes, patoms in boxes, empty boxes =         125         182          61
 total, outside sites =        1000         365
Site points pruned:  Sunday, January 29 2023, at 09:42:19 IST
final goodsites =         5
         1 sites will be removed
         4 good sites remain
Number of site groups found =     1

  Group  index  size  score     x       y       z     stdev
    1      1      4    1.26   45.17   44.87   62.54    0.71
Sites linked and merged:  Sunday, January 29 2023, at 09:42:19 IST
 Storing receptor data

Site-finding complete.
Number of sites to map/eval:  1

-- Mapping site  1 --
jobname: md1_crop37_sph_site_1
all SiteMap grid files will be generated
 philic map specified
 phobic map specified
 donor map specified
 acceptor map specified
 metal-ligation map specified
 surface-display map specified
grid margin:     6.00
grid spacing:     0.70
non-bonded cutoff:    20.00
ligand/sitepoints file: 
protein coordinates/parameters file: 
output map/grid files will be written to the current directory
vis files will be written
protein charges will be modified to reduce formal charges and adjust donor/acceptor potentials
protein radii will be modified to allow closer approach to donor and acceptor heteroatoms
phobic areas will be modified to emphasize enclosed regions and to deemphasize exposed regions using alternative method
all input instructions read
 Getting site data
ligand xcm,ycm,zcm,xrange,yrange,zrange 45.177 44.832 62.543  1.000  1.000  0.000

 Reusing receptor data from site-finding stage.

Sitemap: electrostatic+vdw interaction energy
Map field of *enzyme* in region of *inhibitor*

computing site maps ...
grid lim (orig)  38.677  51.677  38.332  51.332  56.543  68.543
grid lim (adj)   38.527  51.827  38.182  51.482  56.243  68.843
grid point counts   20   20   19
total grid points    7600

 5674 receptor atoms read
grid: adjdip
number of grid points within emin, emax limits =     6908
 maximum grid value before cutoff =               -0.041
 minimum grid value before cutoff =   -460.589

philic and phobic grids formed
grid: surf
number of grid points within emin, emax limits =     1586
 maximum grid value before cutoff =         33276363.395
 minimum grid value before cutoff =     -2.556

grid: phil
number of grid points within emin, emax limits =     2342
 maximum grid value before cutoff =         33276313.395
 minimum grid value before cutoff =    -15.880

grid: phob
number of grid points within emin, emax limits =     1633
 maximum grid value before cutoff =         33276378.395
 minimum grid value before cutoff =     -2.191

mod_phobic: phobthresh, philthresh =  -0.250  -3.000
 maximum number of atoms in a sitebox =           8
 boxes, patoms in boxes, empty boxes =       10469        5674        8350
Average phobic potential changed from  -0.723 to  -0.388 for  724 grid points

number of phobic points =  1179   average phobic score =   0.61
number of philic points =  1163   average philic score =  -3.79

number of qualifying surf grid points =      315

number of qualifying phil grid points =      117

number of qualifying phob grid points =       51

number of qualifying accptr grid points =        9

number of qualifying donor grid points =      108

number of qualifying metal grid points =        0

visgrd volume surf                                                                            
visgrd author sitemap                                                                         
visgrd property name surf                                                                            
visgrd qualifying points   2128
visgrd default map values       1       1.00      2
visgrd number of dims    3
visgrd dimensions         20        20        19
visgrd axis scales      0.700     0.700     0.700

visgrd volume hydrophil                                                                       
visgrd author sitemap                                                                         
visgrd property name phil                                                                            
visgrd qualifying points    117
visgrd default map values       1      -8.00     10
visgrd number of dims    3
visgrd dimensions         20        20        19
visgrd axis scales      0.700     0.700     0.700

visgrd volume hydrophob                                                                       
visgrd author sitemap                                                                         
visgrd property name phob                                                                            
visgrd qualifying points    137
visgrd default map values       1      -0.50     13
visgrd number of dims    3
visgrd dimensions         20        20        19
visgrd axis scales      0.700     0.700     0.700

visgrd volume hbacceptor                                                                      
visgrd author sitemap                                                                         
visgrd property name accptr                                                                          
visgrd qualifying points      9
visgrd default map values       1      -8.00     16
visgrd number of dims    3
visgrd dimensions         20        20        19
visgrd axis scales      0.700     0.700     0.700

visgrd volume hbdonor                                                                         
visgrd author sitemap                                                                         
visgrd property name donor                                                                           
visgrd qualifying points    108
visgrd default map values       1      -8.00      5
visgrd number of dims    3
visgrd dimensions         20        20        19
visgrd axis scales      0.700     0.700     0.700

-- Evaluating site  1 --
Ligand/site-points file: 
Protein coordinates/parameters file: 
extend =   3
 Verbosity flags: F F F F F
all SiteMap grid files will be read
the protein charges will be modified to reduce formal charges and adjust donor/acceptor potentials
protein radii will be modified to allow closer approach to donor and acceptor heteroatoms
phobic areas emphasize enclosed regions and deemphasize exposed regions using alternative method
site-point set will be augmented by including significant nearby points
  threshold for adding phobic points:  -0.500
  threshold for adding philic points:  -8.000
base name for SiteMap grid files: 
 Reusing grid data
reusing site data
Number of protein atoms:    5674
 
phobic grid file reshaped
philic grid file reshaped
donor grid file reshaped
acceptor grid file reshaped
metal grid file reshaped
surf grid file reshaped
 maximum number of atoms in a sitebox =           8


Number of site points    4  first shell    5  higher shells   41   dirscore   0.756
1 vdw  -1.137   phob  -0.504   phil  -1.633   donor  -1.633   acceptor   0.000   metal   0.000
2               phob  -0.266   phil  -1.327   donor  -0.018   acceptor  -1.310   metal   0.000

SiteScore size   Dscore  volume  exposure enclosure contact  phobic   philic   balance  don/acc
  0.642     9    0.593   107.36    0.836    0.756    0.877    1.849    0.436    4.240    0.000

-- Done with site  1 --

== End SiteMap calculation ==

Wrote 1 sites to "md1_crop37_sph_out.maegz".

Current time: Sun Jan 29 09:42:20 2023
Elapsed time: 0:00:03.77
SiteMap successfully completed.

