--------------------------------------------------------------------------------
JobId          : X299-0-63d6250c
Name           : md1_crop6_coa
Program        : SiteMap
Version        : 2021-4 build 135
Host           : X299
Dir            : /mnt/3a29b482-dac1-4563-be89-d63ad92354e9/cers_modelling/md_sampling_cers_models/charmm_gui_systems/cers2_10pc_chol/sitemaps
HostEntry      : localhost
JobHost        : X299
JobDir         : /scratch/tamir/md1_crop6_coa
JobSchrodinger : /opt/schrodinger2021-4
Commandline    : /opt/schrodinger2021-4/sitemap md1_crop6_coa.in
StartTime      : 2023-01-29-09:49:32
--------------------------------------------------------------------------------

== Begin input keywords ==
ADDPHIL  -8.0
ADDPHOB  -0.5
ADDSP  True
COMPRESS  True
CUTOFF  20.0
D2THRESH  3.1
DTHRESH  6.5
DVSCALE  2.5
ENCLOSURE  0.5
EXTEND  3
FAKE  False
FFIELD  OPLS_2005
GRID  0.7
KEEPELEC  False
KEEPVDW  False
KEEPVOLPTS  True
KMAX  3
KMAX2  5
MAPDIST  4.0
MARGIN  6.0
MAXDIST  8.0
MAXSITES  1
MAXVDW  1.1
MINGROUP  3
MODCHARGES  True
MODPHOBIC  3
NEARRES  3.5
NTHRESH  3
PROT  md1_crop6.mae
R2THRESH  4.1
REPORTSIZE  10
ROUND  False
RTHRESH  5.0
VERBOSITY  0
WRITEGRIDS  False
WRITEPOT  False
WRITESTRUCTS  True
WRITEVIS  True
XCENT  58.28050136566162
XRANGE  10.0
YCENT  46.44049644470215
YRANGE  10.0
ZCENT  74.19150352478027
ZRANGE  10.0
== End input keywords ==

== Begin single-receptor SiteMap calculation ==

-- Begin site search --
 Parameters for this calculation:
 sitecut =  0.500000000000000     
 sitescmin =   1.10000000000000     
 afactor =   1.00000000000000     
 bfactor =   1.00000000000000     
 imaxsite =           8
 ithresh =           3
 mingroup =           3
 kmax =           3
 kmax2 =           5
 r2thresh =   4.10000000000000     
 dvscale =   2.50000000000000     
 dvscnorm =   2.50000000000000     
 dvscbig =   2.50000000000000     
 border =   2.00000000000000     
 dthresh =   6.50000000000000     
 rthresh =   5.00000000000000     
 maxgroup =         100
 r2thresh =   4.10000000000000     
 nthresh =           3
 ndir =         110
 use_vdw = T
 repname = none
 repsize =          10
 maxrep =           1
 sitelis = sites.lis
 profile = none
 sitelig = none
 siteasl = none
 use_sitelig =  F
 sitebox =  -999.000000000000     
 writepdb =  F
 number of protein atoms =        5675
Starting findsites:  Sunday, January 29 2023, at 09:49:35 IST
ptypes obtained:  Sunday, January 29 2023, at 09:49:36 IST
lj parameters obtained:  Sunday, January 29 2023, at 09:49:36 IST
Basic parameters obtained:  Sunday, January 29 2023, at 09:49:36 IST
Receptor parameterization completed:  Sunday, January 29 2023, at 09:49:36 IST
 scaled value of sitecut =   55.0000000000000     
 sphere directions set up         110
Sunday, January 29 2023, at 09:49:36 IST
 FINDSITE will use user-specified box
Centroid of box:  58.281  46.440  74.192
 boundaries   53.2805013656616        63.2805013656616     
   41.4404964447021        51.4404964447021        69.1915035247803     
   79.1915035247803     
 box          10          10          10
 maximum number of atoms in a sitebox =           6
Site points found:  Sunday, January 29 2023, at 09:49:36 IST
 boxes, patoms in boxes, empty boxes =         125         271          22
 total, outside sites =        1000          75
Site points pruned:  Sunday, January 29 2023, at 09:49:36 IST
final goodsites =        21
         7 sites will be removed
        14 good sites remain
Number of site groups found =     2

  Group  index  size  score     x       y       z     stdev
    1      1     13    1.74   55.73   48.91   71.28    1.30
    2      2      1    1.46   59.28   48.44   71.19    0.00

Inter-group relationships
     g1     g2     n1     n2    dmin    davg   spread  ratio     x1      y1      z1      x2      y2      z2
Sites linked and merged:  Sunday, January 29 2023, at 09:49:36 IST
 Storing receptor data

Site-finding complete.
Number of sites to map/eval:  1

-- Mapping site  1 --
jobname: md1_crop6_coa_site_1
all SiteMap grid files will be generated
 philic map specified
 phobic map specified
 donor map specified
 acceptor map specified
 metal-ligation map specified
 surface-display map specified
grid margin:     6.00
grid spacing:     0.70
non-bonded cutoff:    20.00
ligand/sitepoints file: 
protein coordinates/parameters file: 
output map/grid files will be written to the current directory
vis files will be written
protein charges will be modified to reduce formal charges and adjust donor/acceptor potentials
protein radii will be modified to allow closer approach to donor and acceptor heteroatoms
phobic areas will be modified to emphasize enclosed regions and to deemphasize exposed regions using alternative method
all input instructions read
 Getting site data
ligand xcm,ycm,zcm,xrange,yrange,zrange 56.281 48.440 71.692  2.000  2.000  3.000

 Reusing receptor data from site-finding stage.

Sitemap: electrostatic+vdw interaction energy
Map field of *enzyme* in region of *inhibitor*

computing site maps ...
grid lim (orig)  49.281  63.281  41.440  55.440  64.192  79.192
grid lim (adj)   48.931  63.631  41.090  55.790  63.992  79.392
grid point counts   22   22   23
total grid points   11132

 5675 receptor atoms read
grid: adjdip
number of grid points within emin, emax limits =     8874
 maximum grid value before cutoff =               -0.156
 minimum grid value before cutoff =   -635.644

philic and phobic grids formed
grid: surf
number of grid points within emin, emax limits =     1902
 maximum grid value before cutoff =         42113355.973
 minimum grid value before cutoff =     -2.962

grid: phil
number of grid points within emin, emax limits =     1216
 maximum grid value before cutoff =         42113305.973
 minimum grid value before cutoff =    -27.504

grid: phob
number of grid points within emin, emax limits =      423
 maximum grid value before cutoff =         42113370.973
 minimum grid value before cutoff =     -1.794

mod_phobic: phobthresh, philthresh =  -0.250  -3.000
 maximum number of atoms in a sitebox =           9
 boxes, patoms in boxes, empty boxes =       10469        5675        8369
Average phobic potential changed from  -0.867 to  -0.590 for  122 grid points

number of phobic points =   231   average phobic score =   0.95
number of philic points =   985   average philic score =  -6.91

number of qualifying surf grid points =      264

number of qualifying phil grid points =      347

number of qualifying phob grid points =       33

number of qualifying accptr grid points =      144

number of qualifying donor grid points =      185

number of qualifying metal grid points =        0

visgrd volume surf                                                                            
visgrd author sitemap                                                                         
visgrd property name surf                                                                            
visgrd qualifying points    831
visgrd default map values       1       1.00      2
visgrd number of dims    3
visgrd dimensions         22        22        23
visgrd axis scales      0.700     0.700     0.700

visgrd volume hydrophil                                                                       
visgrd author sitemap                                                                         
visgrd property name phil                                                                            
visgrd qualifying points    347
visgrd default map values       1      -8.00     10
visgrd number of dims    3
visgrd dimensions         22        22        23
visgrd axis scales      0.700     0.700     0.700

visgrd volume hydrophob                                                                       
visgrd author sitemap                                                                         
visgrd property name phob                                                                            
visgrd qualifying points     66
visgrd default map values       1      -0.50     13
visgrd number of dims    3
visgrd dimensions         22        22        23
visgrd axis scales      0.700     0.700     0.700

visgrd volume hbacceptor                                                                      
visgrd author sitemap                                                                         
visgrd property name accptr                                                                          
visgrd qualifying points    144
visgrd default map values       1      -8.00     16
visgrd number of dims    3
visgrd dimensions         22        22        23
visgrd axis scales      0.700     0.700     0.700

visgrd volume hbdonor                                                                         
visgrd author sitemap                                                                         
visgrd property name donor                                                                           
visgrd qualifying points    185
visgrd default map values       1      -8.00      5
visgrd number of dims    3
visgrd dimensions         22        22        23
visgrd axis scales      0.700     0.700     0.700

-- Evaluating site  1 --
Ligand/site-points file: 
Protein coordinates/parameters file: 
extend =   3
 Verbosity flags: F F F F F
all SiteMap grid files will be read
the protein charges will be modified to reduce formal charges and adjust donor/acceptor potentials
protein radii will be modified to allow closer approach to donor and acceptor heteroatoms
phobic areas emphasize enclosed regions and deemphasize exposed regions using alternative method
site-point set will be augmented by including significant nearby points
  threshold for adding phobic points:  -0.500
  threshold for adding philic points:  -8.000
base name for SiteMap grid files: 
 Reusing grid data
reusing site data
Number of protein atoms:    5675
 
phobic grid file reshaped
philic grid file reshaped
donor grid file reshaped
acceptor grid file reshaped
metal grid file reshaped
surf grid file reshaped
 maximum number of atoms in a sitebox =           9


Number of site points   13  first shell   20  higher shells   23   dirscore   0.938
1 vdw  -1.706   phob  -0.247   phil  -6.176   donor  -2.352   acceptor  -3.824   metal   0.000
2               phob  -0.049   phil  -6.024   donor  -3.543   acceptor  -2.481   metal   0.000

SiteScore size   Dscore  volume  exposure enclosure contact  phobic   philic   balance  don/acc
  0.816    28    0.523    89.87    0.606    0.938    1.316    0.340    1.649    0.206    0.615

-- Done with site  1 --

== End SiteMap calculation ==

Wrote 1 sites to "md1_crop6_coa_out.maegz".

Current time: Sun Jan 29 09:49:36 2023
Elapsed time: 0:00:03.48
SiteMap successfully completed.

