--------------------------------------------------------------------------------
JobId          : X299-1-63d65e56
Name           : md1_crop322_acyl
Program        : SiteMap
Version        : 2021-4 build 135
Host           : X299
Dir            : /mnt/3a29b482-dac1-4563-be89-d63ad92354e9/cers_modelling/md_sampling_cers_models/charmm_gui_systems/cers2_10pc_chol/sitemaps
HostEntry      : localhost
JobHost        : X299
JobDir         : /scratch/tamir/md1_crop322_acyl
JobSchrodinger : /opt/schrodinger2021-4
Commandline    : /opt/schrodinger2021-4/sitemap md1_crop322_acyl.in
StartTime      : 2023-01-29-13:53:59
--------------------------------------------------------------------------------

== Begin input keywords ==
ADDPHIL  -8.0
ADDPHOB  -0.5
ADDSP  True
COMPRESS  True
CUTOFF  20.0
D2THRESH  3.1
DTHRESH  6.5
DVSCALE  2.5
ENCLOSURE  0.5
EXTEND  3
FAKE  False
FFIELD  OPLS_2005
GRID  0.7
KEEPELEC  False
KEEPVDW  False
KEEPVOLPTS  True
KMAX  3
KMAX2  5
MAPDIST  4.0
MARGIN  6.0
MAXDIST  8.0
MAXSITES  1
MAXVDW  1.1
MINGROUP  3
MODCHARGES  True
MODPHOBIC  3
NEARRES  3.5
NTHRESH  3
PROT  md1_crop322.mae
R2THRESH  4.1
REPORTSIZE  10
ROUND  False
RTHRESH  5.0
VERBOSITY  0
WRITEGRIDS  False
WRITEPOT  False
WRITESTRUCTS  True
WRITEVIS  True
XCENT  63.92366886138916
XRANGE  10.0
YCENT  50.15699863433838
YRANGE  10.0
ZCENT  55.53300380706787
ZRANGE  10.0
== End input keywords ==

== Begin single-receptor SiteMap calculation ==

-- Begin site search --
 Parameters for this calculation:
 sitecut =  0.500000000000000     
 sitescmin =   1.10000000000000     
 afactor =   1.00000000000000     
 bfactor =   1.00000000000000     
 imaxsite =           8
 ithresh =           3
 mingroup =           3
 kmax =           3
 kmax2 =           5
 r2thresh =   4.10000000000000     
 dvscale =   2.50000000000000     
 dvscnorm =   2.50000000000000     
 dvscbig =   2.50000000000000     
 border =   2.00000000000000     
 dthresh =   6.50000000000000     
 rthresh =   5.00000000000000     
 maxgroup =         100
 r2thresh =   4.10000000000000     
 nthresh =           3
 ndir =         110
 use_vdw = T
 repname = none
 repsize =          10
 maxrep =           1
 sitelis = sites.lis
 profile = none
 sitelig = none
 siteasl = none
 use_sitelig =  F
 sitebox =  -999.000000000000     
 writepdb =  F
 number of protein atoms =        5676
Starting findsites:  Sunday, January 29 2023, at 13:54:02 IST
ptypes obtained:  Sunday, January 29 2023, at 13:54:02 IST
lj parameters obtained:  Sunday, January 29 2023, at 13:54:02 IST
Basic parameters obtained:  Sunday, January 29 2023, at 13:54:02 IST
Receptor parameterization completed:  Sunday, January 29 2023, at 13:54:02 IST
 scaled value of sitecut =   55.0000000000000     
 sphere directions set up         110
Sunday, January 29 2023, at 13:54:02 IST
 FINDSITE will use user-specified box
Centroid of box:  63.924  50.157  55.533
 boundaries   58.9236688613892        68.9236688613892     
   45.1569986343384        55.1569986343384        50.5330038070679     
   60.5330038070679     
 box          10          10          10
 maximum number of atoms in a sitebox =           6
Site points found:  Sunday, January 29 2023, at 13:54:02 IST
 boxes, patoms in boxes, empty boxes =         125         317          15
 total, outside sites =        1000           9
Site points pruned:  Sunday, January 29 2023, at 13:54:02 IST
final goodsites =         5
         4 sites will be removed
         1 good sites remain
Number of site groups found =     1

  Group  index  size  score     x       y       z     stdev
    1      1      1    2.36   59.92   50.16   56.53    0.00
Sites linked and merged:  Sunday, January 29 2023, at 13:54:02 IST
 Storing receptor data

Site-finding complete.
Number of sites to map/eval:  1

-- Mapping site  1 --
jobname: md1_crop322_acyl_site_1
all SiteMap grid files will be generated
 philic map specified
 phobic map specified
 donor map specified
 acceptor map specified
 metal-ligation map specified
 surface-display map specified
grid margin:     6.00
grid spacing:     0.70
non-bonded cutoff:    20.00
ligand/sitepoints file: 
protein coordinates/parameters file: 
output map/grid files will be written to the current directory
vis files will be written
protein charges will be modified to reduce formal charges and adjust donor/acceptor potentials
protein radii will be modified to allow closer approach to donor and acceptor heteroatoms
phobic areas will be modified to emphasize enclosed regions and to deemphasize exposed regions using alternative method
all input instructions read
 Getting site data
ligand xcm,ycm,zcm,xrange,yrange,zrange  0.000  0.000  0.000  0.000  0.000  0.000

 Reusing receptor data from site-finding stage.

Sitemap: electrostatic+vdw interaction energy
Map field of *enzyme* in region of *inhibitor*

computing site maps ...
grid lim (orig)  53.924  65.924  44.157  56.157  50.533  62.533
grid lim (adj)   53.624  66.224  43.857  56.457  50.233  62.833
grid point counts   19   19   19
total grid points    6859

 5676 receptor atoms read
grid: adjdip
number of grid points within emin, emax limits =     5605
 maximum grid value before cutoff =               -0.206
 minimum grid value before cutoff =   -515.843

philic and phobic grids formed
grid: surf
number of grid points within emin, emax limits =      867
 maximum grid value before cutoff =         38145715.087
 minimum grid value before cutoff =     -2.781

grid: phil
number of grid points within emin, emax limits =      212
 maximum grid value before cutoff =         38145665.087
 minimum grid value before cutoff =    -13.511

grid: phob
number of grid points within emin, emax limits =       68
 maximum grid value before cutoff =         38145730.087
 minimum grid value before cutoff =     -2.316

mod_phobic: phobthresh, philthresh =  -0.250  -3.000
 maximum number of atoms in a sitebox =           8
 boxes, patoms in boxes, empty boxes =       11067        5676        8979
Average phobic potential changed from  -1.607 to  -1.536 for   35 grid points

number of phobic points =    45   average phobic score =   1.56
number of philic points =   167   average philic score =  -4.22

number of qualifying surf grid points =       64

number of qualifying phil grid points =       28

number of qualifying phob grid points =       33

number of qualifying accptr grid points =       10

number of qualifying donor grid points =       16

number of qualifying metal grid points =        0

visgrd volume surf                                                                            
visgrd author sitemap                                                                         
visgrd property name surf                                                                            
visgrd qualifying points    127
visgrd default map values       1       1.00      2
visgrd number of dims    3
visgrd dimensions         19        19        19
visgrd axis scales      0.700     0.700     0.700

visgrd volume hydrophil                                                                       
visgrd author sitemap                                                                         
visgrd property name phil                                                                            
visgrd qualifying points     28
visgrd default map values       1      -8.00     10
visgrd number of dims    3
visgrd dimensions         19        19        19
visgrd axis scales      0.700     0.700     0.700

visgrd volume hydrophob                                                                       
visgrd author sitemap                                                                         
visgrd property name phob                                                                            
visgrd qualifying points     34
visgrd default map values       1      -0.50     13
visgrd number of dims    3
visgrd dimensions         19        19        19
visgrd axis scales      0.700     0.700     0.700

visgrd volume hbacceptor                                                                      
visgrd author sitemap                                                                         
visgrd property name accptr                                                                          
visgrd qualifying points     10
visgrd default map values       1      -8.00     16
visgrd number of dims    3
visgrd dimensions         19        19        19
visgrd axis scales      0.700     0.700     0.700

visgrd volume hbdonor                                                                         
visgrd author sitemap                                                                         
visgrd property name donor                                                                           
visgrd qualifying points     16
visgrd default map values       1      -8.00      5
visgrd number of dims    3
visgrd dimensions         19        19        19
visgrd axis scales      0.700     0.700     0.700

-- Evaluating site  1 --
Ligand/site-points file: 
Protein coordinates/parameters file: 
extend =   3
 Verbosity flags: F F F F F
all SiteMap grid files will be read
the protein charges will be modified to reduce formal charges and adjust donor/acceptor potentials
protein radii will be modified to allow closer approach to donor and acceptor heteroatoms
phobic areas emphasize enclosed regions and deemphasize exposed regions using alternative method
site-point set will be augmented by including significant nearby points
  threshold for adding phobic points:  -0.500
  threshold for adding philic points:  -8.000
base name for SiteMap grid files: 
 Reusing grid data
reusing site data
Number of protein atoms:    5676
 
phobic grid file reshaped
philic grid file reshaped
donor grid file reshaped
acceptor grid file reshaped
metal grid file reshaped
surf grid file reshaped
 maximum number of atoms in a sitebox =           8


Number of site points    1  first shell    7  higher shells    7   dirscore   0.996
1 vdw  -1.806   phob  -1.208   phil  -1.285   donor  -0.977   acceptor  -0.308   metal   0.000
2               phob  -0.822   phil  -0.647   donor  -0.114   acceptor  -0.533   metal   0.000

SiteScore size   Dscore  volume  exposure enclosure contact  phobic   philic   balance  don/acc
  0.832    10    0.783    23.67    0.583    0.996    1.394    5.711    0.343   16.650    3.170

-- Done with site  1 --

== End SiteMap calculation ==

Wrote 1 sites to "md1_crop322_acyl_out.maegz".

Current time: Sun Jan 29 13:54:02 2023
Elapsed time: 0:00:03.15
SiteMap successfully completed.

