--------------------------------------------------------------------------------
JobId          : X299-0-63d62069
Name           : md1_crop138_coa
Program        : SiteMap
Version        : 2021-4 build 135
Host           : X299
Dir            : /mnt/3a29b482-dac1-4563-be89-d63ad92354e9/cers_modelling/md_sampling_cers_models/charmm_gui_systems/cers2_10pc_chol/sitemaps
HostEntry      : localhost
JobHost        : X299
JobDir         : /scratch/tamir/md1_crop138_coa
JobSchrodinger : /opt/schrodinger2021-4
Commandline    : /opt/schrodinger2021-4/sitemap md1_crop138_coa.in
StartTime      : 2023-01-29-09:29:45
--------------------------------------------------------------------------------

== Begin input keywords ==
ADDPHIL  -8.0
ADDPHOB  -0.5
ADDSP  True
COMPRESS  True
CUTOFF  20.0
D2THRESH  3.1
DTHRESH  6.5
DVSCALE  2.5
ENCLOSURE  0.5
EXTEND  3
FAKE  False
FFIELD  OPLS_2005
GRID  0.7
KEEPELEC  False
KEEPVDW  False
KEEPVOLPTS  True
KMAX  3
KMAX2  5
MAPDIST  4.0
MARGIN  6.0
MAXDIST  8.0
MAXSITES  1
MAXVDW  1.1
MINGROUP  3
MODCHARGES  True
MODPHOBIC  3
NEARRES  3.5
NTHRESH  3
PROT  md1_crop138.mae
R2THRESH  4.1
REPORTSIZE  10
ROUND  False
RTHRESH  5.0
VERBOSITY  0
WRITEGRIDS  False
WRITEPOT  False
WRITESTRUCTS  True
WRITEVIS  True
XCENT  53.93750190734863
XRANGE  10.0
YCENT  44.87750053405762
YRANGE  10.0
ZCENT  78.71300220489502
ZRANGE  10.0
== End input keywords ==

== Begin single-receptor SiteMap calculation ==

-- Begin site search --
 Parameters for this calculation:
 sitecut =  0.500000000000000     
 sitescmin =   1.10000000000000     
 afactor =   1.00000000000000     
 bfactor =   1.00000000000000     
 imaxsite =           8
 ithresh =           3
 mingroup =           3
 kmax =           3
 kmax2 =           5
 r2thresh =   4.10000000000000     
 dvscale =   2.50000000000000     
 dvscnorm =   2.50000000000000     
 dvscbig =   2.50000000000000     
 border =   2.00000000000000     
 dthresh =   6.50000000000000     
 rthresh =   5.00000000000000     
 maxgroup =         100
 r2thresh =   4.10000000000000     
 nthresh =           3
 ndir =         110
 use_vdw = T
 repname = none
 repsize =          10
 maxrep =           1
 sitelis = sites.lis
 profile = none
 sitelig = none
 siteasl = none
 use_sitelig =  F
 sitebox =  -999.000000000000     
 writepdb =  F
 number of protein atoms =        5675
Starting findsites:  Sunday, January 29 2023, at 09:29:48 IST
ptypes obtained:  Sunday, January 29 2023, at 09:29:48 IST
lj parameters obtained:  Sunday, January 29 2023, at 09:29:48 IST
Basic parameters obtained:  Sunday, January 29 2023, at 09:29:48 IST
Receptor parameterization completed:  Sunday, January 29 2023, at 09:29:48 IST
 scaled value of sitecut =   55.0000000000000     
 sphere directions set up         110
Sunday, January 29 2023, at 09:29:48 IST
 FINDSITE will use user-specified box
Centroid of box:  53.938  44.878  78.713
 boundaries   48.9375019073486        58.9375019073486     
   39.8775005340576        49.8775005340576        73.7130022048950     
   83.7130022048950     
 box          10          10          10
 maximum number of atoms in a sitebox =           6
Site points found:  Sunday, January 29 2023, at 09:29:48 IST
 boxes, patoms in boxes, empty boxes =         125         246          31
 total, outside sites =        1000         154
Site points pruned:  Sunday, January 29 2023, at 09:29:48 IST
final goodsites =        31
Number of site groups found =     1

  Group  index  size  score     x       y       z     stdev
    1      1     31    1.29   53.15   47.18   76.79    2.38
Sites linked and merged:  Sunday, January 29 2023, at 09:29:48 IST
 Storing receptor data

Site-finding complete.
Number of sites to map/eval:  1

-- Mapping site  1 --
jobname: md1_crop138_coa_site_1
all SiteMap grid files will be generated
 philic map specified
 phobic map specified
 donor map specified
 acceptor map specified
 metal-ligation map specified
 surface-display map specified
grid margin:     6.00
grid spacing:     0.70
non-bonded cutoff:    20.00
ligand/sitepoints file: 
protein coordinates/parameters file: 
output map/grid files will be written to the current directory
vis files will be written
protein charges will be modified to reduce formal charges and adjust donor/acceptor potentials
protein radii will be modified to allow closer approach to donor and acceptor heteroatoms
phobic areas will be modified to emphasize enclosed regions and to deemphasize exposed regions using alternative method
all input instructions read
 Getting site data
ligand xcm,ycm,zcm,xrange,yrange,zrange 53.938 46.878 77.213  6.000  4.000  5.000

 Reusing receptor data from site-finding stage.

Sitemap: electrostatic+vdw interaction energy
Map field of *enzyme* in region of *inhibitor*

computing site maps ...
grid lim (orig)  44.938  62.938  38.878  54.878  68.713  85.713
grid lim (adj)   44.838  63.038  38.828  54.928  68.463  85.963
grid point counts   27   24   26
total grid points   16848

 5675 receptor atoms read
grid: adjdip
number of grid points within emin, emax limits =    13972
 maximum grid value before cutoff =               -0.110
 minimum grid value before cutoff =   -677.331

philic and phobic grids formed
grid: surf
number of grid points within emin, emax limits =     2965
 maximum grid value before cutoff =         35367463.124
 minimum grid value before cutoff =     -3.171

grid: phil
number of grid points within emin, emax limits =     2731
 maximum grid value before cutoff =         35367413.124
 minimum grid value before cutoff =    -26.089

grid: phob
number of grid points within emin, emax limits =     1146
 maximum grid value before cutoff =         35367478.124
 minimum grid value before cutoff =     -2.257

mod_phobic: phobthresh, philthresh =  -0.250  -3.000
 maximum number of atoms in a sitebox =           8
 boxes, patoms in boxes, empty boxes =       11191        5675        9102
Average phobic potential changed from  -0.799 to  -0.490 for  339 grid points

number of phobic points =   464   average phobic score =   0.78
number of philic points =  2267   average philic score =  -5.88

number of qualifying surf grid points =      446

number of qualifying phil grid points =      559

number of qualifying phob grid points =       59

number of qualifying accptr grid points =      271

number of qualifying donor grid points =      279

number of qualifying metal grid points =        0

visgrd volume surf                                                                            
visgrd author sitemap                                                                         
visgrd property name surf                                                                            
visgrd qualifying points   2147
visgrd default map values       1       1.00      2
visgrd number of dims    3
visgrd dimensions         27        24        26
visgrd axis scales      0.700     0.700     0.700

visgrd volume hydrophil                                                                       
visgrd author sitemap                                                                         
visgrd property name phil                                                                            
visgrd qualifying points    559
visgrd default map values       1      -8.00     10
visgrd number of dims    3
visgrd dimensions         27        24        26
visgrd axis scales      0.700     0.700     0.700

visgrd volume hydrophob                                                                       
visgrd author sitemap                                                                         
visgrd property name phob                                                                            
visgrd qualifying points    121
visgrd default map values       1      -0.50     13
visgrd number of dims    3
visgrd dimensions         27        24        26
visgrd axis scales      0.700     0.700     0.700

visgrd volume hbacceptor                                                                      
visgrd author sitemap                                                                         
visgrd property name accptr                                                                          
visgrd qualifying points    271
visgrd default map values       1      -8.00     16
visgrd number of dims    3
visgrd dimensions         27        24        26
visgrd axis scales      0.700     0.700     0.700

visgrd volume hbdonor                                                                         
visgrd author sitemap                                                                         
visgrd property name donor                                                                           
visgrd qualifying points    279
visgrd default map values       1      -8.00      5
visgrd number of dims    3
visgrd dimensions         27        24        26
visgrd axis scales      0.700     0.700     0.700

-- Evaluating site  1 --
Ligand/site-points file: 
Protein coordinates/parameters file: 
extend =   3
 Verbosity flags: F F F F F
all SiteMap grid files will be read
the protein charges will be modified to reduce formal charges and adjust donor/acceptor potentials
protein radii will be modified to allow closer approach to donor and acceptor heteroatoms
phobic areas emphasize enclosed regions and deemphasize exposed regions using alternative method
site-point set will be augmented by including significant nearby points
  threshold for adding phobic points:  -0.500
  threshold for adding philic points:  -8.000
base name for SiteMap grid files: 
 Reusing grid data
reusing site data
Number of protein atoms:    5675
 
phobic grid file reshaped
philic grid file reshaped
donor grid file reshaped
acceptor grid file reshaped
metal grid file reshaped
surf grid file reshaped
 maximum number of atoms in a sitebox =           8


Number of site points   31  first shell   57  higher shells   70   dirscore   0.893
1 vdw  -1.456   phob  -0.192   phil  -5.253   donor  -2.369   acceptor  -2.884   metal   0.000
2               phob  -0.097   phil  -4.948   donor  -2.583   acceptor  -2.365   metal   0.000

SiteScore size   Dscore  volume  exposure enclosure contact  phobic   philic   balance  don/acc
  1.006    69    0.859   263.42    0.648    0.893    1.123    0.676    1.403    0.482    0.821

-- Done with site  1 --

== End SiteMap calculation ==

Wrote 1 sites to "md1_crop138_coa_out.maegz".

Current time: Sun Jan 29 09:29:50 2023
Elapsed time: 0:00:04.39
SiteMap successfully completed.

