--------------------------------------------------------------------------------
JobId          : X299-0-63d6249d
Name           : md1_crop485_coa
Program        : SiteMap
Version        : 2021-4 build 135
Host           : X299
Dir            : /mnt/3a29b482-dac1-4563-be89-d63ad92354e9/cers_modelling/md_sampling_cers_models/charmm_gui_systems/cers2_10pc_chol/sitemaps
HostEntry      : localhost
JobHost        : X299
JobDir         : /scratch/tamir/md1_crop485_coa
JobSchrodinger : /opt/schrodinger2021-4
Commandline    : /opt/schrodinger2021-4/sitemap md1_crop485_coa.in
StartTime      : 2023-01-29-09:47:41
--------------------------------------------------------------------------------

== Begin input keywords ==
ADDPHIL  -8.0
ADDPHOB  -0.5
ADDSP  True
COMPRESS  True
CUTOFF  20.0
D2THRESH  3.1
DTHRESH  6.5
DVSCALE  2.5
ENCLOSURE  0.5
EXTEND  3
FAKE  False
FFIELD  OPLS_2005
GRID  0.7
KEEPELEC  False
KEEPVDW  False
KEEPVOLPTS  True
KMAX  3
KMAX2  5
MAPDIST  4.0
MARGIN  6.0
MAXDIST  8.0
MAXSITES  1
MAXVDW  1.1
MINGROUP  3
MODCHARGES  True
MODPHOBIC  3
NEARRES  3.5
NTHRESH  3
PROT  md1_crop485.mae
R2THRESH  4.1
REPORTSIZE  10
ROUND  False
RTHRESH  5.0
VERBOSITY  0
WRITEGRIDS  False
WRITEPOT  False
WRITESTRUCTS  True
WRITEVIS  True
XCENT  56.904497146606445
XRANGE  10.0
YCENT  45.89949607849121
YRANGE  10.0
ZCENT  74.32899951934814
ZRANGE  10.0
== End input keywords ==

== Begin single-receptor SiteMap calculation ==

-- Begin site search --
 Parameters for this calculation:
 sitecut =  0.500000000000000     
 sitescmin =   1.10000000000000     
 afactor =   1.00000000000000     
 bfactor =   1.00000000000000     
 imaxsite =           8
 ithresh =           3
 mingroup =           3
 kmax =           3
 kmax2 =           5
 r2thresh =   4.10000000000000     
 dvscale =   2.50000000000000     
 dvscnorm =   2.50000000000000     
 dvscbig =   2.50000000000000     
 border =   2.00000000000000     
 dthresh =   6.50000000000000     
 rthresh =   5.00000000000000     
 maxgroup =         100
 r2thresh =   4.10000000000000     
 nthresh =           3
 ndir =         110
 use_vdw = T
 repname = none
 repsize =          10
 maxrep =           1
 sitelis = sites.lis
 profile = none
 sitelig = none
 siteasl = none
 use_sitelig =  F
 sitebox =  -999.000000000000     
 writepdb =  F
 number of protein atoms =        5675
Starting findsites:  Sunday, January 29 2023, at 09:47:44 IST
ptypes obtained:  Sunday, January 29 2023, at 09:47:44 IST
lj parameters obtained:  Sunday, January 29 2023, at 09:47:44 IST
Basic parameters obtained:  Sunday, January 29 2023, at 09:47:44 IST
Receptor parameterization completed:  Sunday, January 29 2023, at 09:47:44 IST
 scaled value of sitecut =   55.0000000000000     
 sphere directions set up         110
Sunday, January 29 2023, at 09:47:44 IST
 FINDSITE will use user-specified box
Centroid of box:  56.904  45.899  74.329
 boundaries   51.9044971466064        61.9044971466064     
   40.8994960784912        50.8994960784912        69.3289995193481     
   79.3289995193481     
 box          10          10          10
 maximum number of atoms in a sitebox =           6
Site points found:  Sunday, January 29 2023, at 09:47:44 IST
 boxes, patoms in boxes, empty boxes =         125         266          29
 total, outside sites =        1000          81
Site points pruned:  Sunday, January 29 2023, at 09:47:44 IST
final goodsites =        24
         7 sites will be removed
        17 good sites remain
Number of site groups found =     1

  Group  index  size  score     x       y       z     stdev
    1      1     17    1.59   54.55   48.48   71.67    1.47
Sites linked and merged:  Sunday, January 29 2023, at 09:47:44 IST
 Storing receptor data

Site-finding complete.
Number of sites to map/eval:  1

-- Mapping site  1 --
jobname: md1_crop485_coa_site_1
all SiteMap grid files will be generated
 philic map specified
 phobic map specified
 donor map specified
 acceptor map specified
 metal-ligation map specified
 surface-display map specified
grid margin:     6.00
grid spacing:     0.70
non-bonded cutoff:    20.00
ligand/sitepoints file: 
protein coordinates/parameters file: 
output map/grid files will be written to the current directory
vis files will be written
protein charges will be modified to reduce formal charges and adjust donor/acceptor potentials
protein radii will be modified to allow closer approach to donor and acceptor heteroatoms
phobic areas will be modified to emphasize enclosed regions and to deemphasize exposed regions using alternative method
all input instructions read
 Getting site data
ligand xcm,ycm,zcm,xrange,yrange,zrange 54.904 48.399 71.829  2.000  3.000  3.000

 Reusing receptor data from site-finding stage.

Sitemap: electrostatic+vdw interaction energy
Map field of *enzyme* in region of *inhibitor*

computing site maps ...
grid lim (orig)  47.904  61.904  40.899  55.899  64.329  79.329
grid lim (adj)   47.554  62.254  40.699  56.099  64.129  79.529
grid point counts   22   23   23
total grid points   11638

 5675 receptor atoms read
grid: adjdip
number of grid points within emin, emax limits =     9228
 maximum grid value before cutoff =               -0.158
 minimum grid value before cutoff =   -700.091

philic and phobic grids formed
grid: surf
number of grid points within emin, emax limits =     1860
 maximum grid value before cutoff =         38533350.154
 minimum grid value before cutoff =     -2.983

grid: phil
number of grid points within emin, emax limits =     1388
 maximum grid value before cutoff =         38533300.154
 minimum grid value before cutoff =    -27.361

grid: phob
number of grid points within emin, emax limits =      470
 maximum grid value before cutoff =         38533365.154
 minimum grid value before cutoff =     -2.066

mod_phobic: phobthresh, philthresh =  -0.250  -3.000
 maximum number of atoms in a sitebox =           9
 boxes, patoms in boxes, empty boxes =       10659        5675        8590
Average phobic potential changed from  -0.875 to  -0.590 for   65 grid points

number of phobic points =   161   average phobic score =   0.98
number of philic points =  1227   average philic score =  -6.95

number of qualifying surf grid points =      261

number of qualifying phil grid points =      431

number of qualifying phob grid points =       15

number of qualifying accptr grid points =      196

number of qualifying donor grid points =      228

number of qualifying metal grid points =        0

visgrd volume surf                                                                            
visgrd author sitemap                                                                         
visgrd property name surf                                                                            
visgrd qualifying points    973
visgrd default map values       1       1.00      2
visgrd number of dims    3
visgrd dimensions         22        23        23
visgrd axis scales      0.700     0.700     0.700

visgrd volume hydrophil                                                                       
visgrd author sitemap                                                                         
visgrd property name phil                                                                            
visgrd qualifying points    431
visgrd default map values       1      -8.00     10
visgrd number of dims    3
visgrd dimensions         22        23        23
visgrd axis scales      0.700     0.700     0.700

visgrd volume hydrophob                                                                       
visgrd author sitemap                                                                         
visgrd property name phob                                                                            
visgrd qualifying points     32
visgrd default map values       1      -0.50     13
visgrd number of dims    3
visgrd dimensions         22        23        23
visgrd axis scales      0.700     0.700     0.700

visgrd volume hbacceptor                                                                      
visgrd author sitemap                                                                         
visgrd property name accptr                                                                          
visgrd qualifying points    196
visgrd default map values       1      -8.00     16
visgrd number of dims    3
visgrd dimensions         22        23        23
visgrd axis scales      0.700     0.700     0.700

visgrd volume hbdonor                                                                         
visgrd author sitemap                                                                         
visgrd property name donor                                                                           
visgrd qualifying points    228
visgrd default map values       1      -8.00      5
visgrd number of dims    3
visgrd dimensions         22        23        23
visgrd axis scales      0.700     0.700     0.700

-- Evaluating site  1 --
Ligand/site-points file: 
Protein coordinates/parameters file: 
extend =   3
 Verbosity flags: F F F F F
all SiteMap grid files will be read
the protein charges will be modified to reduce formal charges and adjust donor/acceptor potentials
protein radii will be modified to allow closer approach to donor and acceptor heteroatoms
phobic areas emphasize enclosed regions and deemphasize exposed regions using alternative method
site-point set will be augmented by including significant nearby points
  threshold for adding phobic points:  -0.500
  threshold for adding philic points:  -8.000
base name for SiteMap grid files: 
 Reusing grid data
reusing site data
Number of protein atoms:    5675
 
phobic grid file reshaped
philic grid file reshaped
donor grid file reshaped
acceptor grid file reshaped
metal grid file reshaped
surf grid file reshaped
 maximum number of atoms in a sitebox =           9


Number of site points   17  first shell   28  higher shells   38   dirscore   0.941
1 vdw  -1.677   phob  -0.125   phil  -7.420   donor  -1.954   acceptor  -5.466   metal   0.000
2               phob  -0.005   phil  -7.359   donor  -4.592   acceptor  -2.767   metal   0.000

SiteScore size   Dscore  volume  exposure enclosure contact  phobic   philic   balance  don/acc
  0.927    46    0.556   120.05    0.589    0.941    1.294    0.031    1.981    0.016    0.357

-- Done with site  1 --

== End SiteMap calculation ==

Wrote 1 sites to "md1_crop485_coa_out.maegz".

Current time: Sun Jan 29 09:47:45 2023
Elapsed time: 0:00:03.56
SiteMap successfully completed.

