--------------------------------------------------------------------------------
JobId          : X299-0-63d62023
Name           : md1_crop115_coa
Program        : SiteMap
Version        : 2021-4 build 135
Host           : X299
Dir            : /mnt/3a29b482-dac1-4563-be89-d63ad92354e9/cers_modelling/md_sampling_cers_models/charmm_gui_systems/cers2_10pc_chol/sitemaps
HostEntry      : localhost
JobHost        : X299
JobDir         : /scratch/tamir/md1_crop115_coa
JobSchrodinger : /opt/schrodinger2021-4
Commandline    : /opt/schrodinger2021-4/sitemap md1_crop115_coa.in
StartTime      : 2023-01-29-09:28:35
--------------------------------------------------------------------------------

== Begin input keywords ==
ADDPHIL  -8.0
ADDPHOB  -0.5
ADDSP  True
COMPRESS  True
CUTOFF  20.0
D2THRESH  3.1
DTHRESH  6.5
DVSCALE  2.5
ENCLOSURE  0.5
EXTEND  3
FAKE  False
FFIELD  OPLS_2005
GRID  0.7
KEEPELEC  False
KEEPVDW  False
KEEPVOLPTS  True
KMAX  3
KMAX2  5
MAPDIST  4.0
MARGIN  6.0
MAXDIST  8.0
MAXSITES  1
MAXVDW  1.1
MINGROUP  3
MODCHARGES  True
MODPHOBIC  3
NEARRES  3.5
NTHRESH  3
PROT  md1_crop115.mae
R2THRESH  4.1
REPORTSIZE  10
ROUND  False
RTHRESH  5.0
VERBOSITY  0
WRITEGRIDS  False
WRITEPOT  False
WRITESTRUCTS  True
WRITEVIS  True
XCENT  54.997501373291016
XRANGE  10.0
YCENT  44.110002517700195
YRANGE  10.0
ZCENT  77.63399600982666
ZRANGE  10.0
== End input keywords ==

== Begin single-receptor SiteMap calculation ==

-- Begin site search --
 Parameters for this calculation:
 sitecut =  0.500000000000000     
 sitescmin =   1.10000000000000     
 afactor =   1.00000000000000     
 bfactor =   1.00000000000000     
 imaxsite =           8
 ithresh =           3
 mingroup =           3
 kmax =           3
 kmax2 =           5
 r2thresh =   4.10000000000000     
 dvscale =   2.50000000000000     
 dvscnorm =   2.50000000000000     
 dvscbig =   2.50000000000000     
 border =   2.00000000000000     
 dthresh =   6.50000000000000     
 rthresh =   5.00000000000000     
 maxgroup =         100
 r2thresh =   4.10000000000000     
 nthresh =           3
 ndir =         110
 use_vdw = T
 repname = none
 repsize =          10
 maxrep =           1
 sitelis = sites.lis
 profile = none
 sitelig = none
 siteasl = none
 use_sitelig =  F
 sitebox =  -999.000000000000     
 writepdb =  F
 number of protein atoms =        5676
Starting findsites:  Sunday, January 29 2023, at 09:28:38 IST
ptypes obtained:  Sunday, January 29 2023, at 09:28:38 IST
lj parameters obtained:  Sunday, January 29 2023, at 09:28:38 IST
Basic parameters obtained:  Sunday, January 29 2023, at 09:28:38 IST
Receptor parameterization completed:  Sunday, January 29 2023, at 09:28:38 IST
 scaled value of sitecut =   55.0000000000000     
 sphere directions set up         110
Sunday, January 29 2023, at 09:28:38 IST
 FINDSITE will use user-specified box
Centroid of box:  54.998  44.110  77.634
 boundaries   49.9975013732910        59.9975013732910     
   39.1100025177002        49.1100025177002        72.6339960098267     
   82.6339960098267     
 box          10          10          10
 maximum number of atoms in a sitebox =           7
Site points found:  Sunday, January 29 2023, at 09:28:38 IST
 boxes, patoms in boxes, empty boxes =         125         259          30
 total, outside sites =        1000         109
Site points pruned:  Sunday, January 29 2023, at 09:28:38 IST
final goodsites =        36
         7 sites will be removed
        29 good sites remain
Number of site groups found =     1

  Group  index  size  score     x       y       z     stdev
    1      1     29    1.43   53.92   46.35   75.44    2.25
Sites linked and merged:  Sunday, January 29 2023, at 09:28:38 IST
 Storing receptor data

Site-finding complete.
Number of sites to map/eval:  1

-- Mapping site  1 --
jobname: md1_crop115_coa_site_1
all SiteMap grid files will be generated
 philic map specified
 phobic map specified
 donor map specified
 acceptor map specified
 metal-ligation map specified
 surface-display map specified
grid margin:     6.00
grid spacing:     0.70
non-bonded cutoff:    20.00
ligand/sitepoints file: 
protein coordinates/parameters file: 
output map/grid files will be written to the current directory
vis files will be written
protein charges will be modified to reduce formal charges and adjust donor/acceptor potentials
protein radii will be modified to allow closer approach to donor and acceptor heteroatoms
phobic areas will be modified to emphasize enclosed regions and to deemphasize exposed regions using alternative method
all input instructions read
 Getting site data
ligand xcm,ycm,zcm,xrange,yrange,zrange 54.998 46.110 75.634  6.000  4.000  4.000

 Reusing receptor data from site-finding stage.

Sitemap: electrostatic+vdw interaction energy
Map field of *enzyme* in region of *inhibitor*

computing site maps ...
grid lim (orig)  45.998  63.998  38.110  54.110  67.634  83.634
grid lim (adj)   45.898  64.098  38.060  54.160  67.584  83.684
grid point counts   27   24   24
total grid points   15552

 5676 receptor atoms read
grid: adjdip
number of grid points within emin, emax limits =    12677
 maximum grid value before cutoff =               -0.113
 minimum grid value before cutoff =   -602.040

philic and phobic grids formed
grid: surf
number of grid points within emin, emax limits =     2553
 maximum grid value before cutoff =         40790976.584
 minimum grid value before cutoff =     -2.756

grid: phil
number of grid points within emin, emax limits =     2050
 maximum grid value before cutoff =         40790926.584
 minimum grid value before cutoff =    -21.434

grid: phob
number of grid points within emin, emax limits =      911
 maximum grid value before cutoff =         40790991.584
 minimum grid value before cutoff =     -2.132

mod_phobic: phobthresh, philthresh =  -0.250  -3.000
 maximum number of atoms in a sitebox =           8
 boxes, patoms in boxes, empty boxes =       11571        5676        9491
Average phobic potential changed from  -0.896 to  -0.571 for  412 grid points

number of phobic points =   515   average phobic score =   0.89
number of philic points =  1535   average philic score =  -6.45

number of qualifying surf grid points =      382

number of qualifying phil grid points =      482

number of qualifying phob grid points =      114

number of qualifying accptr grid points =      223

number of qualifying donor grid points =      254

number of qualifying metal grid points =        0

visgrd volume surf                                                                            
visgrd author sitemap                                                                         
visgrd property name surf                                                                            
visgrd qualifying points   1549
visgrd default map values       1       1.00      2
visgrd number of dims    3
visgrd dimensions         27        24        24
visgrd axis scales      0.700     0.700     0.700

visgrd volume hydrophil                                                                       
visgrd author sitemap                                                                         
visgrd property name phil                                                                            
visgrd qualifying points    482
visgrd default map values       1      -8.00     10
visgrd number of dims    3
visgrd dimensions         27        24        24
visgrd axis scales      0.700     0.700     0.700

visgrd volume hydrophob                                                                       
visgrd author sitemap                                                                         
visgrd property name phob                                                                            
visgrd qualifying points    189
visgrd default map values       1      -0.50     13
visgrd number of dims    3
visgrd dimensions         27        24        24
visgrd axis scales      0.700     0.700     0.700

visgrd volume hbacceptor                                                                      
visgrd author sitemap                                                                         
visgrd property name accptr                                                                          
visgrd qualifying points    223
visgrd default map values       1      -8.00     16
visgrd number of dims    3
visgrd dimensions         27        24        24
visgrd axis scales      0.700     0.700     0.700

visgrd volume hbdonor                                                                         
visgrd author sitemap                                                                         
visgrd property name donor                                                                           
visgrd qualifying points    254
visgrd default map values       1      -8.00      5
visgrd number of dims    3
visgrd dimensions         27        24        24
visgrd axis scales      0.700     0.700     0.700

-- Evaluating site  1 --
Ligand/site-points file: 
Protein coordinates/parameters file: 
extend =   3
 Verbosity flags: F F F F F
all SiteMap grid files will be read
the protein charges will be modified to reduce formal charges and adjust donor/acceptor potentials
protein radii will be modified to allow closer approach to donor and acceptor heteroatoms
phobic areas emphasize enclosed regions and deemphasize exposed regions using alternative method
site-point set will be augmented by including significant nearby points
  threshold for adding phobic points:  -0.500
  threshold for adding philic points:  -8.000
base name for SiteMap grid files: 
 Reusing grid data
reusing site data
Number of protein atoms:    5676
 
phobic grid file reshaped
philic grid file reshaped
donor grid file reshaped
acceptor grid file reshaped
metal grid file reshaped
surf grid file reshaped
 maximum number of atoms in a sitebox =           8


Number of site points   29  first shell   45  higher shells   63   dirscore   0.915
1 vdw  -1.554   phob  -0.418   phil  -4.543   donor  -1.454   acceptor  -3.089   metal   0.000
2               phob  -0.185   phil  -4.311   donor  -2.483   acceptor  -1.828   metal   0.000

SiteScore size   Dscore  volume  exposure enclosure contact  phobic   philic   balance  don/acc
  1.016    68    0.929   176.30    0.614    0.915    1.199    1.285    1.213    1.059    0.471

-- Done with site  1 --

== End SiteMap calculation ==

Wrote 1 sites to "md1_crop115_coa_out.maegz".

Current time: Sun Jan 29 09:28:40 2023
Elapsed time: 0:00:04.14
SiteMap successfully completed.

