--------------------------------------------------------------------------------
JobId          : X299-0-63d62234
Name           : md1_crop286_sph
Program        : SiteMap
Version        : 2021-4 build 135
Host           : X299
Dir            : /mnt/3a29b482-dac1-4563-be89-d63ad92354e9/cers_modelling/md_sampling_cers_models/charmm_gui_systems/cers2_10pc_chol/sitemaps
HostEntry      : localhost
JobHost        : X299
JobDir         : /scratch/tamir/md1_crop286_sph
JobSchrodinger : /opt/schrodinger2021-4
Commandline    : /opt/schrodinger2021-4/sitemap md1_crop286_sph.in
StartTime      : 2023-01-29-09:37:24
--------------------------------------------------------------------------------

== Begin input keywords ==
ADDPHIL  -8.0
ADDPHOB  -0.5
ADDSP  True
COMPRESS  True
CUTOFF  20.0
D2THRESH  3.1
DTHRESH  6.5
DVSCALE  2.5
ENCLOSURE  0.5
EXTEND  3
FAKE  False
FFIELD  OPLS_2005
GRID  0.7
KEEPELEC  False
KEEPVDW  False
KEEPVOLPTS  True
KMAX  3
KMAX2  5
MAPDIST  4.0
MARGIN  6.0
MAXDIST  8.0
MAXSITES  1
MAXVDW  1.1
MINGROUP  3
MODCHARGES  True
MODPHOBIC  3
NEARRES  3.5
NTHRESH  3
PROT  md1_crop286.mae
R2THRESH  4.1
REPORTSIZE  10
ROUND  False
RTHRESH  5.0
VERBOSITY  0
WRITEGRIDS  False
WRITEPOT  False
WRITESTRUCTS  True
WRITEVIS  True
XCENT  44.31300163269043
XRANGE  10.0
YCENT  43.12300205230713
YRANGE  10.0
ZCENT  65.4099988937378
ZRANGE  10.0
== End input keywords ==

== Begin single-receptor SiteMap calculation ==

-- Begin site search --
 Parameters for this calculation:
 sitecut =  0.500000000000000     
 sitescmin =   1.10000000000000     
 afactor =   1.00000000000000     
 bfactor =   1.00000000000000     
 imaxsite =           8
 ithresh =           3
 mingroup =           3
 kmax =           3
 kmax2 =           5
 r2thresh =   4.10000000000000     
 dvscale =   2.50000000000000     
 dvscnorm =   2.50000000000000     
 dvscbig =   2.50000000000000     
 border =   2.00000000000000     
 dthresh =   6.50000000000000     
 rthresh =   5.00000000000000     
 maxgroup =         100
 r2thresh =   4.10000000000000     
 nthresh =           3
 ndir =         110
 use_vdw = T
 repname = none
 repsize =          10
 maxrep =           1
 sitelis = sites.lis
 profile = none
 sitelig = none
 siteasl = none
 use_sitelig =  F
 sitebox =  -999.000000000000     
 writepdb =  F
 number of protein atoms =        5674
Starting findsites:  Sunday, January 29 2023, at 09:37:27 IST
ptypes obtained:  Sunday, January 29 2023, at 09:37:28 IST
lj parameters obtained:  Sunday, January 29 2023, at 09:37:28 IST
Basic parameters obtained:  Sunday, January 29 2023, at 09:37:28 IST
Receptor parameterization completed:  Sunday, January 29 2023, at 09:37:28 IST
 scaled value of sitecut =   55.0000000000000     
 sphere directions set up         110
Sunday, January 29 2023, at 09:37:28 IST
 FINDSITE will use user-specified box
Centroid of box:  44.313  43.123  65.410
 boundaries   39.3130016326904        49.3130016326904     
   38.1230020523071        48.1230020523071        60.4099988937378     
   70.4099988937378     
 box          10          10          10
 maximum number of atoms in a sitebox =           6
Site points found:  Sunday, January 29 2023, at 09:37:28 IST
 boxes, patoms in boxes, empty boxes =         125         204          47
 total, outside sites =        1000         305
Site points pruned:  Sunday, January 29 2023, at 09:37:28 IST
final goodsites =        16
         2 sites will be removed
        14 good sites remain
Number of site groups found =     1

  Group  index  size  score     x       y       z     stdev
    1      1     14    1.43   46.94   44.53   65.08    1.35
Sites linked and merged:  Sunday, January 29 2023, at 09:37:28 IST
 Storing receptor data

Site-finding complete.
Number of sites to map/eval:  1

-- Mapping site  1 --
jobname: md1_crop286_sph_site_1
all SiteMap grid files will be generated
 philic map specified
 phobic map specified
 donor map specified
 acceptor map specified
 metal-ligation map specified
 surface-display map specified
grid margin:     6.00
grid spacing:     0.70
non-bonded cutoff:    20.00
ligand/sitepoints file: 
protein coordinates/parameters file: 
output map/grid files will be written to the current directory
vis files will be written
protein charges will be modified to reduce formal charges and adjust donor/acceptor potentials
protein radii will be modified to allow closer approach to donor and acceptor heteroatoms
phobic areas will be modified to emphasize enclosed regions and to deemphasize exposed regions using alternative method
all input instructions read
 Getting site data
ligand xcm,ycm,zcm,xrange,yrange,zrange 46.813 44.623 65.410  3.000  3.000  2.000

 Reusing receptor data from site-finding stage.

Sitemap: electrostatic+vdw interaction energy
Map field of *enzyme* in region of *inhibitor*

computing site maps ...
grid lim (orig)  39.313  54.313  37.123  52.123  58.410  72.410
grid lim (adj)   39.113  54.513  36.923  52.323  58.060  72.760
grid point counts   23   23   22
total grid points   11638

 5674 receptor atoms read
grid: adjdip
number of grid points within emin, emax limits =    10326
 maximum grid value before cutoff =               -0.020
 minimum grid value before cutoff =   -518.549

philic and phobic grids formed
grid: surf
number of grid points within emin, emax limits =     2185
 maximum grid value before cutoff =         43181710.759
 minimum grid value before cutoff =     -2.731

grid: phil
number of grid points within emin, emax limits =     2529
 maximum grid value before cutoff =         43181660.759
 minimum grid value before cutoff =    -23.934

grid: phob
number of grid points within emin, emax limits =     1550
 maximum grid value before cutoff =         43181725.759
 minimum grid value before cutoff =     -2.115

mod_phobic: phobthresh, philthresh =  -0.250  -3.000
 maximum number of atoms in a sitebox =           8
 boxes, patoms in boxes, empty boxes =       10469        5674        8362
Average phobic potential changed from  -0.837 to  -0.499 for  709 grid points

number of phobic points =  1126   average phobic score =   0.70
number of philic points =  1403   average philic score =  -5.04

number of qualifying surf grid points =      420

number of qualifying phil grid points =      282

number of qualifying phob grid points =      104

number of qualifying accptr grid points =       95

number of qualifying donor grid points =      172

number of qualifying metal grid points =        0

visgrd volume surf                                                                            
visgrd author sitemap                                                                         
visgrd property name surf                                                                            
visgrd qualifying points   2180
visgrd default map values       1       1.00      2
visgrd number of dims    3
visgrd dimensions         23        23        22
visgrd axis scales      0.700     0.700     0.700

visgrd volume hydrophil                                                                       
visgrd author sitemap                                                                         
visgrd property name phil                                                                            
visgrd qualifying points    282
visgrd default map values       1      -8.00     10
visgrd number of dims    3
visgrd dimensions         23        23        22
visgrd axis scales      0.700     0.700     0.700

visgrd volume hydrophob                                                                       
visgrd author sitemap                                                                         
visgrd property name phob                                                                            
visgrd qualifying points    268
visgrd default map values       1      -0.50     13
visgrd number of dims    3
visgrd dimensions         23        23        22
visgrd axis scales      0.700     0.700     0.700

visgrd volume hbacceptor                                                                      
visgrd author sitemap                                                                         
visgrd property name accptr                                                                          
visgrd qualifying points     95
visgrd default map values       1      -8.00     16
visgrd number of dims    3
visgrd dimensions         23        23        22
visgrd axis scales      0.700     0.700     0.700

visgrd volume hbdonor                                                                         
visgrd author sitemap                                                                         
visgrd property name donor                                                                           
visgrd qualifying points    172
visgrd default map values       1      -8.00      5
visgrd number of dims    3
visgrd dimensions         23        23        22
visgrd axis scales      0.700     0.700     0.700

-- Evaluating site  1 --
Ligand/site-points file: 
Protein coordinates/parameters file: 
extend =   3
 Verbosity flags: F F F F F
all SiteMap grid files will be read
the protein charges will be modified to reduce formal charges and adjust donor/acceptor potentials
protein radii will be modified to allow closer approach to donor and acceptor heteroatoms
phobic areas emphasize enclosed regions and deemphasize exposed regions using alternative method
site-point set will be augmented by including significant nearby points
  threshold for adding phobic points:  -0.500
  threshold for adding philic points:  -8.000
base name for SiteMap grid files: 
 Reusing grid data
reusing site data
Number of protein atoms:    5674
 
phobic grid file reshaped
philic grid file reshaped
donor grid file reshaped
acceptor grid file reshaped
metal grid file reshaped
surf grid file reshaped
 maximum number of atoms in a sitebox =           8


Number of site points   14  first shell   19  higher shells   50   dirscore   0.844
1 vdw  -1.375   phob  -0.554   phil  -2.180   donor  -1.653   acceptor  -0.527   metal   0.000
2               phob  -0.285   phil  -1.907   donor  -0.281   acceptor  -1.626   metal   0.000

SiteScore size   Dscore  volume  exposure enclosure contact  phobic   philic   balance  don/acc
  0.854    30    0.831   155.04    0.697    0.844    1.061    1.980    0.582    3.401    3.134

-- Done with site  1 --

== End SiteMap calculation ==

Wrote 1 sites to "md1_crop286_sph_out.maegz".

Current time: Sun Jan 29 09:37:29 2023
Elapsed time: 0:00:03.97
SiteMap successfully completed.

