--------------------------------------------------------------------------------
JobId          : X299-0-63d62053
Name           : md1_crop130_sph
Program        : SiteMap
Version        : 2021-4 build 135
Host           : X299
Dir            : /mnt/3a29b482-dac1-4563-be89-d63ad92354e9/cers_modelling/md_sampling_cers_models/charmm_gui_systems/cers2_10pc_chol/sitemaps
HostEntry      : localhost
JobHost        : X299
JobDir         : /scratch/tamir/md1_crop130_sph
JobSchrodinger : /opt/schrodinger2021-4
Commandline    : /opt/schrodinger2021-4/sitemap md1_crop130_sph.in
StartTime      : 2023-01-29-09:29:23
--------------------------------------------------------------------------------

== Begin input keywords ==
ADDPHIL  -8.0
ADDPHOB  -0.5
ADDSP  True
COMPRESS  True
CUTOFF  20.0
D2THRESH  3.1
DTHRESH  6.5
DVSCALE  2.5
ENCLOSURE  0.5
EXTEND  3
FAKE  False
FFIELD  OPLS_2005
GRID  0.7
KEEPELEC  False
KEEPVDW  False
KEEPVOLPTS  True
KMAX  3
KMAX2  5
MAPDIST  4.0
MARGIN  6.0
MAXDIST  8.0
MAXSITES  1
MAXVDW  1.1
MINGROUP  3
MODCHARGES  True
MODPHOBIC  3
NEARRES  3.5
NTHRESH  3
PROT  md1_crop130.mae
R2THRESH  4.1
REPORTSIZE  10
ROUND  False
RTHRESH  5.0
VERBOSITY  0
WRITEGRIDS  False
WRITEPOT  False
WRITESTRUCTS  True
WRITEVIS  True
XCENT  41.38999938964844
XRANGE  10.0
YCENT  45.04000186920166
YRANGE  10.0
ZCENT  67.59500026702881
ZRANGE  10.0
== End input keywords ==

== Begin single-receptor SiteMap calculation ==

-- Begin site search --
 Parameters for this calculation:
 sitecut =  0.500000000000000     
 sitescmin =   1.10000000000000     
 afactor =   1.00000000000000     
 bfactor =   1.00000000000000     
 imaxsite =           8
 ithresh =           3
 mingroup =           3
 kmax =           3
 kmax2 =           5
 r2thresh =   4.10000000000000     
 dvscale =   2.50000000000000     
 dvscnorm =   2.50000000000000     
 dvscbig =   2.50000000000000     
 border =   2.00000000000000     
 dthresh =   6.50000000000000     
 rthresh =   5.00000000000000     
 maxgroup =         100
 r2thresh =   4.10000000000000     
 nthresh =           3
 ndir =         110
 use_vdw = T
 repname = none
 repsize =          10
 maxrep =           1
 sitelis = sites.lis
 profile = none
 sitelig = none
 siteasl = none
 use_sitelig =  F
 sitebox =  -999.000000000000     
 writepdb =  F
 number of protein atoms =        5676
Starting findsites:  Sunday, January 29 2023, at 09:29:26 IST
ptypes obtained:  Sunday, January 29 2023, at 09:29:27 IST
lj parameters obtained:  Sunday, January 29 2023, at 09:29:27 IST
Basic parameters obtained:  Sunday, January 29 2023, at 09:29:27 IST
Receptor parameterization completed:  Sunday, January 29 2023, at 09:29:27 IST
 scaled value of sitecut =   55.0000000000000     
 sphere directions set up         110
Sunday, January 29 2023, at 09:29:27 IST
 FINDSITE will use user-specified box
Centroid of box:  41.390  45.040  67.595
 boundaries   36.3899993896484        46.3899993896484     
   40.0400018692017        50.0400018692017        62.5950002670288     
   72.5950002670288     
 box          10          10          10
 maximum number of atoms in a sitebox =           7
Site points found:  Sunday, January 29 2023, at 09:29:27 IST
 boxes, patoms in boxes, empty boxes =         125         197          54
 total, outside sites =        1000         260
Site points pruned:  Sunday, January 29 2023, at 09:29:27 IST
final goodsites =        22
         3 sites will be removed
        19 good sites remain
Number of site groups found =     1

  Group  index  size  score     x       y       z     stdev
    1      1     19    1.35   42.46   44.09   65.26    1.68
Sites linked and merged:  Sunday, January 29 2023, at 09:29:27 IST
 Storing receptor data

Site-finding complete.
Number of sites to map/eval:  1

-- Mapping site  1 --
jobname: md1_crop130_sph_site_1
all SiteMap grid files will be generated
 philic map specified
 phobic map specified
 donor map specified
 acceptor map specified
 metal-ligation map specified
 surface-display map specified
grid margin:     6.00
grid spacing:     0.70
non-bonded cutoff:    20.00
ligand/sitepoints file: 
protein coordinates/parameters file: 
output map/grid files will be written to the current directory
vis files will be written
protein charges will be modified to reduce formal charges and adjust donor/acceptor potentials
protein radii will be modified to allow closer approach to donor and acceptor heteroatoms
phobic areas will be modified to emphasize enclosed regions and to deemphasize exposed regions using alternative method
all input instructions read
 Getting site data
ligand xcm,ycm,zcm,xrange,yrange,zrange 42.390 44.040 65.595  4.000  2.000  4.000

 Reusing receptor data from site-finding stage.

Sitemap: electrostatic+vdw interaction energy
Map field of *enzyme* in region of *inhibitor*

computing site maps ...
grid lim (orig)  34.390  50.390  37.040  51.040  57.595  73.595
grid lim (adj)   34.340  50.440  36.690  51.390  57.545  73.645
grid point counts   24   22   24
total grid points   12672

 5676 receptor atoms read
grid: adjdip
number of grid points within emin, emax limits =    11426
 maximum grid value before cutoff =               -0.031
 minimum grid value before cutoff =   -481.495

philic and phobic grids formed
grid: surf
number of grid points within emin, emax limits =     2498
 maximum grid value before cutoff =         34519915.074
 minimum grid value before cutoff =     -2.792

grid: phil
number of grid points within emin, emax limits =     3738
 maximum grid value before cutoff =         34519865.074
 minimum grid value before cutoff =    -23.100

grid: phob
number of grid points within emin, emax limits =     2706
 maximum grid value before cutoff =         34519930.074
 minimum grid value before cutoff =     -2.123

mod_phobic: phobthresh, philthresh =  -0.250  -3.000
 maximum number of atoms in a sitebox =           8
 boxes, patoms in boxes, empty boxes =       11571        5676        9482
Average phobic potential changed from  -0.790 to  -0.435 for 1007 grid points

number of phobic points =  2104   average phobic score =   0.54
number of philic points =  1634   average philic score =  -4.06

number of qualifying surf grid points =      515

number of qualifying phil grid points =      241

number of qualifying phob grid points =      146

number of qualifying accptr grid points =       80

number of qualifying donor grid points =      158

number of qualifying metal grid points =        0

visgrd volume surf                                                                            
visgrd author sitemap                                                                         
visgrd property name surf                                                                            
visgrd qualifying points   3344
visgrd default map values       1       1.00      2
visgrd number of dims    3
visgrd dimensions         24        22        24
visgrd axis scales      0.700     0.700     0.700

visgrd volume hydrophil                                                                       
visgrd author sitemap                                                                         
visgrd property name phil                                                                            
visgrd qualifying points    241
visgrd default map values       1      -8.00     10
visgrd number of dims    3
visgrd dimensions         24        22        24
visgrd axis scales      0.700     0.700     0.700

visgrd volume hydrophob                                                                       
visgrd author sitemap                                                                         
visgrd property name phob                                                                            
visgrd qualifying points    345
visgrd default map values       1      -0.50     13
visgrd number of dims    3
visgrd dimensions         24        22        24
visgrd axis scales      0.700     0.700     0.700

visgrd volume hbacceptor                                                                      
visgrd author sitemap                                                                         
visgrd property name accptr                                                                          
visgrd qualifying points     80
visgrd default map values       1      -8.00     16
visgrd number of dims    3
visgrd dimensions         24        22        24
visgrd axis scales      0.700     0.700     0.700

visgrd volume hbdonor                                                                         
visgrd author sitemap                                                                         
visgrd property name donor                                                                           
visgrd qualifying points    158
visgrd default map values       1      -8.00      5
visgrd number of dims    3
visgrd dimensions         24        22        24
visgrd axis scales      0.700     0.700     0.700

-- Evaluating site  1 --
Ligand/site-points file: 
Protein coordinates/parameters file: 
extend =   3
 Verbosity flags: F F F F F
all SiteMap grid files will be read
the protein charges will be modified to reduce formal charges and adjust donor/acceptor potentials
protein radii will be modified to allow closer approach to donor and acceptor heteroatoms
phobic areas emphasize enclosed regions and deemphasize exposed regions using alternative method
site-point set will be augmented by including significant nearby points
  threshold for adding phobic points:  -0.500
  threshold for adding philic points:  -8.000
base name for SiteMap grid files: 
 Reusing grid data
reusing site data
Number of protein atoms:    5676
 
phobic grid file reshaped
philic grid file reshaped
donor grid file reshaped
acceptor grid file reshaped
metal grid file reshaped
surf grid file reshaped
 maximum number of atoms in a sitebox =           8


Number of site points   19  first shell   26  higher shells   58   dirscore   0.824
1 vdw  -1.361   phob  -0.587   phil  -2.424   donor  -0.888   acceptor  -1.536   metal   0.000
2               phob  -0.324   phil  -2.191   donor  -1.390   acceptor  -0.801   metal   0.000

SiteScore size   Dscore  volume  exposure enclosure contact  phobic   philic   balance  don/acc
  0.924    46    0.921   132.40    0.646    0.824    1.050    2.251    0.647    3.478    0.578

-- Done with site  1 --

== End SiteMap calculation ==

Wrote 1 sites to "md1_crop130_sph_out.maegz".

Current time: Sun Jan 29 09:29:28 2023
Elapsed time: 0:00:04.15
SiteMap successfully completed.

