--------------------------------------------------------------------------------
JobId          : X299-1-63d65dfa
Name           : md1_crop235_acyl
Program        : SiteMap
Version        : 2021-4 build 135
Host           : X299
Dir            : /mnt/3a29b482-dac1-4563-be89-d63ad92354e9/cers_modelling/md_sampling_cers_models/charmm_gui_systems/cers2_10pc_chol/sitemaps
HostEntry      : localhost
JobHost        : X299
JobDir         : /scratch/tamir/md1_crop235_acyl
JobSchrodinger : /opt/schrodinger2021-4
Commandline    : /opt/schrodinger2021-4/sitemap md1_crop235_acyl.in
StartTime      : 2023-01-29-13:52:27
--------------------------------------------------------------------------------

== Begin input keywords ==
ADDPHIL  -8.0
ADDPHOB  -0.5
ADDSP  True
COMPRESS  True
CUTOFF  20.0
D2THRESH  3.1
DTHRESH  6.5
DVSCALE  2.5
ENCLOSURE  0.5
EXTEND  3
FAKE  False
FFIELD  OPLS_2005
GRID  0.7
KEEPELEC  False
KEEPVDW  False
KEEPVOLPTS  True
KMAX  3
KMAX2  5
MAPDIST  4.0
MARGIN  6.0
MAXDIST  8.0
MAXSITES  1
MAXVDW  1.1
MINGROUP  3
MODCHARGES  True
MODPHOBIC  3
NEARRES  3.5
NTHRESH  3
PROT  md1_crop235.mae
R2THRESH  4.1
REPORTSIZE  10
ROUND  False
RTHRESH  5.0
VERBOSITY  0
WRITEGRIDS  False
WRITEPOT  False
WRITESTRUCTS  True
WRITEVIS  True
XCENT  59.634666442871094
XRANGE  10.0
YCENT  52.80466556549072
YRANGE  10.0
ZCENT  56.036667823791504
ZRANGE  10.0
== End input keywords ==

== Begin single-receptor SiteMap calculation ==

-- Begin site search --
 Parameters for this calculation:
 sitecut =  0.500000000000000     
 sitescmin =   1.10000000000000     
 afactor =   1.00000000000000     
 bfactor =   1.00000000000000     
 imaxsite =           8
 ithresh =           3
 mingroup =           3
 kmax =           3
 kmax2 =           5
 r2thresh =   4.10000000000000     
 dvscale =   2.50000000000000     
 dvscnorm =   2.50000000000000     
 dvscbig =   2.50000000000000     
 border =   2.00000000000000     
 dthresh =   6.50000000000000     
 rthresh =   5.00000000000000     
 maxgroup =         100
 r2thresh =   4.10000000000000     
 nthresh =           3
 ndir =         110
 use_vdw = T
 repname = none
 repsize =          10
 maxrep =           1
 sitelis = sites.lis
 profile = none
 sitelig = none
 siteasl = none
 use_sitelig =  F
 sitebox =  -999.000000000000     
 writepdb =  F
 number of protein atoms =        5675
Starting findsites:  Sunday, January 29 2023, at 13:52:30 IST
ptypes obtained:  Sunday, January 29 2023, at 13:52:30 IST
lj parameters obtained:  Sunday, January 29 2023, at 13:52:30 IST
Basic parameters obtained:  Sunday, January 29 2023, at 13:52:30 IST
Receptor parameterization completed:  Sunday, January 29 2023, at 13:52:30 IST
 scaled value of sitecut =   55.0000000000000     
 sphere directions set up         110
Sunday, January 29 2023, at 13:52:30 IST
 FINDSITE will use user-specified box
Centroid of box:  59.635  52.805  56.037
 boundaries   54.6346664428711        64.6346664428711     
   47.8046655654907        57.8046655654907        51.0366678237915     
   61.0366678237915     
 box          10          10          10
 maximum number of atoms in a sitebox =           8
Site points found:  Sunday, January 29 2023, at 13:52:30 IST
 boxes, patoms in boxes, empty boxes =         125         315          15
 total, outside sites =        1000          18
Site points pruned:  Sunday, January 29 2023, at 13:52:30 IST
final goodsites =         6
         3 sites will be removed
         3 good sites remain
Number of site groups found =     1

  Group  index  size  score     x       y       z     stdev
    1      1      3    2.10   62.31   52.44   55.34    0.82
Sites linked and merged:  Sunday, January 29 2023, at 13:52:30 IST
 Storing receptor data

Site-finding complete.
Number of sites to map/eval:  1

-- Mapping site  1 --
jobname: md1_crop235_acyl_site_1
all SiteMap grid files will be generated
 philic map specified
 phobic map specified
 donor map specified
 acceptor map specified
 metal-ligation map specified
 surface-display map specified
grid margin:     6.00
grid spacing:     0.70
non-bonded cutoff:    20.00
ligand/sitepoints file: 
protein coordinates/parameters file: 
output map/grid files will be written to the current directory
vis files will be written
protein charges will be modified to reduce formal charges and adjust donor/acceptor potentials
protein radii will be modified to allow closer approach to donor and acceptor heteroatoms
phobic areas will be modified to emphasize enclosed regions and to deemphasize exposed regions using alternative method
all input instructions read
 Getting site data
ligand xcm,ycm,zcm,xrange,yrange,zrange 62.135 52.305 55.537  1.000  1.000  1.000

 Reusing receptor data from site-finding stage.

Sitemap: electrostatic+vdw interaction energy
Map field of *enzyme* in region of *inhibitor*

computing site maps ...
grid lim (orig)  55.635  68.635  45.805  58.805  49.037  62.037
grid lim (adj)   55.485  68.785  45.655  58.955  48.887  62.187
grid point counts   20   20   20
total grid points    8000

 5675 receptor atoms read
grid: adjdip
number of grid points within emin, emax limits =     6966
 maximum grid value before cutoff =               -0.066
 minimum grid value before cutoff =   -641.917

philic and phobic grids formed
grid: surf
number of grid points within emin, emax limits =     1332
 maximum grid value before cutoff =         47294837.502
 minimum grid value before cutoff =     -2.708

grid: phil
number of grid points within emin, emax limits =     1248
 maximum grid value before cutoff =         47294787.502
 minimum grid value before cutoff =    -15.039

grid: phob
number of grid points within emin, emax limits =      824
 maximum grid value before cutoff =         47294852.502
 minimum grid value before cutoff =     -1.865

mod_phobic: phobthresh, philthresh =  -0.250  -3.000
 maximum number of atoms in a sitebox =           8
 boxes, patoms in boxes, empty boxes =       10469        5675        8381
Average phobic potential changed from  -0.729 to  -0.385 for  282 grid points

number of phobic points =   648   average phobic score =   0.58
number of philic points =   600   average philic score =  -4.06

number of qualifying surf grid points =      211

number of qualifying phil grid points =       79

number of qualifying phob grid points =       32

number of qualifying accptr grid points =       25

number of qualifying donor grid points =       49

number of qualifying metal grid points =        0

visgrd volume surf                                                                            
visgrd author sitemap                                                                         
visgrd property name surf                                                                            
visgrd qualifying points   1077
visgrd default map values       1       1.00      2
visgrd number of dims    3
visgrd dimensions         20        20        20
visgrd axis scales      0.700     0.700     0.700

visgrd volume hydrophil                                                                       
visgrd author sitemap                                                                         
visgrd property name phil                                                                            
visgrd qualifying points     79
visgrd default map values       1      -8.00     10
visgrd number of dims    3
visgrd dimensions         20        20        20
visgrd axis scales      0.700     0.700     0.700

visgrd volume hydrophob                                                                       
visgrd author sitemap                                                                         
visgrd property name phob                                                                            
visgrd qualifying points     66
visgrd default map values       1      -0.50     13
visgrd number of dims    3
visgrd dimensions         20        20        20
visgrd axis scales      0.700     0.700     0.700

visgrd volume hbacceptor                                                                      
visgrd author sitemap                                                                         
visgrd property name accptr                                                                          
visgrd qualifying points     25
visgrd default map values       1      -8.00     16
visgrd number of dims    3
visgrd dimensions         20        20        20
visgrd axis scales      0.700     0.700     0.700

visgrd volume hbdonor                                                                         
visgrd author sitemap                                                                         
visgrd property name donor                                                                           
visgrd qualifying points     49
visgrd default map values       1      -8.00      5
visgrd number of dims    3
visgrd dimensions         20        20        20
visgrd axis scales      0.700     0.700     0.700

-- Evaluating site  1 --
Ligand/site-points file: 
Protein coordinates/parameters file: 
extend =   3
 Verbosity flags: F F F F F
all SiteMap grid files will be read
the protein charges will be modified to reduce formal charges and adjust donor/acceptor potentials
protein radii will be modified to allow closer approach to donor and acceptor heteroatoms
phobic areas emphasize enclosed regions and deemphasize exposed regions using alternative method
site-point set will be augmented by including significant nearby points
  threshold for adding phobic points:  -0.500
  threshold for adding philic points:  -8.000
base name for SiteMap grid files: 
 Reusing grid data
reusing site data
Number of protein atoms:    5675
 
phobic grid file reshaped
philic grid file reshaped
donor grid file reshaped
acceptor grid file reshaped
metal grid file reshaped
surf grid file reshaped
 maximum number of atoms in a sitebox =           8


Number of site points    3  first shell   13  higher shells   23   dirscore   0.839
1 vdw  -1.634   phob  -0.646   phil  -3.389   donor  -0.340   acceptor  -3.050   metal   0.000
2               phob  -0.263   phil  -2.579   donor  -1.965   acceptor  -0.614   metal   0.000

SiteScore size   Dscore  volume  exposure enclosure contact  phobic   philic   balance  don/acc
  0.681    16    0.585    45.28    0.692    0.839    1.261    1.826    0.905    2.018    0.111

-- Done with site  1 --

== End SiteMap calculation ==

Wrote 1 sites to "md1_crop235_acyl_out.maegz".

Current time: Sun Jan 29 13:52:31 2023
Elapsed time: 0:00:03.30
SiteMap successfully completed.

