--------------------------------------------------------------------------------
JobId          : X299-0-63d62401
Name           : md1_crop434_sph
Program        : SiteMap
Version        : 2021-4 build 135
Host           : X299
Dir            : /mnt/3a29b482-dac1-4563-be89-d63ad92354e9/cers_modelling/md_sampling_cers_models/charmm_gui_systems/cers2_10pc_chol/sitemaps
HostEntry      : localhost
JobHost        : X299
JobDir         : /scratch/tamir/md1_crop434_sph
JobSchrodinger : /opt/schrodinger2021-4
Commandline    : /opt/schrodinger2021-4/sitemap md1_crop434_sph.in
StartTime      : 2023-01-29-09:45:05
--------------------------------------------------------------------------------

== Begin input keywords ==
ADDPHIL  -8.0
ADDPHOB  -0.5
ADDSP  True
COMPRESS  True
CUTOFF  20.0
D2THRESH  3.1
DTHRESH  6.5
DVSCALE  2.5
ENCLOSURE  0.5
EXTEND  3
FAKE  False
FFIELD  OPLS_2005
GRID  0.7
KEEPELEC  False
KEEPVDW  False
KEEPVOLPTS  True
KMAX  3
KMAX2  5
MAPDIST  4.0
MARGIN  6.0
MAXDIST  8.0
MAXSITES  1
MAXVDW  1.1
MINGROUP  3
MODCHARGES  True
MODPHOBIC  3
NEARRES  3.5
NTHRESH  3
PROT  md1_crop434.mae
R2THRESH  4.1
REPORTSIZE  10
ROUND  False
RTHRESH  5.0
VERBOSITY  0
WRITEGRIDS  False
WRITEPOT  False
WRITESTRUCTS  True
WRITEVIS  True
XCENT  43.71600151062012
XRANGE  10.0
YCENT  43.94599914550781
YRANGE  10.0
ZCENT  62.80399799346924
ZRANGE  10.0
== End input keywords ==

== Begin single-receptor SiteMap calculation ==

-- Begin site search --
 Parameters for this calculation:
 sitecut =  0.500000000000000     
 sitescmin =   1.10000000000000     
 afactor =   1.00000000000000     
 bfactor =   1.00000000000000     
 imaxsite =           8
 ithresh =           3
 mingroup =           3
 kmax =           3
 kmax2 =           5
 r2thresh =   4.10000000000000     
 dvscale =   2.50000000000000     
 dvscnorm =   2.50000000000000     
 dvscbig =   2.50000000000000     
 border =   2.00000000000000     
 dthresh =   6.50000000000000     
 rthresh =   5.00000000000000     
 maxgroup =         100
 r2thresh =   4.10000000000000     
 nthresh =           3
 ndir =         110
 use_vdw = T
 repname = none
 repsize =          10
 maxrep =           1
 sitelis = sites.lis
 profile = none
 sitelig = none
 siteasl = none
 use_sitelig =  F
 sitebox =  -999.000000000000     
 writepdb =  F
 number of protein atoms =        5675
Starting findsites:  Sunday, January 29 2023, at 09:45:08 IST
ptypes obtained:  Sunday, January 29 2023, at 09:45:09 IST
lj parameters obtained:  Sunday, January 29 2023, at 09:45:09 IST
Basic parameters obtained:  Sunday, January 29 2023, at 09:45:09 IST
Receptor parameterization completed:  Sunday, January 29 2023, at 09:45:09 IST
 scaled value of sitecut =   55.0000000000000     
 sphere directions set up         110
Sunday, January 29 2023, at 09:45:09 IST
 FINDSITE will use user-specified box
Centroid of box:  43.716  43.946  62.804
 boundaries   38.7160015106201        48.7160015106201     
   38.9459991455078        48.9459991455078        57.8039979934692     
   67.8039979934692     
 box          10          10          10
 maximum number of atoms in a sitebox =           7
Site points found:  Sunday, January 29 2023, at 09:45:09 IST
 boxes, patoms in boxes, empty boxes =         125         204          48
 total, outside sites =        1000         296
Site points pruned:  Sunday, January 29 2023, at 09:45:09 IST
final goodsites =         7
         3 sites will be removed
         4 good sites remain
Number of site groups found =     1

  Group  index  size  score     x       y       z     stdev
    1      1      4    1.20   45.45   44.47   61.58    0.79
Sites linked and merged:  Sunday, January 29 2023, at 09:45:09 IST
 Storing receptor data

Site-finding complete.
Number of sites to map/eval:  1

-- Mapping site  1 --
jobname: md1_crop434_sph_site_1
all SiteMap grid files will be generated
 philic map specified
 phobic map specified
 donor map specified
 acceptor map specified
 metal-ligation map specified
 surface-display map specified
grid margin:     6.00
grid spacing:     0.70
non-bonded cutoff:    20.00
ligand/sitepoints file: 
protein coordinates/parameters file: 
output map/grid files will be written to the current directory
vis files will be written
protein charges will be modified to reduce formal charges and adjust donor/acceptor potentials
protein radii will be modified to allow closer approach to donor and acceptor heteroatoms
phobic areas will be modified to emphasize enclosed regions and to deemphasize exposed regions using alternative method
all input instructions read
 Getting site data
ligand xcm,ycm,zcm,xrange,yrange,zrange 45.216 44.446 61.304  1.000  1.000  1.000

 Reusing receptor data from site-finding stage.

Sitemap: electrostatic+vdw interaction energy
Map field of *enzyme* in region of *inhibitor*

computing site maps ...
grid lim (orig)  38.716  51.716  37.946  50.946  54.804  67.804
grid lim (adj)   38.566  51.866  37.796  51.096  54.654  67.954
grid point counts   20   20   20
total grid points    8000

 5675 receptor atoms read
grid: adjdip
number of grid points within emin, emax limits =     7214
 maximum grid value before cutoff =               -0.029
 minimum grid value before cutoff =   -557.724

philic and phobic grids formed
grid: surf
number of grid points within emin, emax limits =     1665
 maximum grid value before cutoff =         44490611.306
 minimum grid value before cutoff =     -2.378

grid: phil
number of grid points within emin, emax limits =     2206
 maximum grid value before cutoff =         44490561.306
 minimum grid value before cutoff =    -22.294

grid: phob
number of grid points within emin, emax limits =     1364
 maximum grid value before cutoff =         44490626.306
 minimum grid value before cutoff =     -2.017

mod_phobic: phobthresh, philthresh =  -0.250  -3.000
 maximum number of atoms in a sitebox =           9
 boxes, patoms in boxes, empty boxes =       11191        5675        9106
Average phobic potential changed from  -0.736 to  -0.401 for  582 grid points

number of phobic points =   971   average phobic score =   0.63
number of philic points =  1235   average philic score =  -5.26

number of qualifying surf grid points =      343

number of qualifying phil grid points =      269

number of qualifying phob grid points =       44

number of qualifying accptr grid points =       90

number of qualifying donor grid points =      170

number of qualifying metal grid points =        0

visgrd volume surf                                                                            
visgrd author sitemap                                                                         
visgrd property name surf                                                                            
visgrd qualifying points   1950
visgrd default map values       1       1.00      2
visgrd number of dims    3
visgrd dimensions         20        20        20
visgrd axis scales      0.700     0.700     0.700

visgrd volume hydrophil                                                                       
visgrd author sitemap                                                                         
visgrd property name phil                                                                            
visgrd qualifying points    269
visgrd default map values       1      -8.00     10
visgrd number of dims    3
visgrd dimensions         20        20        20
visgrd axis scales      0.700     0.700     0.700

visgrd volume hydrophob                                                                       
visgrd author sitemap                                                                         
visgrd property name phob                                                                            
visgrd qualifying points    162
visgrd default map values       1      -0.50     13
visgrd number of dims    3
visgrd dimensions         20        20        20
visgrd axis scales      0.700     0.700     0.700

visgrd volume hbacceptor                                                                      
visgrd author sitemap                                                                         
visgrd property name accptr                                                                          
visgrd qualifying points     90
visgrd default map values       1      -8.00     16
visgrd number of dims    3
visgrd dimensions         20        20        20
visgrd axis scales      0.700     0.700     0.700

visgrd volume hbdonor                                                                         
visgrd author sitemap                                                                         
visgrd property name donor                                                                           
visgrd qualifying points    170
visgrd default map values       1      -8.00      5
visgrd number of dims    3
visgrd dimensions         20        20        20
visgrd axis scales      0.700     0.700     0.700

-- Evaluating site  1 --
Ligand/site-points file: 
Protein coordinates/parameters file: 
extend =   3
 Verbosity flags: F F F F F
all SiteMap grid files will be read
the protein charges will be modified to reduce formal charges and adjust donor/acceptor potentials
protein radii will be modified to allow closer approach to donor and acceptor heteroatoms
phobic areas emphasize enclosed regions and deemphasize exposed regions using alternative method
site-point set will be augmented by including significant nearby points
  threshold for adding phobic points:  -0.500
  threshold for adding philic points:  -8.000
base name for SiteMap grid files: 
 Reusing grid data
reusing site data
Number of protein atoms:    5675
 
phobic grid file reshaped
philic grid file reshaped
donor grid file reshaped
acceptor grid file reshaped
metal grid file reshaped
surf grid file reshaped
 maximum number of atoms in a sitebox =           9


Number of site points    4  first shell   11  higher shells   38   dirscore   0.819
1 vdw  -1.381   phob  -0.721   phil  -1.607   donor  -0.840   acceptor  -0.767   metal   0.000
2               phob  -0.314   phil  -1.672   donor  -0.775   acceptor  -0.897   metal   0.000

SiteScore size   Dscore  volume  exposure enclosure contact  phobic   philic   balance  don/acc
  0.785    19    0.761   134.46    0.721    0.819    1.065    2.183    0.429    5.086    1.096

-- Done with site  1 --

== End SiteMap calculation ==

Wrote 1 sites to "md1_crop434_sph_out.maegz".

Current time: Sun Jan 29 09:45:10 2023
Elapsed time: 0:00:03.76
SiteMap successfully completed.

