--------------------------------------------------------------------------------
JobId          : X299-0-63d624b3
Name           : md1_crop492_coa
Program        : SiteMap
Version        : 2021-4 build 135
Host           : X299
Dir            : /mnt/3a29b482-dac1-4563-be89-d63ad92354e9/cers_modelling/md_sampling_cers_models/charmm_gui_systems/cers2_10pc_chol/sitemaps
HostEntry      : localhost
JobHost        : X299
JobDir         : /scratch/tamir/md1_crop492_coa
JobSchrodinger : /opt/schrodinger2021-4
Commandline    : /opt/schrodinger2021-4/sitemap md1_crop492_coa.in
StartTime      : 2023-01-29-09:48:03
--------------------------------------------------------------------------------

== Begin input keywords ==
ADDPHIL  -8.0
ADDPHOB  -0.5
ADDSP  True
COMPRESS  True
CUTOFF  20.0
D2THRESH  3.1
DTHRESH  6.5
DVSCALE  2.5
ENCLOSURE  0.5
EXTEND  3
FAKE  False
FFIELD  OPLS_2005
GRID  0.7
KEEPELEC  False
KEEPVDW  False
KEEPVOLPTS  True
KMAX  3
KMAX2  5
MAPDIST  4.0
MARGIN  6.0
MAXDIST  8.0
MAXSITES  1
MAXVDW  1.1
MINGROUP  3
MODCHARGES  True
MODPHOBIC  3
NEARRES  3.5
NTHRESH  3
PROT  md1_crop492.mae
R2THRESH  4.1
REPORTSIZE  10
ROUND  False
RTHRESH  5.0
VERBOSITY  0
WRITEGRIDS  False
WRITEPOT  False
WRITESTRUCTS  True
WRITEVIS  True
XCENT  57.08699703216553
XRANGE  10.0
YCENT  45.6220006942749
YRANGE  10.0
ZCENT  75.45049667358398
ZRANGE  10.0
== End input keywords ==

== Begin single-receptor SiteMap calculation ==

-- Begin site search --
 Parameters for this calculation:
 sitecut =  0.500000000000000     
 sitescmin =   1.10000000000000     
 afactor =   1.00000000000000     
 bfactor =   1.00000000000000     
 imaxsite =           8
 ithresh =           3
 mingroup =           3
 kmax =           3
 kmax2 =           5
 r2thresh =   4.10000000000000     
 dvscale =   2.50000000000000     
 dvscnorm =   2.50000000000000     
 dvscbig =   2.50000000000000     
 border =   2.00000000000000     
 dthresh =   6.50000000000000     
 rthresh =   5.00000000000000     
 maxgroup =         100
 r2thresh =   4.10000000000000     
 nthresh =           3
 ndir =         110
 use_vdw = T
 repname = none
 repsize =          10
 maxrep =           1
 sitelis = sites.lis
 profile = none
 sitelig = none
 siteasl = none
 use_sitelig =  F
 sitebox =  -999.000000000000     
 writepdb =  F
 number of protein atoms =        5675
Starting findsites:  Sunday, January 29 2023, at 09:48:06 IST
ptypes obtained:  Sunday, January 29 2023, at 09:48:06 IST
lj parameters obtained:  Sunday, January 29 2023, at 09:48:06 IST
Basic parameters obtained:  Sunday, January 29 2023, at 09:48:06 IST
Receptor parameterization completed:  Sunday, January 29 2023, at 09:48:06 IST
 scaled value of sitecut =   55.0000000000000     
 sphere directions set up         110
Sunday, January 29 2023, at 09:48:06 IST
 FINDSITE will use user-specified box
Centroid of box:  57.087  45.622  75.450
 boundaries   52.0869970321655        62.0869970321655     
   40.6220006942749        50.6220006942749        70.4504966735840     
   80.4504966735840     
 box          10          10          10
 maximum number of atoms in a sitebox =           7
Site points found:  Sunday, January 29 2023, at 09:48:06 IST
 boxes, patoms in boxes, empty boxes =         125         258          33
 total, outside sites =        1000         125
Site points pruned:  Sunday, January 29 2023, at 09:48:06 IST
final goodsites =        26
         1 sites will be removed
        25 good sites remain
Number of site groups found =     1

  Group  index  size  score     x       y       z     stdev
    1      1     25    1.36   57.34   47.55   73.19    2.37
Sites linked and merged:  Sunday, January 29 2023, at 09:48:06 IST
 Storing receptor data

Site-finding complete.
Number of sites to map/eval:  1

-- Mapping site  1 --
jobname: md1_crop492_coa_site_1
all SiteMap grid files will be generated
 philic map specified
 phobic map specified
 donor map specified
 acceptor map specified
 metal-ligation map specified
 surface-display map specified
grid margin:     6.00
grid spacing:     0.70
non-bonded cutoff:    20.00
ligand/sitepoints file: 
protein coordinates/parameters file: 
output map/grid files will be written to the current directory
vis files will be written
protein charges will be modified to reduce formal charges and adjust donor/acceptor potentials
protein radii will be modified to allow closer approach to donor and acceptor heteroatoms
phobic areas will be modified to emphasize enclosed regions and to deemphasize exposed regions using alternative method
all input instructions read
 Getting site data
ligand xcm,ycm,zcm,xrange,yrange,zrange 57.587 47.622 72.950  7.000  2.000  3.000

 Reusing receptor data from site-finding stage.

Sitemap: electrostatic+vdw interaction energy
Map field of *enzyme* in region of *inhibitor*

computing site maps ...
grid lim (orig)  48.087  67.087  40.622  54.622  65.450  80.450
grid lim (adj)   47.787  67.387  40.272  54.972  65.250  80.650
grid point counts   29   22   23
total grid points   14674

 5675 receptor atoms read
grid: adjdip
number of grid points within emin, emax limits =    12007
 maximum grid value before cutoff =               -0.207
 minimum grid value before cutoff =   -634.094

philic and phobic grids formed
grid: surf
number of grid points within emin, emax limits =     2439
 maximum grid value before cutoff =         42779162.740
 minimum grid value before cutoff =     -2.787

grid: phil
number of grid points within emin, emax limits =     1875
 maximum grid value before cutoff =         42779112.740
 minimum grid value before cutoff =    -24.431

grid: phob
number of grid points within emin, emax limits =      690
 maximum grid value before cutoff =         42779177.740
 minimum grid value before cutoff =     -1.962

mod_phobic: phobthresh, philthresh =  -0.250  -3.000
 maximum number of atoms in a sitebox =           8
 boxes, patoms in boxes, empty boxes =       11191        5675        9104
Average phobic potential changed from  -0.800 to  -0.508 for  203 grid points

number of phobic points =   289   average phobic score =   0.86
number of philic points =  1586   average philic score =  -6.43

number of qualifying surf grid points =      372

number of qualifying phil grid points =      485

number of qualifying phob grid points =       33

number of qualifying accptr grid points =      230

number of qualifying donor grid points =      248

number of qualifying metal grid points =        0

visgrd volume surf                                                                            
visgrd author sitemap                                                                         
visgrd property name surf                                                                            
visgrd qualifying points   1346
visgrd default map values       1       1.00      2
visgrd number of dims    3
visgrd dimensions         29        22        23
visgrd axis scales      0.700     0.700     0.700

visgrd volume hydrophil                                                                       
visgrd author sitemap                                                                         
visgrd property name phil                                                                            
visgrd qualifying points    485
visgrd default map values       1      -8.00     10
visgrd number of dims    3
visgrd dimensions         29        22        23
visgrd axis scales      0.700     0.700     0.700

visgrd volume hydrophob                                                                       
visgrd author sitemap                                                                         
visgrd property name phob                                                                            
visgrd qualifying points     95
visgrd default map values       1      -0.50     13
visgrd number of dims    3
visgrd dimensions         29        22        23
visgrd axis scales      0.700     0.700     0.700

visgrd volume hbacceptor                                                                      
visgrd author sitemap                                                                         
visgrd property name accptr                                                                          
visgrd qualifying points    230
visgrd default map values       1      -8.00     16
visgrd number of dims    3
visgrd dimensions         29        22        23
visgrd axis scales      0.700     0.700     0.700

visgrd volume hbdonor                                                                         
visgrd author sitemap                                                                         
visgrd property name donor                                                                           
visgrd qualifying points    248
visgrd default map values       1      -8.00      5
visgrd number of dims    3
visgrd dimensions         29        22        23
visgrd axis scales      0.700     0.700     0.700

-- Evaluating site  1 --
Ligand/site-points file: 
Protein coordinates/parameters file: 
extend =   3
 Verbosity flags: F F F F F
all SiteMap grid files will be read
the protein charges will be modified to reduce formal charges and adjust donor/acceptor potentials
protein radii will be modified to allow closer approach to donor and acceptor heteroatoms
phobic areas emphasize enclosed regions and deemphasize exposed regions using alternative method
site-point set will be augmented by including significant nearby points
  threshold for adding phobic points:  -0.500
  threshold for adding philic points:  -8.000
base name for SiteMap grid files: 
 Reusing grid data
reusing site data
Number of protein atoms:    5675
 
phobic grid file reshaped
philic grid file reshaped
donor grid file reshaped
acceptor grid file reshaped
metal grid file reshaped
surf grid file reshaped
 maximum number of atoms in a sitebox =           8


Number of site points   25  first shell   50  higher shells   67   dirscore   0.908
1 vdw  -1.527   phob  -0.300   phil  -4.771   donor  -1.833   acceptor  -2.938   metal   0.000
2               phob  -0.082   phil  -4.527   donor  -2.573   acceptor  -1.955   metal   0.000

SiteScore size   Dscore  volume  exposure enclosure contact  phobic   philic   balance  don/acc
  0.956    56    0.833   217.12    0.676    0.908    1.179    0.568    1.274    0.446    0.624

-- Done with site  1 --

== End SiteMap calculation ==

Wrote 1 sites to "md1_crop492_coa_out.maegz".

Current time: Sun Jan 29 09:48:08 2023
Elapsed time: 0:00:04.01
SiteMap successfully completed.

