--------------------------------------------------------------------------------
JobId          : X299-0-63d65f18
Name           : md1_crop54_acyl
Program        : SiteMap
Version        : 2021-4 build 135
Host           : X299
Dir            : /mnt/3a29b482-dac1-4563-be89-d63ad92354e9/cers_modelling/md_sampling_cers_models/charmm_gui_systems/cers2_10pc_chol/sitemaps
HostEntry      : localhost
JobHost        : X299
JobDir         : /scratch/tamir/md1_crop54_acyl
JobSchrodinger : /opt/schrodinger2021-4
Commandline    : /opt/schrodinger2021-4/sitemap md1_crop54_acyl.in
StartTime      : 2023-01-29-13:57:12
--------------------------------------------------------------------------------

== Begin input keywords ==
ADDPHIL  -8.0
ADDPHOB  -0.5
ADDSP  True
COMPRESS  True
CUTOFF  20.0
D2THRESH  3.1
DTHRESH  6.5
DVSCALE  2.5
ENCLOSURE  0.5
EXTEND  3
FAKE  False
FFIELD  OPLS_2005
GRID  0.7
KEEPELEC  False
KEEPVDW  False
KEEPVOLPTS  True
KMAX  3
KMAX2  5
MAPDIST  4.0
MARGIN  6.0
MAXDIST  8.0
MAXSITES  1
MAXVDW  1.1
MINGROUP  3
MODCHARGES  True
MODPHOBIC  3
NEARRES  3.5
NTHRESH  3
PROT  md1_crop54.mae
R2THRESH  4.1
REPORTSIZE  10
ROUND  False
RTHRESH  5.0
VERBOSITY  0
WRITEGRIDS  False
WRITEPOT  False
WRITESTRUCTS  True
WRITEVIS  True
XCENT  62.423338890075684
XRANGE  10.0
YCENT  52.936668395996094
YRANGE  10.0
ZCENT  54.55533504486084
ZRANGE  10.0
== End input keywords ==

== Begin single-receptor SiteMap calculation ==

-- Begin site search --
 Parameters for this calculation:
 sitecut =  0.500000000000000     
 sitescmin =   1.10000000000000     
 afactor =   1.00000000000000     
 bfactor =   1.00000000000000     
 imaxsite =           8
 ithresh =           3
 mingroup =           3
 kmax =           3
 kmax2 =           5
 r2thresh =   4.10000000000000     
 dvscale =   2.50000000000000     
 dvscnorm =   2.50000000000000     
 dvscbig =   2.50000000000000     
 border =   2.00000000000000     
 dthresh =   6.50000000000000     
 rthresh =   5.00000000000000     
 maxgroup =         100
 r2thresh =   4.10000000000000     
 nthresh =           3
 ndir =         110
 use_vdw = T
 repname = none
 repsize =          10
 maxrep =           1
 sitelis = sites.lis
 profile = none
 sitelig = none
 siteasl = none
 use_sitelig =  F
 sitebox =  -999.000000000000     
 writepdb =  F
 number of protein atoms =        5675
Starting findsites:  Sunday, January 29 2023, at 13:57:15 IST
ptypes obtained:  Sunday, January 29 2023, at 13:57:15 IST
lj parameters obtained:  Sunday, January 29 2023, at 13:57:15 IST
Basic parameters obtained:  Sunday, January 29 2023, at 13:57:15 IST
Receptor parameterization completed:  Sunday, January 29 2023, at 13:57:15 IST
 scaled value of sitecut =   55.0000000000000     
 sphere directions set up         110
Sunday, January 29 2023, at 13:57:15 IST
 FINDSITE will use user-specified box
Centroid of box:  62.423  52.937  54.555
 boundaries   57.4233388900757        67.4233388900757     
   47.9366683959961        57.9366683959961        49.5553350448608     
   59.5553350448608     
 box          10          10          10
 maximum number of atoms in a sitebox =           7
Site points found:  Sunday, January 29 2023, at 13:57:15 IST
 boxes, patoms in boxes, empty boxes =         125         318          13
 total, outside sites =        1000           4
Site points pruned:  Sunday, January 29 2023, at 13:57:15 IST
final goodsites =         4
         3 sites will be removed
         1 good sites remain
Number of site groups found =     1

  Group  index  size  score     x       y       z     stdev
    1      1      1    2.29   59.42   51.94   53.56    0.00
Sites linked and merged:  Sunday, January 29 2023, at 13:57:15 IST
 Storing receptor data

Site-finding complete.
Number of sites to map/eval:  1

-- Mapping site  1 --
jobname: md1_crop54_acyl_site_1
all SiteMap grid files will be generated
 philic map specified
 phobic map specified
 donor map specified
 acceptor map specified
 metal-ligation map specified
 surface-display map specified
grid margin:     6.00
grid spacing:     0.70
non-bonded cutoff:    20.00
ligand/sitepoints file: 
protein coordinates/parameters file: 
output map/grid files will be written to the current directory
vis files will be written
protein charges will be modified to reduce formal charges and adjust donor/acceptor potentials
protein radii will be modified to allow closer approach to donor and acceptor heteroatoms
phobic areas will be modified to emphasize enclosed regions and to deemphasize exposed regions using alternative method
all input instructions read
 Getting site data
ligand xcm,ycm,zcm,xrange,yrange,zrange  0.000  0.000  0.000  0.000  0.000  0.000

 Reusing receptor data from site-finding stage.

Sitemap: electrostatic+vdw interaction energy
Map field of *enzyme* in region of *inhibitor*

computing site maps ...
grid lim (orig)  53.423  65.423  45.937  57.937  47.555  59.555
grid lim (adj)   53.123  65.723  45.637  58.237  47.255  59.855
grid point counts   19   19   19
total grid points    6859

 5675 receptor atoms read
grid: adjdip
number of grid points within emin, emax limits =     5591
 maximum grid value before cutoff =               -0.281
 minimum grid value before cutoff =   -525.761

philic and phobic grids formed
grid: surf
number of grid points within emin, emax limits =      845
 maximum grid value before cutoff =         32461886.429
 minimum grid value before cutoff =     -3.512

grid: phil
number of grid points within emin, emax limits =      184
 maximum grid value before cutoff =         32461836.429
 minimum grid value before cutoff =    -18.998

grid: phob
number of grid points within emin, emax limits =       57
 maximum grid value before cutoff =         32461901.429
 minimum grid value before cutoff =     -2.472

mod_phobic: phobthresh, philthresh =  -0.250  -3.000
 maximum number of atoms in a sitebox =           8
 boxes, patoms in boxes, empty boxes =       11571        5675        9481
Average phobic potential changed from  -1.457 to  -1.398 for   29 grid points

number of phobic points =    39   average phobic score =   1.47
number of philic points =   145   average philic score =  -5.44

number of qualifying surf grid points =       66

number of qualifying phil grid points =       34

number of qualifying phob grid points =       27

number of qualifying accptr grid points =       17

number of qualifying donor grid points =       17

number of qualifying metal grid points =        0

visgrd volume surf                                                                            
visgrd author sitemap                                                                         
visgrd property name surf                                                                            
visgrd qualifying points    107
visgrd default map values       1       1.00      2
visgrd number of dims    3
visgrd dimensions         19        19        19
visgrd axis scales      0.700     0.700     0.700

visgrd volume hydrophil                                                                       
visgrd author sitemap                                                                         
visgrd property name phil                                                                            
visgrd qualifying points     34
visgrd default map values       1      -8.00     10
visgrd number of dims    3
visgrd dimensions         19        19        19
visgrd axis scales      0.700     0.700     0.700

visgrd volume hydrophob                                                                       
visgrd author sitemap                                                                         
visgrd property name phob                                                                            
visgrd qualifying points     29
visgrd default map values       1      -0.50     13
visgrd number of dims    3
visgrd dimensions         19        19        19
visgrd axis scales      0.700     0.700     0.700

visgrd volume hbacceptor                                                                      
visgrd author sitemap                                                                         
visgrd property name accptr                                                                          
visgrd qualifying points     17
visgrd default map values       1      -8.00     16
visgrd number of dims    3
visgrd dimensions         19        19        19
visgrd axis scales      0.700     0.700     0.700

visgrd volume hbdonor                                                                         
visgrd author sitemap                                                                         
visgrd property name donor                                                                           
visgrd qualifying points     17
visgrd default map values       1      -8.00      5
visgrd number of dims    3
visgrd dimensions         19        19        19
visgrd axis scales      0.700     0.700     0.700

-- Evaluating site  1 --
Ligand/site-points file: 
Protein coordinates/parameters file: 
extend =   3
 Verbosity flags: F F F F F
all SiteMap grid files will be read
the protein charges will be modified to reduce formal charges and adjust donor/acceptor potentials
protein radii will be modified to allow closer approach to donor and acceptor heteroatoms
phobic areas emphasize enclosed regions and deemphasize exposed regions using alternative method
site-point set will be augmented by including significant nearby points
  threshold for adding phobic points:  -0.500
  threshold for adding philic points:  -8.000
base name for SiteMap grid files: 
 Reusing grid data
reusing site data
Number of protein atoms:    5675
 
phobic grid file reshaped
philic grid file reshaped
donor grid file reshaped
acceptor grid file reshaped
metal grid file reshaped
surf grid file reshaped
 maximum number of atoms in a sitebox =           8


Number of site points    1  first shell    3  higher shells    4   dirscore   0.995
1 vdw  -1.679   phob  -1.256   phil  -0.171   donor  -0.171   acceptor   0.000   metal   0.000
2               phob  -0.827   phil   0.000   donor   0.000   acceptor   0.000   metal   0.000

SiteScore size   Dscore  volume  exposure enclosure contact  phobic   philic   balance  don/acc
  0.837     6    0.813    14.06    0.538    0.995    1.295    5.744    0.046  125.832    0.000

-- Done with site  1 --

== End SiteMap calculation ==

Wrote 1 sites to "md1_crop54_acyl_out.maegz".

Current time: Sun Jan 29 13:57:16 2023
Elapsed time: 0:00:03.07
SiteMap successfully completed.

