--------------------------------------------------------------------------------
JobId          : X299-0-63d62170
Name           : md1_crop222_coa
Program        : SiteMap
Version        : 2021-4 build 135
Host           : X299
Dir            : /mnt/3a29b482-dac1-4563-be89-d63ad92354e9/cers_modelling/md_sampling_cers_models/charmm_gui_systems/cers2_10pc_chol/sitemaps
HostEntry      : localhost
JobHost        : X299
JobDir         : /scratch/tamir/md1_crop222_coa
JobSchrodinger : /opt/schrodinger2021-4
Commandline    : /opt/schrodinger2021-4/sitemap md1_crop222_coa.in
StartTime      : 2023-01-29-09:34:08
--------------------------------------------------------------------------------

== Begin input keywords ==
ADDPHIL  -8.0
ADDPHOB  -0.5
ADDSP  True
COMPRESS  True
CUTOFF  20.0
D2THRESH  3.1
DTHRESH  6.5
DVSCALE  2.5
ENCLOSURE  0.5
EXTEND  3
FAKE  False
FFIELD  OPLS_2005
GRID  0.7
KEEPELEC  False
KEEPVDW  False
KEEPVOLPTS  True
KMAX  3
KMAX2  5
MAPDIST  4.0
MARGIN  6.0
MAXDIST  8.0
MAXSITES  1
MAXVDW  1.1
MINGROUP  3
MODCHARGES  True
MODPHOBIC  3
NEARRES  3.5
NTHRESH  3
PROT  md1_crop222.mae
R2THRESH  4.1
REPORTSIZE  10
ROUND  False
RTHRESH  5.0
VERBOSITY  0
WRITEGRIDS  False
WRITEPOT  False
WRITESTRUCTS  True
WRITEVIS  True
XCENT  57.756004333496094
XRANGE  10.0
YCENT  44.813499450683594
YRANGE  10.0
ZCENT  74.08849716186523
ZRANGE  10.0
== End input keywords ==

== Begin single-receptor SiteMap calculation ==

-- Begin site search --
 Parameters for this calculation:
 sitecut =  0.500000000000000     
 sitescmin =   1.10000000000000     
 afactor =   1.00000000000000     
 bfactor =   1.00000000000000     
 imaxsite =           8
 ithresh =           3
 mingroup =           3
 kmax =           3
 kmax2 =           5
 r2thresh =   4.10000000000000     
 dvscale =   2.50000000000000     
 dvscnorm =   2.50000000000000     
 dvscbig =   2.50000000000000     
 border =   2.00000000000000     
 dthresh =   6.50000000000000     
 rthresh =   5.00000000000000     
 maxgroup =         100
 r2thresh =   4.10000000000000     
 nthresh =           3
 ndir =         110
 use_vdw = T
 repname = none
 repsize =          10
 maxrep =           1
 sitelis = sites.lis
 profile = none
 sitelig = none
 siteasl = none
 use_sitelig =  F
 sitebox =  -999.000000000000     
 writepdb =  F
 number of protein atoms =        5674
Starting findsites:  Sunday, January 29 2023, at 09:34:11 IST
ptypes obtained:  Sunday, January 29 2023, at 09:34:11 IST
lj parameters obtained:  Sunday, January 29 2023, at 09:34:11 IST
Basic parameters obtained:  Sunday, January 29 2023, at 09:34:11 IST
Receptor parameterization completed:  Sunday, January 29 2023, at 09:34:11 IST
 scaled value of sitecut =   55.0000000000000     
 sphere directions set up         110
Sunday, January 29 2023, at 09:34:11 IST
 FINDSITE will use user-specified box
Centroid of box:  57.756  44.813  74.088
 boundaries   52.7560043334961        62.7560043334961     
   39.8134994506836        49.8134994506836        69.0884971618652     
   79.0884971618652     
 box          10          10          10
 maximum number of atoms in a sitebox =           7
Site points found:  Sunday, January 29 2023, at 09:34:11 IST
 boxes, patoms in boxes, empty boxes =         125         256          34
 total, outside sites =        1000          95
Site points pruned:  Sunday, January 29 2023, at 09:34:11 IST
final goodsites =        26
         5 sites will be removed
        21 good sites remain
Number of site groups found =     1

  Group  index  size  score     x       y       z     stdev
    1      1     21    1.55   56.11   47.60   72.70    2.18
Sites linked and merged:  Sunday, January 29 2023, at 09:34:11 IST
 Storing receptor data

Site-finding complete.
Number of sites to map/eval:  1

-- Mapping site  1 --
jobname: md1_crop222_coa_site_1
all SiteMap grid files will be generated
 philic map specified
 phobic map specified
 donor map specified
 acceptor map specified
 metal-ligation map specified
 surface-display map specified
grid margin:     6.00
grid spacing:     0.70
non-bonded cutoff:    20.00
ligand/sitepoints file: 
protein coordinates/parameters file: 
output map/grid files will be written to the current directory
vis files will be written
protein charges will be modified to reduce formal charges and adjust donor/acceptor potentials
protein radii will be modified to allow closer approach to donor and acceptor heteroatoms
phobic areas will be modified to emphasize enclosed regions and to deemphasize exposed regions using alternative method
all input instructions read
 Getting site data
ligand xcm,ycm,zcm,xrange,yrange,zrange 57.256 47.313 73.588  5.000  3.000  5.000

 Reusing receptor data from site-finding stage.

Sitemap: electrostatic+vdw interaction energy
Map field of *enzyme* in region of *inhibitor*

computing site maps ...
grid lim (orig)  48.756  65.756  39.813  54.813  65.088  82.088
grid lim (adj)   48.506  66.006  39.613  55.013  64.838  82.338
grid point counts   26   23   26
total grid points   15548

 5674 receptor atoms read
grid: adjdip
number of grid points within emin, emax limits =    12809
 maximum grid value before cutoff =               -0.136
 minimum grid value before cutoff =   -631.080

philic and phobic grids formed
grid: surf
number of grid points within emin, emax limits =     2546
 maximum grid value before cutoff =         36210984.327
 minimum grid value before cutoff =     -2.883

grid: phil
number of grid points within emin, emax limits =     2627
 maximum grid value before cutoff =         36210934.327
 minimum grid value before cutoff =    -23.057

grid: phob
number of grid points within emin, emax limits =     1221
 maximum grid value before cutoff =         36210999.327
 minimum grid value before cutoff =     -2.286

mod_phobic: phobthresh, philthresh =  -0.250  -3.000
 maximum number of atoms in a sitebox =           9
 boxes, patoms in boxes, empty boxes =       12369        5674       10260
Average phobic potential changed from  -0.774 to  -0.480 for  294 grid points

number of phobic points =   439   average phobic score =   0.73
number of philic points =  2188   average philic score =  -5.44

number of qualifying surf grid points =      371

number of qualifying phil grid points =      536

number of qualifying phob grid points =       60

number of qualifying accptr grid points =      193

number of qualifying donor grid points =      323

number of qualifying metal grid points =        0

visgrd volume surf                                                                            
visgrd author sitemap                                                                         
visgrd property name surf                                                                            
visgrd qualifying points   2080
visgrd default map values       1       1.00      2
visgrd number of dims    3
visgrd dimensions         26        23        26
visgrd axis scales      0.700     0.700     0.700

visgrd volume hydrophil                                                                       
visgrd author sitemap                                                                         
visgrd property name phil                                                                            
visgrd qualifying points    536
visgrd default map values       1      -8.00     10
visgrd number of dims    3
visgrd dimensions         26        23        26
visgrd axis scales      0.700     0.700     0.700

visgrd volume hydrophob                                                                       
visgrd author sitemap                                                                         
visgrd property name phob                                                                            
visgrd qualifying points    104
visgrd default map values       1      -0.50     13
visgrd number of dims    3
visgrd dimensions         26        23        26
visgrd axis scales      0.700     0.700     0.700

visgrd volume hbacceptor                                                                      
visgrd author sitemap                                                                         
visgrd property name accptr                                                                          
visgrd qualifying points    193
visgrd default map values       1      -8.00     16
visgrd number of dims    3
visgrd dimensions         26        23        26
visgrd axis scales      0.700     0.700     0.700

visgrd volume hbdonor                                                                         
visgrd author sitemap                                                                         
visgrd property name donor                                                                           
visgrd qualifying points    323
visgrd default map values       1      -8.00      5
visgrd number of dims    3
visgrd dimensions         26        23        26
visgrd axis scales      0.700     0.700     0.700

-- Evaluating site  1 --
Ligand/site-points file: 
Protein coordinates/parameters file: 
extend =   3
 Verbosity flags: F F F F F
all SiteMap grid files will be read
the protein charges will be modified to reduce formal charges and adjust donor/acceptor potentials
protein radii will be modified to allow closer approach to donor and acceptor heteroatoms
phobic areas emphasize enclosed regions and deemphasize exposed regions using alternative method
site-point set will be augmented by including significant nearby points
  threshold for adding phobic points:  -0.500
  threshold for adding philic points:  -8.000
base name for SiteMap grid files: 
 Reusing grid data
reusing site data
Number of protein atoms:    5674
 
phobic grid file reshaped
philic grid file reshaped
donor grid file reshaped
acceptor grid file reshaped
metal grid file reshaped
surf grid file reshaped
 maximum number of atoms in a sitebox =           9


Number of site points   21  first shell   39  higher shells   54   dirscore   0.891
1 vdw  -1.511   phob  -0.241   phil  -5.614   donor  -2.733   acceptor  -2.881   metal   0.000
2               phob  -0.093   phil  -5.340   donor  -2.055   acceptor  -3.285   metal   0.000

SiteScore size   Dscore  volume  exposure enclosure contact  phobic   philic   balance  don/acc
  0.935    54    0.737   208.89    0.633    0.891    1.166    0.646    1.499    0.431    0.949

-- Done with site  1 --

== End SiteMap calculation ==

Wrote 1 sites to "md1_crop222_coa_out.maegz".

Current time: Sun Jan 29 09:34:12 2023
Elapsed time: 0:00:04.09
SiteMap successfully completed.

