--------------------------------------------------------------------------------
JobId          : X299-0-63d6204b
Name           : md1_crop128_sph
Program        : SiteMap
Version        : 2021-4 build 135
Host           : X299
Dir            : /mnt/3a29b482-dac1-4563-be89-d63ad92354e9/cers_modelling/md_sampling_cers_models/charmm_gui_systems/cers2_10pc_chol/sitemaps
HostEntry      : localhost
JobHost        : X299
JobDir         : /scratch/tamir/md1_crop128_sph
JobSchrodinger : /opt/schrodinger2021-4
Commandline    : /opt/schrodinger2021-4/sitemap md1_crop128_sph.in
StartTime      : 2023-01-29-09:29:15
--------------------------------------------------------------------------------

== Begin input keywords ==
ADDPHIL  -8.0
ADDPHOB  -0.5
ADDSP  True
COMPRESS  True
CUTOFF  20.0
D2THRESH  3.1
DTHRESH  6.5
DVSCALE  2.5
ENCLOSURE  0.5
EXTEND  3
FAKE  False
FFIELD  OPLS_2005
GRID  0.7
KEEPELEC  False
KEEPVDW  False
KEEPVOLPTS  True
KMAX  3
KMAX2  5
MAPDIST  4.0
MARGIN  6.0
MAXDIST  8.0
MAXSITES  1
MAXVDW  1.1
MINGROUP  3
MODCHARGES  True
MODPHOBIC  3
NEARRES  3.5
NTHRESH  3
PROT  md1_crop128.mae
R2THRESH  4.1
REPORTSIZE  10
ROUND  False
RTHRESH  5.0
VERBOSITY  0
WRITEGRIDS  False
WRITEPOT  False
WRITESTRUCTS  True
WRITEVIS  True
XCENT  38.210999965667725
XRANGE  10.0
YCENT  44.61599826812744
YRANGE  10.0
ZCENT  68.66100311279297
ZRANGE  10.0
== End input keywords ==

== Begin single-receptor SiteMap calculation ==

-- Begin site search --
 Parameters for this calculation:
 sitecut =  0.500000000000000     
 sitescmin =   1.10000000000000     
 afactor =   1.00000000000000     
 bfactor =   1.00000000000000     
 imaxsite =           8
 ithresh =           3
 mingroup =           3
 kmax =           3
 kmax2 =           5
 r2thresh =   4.10000000000000     
 dvscale =   2.50000000000000     
 dvscnorm =   2.50000000000000     
 dvscbig =   2.50000000000000     
 border =   2.00000000000000     
 dthresh =   6.50000000000000     
 rthresh =   5.00000000000000     
 maxgroup =         100
 r2thresh =   4.10000000000000     
 nthresh =           3
 ndir =         110
 use_vdw = T
 repname = none
 repsize =          10
 maxrep =           1
 sitelis = sites.lis
 profile = none
 sitelig = none
 siteasl = none
 use_sitelig =  F
 sitebox =  -999.000000000000     
 writepdb =  F
 number of protein atoms =        5675
Starting findsites:  Sunday, January 29 2023, at 09:29:18 IST
ptypes obtained:  Sunday, January 29 2023, at 09:29:18 IST
lj parameters obtained:  Sunday, January 29 2023, at 09:29:18 IST
Basic parameters obtained:  Sunday, January 29 2023, at 09:29:18 IST
Receptor parameterization completed:  Sunday, January 29 2023, at 09:29:18 IST
 scaled value of sitecut =   55.0000000000000     
 sphere directions set up         110
Sunday, January 29 2023, at 09:29:18 IST
 FINDSITE will use user-specified box
Centroid of box:  38.211  44.616  68.661
 boundaries   33.2109999656677        43.2109999656677     
   39.6159982681274        49.6159982681274        63.6610031127930     
   73.6610031127930     
 box          10          10          10
 maximum number of atoms in a sitebox =           7
Site points found:  Sunday, January 29 2023, at 09:29:18 IST
 boxes, patoms in boxes, empty boxes =         125         199          50
 total, outside sites =        1000         233
Site points pruned:  Sunday, January 29 2023, at 09:29:18 IST
final goodsites =        27
Number of site groups found =     1

  Group  index  size  score     x       y       z     stdev
    1      1     27    1.35   39.12   43.75   67.21    2.20
Sites linked and merged:  Sunday, January 29 2023, at 09:29:18 IST
 Storing receptor data

Site-finding complete.
Number of sites to map/eval:  1

-- Mapping site  1 --
jobname: md1_crop128_sph_site_1
all SiteMap grid files will be generated
 philic map specified
 phobic map specified
 donor map specified
 acceptor map specified
 metal-ligation map specified
 surface-display map specified
grid margin:     6.00
grid spacing:     0.70
non-bonded cutoff:    20.00
ligand/sitepoints file: 
protein coordinates/parameters file: 
output map/grid files will be written to the current directory
vis files will be written
protein charges will be modified to reduce formal charges and adjust donor/acceptor potentials
protein radii will be modified to allow closer approach to donor and acceptor heteroatoms
phobic areas will be modified to emphasize enclosed regions and to deemphasize exposed regions using alternative method
all input instructions read
 Getting site data
ligand xcm,ycm,zcm,xrange,yrange,zrange 39.711 43.116 68.161  5.000  3.000  5.000

 Reusing receptor data from site-finding stage.

Sitemap: electrostatic+vdw interaction energy
Map field of *enzyme* in region of *inhibitor*

computing site maps ...
grid lim (orig)  31.211  48.211  35.616  50.616  59.661  76.661
grid lim (adj)   30.961  48.461  35.416  50.816  59.411  76.911
grid point counts   26   23   26
total grid points   15548

 5675 receptor atoms read
grid: adjdip
number of grid points within emin, emax limits =    13869
 maximum grid value before cutoff =               -0.022
 minimum grid value before cutoff =   -481.989

philic and phobic grids formed
grid: surf
number of grid points within emin, emax limits =     2904
 maximum grid value before cutoff =         37238567.516
 minimum grid value before cutoff =     -2.663

grid: phil
number of grid points within emin, emax limits =     4190
 maximum grid value before cutoff =         37238517.516
 minimum grid value before cutoff =    -23.792

grid: phob
number of grid points within emin, emax limits =     3126
 maximum grid value before cutoff =         37238582.516
 minimum grid value before cutoff =     -2.119

mod_phobic: phobthresh, philthresh =  -0.250  -3.000
 maximum number of atoms in a sitebox =           8
 boxes, patoms in boxes, empty boxes =       11571        5675        9466
Average phobic potential changed from  -0.768 to  -0.410 for 1220 grid points

number of phobic points =  2526   average phobic score =   0.52
number of philic points =  1664   average philic score =  -4.02

number of qualifying surf grid points =      560

number of qualifying phil grid points =      234

number of qualifying phob grid points =      150

number of qualifying accptr grid points =       67

number of qualifying donor grid points =      162

number of qualifying metal grid points =        0

visgrd volume surf                                                                            
visgrd author sitemap                                                                         
visgrd property name surf                                                                            
visgrd qualifying points   3824
visgrd default map values       1       1.00      2
visgrd number of dims    3
visgrd dimensions         26        23        26
visgrd axis scales      0.700     0.700     0.700

visgrd volume hydrophil                                                                       
visgrd author sitemap                                                                         
visgrd property name phil                                                                            
visgrd qualifying points    234
visgrd default map values       1      -8.00     10
visgrd number of dims    3
visgrd dimensions         26        23        26
visgrd axis scales      0.700     0.700     0.700

visgrd volume hydrophob                                                                       
visgrd author sitemap                                                                         
visgrd property name phob                                                                            
visgrd qualifying points    367
visgrd default map values       1      -0.50     13
visgrd number of dims    3
visgrd dimensions         26        23        26
visgrd axis scales      0.700     0.700     0.700

visgrd volume hbacceptor                                                                      
visgrd author sitemap                                                                         
visgrd property name accptr                                                                          
visgrd qualifying points     67
visgrd default map values       1      -8.00     16
visgrd number of dims    3
visgrd dimensions         26        23        26
visgrd axis scales      0.700     0.700     0.700

visgrd volume hbdonor                                                                         
visgrd author sitemap                                                                         
visgrd property name donor                                                                           
visgrd qualifying points    162
visgrd default map values       1      -8.00      5
visgrd number of dims    3
visgrd dimensions         26        23        26
visgrd axis scales      0.700     0.700     0.700

-- Evaluating site  1 --
Ligand/site-points file: 
Protein coordinates/parameters file: 
extend =   3
 Verbosity flags: F F F F F
all SiteMap grid files will be read
the protein charges will be modified to reduce formal charges and adjust donor/acceptor potentials
protein radii will be modified to allow closer approach to donor and acceptor heteroatoms
phobic areas emphasize enclosed regions and deemphasize exposed regions using alternative method
site-point set will be augmented by including significant nearby points
  threshold for adding phobic points:  -0.500
  threshold for adding philic points:  -8.000
base name for SiteMap grid files: 
 Reusing grid data
reusing site data
Number of protein atoms:    5675
 
phobic grid file reshaped
philic grid file reshaped
donor grid file reshaped
acceptor grid file reshaped
metal grid file reshaped
surf grid file reshaped
 maximum number of atoms in a sitebox =           8


Number of site points   27  first shell   34  higher shells   74   dirscore   0.842
1 vdw  -1.387   phob  -0.591   phil  -2.344   donor  -1.289   acceptor  -1.055   metal   0.000
2               phob  -0.326   phil  -2.040   donor  -0.924   acceptor  -1.116   metal   0.000

SiteScore size   Dscore  volume  exposure enclosure contact  phobic   philic   balance  don/acc
  0.962    50    0.966   177.67    0.684    0.842    1.070    2.261    0.626    3.612    1.223

-- Done with site  1 --

== End SiteMap calculation ==

Wrote 1 sites to "md1_crop128_sph_out.maegz".

Current time: Sun Jan 29 09:29:20 2023
Elapsed time: 0:00:04.46
SiteMap successfully completed.

