--------------------------------------------------------------------------------
JobId          : X299-0-63d621cc
Name           : md1_crop252_coa
Program        : SiteMap
Version        : 2021-4 build 135
Host           : X299
Dir            : /mnt/3a29b482-dac1-4563-be89-d63ad92354e9/cers_modelling/md_sampling_cers_models/charmm_gui_systems/cers2_10pc_chol/sitemaps
HostEntry      : localhost
JobHost        : X299
JobDir         : /scratch/tamir/md1_crop252_coa
JobSchrodinger : /opt/schrodinger2021-4
Commandline    : /opt/schrodinger2021-4/sitemap md1_crop252_coa.in
StartTime      : 2023-01-29-09:35:40
--------------------------------------------------------------------------------

== Begin input keywords ==
ADDPHIL  -8.0
ADDPHOB  -0.5
ADDSP  True
COMPRESS  True
CUTOFF  20.0
D2THRESH  3.1
DTHRESH  6.5
DVSCALE  2.5
ENCLOSURE  0.5
EXTEND  3
FAKE  False
FFIELD  OPLS_2005
GRID  0.7
KEEPELEC  False
KEEPVDW  False
KEEPVOLPTS  True
KMAX  3
KMAX2  5
MAPDIST  4.0
MARGIN  6.0
MAXDIST  8.0
MAXSITES  1
MAXVDW  1.1
MINGROUP  3
MODCHARGES  True
MODPHOBIC  3
NEARRES  3.5
NTHRESH  3
PROT  md1_crop252.mae
R2THRESH  4.1
REPORTSIZE  10
ROUND  False
RTHRESH  5.0
VERBOSITY  0
WRITEGRIDS  False
WRITEPOT  False
WRITESTRUCTS  True
WRITEVIS  True
XCENT  56.638498306274414
XRANGE  10.0
YCENT  45.50849914550781
YRANGE  10.0
ZCENT  77.15550422668457
ZRANGE  10.0
== End input keywords ==

== Begin single-receptor SiteMap calculation ==

-- Begin site search --
 Parameters for this calculation:
 sitecut =  0.500000000000000     
 sitescmin =   1.10000000000000     
 afactor =   1.00000000000000     
 bfactor =   1.00000000000000     
 imaxsite =           8
 ithresh =           3
 mingroup =           3
 kmax =           3
 kmax2 =           5
 r2thresh =   4.10000000000000     
 dvscale =   2.50000000000000     
 dvscnorm =   2.50000000000000     
 dvscbig =   2.50000000000000     
 border =   2.00000000000000     
 dthresh =   6.50000000000000     
 rthresh =   5.00000000000000     
 maxgroup =         100
 r2thresh =   4.10000000000000     
 nthresh =           3
 ndir =         110
 use_vdw = T
 repname = none
 repsize =          10
 maxrep =           1
 sitelis = sites.lis
 profile = none
 sitelig = none
 siteasl = none
 use_sitelig =  F
 sitebox =  -999.000000000000     
 writepdb =  F
 number of protein atoms =        5674
Starting findsites:  Sunday, January 29 2023, at 09:35:43 IST
ptypes obtained:  Sunday, January 29 2023, at 09:35:43 IST
lj parameters obtained:  Sunday, January 29 2023, at 09:35:43 IST
Basic parameters obtained:  Sunday, January 29 2023, at 09:35:43 IST
Receptor parameterization completed:  Sunday, January 29 2023, at 09:35:43 IST
 scaled value of sitecut =   55.0000000000000     
 sphere directions set up         110
Sunday, January 29 2023, at 09:35:43 IST
 FINDSITE will use user-specified box
Centroid of box:  56.638  45.508  77.156
 boundaries   51.6384983062744        61.6384983062744     
   40.5084991455078        50.5084991455078        72.1555042266846     
   82.1555042266846     
 box          10          10          10
 maximum number of atoms in a sitebox =           7
Site points found:  Sunday, January 29 2023, at 09:35:43 IST
 boxes, patoms in boxes, empty boxes =         125         260          26
 total, outside sites =        1000          91
Site points pruned:  Sunday, January 29 2023, at 09:35:43 IST
final goodsites =        25
         6 sites will be removed
        19 good sites remain
Number of site groups found =     1

  Group  index  size  score     x       y       z     stdev
    1      1     19    1.53   54.58   48.29   75.29    1.63
Sites linked and merged:  Sunday, January 29 2023, at 09:35:43 IST
 Storing receptor data

Site-finding complete.
Number of sites to map/eval:  1

-- Mapping site  1 --
jobname: md1_crop252_coa_site_1
all SiteMap grid files will be generated
 philic map specified
 phobic map specified
 donor map specified
 acceptor map specified
 metal-ligation map specified
 surface-display map specified
grid margin:     6.00
grid spacing:     0.70
non-bonded cutoff:    20.00
ligand/sitepoints file: 
protein coordinates/parameters file: 
output map/grid files will be written to the current directory
vis files will be written
protein charges will be modified to reduce formal charges and adjust donor/acceptor potentials
protein radii will be modified to allow closer approach to donor and acceptor heteroatoms
phobic areas will be modified to emphasize enclosed regions and to deemphasize exposed regions using alternative method
all input instructions read
 Getting site data
ligand xcm,ycm,zcm,xrange,yrange,zrange 55.138 48.008 75.156  3.000  3.000  4.000

 Reusing receptor data from site-finding stage.

Sitemap: electrostatic+vdw interaction energy
Map field of *enzyme* in region of *inhibitor*

computing site maps ...
grid lim (orig)  47.638  62.638  40.508  55.508  67.156  83.156
grid lim (adj)   47.438  62.838  40.308  55.708  67.106  83.206
grid point counts   23   23   24
total grid points   12696

 5674 receptor atoms read
grid: adjdip
number of grid points within emin, emax limits =    10261
 maximum grid value before cutoff =               -0.136
 minimum grid value before cutoff =   -689.209

philic and phobic grids formed
grid: surf
number of grid points within emin, emax limits =     2225
 maximum grid value before cutoff =         37074466.303
 minimum grid value before cutoff =     -2.972

grid: phil
number of grid points within emin, emax limits =     1631
 maximum grid value before cutoff =         37074416.303
 minimum grid value before cutoff =    -25.159

grid: phob
number of grid points within emin, emax limits =      594
 maximum grid value before cutoff =         37074481.303
 minimum grid value before cutoff =     -2.028

mod_phobic: phobthresh, philthresh =  -0.250  -3.000
 maximum number of atoms in a sitebox =           8
 boxes, patoms in boxes, empty boxes =        9367        5674        7263
Average phobic potential changed from  -0.847 to  -0.561 for  164 grid points

number of phobic points =   283   average phobic score =   0.89
number of philic points =  1348   average philic score =  -6.53

number of qualifying surf grid points =      314

number of qualifying phil grid points =      446

number of qualifying phob grid points =       50

number of qualifying accptr grid points =      170

number of qualifying donor grid points =      255

number of qualifying metal grid points =        0

visgrd volume surf                                                                            
visgrd author sitemap                                                                         
visgrd property name surf                                                                            
visgrd qualifying points   1138
visgrd default map values       1       1.00      2
visgrd number of dims    3
visgrd dimensions         23        23        24
visgrd axis scales      0.700     0.700     0.700

visgrd volume hydrophil                                                                       
visgrd author sitemap                                                                         
visgrd property name phil                                                                            
visgrd qualifying points    446
visgrd default map values       1      -8.00     10
visgrd number of dims    3
visgrd dimensions         23        23        24
visgrd axis scales      0.700     0.700     0.700

visgrd volume hydrophob                                                                       
visgrd author sitemap                                                                         
visgrd property name phob                                                                            
visgrd qualifying points     81
visgrd default map values       1      -0.50     13
visgrd number of dims    3
visgrd dimensions         23        23        24
visgrd axis scales      0.700     0.700     0.700

visgrd volume hbacceptor                                                                      
visgrd author sitemap                                                                         
visgrd property name accptr                                                                          
visgrd qualifying points    170
visgrd default map values       1      -8.00     16
visgrd number of dims    3
visgrd dimensions         23        23        24
visgrd axis scales      0.700     0.700     0.700

visgrd volume hbdonor                                                                         
visgrd author sitemap                                                                         
visgrd property name donor                                                                           
visgrd qualifying points    255
visgrd default map values       1      -8.00      5
visgrd number of dims    3
visgrd dimensions         23        23        24
visgrd axis scales      0.700     0.700     0.700

-- Evaluating site  1 --
Ligand/site-points file: 
Protein coordinates/parameters file: 
extend =   3
 Verbosity flags: F F F F F
all SiteMap grid files will be read
the protein charges will be modified to reduce formal charges and adjust donor/acceptor potentials
protein radii will be modified to allow closer approach to donor and acceptor heteroatoms
phobic areas emphasize enclosed regions and deemphasize exposed regions using alternative method
site-point set will be augmented by including significant nearby points
  threshold for adding phobic points:  -0.500
  threshold for adding philic points:  -8.000
base name for SiteMap grid files: 
 Reusing grid data
reusing site data
Number of protein atoms:    5674
 
phobic grid file reshaped
philic grid file reshaped
donor grid file reshaped
acceptor grid file reshaped
metal grid file reshaped
surf grid file reshaped
 maximum number of atoms in a sitebox =           8


Number of site points   19  first shell   41  higher shells   38   dirscore   0.928
1 vdw  -1.583   phob  -0.241   phil  -5.943   donor  -2.961   acceptor  -2.982   metal   0.000
2               phob  -0.083   phil  -5.592   donor  -2.394   acceptor  -3.198   metal   0.000

SiteScore size   Dscore  volume  exposure enclosure contact  phobic   philic   balance  don/acc
  0.918    46    0.677   143.03    0.632    0.928    1.222    0.573    1.587    0.361    0.993

-- Done with site  1 --

== End SiteMap calculation ==

Wrote 1 sites to "md1_crop252_coa_out.maegz".

Current time: Sun Jan 29 09:35:44 2023
Elapsed time: 0:00:03.76
SiteMap successfully completed.

