--------------------------------------------------------------------------------
JobId          : X299-0-63d6201d
Name           : md1_crop113_coa
Program        : SiteMap
Version        : 2021-4 build 135
Host           : X299
Dir            : /mnt/3a29b482-dac1-4563-be89-d63ad92354e9/cers_modelling/md_sampling_cers_models/charmm_gui_systems/cers2_10pc_chol/sitemaps
HostEntry      : localhost
JobHost        : X299
JobDir         : /scratch/tamir/md1_crop113_coa
JobSchrodinger : /opt/schrodinger2021-4
Commandline    : /opt/schrodinger2021-4/sitemap md1_crop113_coa.in
StartTime      : 2023-01-29-09:28:29
--------------------------------------------------------------------------------

== Begin input keywords ==
ADDPHIL  -8.0
ADDPHOB  -0.5
ADDSP  True
COMPRESS  True
CUTOFF  20.0
D2THRESH  3.1
DTHRESH  6.5
DVSCALE  2.5
ENCLOSURE  0.5
EXTEND  3
FAKE  False
FFIELD  OPLS_2005
GRID  0.7
KEEPELEC  False
KEEPVDW  False
KEEPVOLPTS  True
KMAX  3
KMAX2  5
MAPDIST  4.0
MARGIN  6.0
MAXDIST  8.0
MAXSITES  1
MAXVDW  1.1
MINGROUP  3
MODCHARGES  True
MODPHOBIC  3
NEARRES  3.5
NTHRESH  3
PROT  md1_crop113.mae
R2THRESH  4.1
REPORTSIZE  10
ROUND  False
RTHRESH  5.0
VERBOSITY  0
WRITEGRIDS  False
WRITEPOT  False
WRITESTRUCTS  True
WRITEVIS  True
XCENT  56.39150142669678
XRANGE  10.0
YCENT  43.75899791717529
YRANGE  10.0
ZCENT  76.16849899291992
ZRANGE  10.0
== End input keywords ==

== Begin single-receptor SiteMap calculation ==

-- Begin site search --
 Parameters for this calculation:
 sitecut =  0.500000000000000     
 sitescmin =   1.10000000000000     
 afactor =   1.00000000000000     
 bfactor =   1.00000000000000     
 imaxsite =           8
 ithresh =           3
 mingroup =           3
 kmax =           3
 kmax2 =           5
 r2thresh =   4.10000000000000     
 dvscale =   2.50000000000000     
 dvscnorm =   2.50000000000000     
 dvscbig =   2.50000000000000     
 border =   2.00000000000000     
 dthresh =   6.50000000000000     
 rthresh =   5.00000000000000     
 maxgroup =         100
 r2thresh =   4.10000000000000     
 nthresh =           3
 ndir =         110
 use_vdw = T
 repname = none
 repsize =          10
 maxrep =           1
 sitelis = sites.lis
 profile = none
 sitelig = none
 siteasl = none
 use_sitelig =  F
 sitebox =  -999.000000000000     
 writepdb =  F
 number of protein atoms =        5674
Starting findsites:  Sunday, January 29 2023, at 09:28:32 IST
ptypes obtained:  Sunday, January 29 2023, at 09:28:32 IST
lj parameters obtained:  Sunday, January 29 2023, at 09:28:32 IST
Basic parameters obtained:  Sunday, January 29 2023, at 09:28:32 IST
Receptor parameterization completed:  Sunday, January 29 2023, at 09:28:32 IST
 scaled value of sitecut =   55.0000000000000     
 sphere directions set up         110
Sunday, January 29 2023, at 09:28:32 IST
 FINDSITE will use user-specified box
Centroid of box:  56.392  43.759  76.168
 boundaries   51.3915014266968        61.3915014266968     
   38.7589979171753        48.7589979171753        71.1684989929199     
   81.1684989929199     
 box          10          10          10
 maximum number of atoms in a sitebox =           6
Site points found:  Sunday, January 29 2023, at 09:28:32 IST
 boxes, patoms in boxes, empty boxes =         125         257          30
 total, outside sites =        1000         103
Site points pruned:  Sunday, January 29 2023, at 09:28:32 IST
final goodsites =        26
         4 sites will be removed
        22 good sites remain
Number of site groups found =     1

  Group  index  size  score     x       y       z     stdev
    1      1     22    1.37   56.00   46.45   75.07    2.07
Sites linked and merged:  Sunday, January 29 2023, at 09:28:32 IST
 Storing receptor data

Site-finding complete.
Number of sites to map/eval:  1

-- Mapping site  1 --
jobname: md1_crop113_coa_site_1
all SiteMap grid files will be generated
 philic map specified
 phobic map specified
 donor map specified
 acceptor map specified
 metal-ligation map specified
 surface-display map specified
grid margin:     6.00
grid spacing:     0.70
non-bonded cutoff:    20.00
ligand/sitepoints file: 
protein coordinates/parameters file: 
output map/grid files will be written to the current directory
vis files will be written
protein charges will be modified to reduce formal charges and adjust donor/acceptor potentials
protein radii will be modified to allow closer approach to donor and acceptor heteroatoms
phobic areas will be modified to emphasize enclosed regions and to deemphasize exposed regions using alternative method
all input instructions read
 Getting site data
ligand xcm,ycm,zcm,xrange,yrange,zrange 56.892 46.759 75.668  5.000  2.000  5.000

 Reusing receptor data from site-finding stage.

Sitemap: electrostatic+vdw interaction energy
Map field of *enzyme* in region of *inhibitor*

computing site maps ...
grid lim (orig)  48.392  65.392  39.759  53.759  67.168  84.168
grid lim (adj)   48.142  65.642  39.409  54.109  66.918  84.418
grid point counts   26   22   26
total grid points   14872

 5674 receptor atoms read
grid: adjdip
number of grid points within emin, emax limits =    12397
 maximum grid value before cutoff =               -0.178
 minimum grid value before cutoff =   -669.289

philic and phobic grids formed
grid: surf
number of grid points within emin, emax limits =     2640
 maximum grid value before cutoff =         44132667.990
 minimum grid value before cutoff =     -2.683

grid: phil
number of grid points within emin, emax limits =     2655
 maximum grid value before cutoff =         44132617.990
 minimum grid value before cutoff =    -25.417

grid: phob
number of grid points within emin, emax limits =     1217
 maximum grid value before cutoff =         44132682.990
 minimum grid value before cutoff =     -2.354

mod_phobic: phobthresh, philthresh =  -0.250  -3.000
 maximum number of atoms in a sitebox =           8
 boxes, patoms in boxes, empty boxes =       11571        5674        9481
Average phobic potential changed from  -0.879 to  -0.579 for  276 grid points

number of phobic points =   376   average phobic score =   0.82
number of philic points =  2279   average philic score =  -5.26

number of qualifying surf grid points =      403

number of qualifying phil grid points =      493

number of qualifying phob grid points =       82

number of qualifying accptr grid points =      174

number of qualifying donor grid points =      310

number of qualifying metal grid points =        0

visgrd volume surf                                                                            
visgrd author sitemap                                                                         
visgrd property name surf                                                                            
visgrd qualifying points   2103
visgrd default map values       1       1.00      2
visgrd number of dims    3
visgrd dimensions         26        22        26
visgrd axis scales      0.700     0.700     0.700

visgrd volume hydrophil                                                                       
visgrd author sitemap                                                                         
visgrd property name phil                                                                            
visgrd qualifying points    493
visgrd default map values       1      -8.00     10
visgrd number of dims    3
visgrd dimensions         26        22        26
visgrd axis scales      0.700     0.700     0.700

visgrd volume hydrophob                                                                       
visgrd author sitemap                                                                         
visgrd property name phob                                                                            
visgrd qualifying points    146
visgrd default map values       1      -0.50     13
visgrd number of dims    3
visgrd dimensions         26        22        26
visgrd axis scales      0.700     0.700     0.700

visgrd volume hbacceptor                                                                      
visgrd author sitemap                                                                         
visgrd property name accptr                                                                          
visgrd qualifying points    174
visgrd default map values       1      -8.00     16
visgrd number of dims    3
visgrd dimensions         26        22        26
visgrd axis scales      0.700     0.700     0.700

visgrd volume hbdonor                                                                         
visgrd author sitemap                                                                         
visgrd property name donor                                                                           
visgrd qualifying points    310
visgrd default map values       1      -8.00      5
visgrd number of dims    3
visgrd dimensions         26        22        26
visgrd axis scales      0.700     0.700     0.700

-- Evaluating site  1 --
Ligand/site-points file: 
Protein coordinates/parameters file: 
extend =   3
 Verbosity flags: F F F F F
all SiteMap grid files will be read
the protein charges will be modified to reduce formal charges and adjust donor/acceptor potentials
protein radii will be modified to allow closer approach to donor and acceptor heteroatoms
phobic areas emphasize enclosed regions and deemphasize exposed regions using alternative method
site-point set will be augmented by including significant nearby points
  threshold for adding phobic points:  -0.500
  threshold for adding philic points:  -8.000
base name for SiteMap grid files: 
 Reusing grid data
reusing site data
Number of protein atoms:    5674
 
phobic grid file reshaped
philic grid file reshaped
donor grid file reshaped
acceptor grid file reshaped
metal grid file reshaped
surf grid file reshaped
 maximum number of atoms in a sitebox =           8


Number of site points   22  first shell   50  higher shells   70   dirscore   0.883
1 vdw  -1.497   phob  -0.263   phil  -4.717   donor  -2.579   acceptor  -2.138   metal   0.000
2               phob  -0.118   phil  -4.410   donor  -1.732   acceptor  -2.678   metal   0.000

SiteScore size   Dscore  volume  exposure enclosure contact  phobic   philic   balance  don/acc
  0.944    57    0.829   238.73    0.678    0.883    1.155    0.817    1.260    0.648    1.207

-- Done with site  1 --

== End SiteMap calculation ==

Wrote 1 sites to "md1_crop113_coa_out.maegz".

Current time: Sun Jan 29 09:28:34 2023
Elapsed time: 0:00:04.09
SiteMap successfully completed.

