--------------------------------------------------------------------------------
JobId          : X299-0-63d624cc
Name           : md1_crop4_coa
Program        : SiteMap
Version        : 2021-4 build 135
Host           : X299
Dir            : /mnt/3a29b482-dac1-4563-be89-d63ad92354e9/cers_modelling/md_sampling_cers_models/charmm_gui_systems/cers2_10pc_chol/sitemaps
HostEntry      : localhost
JobHost        : X299
JobDir         : /scratch/tamir/md1_crop4_coa
JobSchrodinger : /opt/schrodinger2021-4
Commandline    : /opt/schrodinger2021-4/sitemap md1_crop4_coa.in
StartTime      : 2023-01-29-09:48:28
--------------------------------------------------------------------------------

== Begin input keywords ==
ADDPHIL  -8.0
ADDPHOB  -0.5
ADDSP  True
COMPRESS  True
CUTOFF  20.0
D2THRESH  3.1
DTHRESH  6.5
DVSCALE  2.5
ENCLOSURE  0.5
EXTEND  3
FAKE  False
FFIELD  OPLS_2005
GRID  0.7
KEEPELEC  False
KEEPVDW  False
KEEPVOLPTS  True
KMAX  3
KMAX2  5
MAPDIST  4.0
MARGIN  6.0
MAXDIST  8.0
MAXSITES  1
MAXVDW  1.1
MINGROUP  3
MODCHARGES  True
MODPHOBIC  3
NEARRES  3.5
NTHRESH  3
PROT  md1_crop4.mae
R2THRESH  4.1
REPORTSIZE  10
ROUND  False
RTHRESH  5.0
VERBOSITY  0
WRITEGRIDS  False
WRITEPOT  False
WRITESTRUCTS  True
WRITEVIS  True
XCENT  57.18200206756592
XRANGE  10.0
YCENT  46.086997985839844
YRANGE  10.0
ZCENT  75.78100204467773
ZRANGE  10.0
== End input keywords ==

== Begin single-receptor SiteMap calculation ==

-- Begin site search --
 Parameters for this calculation:
 sitecut =  0.500000000000000     
 sitescmin =   1.10000000000000     
 afactor =   1.00000000000000     
 bfactor =   1.00000000000000     
 imaxsite =           8
 ithresh =           3
 mingroup =           3
 kmax =           3
 kmax2 =           5
 r2thresh =   4.10000000000000     
 dvscale =   2.50000000000000     
 dvscnorm =   2.50000000000000     
 dvscbig =   2.50000000000000     
 border =   2.00000000000000     
 dthresh =   6.50000000000000     
 rthresh =   5.00000000000000     
 maxgroup =         100
 r2thresh =   4.10000000000000     
 nthresh =           3
 ndir =         110
 use_vdw = T
 repname = none
 repsize =          10
 maxrep =           1
 sitelis = sites.lis
 profile = none
 sitelig = none
 siteasl = none
 use_sitelig =  F
 sitebox =  -999.000000000000     
 writepdb =  F
 number of protein atoms =        5675
Starting findsites:  Sunday, January 29 2023, at 09:48:31 IST
ptypes obtained:  Sunday, January 29 2023, at 09:48:31 IST
lj parameters obtained:  Sunday, January 29 2023, at 09:48:31 IST
Basic parameters obtained:  Sunday, January 29 2023, at 09:48:31 IST
Receptor parameterization completed:  Sunday, January 29 2023, at 09:48:31 IST
 scaled value of sitecut =   55.0000000000000     
 sphere directions set up         110
Sunday, January 29 2023, at 09:48:31 IST
 FINDSITE will use user-specified box
Centroid of box:  57.182  46.087  75.781
 boundaries   52.1820020675659        62.1820020675659     
   41.0869979858398        51.0869979858398        70.7810020446777     
   80.7810020446777     
 box          10          10          10
 maximum number of atoms in a sitebox =           7
Site points found:  Sunday, January 29 2023, at 09:48:32 IST
 boxes, patoms in boxes, empty boxes =         125         257          29
 total, outside sites =        1000         116
Site points pruned:  Sunday, January 29 2023, at 09:48:32 IST
final goodsites =        49
         4 sites will be removed
        45 good sites remain
Number of site groups found =     1

  Group  index  size  score     x       y       z     stdev
    1      1     45    1.50   56.22   48.51   74.05    2.72
Sites linked and merged:  Sunday, January 29 2023, at 09:48:32 IST
 Storing receptor data

Site-finding complete.
Number of sites to map/eval:  1

-- Mapping site  1 --
jobname: md1_crop4_coa_site_1
all SiteMap grid files will be generated
 philic map specified
 phobic map specified
 donor map specified
 acceptor map specified
 metal-ligation map specified
 surface-display map specified
grid margin:     6.00
grid spacing:     0.70
non-bonded cutoff:    20.00
ligand/sitepoints file: 
protein coordinates/parameters file: 
output map/grid files will be written to the current directory
vis files will be written
protein charges will be modified to reduce formal charges and adjust donor/acceptor potentials
protein radii will be modified to allow closer approach to donor and acceptor heteroatoms
phobic areas will be modified to emphasize enclosed regions and to deemphasize exposed regions using alternative method
all input instructions read
 Getting site data
ligand xcm,ycm,zcm,xrange,yrange,zrange 57.682 48.587 74.781  7.000  3.000  6.000

 Reusing receptor data from site-finding stage.

Sitemap: electrostatic+vdw interaction energy
Map field of *enzyme* in region of *inhibitor*

computing site maps ...
grid lim (orig)  48.182  67.182  41.087  56.087  65.781  83.781
grid lim (adj)   47.882  67.482  40.887  56.287  65.681  83.881
grid point counts   29   23   27
total grid points   18009

 5675 receptor atoms read
grid: adjdip
number of grid points within emin, emax limits =    14862
 maximum grid value before cutoff =               -0.132
 minimum grid value before cutoff =   -631.139

philic and phobic grids formed
grid: surf
number of grid points within emin, emax limits =     3180
 maximum grid value before cutoff =         36152737.876
 minimum grid value before cutoff =     -2.985

grid: phil
number of grid points within emin, emax limits =     2915
 maximum grid value before cutoff =         36152687.876
 minimum grid value before cutoff =    -28.197

grid: phob
number of grid points within emin, emax limits =     1155
 maximum grid value before cutoff =         36152752.876
 minimum grid value before cutoff =     -2.102

mod_phobic: phobthresh, philthresh =  -0.250  -3.000
 maximum number of atoms in a sitebox =           8
 boxes, patoms in boxes, empty boxes =       11191        5675        9070
Average phobic potential changed from  -0.822 to  -0.498 for  385 grid points

number of phobic points =   541   average phobic score =   0.80
number of philic points =  2374   average philic score =  -6.02

number of qualifying surf grid points =      476

number of qualifying phil grid points =      668

number of qualifying phob grid points =       79

number of qualifying accptr grid points =      282

number of qualifying donor grid points =      344

number of qualifying metal grid points =        0

visgrd volume surf                                                                            
visgrd author sitemap                                                                         
visgrd property name surf                                                                            
visgrd qualifying points   2245
visgrd default map values       1       1.00      2
visgrd number of dims    3
visgrd dimensions         29        23        27
visgrd axis scales      0.700     0.700     0.700

visgrd volume hydrophil                                                                       
visgrd author sitemap                                                                         
visgrd property name phil                                                                            
visgrd qualifying points    668
visgrd default map values       1      -8.00     10
visgrd number of dims    3
visgrd dimensions         29        23        27
visgrd axis scales      0.700     0.700     0.700

visgrd volume hydrophob                                                                       
visgrd author sitemap                                                                         
visgrd property name phob                                                                            
visgrd qualifying points    150
visgrd default map values       1      -0.50     13
visgrd number of dims    3
visgrd dimensions         29        23        27
visgrd axis scales      0.700     0.700     0.700

visgrd volume hbacceptor                                                                      
visgrd author sitemap                                                                         
visgrd property name accptr                                                                          
visgrd qualifying points    282
visgrd default map values       1      -8.00     16
visgrd number of dims    3
visgrd dimensions         29        23        27
visgrd axis scales      0.700     0.700     0.700

visgrd volume hbdonor                                                                         
visgrd author sitemap                                                                         
visgrd property name donor                                                                           
visgrd qualifying points    344
visgrd default map values       1      -8.00      5
visgrd number of dims    3
visgrd dimensions         29        23        27
visgrd axis scales      0.700     0.700     0.700

-- Evaluating site  1 --
Ligand/site-points file: 
Protein coordinates/parameters file: 
extend =   3
 Verbosity flags: F F F F F
all SiteMap grid files will be read
the protein charges will be modified to reduce formal charges and adjust donor/acceptor potentials
protein radii will be modified to allow closer approach to donor and acceptor heteroatoms
phobic areas emphasize enclosed regions and deemphasize exposed regions using alternative method
site-point set will be augmented by including significant nearby points
  threshold for adding phobic points:  -0.500
  threshold for adding philic points:  -8.000
base name for SiteMap grid files: 
 Reusing grid data
reusing site data
Number of protein atoms:    5675
 
phobic grid file reshaped
philic grid file reshaped
donor grid file reshaped
acceptor grid file reshaped
metal grid file reshaped
surf grid file reshaped
 maximum number of atoms in a sitebox =           8


Number of site points   45  first shell   51  higher shells   33   dirscore   0.899
1 vdw  -1.545   phob  -0.393   phil  -4.387   donor  -2.156   acceptor  -2.232   metal   0.000
2               phob  -0.183   phil  -4.114   donor  -1.901   acceptor  -2.213   metal   0.000

SiteScore size   Dscore  volume  exposure enclosure contact  phobic   philic   balance  don/acc
  1.053    79    0.993   200.31    0.515    0.899    1.192    1.270    1.172    1.084    0.966

-- Done with site  1 --

== End SiteMap calculation ==

Wrote 1 sites to "md1_crop4_coa_out.maegz".

Current time: Sun Jan 29 09:48:33 2023
Elapsed time: 0:00:04.19
SiteMap successfully completed.

