--------------------------------------------------------------------------------
JobId          : X299-0-63d65f19
Name           : md1_crop55_acyl
Program        : SiteMap
Version        : 2021-4 build 135
Host           : X299
Dir            : /mnt/3a29b482-dac1-4563-be89-d63ad92354e9/cers_modelling/md_sampling_cers_models/charmm_gui_systems/cers2_10pc_chol/sitemaps
HostEntry      : localhost
JobHost        : X299
JobDir         : /scratch/tamir/md1_crop55_acyl
JobSchrodinger : /opt/schrodinger2021-4
Commandline    : /opt/schrodinger2021-4/sitemap md1_crop55_acyl.in
StartTime      : 2023-01-29-13:57:13
--------------------------------------------------------------------------------

== Begin input keywords ==
ADDPHIL  -8.0
ADDPHOB  -0.5
ADDSP  True
COMPRESS  True
CUTOFF  20.0
D2THRESH  3.1
DTHRESH  6.5
DVSCALE  2.5
ENCLOSURE  0.5
EXTEND  3
FAKE  False
FFIELD  OPLS_2005
GRID  0.7
KEEPELEC  False
KEEPVDW  False
KEEPVOLPTS  True
KMAX  3
KMAX2  5
MAPDIST  4.0
MARGIN  6.0
MAXDIST  8.0
MAXSITES  1
MAXVDW  1.1
MINGROUP  3
MODCHARGES  True
MODPHOBIC  3
NEARRES  3.5
NTHRESH  3
PROT  md1_crop55.mae
R2THRESH  4.1
REPORTSIZE  10
ROUND  False
RTHRESH  5.0
VERBOSITY  0
WRITEGRIDS  False
WRITEPOT  False
WRITESTRUCTS  True
WRITEVIS  True
XCENT  62.903666496276855
XRANGE  10.0
YCENT  52.02866554260254
YRANGE  10.0
ZCENT  55.30066967010498
ZRANGE  10.0
== End input keywords ==

== Begin single-receptor SiteMap calculation ==

-- Begin site search --
 Parameters for this calculation:
 sitecut =  0.500000000000000     
 sitescmin =   1.10000000000000     
 afactor =   1.00000000000000     
 bfactor =   1.00000000000000     
 imaxsite =           8
 ithresh =           3
 mingroup =           3
 kmax =           3
 kmax2 =           5
 r2thresh =   4.10000000000000     
 dvscale =   2.50000000000000     
 dvscnorm =   2.50000000000000     
 dvscbig =   2.50000000000000     
 border =   2.00000000000000     
 dthresh =   6.50000000000000     
 rthresh =   5.00000000000000     
 maxgroup =         100
 r2thresh =   4.10000000000000     
 nthresh =           3
 ndir =         110
 use_vdw = T
 repname = none
 repsize =          10
 maxrep =           1
 sitelis = sites.lis
 profile = none
 sitelig = none
 siteasl = none
 use_sitelig =  F
 sitebox =  -999.000000000000     
 writepdb =  F
 number of protein atoms =        5674
Starting findsites:  Sunday, January 29 2023, at 13:57:16 IST
ptypes obtained:  Sunday, January 29 2023, at 13:57:16 IST
lj parameters obtained:  Sunday, January 29 2023, at 13:57:16 IST
Basic parameters obtained:  Sunday, January 29 2023, at 13:57:16 IST
Receptor parameterization completed:  Sunday, January 29 2023, at 13:57:16 IST
 scaled value of sitecut =   55.0000000000000     
 sphere directions set up         110
Sunday, January 29 2023, at 13:57:16 IST
 FINDSITE will use user-specified box
Centroid of box:  62.904  52.029  55.301
 boundaries   57.9036664962769        67.9036664962769     
   47.0286655426025        57.0286655426025        50.3006696701050     
   60.3006696701050     
 box          10          10          10
 maximum number of atoms in a sitebox =           7
Site points found:  Sunday, January 29 2023, at 13:57:16 IST
 boxes, patoms in boxes, empty boxes =         125         323          13
 total, outside sites =        1000           6
Site points pruned:  Sunday, January 29 2023, at 13:57:16 IST
final goodsites =         4
         3 sites will be removed
         1 good sites remain
Number of site groups found =     1

  Group  index  size  score     x       y       z     stdev
    1      1      1    2.11   59.90   52.03   56.30    0.00
Sites linked and merged:  Sunday, January 29 2023, at 13:57:16 IST
 Storing receptor data

Site-finding complete.
Number of sites to map/eval:  1

-- Mapping site  1 --
jobname: md1_crop55_acyl_site_1
all SiteMap grid files will be generated
 philic map specified
 phobic map specified
 donor map specified
 acceptor map specified
 metal-ligation map specified
 surface-display map specified
grid margin:     6.00
grid spacing:     0.70
non-bonded cutoff:    20.00
ligand/sitepoints file: 
protein coordinates/parameters file: 
output map/grid files will be written to the current directory
vis files will be written
protein charges will be modified to reduce formal charges and adjust donor/acceptor potentials
protein radii will be modified to allow closer approach to donor and acceptor heteroatoms
phobic areas will be modified to emphasize enclosed regions and to deemphasize exposed regions using alternative method
all input instructions read
 Getting site data
ligand xcm,ycm,zcm,xrange,yrange,zrange  0.000  0.000  0.000  0.000  0.000  0.000

 Reusing receptor data from site-finding stage.

Sitemap: electrostatic+vdw interaction energy
Map field of *enzyme* in region of *inhibitor*

computing site maps ...
grid lim (orig)  53.904  65.904  46.029  58.029  50.301  62.301
grid lim (adj)   53.604  66.204  45.729  58.329  50.001  62.601
grid point counts   19   19   19
total grid points    6859

 5674 receptor atoms read
grid: adjdip
number of grid points within emin, emax limits =     5460
 maximum grid value before cutoff =               -0.320
 minimum grid value before cutoff =   -566.110

philic and phobic grids formed
grid: surf
number of grid points within emin, emax limits =      845
 maximum grid value before cutoff =         60089392.688
 minimum grid value before cutoff =     -2.947

grid: phil
number of grid points within emin, emax limits =      206
 maximum grid value before cutoff =         60089345.870
 minimum grid value before cutoff =    -17.258

grid: phob
number of grid points within emin, emax limits =       68
 maximum grid value before cutoff =         60089406.733
 minimum grid value before cutoff =     -2.346

mod_phobic: phobthresh, philthresh =  -0.250  -3.000
 maximum number of atoms in a sitebox =           8
 boxes, patoms in boxes, empty boxes =       10353        5674        8259
Average phobic potential changed from  -1.456 to  -1.375 for   37 grid points

number of phobic points =    43   average phobic score =   1.44
number of philic points =   163   average philic score =  -4.87

number of qualifying surf grid points =       75

number of qualifying phil grid points =       34

number of qualifying phob grid points =       34

number of qualifying accptr grid points =       18

number of qualifying donor grid points =       13

number of qualifying metal grid points =        0

visgrd volume surf                                                                            
visgrd author sitemap                                                                         
visgrd property name surf                                                                            
visgrd qualifying points    134
visgrd default map values       1       1.00      2
visgrd number of dims    3
visgrd dimensions         19        19        19
visgrd axis scales      0.700     0.700     0.700

visgrd volume hydrophil                                                                       
visgrd author sitemap                                                                         
visgrd property name phil                                                                            
visgrd qualifying points     34
visgrd default map values       1      -8.00     10
visgrd number of dims    3
visgrd dimensions         19        19        19
visgrd axis scales      0.700     0.700     0.700

visgrd volume hydrophob                                                                       
visgrd author sitemap                                                                         
visgrd property name phob                                                                            
visgrd qualifying points     37
visgrd default map values       1      -0.50     13
visgrd number of dims    3
visgrd dimensions         19        19        19
visgrd axis scales      0.700     0.700     0.700

visgrd volume hbacceptor                                                                      
visgrd author sitemap                                                                         
visgrd property name accptr                                                                          
visgrd qualifying points     18
visgrd default map values       1      -8.00     16
visgrd number of dims    3
visgrd dimensions         19        19        19
visgrd axis scales      0.700     0.700     0.700

visgrd volume hbdonor                                                                         
visgrd author sitemap                                                                         
visgrd property name donor                                                                           
visgrd qualifying points     13
visgrd default map values       1      -8.00      5
visgrd number of dims    3
visgrd dimensions         19        19        19
visgrd axis scales      0.700     0.700     0.700

-- Evaluating site  1 --
Ligand/site-points file: 
Protein coordinates/parameters file: 
extend =   3
 Verbosity flags: F F F F F
all SiteMap grid files will be read
the protein charges will be modified to reduce formal charges and adjust donor/acceptor potentials
protein radii will be modified to allow closer approach to donor and acceptor heteroatoms
phobic areas emphasize enclosed regions and deemphasize exposed regions using alternative method
site-point set will be augmented by including significant nearby points
  threshold for adding phobic points:  -0.500
  threshold for adding philic points:  -8.000
base name for SiteMap grid files: 
 Reusing grid data
reusing site data
Number of protein atoms:    5674
 
phobic grid file reshaped
philic grid file reshaped
donor grid file reshaped
acceptor grid file reshaped
metal grid file reshaped
surf grid file reshaped
 maximum number of atoms in a sitebox =           8


Number of site points    1  first shell    8  higher shells    6   dirscore   0.994
1 vdw  -1.421   phob  -0.935   phil  -0.950   donor  -0.124   acceptor  -0.826   metal   0.000
2               phob  -0.792   phil  -0.232   donor  -0.160   acceptor  -0.071   metal   0.000

SiteScore size   Dscore  volume  exposure enclosure contact  phobic   philic   balance  don/acc
  0.848    10    0.811    19.55    0.583    0.994    1.097    5.500    0.254   21.688    0.150

-- Done with site  1 --

== End SiteMap calculation ==

Wrote 1 sites to "md1_crop55_acyl_out.maegz".

Current time: Sun Jan 29 13:57:16 2023
Elapsed time: 0:00:03.13
SiteMap successfully completed.

