--------------------------------------------------------------------------------
JobId          : X299-0-63d62127
Name           : md1_crop19_coa
Program        : SiteMap
Version        : 2021-4 build 135
Host           : X299
Dir            : /mnt/3a29b482-dac1-4563-be89-d63ad92354e9/cers_modelling/md_sampling_cers_models/charmm_gui_systems/cers2_10pc_chol/sitemaps
HostEntry      : localhost
JobHost        : X299
JobDir         : /scratch/tamir/md1_crop19_coa
JobSchrodinger : /opt/schrodinger2021-4
Commandline    : /opt/schrodinger2021-4/sitemap md1_crop19_coa.in
StartTime      : 2023-01-29-09:32:55
--------------------------------------------------------------------------------

== Begin input keywords ==
ADDPHIL  -8.0
ADDPHOB  -0.5
ADDSP  True
COMPRESS  True
CUTOFF  20.0
D2THRESH  3.1
DTHRESH  6.5
DVSCALE  2.5
ENCLOSURE  0.5
EXTEND  3
FAKE  False
FFIELD  OPLS_2005
GRID  0.7
KEEPELEC  False
KEEPVDW  False
KEEPVOLPTS  True
KMAX  3
KMAX2  5
MAPDIST  4.0
MARGIN  6.0
MAXDIST  8.0
MAXSITES  1
MAXVDW  1.1
MINGROUP  3
MODCHARGES  True
MODPHOBIC  3
NEARRES  3.5
NTHRESH  3
PROT  md1_crop19.mae
R2THRESH  4.1
REPORTSIZE  10
ROUND  False
RTHRESH  5.0
VERBOSITY  0
WRITEGRIDS  False
WRITEPOT  False
WRITESTRUCTS  True
WRITEVIS  True
XCENT  57.88249969482422
XRANGE  10.0
YCENT  45.76250076293945
YRANGE  10.0
ZCENT  71.6724967956543
ZRANGE  10.0
== End input keywords ==

== Begin single-receptor SiteMap calculation ==

-- Begin site search --
 Parameters for this calculation:
 sitecut =  0.500000000000000     
 sitescmin =   1.10000000000000     
 afactor =   1.00000000000000     
 bfactor =   1.00000000000000     
 imaxsite =           8
 ithresh =           3
 mingroup =           3
 kmax =           3
 kmax2 =           5
 r2thresh =   4.10000000000000     
 dvscale =   2.50000000000000     
 dvscnorm =   2.50000000000000     
 dvscbig =   2.50000000000000     
 border =   2.00000000000000     
 dthresh =   6.50000000000000     
 rthresh =   5.00000000000000     
 maxgroup =         100
 r2thresh =   4.10000000000000     
 nthresh =           3
 ndir =         110
 use_vdw = T
 repname = none
 repsize =          10
 maxrep =           1
 sitelis = sites.lis
 profile = none
 sitelig = none
 siteasl = none
 use_sitelig =  F
 sitebox =  -999.000000000000     
 writepdb =  F
 number of protein atoms =        5674
Starting findsites:  Sunday, January 29 2023, at 09:32:58 IST
ptypes obtained:  Sunday, January 29 2023, at 09:32:58 IST
lj parameters obtained:  Sunday, January 29 2023, at 09:32:58 IST
Basic parameters obtained:  Sunday, January 29 2023, at 09:32:58 IST
Receptor parameterization completed:  Sunday, January 29 2023, at 09:32:58 IST
 scaled value of sitecut =   55.0000000000000     
 sphere directions set up         110
Sunday, January 29 2023, at 09:32:58 IST
 FINDSITE will use user-specified box
Centroid of box:  57.882  45.763  71.672
 boundaries   52.8824996948242        62.8824996948242     
   40.7625007629395        50.7625007629395        66.6724967956543     
   76.6724967956543     
 box          10          10          10
 maximum number of atoms in a sitebox =           6
Site points found:  Sunday, January 29 2023, at 09:32:58 IST
 boxes, patoms in boxes, empty boxes =         125         265          27
 total, outside sites =        1000          90
Site points pruned:  Sunday, January 29 2023, at 09:32:58 IST
final goodsites =        34
         7 sites will be removed
        27 good sites remain
Number of site groups found =     1

  Group  index  size  score     x       y       z     stdev
    1      1     27    1.57   55.80   48.02   70.11    1.96
Sites linked and merged:  Sunday, January 29 2023, at 09:32:58 IST
 Storing receptor data

Site-finding complete.
Number of sites to map/eval:  1

-- Mapping site  1 --
jobname: md1_crop19_coa_site_1
all SiteMap grid files will be generated
 philic map specified
 phobic map specified
 donor map specified
 acceptor map specified
 metal-ligation map specified
 surface-display map specified
grid margin:     6.00
grid spacing:     0.70
non-bonded cutoff:    20.00
ligand/sitepoints file: 
protein coordinates/parameters file: 
output map/grid files will be written to the current directory
vis files will be written
protein charges will be modified to reduce formal charges and adjust donor/acceptor potentials
protein radii will be modified to allow closer approach to donor and acceptor heteroatoms
phobic areas will be modified to emphasize enclosed regions and to deemphasize exposed regions using alternative method
all input instructions read
 Getting site data
ligand xcm,ycm,zcm,xrange,yrange,zrange 56.382 47.763 70.672  3.000  2.000  6.000

 Reusing receptor data from site-finding stage.

Sitemap: electrostatic+vdw interaction energy
Map field of *enzyme* in region of *inhibitor*

computing site maps ...
grid lim (orig)  48.882  63.882  40.763  54.763  61.672  79.672
grid lim (adj)   48.682  64.082  40.413  55.113  61.572  79.772
grid point counts   23   22   27
total grid points   13662

 5674 receptor atoms read
grid: adjdip
number of grid points within emin, emax limits =    11196
 maximum grid value before cutoff =               -0.157
 minimum grid value before cutoff =   -664.933

philic and phobic grids formed
grid: surf
number of grid points within emin, emax limits =     2507
 maximum grid value before cutoff =         46040788.383
 minimum grid value before cutoff =     -2.676

grid: phil
number of grid points within emin, emax limits =     2075
 maximum grid value before cutoff =         46040738.383
 minimum grid value before cutoff =    -26.027

grid: phob
number of grid points within emin, emax limits =      926
 maximum grid value before cutoff =         46040803.383
 minimum grid value before cutoff =     -2.045

mod_phobic: phobthresh, philthresh =  -0.250  -3.000
 maximum number of atoms in a sitebox =           8
 boxes, patoms in boxes, empty boxes =       11571        5674        9490
Average phobic potential changed from  -0.787 to  -0.491 for  239 grid points

number of phobic points =   429   average phobic score =   0.75
number of philic points =  1646   average philic score =  -5.99

number of qualifying surf grid points =      342

number of qualifying phil grid points =      451

number of qualifying phob grid points =       53

number of qualifying accptr grid points =      167

number of qualifying donor grid points =      267

number of qualifying metal grid points =        0

visgrd volume surf                                                                            
visgrd author sitemap                                                                         
visgrd property name surf                                                                            
visgrd qualifying points   1550
visgrd default map values       1       1.00      2
visgrd number of dims    3
visgrd dimensions         23        22        27
visgrd axis scales      0.700     0.700     0.700

visgrd volume hydrophil                                                                       
visgrd author sitemap                                                                         
visgrd property name phil                                                                            
visgrd qualifying points    451
visgrd default map values       1      -8.00     10
visgrd number of dims    3
visgrd dimensions         23        22        27
visgrd axis scales      0.700     0.700     0.700

visgrd volume hydrophob                                                                       
visgrd author sitemap                                                                         
visgrd property name phob                                                                            
visgrd qualifying points     87
visgrd default map values       1      -0.50     13
visgrd number of dims    3
visgrd dimensions         23        22        27
visgrd axis scales      0.700     0.700     0.700

visgrd volume hbacceptor                                                                      
visgrd author sitemap                                                                         
visgrd property name accptr                                                                          
visgrd qualifying points    167
visgrd default map values       1      -8.00     16
visgrd number of dims    3
visgrd dimensions         23        22        27
visgrd axis scales      0.700     0.700     0.700

visgrd volume hbdonor                                                                         
visgrd author sitemap                                                                         
visgrd property name donor                                                                           
visgrd qualifying points    267
visgrd default map values       1      -8.00      5
visgrd number of dims    3
visgrd dimensions         23        22        27
visgrd axis scales      0.700     0.700     0.700

-- Evaluating site  1 --
Ligand/site-points file: 
Protein coordinates/parameters file: 
extend =   3
 Verbosity flags: F F F F F
all SiteMap grid files will be read
the protein charges will be modified to reduce formal charges and adjust donor/acceptor potentials
protein radii will be modified to allow closer approach to donor and acceptor heteroatoms
phobic areas emphasize enclosed regions and deemphasize exposed regions using alternative method
site-point set will be augmented by including significant nearby points
  threshold for adding phobic points:  -0.500
  threshold for adding philic points:  -8.000
base name for SiteMap grid files: 
 Reusing grid data
reusing site data
Number of protein atoms:    5674
 
phobic grid file reshaped
philic grid file reshaped
donor grid file reshaped
acceptor grid file reshaped
metal grid file reshaped
surf grid file reshaped
 maximum number of atoms in a sitebox =           8


Number of site points   27  first shell   29  higher shells   39   dirscore   0.912
1 vdw  -1.546   phob  -0.204   phil  -5.946   donor  -2.844   acceptor  -3.101   metal   0.000
2               phob  -0.057   phil  -5.606   donor  -2.319   acceptor  -3.287   metal   0.000

SiteScore size   Dscore  volume  exposure enclosure contact  phobic   philic   balance  don/acc
  0.944    53    0.714   145.77    0.562    0.912    1.193    0.393    1.588    0.247    0.917

-- Done with site  1 --

== End SiteMap calculation ==

Wrote 1 sites to "md1_crop19_coa_out.maegz".

Current time: Sun Jan 29 09:33:00 2023
Elapsed time: 0:00:03.79
SiteMap successfully completed.

