--------------------------------------------------------------------------------
JobId          : X299-0-63d6229e
Name           : md1_crop31_coa
Program        : SiteMap
Version        : 2021-4 build 135
Host           : X299
Dir            : /mnt/3a29b482-dac1-4563-be89-d63ad92354e9/cers_modelling/md_sampling_cers_models/charmm_gui_systems/cers2_10pc_chol/sitemaps
HostEntry      : localhost
JobHost        : X299
JobDir         : /scratch/tamir/md1_crop31_coa
JobSchrodinger : /opt/schrodinger2021-4
Commandline    : /opt/schrodinger2021-4/sitemap md1_crop31_coa.in
StartTime      : 2023-01-29-09:39:10
--------------------------------------------------------------------------------

== Begin input keywords ==
ADDPHIL  -8.0
ADDPHOB  -0.5
ADDSP  True
COMPRESS  True
CUTOFF  20.0
D2THRESH  3.1
DTHRESH  6.5
DVSCALE  2.5
ENCLOSURE  0.5
EXTEND  3
FAKE  False
FFIELD  OPLS_2005
GRID  0.7
KEEPELEC  False
KEEPVDW  False
KEEPVOLPTS  True
KMAX  3
KMAX2  5
MAPDIST  4.0
MARGIN  6.0
MAXDIST  8.0
MAXSITES  1
MAXVDW  1.1
MINGROUP  3
MODCHARGES  True
MODPHOBIC  3
NEARRES  3.5
NTHRESH  3
PROT  md1_crop31.mae
R2THRESH  4.1
REPORTSIZE  10
ROUND  False
RTHRESH  5.0
VERBOSITY  0
WRITEGRIDS  False
WRITEPOT  False
WRITESTRUCTS  True
WRITEVIS  True
XCENT  56.62899971008301
XRANGE  10.0
YCENT  46.26649856567383
YRANGE  10.0
ZCENT  74.70149993896484
ZRANGE  10.0
== End input keywords ==

== Begin single-receptor SiteMap calculation ==

-- Begin site search --
 Parameters for this calculation:
 sitecut =  0.500000000000000     
 sitescmin =   1.10000000000000     
 afactor =   1.00000000000000     
 bfactor =   1.00000000000000     
 imaxsite =           8
 ithresh =           3
 mingroup =           3
 kmax =           3
 kmax2 =           5
 r2thresh =   4.10000000000000     
 dvscale =   2.50000000000000     
 dvscnorm =   2.50000000000000     
 dvscbig =   2.50000000000000     
 border =   2.00000000000000     
 dthresh =   6.50000000000000     
 rthresh =   5.00000000000000     
 maxgroup =         100
 r2thresh =   4.10000000000000     
 nthresh =           3
 ndir =         110
 use_vdw = T
 repname = none
 repsize =          10
 maxrep =           1
 sitelis = sites.lis
 profile = none
 sitelig = none
 siteasl = none
 use_sitelig =  F
 sitebox =  -999.000000000000     
 writepdb =  F
 number of protein atoms =        5675
Starting findsites:  Sunday, January 29 2023, at 09:39:13 IST
ptypes obtained:  Sunday, January 29 2023, at 09:39:13 IST
lj parameters obtained:  Sunday, January 29 2023, at 09:39:13 IST
Basic parameters obtained:  Sunday, January 29 2023, at 09:39:13 IST
Receptor parameterization completed:  Sunday, January 29 2023, at 09:39:13 IST
 scaled value of sitecut =   55.0000000000000     
 sphere directions set up         110
Sunday, January 29 2023, at 09:39:13 IST
 FINDSITE will use user-specified box
Centroid of box:  56.629  46.266  74.701
 boundaries   51.6289997100830        61.6289997100830     
   41.2664985656738        51.2664985656738        69.7014999389648     
   79.7014999389648     
 box          10          10          10
 maximum number of atoms in a sitebox =           7
Site points found:  Sunday, January 29 2023, at 09:39:13 IST
 boxes, patoms in boxes, empty boxes =         125         266          27
 total, outside sites =        1000          84
Site points pruned:  Sunday, January 29 2023, at 09:39:13 IST
final goodsites =        27
         2 sites will be removed
        25 good sites remain
Number of site groups found =     2

  Group  index  size  score     x       y       z     stdev
    1      1     18    1.62   54.23   48.76   72.84    1.99
    2      2      7    1.50   59.20   49.11   72.88    1.19

Inter-group relationships
     g1     g2     n1     n2    dmin    davg   spread  ratio     x1      y1      z1      x2      y2      z2
      1      2     18      7    3.16    4.99    3.18    1.57   54.23   48.76   72.84   59.20   49.11   72.88
 groups           1           2  will be considered for merger
site groups connected   55.63   49.27   71.70   8    4.00   3   4   1
                        57.63   49.27   71.70
 successful merge of groups           1           2
Number of site groups found =     1

  Group  index  size  score     x       y       z     stdev
    1      1     25    1.58   55.55   48.85   72.85    2.85
Sites linked and merged:  Sunday, January 29 2023, at 09:39:13 IST
 Storing receptor data

Site-finding complete.
Number of sites to map/eval:  1

-- Mapping site  1 --
jobname: md1_crop31_coa_site_1
all SiteMap grid files will be generated
 philic map specified
 phobic map specified
 donor map specified
 acceptor map specified
 metal-ligation map specified
 surface-display map specified
grid margin:     6.00
grid spacing:     0.70
non-bonded cutoff:    20.00
ligand/sitepoints file: 
protein coordinates/parameters file: 
output map/grid files will be written to the current directory
vis files will be written
protein charges will be modified to reduce formal charges and adjust donor/acceptor potentials
protein radii will be modified to allow closer approach to donor and acceptor heteroatoms
phobic areas will be modified to emphasize enclosed regions and to deemphasize exposed regions using alternative method
all input instructions read
 Getting site data
ligand xcm,ycm,zcm,xrange,yrange,zrange 56.129 48.766 73.201  7.000  3.000  5.000

 Reusing receptor data from site-finding stage.

Sitemap: electrostatic+vdw interaction energy
Map field of *enzyme* in region of *inhibitor*

computing site maps ...
grid lim (orig)  46.629  65.629  41.266  56.266  64.701  81.701
grid lim (adj)   46.329  65.929  41.066  56.466  64.451  81.951
grid point counts   29   23   26
total grid points   17342

 5675 receptor atoms read
grid: adjdip
number of grid points within emin, emax limits =    14053
 maximum grid value before cutoff =               -0.175
 minimum grid value before cutoff =   -685.148

philic and phobic grids formed
grid: surf
number of grid points within emin, emax limits =     2800
 maximum grid value before cutoff =         53474657.140
 minimum grid value before cutoff =     -2.753

grid: phil
number of grid points within emin, emax limits =     2400
 maximum grid value before cutoff =         53474607.140
 minimum grid value before cutoff =    -24.484

grid: phob
number of grid points within emin, emax limits =      903
 maximum grid value before cutoff =         53474672.140
 minimum grid value before cutoff =     -2.107

mod_phobic: phobthresh, philthresh =  -0.250  -3.000
 maximum number of atoms in a sitebox =           8
 boxes, patoms in boxes, empty boxes =       10469        5675        8374
Average phobic potential changed from  -0.743 to  -0.427 for  305 grid points

number of phobic points =   417   average phobic score =   0.78
number of philic points =  1983   average philic score =  -6.29

number of qualifying surf grid points =      426

number of qualifying phil grid points =      591

number of qualifying phob grid points =       25

number of qualifying accptr grid points =      249

number of qualifying donor grid points =      312

number of qualifying metal grid points =        0

visgrd volume surf                                                                            
visgrd author sitemap                                                                         
visgrd property name surf                                                                            
visgrd qualifying points   1774
visgrd default map values       1       1.00      2
visgrd number of dims    3
visgrd dimensions         29        23        26
visgrd axis scales      0.700     0.700     0.700

visgrd volume hydrophil                                                                       
visgrd author sitemap                                                                         
visgrd property name phil                                                                            
visgrd qualifying points    591
visgrd default map values       1      -8.00     10
visgrd number of dims    3
visgrd dimensions         29        23        26
visgrd axis scales      0.700     0.700     0.700

visgrd volume hydrophob                                                                       
visgrd author sitemap                                                                         
visgrd property name phob                                                                            
visgrd qualifying points     89
visgrd default map values       1      -0.50     13
visgrd number of dims    3
visgrd dimensions         29        23        26
visgrd axis scales      0.700     0.700     0.700

visgrd volume hbacceptor                                                                      
visgrd author sitemap                                                                         
visgrd property name accptr                                                                          
visgrd qualifying points    249
visgrd default map values       1      -8.00     16
visgrd number of dims    3
visgrd dimensions         29        23        26
visgrd axis scales      0.700     0.700     0.700

visgrd volume hbdonor                                                                         
visgrd author sitemap                                                                         
visgrd property name donor                                                                           
visgrd qualifying points    312
visgrd default map values       1      -8.00      5
visgrd number of dims    3
visgrd dimensions         29        23        26
visgrd axis scales      0.700     0.700     0.700

-- Evaluating site  1 --
Ligand/site-points file: 
Protein coordinates/parameters file: 
extend =   3
 Verbosity flags: F F F F F
all SiteMap grid files will be read
the protein charges will be modified to reduce formal charges and adjust donor/acceptor potentials
protein radii will be modified to allow closer approach to donor and acceptor heteroatoms
phobic areas emphasize enclosed regions and deemphasize exposed regions using alternative method
site-point set will be augmented by including significant nearby points
  threshold for adding phobic points:  -0.500
  threshold for adding philic points:  -8.000
base name for SiteMap grid files: 
 Reusing grid data
reusing site data
Number of protein atoms:    5675
 
phobic grid file reshaped
philic grid file reshaped
donor grid file reshaped
acceptor grid file reshaped
metal grid file reshaped
surf grid file reshaped
 maximum number of atoms in a sitebox =           8


Number of site points   25  first shell   49  higher shells   44   dirscore   0.912
1 vdw  -1.606   phob  -0.198   phil  -6.020   donor  -2.529   acceptor  -3.492   metal   0.000
2               phob  -0.064   phil  -5.567   donor  -2.581   acceptor  -2.986   metal   0.000

SiteScore size   Dscore  volume  exposure enclosure contact  phobic   philic   balance  don/acc
  0.968    58    0.739   177.33    0.616    0.912    1.239    0.446    1.608    0.278    0.724

-- Done with site  1 --

== End SiteMap calculation ==

Wrote 1 sites to "md1_crop31_coa_out.maegz".

Current time: Sun Jan 29 09:39:14 2023
Elapsed time: 0:00:04.04
SiteMap successfully completed.

