--------------------------------------------------------------------------------
JobId          : X299-0-63d6211f
Name           : md1_crop197_coa
Program        : SiteMap
Version        : 2021-4 build 135
Host           : X299
Dir            : /mnt/3a29b482-dac1-4563-be89-d63ad92354e9/cers_modelling/md_sampling_cers_models/charmm_gui_systems/cers2_10pc_chol/sitemaps
HostEntry      : localhost
JobHost        : X299
JobDir         : /scratch/tamir/md1_crop197_coa
JobSchrodinger : /opt/schrodinger2021-4
Commandline    : /opt/schrodinger2021-4/sitemap md1_crop197_coa.in
StartTime      : 2023-01-29-09:32:47
--------------------------------------------------------------------------------

== Begin input keywords ==
ADDPHIL  -8.0
ADDPHOB  -0.5
ADDSP  True
COMPRESS  True
CUTOFF  20.0
D2THRESH  3.1
DTHRESH  6.5
DVSCALE  2.5
ENCLOSURE  0.5
EXTEND  3
FAKE  False
FFIELD  OPLS_2005
GRID  0.7
KEEPELEC  False
KEEPVDW  False
KEEPVOLPTS  True
KMAX  3
KMAX2  5
MAPDIST  4.0
MARGIN  6.0
MAXDIST  8.0
MAXSITES  1
MAXVDW  1.1
MINGROUP  3
MODCHARGES  True
MODPHOBIC  3
NEARRES  3.5
NTHRESH  3
PROT  md1_crop197.mae
R2THRESH  4.1
REPORTSIZE  10
ROUND  False
RTHRESH  5.0
VERBOSITY  0
WRITEGRIDS  False
WRITEPOT  False
WRITESTRUCTS  True
WRITEVIS  True
XCENT  56.60049915313721
XRANGE  10.0
YCENT  44.130496978759766
YRANGE  10.0
ZCENT  75.98050117492676
ZRANGE  10.0
== End input keywords ==

== Begin single-receptor SiteMap calculation ==

-- Begin site search --
 Parameters for this calculation:
 sitecut =  0.500000000000000     
 sitescmin =   1.10000000000000     
 afactor =   1.00000000000000     
 bfactor =   1.00000000000000     
 imaxsite =           8
 ithresh =           3
 mingroup =           3
 kmax =           3
 kmax2 =           5
 r2thresh =   4.10000000000000     
 dvscale =   2.50000000000000     
 dvscnorm =   2.50000000000000     
 dvscbig =   2.50000000000000     
 border =   2.00000000000000     
 dthresh =   6.50000000000000     
 rthresh =   5.00000000000000     
 maxgroup =         100
 r2thresh =   4.10000000000000     
 nthresh =           3
 ndir =         110
 use_vdw = T
 repname = none
 repsize =          10
 maxrep =           1
 sitelis = sites.lis
 profile = none
 sitelig = none
 siteasl = none
 use_sitelig =  F
 sitebox =  -999.000000000000     
 writepdb =  F
 number of protein atoms =        5674
Starting findsites:  Sunday, January 29 2023, at 09:32:50 IST
ptypes obtained:  Sunday, January 29 2023, at 09:32:50 IST
lj parameters obtained:  Sunday, January 29 2023, at 09:32:50 IST
Basic parameters obtained:  Sunday, January 29 2023, at 09:32:50 IST
Receptor parameterization completed:  Sunday, January 29 2023, at 09:32:50 IST
 scaled value of sitecut =   55.0000000000000     
 sphere directions set up         110
Sunday, January 29 2023, at 09:32:50 IST
 FINDSITE will use user-specified box
Centroid of box:  56.600  44.130  75.981
 boundaries   51.6004991531372        61.6004991531372     
   39.1304969787598        49.1304969787598        70.9805011749268     
   80.9805011749268     
 box          10          10          10
 maximum number of atoms in a sitebox =           6
Site points found:  Sunday, January 29 2023, at 09:32:50 IST
 boxes, patoms in boxes, empty boxes =         125         247          30
 total, outside sites =        1000         105
Site points pruned:  Sunday, January 29 2023, at 09:32:50 IST
final goodsites =        22
         3 sites will be removed
        19 good sites remain
Number of site groups found =     1

  Group  index  size  score     x       y       z     stdev
    1      1     19    1.49   55.32   46.14   73.25    1.77
Sites linked and merged:  Sunday, January 29 2023, at 09:32:50 IST
 Storing receptor data

Site-finding complete.
Number of sites to map/eval:  1

-- Mapping site  1 --
jobname: md1_crop197_coa_site_1
all SiteMap grid files will be generated
 philic map specified
 phobic map specified
 donor map specified
 acceptor map specified
 metal-ligation map specified
 surface-display map specified
grid margin:     6.00
grid spacing:     0.70
non-bonded cutoff:    20.00
ligand/sitepoints file: 
protein coordinates/parameters file: 
output map/grid files will be written to the current directory
vis files will be written
protein charges will be modified to reduce formal charges and adjust donor/acceptor potentials
protein radii will be modified to allow closer approach to donor and acceptor heteroatoms
phobic areas will be modified to emphasize enclosed regions and to deemphasize exposed regions using alternative method
all input instructions read
 Getting site data
ligand xcm,ycm,zcm,xrange,yrange,zrange 55.600 46.130 73.481  4.000  4.000  3.000

 Reusing receptor data from site-finding stage.

Sitemap: electrostatic+vdw interaction energy
Map field of *enzyme* in region of *inhibitor*

computing site maps ...
grid lim (orig)  47.600  63.600  38.130  54.130  65.981  80.981
grid lim (adj)   47.550  63.650  38.080  54.180  65.781  81.181
grid point counts   24   24   23
total grid points   13248

 5674 receptor atoms read
grid: adjdip
number of grid points within emin, emax limits =    10808
 maximum grid value before cutoff =               -0.146
 minimum grid value before cutoff =   -616.400

philic and phobic grids formed
grid: surf
number of grid points within emin, emax limits =     2252
 maximum grid value before cutoff =         39238932.565
 minimum grid value before cutoff =     -2.527

grid: phil
number of grid points within emin, emax limits =     1782
 maximum grid value before cutoff =         39238882.565
 minimum grid value before cutoff =    -22.838

grid: phob
number of grid points within emin, emax limits =      724
 maximum grid value before cutoff =         39238947.565
 minimum grid value before cutoff =     -2.214

mod_phobic: phobthresh, philthresh =  -0.250  -3.000
 maximum number of atoms in a sitebox =           9
 boxes, patoms in boxes, empty boxes =       11191        5674        9088
Average phobic potential changed from  -0.918 to  -0.644 for  201 grid points

number of phobic points =   331   average phobic score =   0.98
number of philic points =  1451   average philic score =  -6.30

number of qualifying surf grid points =      321

number of qualifying phil grid points =      446

number of qualifying phob grid points =       66

number of qualifying accptr grid points =      198

number of qualifying donor grid points =      236

number of qualifying metal grid points =        0

visgrd volume surf                                                                            
visgrd author sitemap                                                                         
visgrd property name surf                                                                            
visgrd qualifying points   1304
visgrd default map values       1       1.00      2
visgrd number of dims    3
visgrd dimensions         24        24        23
visgrd axis scales      0.700     0.700     0.700

visgrd volume hydrophil                                                                       
visgrd author sitemap                                                                         
visgrd property name phil                                                                            
visgrd qualifying points    446
visgrd default map values       1      -8.00     10
visgrd number of dims    3
visgrd dimensions         24        24        23
visgrd axis scales      0.700     0.700     0.700

visgrd volume hydrophob                                                                       
visgrd author sitemap                                                                         
visgrd property name phob                                                                            
visgrd qualifying points    117
visgrd default map values       1      -0.50     13
visgrd number of dims    3
visgrd dimensions         24        24        23
visgrd axis scales      0.700     0.700     0.700

visgrd volume hbacceptor                                                                      
visgrd author sitemap                                                                         
visgrd property name accptr                                                                          
visgrd qualifying points    198
visgrd default map values       1      -8.00     16
visgrd number of dims    3
visgrd dimensions         24        24        23
visgrd axis scales      0.700     0.700     0.700

visgrd volume hbdonor                                                                         
visgrd author sitemap                                                                         
visgrd property name donor                                                                           
visgrd qualifying points    236
visgrd default map values       1      -8.00      5
visgrd number of dims    3
visgrd dimensions         24        24        23
visgrd axis scales      0.700     0.700     0.700

-- Evaluating site  1 --
Ligand/site-points file: 
Protein coordinates/parameters file: 
extend =   3
 Verbosity flags: F F F F F
all SiteMap grid files will be read
the protein charges will be modified to reduce formal charges and adjust donor/acceptor potentials
protein radii will be modified to allow closer approach to donor and acceptor heteroatoms
phobic areas emphasize enclosed regions and deemphasize exposed regions using alternative method
site-point set will be augmented by including significant nearby points
  threshold for adding phobic points:  -0.500
  threshold for adding philic points:  -8.000
base name for SiteMap grid files: 
 Reusing grid data
reusing site data
Number of protein atoms:    5674
 
phobic grid file reshaped
philic grid file reshaped
donor grid file reshaped
acceptor grid file reshaped
metal grid file reshaped
surf grid file reshaped
 maximum number of atoms in a sitebox =           9


Number of site points   19  first shell   38  higher shells   43   dirscore   0.924
1 vdw  -1.595   phob  -0.354   phil  -4.688   donor  -2.533   acceptor  -2.154   metal   0.000
2               phob  -0.083   phil  -4.785   donor  -2.040   acceptor  -2.745   metal   0.000

SiteScore size   Dscore  volume  exposure enclosure contact  phobic   philic   balance  don/acc
  0.899    43    0.763   146.46    0.653    0.924    1.231    0.576    1.252    0.460    1.176

-- Done with site  1 --

== End SiteMap calculation ==

Wrote 1 sites to "md1_crop197_coa_out.maegz".

Current time: Sun Jan 29 09:32:51 2023
Elapsed time: 0:00:03.80
SiteMap successfully completed.

