--------------------------------------------------------------------------------
JobId          : X299-0-63d62433
Name           : md1_crop450_coa
Program        : SiteMap
Version        : 2021-4 build 135
Host           : X299
Dir            : /mnt/3a29b482-dac1-4563-be89-d63ad92354e9/cers_modelling/md_sampling_cers_models/charmm_gui_systems/cers2_10pc_chol/sitemaps
HostEntry      : localhost
JobHost        : X299
JobDir         : /scratch/tamir/md1_crop450_coa
JobSchrodinger : /opt/schrodinger2021-4
Commandline    : /opt/schrodinger2021-4/sitemap md1_crop450_coa.in
StartTime      : 2023-01-29-09:45:55
--------------------------------------------------------------------------------

== Begin input keywords ==
ADDPHIL  -8.0
ADDPHOB  -0.5
ADDSP  True
COMPRESS  True
CUTOFF  20.0
D2THRESH  3.1
DTHRESH  6.5
DVSCALE  2.5
ENCLOSURE  0.5
EXTEND  3
FAKE  False
FFIELD  OPLS_2005
GRID  0.7
KEEPELEC  False
KEEPVDW  False
KEEPVOLPTS  True
KMAX  3
KMAX2  5
MAPDIST  4.0
MARGIN  6.0
MAXDIST  8.0
MAXSITES  1
MAXVDW  1.1
MINGROUP  3
MODCHARGES  True
MODPHOBIC  3
NEARRES  3.5
NTHRESH  3
PROT  md1_crop450.mae
R2THRESH  4.1
REPORTSIZE  10
ROUND  False
RTHRESH  5.0
VERBOSITY  0
WRITEGRIDS  False
WRITEPOT  False
WRITESTRUCTS  True
WRITEVIS  True
XCENT  57.793498039245605
XRANGE  10.0
YCENT  47.15099811553955
YRANGE  10.0
ZCENT  71.44900321960449
ZRANGE  10.0
== End input keywords ==

== Begin single-receptor SiteMap calculation ==

-- Begin site search --
 Parameters for this calculation:
 sitecut =  0.500000000000000     
 sitescmin =   1.10000000000000     
 afactor =   1.00000000000000     
 bfactor =   1.00000000000000     
 imaxsite =           8
 ithresh =           3
 mingroup =           3
 kmax =           3
 kmax2 =           5
 r2thresh =   4.10000000000000     
 dvscale =   2.50000000000000     
 dvscnorm =   2.50000000000000     
 dvscbig =   2.50000000000000     
 border =   2.00000000000000     
 dthresh =   6.50000000000000     
 rthresh =   5.00000000000000     
 maxgroup =         100
 r2thresh =   4.10000000000000     
 nthresh =           3
 ndir =         110
 use_vdw = T
 repname = none
 repsize =          10
 maxrep =           1
 sitelis = sites.lis
 profile = none
 sitelig = none
 siteasl = none
 use_sitelig =  F
 sitebox =  -999.000000000000     
 writepdb =  F
 number of protein atoms =        5674
Starting findsites:  Sunday, January 29 2023, at 09:45:58 IST
ptypes obtained:  Sunday, January 29 2023, at 09:45:58 IST
lj parameters obtained:  Sunday, January 29 2023, at 09:45:58 IST
Basic parameters obtained:  Sunday, January 29 2023, at 09:45:58 IST
Receptor parameterization completed:  Sunday, January 29 2023, at 09:45:58 IST
 scaled value of sitecut =   55.0000000000000     
 sphere directions set up         110
Sunday, January 29 2023, at 09:45:58 IST
 FINDSITE will use user-specified box
Centroid of box:  57.793  47.151  71.449
 boundaries   52.7934980392456        62.7934980392456     
   42.1509981155396        52.1509981155396        66.4490032196045     
   76.4490032196045     
 box          10          10          10
 maximum number of atoms in a sitebox =           6
Site points found:  Sunday, January 29 2023, at 09:45:58 IST
 boxes, patoms in boxes, empty boxes =         125         264          27
 total, outside sites =        1000         101
Site points pruned:  Sunday, January 29 2023, at 09:45:58 IST
final goodsites =        23
         2 sites will be removed
        21 good sites remain
Number of site groups found =     1

  Group  index  size  score     x       y       z     stdev
    1      1     21    1.49   55.58   49.18   69.27    1.71
Sites linked and merged:  Sunday, January 29 2023, at 09:45:58 IST
 Storing receptor data

Site-finding complete.
Number of sites to map/eval:  1

-- Mapping site  1 --
jobname: md1_crop450_coa_site_1
all SiteMap grid files will be generated
 philic map specified
 phobic map specified
 donor map specified
 acceptor map specified
 metal-ligation map specified
 surface-display map specified
grid margin:     6.00
grid spacing:     0.70
non-bonded cutoff:    20.00
ligand/sitepoints file: 
protein coordinates/parameters file: 
output map/grid files will be written to the current directory
vis files will be written
protein charges will be modified to reduce formal charges and adjust donor/acceptor potentials
protein radii will be modified to allow closer approach to donor and acceptor heteroatoms
phobic areas will be modified to emphasize enclosed regions and to deemphasize exposed regions using alternative method
all input instructions read
 Getting site data
ligand xcm,ycm,zcm,xrange,yrange,zrange 55.793 49.651 69.449  4.000  3.000  4.000

 Reusing receptor data from site-finding stage.

Sitemap: electrostatic+vdw interaction energy
Map field of *enzyme* in region of *inhibitor*

computing site maps ...
grid lim (orig)  47.793  63.793  42.151  57.151  61.449  77.449
grid lim (adj)   47.743  63.843  41.951  57.351  61.399  77.499
grid point counts   24   23   24
total grid points   13248

 5674 receptor atoms read
grid: adjdip
number of grid points within emin, emax limits =    10638
 maximum grid value before cutoff =               -0.064
 minimum grid value before cutoff =   -699.585

philic and phobic grids formed
grid: surf
number of grid points within emin, emax limits =     2226
 maximum grid value before cutoff =         40458566.788
 minimum grid value before cutoff =     -2.827

grid: phil
number of grid points within emin, emax limits =     1679
 maximum grid value before cutoff =         40458516.788
 minimum grid value before cutoff =    -26.619

grid: phob
number of grid points within emin, emax limits =      677
 maximum grid value before cutoff =         40458581.788
 minimum grid value before cutoff =     -1.827

mod_phobic: phobthresh, philthresh =  -0.250  -3.000
 maximum number of atoms in a sitebox =           8
 boxes, patoms in boxes, empty boxes =       11191        5674        9096
Average phobic potential changed from  -0.816 to  -0.545 for  215 grid points

number of phobic points =   331   average phobic score =   0.79
number of philic points =  1348   average philic score =  -6.21

number of qualifying surf grid points =      332

number of qualifying phil grid points =      394

number of qualifying phob grid points =       58

number of qualifying accptr grid points =      179

number of qualifying donor grid points =      196

number of qualifying metal grid points =        0

visgrd volume surf                                                                            
visgrd author sitemap                                                                         
visgrd property name surf                                                                            
visgrd qualifying points   1218
visgrd default map values       1       1.00      2
visgrd number of dims    3
visgrd dimensions         24        23        24
visgrd axis scales      0.700     0.700     0.700

visgrd volume hydrophil                                                                       
visgrd author sitemap                                                                         
visgrd property name phil                                                                            
visgrd qualifying points    394
visgrd default map values       1      -8.00     10
visgrd number of dims    3
visgrd dimensions         24        23        24
visgrd axis scales      0.700     0.700     0.700

visgrd volume hydrophob                                                                       
visgrd author sitemap                                                                         
visgrd property name phob                                                                            
visgrd qualifying points    109
visgrd default map values       1      -0.50     13
visgrd number of dims    3
visgrd dimensions         24        23        24
visgrd axis scales      0.700     0.700     0.700

visgrd volume hbacceptor                                                                      
visgrd author sitemap                                                                         
visgrd property name accptr                                                                          
visgrd qualifying points    179
visgrd default map values       1      -8.00     16
visgrd number of dims    3
visgrd dimensions         24        23        24
visgrd axis scales      0.700     0.700     0.700

visgrd volume hbdonor                                                                         
visgrd author sitemap                                                                         
visgrd property name donor                                                                           
visgrd qualifying points    196
visgrd default map values       1      -8.00      5
visgrd number of dims    3
visgrd dimensions         24        23        24
visgrd axis scales      0.700     0.700     0.700

-- Evaluating site  1 --
Ligand/site-points file: 
Protein coordinates/parameters file: 
extend =   3
 Verbosity flags: F F F F F
all SiteMap grid files will be read
the protein charges will be modified to reduce formal charges and adjust donor/acceptor potentials
protein radii will be modified to allow closer approach to donor and acceptor heteroatoms
phobic areas emphasize enclosed regions and deemphasize exposed regions using alternative method
site-point set will be augmented by including significant nearby points
  threshold for adding phobic points:  -0.500
  threshold for adding philic points:  -8.000
base name for SiteMap grid files: 
 Reusing grid data
reusing site data
Number of protein atoms:    5674
 
phobic grid file reshaped
philic grid file reshaped
donor grid file reshaped
acceptor grid file reshaped
metal grid file reshaped
surf grid file reshaped
 maximum number of atoms in a sitebox =           8


Number of site points   21  first shell   32  higher shells   31   dirscore   0.927
1 vdw  -1.606   phob  -0.273   phil  -5.120   donor  -1.818   acceptor  -3.302   metal   0.000
2               phob  -0.143   phil  -4.513   donor  -2.587   acceptor  -1.925   metal   0.000

SiteScore size   Dscore  volume  exposure enclosure contact  phobic   philic   balance  don/acc
  0.917    46    0.748   124.51    0.578    0.927    1.239    0.996    1.367    0.729    0.551

-- Done with site  1 --

== End SiteMap calculation ==

Wrote 1 sites to "md1_crop450_coa_out.maegz".

Current time: Sun Jan 29 09:45:59 2023
Elapsed time: 0:00:03.71
SiteMap successfully completed.

