--------------------------------------------------------------------------------
JobId          : X299-0-63d62378
Name           : md1_crop390_coa
Program        : SiteMap
Version        : 2021-4 build 135
Host           : X299
Dir            : /mnt/3a29b482-dac1-4563-be89-d63ad92354e9/cers_modelling/md_sampling_cers_models/charmm_gui_systems/cers2_10pc_chol/sitemaps
HostEntry      : localhost
JobHost        : X299
JobDir         : /scratch/tamir/md1_crop390_coa
JobSchrodinger : /opt/schrodinger2021-4
Commandline    : /opt/schrodinger2021-4/sitemap md1_crop390_coa.in
StartTime      : 2023-01-29-09:42:48
--------------------------------------------------------------------------------

== Begin input keywords ==
ADDPHIL  -8.0
ADDPHOB  -0.5
ADDSP  True
COMPRESS  True
CUTOFF  20.0
D2THRESH  3.1
DTHRESH  6.5
DVSCALE  2.5
ENCLOSURE  0.5
EXTEND  3
FAKE  False
FFIELD  OPLS_2005
GRID  0.7
KEEPELEC  False
KEEPVDW  False
KEEPVOLPTS  True
KMAX  3
KMAX2  5
MAPDIST  4.0
MARGIN  6.0
MAXDIST  8.0
MAXSITES  1
MAXVDW  1.1
MINGROUP  3
MODCHARGES  True
MODPHOBIC  3
NEARRES  3.5
NTHRESH  3
PROT  md1_crop390.mae
R2THRESH  4.1
REPORTSIZE  10
ROUND  False
RTHRESH  5.0
VERBOSITY  0
WRITEGRIDS  False
WRITEPOT  False
WRITESTRUCTS  True
WRITEVIS  True
XCENT  58.2765007019043
XRANGE  10.0
YCENT  45.6564998626709
YRANGE  10.0
ZCENT  73.36549758911133
ZRANGE  10.0
== End input keywords ==

== Begin single-receptor SiteMap calculation ==

-- Begin site search --
 Parameters for this calculation:
 sitecut =  0.500000000000000     
 sitescmin =   1.10000000000000     
 afactor =   1.00000000000000     
 bfactor =   1.00000000000000     
 imaxsite =           8
 ithresh =           3
 mingroup =           3
 kmax =           3
 kmax2 =           5
 r2thresh =   4.10000000000000     
 dvscale =   2.50000000000000     
 dvscnorm =   2.50000000000000     
 dvscbig =   2.50000000000000     
 border =   2.00000000000000     
 dthresh =   6.50000000000000     
 rthresh =   5.00000000000000     
 maxgroup =         100
 r2thresh =   4.10000000000000     
 nthresh =           3
 ndir =         110
 use_vdw = T
 repname = none
 repsize =          10
 maxrep =           1
 sitelis = sites.lis
 profile = none
 sitelig = none
 siteasl = none
 use_sitelig =  F
 sitebox =  -999.000000000000     
 writepdb =  F
 number of protein atoms =        5675
Starting findsites:  Sunday, January 29 2023, at 09:42:51 IST
ptypes obtained:  Sunday, January 29 2023, at 09:42:51 IST
lj parameters obtained:  Sunday, January 29 2023, at 09:42:51 IST
Basic parameters obtained:  Sunday, January 29 2023, at 09:42:51 IST
Receptor parameterization completed:  Sunday, January 29 2023, at 09:42:51 IST
 scaled value of sitecut =   55.0000000000000     
 sphere directions set up         110
Sunday, January 29 2023, at 09:42:51 IST
 FINDSITE will use user-specified box
Centroid of box:  58.277  45.656  73.365
 boundaries   53.2765007019043        63.2765007019043     
   40.6564998626709        50.6564998626709        68.3654975891113     
   78.3654975891113     
 box          10          10          10
 maximum number of atoms in a sitebox =           8
Site points found:  Sunday, January 29 2023, at 09:42:51 IST
 boxes, patoms in boxes, empty boxes =         125         252          32
 total, outside sites =        1000         123
Site points pruned:  Sunday, January 29 2023, at 09:42:51 IST
final goodsites =        28
         4 sites will be removed
        24 good sites remain
Number of site groups found =     1

  Group  index  size  score     x       y       z     stdev
    1      1     24    1.40   56.62   48.46   70.77    1.71
Sites linked and merged:  Sunday, January 29 2023, at 09:42:51 IST
 Storing receptor data

Site-finding complete.
Number of sites to map/eval:  1

-- Mapping site  1 --
jobname: md1_crop390_coa_site_1
all SiteMap grid files will be generated
 philic map specified
 phobic map specified
 donor map specified
 acceptor map specified
 metal-ligation map specified
 surface-display map specified
grid margin:     6.00
grid spacing:     0.70
non-bonded cutoff:    20.00
ligand/sitepoints file: 
protein coordinates/parameters file: 
output map/grid files will be written to the current directory
vis files will be written
protein charges will be modified to reduce formal charges and adjust donor/acceptor potentials
protein radii will be modified to allow closer approach to donor and acceptor heteroatoms
phobic areas will be modified to emphasize enclosed regions and to deemphasize exposed regions using alternative method
all input instructions read
 Getting site data
ligand xcm,ycm,zcm,xrange,yrange,zrange 57.277 48.656 70.865  4.000  2.000  3.000

 Reusing receptor data from site-finding stage.

Sitemap: electrostatic+vdw interaction energy
Map field of *enzyme* in region of *inhibitor*

computing site maps ...
grid lim (orig)  49.277  65.277  41.656  55.656  63.365  78.365
grid lim (adj)   49.227  65.327  41.306  56.006  63.165  78.565
grid point counts   24   22   23
total grid points   12144

 5675 receptor atoms read
grid: adjdip
number of grid points within emin, emax limits =     9836
 maximum grid value before cutoff =               -0.221
 minimum grid value before cutoff =   -604.499

philic and phobic grids formed
grid: surf
number of grid points within emin, emax limits =     2149
 maximum grid value before cutoff =         42166414.277
 minimum grid value before cutoff =     -2.646

grid: phil
number of grid points within emin, emax limits =     1863
 maximum grid value before cutoff =         42166364.277
 minimum grid value before cutoff =    -27.291

grid: phob
number of grid points within emin, emax limits =      820
 maximum grid value before cutoff =         42166429.277
 minimum grid value before cutoff =     -2.025

mod_phobic: phobthresh, philthresh =  -0.250  -3.000
 maximum number of atoms in a sitebox =           9
 boxes, patoms in boxes, empty boxes =       11191        5675        9074
Average phobic potential changed from  -0.833 to  -0.524 for  181 grid points

number of phobic points =   298   average phobic score =   0.83
number of philic points =  1565   average philic score =  -5.83

number of qualifying surf grid points =      292

number of qualifying phil grid points =      399

number of qualifying phob grid points =       38

number of qualifying accptr grid points =      163

number of qualifying donor grid points =      225

number of qualifying metal grid points =        0

visgrd volume surf                                                                            
visgrd author sitemap                                                                         
visgrd property name surf                                                                            
visgrd qualifying points   1389
visgrd default map values       1       1.00      2
visgrd number of dims    3
visgrd dimensions         24        22        23
visgrd axis scales      0.700     0.700     0.700

visgrd volume hydrophil                                                                       
visgrd author sitemap                                                                         
visgrd property name phil                                                                            
visgrd qualifying points    399
visgrd default map values       1      -8.00     10
visgrd number of dims    3
visgrd dimensions         24        22        23
visgrd axis scales      0.700     0.700     0.700

visgrd volume hydrophob                                                                       
visgrd author sitemap                                                                         
visgrd property name phob                                                                            
visgrd qualifying points     82
visgrd default map values       1      -0.50     13
visgrd number of dims    3
visgrd dimensions         24        22        23
visgrd axis scales      0.700     0.700     0.700

visgrd volume hbacceptor                                                                      
visgrd author sitemap                                                                         
visgrd property name accptr                                                                          
visgrd qualifying points    163
visgrd default map values       1      -8.00     16
visgrd number of dims    3
visgrd dimensions         24        22        23
visgrd axis scales      0.700     0.700     0.700

visgrd volume hbdonor                                                                         
visgrd author sitemap                                                                         
visgrd property name donor                                                                           
visgrd qualifying points    225
visgrd default map values       1      -8.00      5
visgrd number of dims    3
visgrd dimensions         24        22        23
visgrd axis scales      0.700     0.700     0.700

-- Evaluating site  1 --
Ligand/site-points file: 
Protein coordinates/parameters file: 
extend =   3
 Verbosity flags: F F F F F
all SiteMap grid files will be read
the protein charges will be modified to reduce formal charges and adjust donor/acceptor potentials
protein radii will be modified to allow closer approach to donor and acceptor heteroatoms
phobic areas emphasize enclosed regions and deemphasize exposed regions using alternative method
site-point set will be augmented by including significant nearby points
  threshold for adding phobic points:  -0.500
  threshold for adding philic points:  -8.000
base name for SiteMap grid files: 
 Reusing grid data
reusing site data
Number of protein atoms:    5675
 
phobic grid file reshaped
philic grid file reshaped
donor grid file reshaped
acceptor grid file reshaped
metal grid file reshaped
surf grid file reshaped
 maximum number of atoms in a sitebox =           9


Number of site points   24  first shell   42  higher shells   40   dirscore   0.913
1 vdw  -1.527   phob  -0.149   phil  -6.138   donor  -1.940   acceptor  -4.198   metal   0.000
2               phob  -0.024   phil  -5.851   donor  -3.668   acceptor  -2.183   metal   0.000

SiteScore size   Dscore  volume  exposure enclosure contact  phobic   philic   balance  don/acc
  0.918    48    0.664   152.98    0.631    0.913    1.178    0.165    1.639    0.101    0.462

-- Done with site  1 --

== End SiteMap calculation ==

Wrote 1 sites to "md1_crop390_coa_out.maegz".

Current time: Sun Jan 29 09:42:53 2023
Elapsed time: 0:00:03.81
SiteMap successfully completed.

