--------------------------------------------------------------------------------
JobId          : X299-0-63d62034
Name           : md1_crop120_sph
Program        : SiteMap
Version        : 2021-4 build 135
Host           : X299
Dir            : /mnt/3a29b482-dac1-4563-be89-d63ad92354e9/cers_modelling/md_sampling_cers_models/charmm_gui_systems/cers2_10pc_chol/sitemaps
HostEntry      : localhost
JobHost        : X299
JobDir         : /scratch/tamir/md1_crop120_sph
JobSchrodinger : /opt/schrodinger2021-4
Commandline    : /opt/schrodinger2021-4/sitemap md1_crop120_sph.in
StartTime      : 2023-01-29-09:28:53
--------------------------------------------------------------------------------

== Begin input keywords ==
ADDPHIL  -8.0
ADDPHOB  -0.5
ADDSP  True
COMPRESS  True
CUTOFF  20.0
D2THRESH  3.1
DTHRESH  6.5
DVSCALE  2.5
ENCLOSURE  0.5
EXTEND  3
FAKE  False
FFIELD  OPLS_2005
GRID  0.7
KEEPELEC  False
KEEPVDW  False
KEEPVOLPTS  True
KMAX  3
KMAX2  5
MAPDIST  4.0
MARGIN  6.0
MAXDIST  8.0
MAXSITES  1
MAXVDW  1.1
MINGROUP  3
MODCHARGES  True
MODPHOBIC  3
NEARRES  3.5
NTHRESH  3
PROT  md1_crop120.mae
R2THRESH  4.1
REPORTSIZE  10
ROUND  False
RTHRESH  5.0
VERBOSITY  0
WRITEGRIDS  False
WRITEPOT  False
WRITESTRUCTS  True
WRITEVIS  True
XCENT  42.36900329589844
XRANGE  10.0
YCENT  44.218997955322266
YRANGE  10.0
ZCENT  65.12100219726562
ZRANGE  10.0
== End input keywords ==

== Begin single-receptor SiteMap calculation ==

-- Begin site search --
 Parameters for this calculation:
 sitecut =  0.500000000000000     
 sitescmin =   1.10000000000000     
 afactor =   1.00000000000000     
 bfactor =   1.00000000000000     
 imaxsite =           8
 ithresh =           3
 mingroup =           3
 kmax =           3
 kmax2 =           5
 r2thresh =   4.10000000000000     
 dvscale =   2.50000000000000     
 dvscnorm =   2.50000000000000     
 dvscbig =   2.50000000000000     
 border =   2.00000000000000     
 dthresh =   6.50000000000000     
 rthresh =   5.00000000000000     
 maxgroup =         100
 r2thresh =   4.10000000000000     
 nthresh =           3
 ndir =         110
 use_vdw = T
 repname = none
 repsize =          10
 maxrep =           1
 sitelis = sites.lis
 profile = none
 sitelig = none
 siteasl = none
 use_sitelig =  F
 sitebox =  -999.000000000000     
 writepdb =  F
 number of protein atoms =        5675
Starting findsites:  Sunday, January 29 2023, at 09:28:56 IST
ptypes obtained:  Sunday, January 29 2023, at 09:28:56 IST
lj parameters obtained:  Sunday, January 29 2023, at 09:28:56 IST
Basic parameters obtained:  Sunday, January 29 2023, at 09:28:56 IST
Receptor parameterization completed:  Sunday, January 29 2023, at 09:28:56 IST
 scaled value of sitecut =   55.0000000000000     
 sphere directions set up         110
Sunday, January 29 2023, at 09:28:56 IST
 FINDSITE will use user-specified box
Centroid of box:  42.369  44.219  65.121
 boundaries   37.3690032958984        47.3690032958984     
   39.2189979553223        49.2189979553223        60.1210021972656     
   70.1210021972656     
 box          10          10          10
 maximum number of atoms in a sitebox =           8
Site points found:  Sunday, January 29 2023, at 09:28:56 IST
 boxes, patoms in boxes, empty boxes =         125         195          51
 total, outside sites =        1000         233
Site points pruned:  Sunday, January 29 2023, at 09:28:56 IST
final goodsites =        26
Number of site groups found =     1

  Group  index  size  score     x       y       z     stdev
    1      1     26    1.29   43.41   43.58   63.48    1.96
Sites linked and merged:  Sunday, January 29 2023, at 09:28:56 IST
 Storing receptor data

Site-finding complete.
Number of sites to map/eval:  1

-- Mapping site  1 --
jobname: md1_crop120_sph_site_1
all SiteMap grid files will be generated
 philic map specified
 phobic map specified
 donor map specified
 acceptor map specified
 metal-ligation map specified
 surface-display map specified
grid margin:     6.00
grid spacing:     0.70
non-bonded cutoff:    20.00
ligand/sitepoints file: 
protein coordinates/parameters file: 
output map/grid files will be written to the current directory
vis files will be written
protein charges will be modified to reduce formal charges and adjust donor/acceptor potentials
protein radii will be modified to allow closer approach to donor and acceptor heteroatoms
phobic areas will be modified to emphasize enclosed regions and to deemphasize exposed regions using alternative method
all input instructions read
 Getting site data
ligand xcm,ycm,zcm,xrange,yrange,zrange 43.369 43.219 63.621  4.000  2.000  5.000

 Reusing receptor data from site-finding stage.

Sitemap: electrostatic+vdw interaction energy
Map field of *enzyme* in region of *inhibitor*

computing site maps ...
grid lim (orig)  35.369  51.369  36.219  50.219  55.121  72.121
grid lim (adj)   35.319  51.419  35.869  50.569  54.871  72.371
grid point counts   24   22   26
total grid points   13728

 5675 receptor atoms read
grid: adjdip
number of grid points within emin, emax limits =    12301
 maximum grid value before cutoff =               -0.025
 minimum grid value before cutoff =   -451.988

philic and phobic grids formed
grid: surf
number of grid points within emin, emax limits =     2625
 maximum grid value before cutoff =         45262870.781
 minimum grid value before cutoff =     -2.833

grid: phil
number of grid points within emin, emax limits =     3962
 maximum grid value before cutoff =         45262820.781
 minimum grid value before cutoff =    -24.637

grid: phob
number of grid points within emin, emax limits =     2857
 maximum grid value before cutoff =         45262885.781
 minimum grid value before cutoff =     -2.131

mod_phobic: phobthresh, philthresh =  -0.250  -3.000
 maximum number of atoms in a sitebox =           8
 boxes, patoms in boxes, empty boxes =       11571        5675        9481
Average phobic potential changed from  -0.770 to  -0.414 for 1151 grid points

number of phobic points =  2179   average phobic score =   0.56
number of philic points =  1783   average philic score =  -4.02

number of qualifying surf grid points =      532

number of qualifying phil grid points =      261

number of qualifying phob grid points =      138

number of qualifying accptr grid points =       79

number of qualifying donor grid points =      178

number of qualifying metal grid points =        0

visgrd volume surf                                                                            
visgrd author sitemap                                                                         
visgrd property name surf                                                                            
visgrd qualifying points   3583
visgrd default map values       1       1.00      2
visgrd number of dims    3
visgrd dimensions         24        22        26
visgrd axis scales      0.700     0.700     0.700

visgrd volume hydrophil                                                                       
visgrd author sitemap                                                                         
visgrd property name phil                                                                            
visgrd qualifying points    261
visgrd default map values       1      -8.00     10
visgrd number of dims    3
visgrd dimensions         24        22        26
visgrd axis scales      0.700     0.700     0.700

visgrd volume hydrophob                                                                       
visgrd author sitemap                                                                         
visgrd property name phob                                                                            
visgrd qualifying points    347
visgrd default map values       1      -0.50     13
visgrd number of dims    3
visgrd dimensions         24        22        26
visgrd axis scales      0.700     0.700     0.700

visgrd volume hbacceptor                                                                      
visgrd author sitemap                                                                         
visgrd property name accptr                                                                          
visgrd qualifying points     79
visgrd default map values       1      -8.00     16
visgrd number of dims    3
visgrd dimensions         24        22        26
visgrd axis scales      0.700     0.700     0.700

visgrd volume hbdonor                                                                         
visgrd author sitemap                                                                         
visgrd property name donor                                                                           
visgrd qualifying points    178
visgrd default map values       1      -8.00      5
visgrd number of dims    3
visgrd dimensions         24        22        26
visgrd axis scales      0.700     0.700     0.700

-- Evaluating site  1 --
Ligand/site-points file: 
Protein coordinates/parameters file: 
extend =   3
 Verbosity flags: F F F F F
all SiteMap grid files will be read
the protein charges will be modified to reduce formal charges and adjust donor/acceptor potentials
protein radii will be modified to allow closer approach to donor and acceptor heteroatoms
phobic areas emphasize enclosed regions and deemphasize exposed regions using alternative method
site-point set will be augmented by including significant nearby points
  threshold for adding phobic points:  -0.500
  threshold for adding philic points:  -8.000
base name for SiteMap grid files: 
 Reusing grid data
reusing site data
Number of protein atoms:    5675
 
phobic grid file reshaped
philic grid file reshaped
donor grid file reshaped
acceptor grid file reshaped
metal grid file reshaped
surf grid file reshaped
 maximum number of atoms in a sitebox =           8


Number of site points   26  first shell   33  higher shells   44   dirscore   0.846
1 vdw  -1.398   phob  -0.503   phil  -3.287   donor  -1.175   acceptor  -2.112   metal   0.000
2               phob  -0.267   phil  -3.134   donor  -1.863   acceptor  -1.272   metal   0.000

SiteScore size   Dscore  volume  exposure enclosure contact  phobic   philic   balance  don/acc
  0.905    48    0.873   163.27    0.616    0.846    1.079    1.853    0.878    2.111    0.556

-- Done with site  1 --

== End SiteMap calculation ==

Wrote 1 sites to "md1_crop120_sph_out.maegz".

Current time: Sun Jan 29 09:28:58 2023
Elapsed time: 0:00:04.34
SiteMap successfully completed.

