--------------------------------------------------------------------------------
JobId          : X299-0-63d62288
Name           : md1_crop312_sph
Program        : SiteMap
Version        : 2021-4 build 135
Host           : X299
Dir            : /mnt/3a29b482-dac1-4563-be89-d63ad92354e9/cers_modelling/md_sampling_cers_models/charmm_gui_systems/cers2_10pc_chol/sitemaps
HostEntry      : localhost
JobHost        : X299
JobDir         : /scratch/tamir/md1_crop312_sph
JobSchrodinger : /opt/schrodinger2021-4
Commandline    : /opt/schrodinger2021-4/sitemap md1_crop312_sph.in
StartTime      : 2023-01-29-09:38:48
--------------------------------------------------------------------------------

== Begin input keywords ==
ADDPHIL  -8.0
ADDPHOB  -0.5
ADDSP  True
COMPRESS  True
CUTOFF  20.0
D2THRESH  3.1
DTHRESH  6.5
DVSCALE  2.5
ENCLOSURE  0.5
EXTEND  3
FAKE  False
FFIELD  OPLS_2005
GRID  0.7
KEEPELEC  False
KEEPVDW  False
KEEPVOLPTS  True
KMAX  3
KMAX2  5
MAPDIST  4.0
MARGIN  6.0
MAXDIST  8.0
MAXSITES  1
MAXVDW  1.1
MINGROUP  3
MODCHARGES  True
MODPHOBIC  3
NEARRES  3.5
NTHRESH  3
PROT  md1_crop312.mae
R2THRESH  4.1
REPORTSIZE  10
ROUND  False
RTHRESH  5.0
VERBOSITY  0
WRITEGRIDS  False
WRITEPOT  False
WRITESTRUCTS  True
WRITEVIS  True
XCENT  44.892001152038574
XRANGE  10.0
YCENT  42.932000160217285
YRANGE  10.0
ZCENT  62.55499839782715
ZRANGE  10.0
== End input keywords ==

== Begin single-receptor SiteMap calculation ==

-- Begin site search --
 Parameters for this calculation:
 sitecut =  0.500000000000000     
 sitescmin =   1.10000000000000     
 afactor =   1.00000000000000     
 bfactor =   1.00000000000000     
 imaxsite =           8
 ithresh =           3
 mingroup =           3
 kmax =           3
 kmax2 =           5
 r2thresh =   4.10000000000000     
 dvscale =   2.50000000000000     
 dvscnorm =   2.50000000000000     
 dvscbig =   2.50000000000000     
 border =   2.00000000000000     
 dthresh =   6.50000000000000     
 rthresh =   5.00000000000000     
 maxgroup =         100
 r2thresh =   4.10000000000000     
 nthresh =           3
 ndir =         110
 use_vdw = T
 repname = none
 repsize =          10
 maxrep =           1
 sitelis = sites.lis
 profile = none
 sitelig = none
 siteasl = none
 use_sitelig =  F
 sitebox =  -999.000000000000     
 writepdb =  F
 number of protein atoms =        5676
Starting findsites:  Sunday, January 29 2023, at 09:38:51 IST
ptypes obtained:  Sunday, January 29 2023, at 09:38:52 IST
lj parameters obtained:  Sunday, January 29 2023, at 09:38:52 IST
Basic parameters obtained:  Sunday, January 29 2023, at 09:38:52 IST
Receptor parameterization completed:  Sunday, January 29 2023, at 09:38:52 IST
 scaled value of sitecut =   55.0000000000000     
 sphere directions set up         110
Sunday, January 29 2023, at 09:38:52 IST
 FINDSITE will use user-specified box
Centroid of box:  44.892  42.932  62.555
 boundaries   39.8920011520386        49.8920011520386     
   37.9320001602173        47.9320001602173        57.5549983978271     
   67.5549983978271     
 box          10          10          10
 maximum number of atoms in a sitebox =           7
Site points found:  Sunday, January 29 2023, at 09:38:52 IST
 boxes, patoms in boxes, empty boxes =         125         199          51
 total, outside sites =        1000         272
Site points pruned:  Sunday, January 29 2023, at 09:38:52 IST
final goodsites =        14
         3 sites will be removed
        11 good sites remain
Number of site groups found =     1

  Group  index  size  score     x       y       z     stdev
    1      1     11    1.33   45.17   42.09   62.52    1.81
Sites linked and merged:  Sunday, January 29 2023, at 09:38:52 IST
 Storing receptor data

Site-finding complete.
Number of sites to map/eval:  1

-- Mapping site  1 --
jobname: md1_crop312_sph_site_1
all SiteMap grid files will be generated
 philic map specified
 phobic map specified
 donor map specified
 acceptor map specified
 metal-ligation map specified
 surface-display map specified
grid margin:     6.00
grid spacing:     0.70
non-bonded cutoff:    20.00
ligand/sitepoints file: 
protein coordinates/parameters file: 
output map/grid files will be written to the current directory
vis files will be written
protein charges will be modified to reduce formal charges and adjust donor/acceptor potentials
protein radii will be modified to allow closer approach to donor and acceptor heteroatoms
phobic areas will be modified to emphasize enclosed regions and to deemphasize exposed regions using alternative method
all input instructions read
 Getting site data
ligand xcm,ycm,zcm,xrange,yrange,zrange 45.392 41.932 62.555  3.000  2.000  4.000

 Reusing receptor data from site-finding stage.

Sitemap: electrostatic+vdw interaction energy
Map field of *enzyme* in region of *inhibitor*

computing site maps ...
grid lim (orig)  37.892  52.892  34.932  48.932  54.555  70.555
grid lim (adj)   37.692  53.092  34.582  49.282  54.505  70.605
grid point counts   23   22   24
total grid points   12144

 5676 receptor atoms read
grid: adjdip
number of grid points within emin, emax limits =    11054
 maximum grid value before cutoff =               -0.037
 minimum grid value before cutoff =   -458.479

philic and phobic grids formed
grid: surf
number of grid points within emin, emax limits =     2289
 maximum grid value before cutoff =         35513365.136
 minimum grid value before cutoff =     -2.740

grid: phil
number of grid points within emin, emax limits =     4053
 maximum grid value before cutoff =         35513315.136
 minimum grid value before cutoff =    -21.873

grid: phob
number of grid points within emin, emax limits =     2934
 maximum grid value before cutoff =         35513380.136
 minimum grid value before cutoff =     -1.975

mod_phobic: phobthresh, philthresh =  -0.250  -3.000
 maximum number of atoms in a sitebox =           8
 boxes, patoms in boxes, empty boxes =       11191        5676        9106
Average phobic potential changed from  -0.730 to  -0.373 for 1054 grid points

number of phobic points =  2180   average phobic score =   0.53
number of philic points =  1873   average philic score =  -3.19

number of qualifying surf grid points =      473

number of qualifying phil grid points =      185

number of qualifying phob grid points =       71

number of qualifying accptr grid points =       78

number of qualifying donor grid points =       87

number of qualifying metal grid points =        0

visgrd volume surf                                                                            
visgrd author sitemap                                                                         
visgrd property name surf                                                                            
visgrd qualifying points   3755
visgrd default map values       1       1.00      2
visgrd number of dims    3
visgrd dimensions         23        22        24
visgrd axis scales      0.700     0.700     0.700

visgrd volume hydrophil                                                                       
visgrd author sitemap                                                                         
visgrd property name phil                                                                            
visgrd qualifying points    185
visgrd default map values       1      -8.00     10
visgrd number of dims    3
visgrd dimensions         23        22        24
visgrd axis scales      0.700     0.700     0.700

visgrd volume hydrophob                                                                       
visgrd author sitemap                                                                         
visgrd property name phob                                                                            
visgrd qualifying points    264
visgrd default map values       1      -0.50     13
visgrd number of dims    3
visgrd dimensions         23        22        24
visgrd axis scales      0.700     0.700     0.700

visgrd volume hbacceptor                                                                      
visgrd author sitemap                                                                         
visgrd property name accptr                                                                          
visgrd qualifying points     78
visgrd default map values       1      -8.00     16
visgrd number of dims    3
visgrd dimensions         23        22        24
visgrd axis scales      0.700     0.700     0.700

visgrd volume hbdonor                                                                         
visgrd author sitemap                                                                         
visgrd property name donor                                                                           
visgrd qualifying points     87
visgrd default map values       1      -8.00      5
visgrd number of dims    3
visgrd dimensions         23        22        24
visgrd axis scales      0.700     0.700     0.700

-- Evaluating site  1 --
Ligand/site-points file: 
Protein coordinates/parameters file: 
extend =   3
 Verbosity flags: F F F F F
all SiteMap grid files will be read
the protein charges will be modified to reduce formal charges and adjust donor/acceptor potentials
protein radii will be modified to allow closer approach to donor and acceptor heteroatoms
phobic areas emphasize enclosed regions and deemphasize exposed regions using alternative method
site-point set will be augmented by including significant nearby points
  threshold for adding phobic points:  -0.500
  threshold for adding philic points:  -8.000
base name for SiteMap grid files: 
 Reusing grid data
reusing site data
Number of protein atoms:    5676
 
phobic grid file reshaped
philic grid file reshaped
donor grid file reshaped
acceptor grid file reshaped
metal grid file reshaped
surf grid file reshaped
 maximum number of atoms in a sitebox =           8


Number of site points   11  first shell   18  higher shells   50   dirscore   0.790
1 vdw  -1.367   phob  -0.602   phil  -2.266   donor  -0.818   acceptor  -1.448   metal   0.000
2               phob  -0.300   phil  -1.919   donor  -1.146   acceptor  -0.773   metal   0.000

SiteScore size   Dscore  volume  exposure enclosure contact  phobic   philic   balance  don/acc
  0.827    32    0.809   154.01    0.680    0.790    1.055    2.086    0.605    3.447    0.565

-- Done with site  1 --

== End SiteMap calculation ==

Wrote 1 sites to "md1_crop312_sph_out.maegz".

Current time: Sun Jan 29 09:38:53 2023
Elapsed time: 0:00:04.16
SiteMap successfully completed.

