--------------------------------------------------------------------------------
JobId          : X299-0-63d6250f
Name           : md1_crop70_coa
Program        : SiteMap
Version        : 2021-4 build 135
Host           : X299
Dir            : /mnt/3a29b482-dac1-4563-be89-d63ad92354e9/cers_modelling/md_sampling_cers_models/charmm_gui_systems/cers2_10pc_chol/sitemaps
HostEntry      : localhost
JobHost        : X299
JobDir         : /scratch/tamir/md1_crop70_coa
JobSchrodinger : /opt/schrodinger2021-4
Commandline    : /opt/schrodinger2021-4/sitemap md1_crop70_coa.in
StartTime      : 2023-01-29-09:49:35
--------------------------------------------------------------------------------

== Begin input keywords ==
ADDPHIL  -8.0
ADDPHOB  -0.5
ADDSP  True
COMPRESS  True
CUTOFF  20.0
D2THRESH  3.1
DTHRESH  6.5
DVSCALE  2.5
ENCLOSURE  0.5
EXTEND  3
FAKE  False
FFIELD  OPLS_2005
GRID  0.7
KEEPELEC  False
KEEPVDW  False
KEEPVOLPTS  True
KMAX  3
KMAX2  5
MAPDIST  4.0
MARGIN  6.0
MAXDIST  8.0
MAXSITES  1
MAXVDW  1.1
MINGROUP  3
MODCHARGES  True
MODPHOBIC  3
NEARRES  3.5
NTHRESH  3
PROT  md1_crop70.mae
R2THRESH  4.1
REPORTSIZE  10
ROUND  False
RTHRESH  5.0
VERBOSITY  0
WRITEGRIDS  False
WRITEPOT  False
WRITESTRUCTS  True
WRITEVIS  True
XCENT  57.21050262451172
XRANGE  10.0
YCENT  45.27050018310547
YRANGE  10.0
ZCENT  73.84650230407715
ZRANGE  10.0
== End input keywords ==

== Begin single-receptor SiteMap calculation ==

-- Begin site search --
 Parameters for this calculation:
 sitecut =  0.500000000000000     
 sitescmin =   1.10000000000000     
 afactor =   1.00000000000000     
 bfactor =   1.00000000000000     
 imaxsite =           8
 ithresh =           3
 mingroup =           3
 kmax =           3
 kmax2 =           5
 r2thresh =   4.10000000000000     
 dvscale =   2.50000000000000     
 dvscnorm =   2.50000000000000     
 dvscbig =   2.50000000000000     
 border =   2.00000000000000     
 dthresh =   6.50000000000000     
 rthresh =   5.00000000000000     
 maxgroup =         100
 r2thresh =   4.10000000000000     
 nthresh =           3
 ndir =         110
 use_vdw = T
 repname = none
 repsize =          10
 maxrep =           1
 sitelis = sites.lis
 profile = none
 sitelig = none
 siteasl = none
 use_sitelig =  F
 sitebox =  -999.000000000000     
 writepdb =  F
 number of protein atoms =        5675
Starting findsites:  Sunday, January 29 2023, at 09:49:38 IST
ptypes obtained:  Sunday, January 29 2023, at 09:49:38 IST
lj parameters obtained:  Sunday, January 29 2023, at 09:49:38 IST
Basic parameters obtained:  Sunday, January 29 2023, at 09:49:38 IST
Receptor parameterization completed:  Sunday, January 29 2023, at 09:49:38 IST
 scaled value of sitecut =   55.0000000000000     
 sphere directions set up         110
Sunday, January 29 2023, at 09:49:38 IST
 FINDSITE will use user-specified box
Centroid of box:  57.211  45.271  73.847
 boundaries   52.2105026245117        62.2105026245117     
   40.2705001831055        50.2705001831055        68.8465023040771     
   78.8465023040771     
 box          10          10          10
 maximum number of atoms in a sitebox =           6
Site points found:  Sunday, January 29 2023, at 09:49:38 IST
 boxes, patoms in boxes, empty boxes =         125         246          31
 total, outside sites =        1000         116
Site points pruned:  Sunday, January 29 2023, at 09:49:38 IST
final goodsites =        25
         5 sites will be removed
        20 good sites remain
Number of site groups found =     2

  Group  index  size  score     x       y       z     stdev
    1      1     16    1.47   54.77   48.13   72.30    1.42
    2      2      4    1.49   59.72   48.01   71.32    0.83

Inter-group relationships
     g1     g2     n1     n2    dmin    davg   spread  ratio     x1      y1      z1      x2      y2      z2
      1      2     16      4    3.16    5.04    2.25    2.24   54.77   48.13   72.30   59.72   48.01   71.32
 groups           1           2  will be considered for merger
site groups connected   55.21   48.27   70.85   5    4.00   2   4   2
                        57.21   48.27   70.85
 successful merge of groups           1           2
Number of site groups found =     1

  Group  index  size  score     x       y       z     stdev
    1      1     20    1.47   55.77   48.10   72.10    2.42
Sites linked and merged:  Sunday, January 29 2023, at 09:49:38 IST
 Storing receptor data

Site-finding complete.
Number of sites to map/eval:  1

-- Mapping site  1 --
jobname: md1_crop70_coa_site_1
all SiteMap grid files will be generated
 philic map specified
 phobic map specified
 donor map specified
 acceptor map specified
 metal-ligation map specified
 surface-display map specified
grid margin:     6.00
grid spacing:     0.70
non-bonded cutoff:    20.00
ligand/sitepoints file: 
protein coordinates/parameters file: 
output map/grid files will be written to the current directory
vis files will be written
protein charges will be modified to reduce formal charges and adjust donor/acceptor potentials
protein radii will be modified to allow closer approach to donor and acceptor heteroatoms
phobic areas will be modified to emphasize enclosed regions and to deemphasize exposed regions using alternative method
all input instructions read
 Getting site data
ligand xcm,ycm,zcm,xrange,yrange,zrange 57.211 48.271 72.347  6.000  2.000  3.000

 Reusing receptor data from site-finding stage.

Sitemap: electrostatic+vdw interaction energy
Map field of *enzyme* in region of *inhibitor*

computing site maps ...
grid lim (orig)  48.211  66.211  41.271  55.271  64.847  79.847
grid lim (adj)   48.111  66.311  40.921  55.621  64.647  80.047
grid point counts   27   22   23
total grid points   13662

 5675 receptor atoms read
grid: adjdip
number of grid points within emin, emax limits =    11406
 maximum grid value before cutoff =               -0.076
 minimum grid value before cutoff =   -693.894

philic and phobic grids formed
grid: surf
number of grid points within emin, emax limits =     2395
 maximum grid value before cutoff =         44841643.112
 minimum grid value before cutoff =     -2.779

grid: phil
number of grid points within emin, emax limits =     2326
 maximum grid value before cutoff =         44841593.112
 minimum grid value before cutoff =    -24.713

grid: phob
number of grid points within emin, emax limits =     1093
 maximum grid value before cutoff =         44841658.112
 minimum grid value before cutoff =     -1.841

mod_phobic: phobthresh, philthresh =  -0.250  -3.000
 maximum number of atoms in a sitebox =           8
 boxes, patoms in boxes, empty boxes =       11571        5675        9448
Average phobic potential changed from  -0.742 to  -0.436 for  382 grid points

number of phobic points =   610   average phobic score =   0.64
number of philic points =  1716   average philic score =  -5.99

number of qualifying surf grid points =      379

number of qualifying phil grid points =      483

number of qualifying phob grid points =       55

number of qualifying accptr grid points =      181

number of qualifying donor grid points =      287

number of qualifying metal grid points =        0

visgrd volume surf                                                                            
visgrd author sitemap                                                                         
visgrd property name surf                                                                            
visgrd qualifying points   1832
visgrd default map values       1       1.00      2
visgrd number of dims    3
visgrd dimensions         27        22        23
visgrd axis scales      0.700     0.700     0.700

visgrd volume hydrophil                                                                       
visgrd author sitemap                                                                         
visgrd property name phil                                                                            
visgrd qualifying points    483
visgrd default map values       1      -8.00     10
visgrd number of dims    3
visgrd dimensions         27        22        23
visgrd axis scales      0.700     0.700     0.700

visgrd volume hydrophob                                                                       
visgrd author sitemap                                                                         
visgrd property name phob                                                                            
visgrd qualifying points    115
visgrd default map values       1      -0.50     13
visgrd number of dims    3
visgrd dimensions         27        22        23
visgrd axis scales      0.700     0.700     0.700

visgrd volume hbacceptor                                                                      
visgrd author sitemap                                                                         
visgrd property name accptr                                                                          
visgrd qualifying points    181
visgrd default map values       1      -8.00     16
visgrd number of dims    3
visgrd dimensions         27        22        23
visgrd axis scales      0.700     0.700     0.700

visgrd volume hbdonor                                                                         
visgrd author sitemap                                                                         
visgrd property name donor                                                                           
visgrd qualifying points    287
visgrd default map values       1      -8.00      5
visgrd number of dims    3
visgrd dimensions         27        22        23
visgrd axis scales      0.700     0.700     0.700

-- Evaluating site  1 --
Ligand/site-points file: 
Protein coordinates/parameters file: 
extend =   3
 Verbosity flags: F F F F F
all SiteMap grid files will be read
the protein charges will be modified to reduce formal charges and adjust donor/acceptor potentials
protein radii will be modified to allow closer approach to donor and acceptor heteroatoms
phobic areas emphasize enclosed regions and deemphasize exposed regions using alternative method
site-point set will be augmented by including significant nearby points
  threshold for adding phobic points:  -0.500
  threshold for adding philic points:  -8.000
base name for SiteMap grid files: 
 Reusing grid data
reusing site data
Number of protein atoms:    5675
 
phobic grid file reshaped
philic grid file reshaped
donor grid file reshaped
acceptor grid file reshaped
metal grid file reshaped
surf grid file reshaped
 maximum number of atoms in a sitebox =           8


Number of site points   20  first shell   50  higher shells   65   dirscore   0.902
1 vdw  -1.547   phob  -0.289   phil  -5.126   donor  -2.346   acceptor  -2.780   metal   0.000
2               phob  -0.115   phil  -4.667   donor  -2.250   acceptor  -2.417   metal   0.000

SiteScore size   Dscore  volume  exposure enclosure contact  phobic   philic   balance  don/acc
  0.962    58    0.811   201.00    0.665    0.902    1.194    0.802    1.369    0.586    0.844

-- Done with site  1 --

== End SiteMap calculation ==

Wrote 1 sites to "md1_crop70_coa_out.maegz".

Current time: Sun Jan 29 09:49:40 2023
Elapsed time: 0:00:04.00
SiteMap successfully completed.

