--------------------------------------------------------------------------------
JobId          : X299-0-63d62208
Name           : md1_crop271_sph
Program        : SiteMap
Version        : 2021-4 build 135
Host           : X299
Dir            : /mnt/3a29b482-dac1-4563-be89-d63ad92354e9/cers_modelling/md_sampling_cers_models/charmm_gui_systems/cers2_10pc_chol/sitemaps
HostEntry      : localhost
JobHost        : X299
JobDir         : /scratch/tamir/md1_crop271_sph
JobSchrodinger : /opt/schrodinger2021-4
Commandline    : /opt/schrodinger2021-4/sitemap md1_crop271_sph.in
StartTime      : 2023-01-29-09:36:40
--------------------------------------------------------------------------------

== Begin input keywords ==
ADDPHIL  -8.0
ADDPHOB  -0.5
ADDSP  True
COMPRESS  True
CUTOFF  20.0
D2THRESH  3.1
DTHRESH  6.5
DVSCALE  2.5
ENCLOSURE  0.5
EXTEND  3
FAKE  False
FFIELD  OPLS_2005
GRID  0.7
KEEPELEC  False
KEEPVDW  False
KEEPVOLPTS  True
KMAX  3
KMAX2  5
MAPDIST  4.0
MARGIN  6.0
MAXDIST  8.0
MAXSITES  1
MAXVDW  1.1
MINGROUP  3
MODCHARGES  True
MODPHOBIC  3
NEARRES  3.5
NTHRESH  3
PROT  md1_crop271.mae
R2THRESH  4.1
REPORTSIZE  10
ROUND  False
RTHRESH  5.0
VERBOSITY  0
WRITEGRIDS  False
WRITEPOT  False
WRITESTRUCTS  True
WRITEVIS  True
XCENT  44.07599925994873
XRANGE  10.0
YCENT  43.38600158691406
YRANGE  10.0
ZCENT  63.80499839782715
ZRANGE  10.0
== End input keywords ==

== Begin single-receptor SiteMap calculation ==

-- Begin site search --
 Parameters for this calculation:
 sitecut =  0.500000000000000     
 sitescmin =   1.10000000000000     
 afactor =   1.00000000000000     
 bfactor =   1.00000000000000     
 imaxsite =           8
 ithresh =           3
 mingroup =           3
 kmax =           3
 kmax2 =           5
 r2thresh =   4.10000000000000     
 dvscale =   2.50000000000000     
 dvscnorm =   2.50000000000000     
 dvscbig =   2.50000000000000     
 border =   2.00000000000000     
 dthresh =   6.50000000000000     
 rthresh =   5.00000000000000     
 maxgroup =         100
 r2thresh =   4.10000000000000     
 nthresh =           3
 ndir =         110
 use_vdw = T
 repname = none
 repsize =          10
 maxrep =           1
 sitelis = sites.lis
 profile = none
 sitelig = none
 siteasl = none
 use_sitelig =  F
 sitebox =  -999.000000000000     
 writepdb =  F
 number of protein atoms =        5675
Starting findsites:  Sunday, January 29 2023, at 09:36:43 IST
ptypes obtained:  Sunday, January 29 2023, at 09:36:43 IST
lj parameters obtained:  Sunday, January 29 2023, at 09:36:43 IST
Basic parameters obtained:  Sunday, January 29 2023, at 09:36:43 IST
Receptor parameterization completed:  Sunday, January 29 2023, at 09:36:43 IST
 scaled value of sitecut =   55.0000000000000     
 sphere directions set up         110
Sunday, January 29 2023, at 09:36:43 IST
 FINDSITE will use user-specified box
Centroid of box:  44.076  43.386  63.805
 boundaries   39.0759992599487        49.0759992599487     
   38.3860015869141        48.3860015869141        58.8049983978271     
   68.8049983978271     
 box          10          10          10
 maximum number of atoms in a sitebox =           6
Site points found:  Sunday, January 29 2023, at 09:36:43 IST
 boxes, patoms in boxes, empty boxes =         125         202          49
 total, outside sites =        1000         294
Site points pruned:  Sunday, January 29 2023, at 09:36:43 IST
final goodsites =        13
         3 sites will be removed
        10 good sites remain
Number of site groups found =     1

  Group  index  size  score     x       y       z     stdev
    1      1     10    1.31   45.97   43.78   62.59    1.77
Sites linked and merged:  Sunday, January 29 2023, at 09:36:43 IST
 Storing receptor data

Site-finding complete.
Number of sites to map/eval:  1

-- Mapping site  1 --
jobname: md1_crop271_sph_site_1
all SiteMap grid files will be generated
 philic map specified
 phobic map specified
 donor map specified
 acceptor map specified
 metal-ligation map specified
 surface-display map specified
grid margin:     6.00
grid spacing:     0.70
non-bonded cutoff:    20.00
ligand/sitepoints file: 
protein coordinates/parameters file: 
output map/grid files will be written to the current directory
vis files will be written
protein charges will be modified to reduce formal charges and adjust donor/acceptor potentials
protein radii will be modified to allow closer approach to donor and acceptor heteroatoms
phobic areas will be modified to emphasize enclosed regions and to deemphasize exposed regions using alternative method
all input instructions read
 Getting site data
ligand xcm,ycm,zcm,xrange,yrange,zrange 46.076 43.386 62.305  2.000  4.000  3.000

 Reusing receptor data from site-finding stage.

Sitemap: electrostatic+vdw interaction energy
Map field of *enzyme* in region of *inhibitor*

computing site maps ...
grid lim (orig)  39.076  53.076  35.386  51.386  54.805  69.805
grid lim (adj)   38.726  53.426  35.336  51.436  54.605  70.005
grid point counts   22   24   23
total grid points   12144

 5675 receptor atoms read
grid: adjdip
number of grid points within emin, emax limits =    10824
 maximum grid value before cutoff =               -0.020
 minimum grid value before cutoff =   -539.513

philic and phobic grids formed
grid: surf
number of grid points within emin, emax limits =     2328
 maximum grid value before cutoff =         33589546.993
 minimum grid value before cutoff =     -2.621

grid: phil
number of grid points within emin, emax limits =     2636
 maximum grid value before cutoff =         33589496.993
 minimum grid value before cutoff =    -16.416

grid: phob
number of grid points within emin, emax limits =     1719
 maximum grid value before cutoff =         33589561.993
 minimum grid value before cutoff =     -2.099

mod_phobic: phobthresh, philthresh =  -0.250  -3.000
 maximum number of atoms in a sitebox =           8
 boxes, patoms in boxes, empty boxes =       11191        5675        9100
Average phobic potential changed from  -0.841 to  -0.485 for  758 grid points

number of phobic points =  1292   average phobic score =   0.67
number of philic points =  1344   average philic score =  -4.32

number of qualifying surf grid points =      440

number of qualifying phil grid points =      209

number of qualifying phob grid points =      113

number of qualifying accptr grid points =       59

number of qualifying donor grid points =      143

number of qualifying metal grid points =        0

visgrd volume surf                                                                            
visgrd author sitemap                                                                         
visgrd property name surf                                                                            
visgrd qualifying points   2324
visgrd default map values       1       1.00      2
visgrd number of dims    3
visgrd dimensions         22        24        23
visgrd axis scales      0.700     0.700     0.700

visgrd volume hydrophil                                                                       
visgrd author sitemap                                                                         
visgrd property name phil                                                                            
visgrd qualifying points    209
visgrd default map values       1      -8.00     10
visgrd number of dims    3
visgrd dimensions         22        24        23
visgrd axis scales      0.700     0.700     0.700

visgrd volume hydrophob                                                                       
visgrd author sitemap                                                                         
visgrd property name phob                                                                            
visgrd qualifying points    308
visgrd default map values       1      -0.50     13
visgrd number of dims    3
visgrd dimensions         22        24        23
visgrd axis scales      0.700     0.700     0.700

visgrd volume hbacceptor                                                                      
visgrd author sitemap                                                                         
visgrd property name accptr                                                                          
visgrd qualifying points     59
visgrd default map values       1      -8.00     16
visgrd number of dims    3
visgrd dimensions         22        24        23
visgrd axis scales      0.700     0.700     0.700

visgrd volume hbdonor                                                                         
visgrd author sitemap                                                                         
visgrd property name donor                                                                           
visgrd qualifying points    143
visgrd default map values       1      -8.00      5
visgrd number of dims    3
visgrd dimensions         22        24        23
visgrd axis scales      0.700     0.700     0.700

-- Evaluating site  1 --
Ligand/site-points file: 
Protein coordinates/parameters file: 
extend =   3
 Verbosity flags: F F F F F
all SiteMap grid files will be read
the protein charges will be modified to reduce formal charges and adjust donor/acceptor potentials
protein radii will be modified to allow closer approach to donor and acceptor heteroatoms
phobic areas emphasize enclosed regions and deemphasize exposed regions using alternative method
site-point set will be augmented by including significant nearby points
  threshold for adding phobic points:  -0.500
  threshold for adding philic points:  -8.000
base name for SiteMap grid files: 
 Reusing grid data
reusing site data
Number of protein atoms:    5675
 
phobic grid file reshaped
philic grid file reshaped
donor grid file reshaped
acceptor grid file reshaped
metal grid file reshaped
surf grid file reshaped
 maximum number of atoms in a sitebox =           8


Number of site points   10  first shell   28  higher shells   67   dirscore   0.833
1 vdw  -1.376   phob  -0.342   phil  -3.865   donor  -1.959   acceptor  -1.905   metal   0.000
2               phob  -0.156   phil  -3.599   donor  -1.536   acceptor  -2.063   metal   0.000

SiteScore size   Dscore  volume  exposure enclosure contact  phobic   philic   balance  don/acc
  0.805    37    0.735   166.35    0.720    0.833    1.062    1.080    1.032    1.047    1.028

-- Done with site  1 --

== End SiteMap calculation ==

Wrote 1 sites to "md1_crop271_sph_out.maegz".

Current time: Sun Jan 29 09:36:44 2023
Elapsed time: 0:00:04.03
SiteMap successfully completed.

