--------------------------------------------------------------------------------
JobId          : X299-1-63d6225b
Name           : md1_crop299_sph
Program        : SiteMap
Version        : 2021-4 build 135
Host           : X299
Dir            : /mnt/3a29b482-dac1-4563-be89-d63ad92354e9/cers_modelling/md_sampling_cers_models/charmm_gui_systems/cers2_10pc_chol/sitemaps
HostEntry      : localhost
JobHost        : X299
JobDir         : /scratch/tamir/md1_crop299_sph
JobSchrodinger : /opt/schrodinger2021-4
Commandline    : /opt/schrodinger2021-4/sitemap md1_crop299_sph.in
StartTime      : 2023-01-29-09:38:04
--------------------------------------------------------------------------------

== Begin input keywords ==
ADDPHIL  -8.0
ADDPHOB  -0.5
ADDSP  True
COMPRESS  True
CUTOFF  20.0
D2THRESH  3.1
DTHRESH  6.5
DVSCALE  2.5
ENCLOSURE  0.5
EXTEND  3
FAKE  False
FFIELD  OPLS_2005
GRID  0.7
KEEPELEC  False
KEEPVDW  False
KEEPVOLPTS  True
KMAX  3
KMAX2  5
MAPDIST  4.0
MARGIN  6.0
MAXDIST  8.0
MAXSITES  1
MAXVDW  1.1
MINGROUP  3
MODCHARGES  True
MODPHOBIC  3
NEARRES  3.5
NTHRESH  3
PROT  md1_crop299.mae
R2THRESH  4.1
REPORTSIZE  10
ROUND  False
RTHRESH  5.0
VERBOSITY  0
WRITEGRIDS  False
WRITEPOT  False
WRITESTRUCTS  True
WRITEVIS  True
XCENT  45.885000228881836
XRANGE  10.0
YCENT  43.78999710083008
YRANGE  10.0
ZCENT  64.10500049591064
ZRANGE  10.0
== End input keywords ==

== Begin single-receptor SiteMap calculation ==

-- Begin site search --
 Parameters for this calculation:
 sitecut =  0.500000000000000     
 sitescmin =   1.10000000000000     
 afactor =   1.00000000000000     
 bfactor =   1.00000000000000     
 imaxsite =           8
 ithresh =           3
 mingroup =           3
 kmax =           3
 kmax2 =           5
 r2thresh =   4.10000000000000     
 dvscale =   2.50000000000000     
 dvscnorm =   2.50000000000000     
 dvscbig =   2.50000000000000     
 border =   2.00000000000000     
 dthresh =   6.50000000000000     
 rthresh =   5.00000000000000     
 maxgroup =         100
 r2thresh =   4.10000000000000     
 nthresh =           3
 ndir =         110
 use_vdw = T
 repname = none
 repsize =          10
 maxrep =           1
 sitelis = sites.lis
 profile = none
 sitelig = none
 siteasl = none
 use_sitelig =  F
 sitebox =  -999.000000000000     
 writepdb =  F
 number of protein atoms =        5676
Starting findsites:  Sunday, January 29 2023, at 09:38:07 IST
ptypes obtained:  Sunday, January 29 2023, at 09:38:07 IST
lj parameters obtained:  Sunday, January 29 2023, at 09:38:07 IST
Basic parameters obtained:  Sunday, January 29 2023, at 09:38:07 IST
Receptor parameterization completed:  Sunday, January 29 2023, at 09:38:07 IST
 scaled value of sitecut =   55.0000000000000     
 sphere directions set up         110
Sunday, January 29 2023, at 09:38:07 IST
 FINDSITE will use user-specified box
Centroid of box:  45.885  43.790  64.105
 boundaries   40.8850002288818        50.8850002288818     
   38.7899971008301        48.7899971008301        59.1050004959106     
   69.1050004959106     
 box          10          10          10
 maximum number of atoms in a sitebox =           6
Site points found:  Sunday, January 29 2023, at 09:38:07 IST
 boxes, patoms in boxes, empty boxes =         125         198          48
 total, outside sites =        1000         263
Site points pruned:  Sunday, January 29 2023, at 09:38:07 IST
final goodsites =        10
         3 sites will be removed
         7 good sites remain
Number of site groups found =     1

  Group  index  size  score     x       y       z     stdev
    1      1      7    1.19   46.87   43.64   62.28    1.18
Sites linked and merged:  Sunday, January 29 2023, at 09:38:07 IST
 Storing receptor data

Site-finding complete.
Number of sites to map/eval:  1

-- Mapping site  1 --
jobname: md1_crop299_sph_site_1
all SiteMap grid files will be generated
 philic map specified
 phobic map specified
 donor map specified
 acceptor map specified
 metal-ligation map specified
 surface-display map specified
grid margin:     6.00
grid spacing:     0.70
non-bonded cutoff:    20.00
ligand/sitepoints file: 
protein coordinates/parameters file: 
output map/grid files will be written to the current directory
vis files will be written
protein charges will be modified to reduce formal charges and adjust donor/acceptor potentials
protein radii will be modified to allow closer approach to donor and acceptor heteroatoms
phobic areas will be modified to emphasize enclosed regions and to deemphasize exposed regions using alternative method
all input instructions read
 Getting site data
ligand xcm,ycm,zcm,xrange,yrange,zrange 46.885 43.290 62.105  2.000  1.000  2.000

 Reusing receptor data from site-finding stage.

Sitemap: electrostatic+vdw interaction energy
Map field of *enzyme* in region of *inhibitor*

computing site maps ...
grid lim (orig)  39.885  53.885  36.790  49.790  55.105  69.105
grid lim (adj)   39.535  54.235  36.640  49.940  54.755  69.455
grid point counts   22   20   22
total grid points    9680

 5676 receptor atoms read
grid: adjdip
number of grid points within emin, emax limits =     8743
 maximum grid value before cutoff =               -0.039
 minimum grid value before cutoff =   -531.704

philic and phobic grids formed
grid: surf
number of grid points within emin, emax limits =     1938
 maximum grid value before cutoff =         28049115.681
 minimum grid value before cutoff =     -2.555

grid: phil
number of grid points within emin, emax limits =     3159
 maximum grid value before cutoff =         28049065.681
 minimum grid value before cutoff =    -24.342

grid: phob
number of grid points within emin, emax limits =     2302
 maximum grid value before cutoff =         28049130.681
 minimum grid value before cutoff =     -2.070

mod_phobic: phobthresh, philthresh =  -0.250  -3.000
 maximum number of atoms in a sitebox =           9
 boxes, patoms in boxes, empty boxes =       11191        5676        9103
Average phobic potential changed from  -0.780 to  -0.428 for  835 grid points

number of phobic points =  1701   average phobic score =   0.58
number of philic points =  1458   average philic score =  -4.01

number of qualifying surf grid points =      408

number of qualifying phil grid points =      201

number of qualifying phob grid points =       90

number of qualifying accptr grid points =       84

number of qualifying donor grid points =      111

number of qualifying metal grid points =        0

visgrd volume surf                                                                            
visgrd author sitemap                                                                         
visgrd property name surf                                                                            
visgrd qualifying points   2879
visgrd default map values       1       1.00      2
visgrd number of dims    3
visgrd dimensions         22        20        22
visgrd axis scales      0.700     0.700     0.700

visgrd volume hydrophil                                                                       
visgrd author sitemap                                                                         
visgrd property name phil                                                                            
visgrd qualifying points    201
visgrd default map values       1      -8.00     10
visgrd number of dims    3
visgrd dimensions         22        20        22
visgrd axis scales      0.700     0.700     0.700

visgrd volume hydrophob                                                                       
visgrd author sitemap                                                                         
visgrd property name phob                                                                            
visgrd qualifying points    279
visgrd default map values       1      -0.50     13
visgrd number of dims    3
visgrd dimensions         22        20        22
visgrd axis scales      0.700     0.700     0.700

visgrd volume hbacceptor                                                                      
visgrd author sitemap                                                                         
visgrd property name accptr                                                                          
visgrd qualifying points     84
visgrd default map values       1      -8.00     16
visgrd number of dims    3
visgrd dimensions         22        20        22
visgrd axis scales      0.700     0.700     0.700

visgrd volume hbdonor                                                                         
visgrd author sitemap                                                                         
visgrd property name donor                                                                           
visgrd qualifying points    111
visgrd default map values       1      -8.00      5
visgrd number of dims    3
visgrd dimensions         22        20        22
visgrd axis scales      0.700     0.700     0.700

-- Evaluating site  1 --
Ligand/site-points file: 
Protein coordinates/parameters file: 
extend =   3
 Verbosity flags: F F F F F
all SiteMap grid files will be read
the protein charges will be modified to reduce formal charges and adjust donor/acceptor potentials
protein radii will be modified to allow closer approach to donor and acceptor heteroatoms
phobic areas emphasize enclosed regions and deemphasize exposed regions using alternative method
site-point set will be augmented by including significant nearby points
  threshold for adding phobic points:  -0.500
  threshold for adding philic points:  -8.000
base name for SiteMap grid files: 
 Reusing grid data
reusing site data
Number of protein atoms:    5676
 
phobic grid file reshaped
philic grid file reshaped
donor grid file reshaped
acceptor grid file reshaped
metal grid file reshaped
surf grid file reshaped
 maximum number of atoms in a sitebox =           9


Number of site points    7  first shell   17  higher shells   39   dirscore   0.823
1 vdw  -1.425   phob  -0.701   phil  -1.771   donor  -1.152   acceptor  -0.619   metal   0.000
2               phob  -0.348   phil  -1.649   donor  -0.581   acceptor  -1.068   metal   0.000

SiteScore size   Dscore  volume  exposure enclosure contact  phobic   philic   balance  don/acc
  0.826    25    0.810   124.17    0.691    0.823    1.099    2.418    0.473    5.112    1.860

-- Done with site  1 --

== End SiteMap calculation ==

Wrote 1 sites to "md1_crop299_sph_out.maegz".

Current time: Sun Jan 29 09:38:08 2023
Elapsed time: 0:00:03.90
SiteMap successfully completed.

