--------------------------------------------------------------------------------
JobId          : X299-0-63d6210e
Name           : md1_crop191_coa
Program        : SiteMap
Version        : 2021-4 build 135
Host           : X299
Dir            : /mnt/3a29b482-dac1-4563-be89-d63ad92354e9/cers_modelling/md_sampling_cers_models/charmm_gui_systems/cers2_10pc_chol/sitemaps
HostEntry      : localhost
JobHost        : X299
JobDir         : /scratch/tamir/md1_crop191_coa
JobSchrodinger : /opt/schrodinger2021-4
Commandline    : /opt/schrodinger2021-4/sitemap md1_crop191_coa.in
StartTime      : 2023-01-29-09:32:30
--------------------------------------------------------------------------------

== Begin input keywords ==
ADDPHIL  -8.0
ADDPHOB  -0.5
ADDSP  True
COMPRESS  True
CUTOFF  20.0
D2THRESH  3.1
DTHRESH  6.5
DVSCALE  2.5
ENCLOSURE  0.5
EXTEND  3
FAKE  False
FFIELD  OPLS_2005
GRID  0.7
KEEPELEC  False
KEEPVDW  False
KEEPVOLPTS  True
KMAX  3
KMAX2  5
MAPDIST  4.0
MARGIN  6.0
MAXDIST  8.0
MAXSITES  1
MAXVDW  1.1
MINGROUP  3
MODCHARGES  True
MODPHOBIC  3
NEARRES  3.5
NTHRESH  3
PROT  md1_crop191.mae
R2THRESH  4.1
REPORTSIZE  10
ROUND  False
RTHRESH  5.0
VERBOSITY  0
WRITEGRIDS  False
WRITEPOT  False
WRITESTRUCTS  True
WRITEVIS  True
XCENT  56.08450412750244
XRANGE  10.0
YCENT  44.86449718475342
YRANGE  10.0
ZCENT  73.88499736785889
ZRANGE  10.0
== End input keywords ==

== Begin single-receptor SiteMap calculation ==

-- Begin site search --
 Parameters for this calculation:
 sitecut =  0.500000000000000     
 sitescmin =   1.10000000000000     
 afactor =   1.00000000000000     
 bfactor =   1.00000000000000     
 imaxsite =           8
 ithresh =           3
 mingroup =           3
 kmax =           3
 kmax2 =           5
 r2thresh =   4.10000000000000     
 dvscale =   2.50000000000000     
 dvscnorm =   2.50000000000000     
 dvscbig =   2.50000000000000     
 border =   2.00000000000000     
 dthresh =   6.50000000000000     
 rthresh =   5.00000000000000     
 maxgroup =         100
 r2thresh =   4.10000000000000     
 nthresh =           3
 ndir =         110
 use_vdw = T
 repname = none
 repsize =          10
 maxrep =           1
 sitelis = sites.lis
 profile = none
 sitelig = none
 siteasl = none
 use_sitelig =  F
 sitebox =  -999.000000000000     
 writepdb =  F
 number of protein atoms =        5676
Starting findsites:  Sunday, January 29 2023, at 09:32:33 IST
ptypes obtained:  Sunday, January 29 2023, at 09:32:33 IST
lj parameters obtained:  Sunday, January 29 2023, at 09:32:33 IST
Basic parameters obtained:  Sunday, January 29 2023, at 09:32:33 IST
Receptor parameterization completed:  Sunday, January 29 2023, at 09:32:33 IST
 scaled value of sitecut =   55.0000000000000     
 sphere directions set up         110
Sunday, January 29 2023, at 09:32:33 IST
 FINDSITE will use user-specified box
Centroid of box:  56.085  44.864  73.885
 boundaries   51.0845041275024        61.0845041275024     
   39.8644971847534        49.8644971847534        68.8849973678589     
   78.8849973678589     
 box          10          10          10
 maximum number of atoms in a sitebox =           8
Site points found:  Sunday, January 29 2023, at 09:32:33 IST
 boxes, patoms in boxes, empty boxes =         125         247          31
 total, outside sites =        1000          93
Site points pruned:  Sunday, January 29 2023, at 09:32:33 IST
final goodsites =        30
         4 sites will be removed
        26 good sites remain
Number of site groups found =     1

  Group  index  size  score     x       y       z     stdev
    1      1     26    1.53   55.36   47.47   71.89    2.23
Sites linked and merged:  Sunday, January 29 2023, at 09:32:33 IST
 Storing receptor data

Site-finding complete.
Number of sites to map/eval:  1

-- Mapping site  1 --
jobname: md1_crop191_coa_site_1
all SiteMap grid files will be generated
 philic map specified
 phobic map specified
 donor map specified
 acceptor map specified
 metal-ligation map specified
 surface-display map specified
grid margin:     6.00
grid spacing:     0.70
non-bonded cutoff:    20.00
ligand/sitepoints file: 
protein coordinates/parameters file: 
output map/grid files will be written to the current directory
vis files will be written
protein charges will be modified to reduce formal charges and adjust donor/acceptor potentials
protein radii will be modified to allow closer approach to donor and acceptor heteroatoms
phobic areas will be modified to emphasize enclosed regions and to deemphasize exposed regions using alternative method
all input instructions read
 Getting site data
ligand xcm,ycm,zcm,xrange,yrange,zrange 56.085 47.364 71.885  6.000  3.000  4.000

 Reusing receptor data from site-finding stage.

Sitemap: electrostatic+vdw interaction energy
Map field of *enzyme* in region of *inhibitor*

computing site maps ...
grid lim (orig)  47.085  65.085  39.864  54.864  63.885  79.885
grid lim (adj)   46.985  65.185  39.664  55.064  63.835  79.935
grid point counts   27   23   24
total grid points   14904

 5676 receptor atoms read
grid: adjdip
number of grid points within emin, emax limits =    12199
 maximum grid value before cutoff =               -0.196
 minimum grid value before cutoff =   -691.482

philic and phobic grids formed
grid: surf
number of grid points within emin, emax limits =     2578
 maximum grid value before cutoff =         37292398.415
 minimum grid value before cutoff =     -2.627

grid: phil
number of grid points within emin, emax limits =     2158
 maximum grid value before cutoff =         37292348.415
 minimum grid value before cutoff =    -25.937

grid: phob
number of grid points within emin, emax limits =      964
 maximum grid value before cutoff =         37292413.415
 minimum grid value before cutoff =     -1.977

mod_phobic: phobthresh, philthresh =  -0.250  -3.000
 maximum number of atoms in a sitebox =           8
 boxes, patoms in boxes, empty boxes =       11571        5676        9479
Average phobic potential changed from  -0.900 to  -0.591 for  305 grid points

number of phobic points =   422   average phobic score =   0.87
number of philic points =  1736   average philic score =  -6.09

number of qualifying surf grid points =      351

number of qualifying phil grid points =      489

number of qualifying phob grid points =       90

number of qualifying accptr grid points =      214

number of qualifying donor grid points =      266

number of qualifying metal grid points =        0

visgrd volume surf                                                                            
visgrd author sitemap                                                                         
visgrd property name surf                                                                            
visgrd qualifying points   1660
visgrd default map values       1       1.00      2
visgrd number of dims    3
visgrd dimensions         27        23        24
visgrd axis scales      0.700     0.700     0.700

visgrd volume hydrophil                                                                       
visgrd author sitemap                                                                         
visgrd property name phil                                                                            
visgrd qualifying points    489
visgrd default map values       1      -8.00     10
visgrd number of dims    3
visgrd dimensions         27        23        24
visgrd axis scales      0.700     0.700     0.700

visgrd volume hydrophob                                                                       
visgrd author sitemap                                                                         
visgrd property name phob                                                                            
visgrd qualifying points    160
visgrd default map values       1      -0.50     13
visgrd number of dims    3
visgrd dimensions         27        23        24
visgrd axis scales      0.700     0.700     0.700

visgrd volume hbacceptor                                                                      
visgrd author sitemap                                                                         
visgrd property name accptr                                                                          
visgrd qualifying points    214
visgrd default map values       1      -8.00     16
visgrd number of dims    3
visgrd dimensions         27        23        24
visgrd axis scales      0.700     0.700     0.700

visgrd volume hbdonor                                                                         
visgrd author sitemap                                                                         
visgrd property name donor                                                                           
visgrd qualifying points    266
visgrd default map values       1      -8.00      5
visgrd number of dims    3
visgrd dimensions         27        23        24
visgrd axis scales      0.700     0.700     0.700

-- Evaluating site  1 --
Ligand/site-points file: 
Protein coordinates/parameters file: 
extend =   3
 Verbosity flags: F F F F F
all SiteMap grid files will be read
the protein charges will be modified to reduce formal charges and adjust donor/acceptor potentials
protein radii will be modified to allow closer approach to donor and acceptor heteroatoms
phobic areas emphasize enclosed regions and deemphasize exposed regions using alternative method
site-point set will be augmented by including significant nearby points
  threshold for adding phobic points:  -0.500
  threshold for adding philic points:  -8.000
base name for SiteMap grid files: 
 Reusing grid data
reusing site data
Number of protein atoms:    5676
 
phobic grid file reshaped
philic grid file reshaped
donor grid file reshaped
acceptor grid file reshaped
metal grid file reshaped
surf grid file reshaped
 maximum number of atoms in a sitebox =           8


Number of site points   26  first shell   48  higher shells   60   dirscore   0.905
1 vdw  -1.568   phob  -0.272   phil  -5.396   donor  -2.280   acceptor  -3.116   metal   0.000
2               phob  -0.122   phil  -5.084   donor  -2.732   acceptor  -2.352   metal   0.000

SiteScore size   Dscore  volume  exposure enclosure contact  phobic   philic   balance  don/acc
  1.023    71    0.865   175.27    0.603    0.905    1.210    0.844    1.441    0.586    0.732

-- Done with site  1 --

== End SiteMap calculation ==

Wrote 1 sites to "md1_crop191_coa_out.maegz".

Current time: Sun Jan 29 09:32:35 2023
Elapsed time: 0:00:03.98
SiteMap successfully completed.

