--------------------------------------------------------------------------------
JobId          : X299-0-63d62033
Name           : md1_crop120_coa
Program        : SiteMap
Version        : 2021-4 build 135
Host           : X299
Dir            : /mnt/3a29b482-dac1-4563-be89-d63ad92354e9/cers_modelling/md_sampling_cers_models/charmm_gui_systems/cers2_10pc_chol/sitemaps
HostEntry      : localhost
JobHost        : X299
JobDir         : /scratch/tamir/md1_crop120_coa
JobSchrodinger : /opt/schrodinger2021-4
Commandline    : /opt/schrodinger2021-4/sitemap md1_crop120_coa.in
StartTime      : 2023-01-29-09:28:52
--------------------------------------------------------------------------------

== Begin input keywords ==
ADDPHIL  -8.0
ADDPHOB  -0.5
ADDSP  True
COMPRESS  True
CUTOFF  20.0
D2THRESH  3.1
DTHRESH  6.5
DVSCALE  2.5
ENCLOSURE  0.5
EXTEND  3
FAKE  False
FFIELD  OPLS_2005
GRID  0.7
KEEPELEC  False
KEEPVDW  False
KEEPVOLPTS  True
KMAX  3
KMAX2  5
MAPDIST  4.0
MARGIN  6.0
MAXDIST  8.0
MAXSITES  1
MAXVDW  1.1
MINGROUP  3
MODCHARGES  True
MODPHOBIC  3
NEARRES  3.5
NTHRESH  3
PROT  md1_crop120.mae
R2THRESH  4.1
REPORTSIZE  10
ROUND  False
RTHRESH  5.0
VERBOSITY  0
WRITEGRIDS  False
WRITEPOT  False
WRITESTRUCTS  True
WRITEVIS  True
XCENT  55.271501541137695
XRANGE  10.0
YCENT  44.48649883270264
YRANGE  10.0
ZCENT  76.28600120544434
ZRANGE  10.0
== End input keywords ==

== Begin single-receptor SiteMap calculation ==

-- Begin site search --
 Parameters for this calculation:
 sitecut =  0.500000000000000     
 sitescmin =   1.10000000000000     
 afactor =   1.00000000000000     
 bfactor =   1.00000000000000     
 imaxsite =           8
 ithresh =           3
 mingroup =           3
 kmax =           3
 kmax2 =           5
 r2thresh =   4.10000000000000     
 dvscale =   2.50000000000000     
 dvscnorm =   2.50000000000000     
 dvscbig =   2.50000000000000     
 border =   2.00000000000000     
 dthresh =   6.50000000000000     
 rthresh =   5.00000000000000     
 maxgroup =         100
 r2thresh =   4.10000000000000     
 nthresh =           3
 ndir =         110
 use_vdw = T
 repname = none
 repsize =          10
 maxrep =           1
 sitelis = sites.lis
 profile = none
 sitelig = none
 siteasl = none
 use_sitelig =  F
 sitebox =  -999.000000000000     
 writepdb =  F
 number of protein atoms =        5675
Starting findsites:  Sunday, January 29 2023, at 09:28:55 IST
ptypes obtained:  Sunday, January 29 2023, at 09:28:55 IST
lj parameters obtained:  Sunday, January 29 2023, at 09:28:55 IST
Basic parameters obtained:  Sunday, January 29 2023, at 09:28:55 IST
Receptor parameterization completed:  Sunday, January 29 2023, at 09:28:55 IST
 scaled value of sitecut =   55.0000000000000     
 sphere directions set up         110
Sunday, January 29 2023, at 09:28:55 IST
 FINDSITE will use user-specified box
Centroid of box:  55.272  44.486  76.286
 boundaries   50.2715015411377        60.2715015411377     
   39.4864988327026        49.4864988327026        71.2860012054443     
   81.2860012054443     
 box          10          10          10
 maximum number of atoms in a sitebox =           7
Site points found:  Sunday, January 29 2023, at 09:28:55 IST
 boxes, patoms in boxes, empty boxes =         125         265          24
 total, outside sites =        1000          78
Site points pruned:  Sunday, January 29 2023, at 09:28:55 IST
final goodsites =        18
         6 sites will be removed
        12 good sites remain
Number of site groups found =     1

  Group  index  size  score     x       y       z     stdev
    1      1     12    1.66   52.92   47.23   73.63    1.22
Sites linked and merged:  Sunday, January 29 2023, at 09:28:55 IST
 Storing receptor data

Site-finding complete.
Number of sites to map/eval:  1

-- Mapping site  1 --
jobname: md1_crop120_coa_site_1
all SiteMap grid files will be generated
 philic map specified
 phobic map specified
 donor map specified
 acceptor map specified
 metal-ligation map specified
 surface-display map specified
grid margin:     6.00
grid spacing:     0.70
non-bonded cutoff:    20.00
ligand/sitepoints file: 
protein coordinates/parameters file: 
output map/grid files will be written to the current directory
vis files will be written
protein charges will be modified to reduce formal charges and adjust donor/acceptor potentials
protein radii will be modified to allow closer approach to donor and acceptor heteroatoms
phobic areas will be modified to emphasize enclosed regions and to deemphasize exposed regions using alternative method
all input instructions read
 Getting site data
ligand xcm,ycm,zcm,xrange,yrange,zrange 53.272 47.486 73.286  2.000  2.000  2.000

 Reusing receptor data from site-finding stage.

Sitemap: electrostatic+vdw interaction energy
Map field of *enzyme* in region of *inhibitor*

computing site maps ...
grid lim (orig)  46.272  60.272  40.486  54.486  66.286  80.286
grid lim (adj)   45.922  60.622  40.136  54.836  65.936  80.636
grid point counts   22   22   22
total grid points   10648

 5675 receptor atoms read
grid: adjdip
number of grid points within emin, emax limits =     8504
 maximum grid value before cutoff =               -0.185
 minimum grid value before cutoff =   -658.299

philic and phobic grids formed
grid: surf
number of grid points within emin, emax limits =     1925
 maximum grid value before cutoff =         38479493.392
 minimum grid value before cutoff =     -3.191

grid: phil
number of grid points within emin, emax limits =     1237
 maximum grid value before cutoff =         38479443.392
 minimum grid value before cutoff =    -26.135

grid: phob
number of grid points within emin, emax limits =      382
 maximum grid value before cutoff =         38479508.392
 minimum grid value before cutoff =     -2.093

mod_phobic: phobthresh, philthresh =  -0.250  -3.000
 maximum number of atoms in a sitebox =           8
 boxes, patoms in boxes, empty boxes =       11571        5675        9481
Average phobic potential changed from  -1.019 to  -0.764 for   71 grid points

number of phobic points =   161   average phobic score =   1.02
number of philic points =  1076   average philic score =  -7.18

number of qualifying surf grid points =      239

number of qualifying phil grid points =      392

number of qualifying phob grid points =       35

number of qualifying accptr grid points =      161

number of qualifying donor grid points =      219

number of qualifying metal grid points =        0

visgrd volume surf                                                                            
visgrd author sitemap                                                                         
visgrd property name surf                                                                            
visgrd qualifying points    827
visgrd default map values       1       1.00      2
visgrd number of dims    3
visgrd dimensions         22        22        22
visgrd axis scales      0.700     0.700     0.700

visgrd volume hydrophil                                                                       
visgrd author sitemap                                                                         
visgrd property name phil                                                                            
visgrd qualifying points    392
visgrd default map values       1      -8.00     10
visgrd number of dims    3
visgrd dimensions         22        22        22
visgrd axis scales      0.700     0.700     0.700

visgrd volume hydrophob                                                                       
visgrd author sitemap                                                                         
visgrd property name phob                                                                            
visgrd qualifying points     55
visgrd default map values       1      -0.50     13
visgrd number of dims    3
visgrd dimensions         22        22        22
visgrd axis scales      0.700     0.700     0.700

visgrd volume hbacceptor                                                                      
visgrd author sitemap                                                                         
visgrd property name accptr                                                                          
visgrd qualifying points    161
visgrd default map values       1      -8.00     16
visgrd number of dims    3
visgrd dimensions         22        22        22
visgrd axis scales      0.700     0.700     0.700

visgrd volume hbdonor                                                                         
visgrd author sitemap                                                                         
visgrd property name donor                                                                           
visgrd qualifying points    219
visgrd default map values       1      -8.00      5
visgrd number of dims    3
visgrd dimensions         22        22        22
visgrd axis scales      0.700     0.700     0.700

-- Evaluating site  1 --
Ligand/site-points file: 
Protein coordinates/parameters file: 
extend =   3
 Verbosity flags: F F F F F
all SiteMap grid files will be read
the protein charges will be modified to reduce formal charges and adjust donor/acceptor potentials
protein radii will be modified to allow closer approach to donor and acceptor heteroatoms
phobic areas emphasize enclosed regions and deemphasize exposed regions using alternative method
site-point set will be augmented by including significant nearby points
  threshold for adding phobic points:  -0.500
  threshold for adding philic points:  -8.000
base name for SiteMap grid files: 
 Reusing grid data
reusing site data
Number of protein atoms:    5675
 
phobic grid file reshaped
philic grid file reshaped
donor grid file reshaped
acceptor grid file reshaped
metal grid file reshaped
surf grid file reshaped
 maximum number of atoms in a sitebox =           8


Number of site points   12  first shell   21  higher shells   27   dirscore   0.943
1 vdw  -1.660   phob  -0.267   phil  -5.682   donor  -2.845   acceptor  -2.837   metal   0.000
2               phob  -0.114   phil  -5.098   donor  -2.249   acceptor  -2.849   metal   0.000

SiteScore size   Dscore  volume  exposure enclosure contact  phobic   philic   balance  don/acc
  0.818    28    0.568    94.67    0.632    0.943    1.281    0.795    1.517    0.524    1.003

-- Done with site  1 --

== End SiteMap calculation ==

Wrote 1 sites to "md1_crop120_coa_out.maegz".

Current time: Sun Jan 29 09:28:56 2023
Elapsed time: 0:00:03.49
SiteMap successfully completed.

