--------------------------------------------------------------------------------
JobId          : X299-0-63d62144
Name           : md1_crop208_sph
Program        : SiteMap
Version        : 2021-4 build 135
Host           : X299
Dir            : /mnt/3a29b482-dac1-4563-be89-d63ad92354e9/cers_modelling/md_sampling_cers_models/charmm_gui_systems/cers2_10pc_chol/sitemaps
HostEntry      : localhost
JobHost        : X299
JobDir         : /scratch/tamir/md1_crop208_sph
JobSchrodinger : /opt/schrodinger2021-4
Commandline    : /opt/schrodinger2021-4/sitemap md1_crop208_sph.in
StartTime      : 2023-01-29-09:33:24
--------------------------------------------------------------------------------

== Begin input keywords ==
ADDPHIL  -8.0
ADDPHOB  -0.5
ADDSP  True
COMPRESS  True
CUTOFF  20.0
D2THRESH  3.1
DTHRESH  6.5
DVSCALE  2.5
ENCLOSURE  0.5
EXTEND  3
FAKE  False
FFIELD  OPLS_2005
GRID  0.7
KEEPELEC  False
KEEPVDW  False
KEEPVOLPTS  True
KMAX  3
KMAX2  5
MAPDIST  4.0
MARGIN  6.0
MAXDIST  8.0
MAXSITES  1
MAXVDW  1.1
MINGROUP  3
MODCHARGES  True
MODPHOBIC  3
NEARRES  3.5
NTHRESH  3
PROT  md1_crop208.mae
R2THRESH  4.1
REPORTSIZE  10
ROUND  False
RTHRESH  5.0
VERBOSITY  0
WRITEGRIDS  False
WRITEPOT  False
WRITESTRUCTS  True
WRITEVIS  True
XCENT  41.40399932861328
XRANGE  10.0
YCENT  42.69399642944336
YRANGE  10.0
ZCENT  65.3249979019165
ZRANGE  10.0
== End input keywords ==

== Begin single-receptor SiteMap calculation ==

-- Begin site search --
 Parameters for this calculation:
 sitecut =  0.500000000000000     
 sitescmin =   1.10000000000000     
 afactor =   1.00000000000000     
 bfactor =   1.00000000000000     
 imaxsite =           8
 ithresh =           3
 mingroup =           3
 kmax =           3
 kmax2 =           5
 r2thresh =   4.10000000000000     
 dvscale =   2.50000000000000     
 dvscnorm =   2.50000000000000     
 dvscbig =   2.50000000000000     
 border =   2.00000000000000     
 dthresh =   6.50000000000000     
 rthresh =   5.00000000000000     
 maxgroup =         100
 r2thresh =   4.10000000000000     
 nthresh =           3
 ndir =         110
 use_vdw = T
 repname = none
 repsize =          10
 maxrep =           1
 sitelis = sites.lis
 profile = none
 sitelig = none
 siteasl = none
 use_sitelig =  F
 sitebox =  -999.000000000000     
 writepdb =  F
 number of protein atoms =        5675
Starting findsites:  Sunday, January 29 2023, at 09:33:27 IST
ptypes obtained:  Sunday, January 29 2023, at 09:33:27 IST
lj parameters obtained:  Sunday, January 29 2023, at 09:33:27 IST
Basic parameters obtained:  Sunday, January 29 2023, at 09:33:27 IST
Receptor parameterization completed:  Sunday, January 29 2023, at 09:33:27 IST
 scaled value of sitecut =   55.0000000000000     
 sphere directions set up         110
Sunday, January 29 2023, at 09:33:27 IST
 FINDSITE will use user-specified box
Centroid of box:  41.404  42.694  65.325
 boundaries   36.4039993286133        46.4039993286133     
   37.6939964294434        47.6939964294434        60.3249979019165     
   70.3249979019165     
 box          10          10          10
 maximum number of atoms in a sitebox =           7
Site points found:  Sunday, January 29 2023, at 09:33:27 IST
 boxes, patoms in boxes, empty boxes =         125         196          53
 total, outside sites =        1000         253
Site points pruned:  Sunday, January 29 2023, at 09:33:27 IST
final goodsites =        18
         1 sites will be removed
        17 good sites remain
Number of site groups found =     1

  Group  index  size  score     x       y       z     stdev
    1      1     17    1.33   42.37   42.31   64.39    1.68
Sites linked and merged:  Sunday, January 29 2023, at 09:33:27 IST
 Storing receptor data

Site-finding complete.
Number of sites to map/eval:  1

-- Mapping site  1 --
jobname: md1_crop208_sph_site_1
all SiteMap grid files will be generated
 philic map specified
 phobic map specified
 donor map specified
 acceptor map specified
 metal-ligation map specified
 surface-display map specified
grid margin:     6.00
grid spacing:     0.70
non-bonded cutoff:    20.00
ligand/sitepoints file: 
protein coordinates/parameters file: 
output map/grid files will be written to the current directory
vis files will be written
protein charges will be modified to reduce formal charges and adjust donor/acceptor potentials
protein radii will be modified to allow closer approach to donor and acceptor heteroatoms
phobic areas will be modified to emphasize enclosed regions and to deemphasize exposed regions using alternative method
all input instructions read
 Getting site data
ligand xcm,ycm,zcm,xrange,yrange,zrange 42.404 42.194 64.325  4.000  1.000  4.000

 Reusing receptor data from site-finding stage.

Sitemap: electrostatic+vdw interaction energy
Map field of *enzyme* in region of *inhibitor*

computing site maps ...
grid lim (orig)  34.404  50.404  35.694  48.694  56.325  72.325
grid lim (adj)   34.354  50.454  35.544  48.844  56.275  72.375
grid point counts   24   20   24
total grid points   11520

 5675 receptor atoms read
grid: adjdip
number of grid points within emin, emax limits =    10517
 maximum grid value before cutoff =               -0.027
 minimum grid value before cutoff =   -645.852

philic and phobic grids formed
grid: surf
number of grid points within emin, emax limits =     2385
 maximum grid value before cutoff =         32982267.364
 minimum grid value before cutoff =     -2.394

grid: phil
number of grid points within emin, emax limits =     3574
 maximum grid value before cutoff =         32982217.364
 minimum grid value before cutoff =    -23.327

grid: phob
number of grid points within emin, emax limits =     2634
 maximum grid value before cutoff =         32982282.364
 minimum grid value before cutoff =     -1.924

mod_phobic: phobthresh, philthresh =  -0.250  -3.000
 maximum number of atoms in a sitebox =           8
 boxes, patoms in boxes, empty boxes =       10469        5675        8361
Average phobic potential changed from  -0.771 to  -0.418 for  987 grid points

number of phobic points =  2082   average phobic score =   0.53
number of philic points =  1492   average philic score =  -3.97

number of qualifying surf grid points =      483

number of qualifying phil grid points =      204

number of qualifying phob grid points =      116

number of qualifying accptr grid points =       80

number of qualifying donor grid points =      114

number of qualifying metal grid points =        0

visgrd volume surf                                                                            
visgrd author sitemap                                                                         
visgrd property name surf                                                                            
visgrd qualifying points   3285
visgrd default map values       1       1.00      2
visgrd number of dims    3
visgrd dimensions         24        20        24
visgrd axis scales      0.700     0.700     0.700

visgrd volume hydrophil                                                                       
visgrd author sitemap                                                                         
visgrd property name phil                                                                            
visgrd qualifying points    204
visgrd default map values       1      -8.00     10
visgrd number of dims    3
visgrd dimensions         24        20        24
visgrd axis scales      0.700     0.700     0.700

visgrd volume hydrophob                                                                       
visgrd author sitemap                                                                         
visgrd property name phob                                                                            
visgrd qualifying points    305
visgrd default map values       1      -0.50     13
visgrd number of dims    3
visgrd dimensions         24        20        24
visgrd axis scales      0.700     0.700     0.700

visgrd volume hbacceptor                                                                      
visgrd author sitemap                                                                         
visgrd property name accptr                                                                          
visgrd qualifying points     80
visgrd default map values       1      -8.00     16
visgrd number of dims    3
visgrd dimensions         24        20        24
visgrd axis scales      0.700     0.700     0.700

visgrd volume hbdonor                                                                         
visgrd author sitemap                                                                         
visgrd property name donor                                                                           
visgrd qualifying points    114
visgrd default map values       1      -8.00      5
visgrd number of dims    3
visgrd dimensions         24        20        24
visgrd axis scales      0.700     0.700     0.700

-- Evaluating site  1 --
Ligand/site-points file: 
Protein coordinates/parameters file: 
extend =   3
 Verbosity flags: F F F F F
all SiteMap grid files will be read
the protein charges will be modified to reduce formal charges and adjust donor/acceptor potentials
protein radii will be modified to allow closer approach to donor and acceptor heteroatoms
phobic areas emphasize enclosed regions and deemphasize exposed regions using alternative method
site-point set will be augmented by including significant nearby points
  threshold for adding phobic points:  -0.500
  threshold for adding philic points:  -8.000
base name for SiteMap grid files: 
 Reusing grid data
reusing site data
Number of protein atoms:    5675
 
phobic grid file reshaped
philic grid file reshaped
donor grid file reshaped
acceptor grid file reshaped
metal grid file reshaped
surf grid file reshaped
 maximum number of atoms in a sitebox =           8


Number of site points   17  first shell   23  higher shells   49   dirscore   0.818
1 vdw  -1.396   phob  -0.602   phil  -2.628   donor  -0.625   acceptor  -2.004   metal   0.000
2               phob  -0.310   phil  -2.425   donor  -1.566   acceptor  -0.859   metal   0.000

SiteScore size   Dscore  volume  exposure enclosure contact  phobic   philic   balance  don/acc
  0.858    37    0.834   147.49    0.661    0.818    1.078    2.150    0.702    3.063    0.312

-- Done with site  1 --

== End SiteMap calculation ==

Wrote 1 sites to "md1_crop208_sph_out.maegz".

Current time: Sun Jan 29 09:33:29 2023
Elapsed time: 0:00:04.11
SiteMap successfully completed.

