--------------------------------------------------------------------------------
JobId          : X299-0-63d6226e
Name           : md1_crop304_coa
Program        : SiteMap
Version        : 2021-4 build 135
Host           : X299
Dir            : /mnt/3a29b482-dac1-4563-be89-d63ad92354e9/cers_modelling/md_sampling_cers_models/charmm_gui_systems/cers2_10pc_chol/sitemaps
HostEntry      : localhost
JobHost        : X299
JobDir         : /scratch/tamir/md1_crop304_coa
JobSchrodinger : /opt/schrodinger2021-4
Commandline    : /opt/schrodinger2021-4/sitemap md1_crop304_coa.in
StartTime      : 2023-01-29-09:38:22
--------------------------------------------------------------------------------

== Begin input keywords ==
ADDPHIL  -8.0
ADDPHOB  -0.5
ADDSP  True
COMPRESS  True
CUTOFF  20.0
D2THRESH  3.1
DTHRESH  6.5
DVSCALE  2.5
ENCLOSURE  0.5
EXTEND  3
FAKE  False
FFIELD  OPLS_2005
GRID  0.7
KEEPELEC  False
KEEPVDW  False
KEEPVOLPTS  True
KMAX  3
KMAX2  5
MAPDIST  4.0
MARGIN  6.0
MAXDIST  8.0
MAXSITES  1
MAXVDW  1.1
MINGROUP  3
MODCHARGES  True
MODPHOBIC  3
NEARRES  3.5
NTHRESH  3
PROT  md1_crop304.mae
R2THRESH  4.1
REPORTSIZE  10
ROUND  False
RTHRESH  5.0
VERBOSITY  0
WRITEGRIDS  False
WRITEPOT  False
WRITESTRUCTS  True
WRITEVIS  True
XCENT  57.72350311279297
XRANGE  10.0
YCENT  43.50100040435791
YRANGE  10.0
ZCENT  75.51999568939209
ZRANGE  10.0
== End input keywords ==

== Begin single-receptor SiteMap calculation ==

-- Begin site search --
 Parameters for this calculation:
 sitecut =  0.500000000000000     
 sitescmin =   1.10000000000000     
 afactor =   1.00000000000000     
 bfactor =   1.00000000000000     
 imaxsite =           8
 ithresh =           3
 mingroup =           3
 kmax =           3
 kmax2 =           5
 r2thresh =   4.10000000000000     
 dvscale =   2.50000000000000     
 dvscnorm =   2.50000000000000     
 dvscbig =   2.50000000000000     
 border =   2.00000000000000     
 dthresh =   6.50000000000000     
 rthresh =   5.00000000000000     
 maxgroup =         100
 r2thresh =   4.10000000000000     
 nthresh =           3
 ndir =         110
 use_vdw = T
 repname = none
 repsize =          10
 maxrep =           1
 sitelis = sites.lis
 profile = none
 sitelig = none
 siteasl = none
 use_sitelig =  F
 sitebox =  -999.000000000000     
 writepdb =  F
 number of protein atoms =        5674
Starting findsites:  Sunday, January 29 2023, at 09:38:25 IST
ptypes obtained:  Sunday, January 29 2023, at 09:38:25 IST
lj parameters obtained:  Sunday, January 29 2023, at 09:38:25 IST
Basic parameters obtained:  Sunday, January 29 2023, at 09:38:25 IST
Receptor parameterization completed:  Sunday, January 29 2023, at 09:38:25 IST
 scaled value of sitecut =   55.0000000000000     
 sphere directions set up         110
Sunday, January 29 2023, at 09:38:25 IST
 FINDSITE will use user-specified box
Centroid of box:  57.724  43.501  75.520
 boundaries   52.7235031127930        62.7235031127930     
   38.5010004043579        48.5010004043579        70.5199956893921     
   80.5199956893921     
 box          10          10          10
 maximum number of atoms in a sitebox =           7
Site points found:  Sunday, January 29 2023, at 09:38:26 IST
 boxes, patoms in boxes, empty boxes =         125         250          32
 total, outside sites =        1000         113
Site points pruned:  Sunday, January 29 2023, at 09:38:26 IST
final goodsites =        39
         3 sites will be removed
        36 good sites remain
Number of site groups found =     1

  Group  index  size  score     x       y       z     stdev
    1      1     36    1.45   56.08   45.97   73.56    2.03
Sites linked and merged:  Sunday, January 29 2023, at 09:38:26 IST
 Storing receptor data

Site-finding complete.
Number of sites to map/eval:  1

-- Mapping site  1 --
jobname: md1_crop304_coa_site_1
all SiteMap grid files will be generated
 philic map specified
 phobic map specified
 donor map specified
 acceptor map specified
 metal-ligation map specified
 surface-display map specified
grid margin:     6.00
grid spacing:     0.70
non-bonded cutoff:    20.00
ligand/sitepoints file: 
protein coordinates/parameters file: 
output map/grid files will be written to the current directory
vis files will be written
protein charges will be modified to reduce formal charges and adjust donor/acceptor potentials
protein radii will be modified to allow closer approach to donor and acceptor heteroatoms
phobic areas will be modified to emphasize enclosed regions and to deemphasize exposed regions using alternative method
all input instructions read
 Getting site data
ligand xcm,ycm,zcm,xrange,yrange,zrange 56.724 45.501 74.020  4.000  4.000  5.000

 Reusing receptor data from site-finding stage.

Sitemap: electrostatic+vdw interaction energy
Map field of *enzyme* in region of *inhibitor*

computing site maps ...
grid lim (orig)  48.724  64.724  37.501  53.501  65.520  82.520
grid lim (adj)   48.674  64.774  37.451  53.551  65.270  82.770
grid point counts   24   24   26
total grid points   14976

 5674 receptor atoms read
grid: adjdip
number of grid points within emin, emax limits =    12288
 maximum grid value before cutoff =               -0.302
 minimum grid value before cutoff =   -655.165

philic and phobic grids formed
grid: surf
number of grid points within emin, emax limits =     2613
 maximum grid value before cutoff =         45223587.941
 minimum grid value before cutoff =     -2.841

grid: phil
number of grid points within emin, emax limits =     2391
 maximum grid value before cutoff =         45223537.941
 minimum grid value before cutoff =    -24.121

grid: phob
number of grid points within emin, emax limits =      991
 maximum grid value before cutoff =         45223602.941
 minimum grid value before cutoff =     -1.990

mod_phobic: phobthresh, philthresh =  -0.250  -3.000
 maximum number of atoms in a sitebox =           9
 boxes, patoms in boxes, empty boxes =       12369        5674       10267
Average phobic potential changed from  -0.881 to  -0.590 for  225 grid points

number of phobic points =   349   average phobic score =   0.91
number of philic points =  2042   average philic score =  -5.76

number of qualifying surf grid points =      364

number of qualifying phil grid points =      519

number of qualifying phob grid points =       56

number of qualifying accptr grid points =      200

number of qualifying donor grid points =      308

number of qualifying metal grid points =        0

visgrd volume surf                                                                            
visgrd author sitemap                                                                         
visgrd property name surf                                                                            
visgrd qualifying points   1826
visgrd default map values       1       1.00      2
visgrd number of dims    3
visgrd dimensions         24        24        26
visgrd axis scales      0.700     0.700     0.700

visgrd volume hydrophil                                                                       
visgrd author sitemap                                                                         
visgrd property name phil                                                                            
visgrd qualifying points    519
visgrd default map values       1      -8.00     10
visgrd number of dims    3
visgrd dimensions         24        24        26
visgrd axis scales      0.700     0.700     0.700

visgrd volume hydrophob                                                                       
visgrd author sitemap                                                                         
visgrd property name phob                                                                            
visgrd qualifying points    132
visgrd default map values       1      -0.50     13
visgrd number of dims    3
visgrd dimensions         24        24        26
visgrd axis scales      0.700     0.700     0.700

visgrd volume hbacceptor                                                                      
visgrd author sitemap                                                                         
visgrd property name accptr                                                                          
visgrd qualifying points    200
visgrd default map values       1      -8.00     16
visgrd number of dims    3
visgrd dimensions         24        24        26
visgrd axis scales      0.700     0.700     0.700

visgrd volume hbdonor                                                                         
visgrd author sitemap                                                                         
visgrd property name donor                                                                           
visgrd qualifying points    308
visgrd default map values       1      -8.00      5
visgrd number of dims    3
visgrd dimensions         24        24        26
visgrd axis scales      0.700     0.700     0.700

-- Evaluating site  1 --
Ligand/site-points file: 
Protein coordinates/parameters file: 
extend =   3
 Verbosity flags: F F F F F
all SiteMap grid files will be read
the protein charges will be modified to reduce formal charges and adjust donor/acceptor potentials
protein radii will be modified to allow closer approach to donor and acceptor heteroatoms
phobic areas emphasize enclosed regions and deemphasize exposed regions using alternative method
site-point set will be augmented by including significant nearby points
  threshold for adding phobic points:  -0.500
  threshold for adding philic points:  -8.000
base name for SiteMap grid files: 
 Reusing grid data
reusing site data
Number of protein atoms:    5674
 
phobic grid file reshaped
philic grid file reshaped
donor grid file reshaped
acceptor grid file reshaped
metal grid file reshaped
surf grid file reshaped
 maximum number of atoms in a sitebox =           9


Number of site points   36  first shell   39  higher shells   38   dirscore   0.902
1 vdw  -1.490   phob  -0.250   phil  -5.171   donor  -2.386   acceptor  -2.784   metal   0.000
2               phob  -0.073   phil  -4.932   donor  -2.096   acceptor  -2.836   metal   0.000

SiteScore size   Dscore  volume  exposure enclosure contact  phobic   philic   balance  don/acc
  0.957    57    0.801   178.02    0.575    0.902    1.149    0.507    1.381    0.368    0.857

-- Done with site  1 --

== End SiteMap calculation ==

Wrote 1 sites to "md1_crop304_coa_out.maegz".

Current time: Sun Jan 29 09:38:27 2023
Elapsed time: 0:00:03.98
SiteMap successfully completed.

