--------------------------------------------------------------------------------
JobId          : X299-1-63d6205e
Name           : md1_crop134_sph
Program        : SiteMap
Version        : 2021-4 build 135
Host           : X299
Dir            : /mnt/3a29b482-dac1-4563-be89-d63ad92354e9/cers_modelling/md_sampling_cers_models/charmm_gui_systems/cers2_10pc_chol/sitemaps
HostEntry      : localhost
JobHost        : X299
JobDir         : /scratch/tamir/md1_crop134_sph
JobSchrodinger : /opt/schrodinger2021-4
Commandline    : /opt/schrodinger2021-4/sitemap md1_crop134_sph.in
StartTime      : 2023-01-29-09:29:35
--------------------------------------------------------------------------------

== Begin input keywords ==
ADDPHIL  -8.0
ADDPHOB  -0.5
ADDSP  True
COMPRESS  True
CUTOFF  20.0
D2THRESH  3.1
DTHRESH  6.5
DVSCALE  2.5
ENCLOSURE  0.5
EXTEND  3
FAKE  False
FFIELD  OPLS_2005
GRID  0.7
KEEPELEC  False
KEEPVDW  False
KEEPVOLPTS  True
KMAX  3
KMAX2  5
MAPDIST  4.0
MARGIN  6.0
MAXDIST  8.0
MAXSITES  1
MAXVDW  1.1
MINGROUP  3
MODCHARGES  True
MODPHOBIC  3
NEARRES  3.5
NTHRESH  3
PROT  md1_crop134.mae
R2THRESH  4.1
REPORTSIZE  10
ROUND  False
RTHRESH  5.0
VERBOSITY  0
WRITEGRIDS  False
WRITEPOT  False
WRITESTRUCTS  True
WRITEVIS  True
XCENT  40.38100242614746
XRANGE  10.0
YCENT  45.156002044677734
YRANGE  10.0
ZCENT  66.00600242614746
ZRANGE  10.0
== End input keywords ==

== Begin single-receptor SiteMap calculation ==

-- Begin site search --
 Parameters for this calculation:
 sitecut =  0.500000000000000     
 sitescmin =   1.10000000000000     
 afactor =   1.00000000000000     
 bfactor =   1.00000000000000     
 imaxsite =           8
 ithresh =           3
 mingroup =           3
 kmax =           3
 kmax2 =           5
 r2thresh =   4.10000000000000     
 dvscale =   2.50000000000000     
 dvscnorm =   2.50000000000000     
 dvscbig =   2.50000000000000     
 border =   2.00000000000000     
 dthresh =   6.50000000000000     
 rthresh =   5.00000000000000     
 maxgroup =         100
 r2thresh =   4.10000000000000     
 nthresh =           3
 ndir =         110
 use_vdw = T
 repname = none
 repsize =          10
 maxrep =           1
 sitelis = sites.lis
 profile = none
 sitelig = none
 siteasl = none
 use_sitelig =  F
 sitebox =  -999.000000000000     
 writepdb =  F
 number of protein atoms =        5676
Starting findsites:  Sunday, January 29 2023, at 09:29:38 IST
ptypes obtained:  Sunday, January 29 2023, at 09:29:38 IST
lj parameters obtained:  Sunday, January 29 2023, at 09:29:38 IST
Basic parameters obtained:  Sunday, January 29 2023, at 09:29:38 IST
Receptor parameterization completed:  Sunday, January 29 2023, at 09:29:38 IST
 scaled value of sitecut =   55.0000000000000     
 sphere directions set up         110
Sunday, January 29 2023, at 09:29:38 IST
 FINDSITE will use user-specified box
Centroid of box:  40.381  45.156  66.006
 boundaries   35.3810024261475        45.3810024261475     
   40.1560020446777        50.1560020446777        61.0060024261475     
   71.0060024261475     
 box          10          10          10
 maximum number of atoms in a sitebox =           6
Site points found:  Sunday, January 29 2023, at 09:29:38 IST
 boxes, patoms in boxes, empty boxes =         125         202          46
 total, outside sites =        1000         237
Site points pruned:  Sunday, January 29 2023, at 09:29:38 IST
final goodsites =        29
         1 sites will be removed
        28 good sites remain
Number of site groups found =     1

  Group  index  size  score     x       y       z     stdev
    1      1     28    1.28   41.52   44.16   64.16    1.90
Sites linked and merged:  Sunday, January 29 2023, at 09:29:38 IST
 Storing receptor data

Site-finding complete.
Number of sites to map/eval:  1

-- Mapping site  1 --
jobname: md1_crop134_sph_site_1
all SiteMap grid files will be generated
 philic map specified
 phobic map specified
 donor map specified
 acceptor map specified
 metal-ligation map specified
 surface-display map specified
grid margin:     6.00
grid spacing:     0.70
non-bonded cutoff:    20.00
ligand/sitepoints file: 
protein coordinates/parameters file: 
output map/grid files will be written to the current directory
vis files will be written
protein charges will be modified to reduce formal charges and adjust donor/acceptor potentials
protein radii will be modified to allow closer approach to donor and acceptor heteroatoms
phobic areas will be modified to emphasize enclosed regions and to deemphasize exposed regions using alternative method
all input instructions read
 Getting site data
ligand xcm,ycm,zcm,xrange,yrange,zrange 41.381 44.156 64.506  4.000  2.000  5.000

 Reusing receptor data from site-finding stage.

Sitemap: electrostatic+vdw interaction energy
Map field of *enzyme* in region of *inhibitor*

computing site maps ...
grid lim (orig)  33.381  49.381  37.156  51.156  56.006  73.006
grid lim (adj)   33.331  49.431  36.806  51.506  55.756  73.256
grid point counts   24   22   26
total grid points   13728

 5676 receptor atoms read
grid: adjdip
number of grid points within emin, emax limits =    12366
 maximum grid value before cutoff =               -0.032
 minimum grid value before cutoff =   -543.426

philic and phobic grids formed
grid: surf
number of grid points within emin, emax limits =     2729
 maximum grid value before cutoff =         38876819.842
 minimum grid value before cutoff =     -2.972

grid: phil
number of grid points within emin, emax limits =     3837
 maximum grid value before cutoff =         38876769.842
 minimum grid value before cutoff =    -21.476

grid: phob
number of grid points within emin, emax limits =     2796
 maximum grid value before cutoff =         38876834.842
 minimum grid value before cutoff =     -2.320

mod_phobic: phobthresh, philthresh =  -0.250  -3.000
 maximum number of atoms in a sitebox =           9
 boxes, patoms in boxes, empty boxes =       11191        5676        9081
Average phobic potential changed from  -0.803 to  -0.443 for 1130 grid points

number of phobic points =  2175   average phobic score =   0.58
number of philic points =  1662   average philic score =  -4.07

number of qualifying surf grid points =      573

number of qualifying phil grid points =      242

number of qualifying phob grid points =      155

number of qualifying accptr grid points =       82

number of qualifying donor grid points =      156

number of qualifying metal grid points =        0

visgrd volume surf                                                                            
visgrd author sitemap                                                                         
visgrd property name surf                                                                            
visgrd qualifying points   3495
visgrd default map values       1       1.00      2
visgrd number of dims    3
visgrd dimensions         24        22        26
visgrd axis scales      0.700     0.700     0.700

visgrd volume hydrophil                                                                       
visgrd author sitemap                                                                         
visgrd property name phil                                                                            
visgrd qualifying points    242
visgrd default map values       1      -8.00     10
visgrd number of dims    3
visgrd dimensions         24        22        26
visgrd axis scales      0.700     0.700     0.700

visgrd volume hydrophob                                                                       
visgrd author sitemap                                                                         
visgrd property name phob                                                                            
visgrd qualifying points    417
visgrd default map values       1      -0.50     13
visgrd number of dims    3
visgrd dimensions         24        22        26
visgrd axis scales      0.700     0.700     0.700

visgrd volume hbacceptor                                                                      
visgrd author sitemap                                                                         
visgrd property name accptr                                                                          
visgrd qualifying points     82
visgrd default map values       1      -8.00     16
visgrd number of dims    3
visgrd dimensions         24        22        26
visgrd axis scales      0.700     0.700     0.700

visgrd volume hbdonor                                                                         
visgrd author sitemap                                                                         
visgrd property name donor                                                                           
visgrd qualifying points    156
visgrd default map values       1      -8.00      5
visgrd number of dims    3
visgrd dimensions         24        22        26
visgrd axis scales      0.700     0.700     0.700

-- Evaluating site  1 --
Ligand/site-points file: 
Protein coordinates/parameters file: 
extend =   3
 Verbosity flags: F F F F F
all SiteMap grid files will be read
the protein charges will be modified to reduce formal charges and adjust donor/acceptor potentials
protein radii will be modified to allow closer approach to donor and acceptor heteroatoms
phobic areas emphasize enclosed regions and deemphasize exposed regions using alternative method
site-point set will be augmented by including significant nearby points
  threshold for adding phobic points:  -0.500
  threshold for adding philic points:  -8.000
base name for SiteMap grid files: 
 Reusing grid data
reusing site data
Number of protein atoms:    5676
 
phobic grid file reshaped
philic grid file reshaped
donor grid file reshaped
acceptor grid file reshaped
metal grid file reshaped
surf grid file reshaped
 maximum number of atoms in a sitebox =           9


Number of site points   28  first shell   31  higher shells   63   dirscore   0.828
1 vdw  -1.382   phob  -0.573   phil  -2.449   donor  -1.279   acceptor  -1.170   metal   0.000
2               phob  -0.311   phil  -2.122   donor  -1.023   acceptor  -1.098   metal   0.000

SiteScore size   Dscore  volume  exposure enclosure contact  phobic   philic   balance  don/acc
  0.942    49    0.942   176.30    0.657    0.828    1.067    2.157    0.654    3.298    1.093

-- Done with site  1 --

== End SiteMap calculation ==

Wrote 1 sites to "md1_crop134_sph_out.maegz".

Current time: Sun Jan 29 09:29:40 2023
Elapsed time: 0:00:04.32
SiteMap successfully completed.

