--------------------------------------------------------------------------------
JobId          : X299-0-63d62236
Name           : md1_crop287_coa
Program        : SiteMap
Version        : 2021-4 build 135
Host           : X299
Dir            : /mnt/3a29b482-dac1-4563-be89-d63ad92354e9/cers_modelling/md_sampling_cers_models/charmm_gui_systems/cers2_10pc_chol/sitemaps
HostEntry      : localhost
JobHost        : X299
JobDir         : /scratch/tamir/md1_crop287_coa
JobSchrodinger : /opt/schrodinger2021-4
Commandline    : /opt/schrodinger2021-4/sitemap md1_crop287_coa.in
StartTime      : 2023-01-29-09:37:26
--------------------------------------------------------------------------------

== Begin input keywords ==
ADDPHIL  -8.0
ADDPHOB  -0.5
ADDSP  True
COMPRESS  True
CUTOFF  20.0
D2THRESH  3.1
DTHRESH  6.5
DVSCALE  2.5
ENCLOSURE  0.5
EXTEND  3
FAKE  False
FFIELD  OPLS_2005
GRID  0.7
KEEPELEC  False
KEEPVDW  False
KEEPVOLPTS  True
KMAX  3
KMAX2  5
MAPDIST  4.0
MARGIN  6.0
MAXDIST  8.0
MAXSITES  1
MAXVDW  1.1
MINGROUP  3
MODCHARGES  True
MODPHOBIC  3
NEARRES  3.5
NTHRESH  3
PROT  md1_crop287.mae
R2THRESH  4.1
REPORTSIZE  10
ROUND  False
RTHRESH  5.0
VERBOSITY  0
WRITEGRIDS  False
WRITEPOT  False
WRITESTRUCTS  True
WRITEVIS  True
XCENT  57.44949817657471
XRANGE  10.0
YCENT  45.33950328826904
YRANGE  10.0
ZCENT  76.28399848937988
ZRANGE  10.0
== End input keywords ==

== Begin single-receptor SiteMap calculation ==

-- Begin site search --
 Parameters for this calculation:
 sitecut =  0.500000000000000     
 sitescmin =   1.10000000000000     
 afactor =   1.00000000000000     
 bfactor =   1.00000000000000     
 imaxsite =           8
 ithresh =           3
 mingroup =           3
 kmax =           3
 kmax2 =           5
 r2thresh =   4.10000000000000     
 dvscale =   2.50000000000000     
 dvscnorm =   2.50000000000000     
 dvscbig =   2.50000000000000     
 border =   2.00000000000000     
 dthresh =   6.50000000000000     
 rthresh =   5.00000000000000     
 maxgroup =         100
 r2thresh =   4.10000000000000     
 nthresh =           3
 ndir =         110
 use_vdw = T
 repname = none
 repsize =          10
 maxrep =           1
 sitelis = sites.lis
 profile = none
 sitelig = none
 siteasl = none
 use_sitelig =  F
 sitebox =  -999.000000000000     
 writepdb =  F
 number of protein atoms =        5674
Starting findsites:  Sunday, January 29 2023, at 09:37:29 IST
ptypes obtained:  Sunday, January 29 2023, at 09:37:30 IST
lj parameters obtained:  Sunday, January 29 2023, at 09:37:30 IST
Basic parameters obtained:  Sunday, January 29 2023, at 09:37:30 IST
Receptor parameterization completed:  Sunday, January 29 2023, at 09:37:30 IST
 scaled value of sitecut =   55.0000000000000     
 sphere directions set up         110
Sunday, January 29 2023, at 09:37:30 IST
 FINDSITE will use user-specified box
Centroid of box:  57.449  45.340  76.284
 boundaries   52.4494981765747        62.4494981765747     
   40.3395032882690        50.3395032882690        71.2839984893799     
   81.2839984893799     
 box          10          10          10
 maximum number of atoms in a sitebox =           7
Site points found:  Sunday, January 29 2023, at 09:37:30 IST
 boxes, patoms in boxes, empty boxes =         125         262          30
 total, outside sites =        1000         102
Site points pruned:  Sunday, January 29 2023, at 09:37:30 IST
final goodsites =        35
         4 sites will be removed
        31 good sites remain
Number of site groups found =     1

  Group  index  size  score     x       y       z     stdev
    1      1     31    1.52   56.29   47.93   74.03    1.95
Sites linked and merged:  Sunday, January 29 2023, at 09:37:30 IST
 Storing receptor data

Site-finding complete.
Number of sites to map/eval:  1

-- Mapping site  1 --
jobname: md1_crop287_coa_site_1
all SiteMap grid files will be generated
 philic map specified
 phobic map specified
 donor map specified
 acceptor map specified
 metal-ligation map specified
 surface-display map specified
grid margin:     6.00
grid spacing:     0.70
non-bonded cutoff:    20.00
ligand/sitepoints file: 
protein coordinates/parameters file: 
output map/grid files will be written to the current directory
vis files will be written
protein charges will be modified to reduce formal charges and adjust donor/acceptor potentials
protein radii will be modified to allow closer approach to donor and acceptor heteroatoms
phobic areas will be modified to emphasize enclosed regions and to deemphasize exposed regions using alternative method
all input instructions read
 Getting site data
ligand xcm,ycm,zcm,xrange,yrange,zrange 56.949 47.840 74.284  5.000  3.000  4.000

 Reusing receptor data from site-finding stage.

Sitemap: electrostatic+vdw interaction energy
Map field of *enzyme* in region of *inhibitor*

computing site maps ...
grid lim (orig)  48.449  65.449  40.340  55.340  66.284  82.284
grid lim (adj)   48.199  65.699  40.140  55.540  66.234  82.334
grid point counts   26   23   24
total grid points   14352

 5674 receptor atoms read
grid: adjdip
number of grid points within emin, emax limits =    11706
 maximum grid value before cutoff =               -0.101
 minimum grid value before cutoff =   -744.664

philic and phobic grids formed
grid: surf
number of grid points within emin, emax limits =     2365
 maximum grid value before cutoff =         45273592.474
 minimum grid value before cutoff =     -2.964

grid: phil
number of grid points within emin, emax limits =     1959
 maximum grid value before cutoff =         45273542.474
 minimum grid value before cutoff =    -23.975

grid: phob
number of grid points within emin, emax limits =      810
 maximum grid value before cutoff =         45273607.474
 minimum grid value before cutoff =     -2.071

mod_phobic: phobthresh, philthresh =  -0.250  -3.000
 maximum number of atoms in a sitebox =           8
 boxes, patoms in boxes, empty boxes =       10013        5674        7934
Average phobic potential changed from  -0.875 to  -0.573 for  269 grid points

number of phobic points =   384   average phobic score =   0.85
number of philic points =  1575   average philic score =  -6.12

number of qualifying surf grid points =      343

number of qualifying phil grid points =      471

number of qualifying phob grid points =       78

number of qualifying accptr grid points =      167

number of qualifying donor grid points =      294

number of qualifying metal grid points =        0

visgrd volume surf                                                                            
visgrd author sitemap                                                                         
visgrd property name surf                                                                            
visgrd qualifying points   1447
visgrd default map values       1       1.00      2
visgrd number of dims    3
visgrd dimensions         26        23        24
visgrd axis scales      0.700     0.700     0.700

visgrd volume hydrophil                                                                       
visgrd author sitemap                                                                         
visgrd property name phil                                                                            
visgrd qualifying points    471
visgrd default map values       1      -8.00     10
visgrd number of dims    3
visgrd dimensions         26        23        24
visgrd axis scales      0.700     0.700     0.700

visgrd volume hydrophob                                                                       
visgrd author sitemap                                                                         
visgrd property name phob                                                                            
visgrd qualifying points    122
visgrd default map values       1      -0.50     13
visgrd number of dims    3
visgrd dimensions         26        23        24
visgrd axis scales      0.700     0.700     0.700

visgrd volume hbacceptor                                                                      
visgrd author sitemap                                                                         
visgrd property name accptr                                                                          
visgrd qualifying points    167
visgrd default map values       1      -8.00     16
visgrd number of dims    3
visgrd dimensions         26        23        24
visgrd axis scales      0.700     0.700     0.700

visgrd volume hbdonor                                                                         
visgrd author sitemap                                                                         
visgrd property name donor                                                                           
visgrd qualifying points    294
visgrd default map values       1      -8.00      5
visgrd number of dims    3
visgrd dimensions         26        23        24
visgrd axis scales      0.700     0.700     0.700

-- Evaluating site  1 --
Ligand/site-points file: 
Protein coordinates/parameters file: 
extend =   3
 Verbosity flags: F F F F F
all SiteMap grid files will be read
the protein charges will be modified to reduce formal charges and adjust donor/acceptor potentials
protein radii will be modified to allow closer approach to donor and acceptor heteroatoms
phobic areas emphasize enclosed regions and deemphasize exposed regions using alternative method
site-point set will be augmented by including significant nearby points
  threshold for adding phobic points:  -0.500
  threshold for adding philic points:  -8.000
base name for SiteMap grid files: 
 Reusing grid data
reusing site data
Number of protein atoms:    5674
 
phobic grid file reshaped
philic grid file reshaped
donor grid file reshaped
acceptor grid file reshaped
metal grid file reshaped
surf grid file reshaped
 maximum number of atoms in a sitebox =           8


Number of site points   31  first shell   38  higher shells   42   dirscore   0.907
1 vdw  -1.556   phob  -0.352   phil  -4.985   donor  -2.509   acceptor  -2.476   metal   0.000
2               phob  -0.140   phil  -4.713   donor  -1.940   acceptor  -2.773   metal   0.000

SiteScore size   Dscore  volume  exposure enclosure contact  phobic   philic   balance  don/acc
  0.989    63    0.856   166.70    0.559    0.907    1.200    0.971    1.331    0.730    1.014

-- Done with site  1 --

== End SiteMap calculation ==

Wrote 1 sites to "md1_crop287_coa_out.maegz".

Current time: Sun Jan 29 09:37:31 2023
Elapsed time: 0:00:03.97
SiteMap successfully completed.

