--------------------------------------------------------------------------------
JobId          : X299-0-63d6203a
Name           : md1_crop122_sph
Program        : SiteMap
Version        : 2021-4 build 135
Host           : X299
Dir            : /mnt/3a29b482-dac1-4563-be89-d63ad92354e9/cers_modelling/md_sampling_cers_models/charmm_gui_systems/cers2_10pc_chol/sitemaps
HostEntry      : localhost
JobHost        : X299
JobDir         : /scratch/tamir/md1_crop122_sph
JobSchrodinger : /opt/schrodinger2021-4
Commandline    : /opt/schrodinger2021-4/sitemap md1_crop122_sph.in
StartTime      : 2023-01-29-09:28:58
--------------------------------------------------------------------------------

== Begin input keywords ==
ADDPHIL  -8.0
ADDPHOB  -0.5
ADDSP  True
COMPRESS  True
CUTOFF  20.0
D2THRESH  3.1
DTHRESH  6.5
DVSCALE  2.5
ENCLOSURE  0.5
EXTEND  3
FAKE  False
FFIELD  OPLS_2005
GRID  0.7
KEEPELEC  False
KEEPVDW  False
KEEPVOLPTS  True
KMAX  3
KMAX2  5
MAPDIST  4.0
MARGIN  6.0
MAXDIST  8.0
MAXSITES  1
MAXVDW  1.1
MINGROUP  3
MODCHARGES  True
MODPHOBIC  3
NEARRES  3.5
NTHRESH  3
PROT  md1_crop122.mae
R2THRESH  4.1
REPORTSIZE  10
ROUND  False
RTHRESH  5.0
VERBOSITY  0
WRITEGRIDS  False
WRITEPOT  False
WRITESTRUCTS  True
WRITEVIS  True
XCENT  41.605000495910645
XRANGE  10.0
YCENT  45.74999809265137
YRANGE  10.0
ZCENT  64.69399929046631
ZRANGE  10.0
== End input keywords ==

== Begin single-receptor SiteMap calculation ==

-- Begin site search --
 Parameters for this calculation:
 sitecut =  0.500000000000000     
 sitescmin =   1.10000000000000     
 afactor =   1.00000000000000     
 bfactor =   1.00000000000000     
 imaxsite =           8
 ithresh =           3
 mingroup =           3
 kmax =           3
 kmax2 =           5
 r2thresh =   4.10000000000000     
 dvscale =   2.50000000000000     
 dvscnorm =   2.50000000000000     
 dvscbig =   2.50000000000000     
 border =   2.00000000000000     
 dthresh =   6.50000000000000     
 rthresh =   5.00000000000000     
 maxgroup =         100
 r2thresh =   4.10000000000000     
 nthresh =           3
 ndir =         110
 use_vdw = T
 repname = none
 repsize =          10
 maxrep =           1
 sitelis = sites.lis
 profile = none
 sitelig = none
 siteasl = none
 use_sitelig =  F
 sitebox =  -999.000000000000     
 writepdb =  F
 number of protein atoms =        5675
Starting findsites:  Sunday, January 29 2023, at 09:29:01 IST
ptypes obtained:  Sunday, January 29 2023, at 09:29:01 IST
lj parameters obtained:  Sunday, January 29 2023, at 09:29:01 IST
Basic parameters obtained:  Sunday, January 29 2023, at 09:29:01 IST
Receptor parameterization completed:  Sunday, January 29 2023, at 09:29:01 IST
 scaled value of sitecut =   55.0000000000000     
 sphere directions set up         110
Sunday, January 29 2023, at 09:29:01 IST
 FINDSITE will use user-specified box
Centroid of box:  41.605  45.750  64.694
 boundaries   36.6050004959106        46.6050004959106     
   40.7499980926514        50.7499980926514        59.6939992904663     
   69.6939992904663     
 box          10          10          10
 maximum number of atoms in a sitebox =           6
Site points found:  Sunday, January 29 2023, at 09:29:01 IST
 boxes, patoms in boxes, empty boxes =         125         201          50
 total, outside sites =        1000         245
Site points pruned:  Sunday, January 29 2023, at 09:29:01 IST
final goodsites =        21
         1 sites will be removed
        20 good sites remain
Number of site groups found =     1

  Group  index  size  score     x       y       z     stdev
    1      1     20    1.33   42.35   45.21   63.15    1.86
Sites linked and merged:  Sunday, January 29 2023, at 09:29:01 IST
 Storing receptor data

Site-finding complete.
Number of sites to map/eval:  1

-- Mapping site  1 --
jobname: md1_crop122_sph_site_1
all SiteMap grid files will be generated
 philic map specified
 phobic map specified
 donor map specified
 acceptor map specified
 metal-ligation map specified
 surface-display map specified
grid margin:     6.00
grid spacing:     0.70
non-bonded cutoff:    20.00
ligand/sitepoints file: 
protein coordinates/parameters file: 
output map/grid files will be written to the current directory
vis files will be written
protein charges will be modified to reduce formal charges and adjust donor/acceptor potentials
protein radii will be modified to allow closer approach to donor and acceptor heteroatoms
phobic areas will be modified to emphasize enclosed regions and to deemphasize exposed regions using alternative method
all input instructions read
 Getting site data
ligand xcm,ycm,zcm,xrange,yrange,zrange 42.605 45.250 63.694  4.000  1.000  4.000

 Reusing receptor data from site-finding stage.

Sitemap: electrostatic+vdw interaction energy
Map field of *enzyme* in region of *inhibitor*

computing site maps ...
grid lim (orig)  34.605  50.605  38.750  51.750  55.694  71.694
grid lim (adj)   34.555  50.655  38.600  51.900  55.644  71.744
grid point counts   24   20   24
total grid points   11520

 5675 receptor atoms read
grid: adjdip
number of grid points within emin, emax limits =    10417
 maximum grid value before cutoff =               -0.050
 minimum grid value before cutoff =   -522.794

philic and phobic grids formed
grid: surf
number of grid points within emin, emax limits =     2317
 maximum grid value before cutoff =         43045759.609
 minimum grid value before cutoff =     -2.698

grid: phil
number of grid points within emin, emax limits =     3490
 maximum grid value before cutoff =         43045709.609
 minimum grid value before cutoff =    -24.710

grid: phob
number of grid points within emin, emax limits =     2605
 maximum grid value before cutoff =         43045774.609
 minimum grid value before cutoff =     -2.129

mod_phobic: phobthresh, philthresh =  -0.250  -3.000
 maximum number of atoms in a sitebox =           9
 boxes, patoms in boxes, empty boxes =       11571        5675        9454
Average phobic potential changed from  -0.778 to  -0.424 for  991 grid points

number of phobic points =  1999   average phobic score =   0.55
number of philic points =  1491   average philic score =  -4.17

number of qualifying surf grid points =      417

number of qualifying phil grid points =      218

number of qualifying phob grid points =      125

number of qualifying accptr grid points =       80

number of qualifying donor grid points =      133

number of qualifying metal grid points =        0

visgrd volume surf                                                                            
visgrd author sitemap                                                                         
visgrd property name surf                                                                            
visgrd qualifying points   3195
visgrd default map values       1       1.00      2
visgrd number of dims    3
visgrd dimensions         24        20        24
visgrd axis scales      0.700     0.700     0.700

visgrd volume hydrophil                                                                       
visgrd author sitemap                                                                         
visgrd property name phil                                                                            
visgrd qualifying points    218
visgrd default map values       1      -8.00     10
visgrd number of dims    3
visgrd dimensions         24        20        24
visgrd axis scales      0.700     0.700     0.700

visgrd volume hydrophob                                                                       
visgrd author sitemap                                                                         
visgrd property name phob                                                                            
visgrd qualifying points    345
visgrd default map values       1      -0.50     13
visgrd number of dims    3
visgrd dimensions         24        20        24
visgrd axis scales      0.700     0.700     0.700

visgrd volume hbacceptor                                                                      
visgrd author sitemap                                                                         
visgrd property name accptr                                                                          
visgrd qualifying points     80
visgrd default map values       1      -8.00     16
visgrd number of dims    3
visgrd dimensions         24        20        24
visgrd axis scales      0.700     0.700     0.700

visgrd volume hbdonor                                                                         
visgrd author sitemap                                                                         
visgrd property name donor                                                                           
visgrd qualifying points    133
visgrd default map values       1      -8.00      5
visgrd number of dims    3
visgrd dimensions         24        20        24
visgrd axis scales      0.700     0.700     0.700

-- Evaluating site  1 --
Ligand/site-points file: 
Protein coordinates/parameters file: 
extend =   3
 Verbosity flags: F F F F F
all SiteMap grid files will be read
the protein charges will be modified to reduce formal charges and adjust donor/acceptor potentials
protein radii will be modified to allow closer approach to donor and acceptor heteroatoms
phobic areas emphasize enclosed regions and deemphasize exposed regions using alternative method
site-point set will be augmented by including significant nearby points
  threshold for adding phobic points:  -0.500
  threshold for adding philic points:  -8.000
base name for SiteMap grid files: 
 Reusing grid data
reusing site data
Number of protein atoms:    5675
 
phobic grid file reshaped
philic grid file reshaped
donor grid file reshaped
acceptor grid file reshaped
metal grid file reshaped
surf grid file reshaped
 maximum number of atoms in a sitebox =           9


Number of site points   20  first shell   20  higher shells   63   dirscore   0.830
1 vdw  -1.353   phob  -0.545   phil  -2.612   donor  -1.380   acceptor  -1.232   metal   0.000
2               phob  -0.278   phil  -2.349   donor  -1.119   acceptor  -1.230   metal   0.000

SiteScore size   Dscore  volume  exposure enclosure contact  phobic   philic   balance  don/acc
  0.855    35    0.827   148.52    0.703    0.830    1.044    1.929    0.697    2.765    1.120

-- Done with site  1 --

== End SiteMap calculation ==

Wrote 1 sites to "md1_crop122_sph_out.maegz".

Current time: Sun Jan 29 09:29:03 2023
Elapsed time: 0:00:04.14
SiteMap successfully completed.

