--------------------------------------------------------------------------------
JobId          : X299-0-63d62465
Name           : md1_crop467_coa
Program        : SiteMap
Version        : 2021-4 build 135
Host           : X299
Dir            : /mnt/3a29b482-dac1-4563-be89-d63ad92354e9/cers_modelling/md_sampling_cers_models/charmm_gui_systems/cers2_10pc_chol/sitemaps
HostEntry      : localhost
JobHost        : X299
JobDir         : /scratch/tamir/md1_crop467_coa
JobSchrodinger : /opt/schrodinger2021-4
Commandline    : /opt/schrodinger2021-4/sitemap md1_crop467_coa.in
StartTime      : 2023-01-29-09:46:45
--------------------------------------------------------------------------------

== Begin input keywords ==
ADDPHIL  -8.0
ADDPHOB  -0.5
ADDSP  True
COMPRESS  True
CUTOFF  20.0
D2THRESH  3.1
DTHRESH  6.5
DVSCALE  2.5
ENCLOSURE  0.5
EXTEND  3
FAKE  False
FFIELD  OPLS_2005
GRID  0.7
KEEPELEC  False
KEEPVDW  False
KEEPVOLPTS  True
KMAX  3
KMAX2  5
MAPDIST  4.0
MARGIN  6.0
MAXDIST  8.0
MAXSITES  1
MAXVDW  1.1
MINGROUP  3
MODCHARGES  True
MODPHOBIC  3
NEARRES  3.5
NTHRESH  3
PROT  md1_crop467.mae
R2THRESH  4.1
REPORTSIZE  10
ROUND  False
RTHRESH  5.0
VERBOSITY  0
WRITEGRIDS  False
WRITEPOT  False
WRITESTRUCTS  True
WRITEVIS  True
XCENT  57.90900230407715
XRANGE  10.0
YCENT  45.51400184631348
YRANGE  10.0
ZCENT  70.51300048828125
ZRANGE  10.0
== End input keywords ==

== Begin single-receptor SiteMap calculation ==

-- Begin site search --
 Parameters for this calculation:
 sitecut =  0.500000000000000     
 sitescmin =   1.10000000000000     
 afactor =   1.00000000000000     
 bfactor =   1.00000000000000     
 imaxsite =           8
 ithresh =           3
 mingroup =           3
 kmax =           3
 kmax2 =           5
 r2thresh =   4.10000000000000     
 dvscale =   2.50000000000000     
 dvscnorm =   2.50000000000000     
 dvscbig =   2.50000000000000     
 border =   2.00000000000000     
 dthresh =   6.50000000000000     
 rthresh =   5.00000000000000     
 maxgroup =         100
 r2thresh =   4.10000000000000     
 nthresh =           3
 ndir =         110
 use_vdw = T
 repname = none
 repsize =          10
 maxrep =           1
 sitelis = sites.lis
 profile = none
 sitelig = none
 siteasl = none
 use_sitelig =  F
 sitebox =  -999.000000000000     
 writepdb =  F
 number of protein atoms =        5674
Starting findsites:  Sunday, January 29 2023, at 09:46:48 IST
ptypes obtained:  Sunday, January 29 2023, at 09:46:48 IST
lj parameters obtained:  Sunday, January 29 2023, at 09:46:48 IST
Basic parameters obtained:  Sunday, January 29 2023, at 09:46:48 IST
Receptor parameterization completed:  Sunday, January 29 2023, at 09:46:48 IST
 scaled value of sitecut =   55.0000000000000     
 sphere directions set up         110
Sunday, January 29 2023, at 09:46:48 IST
 FINDSITE will use user-specified box
Centroid of box:  57.909  45.514  70.513
 boundaries   52.9090023040771        62.9090023040771     
   40.5140018463135        50.5140018463135        65.5130004882812     
   75.5130004882812     
 box          10          10          10
 maximum number of atoms in a sitebox =           7
Site points found:  Sunday, January 29 2023, at 09:46:48 IST
 boxes, patoms in boxes, empty boxes =         125         258          27
 total, outside sites =        1000          81
Site points pruned:  Sunday, January 29 2023, at 09:46:48 IST
final goodsites =        14
         6 sites will be removed
         8 good sites remain
Number of site groups found =     1

  Group  index  size  score     x       y       z     stdev
    1      1      8    1.69   55.28   47.89   67.77    1.19
Sites linked and merged:  Sunday, January 29 2023, at 09:46:48 IST
 Storing receptor data

Site-finding complete.
Number of sites to map/eval:  1

-- Mapping site  1 --
jobname: md1_crop467_coa_site_1
all SiteMap grid files will be generated
 philic map specified
 phobic map specified
 donor map specified
 acceptor map specified
 metal-ligation map specified
 surface-display map specified
grid margin:     6.00
grid spacing:     0.70
non-bonded cutoff:    20.00
ligand/sitepoints file: 
protein coordinates/parameters file: 
output map/grid files will be written to the current directory
vis files will be written
protein charges will be modified to reduce formal charges and adjust donor/acceptor potentials
protein radii will be modified to allow closer approach to donor and acceptor heteroatoms
phobic areas will be modified to emphasize enclosed regions and to deemphasize exposed regions using alternative method
all input instructions read
 Getting site data
ligand xcm,ycm,zcm,xrange,yrange,zrange 55.409 48.014 68.013  1.000  1.000  3.000

 Reusing receptor data from site-finding stage.

Sitemap: electrostatic+vdw interaction energy
Map field of *enzyme* in region of *inhibitor*

computing site maps ...
grid lim (orig)  48.909  61.909  41.514  54.514  60.513  75.513
grid lim (adj)   48.759  62.059  41.364  54.664  60.313  75.713
grid point counts   20   20   23
total grid points    9200

 5674 receptor atoms read
grid: adjdip
number of grid points within emin, emax limits =     7314
 maximum grid value before cutoff =               -0.304
 minimum grid value before cutoff =   -770.078

philic and phobic grids formed
grid: surf
number of grid points within emin, emax limits =     1621
 maximum grid value before cutoff =         36638645.152
 minimum grid value before cutoff =     -2.938

grid: phil
number of grid points within emin, emax limits =     1168
 maximum grid value before cutoff =         36638595.152
 minimum grid value before cutoff =    -24.196

grid: phob
number of grid points within emin, emax limits =      343
 maximum grid value before cutoff =         36638660.152
 minimum grid value before cutoff =     -1.925

mod_phobic: phobthresh, philthresh =  -0.250  -3.000
 maximum number of atoms in a sitebox =           8
 boxes, patoms in boxes, empty boxes =       11913        5674        9845
Average phobic potential changed from  -0.830 to  -0.544 for   69 grid points

number of phobic points =   150   average phobic score =   0.86
number of philic points =  1018   average philic score =  -7.37

number of qualifying surf grid points =      232

number of qualifying phil grid points =      419

number of qualifying phob grid points =       20

number of qualifying accptr grid points =      190

number of qualifying donor grid points =      223

number of qualifying metal grid points =        0

visgrd volume surf                                                                            
visgrd author sitemap                                                                         
visgrd property name surf                                                                            
visgrd qualifying points    778
visgrd default map values       1       1.00      2
visgrd number of dims    3
visgrd dimensions         20        20        23
visgrd axis scales      0.700     0.700     0.700

visgrd volume hydrophil                                                                       
visgrd author sitemap                                                                         
visgrd property name phil                                                                            
visgrd qualifying points    419
visgrd default map values       1      -8.00     10
visgrd number of dims    3
visgrd dimensions         20        20        23
visgrd axis scales      0.700     0.700     0.700

visgrd volume hydrophob                                                                       
visgrd author sitemap                                                                         
visgrd property name phob                                                                            
visgrd qualifying points     29
visgrd default map values       1      -0.50     13
visgrd number of dims    3
visgrd dimensions         20        20        23
visgrd axis scales      0.700     0.700     0.700

visgrd volume hbacceptor                                                                      
visgrd author sitemap                                                                         
visgrd property name accptr                                                                          
visgrd qualifying points    190
visgrd default map values       1      -8.00     16
visgrd number of dims    3
visgrd dimensions         20        20        23
visgrd axis scales      0.700     0.700     0.700

visgrd volume hbdonor                                                                         
visgrd author sitemap                                                                         
visgrd property name donor                                                                           
visgrd qualifying points    223
visgrd default map values       1      -8.00      5
visgrd number of dims    3
visgrd dimensions         20        20        23
visgrd axis scales      0.700     0.700     0.700

-- Evaluating site  1 --
Ligand/site-points file: 
Protein coordinates/parameters file: 
extend =   3
 Verbosity flags: F F F F F
all SiteMap grid files will be read
the protein charges will be modified to reduce formal charges and adjust donor/acceptor potentials
protein radii will be modified to allow closer approach to donor and acceptor heteroatoms
phobic areas emphasize enclosed regions and deemphasize exposed regions using alternative method
site-point set will be augmented by including significant nearby points
  threshold for adding phobic points:  -0.500
  threshold for adding philic points:  -8.000
base name for SiteMap grid files: 
 Reusing grid data
reusing site data
Number of protein atoms:    5674
 
phobic grid file reshaped
philic grid file reshaped
donor grid file reshaped
acceptor grid file reshaped
metal grid file reshaped
surf grid file reshaped
 maximum number of atoms in a sitebox =           8


Number of site points    8  first shell   29  higher shells   30   dirscore   0.945
1 vdw  -1.597   phob  -0.233   phil  -6.264   donor  -1.863   acceptor  -4.401   metal   0.000
2               phob  -0.053   phil  -5.710   donor  -3.291   acceptor  -2.418   metal   0.000

SiteScore size   Dscore  volume  exposure enclosure contact  phobic   philic   balance  don/acc
  0.806    26    0.501    97.41    0.694    0.945    1.232    0.368    1.673    0.220    0.423

-- Done with site  1 --

== End SiteMap calculation ==

Wrote 1 sites to "md1_crop467_coa_out.maegz".

Current time: Sun Jan 29 09:46:49 2023
Elapsed time: 0:00:03.46
SiteMap successfully completed.

