--------------------------------------------------------------------------------
JobId          : X299-1-63d623da
Name           : md1_crop421_sph
Program        : SiteMap
Version        : 2021-4 build 135
Host           : X299
Dir            : /mnt/3a29b482-dac1-4563-be89-d63ad92354e9/cers_modelling/md_sampling_cers_models/charmm_gui_systems/cers2_10pc_chol/sitemaps
HostEntry      : localhost
JobHost        : X299
JobDir         : /scratch/tamir/md1_crop421_sph
JobSchrodinger : /opt/schrodinger2021-4
Commandline    : /opt/schrodinger2021-4/sitemap md1_crop421_sph.in
StartTime      : 2023-01-29-09:44:27
--------------------------------------------------------------------------------

== Begin input keywords ==
ADDPHIL  -8.0
ADDPHOB  -0.5
ADDSP  True
COMPRESS  True
CUTOFF  20.0
D2THRESH  3.1
DTHRESH  6.5
DVSCALE  2.5
ENCLOSURE  0.5
EXTEND  3
FAKE  False
FFIELD  OPLS_2005
GRID  0.7
KEEPELEC  False
KEEPVDW  False
KEEPVOLPTS  True
KMAX  3
KMAX2  5
MAPDIST  4.0
MARGIN  6.0
MAXDIST  8.0
MAXSITES  1
MAXVDW  1.1
MINGROUP  3
MODCHARGES  True
MODPHOBIC  3
NEARRES  3.5
NTHRESH  3
PROT  md1_crop421.mae
R2THRESH  4.1
REPORTSIZE  10
ROUND  False
RTHRESH  5.0
VERBOSITY  0
WRITEGRIDS  False
WRITEPOT  False
WRITESTRUCTS  True
WRITEVIS  True
XCENT  43.71800422668457
XRANGE  10.0
YCENT  41.65299892425537
YRANGE  10.0
ZCENT  65.30799865722656
ZRANGE  10.0
== End input keywords ==

== Begin single-receptor SiteMap calculation ==

-- Begin site search --
 Parameters for this calculation:
 sitecut =  0.500000000000000     
 sitescmin =   1.10000000000000     
 afactor =   1.00000000000000     
 bfactor =   1.00000000000000     
 imaxsite =           8
 ithresh =           3
 mingroup =           3
 kmax =           3
 kmax2 =           5
 r2thresh =   4.10000000000000     
 dvscale =   2.50000000000000     
 dvscnorm =   2.50000000000000     
 dvscbig =   2.50000000000000     
 border =   2.00000000000000     
 dthresh =   6.50000000000000     
 rthresh =   5.00000000000000     
 maxgroup =         100
 r2thresh =   4.10000000000000     
 nthresh =           3
 ndir =         110
 use_vdw = T
 repname = none
 repsize =          10
 maxrep =           1
 sitelis = sites.lis
 profile = none
 sitelig = none
 siteasl = none
 use_sitelig =  F
 sitebox =  -999.000000000000     
 writepdb =  F
 number of protein atoms =        5675
Starting findsites:  Sunday, January 29 2023, at 09:44:30 IST
ptypes obtained:  Sunday, January 29 2023, at 09:44:30 IST
lj parameters obtained:  Sunday, January 29 2023, at 09:44:30 IST
Basic parameters obtained:  Sunday, January 29 2023, at 09:44:30 IST
Receptor parameterization completed:  Sunday, January 29 2023, at 09:44:30 IST
 scaled value of sitecut =   55.0000000000000     
 sphere directions set up         110
Sunday, January 29 2023, at 09:44:30 IST
 FINDSITE will use user-specified box
Centroid of box:  43.718  41.653  65.308
 boundaries   38.7180042266846        48.7180042266846     
   36.6529989242554        46.6529989242554        60.3079986572266     
   70.3079986572266     
 box          10          10          10
 maximum number of atoms in a sitebox =           6
Site points found:  Sunday, January 29 2023, at 09:44:30 IST
 boxes, patoms in boxes, empty boxes =         125         189          50
 total, outside sites =        1000         353
Site points pruned:  Sunday, January 29 2023, at 09:44:30 IST
final goodsites =         6
Number of site groups found =     1

  Group  index  size  score     x       y       z     stdev
    1      1      6    1.25   46.03   43.18   63.98    0.83
Sites linked and merged:  Sunday, January 29 2023, at 09:44:30 IST
 Storing receptor data

Site-finding complete.
Number of sites to map/eval:  1

-- Mapping site  1 --
jobname: md1_crop421_sph_site_1
all SiteMap grid files will be generated
 philic map specified
 phobic map specified
 donor map specified
 acceptor map specified
 metal-ligation map specified
 surface-display map specified
grid margin:     6.00
grid spacing:     0.70
non-bonded cutoff:    20.00
ligand/sitepoints file: 
protein coordinates/parameters file: 
output map/grid files will be written to the current directory
vis files will be written
protein charges will be modified to reduce formal charges and adjust donor/acceptor potentials
protein radii will be modified to allow closer approach to donor and acceptor heteroatoms
phobic areas will be modified to emphasize enclosed regions and to deemphasize exposed regions using alternative method
all input instructions read
 Getting site data
ligand xcm,ycm,zcm,xrange,yrange,zrange 46.218 43.153 63.808  1.000  1.000  1.000

 Reusing receptor data from site-finding stage.

Sitemap: electrostatic+vdw interaction energy
Map field of *enzyme* in region of *inhibitor*

computing site maps ...
grid lim (orig)  39.718  52.718  36.653  49.653  57.308  70.308
grid lim (adj)   39.568  52.868  36.503  49.803  57.158  70.458
grid point counts   20   20   20
total grid points    8000

 5675 receptor atoms read
grid: adjdip
number of grid points within emin, emax limits =     7187
 maximum grid value before cutoff =               -0.046
 minimum grid value before cutoff =   -526.759

philic and phobic grids formed
grid: surf
number of grid points within emin, emax limits =     1634
 maximum grid value before cutoff =         41065558.689
 minimum grid value before cutoff =     -2.567

grid: phil
number of grid points within emin, emax limits =     2109
 maximum grid value before cutoff =         41065508.689
 minimum grid value before cutoff =    -19.073

grid: phob
number of grid points within emin, emax limits =     1371
 maximum grid value before cutoff =         41065573.689
 minimum grid value before cutoff =     -1.960

mod_phobic: phobthresh, philthresh =  -0.250  -3.000
 maximum number of atoms in a sitebox =           8
 boxes, patoms in boxes, empty boxes =       11571        5675        9484
Average phobic potential changed from  -0.774 to  -0.439 for  673 grid points

number of phobic points =  1003   average phobic score =   0.71
number of philic points =  1106   average philic score =  -4.92

number of qualifying surf grid points =      321

number of qualifying phil grid points =      216

number of qualifying phob grid points =       74

number of qualifying accptr grid points =       73

number of qualifying donor grid points =      142

number of qualifying metal grid points =        0

visgrd volume surf                                                                            
visgrd author sitemap                                                                         
visgrd property name surf                                                                            
visgrd qualifying points   1855
visgrd default map values       1       1.00      2
visgrd number of dims    3
visgrd dimensions         20        20        20
visgrd axis scales      0.700     0.700     0.700

visgrd volume hydrophil                                                                       
visgrd author sitemap                                                                         
visgrd property name phil                                                                            
visgrd qualifying points    216
visgrd default map values       1      -8.00     10
visgrd number of dims    3
visgrd dimensions         20        20        20
visgrd axis scales      0.700     0.700     0.700

visgrd volume hydrophob                                                                       
visgrd author sitemap                                                                         
visgrd property name phob                                                                            
visgrd qualifying points    194
visgrd default map values       1      -0.50     13
visgrd number of dims    3
visgrd dimensions         20        20        20
visgrd axis scales      0.700     0.700     0.700

visgrd volume hbacceptor                                                                      
visgrd author sitemap                                                                         
visgrd property name accptr                                                                          
visgrd qualifying points     73
visgrd default map values       1      -8.00     16
visgrd number of dims    3
visgrd dimensions         20        20        20
visgrd axis scales      0.700     0.700     0.700

visgrd volume hbdonor                                                                         
visgrd author sitemap                                                                         
visgrd property name donor                                                                           
visgrd qualifying points    142
visgrd default map values       1      -8.00      5
visgrd number of dims    3
visgrd dimensions         20        20        20
visgrd axis scales      0.700     0.700     0.700

-- Evaluating site  1 --
Ligand/site-points file: 
Protein coordinates/parameters file: 
extend =   3
 Verbosity flags: F F F F F
all SiteMap grid files will be read
the protein charges will be modified to reduce formal charges and adjust donor/acceptor potentials
protein radii will be modified to allow closer approach to donor and acceptor heteroatoms
phobic areas emphasize enclosed regions and deemphasize exposed regions using alternative method
site-point set will be augmented by including significant nearby points
  threshold for adding phobic points:  -0.500
  threshold for adding philic points:  -8.000
base name for SiteMap grid files: 
 Reusing grid data
reusing site data
Number of protein atoms:    5675
 
phobic grid file reshaped
philic grid file reshaped
donor grid file reshaped
acceptor grid file reshaped
metal grid file reshaped
surf grid file reshaped
 maximum number of atoms in a sitebox =           8


Number of site points    6  first shell    8  higher shells   34   dirscore   0.817
1 vdw  -1.389   phob  -0.643   phil  -1.722   donor  -1.631   acceptor  -0.090   metal   0.000
2               phob  -0.318   phil  -1.448   donor  -0.111   acceptor  -1.337   metal   0.000

SiteScore size   Dscore  volume  exposure enclosure contact  phobic   philic   balance  don/acc
  0.760    17    0.728   130.00    0.712    0.817    1.072    2.205    0.460    4.796   18.052

-- Done with site  1 --

== End SiteMap calculation ==

Wrote 1 sites to "md1_crop421_sph_out.maegz".

Current time: Sun Jan 29 09:44:31 2023
Elapsed time: 0:00:03.80
SiteMap successfully completed.

