--------------------------------------------------------------------------------
JobId          : X299-0-63d65eb7
Name           : md1_crop413_acyl
Program        : SiteMap
Version        : 2021-4 build 135
Host           : X299
Dir            : /mnt/3a29b482-dac1-4563-be89-d63ad92354e9/cers_modelling/md_sampling_cers_models/charmm_gui_systems/cers2_10pc_chol/sitemaps
HostEntry      : localhost
JobHost        : X299
JobDir         : /scratch/tamir/md1_crop413_acyl
JobSchrodinger : /opt/schrodinger2021-4
Commandline    : /opt/schrodinger2021-4/sitemap md1_crop413_acyl.in
StartTime      : 2023-01-29-13:55:35
--------------------------------------------------------------------------------

== Begin input keywords ==
ADDPHIL  -8.0
ADDPHOB  -0.5
ADDSP  True
COMPRESS  True
CUTOFF  20.0
D2THRESH  3.1
DTHRESH  6.5
DVSCALE  2.5
ENCLOSURE  0.5
EXTEND  3
FAKE  False
FFIELD  OPLS_2005
GRID  0.7
KEEPELEC  False
KEEPVDW  False
KEEPVOLPTS  True
KMAX  3
KMAX2  5
MAPDIST  4.0
MARGIN  6.0
MAXDIST  8.0
MAXSITES  1
MAXVDW  1.1
MINGROUP  3
MODCHARGES  True
MODPHOBIC  3
NEARRES  3.5
NTHRESH  3
PROT  md1_crop413.mae
R2THRESH  4.1
REPORTSIZE  10
ROUND  False
RTHRESH  5.0
VERBOSITY  0
WRITEGRIDS  False
WRITEPOT  False
WRITESTRUCTS  True
WRITEVIS  True
XCENT  62.30733394622803
XRANGE  10.0
YCENT  52.69566059112549
YRANGE  10.0
ZCENT  53.6133337020874
ZRANGE  10.0
== End input keywords ==

== Begin single-receptor SiteMap calculation ==

-- Begin site search --
 Parameters for this calculation:
 sitecut =  0.500000000000000     
 sitescmin =   1.10000000000000     
 afactor =   1.00000000000000     
 bfactor =   1.00000000000000     
 imaxsite =           8
 ithresh =           3
 mingroup =           3
 kmax =           3
 kmax2 =           5
 r2thresh =   4.10000000000000     
 dvscale =   2.50000000000000     
 dvscnorm =   2.50000000000000     
 dvscbig =   2.50000000000000     
 border =   2.00000000000000     
 dthresh =   6.50000000000000     
 rthresh =   5.00000000000000     
 maxgroup =         100
 r2thresh =   4.10000000000000     
 nthresh =           3
 ndir =         110
 use_vdw = T
 repname = none
 repsize =          10
 maxrep =           1
 sitelis = sites.lis
 profile = none
 sitelig = none
 siteasl = none
 use_sitelig =  F
 sitebox =  -999.000000000000     
 writepdb =  F
 number of protein atoms =        5675
Starting findsites:  Sunday, January 29 2023, at 13:55:38 IST
ptypes obtained:  Sunday, January 29 2023, at 13:55:38 IST
lj parameters obtained:  Sunday, January 29 2023, at 13:55:38 IST
Basic parameters obtained:  Sunday, January 29 2023, at 13:55:38 IST
Receptor parameterization completed:  Sunday, January 29 2023, at 13:55:38 IST
 scaled value of sitecut =   55.0000000000000     
 sphere directions set up         110
Sunday, January 29 2023, at 13:55:38 IST
 FINDSITE will use user-specified box
Centroid of box:  62.307  52.696  53.613
 boundaries   57.3073339462280        67.3073339462280     
   47.6956605911255        57.6956605911255        48.6133337020874     
   58.6133337020874     
 box          10          10          10
 maximum number of atoms in a sitebox =           7
Site points found:  Sunday, January 29 2023, at 13:55:38 IST
 boxes, patoms in boxes, empty boxes =         125         311          15
 total, outside sites =        1000          13
Site points pruned:  Sunday, January 29 2023, at 13:55:38 IST
final goodsites =         8
         6 sites will be removed
         2 good sites remain
Number of site groups found =     1

  Group  index  size  score     x       y       z     stdev
    1      1      2    1.58   65.81   52.70   53.61    0.50
Sites linked and merged:  Sunday, January 29 2023, at 13:55:38 IST
 Storing receptor data

Site-finding complete.
Number of sites to map/eval:  1

-- Mapping site  1 --
jobname: md1_crop413_acyl_site_1
all SiteMap grid files will be generated
 philic map specified
 phobic map specified
 donor map specified
 acceptor map specified
 metal-ligation map specified
 surface-display map specified
grid margin:     6.00
grid spacing:     0.70
non-bonded cutoff:    20.00
ligand/sitepoints file: 
protein coordinates/parameters file: 
output map/grid files will be written to the current directory
vis files will be written
protein charges will be modified to reduce formal charges and adjust donor/acceptor potentials
protein radii will be modified to allow closer approach to donor and acceptor heteroatoms
phobic areas will be modified to emphasize enclosed regions and to deemphasize exposed regions using alternative method
all input instructions read
 Getting site data
ligand xcm,ycm,zcm,xrange,yrange,zrange 65.807 52.696 53.613  1.000  0.000  0.000

 Reusing receptor data from site-finding stage.

Sitemap: electrostatic+vdw interaction energy
Map field of *enzyme* in region of *inhibitor*

computing site maps ...
grid lim (orig)  59.307  72.307  46.696  58.696  47.613  59.613
grid lim (adj)   59.157  72.457  46.396  58.996  47.313  59.913
grid point counts   20   19   19
total grid points    7220

 5675 receptor atoms read
grid: adjdip
number of grid points within emin, emax limits =     6362
 maximum grid value before cutoff =               -0.018
 minimum grid value before cutoff =   -553.943

philic and phobic grids formed
grid: surf
number of grid points within emin, emax limits =     1249
 maximum grid value before cutoff =         35915445.438
 minimum grid value before cutoff =     -2.810

grid: phil
number of grid points within emin, emax limits =     1557
 maximum grid value before cutoff =         35915395.438
 minimum grid value before cutoff =    -16.262

grid: phob
number of grid points within emin, emax limits =     1114
 maximum grid value before cutoff =         35915460.438
 minimum grid value before cutoff =     -2.353

mod_phobic: phobthresh, philthresh =  -0.250  -3.000
 maximum number of atoms in a sitebox =           8
 boxes, patoms in boxes, empty boxes =       10469        5675        8363
Average phobic potential changed from  -0.650 to  -0.304 for  333 grid points

number of phobic points =   869   average phobic score =   0.42
number of philic points =   688   average philic score =  -4.23

number of qualifying surf grid points =      216

number of qualifying phil grid points =      110

number of qualifying phob grid points =       10

number of qualifying accptr grid points =       19

number of qualifying donor grid points =       83

number of qualifying metal grid points =        0

visgrd volume surf                                                                            
visgrd author sitemap                                                                         
visgrd property name surf                                                                            
visgrd qualifying points   1368
visgrd default map values       1       1.00      2
visgrd number of dims    3
visgrd dimensions         20        19        19
visgrd axis scales      0.700     0.700     0.700

visgrd volume hydrophil                                                                       
visgrd author sitemap                                                                         
visgrd property name phil                                                                            
visgrd qualifying points    110
visgrd default map values       1      -8.00     10
visgrd number of dims    3
visgrd dimensions         20        19        19
visgrd axis scales      0.700     0.700     0.700

visgrd volume hydrophob                                                                       
visgrd author sitemap                                                                         
visgrd property name phob                                                                            
visgrd qualifying points     33
visgrd default map values       1      -0.50     13
visgrd number of dims    3
visgrd dimensions         20        19        19
visgrd axis scales      0.700     0.700     0.700

visgrd volume hbacceptor                                                                      
visgrd author sitemap                                                                         
visgrd property name accptr                                                                          
visgrd qualifying points     19
visgrd default map values       1      -8.00     16
visgrd number of dims    3
visgrd dimensions         20        19        19
visgrd axis scales      0.700     0.700     0.700

visgrd volume hbdonor                                                                         
visgrd author sitemap                                                                         
visgrd property name donor                                                                           
visgrd qualifying points     83
visgrd default map values       1      -8.00      5
visgrd number of dims    3
visgrd dimensions         20        19        19
visgrd axis scales      0.700     0.700     0.700

-- Evaluating site  1 --
Ligand/site-points file: 
Protein coordinates/parameters file: 
extend =   3
 Verbosity flags: F F F F F
all SiteMap grid files will be read
the protein charges will be modified to reduce formal charges and adjust donor/acceptor potentials
protein radii will be modified to allow closer approach to donor and acceptor heteroatoms
phobic areas emphasize enclosed regions and deemphasize exposed regions using alternative method
site-point set will be augmented by including significant nearby points
  threshold for adding phobic points:  -0.500
  threshold for adding philic points:  -8.000
base name for SiteMap grid files: 
 Reusing grid data
reusing site data
Number of protein atoms:    5675
 
phobic grid file reshaped
philic grid file reshaped
donor grid file reshaped
acceptor grid file reshaped
metal grid file reshaped
surf grid file reshaped
 maximum number of atoms in a sitebox =           8


Number of site points    2  first shell   12  higher shells   20   dirscore   0.772
1 vdw  -1.606   phob  -0.123   phil  -5.116   donor  -4.693   acceptor  -0.423   metal   0.000
2               phob  -0.072   phil  -4.478   donor  -0.085   acceptor  -4.393   metal   0.000

SiteScore size   Dscore  volume  exposure enclosure contact  phobic   philic   balance  don/acc
  0.496     6    0.248    51.79    0.842    0.772    1.239    0.501    1.366    0.367   11.094

-- Done with site  1 --

== End SiteMap calculation ==

Wrote 1 sites to "md1_crop413_acyl_out.maegz".

Current time: Sun Jan 29 13:55:39 2023
Elapsed time: 0:00:03.46
SiteMap successfully completed.

