--------------------------------------------------------------------------------
JobId          : X299-0-63d62181
Name           : md1_crop228_sph
Program        : SiteMap
Version        : 2021-4 build 135
Host           : X299
Dir            : /mnt/3a29b482-dac1-4563-be89-d63ad92354e9/cers_modelling/md_sampling_cers_models/charmm_gui_systems/cers2_10pc_chol/sitemaps
HostEntry      : localhost
JobHost        : X299
JobDir         : /scratch/tamir/md1_crop228_sph
JobSchrodinger : /opt/schrodinger2021-4
Commandline    : /opt/schrodinger2021-4/sitemap md1_crop228_sph.in
StartTime      : 2023-01-29-09:34:25
--------------------------------------------------------------------------------

== Begin input keywords ==
ADDPHIL  -8.0
ADDPHOB  -0.5
ADDSP  True
COMPRESS  True
CUTOFF  20.0
D2THRESH  3.1
DTHRESH  6.5
DVSCALE  2.5
ENCLOSURE  0.5
EXTEND  3
FAKE  False
FFIELD  OPLS_2005
GRID  0.7
KEEPELEC  False
KEEPVDW  False
KEEPVOLPTS  True
KMAX  3
KMAX2  5
MAPDIST  4.0
MARGIN  6.0
MAXDIST  8.0
MAXSITES  1
MAXVDW  1.1
MINGROUP  3
MODCHARGES  True
MODPHOBIC  3
NEARRES  3.5
NTHRESH  3
PROT  md1_crop228.mae
R2THRESH  4.1
REPORTSIZE  10
ROUND  False
RTHRESH  5.0
VERBOSITY  0
WRITEGRIDS  False
WRITEPOT  False
WRITESTRUCTS  True
WRITEVIS  True
XCENT  43.08800220489502
XRANGE  10.0
YCENT  42.5629997253418
YRANGE  10.0
ZCENT  65.15500068664551
ZRANGE  10.0
== End input keywords ==

== Begin single-receptor SiteMap calculation ==

-- Begin site search --
 Parameters for this calculation:
 sitecut =  0.500000000000000     
 sitescmin =   1.10000000000000     
 afactor =   1.00000000000000     
 bfactor =   1.00000000000000     
 imaxsite =           8
 ithresh =           3
 mingroup =           3
 kmax =           3
 kmax2 =           5
 r2thresh =   4.10000000000000     
 dvscale =   2.50000000000000     
 dvscnorm =   2.50000000000000     
 dvscbig =   2.50000000000000     
 border =   2.00000000000000     
 dthresh =   6.50000000000000     
 rthresh =   5.00000000000000     
 maxgroup =         100
 r2thresh =   4.10000000000000     
 nthresh =           3
 ndir =         110
 use_vdw = T
 repname = none
 repsize =          10
 maxrep =           1
 sitelis = sites.lis
 profile = none
 sitelig = none
 siteasl = none
 use_sitelig =  F
 sitebox =  -999.000000000000     
 writepdb =  F
 number of protein atoms =        5674
Starting findsites:  Sunday, January 29 2023, at 09:34:28 IST
ptypes obtained:  Sunday, January 29 2023, at 09:34:29 IST
lj parameters obtained:  Sunday, January 29 2023, at 09:34:29 IST
Basic parameters obtained:  Sunday, January 29 2023, at 09:34:29 IST
Receptor parameterization completed:  Sunday, January 29 2023, at 09:34:29 IST
 scaled value of sitecut =   55.0000000000000     
 sphere directions set up         110
Sunday, January 29 2023, at 09:34:29 IST
 FINDSITE will use user-specified box
Centroid of box:  43.088  42.563  65.155
 boundaries   38.0880022048950        48.0880022048950     
   37.5629997253418        47.5629997253418        60.1550006866455     
   70.1550006866455     
 box          10          10          10
 maximum number of atoms in a sitebox =           6
Site points found:  Sunday, January 29 2023, at 09:34:29 IST
 boxes, patoms in boxes, empty boxes =         125         207          43
 total, outside sites =        1000         248
Site points pruned:  Sunday, January 29 2023, at 09:34:29 IST
final goodsites =        13
         3 sites will be removed
        10 good sites remain
Number of site groups found =     1

  Group  index  size  score     x       y       z     stdev
    1      1     10    1.24   43.62   42.29   63.69    1.78
Sites linked and merged:  Sunday, January 29 2023, at 09:34:29 IST
 Storing receptor data

Site-finding complete.
Number of sites to map/eval:  1

-- Mapping site  1 --
jobname: md1_crop228_sph_site_1
all SiteMap grid files will be generated
 philic map specified
 phobic map specified
 donor map specified
 acceptor map specified
 metal-ligation map specified
 surface-display map specified
grid margin:     6.00
grid spacing:     0.70
non-bonded cutoff:    20.00
ligand/sitepoints file: 
protein coordinates/parameters file: 
output map/grid files will be written to the current directory
vis files will be written
protein charges will be modified to reduce formal charges and adjust donor/acceptor potentials
protein radii will be modified to allow closer approach to donor and acceptor heteroatoms
phobic areas will be modified to emphasize enclosed regions and to deemphasize exposed regions using alternative method
all input instructions read
 Getting site data
ligand xcm,ycm,zcm,xrange,yrange,zrange 44.088 42.563 63.655  4.000  2.000  3.000

 Reusing receptor data from site-finding stage.

Sitemap: electrostatic+vdw interaction energy
Map field of *enzyme* in region of *inhibitor*

computing site maps ...
grid lim (orig)  36.088  52.088  35.563  49.563  56.155  71.155
grid lim (adj)   36.038  52.138  35.213  49.913  55.955  71.355
grid point counts   24   22   23
total grid points   12144

 5674 receptor atoms read
grid: adjdip
number of grid points within emin, emax limits =    10926
 maximum grid value before cutoff =               -0.030
 minimum grid value before cutoff =   -518.940

philic and phobic grids formed
grid: surf
number of grid points within emin, emax limits =     2300
 maximum grid value before cutoff =         35883911.604
 minimum grid value before cutoff =     -2.764

grid: phil
number of grid points within emin, emax limits =     3355
 maximum grid value before cutoff =         35883861.604
 minimum grid value before cutoff =    -26.087

grid: phob
number of grid points within emin, emax limits =     2447
 maximum grid value before cutoff =         35883926.604
 minimum grid value before cutoff =     -1.953

mod_phobic: phobthresh, philthresh =  -0.250  -3.000
 maximum number of atoms in a sitebox =           9
 boxes, patoms in boxes, empty boxes =       10469        5674        8379
Average phobic potential changed from  -0.793 to  -0.443 for  944 grid points

number of phobic points =  1887   average phobic score =   0.57
number of philic points =  1468   average philic score =  -3.98

number of qualifying surf grid points =      435

number of qualifying phil grid points =      197

number of qualifying phob grid points =      138

number of qualifying accptr grid points =       78

number of qualifying donor grid points =      115

number of qualifying metal grid points =        0

visgrd volume surf                                                                            
visgrd author sitemap                                                                         
visgrd property name surf                                                                            
visgrd qualifying points   3063
visgrd default map values       1       1.00      2
visgrd number of dims    3
visgrd dimensions         24        22        23
visgrd axis scales      0.700     0.700     0.700

visgrd volume hydrophil                                                                       
visgrd author sitemap                                                                         
visgrd property name phil                                                                            
visgrd qualifying points    197
visgrd default map values       1      -8.00     10
visgrd number of dims    3
visgrd dimensions         24        22        23
visgrd axis scales      0.700     0.700     0.700

visgrd volume hydrophob                                                                       
visgrd author sitemap                                                                         
visgrd property name phob                                                                            
visgrd qualifying points    364
visgrd default map values       1      -0.50     13
visgrd number of dims    3
visgrd dimensions         24        22        23
visgrd axis scales      0.700     0.700     0.700

visgrd volume hbacceptor                                                                      
visgrd author sitemap                                                                         
visgrd property name accptr                                                                          
visgrd qualifying points     78
visgrd default map values       1      -8.00     16
visgrd number of dims    3
visgrd dimensions         24        22        23
visgrd axis scales      0.700     0.700     0.700

visgrd volume hbdonor                                                                         
visgrd author sitemap                                                                         
visgrd property name donor                                                                           
visgrd qualifying points    115
visgrd default map values       1      -8.00      5
visgrd number of dims    3
visgrd dimensions         24        22        23
visgrd axis scales      0.700     0.700     0.700

-- Evaluating site  1 --
Ligand/site-points file: 
Protein coordinates/parameters file: 
extend =   3
 Verbosity flags: F F F F F
all SiteMap grid files will be read
the protein charges will be modified to reduce formal charges and adjust donor/acceptor potentials
protein radii will be modified to allow closer approach to donor and acceptor heteroatoms
phobic areas emphasize enclosed regions and deemphasize exposed regions using alternative method
site-point set will be augmented by including significant nearby points
  threshold for adding phobic points:  -0.500
  threshold for adding philic points:  -8.000
base name for SiteMap grid files: 
 Reusing grid data
reusing site data
Number of protein atoms:    5674
 
phobic grid file reshaped
philic grid file reshaped
donor grid file reshaped
acceptor grid file reshaped
metal grid file reshaped
surf grid file reshaped
 maximum number of atoms in a sitebox =           9


Number of site points   10  first shell   31  higher shells   65   dirscore   0.828
1 vdw  -1.405   phob  -0.505   phil  -2.813   donor  -1.574   acceptor  -1.239   metal   0.000
2               phob  -0.302   phil  -2.349   donor  -1.016   acceptor  -1.333   metal   0.000

SiteScore size   Dscore  volume  exposure enclosure contact  phobic   philic   balance  don/acc
  0.873    40    0.846   157.44    0.706    0.828    1.084    2.097    0.751    2.791    1.270

-- Done with site  1 --

== End SiteMap calculation ==

Wrote 1 sites to "md1_crop228_sph_out.maegz".

Current time: Sun Jan 29 09:34:30 2023
Elapsed time: 0:00:04.11
SiteMap successfully completed.

