--------------------------------------------------------------------------------
JobId          : X299-1-63d620fa
Name           : md1_crop185_coa
Program        : SiteMap
Version        : 2021-4 build 135
Host           : X299
Dir            : /mnt/3a29b482-dac1-4563-be89-d63ad92354e9/cers_modelling/md_sampling_cers_models/charmm_gui_systems/cers2_10pc_chol/sitemaps
HostEntry      : localhost
JobHost        : X299
JobDir         : /scratch/tamir/md1_crop185_coa
JobSchrodinger : /opt/schrodinger2021-4
Commandline    : /opt/schrodinger2021-4/sitemap md1_crop185_coa.in
StartTime      : 2023-01-29-09:32:11
--------------------------------------------------------------------------------

== Begin input keywords ==
ADDPHIL  -8.0
ADDPHOB  -0.5
ADDSP  True
COMPRESS  True
CUTOFF  20.0
D2THRESH  3.1
DTHRESH  6.5
DVSCALE  2.5
ENCLOSURE  0.5
EXTEND  3
FAKE  False
FFIELD  OPLS_2005
GRID  0.7
KEEPELEC  False
KEEPVDW  False
KEEPVOLPTS  True
KMAX  3
KMAX2  5
MAPDIST  4.0
MARGIN  6.0
MAXDIST  8.0
MAXSITES  1
MAXVDW  1.1
MINGROUP  3
MODCHARGES  True
MODPHOBIC  3
NEARRES  3.5
NTHRESH  3
PROT  md1_crop185.mae
R2THRESH  4.1
REPORTSIZE  10
ROUND  False
RTHRESH  5.0
VERBOSITY  0
WRITEGRIDS  False
WRITEPOT  False
WRITESTRUCTS  True
WRITEVIS  True
XCENT  54.31699752807617
XRANGE  10.0
YCENT  44.242000579833984
YRANGE  10.0
ZCENT  75.48649787902832
ZRANGE  10.0
== End input keywords ==

== Begin single-receptor SiteMap calculation ==

-- Begin site search --
 Parameters for this calculation:
 sitecut =  0.500000000000000     
 sitescmin =   1.10000000000000     
 afactor =   1.00000000000000     
 bfactor =   1.00000000000000     
 imaxsite =           8
 ithresh =           3
 mingroup =           3
 kmax =           3
 kmax2 =           5
 r2thresh =   4.10000000000000     
 dvscale =   2.50000000000000     
 dvscnorm =   2.50000000000000     
 dvscbig =   2.50000000000000     
 border =   2.00000000000000     
 dthresh =   6.50000000000000     
 rthresh =   5.00000000000000     
 maxgroup =         100
 r2thresh =   4.10000000000000     
 nthresh =           3
 ndir =         110
 use_vdw = T
 repname = none
 repsize =          10
 maxrep =           1
 sitelis = sites.lis
 profile = none
 sitelig = none
 siteasl = none
 use_sitelig =  F
 sitebox =  -999.000000000000     
 writepdb =  F
 number of protein atoms =        5675
Starting findsites:  Sunday, January 29 2023, at 09:32:14 IST
ptypes obtained:  Sunday, January 29 2023, at 09:32:14 IST
lj parameters obtained:  Sunday, January 29 2023, at 09:32:14 IST
Basic parameters obtained:  Sunday, January 29 2023, at 09:32:14 IST
Receptor parameterization completed:  Sunday, January 29 2023, at 09:32:14 IST
 scaled value of sitecut =   55.0000000000000     
 sphere directions set up         110
Sunday, January 29 2023, at 09:32:14 IST
 FINDSITE will use user-specified box
Centroid of box:  54.317  44.242  75.486
 boundaries   49.3169975280762        59.3169975280762     
   39.2420005798340        49.2420005798340        70.4864978790283     
   80.4864978790283     
 box          10          10          10
 maximum number of atoms in a sitebox =           6
Site points found:  Sunday, January 29 2023, at 09:32:14 IST
 boxes, patoms in boxes, empty boxes =         125         255          32
 total, outside sites =        1000          94
Site points pruned:  Sunday, January 29 2023, at 09:32:14 IST
final goodsites =        26
         2 sites will be removed
        24 good sites remain
Number of site groups found =     1

  Group  index  size  score     x       y       z     stdev
    1      1     24    1.46   52.73   47.07   73.14    1.66
Sites linked and merged:  Sunday, January 29 2023, at 09:32:14 IST
 Storing receptor data

Site-finding complete.
Number of sites to map/eval:  1

-- Mapping site  1 --
jobname: md1_crop185_coa_site_1
all SiteMap grid files will be generated
 philic map specified
 phobic map specified
 donor map specified
 acceptor map specified
 metal-ligation map specified
 surface-display map specified
grid margin:     6.00
grid spacing:     0.70
non-bonded cutoff:    20.00
ligand/sitepoints file: 
protein coordinates/parameters file: 
output map/grid files will be written to the current directory
vis files will be written
protein charges will be modified to reduce formal charges and adjust donor/acceptor potentials
protein radii will be modified to allow closer approach to donor and acceptor heteroatoms
phobic areas will be modified to emphasize enclosed regions and to deemphasize exposed regions using alternative method
all input instructions read
 Getting site data
ligand xcm,ycm,zcm,xrange,yrange,zrange 53.317 47.242 73.486  4.000  2.000  4.000

 Reusing receptor data from site-finding stage.

Sitemap: electrostatic+vdw interaction energy
Map field of *enzyme* in region of *inhibitor*

computing site maps ...
grid lim (orig)  45.317  61.317  40.242  54.242  65.486  81.486
grid lim (adj)   45.267  61.367  39.892  54.592  65.436  81.536
grid point counts   24   22   24
total grid points   12672

 5675 receptor atoms read
grid: adjdip
number of grid points within emin, emax limits =    10369
 maximum grid value before cutoff =               -0.110
 minimum grid value before cutoff =   -642.102

philic and phobic grids formed
grid: surf
number of grid points within emin, emax limits =     2243
 maximum grid value before cutoff =         38551815.415
 minimum grid value before cutoff =     -2.662

grid: phil
number of grid points within emin, emax limits =     1818
 maximum grid value before cutoff =         38551765.415
 minimum grid value before cutoff =    -25.261

grid: phob
number of grid points within emin, emax limits =      771
 maximum grid value before cutoff =         38551830.415
 minimum grid value before cutoff =     -1.941

mod_phobic: phobthresh, philthresh =  -0.250  -3.000
 maximum number of atoms in a sitebox =           8
 boxes, patoms in boxes, empty boxes =       12789        5675       10704
Average phobic potential changed from  -0.738 to  -0.432 for  229 grid points

number of phobic points =   389   average phobic score =   0.70
number of philic points =  1429   average philic score =  -6.51

number of qualifying surf grid points =      330

number of qualifying phil grid points =      455

number of qualifying phob grid points =       26

number of qualifying accptr grid points =      206

number of qualifying donor grid points =      229

number of qualifying metal grid points =        0

visgrd volume surf                                                                            
visgrd author sitemap                                                                         
visgrd property name surf                                                                            
visgrd qualifying points   1361
visgrd default map values       1       1.00      2
visgrd number of dims    3
visgrd dimensions         24        22        24
visgrd axis scales      0.700     0.700     0.700

visgrd volume hydrophil                                                                       
visgrd author sitemap                                                                         
visgrd property name phil                                                                            
visgrd qualifying points    455
visgrd default map values       1      -8.00     10
visgrd number of dims    3
visgrd dimensions         24        22        24
visgrd axis scales      0.700     0.700     0.700

visgrd volume hydrophob                                                                       
visgrd author sitemap                                                                         
visgrd property name phob                                                                            
visgrd qualifying points     70
visgrd default map values       1      -0.50     13
visgrd number of dims    3
visgrd dimensions         24        22        24
visgrd axis scales      0.700     0.700     0.700

visgrd volume hbacceptor                                                                      
visgrd author sitemap                                                                         
visgrd property name accptr                                                                          
visgrd qualifying points    206
visgrd default map values       1      -8.00     16
visgrd number of dims    3
visgrd dimensions         24        22        24
visgrd axis scales      0.700     0.700     0.700

visgrd volume hbdonor                                                                         
visgrd author sitemap                                                                         
visgrd property name donor                                                                           
visgrd qualifying points    229
visgrd default map values       1      -8.00      5
visgrd number of dims    3
visgrd dimensions         24        22        24
visgrd axis scales      0.700     0.700     0.700

-- Evaluating site  1 --
Ligand/site-points file: 
Protein coordinates/parameters file: 
extend =   3
 Verbosity flags: F F F F F
all SiteMap grid files will be read
the protein charges will be modified to reduce formal charges and adjust donor/acceptor potentials
protein radii will be modified to allow closer approach to donor and acceptor heteroatoms
phobic areas emphasize enclosed regions and deemphasize exposed regions using alternative method
site-point set will be augmented by including significant nearby points
  threshold for adding phobic points:  -0.500
  threshold for adding philic points:  -8.000
base name for SiteMap grid files: 
 Reusing grid data
reusing site data
Number of protein atoms:    5675
 
phobic grid file reshaped
philic grid file reshaped
donor grid file reshaped
acceptor grid file reshaped
metal grid file reshaped
surf grid file reshaped
 maximum number of atoms in a sitebox =           8


Number of site points   24  first shell   35  higher shells   36   dirscore   0.920
1 vdw  -1.574   phob  -0.169   phil  -6.163   donor  -2.471   acceptor  -3.692   metal   0.000
2               phob  -0.040   phil  -5.974   donor  -3.078   acceptor  -2.896   metal   0.000

SiteScore size   Dscore  volume  exposure enclosure contact  phobic   philic   balance  don/acc
  0.928    49    0.673   142.00    0.592    0.920    1.215    0.276    1.646    0.168    0.669

-- Done with site  1 --

== End SiteMap calculation ==

Wrote 1 sites to "md1_crop185_coa_out.maegz".

Current time: Sun Jan 29 09:32:15 2023
Elapsed time: 0:00:03.74
SiteMap successfully completed.

